[2024-04-25T00:54:22.695+0000] {processor.py:156} INFO - Started process (PID=176) to work on /opt/airflow/dags/my_first_dag.py
[2024-04-25T00:54:22.696+0000] {processor.py:758} INFO - Processing file /opt/airflow/dags/my_first_dag.py for tasks to queue
[2024-04-25T00:54:22.696+0000] {logging_mixin.py:117} INFO - [2024-04-25T00:54:22.696+0000] {dagbag.py:525} INFO - Filling up the DagBag from /opt/airflow/dags/my_first_dag.py
[2024-04-25T00:54:22.750+0000] {processor.py:768} INFO - DAG(s) dict_keys(['my_first_dag']) retrieved from /opt/airflow/dags/my_first_dag.py
[2024-04-25T00:54:22.826+0000] {logging_mixin.py:117} INFO - [2024-04-25T00:54:22.826+0000] {dag.py:2573} INFO - Sync 1 DAGs
[2024-04-25T00:54:22.865+0000] {logging_mixin.py:117} INFO - [2024-04-25T00:54:22.864+0000] {dag.py:3328} INFO - Setting next_dagrun for my_first_dag to None, run_after=None
[2024-04-25T00:54:22.897+0000] {processor.py:178} INFO - Processing /opt/airflow/dags/my_first_dag.py took 0.205 seconds
[2024-04-25T00:54:53.813+0000] {processor.py:156} INFO - Started process (PID=385) to work on /opt/airflow/dags/my_first_dag.py
[2024-04-25T00:54:53.816+0000] {processor.py:758} INFO - Processing file /opt/airflow/dags/my_first_dag.py for tasks to queue
[2024-04-25T00:54:53.817+0000] {logging_mixin.py:117} INFO - [2024-04-25T00:54:53.817+0000] {dagbag.py:525} INFO - Filling up the DagBag from /opt/airflow/dags/my_first_dag.py
[2024-04-25T00:54:53.837+0000] {processor.py:768} INFO - DAG(s) dict_keys(['my_first_dag']) retrieved from /opt/airflow/dags/my_first_dag.py
[2024-04-25T00:54:53.886+0000] {logging_mixin.py:117} INFO - [2024-04-25T00:54:53.886+0000] {dag.py:2573} INFO - Sync 1 DAGs
[2024-04-25T00:54:53.918+0000] {logging_mixin.py:117} INFO - [2024-04-25T00:54:53.918+0000] {dag.py:3328} INFO - Setting next_dagrun for my_first_dag to None, run_after=None
[2024-04-25T00:54:53.942+0000] {processor.py:178} INFO - Processing /opt/airflow/dags/my_first_dag.py took 0.133 seconds
[2024-04-25T00:55:24.911+0000] {processor.py:156} INFO - Started process (PID=602) to work on /opt/airflow/dags/my_first_dag.py
[2024-04-25T00:55:24.912+0000] {processor.py:758} INFO - Processing file /opt/airflow/dags/my_first_dag.py for tasks to queue
[2024-04-25T00:55:24.913+0000] {logging_mixin.py:117} INFO - [2024-04-25T00:55:24.913+0000] {dagbag.py:525} INFO - Filling up the DagBag from /opt/airflow/dags/my_first_dag.py
[2024-04-25T00:55:24.927+0000] {processor.py:768} INFO - DAG(s) dict_keys(['my_first_dag']) retrieved from /opt/airflow/dags/my_first_dag.py
[2024-04-25T00:55:24.981+0000] {logging_mixin.py:117} INFO - [2024-04-25T00:55:24.981+0000] {dag.py:2573} INFO - Sync 1 DAGs
[2024-04-25T00:55:25.013+0000] {logging_mixin.py:117} INFO - [2024-04-25T00:55:25.013+0000] {dag.py:3328} INFO - Setting next_dagrun for my_first_dag to None, run_after=None
[2024-04-25T00:55:25.037+0000] {processor.py:178} INFO - Processing /opt/airflow/dags/my_first_dag.py took 0.128 seconds
[2024-04-25T00:55:55.879+0000] {processor.py:156} INFO - Started process (PID=821) to work on /opt/airflow/dags/my_first_dag.py
[2024-04-25T00:55:55.879+0000] {processor.py:758} INFO - Processing file /opt/airflow/dags/my_first_dag.py for tasks to queue
[2024-04-25T00:55:55.880+0000] {logging_mixin.py:117} INFO - [2024-04-25T00:55:55.880+0000] {dagbag.py:525} INFO - Filling up the DagBag from /opt/airflow/dags/my_first_dag.py
[2024-04-25T00:55:55.895+0000] {processor.py:768} INFO - DAG(s) dict_keys(['my_first_dag']) retrieved from /opt/airflow/dags/my_first_dag.py
[2024-04-25T00:55:55.941+0000] {logging_mixin.py:117} INFO - [2024-04-25T00:55:55.941+0000] {dag.py:2573} INFO - Sync 1 DAGs
[2024-04-25T00:55:55.971+0000] {logging_mixin.py:117} INFO - [2024-04-25T00:55:55.971+0000] {dag.py:3328} INFO - Setting next_dagrun for my_first_dag to None, run_after=None
[2024-04-25T00:55:56.001+0000] {processor.py:178} INFO - Processing /opt/airflow/dags/my_first_dag.py took 0.125 seconds
[2024-04-25T00:56:26.752+0000] {processor.py:156} INFO - Started process (PID=1029) to work on /opt/airflow/dags/my_first_dag.py
[2024-04-25T00:56:26.753+0000] {processor.py:758} INFO - Processing file /opt/airflow/dags/my_first_dag.py for tasks to queue
[2024-04-25T00:56:26.754+0000] {logging_mixin.py:117} INFO - [2024-04-25T00:56:26.754+0000] {dagbag.py:525} INFO - Filling up the DagBag from /opt/airflow/dags/my_first_dag.py
[2024-04-25T00:56:26.769+0000] {processor.py:768} INFO - DAG(s) dict_keys(['my_first_dag']) retrieved from /opt/airflow/dags/my_first_dag.py
[2024-04-25T00:56:26.813+0000] {logging_mixin.py:117} INFO - [2024-04-25T00:56:26.813+0000] {dag.py:2573} INFO - Sync 1 DAGs
[2024-04-25T00:56:26.845+0000] {logging_mixin.py:117} INFO - [2024-04-25T00:56:26.845+0000] {dag.py:3328} INFO - Setting next_dagrun for my_first_dag to None, run_after=None
[2024-04-25T00:56:26.873+0000] {processor.py:178} INFO - Processing /opt/airflow/dags/my_first_dag.py took 0.124 seconds
[2024-04-25T00:56:57.624+0000] {processor.py:156} INFO - Started process (PID=1246) to work on /opt/airflow/dags/my_first_dag.py
[2024-04-25T00:56:57.625+0000] {processor.py:758} INFO - Processing file /opt/airflow/dags/my_first_dag.py for tasks to queue
[2024-04-25T00:56:57.626+0000] {logging_mixin.py:117} INFO - [2024-04-25T00:56:57.626+0000] {dagbag.py:525} INFO - Filling up the DagBag from /opt/airflow/dags/my_first_dag.py
[2024-04-25T00:56:57.641+0000] {processor.py:768} INFO - DAG(s) dict_keys(['my_first_dag']) retrieved from /opt/airflow/dags/my_first_dag.py
[2024-04-25T00:56:57.689+0000] {logging_mixin.py:117} INFO - [2024-04-25T00:56:57.689+0000] {dag.py:2573} INFO - Sync 1 DAGs
[2024-04-25T00:56:57.723+0000] {logging_mixin.py:117} INFO - [2024-04-25T00:56:57.723+0000] {dag.py:3328} INFO - Setting next_dagrun for my_first_dag to None, run_after=None
[2024-04-25T00:56:57.897+0000] {processor.py:178} INFO - Processing /opt/airflow/dags/my_first_dag.py took 0.276 seconds
[2024-04-25T00:57:28.716+0000] {processor.py:156} INFO - Started process (PID=1463) to work on /opt/airflow/dags/my_first_dag.py
[2024-04-25T00:57:28.717+0000] {processor.py:758} INFO - Processing file /opt/airflow/dags/my_first_dag.py for tasks to queue
[2024-04-25T00:57:28.718+0000] {logging_mixin.py:117} INFO - [2024-04-25T00:57:28.718+0000] {dagbag.py:525} INFO - Filling up the DagBag from /opt/airflow/dags/my_first_dag.py
[2024-04-25T00:57:28.732+0000] {processor.py:768} INFO - DAG(s) dict_keys(['my_first_dag']) retrieved from /opt/airflow/dags/my_first_dag.py
[2024-04-25T00:57:28.775+0000] {logging_mixin.py:117} INFO - [2024-04-25T00:57:28.775+0000] {dag.py:2573} INFO - Sync 1 DAGs
[2024-04-25T00:57:28.946+0000] {logging_mixin.py:117} INFO - [2024-04-25T00:57:28.946+0000] {dag.py:3328} INFO - Setting next_dagrun for my_first_dag to None, run_after=None
[2024-04-25T00:57:28.974+0000] {processor.py:178} INFO - Processing /opt/airflow/dags/my_first_dag.py took 0.266 seconds
[2024-04-25T00:57:59.112+0000] {processor.py:156} INFO - Started process (PID=1671) to work on /opt/airflow/dags/my_first_dag.py
[2024-04-25T00:57:59.112+0000] {processor.py:758} INFO - Processing file /opt/airflow/dags/my_first_dag.py for tasks to queue
[2024-04-25T00:57:59.113+0000] {logging_mixin.py:117} INFO - [2024-04-25T00:57:59.113+0000] {dagbag.py:525} INFO - Filling up the DagBag from /opt/airflow/dags/my_first_dag.py
[2024-04-25T00:57:59.127+0000] {processor.py:768} INFO - DAG(s) dict_keys(['my_first_dag']) retrieved from /opt/airflow/dags/my_first_dag.py
[2024-04-25T00:57:59.351+0000] {logging_mixin.py:117} INFO - [2024-04-25T00:57:59.351+0000] {dag.py:2573} INFO - Sync 1 DAGs
[2024-04-25T00:57:59.379+0000] {logging_mixin.py:117} INFO - [2024-04-25T00:57:59.379+0000] {dag.py:3328} INFO - Setting next_dagrun for my_first_dag to None, run_after=None
[2024-04-25T00:57:59.403+0000] {processor.py:178} INFO - Processing /opt/airflow/dags/my_first_dag.py took 0.295 seconds
[2024-04-25T00:58:29.541+0000] {processor.py:156} INFO - Started process (PID=1889) to work on /opt/airflow/dags/my_first_dag.py
[2024-04-25T00:58:29.542+0000] {processor.py:758} INFO - Processing file /opt/airflow/dags/my_first_dag.py for tasks to queue
[2024-04-25T00:58:29.543+0000] {logging_mixin.py:117} INFO - [2024-04-25T00:58:29.543+0000] {dagbag.py:525} INFO - Filling up the DagBag from /opt/airflow/dags/my_first_dag.py
[2024-04-25T00:58:29.557+0000] {processor.py:768} INFO - DAG(s) dict_keys(['my_first_dag']) retrieved from /opt/airflow/dags/my_first_dag.py
[2024-04-25T00:58:29.744+0000] {logging_mixin.py:117} INFO - [2024-04-25T00:58:29.744+0000] {dag.py:2573} INFO - Sync 1 DAGs
[2024-04-25T00:58:29.773+0000] {logging_mixin.py:117} INFO - [2024-04-25T00:58:29.772+0000] {dag.py:3328} INFO - Setting next_dagrun for my_first_dag to None, run_after=None
[2024-04-25T00:58:29.798+0000] {processor.py:178} INFO - Processing /opt/airflow/dags/my_first_dag.py took 0.260 seconds
[2024-04-25T00:59:00.054+0000] {processor.py:156} INFO - Started process (PID=2097) to work on /opt/airflow/dags/my_first_dag.py
[2024-04-25T00:59:00.055+0000] {processor.py:758} INFO - Processing file /opt/airflow/dags/my_first_dag.py for tasks to queue
[2024-04-25T00:59:00.056+0000] {logging_mixin.py:117} INFO - [2024-04-25T00:59:00.056+0000] {dagbag.py:525} INFO - Filling up the DagBag from /opt/airflow/dags/my_first_dag.py
[2024-04-25T00:59:00.230+0000] {processor.py:768} INFO - DAG(s) dict_keys(['my_first_dag']) retrieved from /opt/airflow/dags/my_first_dag.py
[2024-04-25T00:59:00.271+0000] {logging_mixin.py:117} INFO - [2024-04-25T00:59:00.271+0000] {dag.py:2573} INFO - Sync 1 DAGs
[2024-04-25T00:59:00.303+0000] {logging_mixin.py:117} INFO - [2024-04-25T00:59:00.303+0000] {dag.py:3328} INFO - Setting next_dagrun for my_first_dag to None, run_after=None
[2024-04-25T00:59:00.333+0000] {processor.py:178} INFO - Processing /opt/airflow/dags/my_first_dag.py took 0.283 seconds
[2024-04-25T00:59:31.124+0000] {processor.py:156} INFO - Started process (PID=2316) to work on /opt/airflow/dags/my_first_dag.py
[2024-04-25T00:59:31.124+0000] {processor.py:758} INFO - Processing file /opt/airflow/dags/my_first_dag.py for tasks to queue
[2024-04-25T00:59:31.125+0000] {logging_mixin.py:117} INFO - [2024-04-25T00:59:31.125+0000] {dagbag.py:525} INFO - Filling up the DagBag from /opt/airflow/dags/my_first_dag.py
[2024-04-25T00:59:31.139+0000] {processor.py:768} INFO - DAG(s) dict_keys(['my_first_dag']) retrieved from /opt/airflow/dags/my_first_dag.py
[2024-04-25T00:59:31.186+0000] {logging_mixin.py:117} INFO - [2024-04-25T00:59:31.186+0000] {dag.py:2573} INFO - Sync 1 DAGs
[2024-04-25T00:59:31.361+0000] {logging_mixin.py:117} INFO - [2024-04-25T00:59:31.361+0000] {dag.py:3328} INFO - Setting next_dagrun for my_first_dag to None, run_after=None
[2024-04-25T00:59:31.385+0000] {processor.py:178} INFO - Processing /opt/airflow/dags/my_first_dag.py took 0.264 seconds
[2024-04-25T01:00:01.557+0000] {processor.py:156} INFO - Started process (PID=2533) to work on /opt/airflow/dags/my_first_dag.py
[2024-04-25T01:00:01.558+0000] {processor.py:758} INFO - Processing file /opt/airflow/dags/my_first_dag.py for tasks to queue
[2024-04-25T01:00:01.558+0000] {logging_mixin.py:117} INFO - [2024-04-25T01:00:01.558+0000] {dagbag.py:525} INFO - Filling up the DagBag from /opt/airflow/dags/my_first_dag.py
[2024-04-25T01:00:01.573+0000] {processor.py:768} INFO - DAG(s) dict_keys(['my_first_dag']) retrieved from /opt/airflow/dags/my_first_dag.py
[2024-04-25T01:00:01.761+0000] {logging_mixin.py:117} INFO - [2024-04-25T01:00:01.761+0000] {dag.py:2573} INFO - Sync 1 DAGs
[2024-04-25T01:00:01.790+0000] {logging_mixin.py:117} INFO - [2024-04-25T01:00:01.790+0000] {dag.py:3328} INFO - Setting next_dagrun for my_first_dag to None, run_after=None
[2024-04-25T01:00:01.817+0000] {processor.py:178} INFO - Processing /opt/airflow/dags/my_first_dag.py took 0.264 seconds
[2024-04-25T01:00:32.609+0000] {processor.py:156} INFO - Started process (PID=2742) to work on /opt/airflow/dags/my_first_dag.py
[2024-04-25T01:00:32.610+0000] {processor.py:758} INFO - Processing file /opt/airflow/dags/my_first_dag.py for tasks to queue
[2024-04-25T01:00:32.610+0000] {logging_mixin.py:117} INFO - [2024-04-25T01:00:32.610+0000] {dagbag.py:525} INFO - Filling up the DagBag from /opt/airflow/dags/my_first_dag.py
[2024-04-25T01:00:32.625+0000] {processor.py:768} INFO - DAG(s) dict_keys(['my_first_dag']) retrieved from /opt/airflow/dags/my_first_dag.py
[2024-04-25T01:00:32.875+0000] {logging_mixin.py:117} INFO - [2024-04-25T01:00:32.875+0000] {dag.py:2573} INFO - Sync 1 DAGs
[2024-04-25T01:00:32.902+0000] {logging_mixin.py:117} INFO - [2024-04-25T01:00:32.901+0000] {dag.py:3328} INFO - Setting next_dagrun for my_first_dag to None, run_after=None
[2024-04-25T01:00:32.925+0000] {processor.py:178} INFO - Processing /opt/airflow/dags/my_first_dag.py took 0.319 seconds
[2024-04-25T01:01:03.036+0000] {processor.py:156} INFO - Started process (PID=2960) to work on /opt/airflow/dags/my_first_dag.py
[2024-04-25T01:01:03.037+0000] {processor.py:758} INFO - Processing file /opt/airflow/dags/my_first_dag.py for tasks to queue
[2024-04-25T01:01:03.038+0000] {logging_mixin.py:117} INFO - [2024-04-25T01:01:03.037+0000] {dagbag.py:525} INFO - Filling up the DagBag from /opt/airflow/dags/my_first_dag.py
[2024-04-25T01:01:03.196+0000] {processor.py:768} INFO - DAG(s) dict_keys(['my_first_dag']) retrieved from /opt/airflow/dags/my_first_dag.py
[2024-04-25T01:01:03.232+0000] {logging_mixin.py:117} INFO - [2024-04-25T01:01:03.232+0000] {dag.py:2573} INFO - Sync 1 DAGs
[2024-04-25T01:01:03.266+0000] {logging_mixin.py:117} INFO - [2024-04-25T01:01:03.266+0000] {dag.py:3328} INFO - Setting next_dagrun for my_first_dag to None, run_after=None
[2024-04-25T01:01:03.290+0000] {processor.py:178} INFO - Processing /opt/airflow/dags/my_first_dag.py took 0.257 seconds
[2024-04-25T01:01:34.222+0000] {processor.py:156} INFO - Started process (PID=3178) to work on /opt/airflow/dags/my_first_dag.py
[2024-04-25T01:01:34.222+0000] {processor.py:758} INFO - Processing file /opt/airflow/dags/my_first_dag.py for tasks to queue
[2024-04-25T01:01:34.223+0000] {logging_mixin.py:117} INFO - [2024-04-25T01:01:34.223+0000] {dagbag.py:525} INFO - Filling up the DagBag from /opt/airflow/dags/my_first_dag.py
[2024-04-25T01:01:34.238+0000] {processor.py:768} INFO - DAG(s) dict_keys(['my_first_dag']) retrieved from /opt/airflow/dags/my_first_dag.py
[2024-04-25T01:01:34.281+0000] {logging_mixin.py:117} INFO - [2024-04-25T01:01:34.281+0000] {dag.py:2573} INFO - Sync 1 DAGs
[2024-04-25T01:01:34.452+0000] {logging_mixin.py:117} INFO - [2024-04-25T01:01:34.451+0000] {dag.py:3328} INFO - Setting next_dagrun for my_first_dag to None, run_after=None
[2024-04-25T01:01:34.474+0000] {processor.py:178} INFO - Processing /opt/airflow/dags/my_first_dag.py took 0.256 seconds
[2024-04-25T01:02:05.425+0000] {processor.py:156} INFO - Started process (PID=3387) to work on /opt/airflow/dags/my_first_dag.py
[2024-04-25T01:02:05.426+0000] {processor.py:758} INFO - Processing file /opt/airflow/dags/my_first_dag.py for tasks to queue
[2024-04-25T01:02:05.430+0000] {logging_mixin.py:117} INFO - [2024-04-25T01:02:05.428+0000] {dagbag.py:525} INFO - Filling up the DagBag from /opt/airflow/dags/my_first_dag.py
[2024-04-25T01:02:05.444+0000] {processor.py:768} INFO - DAG(s) dict_keys(['my_first_dag']) retrieved from /opt/airflow/dags/my_first_dag.py
[2024-04-25T01:02:05.490+0000] {logging_mixin.py:117} INFO - [2024-04-25T01:02:05.490+0000] {dag.py:2573} INFO - Sync 1 DAGs
[2024-04-25T01:02:05.663+0000] {logging_mixin.py:117} INFO - [2024-04-25T01:02:05.662+0000] {dag.py:3328} INFO - Setting next_dagrun for my_first_dag to None, run_after=None
[2024-04-25T01:02:05.693+0000] {processor.py:178} INFO - Processing /opt/airflow/dags/my_first_dag.py took 0.272 seconds
[2024-04-25T01:02:35.857+0000] {processor.py:156} INFO - Started process (PID=3602) to work on /opt/airflow/dags/my_first_dag.py
[2024-04-25T01:02:35.858+0000] {processor.py:758} INFO - Processing file /opt/airflow/dags/my_first_dag.py for tasks to queue
[2024-04-25T01:02:35.858+0000] {logging_mixin.py:117} INFO - [2024-04-25T01:02:35.858+0000] {dagbag.py:525} INFO - Filling up the DagBag from /opt/airflow/dags/my_first_dag.py
[2024-04-25T01:02:35.873+0000] {processor.py:768} INFO - DAG(s) dict_keys(['my_first_dag']) retrieved from /opt/airflow/dags/my_first_dag.py
[2024-04-25T01:02:36.079+0000] {logging_mixin.py:117} INFO - [2024-04-25T01:02:36.079+0000] {dag.py:2573} INFO - Sync 1 DAGs
[2024-04-25T01:02:36.126+0000] {logging_mixin.py:117} INFO - [2024-04-25T01:02:36.126+0000] {dag.py:3328} INFO - Setting next_dagrun for my_first_dag to None, run_after=None
[2024-04-25T01:02:36.151+0000] {processor.py:178} INFO - Processing /opt/airflow/dags/my_first_dag.py took 0.298 seconds
[2024-04-25T01:03:06.294+0000] {processor.py:156} INFO - Started process (PID=3821) to work on /opt/airflow/dags/my_first_dag.py
[2024-04-25T01:03:06.295+0000] {processor.py:758} INFO - Processing file /opt/airflow/dags/my_first_dag.py for tasks to queue
[2024-04-25T01:03:06.296+0000] {logging_mixin.py:117} INFO - [2024-04-25T01:03:06.296+0000] {dagbag.py:525} INFO - Filling up the DagBag from /opt/airflow/dags/my_first_dag.py
[2024-04-25T01:03:06.325+0000] {processor.py:768} INFO - DAG(s) dict_keys(['my_first_dag']) retrieved from /opt/airflow/dags/my_first_dag.py
[2024-04-25T01:03:06.697+0000] {logging_mixin.py:117} INFO - [2024-04-25T01:03:06.697+0000] {dag.py:2573} INFO - Sync 1 DAGs
[2024-04-25T01:03:06.733+0000] {logging_mixin.py:117} INFO - [2024-04-25T01:03:06.733+0000] {dag.py:3328} INFO - Setting next_dagrun for my_first_dag to None, run_after=None
[2024-04-25T01:03:06.773+0000] {processor.py:178} INFO - Processing /opt/airflow/dags/my_first_dag.py took 0.483 seconds
[2024-04-25T01:03:37.184+0000] {processor.py:156} INFO - Started process (PID=4031) to work on /opt/airflow/dags/my_first_dag.py
[2024-04-25T01:03:37.185+0000] {processor.py:758} INFO - Processing file /opt/airflow/dags/my_first_dag.py for tasks to queue
[2024-04-25T01:03:37.185+0000] {logging_mixin.py:117} INFO - [2024-04-25T01:03:37.185+0000] {dagbag.py:525} INFO - Filling up the DagBag from /opt/airflow/dags/my_first_dag.py
[2024-04-25T01:03:37.197+0000] {processor.py:768} INFO - DAG(s) dict_keys(['my_first_dag']) retrieved from /opt/airflow/dags/my_first_dag.py
[2024-04-25T01:03:37.234+0000] {logging_mixin.py:117} INFO - [2024-04-25T01:03:37.234+0000] {dag.py:2573} INFO - Sync 1 DAGs
[2024-04-25T01:03:37.266+0000] {logging_mixin.py:117} INFO - [2024-04-25T01:03:37.265+0000] {dag.py:3328} INFO - Setting next_dagrun for my_first_dag to None, run_after=None
[2024-04-25T01:03:37.295+0000] {processor.py:178} INFO - Processing /opt/airflow/dags/my_first_dag.py took 0.265 seconds
[2024-04-25T01:04:08.147+0000] {processor.py:156} INFO - Started process (PID=4247) to work on /opt/airflow/dags/my_first_dag.py
[2024-04-25T01:04:08.148+0000] {processor.py:758} INFO - Processing file /opt/airflow/dags/my_first_dag.py for tasks to queue
[2024-04-25T01:04:08.158+0000] {logging_mixin.py:117} INFO - [2024-04-25T01:04:08.158+0000] {dagbag.py:525} INFO - Filling up the DagBag from /opt/airflow/dags/my_first_dag.py
[2024-04-25T01:04:08.198+0000] {processor.py:768} INFO - DAG(s) dict_keys(['my_first_dag']) retrieved from /opt/airflow/dags/my_first_dag.py
[2024-04-25T01:04:08.307+0000] {logging_mixin.py:117} INFO - [2024-04-25T01:04:08.307+0000] {dag.py:2573} INFO - Sync 1 DAGs
[2024-04-25T01:04:08.366+0000] {logging_mixin.py:117} INFO - [2024-04-25T01:04:08.366+0000] {dag.py:3328} INFO - Setting next_dagrun for my_first_dag to None, run_after=None
[2024-04-25T01:04:08.498+0000] {processor.py:178} INFO - Processing /opt/airflow/dags/my_first_dag.py took 0.359 seconds
[2024-04-25T01:04:38.586+0000] {processor.py:156} INFO - Started process (PID=4467) to work on /opt/airflow/dags/my_first_dag.py
[2024-04-25T01:04:38.587+0000] {processor.py:758} INFO - Processing file /opt/airflow/dags/my_first_dag.py for tasks to queue
[2024-04-25T01:04:38.588+0000] {logging_mixin.py:117} INFO - [2024-04-25T01:04:38.588+0000] {dagbag.py:525} INFO - Filling up the DagBag from /opt/airflow/dags/my_first_dag.py
[2024-04-25T01:04:38.603+0000] {processor.py:768} INFO - DAG(s) dict_keys(['my_first_dag']) retrieved from /opt/airflow/dags/my_first_dag.py
[2024-04-25T01:04:38.656+0000] {logging_mixin.py:117} INFO - [2024-04-25T01:04:38.656+0000] {dag.py:2573} INFO - Sync 1 DAGs
[2024-04-25T01:04:38.689+0000] {logging_mixin.py:117} INFO - [2024-04-25T01:04:38.689+0000] {dag.py:3328} INFO - Setting next_dagrun for my_first_dag to None, run_after=None
[2024-04-25T01:04:38.713+0000] {processor.py:178} INFO - Processing /opt/airflow/dags/my_first_dag.py took 0.131 seconds
[2024-04-25T01:05:09.173+0000] {processor.py:156} INFO - Started process (PID=4676) to work on /opt/airflow/dags/my_first_dag.py
[2024-04-25T01:05:09.174+0000] {processor.py:758} INFO - Processing file /opt/airflow/dags/my_first_dag.py for tasks to queue
[2024-04-25T01:05:09.175+0000] {logging_mixin.py:117} INFO - [2024-04-25T01:05:09.174+0000] {dagbag.py:525} INFO - Filling up the DagBag from /opt/airflow/dags/my_first_dag.py
[2024-04-25T01:05:09.190+0000] {processor.py:768} INFO - DAG(s) dict_keys(['my_first_dag']) retrieved from /opt/airflow/dags/my_first_dag.py
[2024-04-25T01:05:09.236+0000] {logging_mixin.py:117} INFO - [2024-04-25T01:05:09.236+0000] {dag.py:2573} INFO - Sync 1 DAGs
[2024-04-25T01:05:09.267+0000] {logging_mixin.py:117} INFO - [2024-04-25T01:05:09.267+0000] {dag.py:3328} INFO - Setting next_dagrun for my_first_dag to None, run_after=None
[2024-04-25T01:05:09.296+0000] {processor.py:178} INFO - Processing /opt/airflow/dags/my_first_dag.py took 0.126 seconds
[2024-04-25T01:05:39.815+0000] {processor.py:156} INFO - Started process (PID=4894) to work on /opt/airflow/dags/my_first_dag.py
[2024-04-25T01:05:39.819+0000] {processor.py:758} INFO - Processing file /opt/airflow/dags/my_first_dag.py for tasks to queue
[2024-04-25T01:05:39.821+0000] {logging_mixin.py:117} INFO - [2024-04-25T01:05:39.821+0000] {dagbag.py:525} INFO - Filling up the DagBag from /opt/airflow/dags/my_first_dag.py
[2024-04-25T01:05:39.835+0000] {processor.py:768} INFO - DAG(s) dict_keys(['my_first_dag']) retrieved from /opt/airflow/dags/my_first_dag.py
[2024-04-25T01:05:39.877+0000] {logging_mixin.py:117} INFO - [2024-04-25T01:05:39.876+0000] {dag.py:2573} INFO - Sync 1 DAGs
[2024-04-25T01:05:39.909+0000] {logging_mixin.py:117} INFO - [2024-04-25T01:05:39.908+0000] {dag.py:3328} INFO - Setting next_dagrun for my_first_dag to None, run_after=None
[2024-04-25T01:05:39.937+0000] {processor.py:178} INFO - Processing /opt/airflow/dags/my_first_dag.py took 0.124 seconds
[2024-04-25T01:06:10.072+0000] {processor.py:156} INFO - Started process (PID=5109) to work on /opt/airflow/dags/my_first_dag.py
[2024-04-25T01:06:10.077+0000] {processor.py:758} INFO - Processing file /opt/airflow/dags/my_first_dag.py for tasks to queue
[2024-04-25T01:06:10.083+0000] {logging_mixin.py:117} INFO - [2024-04-25T01:06:10.081+0000] {dagbag.py:525} INFO - Filling up the DagBag from /opt/airflow/dags/my_first_dag.py
[2024-04-25T01:06:10.126+0000] {processor.py:768} INFO - DAG(s) dict_keys(['my_first_dag']) retrieved from /opt/airflow/dags/my_first_dag.py
[2024-04-25T01:06:10.268+0000] {logging_mixin.py:117} INFO - [2024-04-25T01:06:10.268+0000] {dag.py:2573} INFO - Sync 1 DAGs
[2024-04-25T01:06:10.330+0000] {logging_mixin.py:117} INFO - [2024-04-25T01:06:10.330+0000] {dag.py:3328} INFO - Setting next_dagrun for my_first_dag to None, run_after=None
[2024-04-25T01:06:10.414+0000] {processor.py:178} INFO - Processing /opt/airflow/dags/my_first_dag.py took 0.345 seconds
[2024-04-25T01:06:41.447+0000] {processor.py:156} INFO - Started process (PID=5319) to work on /opt/airflow/dags/my_first_dag.py
[2024-04-25T01:06:41.448+0000] {processor.py:758} INFO - Processing file /opt/airflow/dags/my_first_dag.py for tasks to queue
[2024-04-25T01:06:41.448+0000] {logging_mixin.py:117} INFO - [2024-04-25T01:06:41.448+0000] {dagbag.py:525} INFO - Filling up the DagBag from /opt/airflow/dags/my_first_dag.py
[2024-04-25T01:06:41.463+0000] {processor.py:768} INFO - DAG(s) dict_keys(['my_first_dag']) retrieved from /opt/airflow/dags/my_first_dag.py
[2024-04-25T01:06:41.513+0000] {logging_mixin.py:117} INFO - [2024-04-25T01:06:41.513+0000] {dag.py:2573} INFO - Sync 1 DAGs
[2024-04-25T01:06:41.542+0000] {logging_mixin.py:117} INFO - [2024-04-25T01:06:41.542+0000] {dag.py:3328} INFO - Setting next_dagrun for my_first_dag to None, run_after=None
[2024-04-25T01:06:41.564+0000] {processor.py:178} INFO - Processing /opt/airflow/dags/my_first_dag.py took 0.120 seconds
[2024-04-25T01:07:12.307+0000] {processor.py:156} INFO - Started process (PID=5537) to work on /opt/airflow/dags/my_first_dag.py
[2024-04-25T01:07:12.308+0000] {processor.py:758} INFO - Processing file /opt/airflow/dags/my_first_dag.py for tasks to queue
[2024-04-25T01:07:12.308+0000] {logging_mixin.py:117} INFO - [2024-04-25T01:07:12.308+0000] {dagbag.py:525} INFO - Filling up the DagBag from /opt/airflow/dags/my_first_dag.py
[2024-04-25T01:07:12.323+0000] {processor.py:768} INFO - DAG(s) dict_keys(['my_first_dag']) retrieved from /opt/airflow/dags/my_first_dag.py
[2024-04-25T01:07:12.365+0000] {logging_mixin.py:117} INFO - [2024-04-25T01:07:12.365+0000] {dag.py:2573} INFO - Sync 1 DAGs
[2024-04-25T01:07:12.396+0000] {logging_mixin.py:117} INFO - [2024-04-25T01:07:12.396+0000] {dag.py:3328} INFO - Setting next_dagrun for my_first_dag to None, run_after=None
[2024-04-25T01:07:12.431+0000] {processor.py:178} INFO - Processing /opt/airflow/dags/my_first_dag.py took 0.127 seconds
[2024-04-25T01:07:43.252+0000] {processor.py:156} INFO - Started process (PID=5757) to work on /opt/airflow/dags/my_first_dag.py
[2024-04-25T01:07:43.253+0000] {processor.py:758} INFO - Processing file /opt/airflow/dags/my_first_dag.py for tasks to queue
[2024-04-25T01:07:43.254+0000] {logging_mixin.py:117} INFO - [2024-04-25T01:07:43.254+0000] {dagbag.py:525} INFO - Filling up the DagBag from /opt/airflow/dags/my_first_dag.py
[2024-04-25T01:07:43.269+0000] {processor.py:768} INFO - DAG(s) dict_keys(['my_first_dag']) retrieved from /opt/airflow/dags/my_first_dag.py
[2024-04-25T01:07:43.316+0000] {logging_mixin.py:117} INFO - [2024-04-25T01:07:43.316+0000] {dag.py:2573} INFO - Sync 1 DAGs
[2024-04-25T01:07:43.347+0000] {logging_mixin.py:117} INFO - [2024-04-25T01:07:43.347+0000] {dag.py:3328} INFO - Setting next_dagrun for my_first_dag to None, run_after=None
[2024-04-25T01:07:43.371+0000] {processor.py:178} INFO - Processing /opt/airflow/dags/my_first_dag.py took 0.122 seconds
[2024-04-25T01:08:13.783+0000] {processor.py:156} INFO - Started process (PID=5967) to work on /opt/airflow/dags/my_first_dag.py
[2024-04-25T01:08:13.784+0000] {processor.py:758} INFO - Processing file /opt/airflow/dags/my_first_dag.py for tasks to queue
[2024-04-25T01:08:13.784+0000] {logging_mixin.py:117} INFO - [2024-04-25T01:08:13.784+0000] {dagbag.py:525} INFO - Filling up the DagBag from /opt/airflow/dags/my_first_dag.py
[2024-04-25T01:08:13.799+0000] {processor.py:768} INFO - DAG(s) dict_keys(['my_first_dag']) retrieved from /opt/airflow/dags/my_first_dag.py
[2024-04-25T01:08:13.866+0000] {logging_mixin.py:117} INFO - [2024-04-25T01:08:13.866+0000] {dag.py:2573} INFO - Sync 1 DAGs
[2024-04-25T01:08:13.894+0000] {logging_mixin.py:117} INFO - [2024-04-25T01:08:13.894+0000] {dag.py:3328} INFO - Setting next_dagrun for my_first_dag to None, run_after=None
[2024-04-25T01:08:13.916+0000] {processor.py:178} INFO - Processing /opt/airflow/dags/my_first_dag.py took 0.136 seconds
[2024-04-25T01:08:43.987+0000] {processor.py:156} INFO - Started process (PID=6186) to work on /opt/airflow/dags/my_first_dag.py
[2024-04-25T01:08:43.987+0000] {processor.py:758} INFO - Processing file /opt/airflow/dags/my_first_dag.py for tasks to queue
[2024-04-25T01:08:43.988+0000] {logging_mixin.py:117} INFO - [2024-04-25T01:08:43.988+0000] {dagbag.py:525} INFO - Filling up the DagBag from /opt/airflow/dags/my_first_dag.py
[2024-04-25T01:08:44.003+0000] {processor.py:768} INFO - DAG(s) dict_keys(['my_first_dag']) retrieved from /opt/airflow/dags/my_first_dag.py
[2024-04-25T01:08:44.049+0000] {logging_mixin.py:117} INFO - [2024-04-25T01:08:44.049+0000] {dag.py:2573} INFO - Sync 1 DAGs
[2024-04-25T01:08:44.079+0000] {logging_mixin.py:117} INFO - [2024-04-25T01:08:44.079+0000] {dag.py:3328} INFO - Setting next_dagrun for my_first_dag to None, run_after=None
[2024-04-25T01:08:44.104+0000] {processor.py:178} INFO - Processing /opt/airflow/dags/my_first_dag.py took 0.120 seconds
[2024-04-25T01:09:14.952+0000] {processor.py:156} INFO - Started process (PID=6401) to work on /opt/airflow/dags/my_first_dag.py
[2024-04-25T01:09:14.953+0000] {processor.py:758} INFO - Processing file /opt/airflow/dags/my_first_dag.py for tasks to queue
[2024-04-25T01:09:14.955+0000] {logging_mixin.py:117} INFO - [2024-04-25T01:09:14.955+0000] {dagbag.py:525} INFO - Filling up the DagBag from /opt/airflow/dags/my_first_dag.py
[2024-04-25T01:09:14.983+0000] {processor.py:768} INFO - DAG(s) dict_keys(['my_first_dag']) retrieved from /opt/airflow/dags/my_first_dag.py
[2024-04-25T01:09:15.098+0000] {logging_mixin.py:117} INFO - [2024-04-25T01:09:15.097+0000] {dag.py:2573} INFO - Sync 1 DAGs
[2024-04-25T01:09:15.128+0000] {logging_mixin.py:117} INFO - [2024-04-25T01:09:15.128+0000] {dag.py:3328} INFO - Setting next_dagrun for my_first_dag to None, run_after=None
[2024-04-25T01:09:15.156+0000] {processor.py:178} INFO - Processing /opt/airflow/dags/my_first_dag.py took 0.207 seconds
[2024-04-25T01:09:45.330+0000] {processor.py:156} INFO - Started process (PID=6610) to work on /opt/airflow/dags/my_first_dag.py
[2024-04-25T01:09:45.331+0000] {processor.py:758} INFO - Processing file /opt/airflow/dags/my_first_dag.py for tasks to queue
[2024-04-25T01:09:45.332+0000] {logging_mixin.py:117} INFO - [2024-04-25T01:09:45.332+0000] {dagbag.py:525} INFO - Filling up the DagBag from /opt/airflow/dags/my_first_dag.py
[2024-04-25T01:09:45.350+0000] {processor.py:768} INFO - DAG(s) dict_keys(['my_first_dag']) retrieved from /opt/airflow/dags/my_first_dag.py
[2024-04-25T01:09:45.397+0000] {logging_mixin.py:117} INFO - [2024-04-25T01:09:45.396+0000] {dag.py:2573} INFO - Sync 1 DAGs
[2024-04-25T01:09:45.429+0000] {logging_mixin.py:117} INFO - [2024-04-25T01:09:45.429+0000] {dag.py:3328} INFO - Setting next_dagrun for my_first_dag to None, run_after=None
[2024-04-25T01:09:45.454+0000] {processor.py:178} INFO - Processing /opt/airflow/dags/my_first_dag.py took 0.127 seconds
[2024-04-25T01:10:15.582+0000] {processor.py:156} INFO - Started process (PID=6832) to work on /opt/airflow/dags/my_first_dag.py
[2024-04-25T01:10:15.583+0000] {processor.py:758} INFO - Processing file /opt/airflow/dags/my_first_dag.py for tasks to queue
[2024-04-25T01:10:15.584+0000] {logging_mixin.py:117} INFO - [2024-04-25T01:10:15.584+0000] {dagbag.py:525} INFO - Filling up the DagBag from /opt/airflow/dags/my_first_dag.py
[2024-04-25T01:10:15.599+0000] {processor.py:768} INFO - DAG(s) dict_keys(['my_first_dag']) retrieved from /opt/airflow/dags/my_first_dag.py
[2024-04-25T01:10:15.644+0000] {logging_mixin.py:117} INFO - [2024-04-25T01:10:15.644+0000] {dag.py:2573} INFO - Sync 1 DAGs
[2024-04-25T01:10:15.673+0000] {logging_mixin.py:117} INFO - [2024-04-25T01:10:15.673+0000] {dag.py:3328} INFO - Setting next_dagrun for my_first_dag to None, run_after=None
[2024-04-25T01:10:15.707+0000] {processor.py:178} INFO - Processing /opt/airflow/dags/my_first_dag.py took 0.128 seconds
[2024-04-25T01:10:45.744+0000] {processor.py:156} INFO - Started process (PID=7039) to work on /opt/airflow/dags/my_first_dag.py
[2024-04-25T01:10:45.745+0000] {processor.py:758} INFO - Processing file /opt/airflow/dags/my_first_dag.py for tasks to queue
[2024-04-25T01:10:45.746+0000] {logging_mixin.py:117} INFO - [2024-04-25T01:10:45.745+0000] {dagbag.py:525} INFO - Filling up the DagBag from /opt/airflow/dags/my_first_dag.py
[2024-04-25T01:10:45.757+0000] {processor.py:768} INFO - DAG(s) dict_keys(['my_first_dag']) retrieved from /opt/airflow/dags/my_first_dag.py
[2024-04-25T01:10:45.791+0000] {logging_mixin.py:117} INFO - [2024-04-25T01:10:45.790+0000] {dag.py:2573} INFO - Sync 1 DAGs
[2024-04-25T01:10:45.811+0000] {logging_mixin.py:117} INFO - [2024-04-25T01:10:45.811+0000] {dag.py:3328} INFO - Setting next_dagrun for my_first_dag to None, run_after=None
[2024-04-25T01:10:45.831+0000] {processor.py:178} INFO - Processing /opt/airflow/dags/my_first_dag.py took 0.091 seconds
[2024-04-25T01:11:16.679+0000] {processor.py:156} INFO - Started process (PID=7263) to work on /opt/airflow/dags/my_first_dag.py
[2024-04-25T01:11:16.680+0000] {processor.py:758} INFO - Processing file /opt/airflow/dags/my_first_dag.py for tasks to queue
[2024-04-25T01:11:16.681+0000] {logging_mixin.py:117} INFO - [2024-04-25T01:11:16.681+0000] {dagbag.py:525} INFO - Filling up the DagBag from /opt/airflow/dags/my_first_dag.py
[2024-04-25T01:11:16.695+0000] {processor.py:768} INFO - DAG(s) dict_keys(['my_first_dag']) retrieved from /opt/airflow/dags/my_first_dag.py
[2024-04-25T01:11:16.745+0000] {logging_mixin.py:117} INFO - [2024-04-25T01:11:16.744+0000] {dag.py:2573} INFO - Sync 1 DAGs
[2024-04-25T01:11:16.780+0000] {logging_mixin.py:117} INFO - [2024-04-25T01:11:16.780+0000] {dag.py:3328} INFO - Setting next_dagrun for my_first_dag to None, run_after=None
[2024-04-25T01:11:16.807+0000] {processor.py:178} INFO - Processing /opt/airflow/dags/my_first_dag.py took 0.131 seconds
[2024-04-25T01:11:46.929+0000] {processor.py:156} INFO - Started process (PID=7480) to work on /opt/airflow/dags/my_first_dag.py
[2024-04-25T01:11:46.931+0000] {processor.py:758} INFO - Processing file /opt/airflow/dags/my_first_dag.py for tasks to queue
[2024-04-25T01:11:46.932+0000] {logging_mixin.py:117} INFO - [2024-04-25T01:11:46.932+0000] {dagbag.py:525} INFO - Filling up the DagBag from /opt/airflow/dags/my_first_dag.py
[2024-04-25T01:11:46.948+0000] {processor.py:768} INFO - DAG(s) dict_keys(['my_first_dag']) retrieved from /opt/airflow/dags/my_first_dag.py
[2024-04-25T01:11:47.028+0000] {logging_mixin.py:117} INFO - [2024-04-25T01:11:47.027+0000] {dag.py:2573} INFO - Sync 1 DAGs
[2024-04-25T01:11:47.082+0000] {logging_mixin.py:117} INFO - [2024-04-25T01:11:47.081+0000] {dag.py:3328} INFO - Setting next_dagrun for my_first_dag to None, run_after=None
[2024-04-25T01:11:47.108+0000] {processor.py:178} INFO - Processing /opt/airflow/dags/my_first_dag.py took 0.191 seconds
[2024-04-25T01:12:17.302+0000] {processor.py:156} INFO - Started process (PID=7691) to work on /opt/airflow/dags/my_first_dag.py
[2024-04-25T01:12:17.303+0000] {processor.py:758} INFO - Processing file /opt/airflow/dags/my_first_dag.py for tasks to queue
[2024-04-25T01:12:17.303+0000] {logging_mixin.py:117} INFO - [2024-04-25T01:12:17.303+0000] {dagbag.py:525} INFO - Filling up the DagBag from /opt/airflow/dags/my_first_dag.py
[2024-04-25T01:12:17.317+0000] {processor.py:768} INFO - DAG(s) dict_keys(['my_first_dag']) retrieved from /opt/airflow/dags/my_first_dag.py
[2024-04-25T01:12:17.363+0000] {logging_mixin.py:117} INFO - [2024-04-25T01:12:17.363+0000] {dag.py:2573} INFO - Sync 1 DAGs
[2024-04-25T01:12:17.395+0000] {logging_mixin.py:117} INFO - [2024-04-25T01:12:17.394+0000] {dag.py:3328} INFO - Setting next_dagrun for my_first_dag to None, run_after=None
[2024-04-25T01:12:17.424+0000] {processor.py:178} INFO - Processing /opt/airflow/dags/my_first_dag.py took 0.128 seconds
[2024-04-25T01:12:47.809+0000] {processor.py:156} INFO - Started process (PID=7909) to work on /opt/airflow/dags/my_first_dag.py
[2024-04-25T01:12:47.810+0000] {processor.py:758} INFO - Processing file /opt/airflow/dags/my_first_dag.py for tasks to queue
[2024-04-25T01:12:47.811+0000] {logging_mixin.py:117} INFO - [2024-04-25T01:12:47.811+0000] {dagbag.py:525} INFO - Filling up the DagBag from /opt/airflow/dags/my_first_dag.py
[2024-04-25T01:12:47.826+0000] {processor.py:768} INFO - DAG(s) dict_keys(['my_first_dag']) retrieved from /opt/airflow/dags/my_first_dag.py
[2024-04-25T01:12:47.875+0000] {logging_mixin.py:117} INFO - [2024-04-25T01:12:47.874+0000] {dag.py:2573} INFO - Sync 1 DAGs
[2024-04-25T01:12:47.906+0000] {logging_mixin.py:117} INFO - [2024-04-25T01:12:47.906+0000] {dag.py:3328} INFO - Setting next_dagrun for my_first_dag to None, run_after=None
[2024-04-25T01:12:47.937+0000] {processor.py:178} INFO - Processing /opt/airflow/dags/my_first_dag.py took 0.132 seconds
[2024-04-25T01:13:18.723+0000] {processor.py:156} INFO - Started process (PID=8126) to work on /opt/airflow/dags/my_first_dag.py
[2024-04-25T01:13:18.724+0000] {processor.py:758} INFO - Processing file /opt/airflow/dags/my_first_dag.py for tasks to queue
[2024-04-25T01:13:18.725+0000] {logging_mixin.py:117} INFO - [2024-04-25T01:13:18.725+0000] {dagbag.py:525} INFO - Filling up the DagBag from /opt/airflow/dags/my_first_dag.py
[2024-04-25T01:13:18.740+0000] {processor.py:768} INFO - DAG(s) dict_keys(['my_first_dag']) retrieved from /opt/airflow/dags/my_first_dag.py
[2024-04-25T01:13:18.785+0000] {logging_mixin.py:117} INFO - [2024-04-25T01:13:18.785+0000] {dag.py:2573} INFO - Sync 1 DAGs
[2024-04-25T01:13:18.827+0000] {logging_mixin.py:117} INFO - [2024-04-25T01:13:18.827+0000] {dag.py:3328} INFO - Setting next_dagrun for my_first_dag to None, run_after=None
[2024-04-25T01:13:18.885+0000] {processor.py:178} INFO - Processing /opt/airflow/dags/my_first_dag.py took 0.165 seconds
[2024-04-25T01:13:49.079+0000] {processor.py:156} INFO - Started process (PID=8334) to work on /opt/airflow/dags/my_first_dag.py
[2024-04-25T01:13:49.080+0000] {processor.py:758} INFO - Processing file /opt/airflow/dags/my_first_dag.py for tasks to queue
[2024-04-25T01:13:49.081+0000] {logging_mixin.py:117} INFO - [2024-04-25T01:13:49.081+0000] {dagbag.py:525} INFO - Filling up the DagBag from /opt/airflow/dags/my_first_dag.py
[2024-04-25T01:13:49.096+0000] {processor.py:768} INFO - DAG(s) dict_keys(['my_first_dag']) retrieved from /opt/airflow/dags/my_first_dag.py
[2024-04-25T01:13:49.137+0000] {logging_mixin.py:117} INFO - [2024-04-25T01:13:49.136+0000] {dag.py:2573} INFO - Sync 1 DAGs
[2024-04-25T01:13:49.171+0000] {logging_mixin.py:117} INFO - [2024-04-25T01:13:49.171+0000] {dag.py:3328} INFO - Setting next_dagrun for my_first_dag to None, run_after=None
[2024-04-25T01:13:49.194+0000] {processor.py:178} INFO - Processing /opt/airflow/dags/my_first_dag.py took 0.121 seconds
[2024-04-25T01:14:19.875+0000] {processor.py:156} INFO - Started process (PID=8550) to work on /opt/airflow/dags/my_first_dag.py
[2024-04-25T01:14:19.876+0000] {processor.py:758} INFO - Processing file /opt/airflow/dags/my_first_dag.py for tasks to queue
[2024-04-25T01:14:19.877+0000] {logging_mixin.py:117} INFO - [2024-04-25T01:14:19.876+0000] {dagbag.py:525} INFO - Filling up the DagBag from /opt/airflow/dags/my_first_dag.py
[2024-04-25T01:14:19.891+0000] {processor.py:768} INFO - DAG(s) dict_keys(['my_first_dag']) retrieved from /opt/airflow/dags/my_first_dag.py
[2024-04-25T01:14:19.941+0000] {logging_mixin.py:117} INFO - [2024-04-25T01:14:19.941+0000] {dag.py:2573} INFO - Sync 1 DAGs
[2024-04-25T01:14:19.972+0000] {logging_mixin.py:117} INFO - [2024-04-25T01:14:19.972+0000] {dag.py:3328} INFO - Setting next_dagrun for my_first_dag to None, run_after=None
[2024-04-25T01:14:19.997+0000] {processor.py:178} INFO - Processing /opt/airflow/dags/my_first_dag.py took 0.125 seconds
[2024-04-25T01:14:50.076+0000] {processor.py:156} INFO - Started process (PID=8768) to work on /opt/airflow/dags/my_first_dag.py
[2024-04-25T01:14:50.077+0000] {processor.py:758} INFO - Processing file /opt/airflow/dags/my_first_dag.py for tasks to queue
[2024-04-25T01:14:50.077+0000] {logging_mixin.py:117} INFO - [2024-04-25T01:14:50.077+0000] {dagbag.py:525} INFO - Filling up the DagBag from /opt/airflow/dags/my_first_dag.py
[2024-04-25T01:14:50.093+0000] {processor.py:768} INFO - DAG(s) dict_keys(['my_first_dag']) retrieved from /opt/airflow/dags/my_first_dag.py
[2024-04-25T01:14:50.138+0000] {logging_mixin.py:117} INFO - [2024-04-25T01:14:50.138+0000] {dag.py:2573} INFO - Sync 1 DAGs
[2024-04-25T01:14:50.169+0000] {logging_mixin.py:117} INFO - [2024-04-25T01:14:50.169+0000] {dag.py:3328} INFO - Setting next_dagrun for my_first_dag to None, run_after=None
[2024-04-25T01:14:50.193+0000] {processor.py:178} INFO - Processing /opt/airflow/dags/my_first_dag.py took 0.120 seconds
[2024-04-25T01:15:20.919+0000] {processor.py:156} INFO - Started process (PID=8977) to work on /opt/airflow/dags/my_first_dag.py
[2024-04-25T01:15:20.920+0000] {processor.py:758} INFO - Processing file /opt/airflow/dags/my_first_dag.py for tasks to queue
[2024-04-25T01:15:20.921+0000] {logging_mixin.py:117} INFO - [2024-04-25T01:15:20.921+0000] {dagbag.py:525} INFO - Filling up the DagBag from /opt/airflow/dags/my_first_dag.py
[2024-04-25T01:15:20.939+0000] {processor.py:768} INFO - DAG(s) dict_keys(['my_first_dag']) retrieved from /opt/airflow/dags/my_first_dag.py
[2024-04-25T01:15:21.001+0000] {logging_mixin.py:117} INFO - [2024-04-25T01:15:21.001+0000] {dag.py:2573} INFO - Sync 1 DAGs
[2024-04-25T01:15:21.034+0000] {logging_mixin.py:117} INFO - [2024-04-25T01:15:21.034+0000] {dag.py:3328} INFO - Setting next_dagrun for my_first_dag to None, run_after=None
[2024-04-25T01:15:21.060+0000] {processor.py:178} INFO - Processing /opt/airflow/dags/my_first_dag.py took 0.144 seconds
[2024-04-25T01:15:51.530+0000] {processor.py:156} INFO - Started process (PID=9194) to work on /opt/airflow/dags/my_first_dag.py
[2024-04-25T01:15:51.530+0000] {processor.py:758} INFO - Processing file /opt/airflow/dags/my_first_dag.py for tasks to queue
[2024-04-25T01:15:51.531+0000] {logging_mixin.py:117} INFO - [2024-04-25T01:15:51.531+0000] {dagbag.py:525} INFO - Filling up the DagBag from /opt/airflow/dags/my_first_dag.py
[2024-04-25T01:15:51.571+0000] {processor.py:768} INFO - DAG(s) dict_keys(['my_first_dag']) retrieved from /opt/airflow/dags/my_first_dag.py
[2024-04-25T01:15:51.647+0000] {logging_mixin.py:117} INFO - [2024-04-25T01:15:51.647+0000] {dag.py:2573} INFO - Sync 1 DAGs
[2024-04-25T01:15:51.680+0000] {logging_mixin.py:117} INFO - [2024-04-25T01:15:51.680+0000] {dag.py:3328} INFO - Setting next_dagrun for my_first_dag to None, run_after=None
[2024-04-25T01:15:51.712+0000] {processor.py:178} INFO - Processing /opt/airflow/dags/my_first_dag.py took 0.194 seconds
[2024-04-25T01:16:22.246+0000] {processor.py:156} INFO - Started process (PID=9415) to work on /opt/airflow/dags/my_first_dag.py
[2024-04-25T01:16:22.247+0000] {processor.py:758} INFO - Processing file /opt/airflow/dags/my_first_dag.py for tasks to queue
[2024-04-25T01:16:22.248+0000] {logging_mixin.py:117} INFO - [2024-04-25T01:16:22.248+0000] {dagbag.py:525} INFO - Filling up the DagBag from /opt/airflow/dags/my_first_dag.py
[2024-04-25T01:16:22.263+0000] {processor.py:768} INFO - DAG(s) dict_keys(['my_first_dag']) retrieved from /opt/airflow/dags/my_first_dag.py
[2024-04-25T01:16:22.318+0000] {logging_mixin.py:117} INFO - [2024-04-25T01:16:22.317+0000] {dag.py:2573} INFO - Sync 1 DAGs
[2024-04-25T01:16:22.348+0000] {logging_mixin.py:117} INFO - [2024-04-25T01:16:22.348+0000] {dag.py:3328} INFO - Setting next_dagrun for my_first_dag to None, run_after=None
[2024-04-25T01:16:22.373+0000] {processor.py:178} INFO - Processing /opt/airflow/dags/my_first_dag.py took 0.129 seconds
[2024-04-25T01:16:53.059+0000] {processor.py:156} INFO - Started process (PID=9624) to work on /opt/airflow/dags/my_first_dag.py
[2024-04-25T01:16:53.060+0000] {processor.py:758} INFO - Processing file /opt/airflow/dags/my_first_dag.py for tasks to queue
[2024-04-25T01:16:53.061+0000] {logging_mixin.py:117} INFO - [2024-04-25T01:16:53.061+0000] {dagbag.py:525} INFO - Filling up the DagBag from /opt/airflow/dags/my_first_dag.py
[2024-04-25T01:16:53.092+0000] {processor.py:768} INFO - DAG(s) dict_keys(['my_first_dag']) retrieved from /opt/airflow/dags/my_first_dag.py
[2024-04-25T01:16:53.175+0000] {logging_mixin.py:117} INFO - [2024-04-25T01:16:53.174+0000] {dag.py:2573} INFO - Sync 1 DAGs
[2024-04-25T01:16:53.213+0000] {logging_mixin.py:117} INFO - [2024-04-25T01:16:53.213+0000] {dag.py:3328} INFO - Setting next_dagrun for my_first_dag to None, run_after=None
[2024-04-25T01:16:53.238+0000] {processor.py:178} INFO - Processing /opt/airflow/dags/my_first_dag.py took 0.185 seconds
[2024-04-25T01:17:24.028+0000] {processor.py:156} INFO - Started process (PID=9841) to work on /opt/airflow/dags/my_first_dag.py
[2024-04-25T01:17:24.029+0000] {processor.py:758} INFO - Processing file /opt/airflow/dags/my_first_dag.py for tasks to queue
[2024-04-25T01:17:24.030+0000] {logging_mixin.py:117} INFO - [2024-04-25T01:17:24.030+0000] {dagbag.py:525} INFO - Filling up the DagBag from /opt/airflow/dags/my_first_dag.py
[2024-04-25T01:17:24.048+0000] {processor.py:768} INFO - DAG(s) dict_keys(['my_first_dag']) retrieved from /opt/airflow/dags/my_first_dag.py
[2024-04-25T01:17:24.097+0000] {logging_mixin.py:117} INFO - [2024-04-25T01:17:24.097+0000] {dag.py:2573} INFO - Sync 1 DAGs
[2024-04-25T01:17:24.137+0000] {logging_mixin.py:117} INFO - [2024-04-25T01:17:24.137+0000] {dag.py:3328} INFO - Setting next_dagrun for my_first_dag to None, run_after=None
[2024-04-25T01:17:24.182+0000] {processor.py:178} INFO - Processing /opt/airflow/dags/my_first_dag.py took 0.157 seconds
[2024-04-25T01:17:54.382+0000] {processor.py:156} INFO - Started process (PID=10060) to work on /opt/airflow/dags/my_first_dag.py
[2024-04-25T01:17:54.383+0000] {processor.py:758} INFO - Processing file /opt/airflow/dags/my_first_dag.py for tasks to queue
[2024-04-25T01:17:54.384+0000] {logging_mixin.py:117} INFO - [2024-04-25T01:17:54.384+0000] {dagbag.py:525} INFO - Filling up the DagBag from /opt/airflow/dags/my_first_dag.py
[2024-04-25T01:17:54.413+0000] {processor.py:768} INFO - DAG(s) dict_keys(['my_first_dag']) retrieved from /opt/airflow/dags/my_first_dag.py
[2024-04-25T01:17:54.510+0000] {logging_mixin.py:117} INFO - [2024-04-25T01:17:54.510+0000] {dag.py:2573} INFO - Sync 1 DAGs
[2024-04-25T01:17:54.544+0000] {logging_mixin.py:117} INFO - [2024-04-25T01:17:54.544+0000] {dag.py:3328} INFO - Setting next_dagrun for my_first_dag to None, run_after=None
[2024-04-25T01:17:54.579+0000] {processor.py:178} INFO - Processing /opt/airflow/dags/my_first_dag.py took 0.200 seconds
[2024-04-25T01:18:24.982+0000] {processor.py:156} INFO - Started process (PID=10266) to work on /opt/airflow/dags/my_first_dag.py
[2024-04-25T01:18:24.983+0000] {processor.py:758} INFO - Processing file /opt/airflow/dags/my_first_dag.py for tasks to queue
[2024-04-25T01:18:24.984+0000] {logging_mixin.py:117} INFO - [2024-04-25T01:18:24.984+0000] {dagbag.py:525} INFO - Filling up the DagBag from /opt/airflow/dags/my_first_dag.py
[2024-04-25T01:18:25.011+0000] {processor.py:768} INFO - DAG(s) dict_keys(['my_first_dag']) retrieved from /opt/airflow/dags/my_first_dag.py
[2024-04-25T01:18:25.137+0000] {logging_mixin.py:117} INFO - [2024-04-25T01:18:25.137+0000] {dag.py:2573} INFO - Sync 1 DAGs
[2024-04-25T01:18:25.167+0000] {logging_mixin.py:117} INFO - [2024-04-25T01:18:25.167+0000] {dag.py:3328} INFO - Setting next_dagrun for my_first_dag to None, run_after=None
[2024-04-25T01:18:25.195+0000] {processor.py:178} INFO - Processing /opt/airflow/dags/my_first_dag.py took 0.216 seconds
[2024-04-25T01:18:55.423+0000] {processor.py:156} INFO - Started process (PID=10486) to work on /opt/airflow/dags/my_first_dag.py
[2024-04-25T01:18:55.424+0000] {processor.py:758} INFO - Processing file /opt/airflow/dags/my_first_dag.py for tasks to queue
[2024-04-25T01:18:55.425+0000] {logging_mixin.py:117} INFO - [2024-04-25T01:18:55.425+0000] {dagbag.py:525} INFO - Filling up the DagBag from /opt/airflow/dags/my_first_dag.py
[2024-04-25T01:18:55.439+0000] {processor.py:768} INFO - DAG(s) dict_keys(['my_first_dag']) retrieved from /opt/airflow/dags/my_first_dag.py
[2024-04-25T01:18:55.481+0000] {logging_mixin.py:117} INFO - [2024-04-25T01:18:55.481+0000] {dag.py:2573} INFO - Sync 1 DAGs
[2024-04-25T01:18:55.528+0000] {logging_mixin.py:117} INFO - [2024-04-25T01:18:55.528+0000] {dag.py:3328} INFO - Setting next_dagrun for my_first_dag to None, run_after=None
[2024-04-25T01:18:55.564+0000] {processor.py:178} INFO - Processing /opt/airflow/dags/my_first_dag.py took 0.143 seconds
[2024-04-25T01:19:25.952+0000] {processor.py:156} INFO - Started process (PID=10701) to work on /opt/airflow/dags/my_first_dag.py
[2024-04-25T01:19:25.955+0000] {processor.py:758} INFO - Processing file /opt/airflow/dags/my_first_dag.py for tasks to queue
[2024-04-25T01:19:25.957+0000] {logging_mixin.py:117} INFO - [2024-04-25T01:19:25.957+0000] {dagbag.py:525} INFO - Filling up the DagBag from /opt/airflow/dags/my_first_dag.py
[2024-04-25T01:19:26.002+0000] {processor.py:768} INFO - DAG(s) dict_keys(['my_first_dag']) retrieved from /opt/airflow/dags/my_first_dag.py
[2024-04-25T01:19:26.079+0000] {logging_mixin.py:117} INFO - [2024-04-25T01:19:26.078+0000] {dag.py:2573} INFO - Sync 1 DAGs
[2024-04-25T01:19:26.115+0000] {logging_mixin.py:117} INFO - [2024-04-25T01:19:26.115+0000] {dag.py:3328} INFO - Setting next_dagrun for my_first_dag to None, run_after=None
[2024-04-25T01:19:26.149+0000] {processor.py:178} INFO - Processing /opt/airflow/dags/my_first_dag.py took 0.200 seconds
[2024-04-25T01:19:56.811+0000] {processor.py:156} INFO - Started process (PID=10913) to work on /opt/airflow/dags/my_first_dag.py
[2024-04-25T01:19:56.811+0000] {processor.py:758} INFO - Processing file /opt/airflow/dags/my_first_dag.py for tasks to queue
[2024-04-25T01:19:56.812+0000] {logging_mixin.py:117} INFO - [2024-04-25T01:19:56.812+0000] {dagbag.py:525} INFO - Filling up the DagBag from /opt/airflow/dags/my_first_dag.py
[2024-04-25T01:19:56.828+0000] {processor.py:768} INFO - DAG(s) dict_keys(['my_first_dag']) retrieved from /opt/airflow/dags/my_first_dag.py
[2024-04-25T01:19:56.885+0000] {logging_mixin.py:117} INFO - [2024-04-25T01:19:56.885+0000] {dag.py:2573} INFO - Sync 1 DAGs
[2024-04-25T01:19:56.918+0000] {logging_mixin.py:117} INFO - [2024-04-25T01:19:56.918+0000] {dag.py:3328} INFO - Setting next_dagrun for my_first_dag to None, run_after=None
[2024-04-25T01:19:56.943+0000] {processor.py:178} INFO - Processing /opt/airflow/dags/my_first_dag.py took 0.136 seconds
[2024-04-25T01:20:27.876+0000] {processor.py:156} INFO - Started process (PID=11130) to work on /opt/airflow/dags/my_first_dag.py
[2024-04-25T01:20:27.877+0000] {processor.py:758} INFO - Processing file /opt/airflow/dags/my_first_dag.py for tasks to queue
[2024-04-25T01:20:27.878+0000] {logging_mixin.py:117} INFO - [2024-04-25T01:20:27.878+0000] {dagbag.py:525} INFO - Filling up the DagBag from /opt/airflow/dags/my_first_dag.py
[2024-04-25T01:20:27.894+0000] {processor.py:768} INFO - DAG(s) dict_keys(['my_first_dag']) retrieved from /opt/airflow/dags/my_first_dag.py
[2024-04-25T01:20:27.941+0000] {logging_mixin.py:117} INFO - [2024-04-25T01:20:27.941+0000] {dag.py:2573} INFO - Sync 1 DAGs
[2024-04-25T01:20:27.978+0000] {logging_mixin.py:117} INFO - [2024-04-25T01:20:27.978+0000] {dag.py:3328} INFO - Setting next_dagrun for my_first_dag to None, run_after=None
[2024-04-25T01:20:28.009+0000] {processor.py:178} INFO - Processing /opt/airflow/dags/my_first_dag.py took 0.139 seconds
[2024-04-25T01:20:58.172+0000] {processor.py:156} INFO - Started process (PID=11339) to work on /opt/airflow/dags/my_first_dag.py
[2024-04-25T01:20:58.198+0000] {processor.py:758} INFO - Processing file /opt/airflow/dags/my_first_dag.py for tasks to queue
[2024-04-25T01:20:58.199+0000] {logging_mixin.py:117} INFO - [2024-04-25T01:20:58.199+0000] {dagbag.py:525} INFO - Filling up the DagBag from /opt/airflow/dags/my_first_dag.py
[2024-04-25T01:20:58.244+0000] {processor.py:768} INFO - DAG(s) dict_keys(['my_first_dag']) retrieved from /opt/airflow/dags/my_first_dag.py
[2024-04-25T01:20:58.325+0000] {logging_mixin.py:117} INFO - [2024-04-25T01:20:58.325+0000] {dag.py:2573} INFO - Sync 1 DAGs
[2024-04-25T01:20:58.368+0000] {logging_mixin.py:117} INFO - [2024-04-25T01:20:58.368+0000] {dag.py:3328} INFO - Setting next_dagrun for my_first_dag to None, run_after=None
[2024-04-25T01:20:58.408+0000] {processor.py:178} INFO - Processing /opt/airflow/dags/my_first_dag.py took 0.268 seconds
[2024-04-25T01:21:29.176+0000] {processor.py:156} INFO - Started process (PID=11559) to work on /opt/airflow/dags/my_first_dag.py
[2024-04-25T01:21:29.177+0000] {processor.py:758} INFO - Processing file /opt/airflow/dags/my_first_dag.py for tasks to queue
[2024-04-25T01:21:29.178+0000] {logging_mixin.py:117} INFO - [2024-04-25T01:21:29.178+0000] {dagbag.py:525} INFO - Filling up the DagBag from /opt/airflow/dags/my_first_dag.py
[2024-04-25T01:21:29.194+0000] {processor.py:768} INFO - DAG(s) dict_keys(['my_first_dag']) retrieved from /opt/airflow/dags/my_first_dag.py
[2024-04-25T01:21:29.239+0000] {logging_mixin.py:117} INFO - [2024-04-25T01:21:29.239+0000] {dag.py:2573} INFO - Sync 1 DAGs
[2024-04-25T01:21:29.276+0000] {logging_mixin.py:117} INFO - [2024-04-25T01:21:29.276+0000] {dag.py:3328} INFO - Setting next_dagrun for my_first_dag to None, run_after=None
[2024-04-25T01:21:29.310+0000] {processor.py:178} INFO - Processing /opt/airflow/dags/my_first_dag.py took 0.138 seconds
[2024-04-25T01:21:59.397+0000] {processor.py:156} INFO - Started process (PID=11778) to work on /opt/airflow/dags/my_first_dag.py
[2024-04-25T01:21:59.398+0000] {processor.py:758} INFO - Processing file /opt/airflow/dags/my_first_dag.py for tasks to queue
[2024-04-25T01:21:59.399+0000] {logging_mixin.py:117} INFO - [2024-04-25T01:21:59.399+0000] {dagbag.py:525} INFO - Filling up the DagBag from /opt/airflow/dags/my_first_dag.py
[2024-04-25T01:21:59.414+0000] {processor.py:768} INFO - DAG(s) dict_keys(['my_first_dag']) retrieved from /opt/airflow/dags/my_first_dag.py
[2024-04-25T01:21:59.459+0000] {logging_mixin.py:117} INFO - [2024-04-25T01:21:59.458+0000] {dag.py:2573} INFO - Sync 1 DAGs
[2024-04-25T01:21:59.491+0000] {logging_mixin.py:117} INFO - [2024-04-25T01:21:59.491+0000] {dag.py:3328} INFO - Setting next_dagrun for my_first_dag to None, run_after=None
[2024-04-25T01:21:59.524+0000] {processor.py:178} INFO - Processing /opt/airflow/dags/my_first_dag.py took 0.130 seconds
[2024-04-25T01:22:29.678+0000] {processor.py:156} INFO - Started process (PID=11985) to work on /opt/airflow/dags/my_first_dag.py
[2024-04-25T01:22:29.678+0000] {processor.py:758} INFO - Processing file /opt/airflow/dags/my_first_dag.py for tasks to queue
[2024-04-25T01:22:29.679+0000] {logging_mixin.py:117} INFO - [2024-04-25T01:22:29.679+0000] {dagbag.py:525} INFO - Filling up the DagBag from /opt/airflow/dags/my_first_dag.py
[2024-04-25T01:22:29.694+0000] {processor.py:768} INFO - DAG(s) dict_keys(['my_first_dag']) retrieved from /opt/airflow/dags/my_first_dag.py
[2024-04-25T01:22:29.739+0000] {logging_mixin.py:117} INFO - [2024-04-25T01:22:29.739+0000] {dag.py:2573} INFO - Sync 1 DAGs
[2024-04-25T01:22:29.770+0000] {logging_mixin.py:117} INFO - [2024-04-25T01:22:29.770+0000] {dag.py:3328} INFO - Setting next_dagrun for my_first_dag to None, run_after=None
[2024-04-25T01:22:29.795+0000] {processor.py:178} INFO - Processing /opt/airflow/dags/my_first_dag.py took 0.120 seconds
[2024-04-25T01:23:00.061+0000] {processor.py:156} INFO - Started process (PID=12203) to work on /opt/airflow/dags/my_first_dag.py
[2024-04-25T01:23:00.062+0000] {processor.py:758} INFO - Processing file /opt/airflow/dags/my_first_dag.py for tasks to queue
[2024-04-25T01:23:00.063+0000] {logging_mixin.py:117} INFO - [2024-04-25T01:23:00.062+0000] {dagbag.py:525} INFO - Filling up the DagBag from /opt/airflow/dags/my_first_dag.py
[2024-04-25T01:23:00.081+0000] {processor.py:768} INFO - DAG(s) dict_keys(['my_first_dag']) retrieved from /opt/airflow/dags/my_first_dag.py
[2024-04-25T01:23:00.129+0000] {logging_mixin.py:117} INFO - [2024-04-25T01:23:00.128+0000] {dag.py:2573} INFO - Sync 1 DAGs
[2024-04-25T01:23:00.159+0000] {logging_mixin.py:117} INFO - [2024-04-25T01:23:00.159+0000] {dag.py:3328} INFO - Setting next_dagrun for my_first_dag to None, run_after=None
[2024-04-25T01:23:00.181+0000] {processor.py:178} INFO - Processing /opt/airflow/dags/my_first_dag.py took 0.123 seconds
[2024-04-25T01:23:31.048+0000] {processor.py:156} INFO - Started process (PID=12420) to work on /opt/airflow/dags/my_first_dag.py
[2024-04-25T01:23:31.053+0000] {processor.py:758} INFO - Processing file /opt/airflow/dags/my_first_dag.py for tasks to queue
[2024-04-25T01:23:31.054+0000] {logging_mixin.py:117} INFO - [2024-04-25T01:23:31.054+0000] {dagbag.py:525} INFO - Filling up the DagBag from /opt/airflow/dags/my_first_dag.py
[2024-04-25T01:23:31.073+0000] {processor.py:768} INFO - DAG(s) dict_keys(['my_first_dag']) retrieved from /opt/airflow/dags/my_first_dag.py
[2024-04-25T01:23:31.121+0000] {logging_mixin.py:117} INFO - [2024-04-25T01:23:31.121+0000] {dag.py:2573} INFO - Sync 1 DAGs
[2024-04-25T01:23:31.154+0000] {logging_mixin.py:117} INFO - [2024-04-25T01:23:31.154+0000] {dag.py:3328} INFO - Setting next_dagrun for my_first_dag to None, run_after=None
[2024-04-25T01:23:31.180+0000] {processor.py:178} INFO - Processing /opt/airflow/dags/my_first_dag.py took 0.140 seconds
[2024-04-25T01:24:01.829+0000] {processor.py:156} INFO - Started process (PID=12631) to work on /opt/airflow/dags/my_first_dag.py
[2024-04-25T01:24:01.830+0000] {processor.py:758} INFO - Processing file /opt/airflow/dags/my_first_dag.py for tasks to queue
[2024-04-25T01:24:01.831+0000] {logging_mixin.py:117} INFO - [2024-04-25T01:24:01.831+0000] {dagbag.py:525} INFO - Filling up the DagBag from /opt/airflow/dags/my_first_dag.py
[2024-04-25T01:24:01.850+0000] {processor.py:768} INFO - DAG(s) dict_keys(['my_first_dag']) retrieved from /opt/airflow/dags/my_first_dag.py
[2024-04-25T01:24:01.892+0000] {logging_mixin.py:117} INFO - [2024-04-25T01:24:01.892+0000] {dag.py:2573} INFO - Sync 1 DAGs
[2024-04-25T01:24:01.925+0000] {logging_mixin.py:117} INFO - [2024-04-25T01:24:01.924+0000] {dag.py:3328} INFO - Setting next_dagrun for my_first_dag to None, run_after=None
[2024-04-25T01:24:01.955+0000] {processor.py:178} INFO - Processing /opt/airflow/dags/my_first_dag.py took 0.129 seconds
[2024-04-25T01:24:32.754+0000] {processor.py:156} INFO - Started process (PID=12849) to work on /opt/airflow/dags/my_first_dag.py
[2024-04-25T01:24:32.755+0000] {processor.py:758} INFO - Processing file /opt/airflow/dags/my_first_dag.py for tasks to queue
[2024-04-25T01:24:32.756+0000] {logging_mixin.py:117} INFO - [2024-04-25T01:24:32.756+0000] {dagbag.py:525} INFO - Filling up the DagBag from /opt/airflow/dags/my_first_dag.py
[2024-04-25T01:24:32.771+0000] {processor.py:768} INFO - DAG(s) dict_keys(['my_first_dag']) retrieved from /opt/airflow/dags/my_first_dag.py
[2024-04-25T01:24:32.816+0000] {logging_mixin.py:117} INFO - [2024-04-25T01:24:32.815+0000] {dag.py:2573} INFO - Sync 1 DAGs
[2024-04-25T01:24:32.848+0000] {logging_mixin.py:117} INFO - [2024-04-25T01:24:32.848+0000] {dag.py:3328} INFO - Setting next_dagrun for my_first_dag to None, run_after=None
[2024-04-25T01:24:32.871+0000] {processor.py:178} INFO - Processing /opt/airflow/dags/my_first_dag.py took 0.120 seconds
[2024-04-25T01:25:03.173+0000] {processor.py:156} INFO - Started process (PID=13065) to work on /opt/airflow/dags/my_first_dag.py
[2024-04-25T01:25:03.174+0000] {processor.py:758} INFO - Processing file /opt/airflow/dags/my_first_dag.py for tasks to queue
[2024-04-25T01:25:03.174+0000] {logging_mixin.py:117} INFO - [2024-04-25T01:25:03.174+0000] {dagbag.py:525} INFO - Filling up the DagBag from /opt/airflow/dags/my_first_dag.py
[2024-04-25T01:25:03.190+0000] {processor.py:768} INFO - DAG(s) dict_keys(['my_first_dag']) retrieved from /opt/airflow/dags/my_first_dag.py
[2024-04-25T01:25:03.234+0000] {logging_mixin.py:117} INFO - [2024-04-25T01:25:03.234+0000] {dag.py:2573} INFO - Sync 1 DAGs
[2024-04-25T01:25:03.267+0000] {logging_mixin.py:117} INFO - [2024-04-25T01:25:03.267+0000] {dag.py:3328} INFO - Setting next_dagrun for my_first_dag to None, run_after=None
[2024-04-25T01:25:03.306+0000] {processor.py:178} INFO - Processing /opt/airflow/dags/my_first_dag.py took 0.136 seconds
[2024-04-25T01:25:33.712+0000] {processor.py:156} INFO - Started process (PID=13273) to work on /opt/airflow/dags/my_first_dag.py
[2024-04-25T01:25:33.713+0000] {processor.py:758} INFO - Processing file /opt/airflow/dags/my_first_dag.py for tasks to queue
[2024-04-25T01:25:33.713+0000] {logging_mixin.py:117} INFO - [2024-04-25T01:25:33.713+0000] {dagbag.py:525} INFO - Filling up the DagBag from /opt/airflow/dags/my_first_dag.py
[2024-04-25T01:25:33.742+0000] {processor.py:768} INFO - DAG(s) dict_keys(['my_first_dag']) retrieved from /opt/airflow/dags/my_first_dag.py
[2024-04-25T01:25:33.833+0000] {logging_mixin.py:117} INFO - [2024-04-25T01:25:33.833+0000] {dag.py:2573} INFO - Sync 1 DAGs
[2024-04-25T01:25:33.904+0000] {logging_mixin.py:117} INFO - [2024-04-25T01:25:33.904+0000] {dag.py:3328} INFO - Setting next_dagrun for my_first_dag to None, run_after=None
[2024-04-25T01:25:33.951+0000] {processor.py:178} INFO - Processing /opt/airflow/dags/my_first_dag.py took 0.242 seconds
[2024-04-25T01:26:04.589+0000] {processor.py:156} INFO - Started process (PID=13492) to work on /opt/airflow/dags/my_first_dag.py
[2024-04-25T01:26:04.590+0000] {processor.py:758} INFO - Processing file /opt/airflow/dags/my_first_dag.py for tasks to queue
[2024-04-25T01:26:04.591+0000] {logging_mixin.py:117} INFO - [2024-04-25T01:26:04.591+0000] {dagbag.py:525} INFO - Filling up the DagBag from /opt/airflow/dags/my_first_dag.py
[2024-04-25T01:26:04.608+0000] {processor.py:768} INFO - DAG(s) dict_keys(['my_first_dag']) retrieved from /opt/airflow/dags/my_first_dag.py
[2024-04-25T01:26:04.649+0000] {logging_mixin.py:117} INFO - [2024-04-25T01:26:04.649+0000] {dag.py:2573} INFO - Sync 1 DAGs
[2024-04-25T01:26:04.681+0000] {logging_mixin.py:117} INFO - [2024-04-25T01:26:04.681+0000] {dag.py:3328} INFO - Setting next_dagrun for my_first_dag to None, run_after=None
[2024-04-25T01:26:04.706+0000] {processor.py:178} INFO - Processing /opt/airflow/dags/my_first_dag.py took 0.121 seconds
[2024-04-25T01:26:35.443+0000] {processor.py:156} INFO - Started process (PID=13710) to work on /opt/airflow/dags/my_first_dag.py
[2024-04-25T01:26:35.443+0000] {processor.py:758} INFO - Processing file /opt/airflow/dags/my_first_dag.py for tasks to queue
[2024-04-25T01:26:35.444+0000] {logging_mixin.py:117} INFO - [2024-04-25T01:26:35.444+0000] {dagbag.py:525} INFO - Filling up the DagBag from /opt/airflow/dags/my_first_dag.py
[2024-04-25T01:26:35.458+0000] {processor.py:768} INFO - DAG(s) dict_keys(['my_first_dag']) retrieved from /opt/airflow/dags/my_first_dag.py
[2024-04-25T01:26:35.508+0000] {logging_mixin.py:117} INFO - [2024-04-25T01:26:35.508+0000] {dag.py:2573} INFO - Sync 1 DAGs
[2024-04-25T01:26:35.549+0000] {logging_mixin.py:117} INFO - [2024-04-25T01:26:35.549+0000] {dag.py:3328} INFO - Setting next_dagrun for my_first_dag to None, run_after=None
[2024-04-25T01:26:35.595+0000] {processor.py:178} INFO - Processing /opt/airflow/dags/my_first_dag.py took 0.155 seconds
