[2024-04-29T00:28:43.520+0000] {processor.py:156} INFO - Started process (PID=170) to work on /opt/airflow/dags/etl.py
[2024-04-29T00:28:43.525+0000] {processor.py:758} INFO - Processing file /opt/airflow/dags/etl.py for tasks to queue
[2024-04-29T00:28:43.525+0000] {logging_mixin.py:117} INFO - [2024-04-29T00:28:43.525+0000] {dagbag.py:525} INFO - Filling up the DagBag from /opt/airflow/dags/etl.py
[2024-04-29T00:28:43.688+0000] {processor.py:768} INFO - DAG(s) dict_keys(['etl']) retrieved from /opt/airflow/dags/etl.py
[2024-04-29T00:28:43.794+0000] {logging_mixin.py:117} INFO - [2024-04-29T00:28:43.794+0000] {dag.py:2573} INFO - Sync 1 DAGs
[2024-04-29T00:28:43.833+0000] {logging_mixin.py:117} INFO - [2024-04-29T00:28:43.833+0000] {dag.py:3328} INFO - Setting next_dagrun for etl to 2024-04-29T00:00:00+00:00, run_after=2024-04-30T00:00:00+00:00
[2024-04-29T00:28:43.879+0000] {processor.py:178} INFO - Processing /opt/airflow/dags/etl.py took 0.363 seconds
[2024-04-29T00:29:14.498+0000] {processor.py:156} INFO - Started process (PID=393) to work on /opt/airflow/dags/etl.py
[2024-04-29T00:29:14.504+0000] {processor.py:758} INFO - Processing file /opt/airflow/dags/etl.py for tasks to queue
[2024-04-29T00:29:14.505+0000] {logging_mixin.py:117} INFO - [2024-04-29T00:29:14.505+0000] {dagbag.py:525} INFO - Filling up the DagBag from /opt/airflow/dags/etl.py
[2024-04-29T00:29:14.618+0000] {processor.py:768} INFO - DAG(s) dict_keys(['etl']) retrieved from /opt/airflow/dags/etl.py
[2024-04-29T00:29:14.710+0000] {logging_mixin.py:117} INFO - [2024-04-29T00:29:14.710+0000] {dag.py:2573} INFO - Sync 1 DAGs
[2024-04-29T00:29:14.745+0000] {logging_mixin.py:117} INFO - [2024-04-29T00:29:14.745+0000] {dag.py:3328} INFO - Setting next_dagrun for etl to 2024-04-29T00:00:00+00:00, run_after=2024-04-30T00:00:00+00:00
[2024-04-29T00:29:14.770+0000] {processor.py:178} INFO - Processing /opt/airflow/dags/etl.py took 0.275 seconds
[2024-04-29T00:29:44.959+0000] {processor.py:156} INFO - Started process (PID=612) to work on /opt/airflow/dags/etl.py
[2024-04-29T00:29:44.960+0000] {processor.py:758} INFO - Processing file /opt/airflow/dags/etl.py for tasks to queue
[2024-04-29T00:29:44.960+0000] {logging_mixin.py:117} INFO - [2024-04-29T00:29:44.960+0000] {dagbag.py:525} INFO - Filling up the DagBag from /opt/airflow/dags/etl.py
[2024-04-29T00:29:44.989+0000] {processor.py:768} INFO - DAG(s) dict_keys(['etl']) retrieved from /opt/airflow/dags/etl.py
[2024-04-29T00:29:45.025+0000] {logging_mixin.py:117} INFO - [2024-04-29T00:29:45.025+0000] {dag.py:2573} INFO - Sync 1 DAGs
[2024-04-29T00:29:45.049+0000] {logging_mixin.py:117} INFO - [2024-04-29T00:29:45.049+0000] {dag.py:3328} INFO - Setting next_dagrun for etl to 2024-04-29T00:00:00+00:00, run_after=2024-04-30T00:00:00+00:00
[2024-04-29T00:29:45.080+0000] {processor.py:178} INFO - Processing /opt/airflow/dags/etl.py took 0.123 seconds
[2024-04-29T00:30:15.302+0000] {processor.py:156} INFO - Started process (PID=831) to work on /opt/airflow/dags/etl.py
[2024-04-29T00:30:15.303+0000] {processor.py:758} INFO - Processing file /opt/airflow/dags/etl.py for tasks to queue
[2024-04-29T00:30:15.303+0000] {logging_mixin.py:117} INFO - [2024-04-29T00:30:15.303+0000] {dagbag.py:525} INFO - Filling up the DagBag from /opt/airflow/dags/etl.py
[2024-04-29T00:30:15.344+0000] {processor.py:768} INFO - DAG(s) dict_keys(['etl']) retrieved from /opt/airflow/dags/etl.py
[2024-04-29T00:30:15.390+0000] {logging_mixin.py:117} INFO - [2024-04-29T00:30:15.390+0000] {dag.py:2573} INFO - Sync 1 DAGs
[2024-04-29T00:30:15.424+0000] {logging_mixin.py:117} INFO - [2024-04-29T00:30:15.424+0000] {dag.py:3328} INFO - Setting next_dagrun for etl to 2024-04-29T00:00:00+00:00, run_after=2024-04-30T00:00:00+00:00
[2024-04-29T00:30:15.450+0000] {processor.py:178} INFO - Processing /opt/airflow/dags/etl.py took 0.151 seconds
[2024-04-29T00:30:46.275+0000] {processor.py:156} INFO - Started process (PID=1053) to work on /opt/airflow/dags/etl.py
[2024-04-29T00:30:46.276+0000] {processor.py:758} INFO - Processing file /opt/airflow/dags/etl.py for tasks to queue
[2024-04-29T00:30:46.276+0000] {logging_mixin.py:117} INFO - [2024-04-29T00:30:46.276+0000] {dagbag.py:525} INFO - Filling up the DagBag from /opt/airflow/dags/etl.py
[2024-04-29T00:30:46.330+0000] {processor.py:768} INFO - DAG(s) dict_keys(['etl']) retrieved from /opt/airflow/dags/etl.py
[2024-04-29T00:30:46.437+0000] {logging_mixin.py:117} INFO - [2024-04-29T00:30:46.435+0000] {dag.py:2573} INFO - Sync 1 DAGs
[2024-04-29T00:30:46.474+0000] {logging_mixin.py:117} INFO - [2024-04-29T00:30:46.474+0000] {dag.py:3328} INFO - Setting next_dagrun for etl to 2024-04-29T00:00:00+00:00, run_after=2024-04-30T00:00:00+00:00
[2024-04-29T00:30:46.663+0000] {processor.py:178} INFO - Processing /opt/airflow/dags/etl.py took 0.391 seconds
[2024-04-29T00:31:16.720+0000] {processor.py:156} INFO - Started process (PID=1268) to work on /opt/airflow/dags/etl.py
[2024-04-29T00:31:16.720+0000] {processor.py:758} INFO - Processing file /opt/airflow/dags/etl.py for tasks to queue
[2024-04-29T00:31:16.721+0000] {logging_mixin.py:117} INFO - [2024-04-29T00:31:16.721+0000] {dagbag.py:525} INFO - Filling up the DagBag from /opt/airflow/dags/etl.py
[2024-04-29T00:31:16.749+0000] {processor.py:768} INFO - DAG(s) dict_keys(['etl']) retrieved from /opt/airflow/dags/etl.py
[2024-04-29T00:31:16.781+0000] {logging_mixin.py:117} INFO - [2024-04-29T00:31:16.781+0000] {dag.py:2573} INFO - Sync 1 DAGs
[2024-04-29T00:31:16.932+0000] {logging_mixin.py:117} INFO - [2024-04-29T00:31:16.931+0000] {dag.py:3328} INFO - Setting next_dagrun for etl to 2024-04-29T00:00:00+00:00, run_after=2024-04-30T00:00:00+00:00
[2024-04-29T00:31:16.951+0000] {processor.py:178} INFO - Processing /opt/airflow/dags/etl.py took 0.234 seconds
[2024-04-29T00:31:47.550+0000] {processor.py:156} INFO - Started process (PID=1491) to work on /opt/airflow/dags/etl.py
[2024-04-29T00:31:47.551+0000] {processor.py:758} INFO - Processing file /opt/airflow/dags/etl.py for tasks to queue
[2024-04-29T00:31:47.552+0000] {logging_mixin.py:117} INFO - [2024-04-29T00:31:47.551+0000] {dagbag.py:525} INFO - Filling up the DagBag from /opt/airflow/dags/etl.py
[2024-04-29T00:31:47.594+0000] {processor.py:768} INFO - DAG(s) dict_keys(['etl']) retrieved from /opt/airflow/dags/etl.py
[2024-04-29T00:31:47.784+0000] {logging_mixin.py:117} INFO - [2024-04-29T00:31:47.784+0000] {dag.py:2573} INFO - Sync 1 DAGs
[2024-04-29T00:31:47.815+0000] {logging_mixin.py:117} INFO - [2024-04-29T00:31:47.815+0000] {dag.py:3328} INFO - Setting next_dagrun for etl to 2024-04-29T00:00:00+00:00, run_after=2024-04-30T00:00:00+00:00
[2024-04-29T00:31:47.838+0000] {processor.py:178} INFO - Processing /opt/airflow/dags/etl.py took 0.291 seconds
[2024-04-29T00:32:18.246+0000] {processor.py:156} INFO - Started process (PID=1705) to work on /opt/airflow/dags/etl.py
[2024-04-29T00:32:18.247+0000] {processor.py:758} INFO - Processing file /opt/airflow/dags/etl.py for tasks to queue
[2024-04-29T00:32:18.248+0000] {logging_mixin.py:117} INFO - [2024-04-29T00:32:18.248+0000] {dagbag.py:525} INFO - Filling up the DagBag from /opt/airflow/dags/etl.py
[2024-04-29T00:32:18.302+0000] {processor.py:768} INFO - DAG(s) dict_keys(['etl']) retrieved from /opt/airflow/dags/etl.py
[2024-04-29T00:32:18.484+0000] {logging_mixin.py:117} INFO - [2024-04-29T00:32:18.484+0000] {dag.py:2573} INFO - Sync 1 DAGs
[2024-04-29T00:32:18.520+0000] {logging_mixin.py:117} INFO - [2024-04-29T00:32:18.520+0000] {dag.py:3328} INFO - Setting next_dagrun for etl to 2024-04-29T00:00:00+00:00, run_after=2024-04-30T00:00:00+00:00
[2024-04-29T00:32:18.560+0000] {processor.py:178} INFO - Processing /opt/airflow/dags/etl.py took 0.317 seconds
[2024-04-29T00:32:49.228+0000] {processor.py:156} INFO - Started process (PID=1927) to work on /opt/airflow/dags/etl.py
[2024-04-29T00:32:49.229+0000] {processor.py:758} INFO - Processing file /opt/airflow/dags/etl.py for tasks to queue
[2024-04-29T00:32:49.229+0000] {logging_mixin.py:117} INFO - [2024-04-29T00:32:49.229+0000] {dagbag.py:525} INFO - Filling up the DagBag from /opt/airflow/dags/etl.py
[2024-04-29T00:32:49.410+0000] {processor.py:768} INFO - DAG(s) dict_keys(['etl']) retrieved from /opt/airflow/dags/etl.py
[2024-04-29T00:32:49.453+0000] {logging_mixin.py:117} INFO - [2024-04-29T00:32:49.452+0000] {dag.py:2573} INFO - Sync 1 DAGs
[2024-04-29T00:32:49.485+0000] {logging_mixin.py:117} INFO - [2024-04-29T00:32:49.485+0000] {dag.py:3328} INFO - Setting next_dagrun for etl to 2024-04-29T00:00:00+00:00, run_after=2024-04-30T00:00:00+00:00
[2024-04-29T00:32:49.508+0000] {processor.py:178} INFO - Processing /opt/airflow/dags/etl.py took 0.284 seconds
[2024-04-29T00:33:19.627+0000] {processor.py:156} INFO - Started process (PID=2150) to work on /opt/airflow/dags/etl.py
[2024-04-29T00:33:19.628+0000] {processor.py:758} INFO - Processing file /opt/airflow/dags/etl.py for tasks to queue
[2024-04-29T00:33:19.629+0000] {logging_mixin.py:117} INFO - [2024-04-29T00:33:19.629+0000] {dagbag.py:525} INFO - Filling up the DagBag from /opt/airflow/dags/etl.py
[2024-04-29T00:33:19.810+0000] {processor.py:768} INFO - DAG(s) dict_keys(['etl']) retrieved from /opt/airflow/dags/etl.py
[2024-04-29T00:33:19.850+0000] {logging_mixin.py:117} INFO - [2024-04-29T00:33:19.849+0000] {dag.py:2573} INFO - Sync 1 DAGs
[2024-04-29T00:33:19.881+0000] {logging_mixin.py:117} INFO - [2024-04-29T00:33:19.881+0000] {dag.py:3328} INFO - Setting next_dagrun for etl to 2024-04-29T00:00:00+00:00, run_after=2024-04-30T00:00:00+00:00
[2024-04-29T00:33:19.904+0000] {processor.py:178} INFO - Processing /opt/airflow/dags/etl.py took 0.280 seconds
[2024-04-29T00:33:50.033+0000] {processor.py:156} INFO - Started process (PID=2365) to work on /opt/airflow/dags/etl.py
[2024-04-29T00:33:50.034+0000] {processor.py:758} INFO - Processing file /opt/airflow/dags/etl.py for tasks to queue
[2024-04-29T00:33:50.035+0000] {logging_mixin.py:117} INFO - [2024-04-29T00:33:50.035+0000] {dagbag.py:525} INFO - Filling up the DagBag from /opt/airflow/dags/etl.py
[2024-04-29T00:33:50.079+0000] {processor.py:768} INFO - DAG(s) dict_keys(['etl']) retrieved from /opt/airflow/dags/etl.py
[2024-04-29T00:33:50.266+0000] {logging_mixin.py:117} INFO - [2024-04-29T00:33:50.266+0000] {dag.py:2573} INFO - Sync 1 DAGs
[2024-04-29T00:33:50.303+0000] {logging_mixin.py:117} INFO - [2024-04-29T00:33:50.303+0000] {dag.py:3328} INFO - Setting next_dagrun for etl to 2024-04-29T00:00:00+00:00, run_after=2024-04-30T00:00:00+00:00
[2024-04-29T00:33:50.328+0000] {processor.py:178} INFO - Processing /opt/airflow/dags/etl.py took 0.297 seconds
[2024-04-29T00:34:20.402+0000] {processor.py:156} INFO - Started process (PID=2587) to work on /opt/airflow/dags/etl.py
[2024-04-29T00:34:20.402+0000] {processor.py:758} INFO - Processing file /opt/airflow/dags/etl.py for tasks to queue
[2024-04-29T00:34:20.403+0000] {logging_mixin.py:117} INFO - [2024-04-29T00:34:20.403+0000] {dagbag.py:525} INFO - Filling up the DagBag from /opt/airflow/dags/etl.py
[2024-04-29T00:34:20.448+0000] {processor.py:768} INFO - DAG(s) dict_keys(['etl']) retrieved from /opt/airflow/dags/etl.py
[2024-04-29T00:34:20.707+0000] {logging_mixin.py:117} INFO - [2024-04-29T00:34:20.707+0000] {dag.py:2573} INFO - Sync 1 DAGs
[2024-04-29T00:34:20.737+0000] {logging_mixin.py:117} INFO - [2024-04-29T00:34:20.737+0000] {dag.py:3328} INFO - Setting next_dagrun for etl to 2024-04-29T00:00:00+00:00, run_after=2024-04-30T00:00:00+00:00
[2024-04-29T00:34:20.763+0000] {processor.py:178} INFO - Processing /opt/airflow/dags/etl.py took 0.364 seconds
[2024-04-29T00:34:51.093+0000] {processor.py:156} INFO - Started process (PID=2800) to work on /opt/airflow/dags/etl.py
[2024-04-29T00:34:51.094+0000] {processor.py:758} INFO - Processing file /opt/airflow/dags/etl.py for tasks to queue
[2024-04-29T00:34:51.094+0000] {logging_mixin.py:117} INFO - [2024-04-29T00:34:51.094+0000] {dagbag.py:525} INFO - Filling up the DagBag from /opt/airflow/dags/etl.py
[2024-04-29T00:34:51.277+0000] {processor.py:768} INFO - DAG(s) dict_keys(['etl']) retrieved from /opt/airflow/dags/etl.py
[2024-04-29T00:34:51.319+0000] {logging_mixin.py:117} INFO - [2024-04-29T00:34:51.319+0000] {dag.py:2573} INFO - Sync 1 DAGs
[2024-04-29T00:34:51.353+0000] {logging_mixin.py:117} INFO - [2024-04-29T00:34:51.353+0000] {dag.py:3328} INFO - Setting next_dagrun for etl to 2024-04-29T00:00:00+00:00, run_after=2024-04-30T00:00:00+00:00
[2024-04-29T00:34:51.380+0000] {processor.py:178} INFO - Processing /opt/airflow/dags/etl.py took 0.290 seconds
[2024-04-29T00:35:21.992+0000] {processor.py:156} INFO - Started process (PID=3022) to work on /opt/airflow/dags/etl.py
[2024-04-29T00:35:21.993+0000] {processor.py:758} INFO - Processing file /opt/airflow/dags/etl.py for tasks to queue
[2024-04-29T00:35:21.994+0000] {logging_mixin.py:117} INFO - [2024-04-29T00:35:21.994+0000] {dagbag.py:525} INFO - Filling up the DagBag from /opt/airflow/dags/etl.py
[2024-04-29T00:35:22.184+0000] {processor.py:768} INFO - DAG(s) dict_keys(['etl']) retrieved from /opt/airflow/dags/etl.py
[2024-04-29T00:35:22.223+0000] {logging_mixin.py:117} INFO - [2024-04-29T00:35:22.223+0000] {dag.py:2573} INFO - Sync 1 DAGs
[2024-04-29T00:35:22.254+0000] {logging_mixin.py:117} INFO - [2024-04-29T00:35:22.254+0000] {dag.py:3328} INFO - Setting next_dagrun for etl to 2024-04-29T00:00:00+00:00, run_after=2024-04-30T00:00:00+00:00
[2024-04-29T00:35:22.277+0000] {processor.py:178} INFO - Processing /opt/airflow/dags/etl.py took 0.288 seconds
[2024-04-29T00:35:52.680+0000] {processor.py:156} INFO - Started process (PID=3247) to work on /opt/airflow/dags/etl.py
[2024-04-29T00:35:52.680+0000] {processor.py:758} INFO - Processing file /opt/airflow/dags/etl.py for tasks to queue
[2024-04-29T00:35:52.681+0000] {logging_mixin.py:117} INFO - [2024-04-29T00:35:52.681+0000] {dagbag.py:525} INFO - Filling up the DagBag from /opt/airflow/dags/etl.py
[2024-04-29T00:35:52.721+0000] {processor.py:768} INFO - DAG(s) dict_keys(['etl']) retrieved from /opt/airflow/dags/etl.py
[2024-04-29T00:35:52.775+0000] {logging_mixin.py:117} INFO - [2024-04-29T00:35:52.775+0000] {dag.py:2573} INFO - Sync 1 DAGs
[2024-04-29T00:35:52.945+0000] {logging_mixin.py:117} INFO - [2024-04-29T00:35:52.944+0000] {dag.py:3328} INFO - Setting next_dagrun for etl to 2024-04-29T00:00:00+00:00, run_after=2024-04-30T00:00:00+00:00
[2024-04-29T00:35:52.968+0000] {processor.py:178} INFO - Processing /opt/airflow/dags/etl.py took 0.291 seconds
[2024-04-29T00:36:23.216+0000] {processor.py:156} INFO - Started process (PID=3460) to work on /opt/airflow/dags/etl.py
[2024-04-29T00:36:23.217+0000] {processor.py:758} INFO - Processing file /opt/airflow/dags/etl.py for tasks to queue
[2024-04-29T00:36:23.218+0000] {logging_mixin.py:117} INFO - [2024-04-29T00:36:23.218+0000] {dagbag.py:525} INFO - Filling up the DagBag from /opt/airflow/dags/etl.py
[2024-04-29T00:36:23.258+0000] {processor.py:768} INFO - DAG(s) dict_keys(['etl']) retrieved from /opt/airflow/dags/etl.py
[2024-04-29T00:36:23.438+0000] {logging_mixin.py:117} INFO - [2024-04-29T00:36:23.438+0000] {dag.py:2573} INFO - Sync 1 DAGs
[2024-04-29T00:36:23.473+0000] {logging_mixin.py:117} INFO - [2024-04-29T00:36:23.473+0000] {dag.py:3328} INFO - Setting next_dagrun for etl to 2024-04-29T00:00:00+00:00, run_after=2024-04-30T00:00:00+00:00
[2024-04-29T00:36:23.498+0000] {processor.py:178} INFO - Processing /opt/airflow/dags/etl.py took 0.286 seconds
[2024-04-29T00:36:53.664+0000] {processor.py:156} INFO - Started process (PID=3682) to work on /opt/airflow/dags/etl.py
[2024-04-29T00:36:53.665+0000] {processor.py:758} INFO - Processing file /opt/airflow/dags/etl.py for tasks to queue
[2024-04-29T00:36:53.665+0000] {logging_mixin.py:117} INFO - [2024-04-29T00:36:53.665+0000] {dagbag.py:525} INFO - Filling up the DagBag from /opt/airflow/dags/etl.py
[2024-04-29T00:36:53.708+0000] {processor.py:768} INFO - DAG(s) dict_keys(['etl']) retrieved from /opt/airflow/dags/etl.py
[2024-04-29T00:36:53.899+0000] {logging_mixin.py:117} INFO - [2024-04-29T00:36:53.899+0000] {dag.py:2573} INFO - Sync 1 DAGs
[2024-04-29T00:36:53.942+0000] {logging_mixin.py:117} INFO - [2024-04-29T00:36:53.942+0000] {dag.py:3328} INFO - Setting next_dagrun for etl to 2024-04-29T00:00:00+00:00, run_after=2024-04-30T00:00:00+00:00
[2024-04-29T00:36:53.978+0000] {processor.py:178} INFO - Processing /opt/airflow/dags/etl.py took 0.317 seconds
[2024-04-29T00:37:24.279+0000] {processor.py:156} INFO - Started process (PID=3905) to work on /opt/airflow/dags/etl.py
[2024-04-29T00:37:24.281+0000] {processor.py:758} INFO - Processing file /opt/airflow/dags/etl.py for tasks to queue
[2024-04-29T00:37:24.282+0000] {logging_mixin.py:117} INFO - [2024-04-29T00:37:24.281+0000] {dagbag.py:525} INFO - Filling up the DagBag from /opt/airflow/dags/etl.py
[2024-04-29T00:37:24.470+0000] {processor.py:768} INFO - DAG(s) dict_keys(['etl']) retrieved from /opt/airflow/dags/etl.py
[2024-04-29T00:37:24.510+0000] {logging_mixin.py:117} INFO - [2024-04-29T00:37:24.510+0000] {dag.py:2573} INFO - Sync 1 DAGs
[2024-04-29T00:37:24.555+0000] {logging_mixin.py:117} INFO - [2024-04-29T00:37:24.555+0000] {dag.py:3328} INFO - Setting next_dagrun for etl to 2024-04-29T00:00:00+00:00, run_after=2024-04-30T00:00:00+00:00
[2024-04-29T00:37:24.581+0000] {processor.py:178} INFO - Processing /opt/airflow/dags/etl.py took 0.305 seconds
[2024-04-29T00:37:54.910+0000] {processor.py:156} INFO - Started process (PID=4127) to work on /opt/airflow/dags/etl.py
[2024-04-29T00:37:54.911+0000] {processor.py:758} INFO - Processing file /opt/airflow/dags/etl.py for tasks to queue
[2024-04-29T00:37:54.912+0000] {logging_mixin.py:117} INFO - [2024-04-29T00:37:54.912+0000] {dagbag.py:525} INFO - Filling up the DagBag from /opt/airflow/dags/etl.py
[2024-04-29T00:37:54.997+0000] {processor.py:768} INFO - DAG(s) dict_keys(['etl']) retrieved from /opt/airflow/dags/etl.py
[2024-04-29T00:37:55.089+0000] {logging_mixin.py:117} INFO - [2024-04-29T00:37:55.089+0000] {dag.py:2573} INFO - Sync 1 DAGs
[2024-04-29T00:37:55.144+0000] {logging_mixin.py:117} INFO - [2024-04-29T00:37:55.143+0000] {dag.py:3328} INFO - Setting next_dagrun for etl to 2024-04-29T00:00:00+00:00, run_after=2024-04-30T00:00:00+00:00
[2024-04-29T00:37:55.182+0000] {processor.py:178} INFO - Processing /opt/airflow/dags/etl.py took 0.275 seconds
[2024-04-29T00:38:25.839+0000] {processor.py:156} INFO - Started process (PID=4341) to work on /opt/airflow/dags/etl.py
[2024-04-29T00:38:25.840+0000] {processor.py:758} INFO - Processing file /opt/airflow/dags/etl.py for tasks to queue
[2024-04-29T00:38:25.841+0000] {logging_mixin.py:117} INFO - [2024-04-29T00:38:25.841+0000] {dagbag.py:525} INFO - Filling up the DagBag from /opt/airflow/dags/etl.py
[2024-04-29T00:38:25.918+0000] {processor.py:768} INFO - DAG(s) dict_keys(['etl']) retrieved from /opt/airflow/dags/etl.py
[2024-04-29T00:38:25.972+0000] {logging_mixin.py:117} INFO - [2024-04-29T00:38:25.972+0000] {dag.py:2573} INFO - Sync 1 DAGs
[2024-04-29T00:38:26.006+0000] {logging_mixin.py:117} INFO - [2024-04-29T00:38:26.006+0000] {dag.py:3328} INFO - Setting next_dagrun for etl to 2024-04-29T00:00:00+00:00, run_after=2024-04-30T00:00:00+00:00
[2024-04-29T00:38:26.036+0000] {processor.py:178} INFO - Processing /opt/airflow/dags/etl.py took 0.200 seconds
[2024-04-29T00:38:56.608+0000] {processor.py:156} INFO - Started process (PID=4564) to work on /opt/airflow/dags/etl.py
[2024-04-29T00:38:56.609+0000] {processor.py:758} INFO - Processing file /opt/airflow/dags/etl.py for tasks to queue
[2024-04-29T00:38:56.610+0000] {logging_mixin.py:117} INFO - [2024-04-29T00:38:56.609+0000] {dagbag.py:525} INFO - Filling up the DagBag from /opt/airflow/dags/etl.py
[2024-04-29T00:38:56.658+0000] {processor.py:768} INFO - DAG(s) dict_keys(['etl']) retrieved from /opt/airflow/dags/etl.py
[2024-04-29T00:38:56.704+0000] {logging_mixin.py:117} INFO - [2024-04-29T00:38:56.704+0000] {dag.py:2573} INFO - Sync 1 DAGs
[2024-04-29T00:38:56.743+0000] {logging_mixin.py:117} INFO - [2024-04-29T00:38:56.743+0000] {dag.py:3328} INFO - Setting next_dagrun for etl to 2024-04-29T00:00:00+00:00, run_after=2024-04-30T00:00:00+00:00
[2024-04-29T00:38:56.767+0000] {processor.py:178} INFO - Processing /opt/airflow/dags/etl.py took 0.162 seconds
[2024-04-29T00:39:26.977+0000] {processor.py:156} INFO - Started process (PID=4786) to work on /opt/airflow/dags/etl.py
[2024-04-29T00:39:26.978+0000] {processor.py:758} INFO - Processing file /opt/airflow/dags/etl.py for tasks to queue
[2024-04-29T00:39:26.979+0000] {logging_mixin.py:117} INFO - [2024-04-29T00:39:26.979+0000] {dagbag.py:525} INFO - Filling up the DagBag from /opt/airflow/dags/etl.py
[2024-04-29T00:39:27.056+0000] {processor.py:768} INFO - DAG(s) dict_keys(['etl']) retrieved from /opt/airflow/dags/etl.py
[2024-04-29T00:39:27.151+0000] {logging_mixin.py:117} INFO - [2024-04-29T00:39:27.151+0000] {dag.py:2573} INFO - Sync 1 DAGs
[2024-04-29T00:39:27.208+0000] {logging_mixin.py:117} INFO - [2024-04-29T00:39:27.207+0000] {dag.py:3328} INFO - Setting next_dagrun for etl to 2024-04-29T00:00:00+00:00, run_after=2024-04-30T00:00:00+00:00
[2024-04-29T00:39:27.234+0000] {processor.py:178} INFO - Processing /opt/airflow/dags/etl.py took 0.262 seconds
[2024-04-29T00:39:57.962+0000] {processor.py:156} INFO - Started process (PID=4999) to work on /opt/airflow/dags/etl.py
[2024-04-29T00:39:57.963+0000] {processor.py:758} INFO - Processing file /opt/airflow/dags/etl.py for tasks to queue
[2024-04-29T00:39:57.964+0000] {logging_mixin.py:117} INFO - [2024-04-29T00:39:57.964+0000] {dagbag.py:525} INFO - Filling up the DagBag from /opt/airflow/dags/etl.py
[2024-04-29T00:39:58.006+0000] {processor.py:768} INFO - DAG(s) dict_keys(['etl']) retrieved from /opt/airflow/dags/etl.py
[2024-04-29T00:39:58.054+0000] {logging_mixin.py:117} INFO - [2024-04-29T00:39:58.054+0000] {dag.py:2573} INFO - Sync 1 DAGs
[2024-04-29T00:39:58.089+0000] {logging_mixin.py:117} INFO - [2024-04-29T00:39:58.089+0000] {dag.py:3328} INFO - Setting next_dagrun for etl to 2024-04-29T00:00:00+00:00, run_after=2024-04-30T00:00:00+00:00
[2024-04-29T00:39:58.114+0000] {processor.py:178} INFO - Processing /opt/airflow/dags/etl.py took 0.155 seconds
[2024-04-29T00:40:28.184+0000] {processor.py:156} INFO - Started process (PID=5221) to work on /opt/airflow/dags/etl.py
[2024-04-29T00:40:28.185+0000] {processor.py:758} INFO - Processing file /opt/airflow/dags/etl.py for tasks to queue
[2024-04-29T00:40:28.185+0000] {logging_mixin.py:117} INFO - [2024-04-29T00:40:28.185+0000] {dagbag.py:525} INFO - Filling up the DagBag from /opt/airflow/dags/etl.py
[2024-04-29T00:40:28.227+0000] {processor.py:768} INFO - DAG(s) dict_keys(['etl']) retrieved from /opt/airflow/dags/etl.py
[2024-04-29T00:40:28.275+0000] {logging_mixin.py:117} INFO - [2024-04-29T00:40:28.275+0000] {dag.py:2573} INFO - Sync 1 DAGs
[2024-04-29T00:40:28.312+0000] {logging_mixin.py:117} INFO - [2024-04-29T00:40:28.312+0000] {dag.py:3328} INFO - Setting next_dagrun for etl to 2024-04-29T00:00:00+00:00, run_after=2024-04-30T00:00:00+00:00
[2024-04-29T00:40:28.341+0000] {processor.py:178} INFO - Processing /opt/airflow/dags/etl.py took 0.160 seconds
[2024-04-29T00:40:58.638+0000] {processor.py:156} INFO - Started process (PID=5450) to work on /opt/airflow/dags/etl.py
[2024-04-29T00:40:58.639+0000] {processor.py:758} INFO - Processing file /opt/airflow/dags/etl.py for tasks to queue
[2024-04-29T00:40:58.640+0000] {logging_mixin.py:117} INFO - [2024-04-29T00:40:58.640+0000] {dagbag.py:525} INFO - Filling up the DagBag from /opt/airflow/dags/etl.py
[2024-04-29T00:40:58.733+0000] {processor.py:768} INFO - DAG(s) dict_keys(['etl']) retrieved from /opt/airflow/dags/etl.py
[2024-04-29T00:40:58.821+0000] {logging_mixin.py:117} INFO - [2024-04-29T00:40:58.821+0000] {dag.py:2573} INFO - Sync 1 DAGs
[2024-04-29T00:40:58.856+0000] {logging_mixin.py:117} INFO - [2024-04-29T00:40:58.856+0000] {dag.py:3328} INFO - Setting next_dagrun for etl to 2024-04-29T00:00:00+00:00, run_after=2024-04-30T00:00:00+00:00
[2024-04-29T00:40:58.889+0000] {processor.py:178} INFO - Processing /opt/airflow/dags/etl.py took 0.255 seconds
[2024-04-29T00:41:29.701+0000] {processor.py:156} INFO - Started process (PID=5664) to work on /opt/airflow/dags/etl.py
[2024-04-29T00:41:29.702+0000] {processor.py:758} INFO - Processing file /opt/airflow/dags/etl.py for tasks to queue
[2024-04-29T00:41:29.703+0000] {logging_mixin.py:117} INFO - [2024-04-29T00:41:29.703+0000] {dagbag.py:525} INFO - Filling up the DagBag from /opt/airflow/dags/etl.py
[2024-04-29T00:41:29.746+0000] {processor.py:768} INFO - DAG(s) dict_keys(['etl']) retrieved from /opt/airflow/dags/etl.py
[2024-04-29T00:41:29.796+0000] {logging_mixin.py:117} INFO - [2024-04-29T00:41:29.796+0000] {dag.py:2573} INFO - Sync 1 DAGs
[2024-04-29T00:41:29.830+0000] {logging_mixin.py:117} INFO - [2024-04-29T00:41:29.830+0000] {dag.py:3328} INFO - Setting next_dagrun for etl to 2024-04-29T00:00:00+00:00, run_after=2024-04-30T00:00:00+00:00
[2024-04-29T00:41:29.855+0000] {processor.py:178} INFO - Processing /opt/airflow/dags/etl.py took 0.157 seconds
[2024-04-29T00:42:00.443+0000] {processor.py:156} INFO - Started process (PID=5887) to work on /opt/airflow/dags/etl.py
[2024-04-29T00:42:00.445+0000] {processor.py:758} INFO - Processing file /opt/airflow/dags/etl.py for tasks to queue
[2024-04-29T00:42:00.445+0000] {logging_mixin.py:117} INFO - [2024-04-29T00:42:00.445+0000] {dagbag.py:525} INFO - Filling up the DagBag from /opt/airflow/dags/etl.py
[2024-04-29T00:42:00.489+0000] {processor.py:768} INFO - DAG(s) dict_keys(['etl']) retrieved from /opt/airflow/dags/etl.py
[2024-04-29T00:42:00.533+0000] {logging_mixin.py:117} INFO - [2024-04-29T00:42:00.533+0000] {dag.py:2573} INFO - Sync 1 DAGs
[2024-04-29T00:42:00.566+0000] {logging_mixin.py:117} INFO - [2024-04-29T00:42:00.566+0000] {dag.py:3328} INFO - Setting next_dagrun for etl to 2024-04-29T00:00:00+00:00, run_after=2024-04-30T00:00:00+00:00
[2024-04-29T00:42:00.590+0000] {processor.py:178} INFO - Processing /opt/airflow/dags/etl.py took 0.150 seconds
[2024-04-29T00:42:30.749+0000] {processor.py:156} INFO - Started process (PID=6111) to work on /opt/airflow/dags/etl.py
[2024-04-29T00:42:30.754+0000] {processor.py:758} INFO - Processing file /opt/airflow/dags/etl.py for tasks to queue
[2024-04-29T00:42:30.755+0000] {logging_mixin.py:117} INFO - [2024-04-29T00:42:30.755+0000] {dagbag.py:525} INFO - Filling up the DagBag from /opt/airflow/dags/etl.py
[2024-04-29T00:42:30.879+0000] {processor.py:768} INFO - DAG(s) dict_keys(['etl']) retrieved from /opt/airflow/dags/etl.py
[2024-04-29T00:42:30.996+0000] {logging_mixin.py:117} INFO - [2024-04-29T00:42:30.996+0000] {dag.py:2573} INFO - Sync 1 DAGs
[2024-04-29T00:42:31.066+0000] {logging_mixin.py:117} INFO - [2024-04-29T00:42:31.066+0000] {dag.py:3328} INFO - Setting next_dagrun for etl to 2024-04-29T00:00:00+00:00, run_after=2024-04-30T00:00:00+00:00
[2024-04-29T00:42:31.117+0000] {processor.py:178} INFO - Processing /opt/airflow/dags/etl.py took 0.380 seconds
[2024-04-29T00:43:01.916+0000] {processor.py:156} INFO - Started process (PID=6325) to work on /opt/airflow/dags/etl.py
[2024-04-29T00:43:01.916+0000] {processor.py:758} INFO - Processing file /opt/airflow/dags/etl.py for tasks to queue
[2024-04-29T00:43:01.917+0000] {logging_mixin.py:117} INFO - [2024-04-29T00:43:01.917+0000] {dagbag.py:525} INFO - Filling up the DagBag from /opt/airflow/dags/etl.py
[2024-04-29T00:43:01.961+0000] {processor.py:768} INFO - DAG(s) dict_keys(['etl']) retrieved from /opt/airflow/dags/etl.py
[2024-04-29T00:43:02.007+0000] {logging_mixin.py:117} INFO - [2024-04-29T00:43:02.007+0000] {dag.py:2573} INFO - Sync 1 DAGs
[2024-04-29T00:43:02.042+0000] {logging_mixin.py:117} INFO - [2024-04-29T00:43:02.042+0000] {dag.py:3328} INFO - Setting next_dagrun for etl to 2024-04-29T00:00:00+00:00, run_after=2024-04-30T00:00:00+00:00
[2024-04-29T00:43:02.064+0000] {processor.py:178} INFO - Processing /opt/airflow/dags/etl.py took 0.152 seconds
[2024-04-29T00:43:32.544+0000] {processor.py:156} INFO - Started process (PID=6548) to work on /opt/airflow/dags/etl.py
[2024-04-29T00:43:32.545+0000] {processor.py:758} INFO - Processing file /opt/airflow/dags/etl.py for tasks to queue
[2024-04-29T00:43:32.546+0000] {logging_mixin.py:117} INFO - [2024-04-29T00:43:32.546+0000] {dagbag.py:525} INFO - Filling up the DagBag from /opt/airflow/dags/etl.py
[2024-04-29T00:43:32.590+0000] {processor.py:768} INFO - DAG(s) dict_keys(['etl']) retrieved from /opt/airflow/dags/etl.py
[2024-04-29T00:43:32.645+0000] {logging_mixin.py:117} INFO - [2024-04-29T00:43:32.645+0000] {dag.py:2573} INFO - Sync 1 DAGs
[2024-04-29T00:43:32.680+0000] {logging_mixin.py:117} INFO - [2024-04-29T00:43:32.680+0000] {dag.py:3328} INFO - Setting next_dagrun for etl to 2024-04-29T00:00:00+00:00, run_after=2024-04-30T00:00:00+00:00
[2024-04-29T00:43:32.704+0000] {processor.py:178} INFO - Processing /opt/airflow/dags/etl.py took 0.163 seconds
[2024-04-29T00:44:03.569+0000] {processor.py:156} INFO - Started process (PID=6770) to work on /opt/airflow/dags/etl.py
[2024-04-29T00:44:03.571+0000] {processor.py:758} INFO - Processing file /opt/airflow/dags/etl.py for tasks to queue
[2024-04-29T00:44:03.573+0000] {logging_mixin.py:117} INFO - [2024-04-29T00:44:03.572+0000] {dagbag.py:525} INFO - Filling up the DagBag from /opt/airflow/dags/etl.py
[2024-04-29T00:44:03.657+0000] {processor.py:768} INFO - DAG(s) dict_keys(['etl']) retrieved from /opt/airflow/dags/etl.py
[2024-04-29T00:44:03.744+0000] {logging_mixin.py:117} INFO - [2024-04-29T00:44:03.744+0000] {dag.py:2573} INFO - Sync 1 DAGs
[2024-04-29T00:44:03.789+0000] {logging_mixin.py:117} INFO - [2024-04-29T00:44:03.789+0000] {dag.py:3328} INFO - Setting next_dagrun for etl to 2024-04-29T00:00:00+00:00, run_after=2024-04-30T00:00:00+00:00
[2024-04-29T00:44:03.863+0000] {processor.py:178} INFO - Processing /opt/airflow/dags/etl.py took 0.298 seconds
[2024-04-29T00:44:34.065+0000] {processor.py:156} INFO - Started process (PID=6984) to work on /opt/airflow/dags/etl.py
[2024-04-29T00:44:34.066+0000] {processor.py:758} INFO - Processing file /opt/airflow/dags/etl.py for tasks to queue
[2024-04-29T00:44:34.067+0000] {logging_mixin.py:117} INFO - [2024-04-29T00:44:34.066+0000] {dagbag.py:525} INFO - Filling up the DagBag from /opt/airflow/dags/etl.py
[2024-04-29T00:44:34.108+0000] {processor.py:768} INFO - DAG(s) dict_keys(['etl']) retrieved from /opt/airflow/dags/etl.py
[2024-04-29T00:44:34.159+0000] {logging_mixin.py:117} INFO - [2024-04-29T00:44:34.159+0000] {dag.py:2573} INFO - Sync 1 DAGs
[2024-04-29T00:44:34.197+0000] {logging_mixin.py:117} INFO - [2024-04-29T00:44:34.196+0000] {dag.py:3328} INFO - Setting next_dagrun for etl to 2024-04-29T00:00:00+00:00, run_after=2024-04-30T00:00:00+00:00
[2024-04-29T00:44:34.232+0000] {processor.py:178} INFO - Processing /opt/airflow/dags/etl.py took 0.170 seconds
[2024-04-29T00:45:04.550+0000] {processor.py:156} INFO - Started process (PID=7208) to work on /opt/airflow/dags/etl.py
[2024-04-29T00:45:04.551+0000] {processor.py:758} INFO - Processing file /opt/airflow/dags/etl.py for tasks to queue
[2024-04-29T00:45:04.551+0000] {logging_mixin.py:117} INFO - [2024-04-29T00:45:04.551+0000] {dagbag.py:525} INFO - Filling up the DagBag from /opt/airflow/dags/etl.py
[2024-04-29T00:45:04.594+0000] {processor.py:768} INFO - DAG(s) dict_keys(['etl']) retrieved from /opt/airflow/dags/etl.py
[2024-04-29T00:45:04.642+0000] {logging_mixin.py:117} INFO - [2024-04-29T00:45:04.642+0000] {dag.py:2573} INFO - Sync 1 DAGs
[2024-04-29T00:45:04.718+0000] {logging_mixin.py:117} INFO - [2024-04-29T00:45:04.718+0000] {dag.py:3328} INFO - Setting next_dagrun for etl to 2024-04-29T00:00:00+00:00, run_after=2024-04-30T00:00:00+00:00
[2024-04-29T00:45:04.782+0000] {processor.py:178} INFO - Processing /opt/airflow/dags/etl.py took 0.235 seconds
[2024-04-29T00:45:34.871+0000] {processor.py:156} INFO - Started process (PID=7433) to work on /opt/airflow/dags/etl.py
[2024-04-29T00:45:34.872+0000] {processor.py:758} INFO - Processing file /opt/airflow/dags/etl.py for tasks to queue
[2024-04-29T00:45:34.873+0000] {logging_mixin.py:117} INFO - [2024-04-29T00:45:34.872+0000] {dagbag.py:525} INFO - Filling up the DagBag from /opt/airflow/dags/etl.py
[2024-04-29T00:45:34.915+0000] {processor.py:768} INFO - DAG(s) dict_keys(['etl']) retrieved from /opt/airflow/dags/etl.py
[2024-04-29T00:45:34.964+0000] {logging_mixin.py:117} INFO - [2024-04-29T00:45:34.964+0000] {dag.py:2573} INFO - Sync 1 DAGs
[2024-04-29T00:45:35.005+0000] {logging_mixin.py:117} INFO - [2024-04-29T00:45:35.005+0000] {dag.py:3328} INFO - Setting next_dagrun for etl to 2024-04-29T00:00:00+00:00, run_after=2024-04-30T00:00:00+00:00
[2024-04-29T00:45:35.036+0000] {processor.py:178} INFO - Processing /opt/airflow/dags/etl.py took 0.170 seconds
[2024-04-29T00:46:05.691+0000] {processor.py:156} INFO - Started process (PID=7647) to work on /opt/airflow/dags/etl.py
[2024-04-29T00:46:05.692+0000] {processor.py:758} INFO - Processing file /opt/airflow/dags/etl.py for tasks to queue
[2024-04-29T00:46:05.693+0000] {logging_mixin.py:117} INFO - [2024-04-29T00:46:05.693+0000] {dagbag.py:525} INFO - Filling up the DagBag from /opt/airflow/dags/etl.py
[2024-04-29T00:46:05.735+0000] {processor.py:768} INFO - DAG(s) dict_keys(['etl']) retrieved from /opt/airflow/dags/etl.py
[2024-04-29T00:46:05.788+0000] {logging_mixin.py:117} INFO - [2024-04-29T00:46:05.788+0000] {dag.py:2573} INFO - Sync 1 DAGs
[2024-04-29T00:46:05.822+0000] {logging_mixin.py:117} INFO - [2024-04-29T00:46:05.822+0000] {dag.py:3328} INFO - Setting next_dagrun for etl to 2024-04-29T00:00:00+00:00, run_after=2024-04-30T00:00:00+00:00
[2024-04-29T00:46:05.848+0000] {processor.py:178} INFO - Processing /opt/airflow/dags/etl.py took 0.160 seconds
[2024-04-29T00:46:36.375+0000] {processor.py:156} INFO - Started process (PID=7872) to work on /opt/airflow/dags/etl.py
[2024-04-29T00:46:36.375+0000] {processor.py:758} INFO - Processing file /opt/airflow/dags/etl.py for tasks to queue
[2024-04-29T00:46:36.376+0000] {logging_mixin.py:117} INFO - [2024-04-29T00:46:36.376+0000] {dagbag.py:525} INFO - Filling up the DagBag from /opt/airflow/dags/etl.py
[2024-04-29T00:46:36.419+0000] {processor.py:768} INFO - DAG(s) dict_keys(['etl']) retrieved from /opt/airflow/dags/etl.py
[2024-04-29T00:46:36.465+0000] {logging_mixin.py:117} INFO - [2024-04-29T00:46:36.465+0000] {dag.py:2573} INFO - Sync 1 DAGs
[2024-04-29T00:46:36.500+0000] {logging_mixin.py:117} INFO - [2024-04-29T00:46:36.499+0000] {dag.py:3328} INFO - Setting next_dagrun for etl to 2024-04-29T00:00:00+00:00, run_after=2024-04-30T00:00:00+00:00
[2024-04-29T00:46:36.525+0000] {processor.py:178} INFO - Processing /opt/airflow/dags/etl.py took 0.153 seconds
[2024-04-29T00:47:06.988+0000] {processor.py:156} INFO - Started process (PID=8095) to work on /opt/airflow/dags/etl.py
[2024-04-29T00:47:06.996+0000] {processor.py:758} INFO - Processing file /opt/airflow/dags/etl.py for tasks to queue
[2024-04-29T00:47:06.997+0000] {logging_mixin.py:117} INFO - [2024-04-29T00:47:06.997+0000] {dagbag.py:525} INFO - Filling up the DagBag from /opt/airflow/dags/etl.py
[2024-04-29T00:47:07.079+0000] {processor.py:768} INFO - DAG(s) dict_keys(['etl']) retrieved from /opt/airflow/dags/etl.py
[2024-04-29T00:47:07.167+0000] {logging_mixin.py:117} INFO - [2024-04-29T00:47:07.167+0000] {dag.py:2573} INFO - Sync 1 DAGs
[2024-04-29T00:47:07.240+0000] {logging_mixin.py:117} INFO - [2024-04-29T00:47:07.239+0000] {dag.py:3328} INFO - Setting next_dagrun for etl to 2024-04-29T00:00:00+00:00, run_after=2024-04-30T00:00:00+00:00
[2024-04-29T00:47:07.286+0000] {processor.py:178} INFO - Processing /opt/airflow/dags/etl.py took 0.301 seconds
[2024-04-29T00:47:37.470+0000] {processor.py:156} INFO - Started process (PID=8310) to work on /opt/airflow/dags/etl.py
[2024-04-29T00:47:37.471+0000] {processor.py:758} INFO - Processing file /opt/airflow/dags/etl.py for tasks to queue
[2024-04-29T00:47:37.472+0000] {logging_mixin.py:117} INFO - [2024-04-29T00:47:37.472+0000] {dagbag.py:525} INFO - Filling up the DagBag from /opt/airflow/dags/etl.py
[2024-04-29T00:47:37.517+0000] {processor.py:768} INFO - DAG(s) dict_keys(['etl']) retrieved from /opt/airflow/dags/etl.py
[2024-04-29T00:47:37.563+0000] {logging_mixin.py:117} INFO - [2024-04-29T00:47:37.563+0000] {dag.py:2573} INFO - Sync 1 DAGs
[2024-04-29T00:47:37.599+0000] {logging_mixin.py:117} INFO - [2024-04-29T00:47:37.598+0000] {dag.py:3328} INFO - Setting next_dagrun for etl to 2024-04-29T00:00:00+00:00, run_after=2024-04-30T00:00:00+00:00
[2024-04-29T00:47:37.627+0000] {processor.py:178} INFO - Processing /opt/airflow/dags/etl.py took 0.161 seconds
[2024-04-29T00:48:08.376+0000] {processor.py:156} INFO - Started process (PID=8531) to work on /opt/airflow/dags/etl.py
[2024-04-29T00:48:08.377+0000] {processor.py:758} INFO - Processing file /opt/airflow/dags/etl.py for tasks to queue
[2024-04-29T00:48:08.378+0000] {logging_mixin.py:117} INFO - [2024-04-29T00:48:08.378+0000] {dagbag.py:525} INFO - Filling up the DagBag from /opt/airflow/dags/etl.py
[2024-04-29T00:48:08.424+0000] {processor.py:768} INFO - DAG(s) dict_keys(['etl']) retrieved from /opt/airflow/dags/etl.py
[2024-04-29T00:48:08.475+0000] {logging_mixin.py:117} INFO - [2024-04-29T00:48:08.475+0000] {dag.py:2573} INFO - Sync 1 DAGs
[2024-04-29T00:48:08.512+0000] {logging_mixin.py:117} INFO - [2024-04-29T00:48:08.512+0000] {dag.py:3328} INFO - Setting next_dagrun for etl to 2024-04-29T00:00:00+00:00, run_after=2024-04-30T00:00:00+00:00
[2024-04-29T00:48:08.539+0000] {processor.py:178} INFO - Processing /opt/airflow/dags/etl.py took 0.167 seconds
[2024-04-29T00:48:39.233+0000] {processor.py:156} INFO - Started process (PID=8754) to work on /opt/airflow/dags/etl.py
[2024-04-29T00:48:39.235+0000] {processor.py:758} INFO - Processing file /opt/airflow/dags/etl.py for tasks to queue
[2024-04-29T00:48:39.242+0000] {logging_mixin.py:117} INFO - [2024-04-29T00:48:39.242+0000] {dagbag.py:525} INFO - Filling up the DagBag from /opt/airflow/dags/etl.py
[2024-04-29T00:48:39.331+0000] {processor.py:768} INFO - DAG(s) dict_keys(['etl']) retrieved from /opt/airflow/dags/etl.py
[2024-04-29T00:48:39.408+0000] {logging_mixin.py:117} INFO - [2024-04-29T00:48:39.408+0000] {dag.py:2573} INFO - Sync 1 DAGs
[2024-04-29T00:48:39.451+0000] {logging_mixin.py:117} INFO - [2024-04-29T00:48:39.451+0000] {dag.py:3328} INFO - Setting next_dagrun for etl to 2024-04-29T00:00:00+00:00, run_after=2024-04-30T00:00:00+00:00
[2024-04-29T00:48:39.485+0000] {processor.py:178} INFO - Processing /opt/airflow/dags/etl.py took 0.256 seconds
[2024-04-29T00:49:09.598+0000] {processor.py:156} INFO - Started process (PID=8972) to work on /opt/airflow/dags/etl.py
[2024-04-29T00:49:09.599+0000] {processor.py:758} INFO - Processing file /opt/airflow/dags/etl.py for tasks to queue
[2024-04-29T00:49:09.599+0000] {logging_mixin.py:117} INFO - [2024-04-29T00:49:09.599+0000] {dagbag.py:525} INFO - Filling up the DagBag from /opt/airflow/dags/etl.py
[2024-04-29T00:49:09.629+0000] {processor.py:768} INFO - DAG(s) dict_keys(['etl']) retrieved from /opt/airflow/dags/etl.py
[2024-04-29T00:49:09.661+0000] {logging_mixin.py:117} INFO - [2024-04-29T00:49:09.661+0000] {dag.py:2573} INFO - Sync 1 DAGs
[2024-04-29T00:49:09.686+0000] {logging_mixin.py:117} INFO - [2024-04-29T00:49:09.686+0000] {dag.py:3328} INFO - Setting next_dagrun for etl to 2024-04-29T00:00:00+00:00, run_after=2024-04-30T00:00:00+00:00
[2024-04-29T00:49:09.706+0000] {processor.py:178} INFO - Processing /opt/airflow/dags/etl.py took 0.110 seconds
[2024-04-29T00:49:39.881+0000] {processor.py:156} INFO - Started process (PID=9190) to work on /opt/airflow/dags/etl.py
[2024-04-29T00:49:39.882+0000] {processor.py:758} INFO - Processing file /opt/airflow/dags/etl.py for tasks to queue
[2024-04-29T00:49:39.883+0000] {logging_mixin.py:117} INFO - [2024-04-29T00:49:39.883+0000] {dagbag.py:525} INFO - Filling up the DagBag from /opt/airflow/dags/etl.py
[2024-04-29T00:49:39.926+0000] {processor.py:768} INFO - DAG(s) dict_keys(['etl']) retrieved from /opt/airflow/dags/etl.py
[2024-04-29T00:49:40.005+0000] {logging_mixin.py:117} INFO - [2024-04-29T00:49:40.004+0000] {dag.py:2573} INFO - Sync 1 DAGs
[2024-04-29T00:49:40.039+0000] {logging_mixin.py:117} INFO - [2024-04-29T00:49:40.039+0000] {dag.py:3328} INFO - Setting next_dagrun for etl to 2024-04-29T00:00:00+00:00, run_after=2024-04-30T00:00:00+00:00
[2024-04-29T00:49:40.069+0000] {processor.py:178} INFO - Processing /opt/airflow/dags/etl.py took 0.191 seconds
[2024-04-29T00:50:10.767+0000] {processor.py:156} INFO - Started process (PID=9413) to work on /opt/airflow/dags/etl.py
[2024-04-29T00:50:10.769+0000] {processor.py:758} INFO - Processing file /opt/airflow/dags/etl.py for tasks to queue
[2024-04-29T00:50:10.770+0000] {logging_mixin.py:117} INFO - [2024-04-29T00:50:10.769+0000] {dagbag.py:525} INFO - Filling up the DagBag from /opt/airflow/dags/etl.py
[2024-04-29T00:50:10.849+0000] {processor.py:768} INFO - DAG(s) dict_keys(['etl']) retrieved from /opt/airflow/dags/etl.py
[2024-04-29T00:50:10.915+0000] {logging_mixin.py:117} INFO - [2024-04-29T00:50:10.915+0000] {dag.py:2573} INFO - Sync 1 DAGs
[2024-04-29T00:50:10.962+0000] {logging_mixin.py:117} INFO - [2024-04-29T00:50:10.962+0000] {dag.py:3328} INFO - Setting next_dagrun for etl to 2024-04-29T00:00:00+00:00, run_after=2024-04-30T00:00:00+00:00
[2024-04-29T00:50:10.995+0000] {processor.py:178} INFO - Processing /opt/airflow/dags/etl.py took 0.231 seconds
[2024-04-29T00:50:41.707+0000] {processor.py:156} INFO - Started process (PID=9627) to work on /opt/airflow/dags/etl.py
[2024-04-29T00:50:41.708+0000] {processor.py:758} INFO - Processing file /opt/airflow/dags/etl.py for tasks to queue
[2024-04-29T00:50:41.708+0000] {logging_mixin.py:117} INFO - [2024-04-29T00:50:41.708+0000] {dagbag.py:525} INFO - Filling up the DagBag from /opt/airflow/dags/etl.py
[2024-04-29T00:50:41.750+0000] {processor.py:768} INFO - DAG(s) dict_keys(['etl']) retrieved from /opt/airflow/dags/etl.py
[2024-04-29T00:50:41.825+0000] {logging_mixin.py:117} INFO - [2024-04-29T00:50:41.825+0000] {dag.py:2573} INFO - Sync 1 DAGs
[2024-04-29T00:50:41.856+0000] {logging_mixin.py:117} INFO - [2024-04-29T00:50:41.856+0000] {dag.py:3328} INFO - Setting next_dagrun for etl to 2024-04-29T00:00:00+00:00, run_after=2024-04-30T00:00:00+00:00
[2024-04-29T00:50:41.880+0000] {processor.py:178} INFO - Processing /opt/airflow/dags/etl.py took 0.176 seconds
[2024-04-29T00:51:12.254+0000] {processor.py:156} INFO - Started process (PID=9849) to work on /opt/airflow/dags/etl.py
[2024-04-29T00:51:12.255+0000] {processor.py:758} INFO - Processing file /opt/airflow/dags/etl.py for tasks to queue
[2024-04-29T00:51:12.256+0000] {logging_mixin.py:117} INFO - [2024-04-29T00:51:12.256+0000] {dagbag.py:525} INFO - Filling up the DagBag from /opt/airflow/dags/etl.py
[2024-04-29T00:51:12.301+0000] {processor.py:768} INFO - DAG(s) dict_keys(['etl']) retrieved from /opt/airflow/dags/etl.py
[2024-04-29T00:51:12.348+0000] {logging_mixin.py:117} INFO - [2024-04-29T00:51:12.348+0000] {dag.py:2573} INFO - Sync 1 DAGs
[2024-04-29T00:51:12.383+0000] {logging_mixin.py:117} INFO - [2024-04-29T00:51:12.383+0000] {dag.py:3328} INFO - Setting next_dagrun for etl to 2024-04-29T00:00:00+00:00, run_after=2024-04-30T00:00:00+00:00
[2024-04-29T00:51:12.409+0000] {processor.py:178} INFO - Processing /opt/airflow/dags/etl.py took 0.159 seconds
[2024-04-29T00:51:42.520+0000] {processor.py:156} INFO - Started process (PID=10072) to work on /opt/airflow/dags/etl.py
[2024-04-29T00:51:42.522+0000] {processor.py:758} INFO - Processing file /opt/airflow/dags/etl.py for tasks to queue
[2024-04-29T00:51:42.522+0000] {logging_mixin.py:117} INFO - [2024-04-29T00:51:42.522+0000] {dagbag.py:525} INFO - Filling up the DagBag from /opt/airflow/dags/etl.py
[2024-04-29T00:51:42.617+0000] {processor.py:768} INFO - DAG(s) dict_keys(['etl']) retrieved from /opt/airflow/dags/etl.py
[2024-04-29T00:51:42.699+0000] {logging_mixin.py:117} INFO - [2024-04-29T00:51:42.699+0000] {dag.py:2573} INFO - Sync 1 DAGs
[2024-04-29T00:51:42.733+0000] {logging_mixin.py:117} INFO - [2024-04-29T00:51:42.733+0000] {dag.py:3328} INFO - Setting next_dagrun for etl to 2024-04-29T00:00:00+00:00, run_after=2024-04-30T00:00:00+00:00
[2024-04-29T00:51:42.762+0000] {processor.py:178} INFO - Processing /opt/airflow/dags/etl.py took 0.250 seconds
[2024-04-29T00:52:12.852+0000] {processor.py:156} INFO - Started process (PID=10286) to work on /opt/airflow/dags/etl.py
[2024-04-29T00:52:12.853+0000] {processor.py:758} INFO - Processing file /opt/airflow/dags/etl.py for tasks to queue
[2024-04-29T00:52:12.853+0000] {logging_mixin.py:117} INFO - [2024-04-29T00:52:12.853+0000] {dagbag.py:525} INFO - Filling up the DagBag from /opt/airflow/dags/etl.py
[2024-04-29T00:52:12.904+0000] {processor.py:768} INFO - DAG(s) dict_keys(['etl']) retrieved from /opt/airflow/dags/etl.py
[2024-04-29T00:52:12.951+0000] {logging_mixin.py:117} INFO - [2024-04-29T00:52:12.950+0000] {dag.py:2573} INFO - Sync 1 DAGs
[2024-04-29T00:52:12.984+0000] {logging_mixin.py:117} INFO - [2024-04-29T00:52:12.983+0000] {dag.py:3328} INFO - Setting next_dagrun for etl to 2024-04-29T00:00:00+00:00, run_after=2024-04-30T00:00:00+00:00
[2024-04-29T00:52:13.007+0000] {processor.py:178} INFO - Processing /opt/airflow/dags/etl.py took 0.159 seconds
[2024-04-29T00:52:43.672+0000] {processor.py:156} INFO - Started process (PID=10510) to work on /opt/airflow/dags/etl.py
[2024-04-29T00:52:43.673+0000] {processor.py:758} INFO - Processing file /opt/airflow/dags/etl.py for tasks to queue
[2024-04-29T00:52:43.674+0000] {logging_mixin.py:117} INFO - [2024-04-29T00:52:43.673+0000] {dagbag.py:525} INFO - Filling up the DagBag from /opt/airflow/dags/etl.py
[2024-04-29T00:52:43.752+0000] {processor.py:768} INFO - DAG(s) dict_keys(['etl']) retrieved from /opt/airflow/dags/etl.py
[2024-04-29T00:52:43.837+0000] {logging_mixin.py:117} INFO - [2024-04-29T00:52:43.837+0000] {dag.py:2573} INFO - Sync 1 DAGs
[2024-04-29T00:52:43.868+0000] {logging_mixin.py:117} INFO - [2024-04-29T00:52:43.868+0000] {dag.py:3328} INFO - Setting next_dagrun for etl to 2024-04-29T00:00:00+00:00, run_after=2024-04-30T00:00:00+00:00
[2024-04-29T00:52:43.892+0000] {processor.py:178} INFO - Processing /opt/airflow/dags/etl.py took 0.225 seconds
[2024-04-29T00:53:14.486+0000] {processor.py:156} INFO - Started process (PID=10734) to work on /opt/airflow/dags/etl.py
[2024-04-29T00:53:14.486+0000] {processor.py:758} INFO - Processing file /opt/airflow/dags/etl.py for tasks to queue
[2024-04-29T00:53:14.487+0000] {logging_mixin.py:117} INFO - [2024-04-29T00:53:14.487+0000] {dagbag.py:525} INFO - Filling up the DagBag from /opt/airflow/dags/etl.py
[2024-04-29T00:53:14.577+0000] {processor.py:768} INFO - DAG(s) dict_keys(['etl']) retrieved from /opt/airflow/dags/etl.py
[2024-04-29T00:53:14.677+0000] {logging_mixin.py:117} INFO - [2024-04-29T00:53:14.676+0000] {dag.py:2573} INFO - Sync 1 DAGs
[2024-04-29T00:53:14.727+0000] {logging_mixin.py:117} INFO - [2024-04-29T00:53:14.727+0000] {dag.py:3328} INFO - Setting next_dagrun for etl to 2024-04-29T00:00:00+00:00, run_after=2024-04-30T00:00:00+00:00
[2024-04-29T00:53:14.758+0000] {processor.py:178} INFO - Processing /opt/airflow/dags/etl.py took 0.275 seconds
[2024-04-29T00:53:44.796+0000] {processor.py:156} INFO - Started process (PID=10946) to work on /opt/airflow/dags/etl.py
[2024-04-29T00:53:44.797+0000] {processor.py:758} INFO - Processing file /opt/airflow/dags/etl.py for tasks to queue
[2024-04-29T00:53:44.798+0000] {logging_mixin.py:117} INFO - [2024-04-29T00:53:44.797+0000] {dagbag.py:525} INFO - Filling up the DagBag from /opt/airflow/dags/etl.py
[2024-04-29T00:53:44.843+0000] {processor.py:768} INFO - DAG(s) dict_keys(['etl']) retrieved from /opt/airflow/dags/etl.py
[2024-04-29T00:53:44.891+0000] {logging_mixin.py:117} INFO - [2024-04-29T00:53:44.891+0000] {dag.py:2573} INFO - Sync 1 DAGs
[2024-04-29T00:53:44.924+0000] {logging_mixin.py:117} INFO - [2024-04-29T00:53:44.924+0000] {dag.py:3328} INFO - Setting next_dagrun for etl to 2024-04-29T00:00:00+00:00, run_after=2024-04-30T00:00:00+00:00
[2024-04-29T00:53:44.955+0000] {processor.py:178} INFO - Processing /opt/airflow/dags/etl.py took 0.162 seconds
[2024-04-29T00:54:15.549+0000] {processor.py:156} INFO - Started process (PID=11171) to work on /opt/airflow/dags/etl.py
[2024-04-29T00:54:15.550+0000] {processor.py:758} INFO - Processing file /opt/airflow/dags/etl.py for tasks to queue
[2024-04-29T00:54:15.551+0000] {logging_mixin.py:117} INFO - [2024-04-29T00:54:15.551+0000] {dagbag.py:525} INFO - Filling up the DagBag from /opt/airflow/dags/etl.py
[2024-04-29T00:54:15.630+0000] {processor.py:768} INFO - DAG(s) dict_keys(['etl']) retrieved from /opt/airflow/dags/etl.py
[2024-04-29T00:54:15.715+0000] {logging_mixin.py:117} INFO - [2024-04-29T00:54:15.715+0000] {dag.py:2573} INFO - Sync 1 DAGs
[2024-04-29T00:54:15.765+0000] {logging_mixin.py:117} INFO - [2024-04-29T00:54:15.765+0000] {dag.py:3328} INFO - Setting next_dagrun for etl to 2024-04-29T00:00:00+00:00, run_after=2024-04-30T00:00:00+00:00
[2024-04-29T00:54:15.788+0000] {processor.py:178} INFO - Processing /opt/airflow/dags/etl.py took 0.242 seconds
[2024-04-29T00:54:45.856+0000] {processor.py:156} INFO - Started process (PID=11385) to work on /opt/airflow/dags/etl.py
[2024-04-29T00:54:45.857+0000] {processor.py:758} INFO - Processing file /opt/airflow/dags/etl.py for tasks to queue
[2024-04-29T00:54:45.857+0000] {logging_mixin.py:117} INFO - [2024-04-29T00:54:45.857+0000] {dagbag.py:525} INFO - Filling up the DagBag from /opt/airflow/dags/etl.py
[2024-04-29T00:54:45.902+0000] {processor.py:768} INFO - DAG(s) dict_keys(['etl']) retrieved from /opt/airflow/dags/etl.py
[2024-04-29T00:54:45.965+0000] {logging_mixin.py:117} INFO - [2024-04-29T00:54:45.965+0000] {dag.py:2573} INFO - Sync 1 DAGs
[2024-04-29T00:54:46.027+0000] {logging_mixin.py:117} INFO - [2024-04-29T00:54:46.026+0000] {dag.py:3328} INFO - Setting next_dagrun for etl to 2024-04-29T00:00:00+00:00, run_after=2024-04-30T00:00:00+00:00
[2024-04-29T00:54:46.058+0000] {processor.py:178} INFO - Processing /opt/airflow/dags/etl.py took 0.205 seconds
