[2024-04-27T02:24:33.194+0000] {processor.py:156} INFO - Started process (PID=224) to work on /home/airflow/.local/lib/python3.7/site-packages/airflow/example_dags/example_short_circuit_decorator.py
[2024-04-27T02:24:33.195+0000] {processor.py:758} INFO - Processing file /home/airflow/.local/lib/python3.7/site-packages/airflow/example_dags/example_short_circuit_decorator.py for tasks to queue
[2024-04-27T02:24:33.196+0000] {logging_mixin.py:117} INFO - [2024-04-27T02:24:33.196+0000] {dagbag.py:525} INFO - Filling up the DagBag from /home/airflow/.local/lib/python3.7/site-packages/airflow/example_dags/example_short_circuit_decorator.py
[2024-04-27T02:24:33.275+0000] {processor.py:768} INFO - DAG(s) dict_keys(['example_short_circuit_decorator']) retrieved from /home/airflow/.local/lib/python3.7/site-packages/airflow/example_dags/example_short_circuit_decorator.py
[2024-04-27T02:24:33.343+0000] {logging_mixin.py:117} INFO - [2024-04-27T02:24:33.343+0000] {dag.py:2573} INFO - Sync 1 DAGs
[2024-04-27T02:24:33.387+0000] {logging_mixin.py:117} INFO - [2024-04-27T02:24:33.387+0000] {dag.py:3328} INFO - Setting next_dagrun for example_short_circuit_decorator to 2024-04-26T02:24:33.387033+00:00, run_after=2024-04-27T02:24:33.387033+00:00
[2024-04-27T02:24:33.431+0000] {processor.py:178} INFO - Processing /home/airflow/.local/lib/python3.7/site-packages/airflow/example_dags/example_short_circuit_decorator.py took 0.247 seconds
[2024-04-27T02:25:04.769+0000] {processor.py:156} INFO - Started process (PID=445) to work on /home/airflow/.local/lib/python3.7/site-packages/airflow/example_dags/example_short_circuit_decorator.py
[2024-04-27T02:25:04.770+0000] {processor.py:758} INFO - Processing file /home/airflow/.local/lib/python3.7/site-packages/airflow/example_dags/example_short_circuit_decorator.py for tasks to queue
[2024-04-27T02:25:04.771+0000] {logging_mixin.py:117} INFO - [2024-04-27T02:25:04.770+0000] {dagbag.py:525} INFO - Filling up the DagBag from /home/airflow/.local/lib/python3.7/site-packages/airflow/example_dags/example_short_circuit_decorator.py
[2024-04-27T02:25:04.799+0000] {processor.py:768} INFO - DAG(s) dict_keys(['example_short_circuit_decorator']) retrieved from /home/airflow/.local/lib/python3.7/site-packages/airflow/example_dags/example_short_circuit_decorator.py
[2024-04-27T02:25:04.884+0000] {logging_mixin.py:117} INFO - [2024-04-27T02:25:04.884+0000] {dag.py:2573} INFO - Sync 1 DAGs
[2024-04-27T02:25:04.986+0000] {logging_mixin.py:117} INFO - [2024-04-27T02:25:04.986+0000] {dag.py:3328} INFO - Setting next_dagrun for example_short_circuit_decorator to 2024-04-26T02:25:04.985795+00:00, run_after=2024-04-27T02:25:04.985795+00:00
[2024-04-27T02:25:05.037+0000] {processor.py:178} INFO - Processing /home/airflow/.local/lib/python3.7/site-packages/airflow/example_dags/example_short_circuit_decorator.py took 0.271 seconds
[2024-04-27T02:25:35.267+0000] {processor.py:156} INFO - Started process (PID=656) to work on /home/airflow/.local/lib/python3.7/site-packages/airflow/example_dags/example_short_circuit_decorator.py
[2024-04-27T02:25:35.268+0000] {processor.py:758} INFO - Processing file /home/airflow/.local/lib/python3.7/site-packages/airflow/example_dags/example_short_circuit_decorator.py for tasks to queue
[2024-04-27T02:25:35.269+0000] {logging_mixin.py:117} INFO - [2024-04-27T02:25:35.269+0000] {dagbag.py:525} INFO - Filling up the DagBag from /home/airflow/.local/lib/python3.7/site-packages/airflow/example_dags/example_short_circuit_decorator.py
[2024-04-27T02:25:35.299+0000] {processor.py:768} INFO - DAG(s) dict_keys(['example_short_circuit_decorator']) retrieved from /home/airflow/.local/lib/python3.7/site-packages/airflow/example_dags/example_short_circuit_decorator.py
[2024-04-27T02:25:35.355+0000] {logging_mixin.py:117} INFO - [2024-04-27T02:25:35.354+0000] {dag.py:2573} INFO - Sync 1 DAGs
[2024-04-27T02:25:35.387+0000] {logging_mixin.py:117} INFO - [2024-04-27T02:25:35.387+0000] {dag.py:3328} INFO - Setting next_dagrun for example_short_circuit_decorator to 2024-04-26T02:25:35.387132+00:00, run_after=2024-04-27T02:25:35.387132+00:00
[2024-04-27T02:25:35.437+0000] {processor.py:178} INFO - Processing /home/airflow/.local/lib/python3.7/site-packages/airflow/example_dags/example_short_circuit_decorator.py took 0.173 seconds
[2024-04-27T02:26:06.025+0000] {processor.py:156} INFO - Started process (PID=874) to work on /home/airflow/.local/lib/python3.7/site-packages/airflow/example_dags/example_short_circuit_decorator.py
[2024-04-27T02:26:06.026+0000] {processor.py:758} INFO - Processing file /home/airflow/.local/lib/python3.7/site-packages/airflow/example_dags/example_short_circuit_decorator.py for tasks to queue
[2024-04-27T02:26:06.027+0000] {logging_mixin.py:117} INFO - [2024-04-27T02:26:06.027+0000] {dagbag.py:525} INFO - Filling up the DagBag from /home/airflow/.local/lib/python3.7/site-packages/airflow/example_dags/example_short_circuit_decorator.py
[2024-04-27T02:26:06.081+0000] {processor.py:768} INFO - DAG(s) dict_keys(['example_short_circuit_decorator']) retrieved from /home/airflow/.local/lib/python3.7/site-packages/airflow/example_dags/example_short_circuit_decorator.py
[2024-04-27T02:26:06.136+0000] {logging_mixin.py:117} INFO - [2024-04-27T02:26:06.136+0000] {dag.py:2573} INFO - Sync 1 DAGs
[2024-04-27T02:26:06.169+0000] {logging_mixin.py:117} INFO - [2024-04-27T02:26:06.169+0000] {dag.py:3328} INFO - Setting next_dagrun for example_short_circuit_decorator to 2024-04-26T02:26:06.169100+00:00, run_after=2024-04-27T02:26:06.169100+00:00
[2024-04-27T02:26:06.198+0000] {processor.py:178} INFO - Processing /home/airflow/.local/lib/python3.7/site-packages/airflow/example_dags/example_short_circuit_decorator.py took 0.176 seconds
[2024-04-27T02:26:37.084+0000] {processor.py:156} INFO - Started process (PID=1092) to work on /home/airflow/.local/lib/python3.7/site-packages/airflow/example_dags/example_short_circuit_decorator.py
[2024-04-27T02:26:37.085+0000] {processor.py:758} INFO - Processing file /home/airflow/.local/lib/python3.7/site-packages/airflow/example_dags/example_short_circuit_decorator.py for tasks to queue
[2024-04-27T02:26:37.085+0000] {logging_mixin.py:117} INFO - [2024-04-27T02:26:37.085+0000] {dagbag.py:525} INFO - Filling up the DagBag from /home/airflow/.local/lib/python3.7/site-packages/airflow/example_dags/example_short_circuit_decorator.py
[2024-04-27T02:26:37.117+0000] {processor.py:768} INFO - DAG(s) dict_keys(['example_short_circuit_decorator']) retrieved from /home/airflow/.local/lib/python3.7/site-packages/airflow/example_dags/example_short_circuit_decorator.py
[2024-04-27T02:26:37.179+0000] {logging_mixin.py:117} INFO - [2024-04-27T02:26:37.178+0000] {dag.py:2573} INFO - Sync 1 DAGs
[2024-04-27T02:26:37.256+0000] {logging_mixin.py:117} INFO - [2024-04-27T02:26:37.255+0000] {dag.py:3328} INFO - Setting next_dagrun for example_short_circuit_decorator to 2024-04-26T02:26:37.255623+00:00, run_after=2024-04-27T02:26:37.255623+00:00
[2024-04-27T02:26:37.495+0000] {processor.py:178} INFO - Processing /home/airflow/.local/lib/python3.7/site-packages/airflow/example_dags/example_short_circuit_decorator.py took 0.414 seconds
[2024-04-27T02:27:07.628+0000] {processor.py:156} INFO - Started process (PID=1302) to work on /home/airflow/.local/lib/python3.7/site-packages/airflow/example_dags/example_short_circuit_decorator.py
[2024-04-27T02:27:07.629+0000] {processor.py:758} INFO - Processing file /home/airflow/.local/lib/python3.7/site-packages/airflow/example_dags/example_short_circuit_decorator.py for tasks to queue
[2024-04-27T02:27:07.630+0000] {logging_mixin.py:117} INFO - [2024-04-27T02:27:07.630+0000] {dagbag.py:525} INFO - Filling up the DagBag from /home/airflow/.local/lib/python3.7/site-packages/airflow/example_dags/example_short_circuit_decorator.py
[2024-04-27T02:27:07.657+0000] {processor.py:768} INFO - DAG(s) dict_keys(['example_short_circuit_decorator']) retrieved from /home/airflow/.local/lib/python3.7/site-packages/airflow/example_dags/example_short_circuit_decorator.py
[2024-04-27T02:27:07.702+0000] {logging_mixin.py:117} INFO - [2024-04-27T02:27:07.702+0000] {dag.py:2573} INFO - Sync 1 DAGs
[2024-04-27T02:27:07.849+0000] {logging_mixin.py:117} INFO - [2024-04-27T02:27:07.849+0000] {dag.py:3328} INFO - Setting next_dagrun for example_short_circuit_decorator to 2024-04-26T02:27:07.849639+00:00, run_after=2024-04-27T02:27:07.849639+00:00
[2024-04-27T02:27:07.872+0000] {processor.py:178} INFO - Processing /home/airflow/.local/lib/python3.7/site-packages/airflow/example_dags/example_short_circuit_decorator.py took 0.247 seconds
[2024-04-27T02:27:38.710+0000] {processor.py:156} INFO - Started process (PID=1519) to work on /home/airflow/.local/lib/python3.7/site-packages/airflow/example_dags/example_short_circuit_decorator.py
[2024-04-27T02:27:38.711+0000] {processor.py:758} INFO - Processing file /home/airflow/.local/lib/python3.7/site-packages/airflow/example_dags/example_short_circuit_decorator.py for tasks to queue
[2024-04-27T02:27:38.711+0000] {logging_mixin.py:117} INFO - [2024-04-27T02:27:38.711+0000] {dagbag.py:525} INFO - Filling up the DagBag from /home/airflow/.local/lib/python3.7/site-packages/airflow/example_dags/example_short_circuit_decorator.py
[2024-04-27T02:27:38.737+0000] {processor.py:768} INFO - DAG(s) dict_keys(['example_short_circuit_decorator']) retrieved from /home/airflow/.local/lib/python3.7/site-packages/airflow/example_dags/example_short_circuit_decorator.py
[2024-04-27T02:27:38.924+0000] {logging_mixin.py:117} INFO - [2024-04-27T02:27:38.924+0000] {dag.py:2573} INFO - Sync 1 DAGs
[2024-04-27T02:27:38.952+0000] {logging_mixin.py:117} INFO - [2024-04-27T02:27:38.952+0000] {dag.py:3328} INFO - Setting next_dagrun for example_short_circuit_decorator to 2024-04-26T02:27:38.952184+00:00, run_after=2024-04-27T02:27:38.952184+00:00
[2024-04-27T02:27:38.978+0000] {processor.py:178} INFO - Processing /home/airflow/.local/lib/python3.7/site-packages/airflow/example_dags/example_short_circuit_decorator.py took 0.271 seconds
[2024-04-27T02:28:09.697+0000] {processor.py:156} INFO - Started process (PID=1735) to work on /home/airflow/.local/lib/python3.7/site-packages/airflow/example_dags/example_short_circuit_decorator.py
[2024-04-27T02:28:09.697+0000] {processor.py:758} INFO - Processing file /home/airflow/.local/lib/python3.7/site-packages/airflow/example_dags/example_short_circuit_decorator.py for tasks to queue
[2024-04-27T02:28:09.698+0000] {logging_mixin.py:117} INFO - [2024-04-27T02:28:09.698+0000] {dagbag.py:525} INFO - Filling up the DagBag from /home/airflow/.local/lib/python3.7/site-packages/airflow/example_dags/example_short_circuit_decorator.py
[2024-04-27T02:28:09.726+0000] {processor.py:768} INFO - DAG(s) dict_keys(['example_short_circuit_decorator']) retrieved from /home/airflow/.local/lib/python3.7/site-packages/airflow/example_dags/example_short_circuit_decorator.py
[2024-04-27T02:28:09.941+0000] {logging_mixin.py:117} INFO - [2024-04-27T02:28:09.941+0000] {dag.py:2573} INFO - Sync 1 DAGs
[2024-04-27T02:28:09.967+0000] {logging_mixin.py:117} INFO - [2024-04-27T02:28:09.967+0000] {dag.py:3328} INFO - Setting next_dagrun for example_short_circuit_decorator to 2024-04-26T02:28:09.966910+00:00, run_after=2024-04-27T02:28:09.966910+00:00
[2024-04-27T02:28:10.017+0000] {processor.py:178} INFO - Processing /home/airflow/.local/lib/python3.7/site-packages/airflow/example_dags/example_short_circuit_decorator.py took 0.323 seconds
[2024-04-27T02:28:40.374+0000] {processor.py:156} INFO - Started process (PID=1946) to work on /home/airflow/.local/lib/python3.7/site-packages/airflow/example_dags/example_short_circuit_decorator.py
[2024-04-27T02:28:40.375+0000] {processor.py:758} INFO - Processing file /home/airflow/.local/lib/python3.7/site-packages/airflow/example_dags/example_short_circuit_decorator.py for tasks to queue
[2024-04-27T02:28:40.375+0000] {logging_mixin.py:117} INFO - [2024-04-27T02:28:40.375+0000] {dagbag.py:525} INFO - Filling up the DagBag from /home/airflow/.local/lib/python3.7/site-packages/airflow/example_dags/example_short_circuit_decorator.py
[2024-04-27T02:28:40.406+0000] {processor.py:768} INFO - DAG(s) dict_keys(['example_short_circuit_decorator']) retrieved from /home/airflow/.local/lib/python3.7/site-packages/airflow/example_dags/example_short_circuit_decorator.py
[2024-04-27T02:28:40.609+0000] {logging_mixin.py:117} INFO - [2024-04-27T02:28:40.609+0000] {dag.py:2573} INFO - Sync 1 DAGs
[2024-04-27T02:28:40.643+0000] {logging_mixin.py:117} INFO - [2024-04-27T02:28:40.643+0000] {dag.py:3328} INFO - Setting next_dagrun for example_short_circuit_decorator to 2024-04-26T02:28:40.642879+00:00, run_after=2024-04-27T02:28:40.642879+00:00
[2024-04-27T02:28:40.669+0000] {processor.py:178} INFO - Processing /home/airflow/.local/lib/python3.7/site-packages/airflow/example_dags/example_short_circuit_decorator.py took 0.298 seconds
[2024-04-27T02:29:11.726+0000] {processor.py:156} INFO - Started process (PID=2161) to work on /home/airflow/.local/lib/python3.7/site-packages/airflow/example_dags/example_short_circuit_decorator.py
[2024-04-27T02:29:11.727+0000] {processor.py:758} INFO - Processing file /home/airflow/.local/lib/python3.7/site-packages/airflow/example_dags/example_short_circuit_decorator.py for tasks to queue
[2024-04-27T02:29:11.728+0000] {logging_mixin.py:117} INFO - [2024-04-27T02:29:11.728+0000] {dagbag.py:525} INFO - Filling up the DagBag from /home/airflow/.local/lib/python3.7/site-packages/airflow/example_dags/example_short_circuit_decorator.py
[2024-04-27T02:29:11.791+0000] {processor.py:768} INFO - DAG(s) dict_keys(['example_short_circuit_decorator']) retrieved from /home/airflow/.local/lib/python3.7/site-packages/airflow/example_dags/example_short_circuit_decorator.py
[2024-04-27T02:29:11.964+0000] {logging_mixin.py:117} INFO - [2024-04-27T02:29:11.964+0000] {dag.py:2573} INFO - Sync 1 DAGs
[2024-04-27T02:29:12.187+0000] {logging_mixin.py:117} INFO - [2024-04-27T02:29:12.187+0000] {dag.py:3328} INFO - Setting next_dagrun for example_short_circuit_decorator to 2024-04-26T02:29:12.187542+00:00, run_after=2024-04-27T02:29:12.187542+00:00
[2024-04-27T02:29:12.213+0000] {processor.py:178} INFO - Processing /home/airflow/.local/lib/python3.7/site-packages/airflow/example_dags/example_short_circuit_decorator.py took 0.490 seconds
[2024-04-27T02:29:43.262+0000] {processor.py:156} INFO - Started process (PID=2377) to work on /home/airflow/.local/lib/python3.7/site-packages/airflow/example_dags/example_short_circuit_decorator.py
[2024-04-27T02:29:43.263+0000] {processor.py:758} INFO - Processing file /home/airflow/.local/lib/python3.7/site-packages/airflow/example_dags/example_short_circuit_decorator.py for tasks to queue
[2024-04-27T02:29:43.274+0000] {logging_mixin.py:117} INFO - [2024-04-27T02:29:43.274+0000] {dagbag.py:525} INFO - Filling up the DagBag from /home/airflow/.local/lib/python3.7/site-packages/airflow/example_dags/example_short_circuit_decorator.py
[2024-04-27T02:29:43.346+0000] {processor.py:768} INFO - DAG(s) dict_keys(['example_short_circuit_decorator']) retrieved from /home/airflow/.local/lib/python3.7/site-packages/airflow/example_dags/example_short_circuit_decorator.py
[2024-04-27T02:29:43.711+0000] {logging_mixin.py:117} INFO - [2024-04-27T02:29:43.711+0000] {dag.py:2573} INFO - Sync 1 DAGs
[2024-04-27T02:29:43.793+0000] {logging_mixin.py:117} INFO - [2024-04-27T02:29:43.792+0000] {dag.py:3328} INFO - Setting next_dagrun for example_short_circuit_decorator to 2024-04-26T02:29:43.792662+00:00, run_after=2024-04-27T02:29:43.792662+00:00
[2024-04-27T02:29:43.930+0000] {processor.py:178} INFO - Processing /home/airflow/.local/lib/python3.7/site-packages/airflow/example_dags/example_short_circuit_decorator.py took 0.684 seconds
[2024-04-27T02:30:14.000+0000] {processor.py:156} INFO - Started process (PID=2597) to work on /home/airflow/.local/lib/python3.7/site-packages/airflow/example_dags/example_short_circuit_decorator.py
[2024-04-27T02:30:14.001+0000] {processor.py:758} INFO - Processing file /home/airflow/.local/lib/python3.7/site-packages/airflow/example_dags/example_short_circuit_decorator.py for tasks to queue
[2024-04-27T02:30:14.002+0000] {logging_mixin.py:117} INFO - [2024-04-27T02:30:14.002+0000] {dagbag.py:525} INFO - Filling up the DagBag from /home/airflow/.local/lib/python3.7/site-packages/airflow/example_dags/example_short_circuit_decorator.py
[2024-04-27T02:30:14.031+0000] {processor.py:768} INFO - DAG(s) dict_keys(['example_short_circuit_decorator']) retrieved from /home/airflow/.local/lib/python3.7/site-packages/airflow/example_dags/example_short_circuit_decorator.py
[2024-04-27T02:30:14.227+0000] {logging_mixin.py:117} INFO - [2024-04-27T02:30:14.227+0000] {dag.py:2573} INFO - Sync 1 DAGs
[2024-04-27T02:30:14.257+0000] {logging_mixin.py:117} INFO - [2024-04-27T02:30:14.257+0000] {dag.py:3328} INFO - Setting next_dagrun for example_short_circuit_decorator to 2024-04-26T02:30:14.257590+00:00, run_after=2024-04-27T02:30:14.257590+00:00
[2024-04-27T02:30:14.282+0000] {processor.py:178} INFO - Processing /home/airflow/.local/lib/python3.7/site-packages/airflow/example_dags/example_short_circuit_decorator.py took 0.285 seconds
[2024-04-27T02:30:44.676+0000] {processor.py:156} INFO - Started process (PID=2805) to work on /home/airflow/.local/lib/python3.7/site-packages/airflow/example_dags/example_short_circuit_decorator.py
[2024-04-27T02:30:44.677+0000] {processor.py:758} INFO - Processing file /home/airflow/.local/lib/python3.7/site-packages/airflow/example_dags/example_short_circuit_decorator.py for tasks to queue
[2024-04-27T02:30:44.678+0000] {logging_mixin.py:117} INFO - [2024-04-27T02:30:44.678+0000] {dagbag.py:525} INFO - Filling up the DagBag from /home/airflow/.local/lib/python3.7/site-packages/airflow/example_dags/example_short_circuit_decorator.py
[2024-04-27T02:30:44.925+0000] {processor.py:768} INFO - DAG(s) dict_keys(['example_short_circuit_decorator']) retrieved from /home/airflow/.local/lib/python3.7/site-packages/airflow/example_dags/example_short_circuit_decorator.py
[2024-04-27T02:30:45.006+0000] {logging_mixin.py:117} INFO - [2024-04-27T02:30:45.006+0000] {dag.py:2573} INFO - Sync 1 DAGs
[2024-04-27T02:30:45.042+0000] {logging_mixin.py:117} INFO - [2024-04-27T02:30:45.042+0000] {dag.py:3328} INFO - Setting next_dagrun for example_short_circuit_decorator to 2024-04-26T02:30:45.042521+00:00, run_after=2024-04-27T02:30:45.042521+00:00
[2024-04-27T02:30:45.139+0000] {processor.py:178} INFO - Processing /home/airflow/.local/lib/python3.7/site-packages/airflow/example_dags/example_short_circuit_decorator.py took 0.466 seconds
[2024-04-27T02:31:15.845+0000] {processor.py:156} INFO - Started process (PID=3023) to work on /home/airflow/.local/lib/python3.7/site-packages/airflow/example_dags/example_short_circuit_decorator.py
[2024-04-27T02:31:15.846+0000] {processor.py:758} INFO - Processing file /home/airflow/.local/lib/python3.7/site-packages/airflow/example_dags/example_short_circuit_decorator.py for tasks to queue
[2024-04-27T02:31:15.847+0000] {logging_mixin.py:117} INFO - [2024-04-27T02:31:15.846+0000] {dagbag.py:525} INFO - Filling up the DagBag from /home/airflow/.local/lib/python3.7/site-packages/airflow/example_dags/example_short_circuit_decorator.py
[2024-04-27T02:31:16.053+0000] {processor.py:768} INFO - DAG(s) dict_keys(['example_short_circuit_decorator']) retrieved from /home/airflow/.local/lib/python3.7/site-packages/airflow/example_dags/example_short_circuit_decorator.py
[2024-04-27T02:31:16.097+0000] {logging_mixin.py:117} INFO - [2024-04-27T02:31:16.096+0000] {dag.py:2573} INFO - Sync 1 DAGs
[2024-04-27T02:31:16.118+0000] {logging_mixin.py:117} INFO - [2024-04-27T02:31:16.118+0000] {dag.py:3328} INFO - Setting next_dagrun for example_short_circuit_decorator to 2024-04-26T02:31:16.117961+00:00, run_after=2024-04-27T02:31:16.117961+00:00
[2024-04-27T02:31:16.139+0000] {processor.py:178} INFO - Processing /home/airflow/.local/lib/python3.7/site-packages/airflow/example_dags/example_short_circuit_decorator.py took 0.297 seconds
[2024-04-27T02:31:46.773+0000] {processor.py:156} INFO - Started process (PID=3232) to work on /home/airflow/.local/lib/python3.7/site-packages/airflow/example_dags/example_short_circuit_decorator.py
[2024-04-27T02:31:46.773+0000] {processor.py:758} INFO - Processing file /home/airflow/.local/lib/python3.7/site-packages/airflow/example_dags/example_short_circuit_decorator.py for tasks to queue
[2024-04-27T02:31:46.774+0000] {logging_mixin.py:117} INFO - [2024-04-27T02:31:46.774+0000] {dagbag.py:525} INFO - Filling up the DagBag from /home/airflow/.local/lib/python3.7/site-packages/airflow/example_dags/example_short_circuit_decorator.py
[2024-04-27T02:31:46.805+0000] {processor.py:768} INFO - DAG(s) dict_keys(['example_short_circuit_decorator']) retrieved from /home/airflow/.local/lib/python3.7/site-packages/airflow/example_dags/example_short_circuit_decorator.py
[2024-04-27T02:31:46.841+0000] {logging_mixin.py:117} INFO - [2024-04-27T02:31:46.840+0000] {dag.py:2573} INFO - Sync 1 DAGs
[2024-04-27T02:31:47.047+0000] {logging_mixin.py:117} INFO - [2024-04-27T02:31:47.047+0000] {dag.py:3328} INFO - Setting next_dagrun for example_short_circuit_decorator to 2024-04-26T02:31:47.046889+00:00, run_after=2024-04-27T02:31:47.046889+00:00
[2024-04-27T02:31:47.073+0000] {processor.py:178} INFO - Processing /home/airflow/.local/lib/python3.7/site-packages/airflow/example_dags/example_short_circuit_decorator.py took 0.304 seconds
[2024-04-27T02:32:17.971+0000] {processor.py:156} INFO - Started process (PID=3451) to work on /home/airflow/.local/lib/python3.7/site-packages/airflow/example_dags/example_short_circuit_decorator.py
[2024-04-27T02:32:17.972+0000] {processor.py:758} INFO - Processing file /home/airflow/.local/lib/python3.7/site-packages/airflow/example_dags/example_short_circuit_decorator.py for tasks to queue
[2024-04-27T02:32:17.972+0000] {logging_mixin.py:117} INFO - [2024-04-27T02:32:17.972+0000] {dagbag.py:525} INFO - Filling up the DagBag from /home/airflow/.local/lib/python3.7/site-packages/airflow/example_dags/example_short_circuit_decorator.py
[2024-04-27T02:32:18.036+0000] {processor.py:768} INFO - DAG(s) dict_keys(['example_short_circuit_decorator']) retrieved from /home/airflow/.local/lib/python3.7/site-packages/airflow/example_dags/example_short_circuit_decorator.py
[2024-04-27T02:32:18.425+0000] {logging_mixin.py:117} INFO - [2024-04-27T02:32:18.425+0000] {dag.py:2573} INFO - Sync 1 DAGs
[2024-04-27T02:32:18.455+0000] {logging_mixin.py:117} INFO - [2024-04-27T02:32:18.455+0000] {dag.py:3328} INFO - Setting next_dagrun for example_short_circuit_decorator to 2024-04-26T02:32:18.455447+00:00, run_after=2024-04-27T02:32:18.455447+00:00
[2024-04-27T02:32:18.481+0000] {processor.py:178} INFO - Processing /home/airflow/.local/lib/python3.7/site-packages/airflow/example_dags/example_short_circuit_decorator.py took 0.513 seconds
[2024-04-27T02:32:48.569+0000] {processor.py:156} INFO - Started process (PID=3670) to work on /home/airflow/.local/lib/python3.7/site-packages/airflow/example_dags/example_short_circuit_decorator.py
[2024-04-27T02:32:48.570+0000] {processor.py:758} INFO - Processing file /home/airflow/.local/lib/python3.7/site-packages/airflow/example_dags/example_short_circuit_decorator.py for tasks to queue
[2024-04-27T02:32:48.571+0000] {logging_mixin.py:117} INFO - [2024-04-27T02:32:48.571+0000] {dagbag.py:525} INFO - Filling up the DagBag from /home/airflow/.local/lib/python3.7/site-packages/airflow/example_dags/example_short_circuit_decorator.py
[2024-04-27T02:32:48.601+0000] {processor.py:768} INFO - DAG(s) dict_keys(['example_short_circuit_decorator']) retrieved from /home/airflow/.local/lib/python3.7/site-packages/airflow/example_dags/example_short_circuit_decorator.py
[2024-04-27T02:32:48.783+0000] {logging_mixin.py:117} INFO - [2024-04-27T02:32:48.783+0000] {dag.py:2573} INFO - Sync 1 DAGs
[2024-04-27T02:32:48.812+0000] {logging_mixin.py:117} INFO - [2024-04-27T02:32:48.812+0000] {dag.py:3328} INFO - Setting next_dagrun for example_short_circuit_decorator to 2024-04-26T02:32:48.811934+00:00, run_after=2024-04-27T02:32:48.811934+00:00
[2024-04-27T02:32:48.837+0000] {processor.py:178} INFO - Processing /home/airflow/.local/lib/python3.7/site-packages/airflow/example_dags/example_short_circuit_decorator.py took 0.272 seconds
[2024-04-27T02:33:19.063+0000] {processor.py:156} INFO - Started process (PID=3878) to work on /home/airflow/.local/lib/python3.7/site-packages/airflow/example_dags/example_short_circuit_decorator.py
[2024-04-27T02:33:19.070+0000] {processor.py:758} INFO - Processing file /home/airflow/.local/lib/python3.7/site-packages/airflow/example_dags/example_short_circuit_decorator.py for tasks to queue
[2024-04-27T02:33:19.075+0000] {logging_mixin.py:117} INFO - [2024-04-27T02:33:19.075+0000] {dagbag.py:525} INFO - Filling up the DagBag from /home/airflow/.local/lib/python3.7/site-packages/airflow/example_dags/example_short_circuit_decorator.py
[2024-04-27T02:33:19.388+0000] {processor.py:768} INFO - DAG(s) dict_keys(['example_short_circuit_decorator']) retrieved from /home/airflow/.local/lib/python3.7/site-packages/airflow/example_dags/example_short_circuit_decorator.py
[2024-04-27T02:33:19.452+0000] {logging_mixin.py:117} INFO - [2024-04-27T02:33:19.451+0000] {dag.py:2573} INFO - Sync 1 DAGs
[2024-04-27T02:33:19.489+0000] {logging_mixin.py:117} INFO - [2024-04-27T02:33:19.489+0000] {dag.py:3328} INFO - Setting next_dagrun for example_short_circuit_decorator to 2024-04-26T02:33:19.489360+00:00, run_after=2024-04-27T02:33:19.489360+00:00
[2024-04-27T02:33:19.519+0000] {processor.py:178} INFO - Processing /home/airflow/.local/lib/python3.7/site-packages/airflow/example_dags/example_short_circuit_decorator.py took 0.461 seconds
[2024-04-27T02:33:50.165+0000] {processor.py:156} INFO - Started process (PID=4098) to work on /home/airflow/.local/lib/python3.7/site-packages/airflow/example_dags/example_short_circuit_decorator.py
[2024-04-27T02:33:50.166+0000] {processor.py:758} INFO - Processing file /home/airflow/.local/lib/python3.7/site-packages/airflow/example_dags/example_short_circuit_decorator.py for tasks to queue
[2024-04-27T02:33:50.167+0000] {logging_mixin.py:117} INFO - [2024-04-27T02:33:50.167+0000] {dagbag.py:525} INFO - Filling up the DagBag from /home/airflow/.local/lib/python3.7/site-packages/airflow/example_dags/example_short_circuit_decorator.py
[2024-04-27T02:33:50.192+0000] {processor.py:768} INFO - DAG(s) dict_keys(['example_short_circuit_decorator']) retrieved from /home/airflow/.local/lib/python3.7/site-packages/airflow/example_dags/example_short_circuit_decorator.py
[2024-04-27T02:33:50.240+0000] {logging_mixin.py:117} INFO - [2024-04-27T02:33:50.240+0000] {dag.py:2573} INFO - Sync 1 DAGs
[2024-04-27T02:33:50.375+0000] {logging_mixin.py:117} INFO - [2024-04-27T02:33:50.375+0000] {dag.py:3328} INFO - Setting next_dagrun for example_short_circuit_decorator to 2024-04-26T02:33:50.375506+00:00, run_after=2024-04-27T02:33:50.375506+00:00
[2024-04-27T02:33:50.395+0000] {processor.py:178} INFO - Processing /home/airflow/.local/lib/python3.7/site-packages/airflow/example_dags/example_short_circuit_decorator.py took 0.233 seconds
[2024-04-27T02:34:21.039+0000] {processor.py:156} INFO - Started process (PID=4312) to work on /home/airflow/.local/lib/python3.7/site-packages/airflow/example_dags/example_short_circuit_decorator.py
[2024-04-27T02:34:21.040+0000] {processor.py:758} INFO - Processing file /home/airflow/.local/lib/python3.7/site-packages/airflow/example_dags/example_short_circuit_decorator.py for tasks to queue
[2024-04-27T02:34:21.041+0000] {logging_mixin.py:117} INFO - [2024-04-27T02:34:21.041+0000] {dagbag.py:525} INFO - Filling up the DagBag from /home/airflow/.local/lib/python3.7/site-packages/airflow/example_dags/example_short_circuit_decorator.py
[2024-04-27T02:34:21.083+0000] {processor.py:768} INFO - DAG(s) dict_keys(['example_short_circuit_decorator']) retrieved from /home/airflow/.local/lib/python3.7/site-packages/airflow/example_dags/example_short_circuit_decorator.py
[2024-04-27T02:34:21.277+0000] {logging_mixin.py:117} INFO - [2024-04-27T02:34:21.276+0000] {dag.py:2573} INFO - Sync 1 DAGs
[2024-04-27T02:34:21.309+0000] {logging_mixin.py:117} INFO - [2024-04-27T02:34:21.309+0000] {dag.py:3328} INFO - Setting next_dagrun for example_short_circuit_decorator to 2024-04-26T02:34:21.309593+00:00, run_after=2024-04-27T02:34:21.309593+00:00
[2024-04-27T02:34:21.335+0000] {processor.py:178} INFO - Processing /home/airflow/.local/lib/python3.7/site-packages/airflow/example_dags/example_short_circuit_decorator.py took 0.303 seconds
[2024-04-27T02:34:52.322+0000] {processor.py:156} INFO - Started process (PID=4523) to work on /home/airflow/.local/lib/python3.7/site-packages/airflow/example_dags/example_short_circuit_decorator.py
[2024-04-27T02:34:52.324+0000] {processor.py:758} INFO - Processing file /home/airflow/.local/lib/python3.7/site-packages/airflow/example_dags/example_short_circuit_decorator.py for tasks to queue
[2024-04-27T02:34:52.324+0000] {logging_mixin.py:117} INFO - [2024-04-27T02:34:52.324+0000] {dagbag.py:525} INFO - Filling up the DagBag from /home/airflow/.local/lib/python3.7/site-packages/airflow/example_dags/example_short_circuit_decorator.py
[2024-04-27T02:34:52.351+0000] {processor.py:768} INFO - DAG(s) dict_keys(['example_short_circuit_decorator']) retrieved from /home/airflow/.local/lib/python3.7/site-packages/airflow/example_dags/example_short_circuit_decorator.py
[2024-04-27T02:34:52.498+0000] {logging_mixin.py:117} INFO - [2024-04-27T02:34:52.498+0000] {dag.py:2573} INFO - Sync 1 DAGs
[2024-04-27T02:34:52.517+0000] {logging_mixin.py:117} INFO - [2024-04-27T02:34:52.517+0000] {dag.py:3328} INFO - Setting next_dagrun for example_short_circuit_decorator to 2024-04-26T02:34:52.517271+00:00, run_after=2024-04-27T02:34:52.517271+00:00
[2024-04-27T02:34:52.538+0000] {processor.py:178} INFO - Processing /home/airflow/.local/lib/python3.7/site-packages/airflow/example_dags/example_short_circuit_decorator.py took 0.219 seconds
[2024-04-27T02:35:23.155+0000] {processor.py:156} INFO - Started process (PID=4743) to work on /home/airflow/.local/lib/python3.7/site-packages/airflow/example_dags/example_short_circuit_decorator.py
[2024-04-27T02:35:23.157+0000] {processor.py:758} INFO - Processing file /home/airflow/.local/lib/python3.7/site-packages/airflow/example_dags/example_short_circuit_decorator.py for tasks to queue
[2024-04-27T02:35:23.157+0000] {logging_mixin.py:117} INFO - [2024-04-27T02:35:23.157+0000] {dagbag.py:525} INFO - Filling up the DagBag from /home/airflow/.local/lib/python3.7/site-packages/airflow/example_dags/example_short_circuit_decorator.py
[2024-04-27T02:35:23.296+0000] {processor.py:768} INFO - DAG(s) dict_keys(['example_short_circuit_decorator']) retrieved from /home/airflow/.local/lib/python3.7/site-packages/airflow/example_dags/example_short_circuit_decorator.py
[2024-04-27T02:35:23.332+0000] {logging_mixin.py:117} INFO - [2024-04-27T02:35:23.332+0000] {dag.py:2573} INFO - Sync 1 DAGs
[2024-04-27T02:35:23.354+0000] {logging_mixin.py:117} INFO - [2024-04-27T02:35:23.354+0000] {dag.py:3328} INFO - Setting next_dagrun for example_short_circuit_decorator to 2024-04-26T02:35:23.354511+00:00, run_after=2024-04-27T02:35:23.354511+00:00
[2024-04-27T02:35:23.374+0000] {processor.py:178} INFO - Processing /home/airflow/.local/lib/python3.7/site-packages/airflow/example_dags/example_short_circuit_decorator.py took 0.221 seconds
[2024-04-27T02:35:54.045+0000] {processor.py:156} INFO - Started process (PID=4961) to work on /home/airflow/.local/lib/python3.7/site-packages/airflow/example_dags/example_short_circuit_decorator.py
[2024-04-27T02:35:54.046+0000] {processor.py:758} INFO - Processing file /home/airflow/.local/lib/python3.7/site-packages/airflow/example_dags/example_short_circuit_decorator.py for tasks to queue
[2024-04-27T02:35:54.046+0000] {logging_mixin.py:117} INFO - [2024-04-27T02:35:54.046+0000] {dagbag.py:525} INFO - Filling up the DagBag from /home/airflow/.local/lib/python3.7/site-packages/airflow/example_dags/example_short_circuit_decorator.py
[2024-04-27T02:35:54.077+0000] {processor.py:768} INFO - DAG(s) dict_keys(['example_short_circuit_decorator']) retrieved from /home/airflow/.local/lib/python3.7/site-packages/airflow/example_dags/example_short_circuit_decorator.py
[2024-04-27T02:35:54.128+0000] {logging_mixin.py:117} INFO - [2024-04-27T02:35:54.127+0000] {dag.py:2573} INFO - Sync 1 DAGs
[2024-04-27T02:35:54.158+0000] {logging_mixin.py:117} INFO - [2024-04-27T02:35:54.158+0000] {dag.py:3328} INFO - Setting next_dagrun for example_short_circuit_decorator to 2024-04-26T02:35:54.158089+00:00, run_after=2024-04-27T02:35:54.158089+00:00
[2024-04-27T02:35:54.185+0000] {processor.py:178} INFO - Processing /home/airflow/.local/lib/python3.7/site-packages/airflow/example_dags/example_short_circuit_decorator.py took 0.143 seconds
[2024-04-27T02:36:24.971+0000] {processor.py:156} INFO - Started process (PID=5169) to work on /home/airflow/.local/lib/python3.7/site-packages/airflow/example_dags/example_short_circuit_decorator.py
[2024-04-27T02:36:24.978+0000] {processor.py:758} INFO - Processing file /home/airflow/.local/lib/python3.7/site-packages/airflow/example_dags/example_short_circuit_decorator.py for tasks to queue
[2024-04-27T02:36:24.980+0000] {logging_mixin.py:117} INFO - [2024-04-27T02:36:24.980+0000] {dagbag.py:525} INFO - Filling up the DagBag from /home/airflow/.local/lib/python3.7/site-packages/airflow/example_dags/example_short_circuit_decorator.py
[2024-04-27T02:36:25.008+0000] {processor.py:768} INFO - DAG(s) dict_keys(['example_short_circuit_decorator']) retrieved from /home/airflow/.local/lib/python3.7/site-packages/airflow/example_dags/example_short_circuit_decorator.py
[2024-04-27T02:36:25.043+0000] {logging_mixin.py:117} INFO - [2024-04-27T02:36:25.043+0000] {dag.py:2573} INFO - Sync 1 DAGs
[2024-04-27T02:36:25.063+0000] {logging_mixin.py:117} INFO - [2024-04-27T02:36:25.063+0000] {dag.py:3328} INFO - Setting next_dagrun for example_short_circuit_decorator to 2024-04-26T02:36:25.062988+00:00, run_after=2024-04-27T02:36:25.062988+00:00
[2024-04-27T02:36:25.084+0000] {processor.py:178} INFO - Processing /home/airflow/.local/lib/python3.7/site-packages/airflow/example_dags/example_short_circuit_decorator.py took 0.116 seconds
[2024-04-27T02:36:55.325+0000] {processor.py:156} INFO - Started process (PID=5389) to work on /home/airflow/.local/lib/python3.7/site-packages/airflow/example_dags/example_short_circuit_decorator.py
[2024-04-27T02:36:55.326+0000] {processor.py:758} INFO - Processing file /home/airflow/.local/lib/python3.7/site-packages/airflow/example_dags/example_short_circuit_decorator.py for tasks to queue
[2024-04-27T02:36:55.326+0000] {logging_mixin.py:117} INFO - [2024-04-27T02:36:55.326+0000] {dagbag.py:525} INFO - Filling up the DagBag from /home/airflow/.local/lib/python3.7/site-packages/airflow/example_dags/example_short_circuit_decorator.py
[2024-04-27T02:36:55.348+0000] {processor.py:768} INFO - DAG(s) dict_keys(['example_short_circuit_decorator']) retrieved from /home/airflow/.local/lib/python3.7/site-packages/airflow/example_dags/example_short_circuit_decorator.py
[2024-04-27T02:36:55.381+0000] {logging_mixin.py:117} INFO - [2024-04-27T02:36:55.381+0000] {dag.py:2573} INFO - Sync 1 DAGs
[2024-04-27T02:36:55.412+0000] {logging_mixin.py:117} INFO - [2024-04-27T02:36:55.412+0000] {dag.py:3328} INFO - Setting next_dagrun for example_short_circuit_decorator to 2024-04-26T02:36:55.412125+00:00, run_after=2024-04-27T02:36:55.412125+00:00
[2024-04-27T02:36:55.433+0000] {processor.py:178} INFO - Processing /home/airflow/.local/lib/python3.7/site-packages/airflow/example_dags/example_short_circuit_decorator.py took 0.110 seconds
[2024-04-27T02:37:26.404+0000] {processor.py:156} INFO - Started process (PID=5600) to work on /home/airflow/.local/lib/python3.7/site-packages/airflow/example_dags/example_short_circuit_decorator.py
[2024-04-27T02:37:26.406+0000] {processor.py:758} INFO - Processing file /home/airflow/.local/lib/python3.7/site-packages/airflow/example_dags/example_short_circuit_decorator.py for tasks to queue
[2024-04-27T02:37:26.407+0000] {logging_mixin.py:117} INFO - [2024-04-27T02:37:26.407+0000] {dagbag.py:525} INFO - Filling up the DagBag from /home/airflow/.local/lib/python3.7/site-packages/airflow/example_dags/example_short_circuit_decorator.py
[2024-04-27T02:37:26.440+0000] {processor.py:768} INFO - DAG(s) dict_keys(['example_short_circuit_decorator']) retrieved from /home/airflow/.local/lib/python3.7/site-packages/airflow/example_dags/example_short_circuit_decorator.py
[2024-04-27T02:37:26.493+0000] {logging_mixin.py:117} INFO - [2024-04-27T02:37:26.492+0000] {dag.py:2573} INFO - Sync 1 DAGs
[2024-04-27T02:37:26.527+0000] {logging_mixin.py:117} INFO - [2024-04-27T02:37:26.526+0000] {dag.py:3328} INFO - Setting next_dagrun for example_short_circuit_decorator to 2024-04-26T02:37:26.526661+00:00, run_after=2024-04-27T02:37:26.526661+00:00
[2024-04-27T02:37:26.562+0000] {processor.py:178} INFO - Processing /home/airflow/.local/lib/python3.7/site-packages/airflow/example_dags/example_short_circuit_decorator.py took 0.161 seconds
[2024-04-27T02:37:57.412+0000] {processor.py:156} INFO - Started process (PID=5812) to work on /home/airflow/.local/lib/python3.7/site-packages/airflow/example_dags/example_short_circuit_decorator.py
[2024-04-27T02:37:57.413+0000] {processor.py:758} INFO - Processing file /home/airflow/.local/lib/python3.7/site-packages/airflow/example_dags/example_short_circuit_decorator.py for tasks to queue
[2024-04-27T02:37:57.415+0000] {logging_mixin.py:117} INFO - [2024-04-27T02:37:57.415+0000] {dagbag.py:525} INFO - Filling up the DagBag from /home/airflow/.local/lib/python3.7/site-packages/airflow/example_dags/example_short_circuit_decorator.py
[2024-04-27T02:37:57.463+0000] {processor.py:768} INFO - DAG(s) dict_keys(['example_short_circuit_decorator']) retrieved from /home/airflow/.local/lib/python3.7/site-packages/airflow/example_dags/example_short_circuit_decorator.py
[2024-04-27T02:37:57.578+0000] {logging_mixin.py:117} INFO - [2024-04-27T02:37:57.578+0000] {dag.py:2573} INFO - Sync 1 DAGs
[2024-04-27T02:37:57.626+0000] {logging_mixin.py:117} INFO - [2024-04-27T02:37:57.626+0000] {dag.py:3328} INFO - Setting next_dagrun for example_short_circuit_decorator to 2024-04-26T02:37:57.626009+00:00, run_after=2024-04-27T02:37:57.626009+00:00
[2024-04-27T02:37:57.661+0000] {processor.py:178} INFO - Processing /home/airflow/.local/lib/python3.7/site-packages/airflow/example_dags/example_short_circuit_decorator.py took 0.256 seconds
[2024-04-27T02:38:28.128+0000] {processor.py:156} INFO - Started process (PID=6029) to work on /home/airflow/.local/lib/python3.7/site-packages/airflow/example_dags/example_short_circuit_decorator.py
[2024-04-27T02:38:28.132+0000] {processor.py:758} INFO - Processing file /home/airflow/.local/lib/python3.7/site-packages/airflow/example_dags/example_short_circuit_decorator.py for tasks to queue
[2024-04-27T02:38:28.134+0000] {logging_mixin.py:117} INFO - [2024-04-27T02:38:28.134+0000] {dagbag.py:525} INFO - Filling up the DagBag from /home/airflow/.local/lib/python3.7/site-packages/airflow/example_dags/example_short_circuit_decorator.py
[2024-04-27T02:38:28.180+0000] {processor.py:768} INFO - DAG(s) dict_keys(['example_short_circuit_decorator']) retrieved from /home/airflow/.local/lib/python3.7/site-packages/airflow/example_dags/example_short_circuit_decorator.py
[2024-04-27T02:38:28.229+0000] {logging_mixin.py:117} INFO - [2024-04-27T02:38:28.229+0000] {dag.py:2573} INFO - Sync 1 DAGs
[2024-04-27T02:38:28.260+0000] {logging_mixin.py:117} INFO - [2024-04-27T02:38:28.259+0000] {dag.py:3328} INFO - Setting next_dagrun for example_short_circuit_decorator to 2024-04-26T02:38:28.259741+00:00, run_after=2024-04-27T02:38:28.259741+00:00
[2024-04-27T02:38:28.285+0000] {processor.py:178} INFO - Processing /home/airflow/.local/lib/python3.7/site-packages/airflow/example_dags/example_short_circuit_decorator.py took 0.161 seconds
[2024-04-27T02:38:59.073+0000] {processor.py:156} INFO - Started process (PID=6248) to work on /home/airflow/.local/lib/python3.7/site-packages/airflow/example_dags/example_short_circuit_decorator.py
[2024-04-27T02:38:59.074+0000] {processor.py:758} INFO - Processing file /home/airflow/.local/lib/python3.7/site-packages/airflow/example_dags/example_short_circuit_decorator.py for tasks to queue
[2024-04-27T02:38:59.075+0000] {logging_mixin.py:117} INFO - [2024-04-27T02:38:59.075+0000] {dagbag.py:525} INFO - Filling up the DagBag from /home/airflow/.local/lib/python3.7/site-packages/airflow/example_dags/example_short_circuit_decorator.py
[2024-04-27T02:38:59.120+0000] {processor.py:768} INFO - DAG(s) dict_keys(['example_short_circuit_decorator']) retrieved from /home/airflow/.local/lib/python3.7/site-packages/airflow/example_dags/example_short_circuit_decorator.py
[2024-04-27T02:38:59.171+0000] {logging_mixin.py:117} INFO - [2024-04-27T02:38:59.170+0000] {dag.py:2573} INFO - Sync 1 DAGs
[2024-04-27T02:38:59.202+0000] {logging_mixin.py:117} INFO - [2024-04-27T02:38:59.202+0000] {dag.py:3328} INFO - Setting next_dagrun for example_short_circuit_decorator to 2024-04-26T02:38:59.202242+00:00, run_after=2024-04-27T02:38:59.202242+00:00
[2024-04-27T02:38:59.228+0000] {processor.py:178} INFO - Processing /home/airflow/.local/lib/python3.7/site-packages/airflow/example_dags/example_short_circuit_decorator.py took 0.158 seconds
[2024-04-27T02:39:30.237+0000] {processor.py:156} INFO - Started process (PID=6456) to work on /home/airflow/.local/lib/python3.7/site-packages/airflow/example_dags/example_short_circuit_decorator.py
[2024-04-27T02:39:30.238+0000] {processor.py:758} INFO - Processing file /home/airflow/.local/lib/python3.7/site-packages/airflow/example_dags/example_short_circuit_decorator.py for tasks to queue
[2024-04-27T02:39:30.239+0000] {logging_mixin.py:117} INFO - [2024-04-27T02:39:30.239+0000] {dagbag.py:525} INFO - Filling up the DagBag from /home/airflow/.local/lib/python3.7/site-packages/airflow/example_dags/example_short_circuit_decorator.py
[2024-04-27T02:39:30.296+0000] {processor.py:768} INFO - DAG(s) dict_keys(['example_short_circuit_decorator']) retrieved from /home/airflow/.local/lib/python3.7/site-packages/airflow/example_dags/example_short_circuit_decorator.py
[2024-04-27T02:39:30.346+0000] {logging_mixin.py:117} INFO - [2024-04-27T02:39:30.346+0000] {dag.py:2573} INFO - Sync 1 DAGs
[2024-04-27T02:39:30.378+0000] {logging_mixin.py:117} INFO - [2024-04-27T02:39:30.378+0000] {dag.py:3328} INFO - Setting next_dagrun for example_short_circuit_decorator to 2024-04-26T02:39:30.378226+00:00, run_after=2024-04-27T02:39:30.378226+00:00
[2024-04-27T02:39:30.403+0000] {processor.py:178} INFO - Processing /home/airflow/.local/lib/python3.7/site-packages/airflow/example_dags/example_short_circuit_decorator.py took 0.171 seconds
[2024-04-27T02:40:01.377+0000] {processor.py:156} INFO - Started process (PID=6675) to work on /home/airflow/.local/lib/python3.7/site-packages/airflow/example_dags/example_short_circuit_decorator.py
[2024-04-27T02:40:01.378+0000] {processor.py:758} INFO - Processing file /home/airflow/.local/lib/python3.7/site-packages/airflow/example_dags/example_short_circuit_decorator.py for tasks to queue
[2024-04-27T02:40:01.378+0000] {logging_mixin.py:117} INFO - [2024-04-27T02:40:01.378+0000] {dagbag.py:525} INFO - Filling up the DagBag from /home/airflow/.local/lib/python3.7/site-packages/airflow/example_dags/example_short_circuit_decorator.py
[2024-04-27T02:40:01.408+0000] {processor.py:768} INFO - DAG(s) dict_keys(['example_short_circuit_decorator']) retrieved from /home/airflow/.local/lib/python3.7/site-packages/airflow/example_dags/example_short_circuit_decorator.py
[2024-04-27T02:40:01.458+0000] {logging_mixin.py:117} INFO - [2024-04-27T02:40:01.457+0000] {dag.py:2573} INFO - Sync 1 DAGs
[2024-04-27T02:40:01.491+0000] {logging_mixin.py:117} INFO - [2024-04-27T02:40:01.491+0000] {dag.py:3328} INFO - Setting next_dagrun for example_short_circuit_decorator to 2024-04-26T02:40:01.490968+00:00, run_after=2024-04-27T02:40:01.490968+00:00
[2024-04-27T02:40:01.540+0000] {processor.py:178} INFO - Processing /home/airflow/.local/lib/python3.7/site-packages/airflow/example_dags/example_short_circuit_decorator.py took 0.166 seconds
[2024-04-27T02:40:32.594+0000] {processor.py:156} INFO - Started process (PID=6892) to work on /home/airflow/.local/lib/python3.7/site-packages/airflow/example_dags/example_short_circuit_decorator.py
[2024-04-27T02:40:32.595+0000] {processor.py:758} INFO - Processing file /home/airflow/.local/lib/python3.7/site-packages/airflow/example_dags/example_short_circuit_decorator.py for tasks to queue
[2024-04-27T02:40:32.596+0000] {logging_mixin.py:117} INFO - [2024-04-27T02:40:32.595+0000] {dagbag.py:525} INFO - Filling up the DagBag from /home/airflow/.local/lib/python3.7/site-packages/airflow/example_dags/example_short_circuit_decorator.py
[2024-04-27T02:40:32.624+0000] {processor.py:768} INFO - DAG(s) dict_keys(['example_short_circuit_decorator']) retrieved from /home/airflow/.local/lib/python3.7/site-packages/airflow/example_dags/example_short_circuit_decorator.py
[2024-04-27T02:40:32.672+0000] {logging_mixin.py:117} INFO - [2024-04-27T02:40:32.672+0000] {dag.py:2573} INFO - Sync 1 DAGs
[2024-04-27T02:40:32.704+0000] {logging_mixin.py:117} INFO - [2024-04-27T02:40:32.704+0000] {dag.py:3328} INFO - Setting next_dagrun for example_short_circuit_decorator to 2024-04-26T02:40:32.704520+00:00, run_after=2024-04-27T02:40:32.704520+00:00
[2024-04-27T02:40:32.732+0000] {processor.py:178} INFO - Processing /home/airflow/.local/lib/python3.7/site-packages/airflow/example_dags/example_short_circuit_decorator.py took 0.140 seconds
[2024-04-27T02:41:04.606+0000] {processor.py:156} INFO - Started process (PID=7110) to work on /home/airflow/.local/lib/python3.7/site-packages/airflow/example_dags/example_short_circuit_decorator.py
[2024-04-27T02:41:04.607+0000] {processor.py:758} INFO - Processing file /home/airflow/.local/lib/python3.7/site-packages/airflow/example_dags/example_short_circuit_decorator.py for tasks to queue
[2024-04-27T02:41:04.608+0000] {logging_mixin.py:117} INFO - [2024-04-27T02:41:04.608+0000] {dagbag.py:525} INFO - Filling up the DagBag from /home/airflow/.local/lib/python3.7/site-packages/airflow/example_dags/example_short_circuit_decorator.py
[2024-04-27T02:41:04.637+0000] {processor.py:768} INFO - DAG(s) dict_keys(['example_short_circuit_decorator']) retrieved from /home/airflow/.local/lib/python3.7/site-packages/airflow/example_dags/example_short_circuit_decorator.py
[2024-04-27T02:41:04.684+0000] {logging_mixin.py:117} INFO - [2024-04-27T02:41:04.684+0000] {dag.py:2573} INFO - Sync 1 DAGs
[2024-04-27T02:41:04.726+0000] {logging_mixin.py:117} INFO - [2024-04-27T02:41:04.726+0000] {dag.py:3328} INFO - Setting next_dagrun for example_short_circuit_decorator to 2024-04-26T02:41:04.726006+00:00, run_after=2024-04-27T02:41:04.726006+00:00
[2024-04-27T02:41:04.761+0000] {processor.py:178} INFO - Processing /home/airflow/.local/lib/python3.7/site-packages/airflow/example_dags/example_short_circuit_decorator.py took 0.158 seconds
[2024-04-27T02:41:35.365+0000] {processor.py:156} INFO - Started process (PID=7318) to work on /home/airflow/.local/lib/python3.7/site-packages/airflow/example_dags/example_short_circuit_decorator.py
[2024-04-27T02:41:35.366+0000] {processor.py:758} INFO - Processing file /home/airflow/.local/lib/python3.7/site-packages/airflow/example_dags/example_short_circuit_decorator.py for tasks to queue
[2024-04-27T02:41:35.366+0000] {logging_mixin.py:117} INFO - [2024-04-27T02:41:35.366+0000] {dagbag.py:525} INFO - Filling up the DagBag from /home/airflow/.local/lib/python3.7/site-packages/airflow/example_dags/example_short_circuit_decorator.py
[2024-04-27T02:41:35.395+0000] {processor.py:768} INFO - DAG(s) dict_keys(['example_short_circuit_decorator']) retrieved from /home/airflow/.local/lib/python3.7/site-packages/airflow/example_dags/example_short_circuit_decorator.py
[2024-04-27T02:41:35.445+0000] {logging_mixin.py:117} INFO - [2024-04-27T02:41:35.445+0000] {dag.py:2573} INFO - Sync 1 DAGs
[2024-04-27T02:41:35.483+0000] {logging_mixin.py:117} INFO - [2024-04-27T02:41:35.483+0000] {dag.py:3328} INFO - Setting next_dagrun for example_short_circuit_decorator to 2024-04-26T02:41:35.483527+00:00, run_after=2024-04-27T02:41:35.483527+00:00
[2024-04-27T02:41:35.511+0000] {processor.py:178} INFO - Processing /home/airflow/.local/lib/python3.7/site-packages/airflow/example_dags/example_short_circuit_decorator.py took 0.148 seconds
[2024-04-27T02:42:05.862+0000] {processor.py:156} INFO - Started process (PID=7537) to work on /home/airflow/.local/lib/python3.7/site-packages/airflow/example_dags/example_short_circuit_decorator.py
[2024-04-27T02:42:05.863+0000] {processor.py:758} INFO - Processing file /home/airflow/.local/lib/python3.7/site-packages/airflow/example_dags/example_short_circuit_decorator.py for tasks to queue
[2024-04-27T02:42:05.864+0000] {logging_mixin.py:117} INFO - [2024-04-27T02:42:05.863+0000] {dagbag.py:525} INFO - Filling up the DagBag from /home/airflow/.local/lib/python3.7/site-packages/airflow/example_dags/example_short_circuit_decorator.py
[2024-04-27T02:42:05.894+0000] {processor.py:768} INFO - DAG(s) dict_keys(['example_short_circuit_decorator']) retrieved from /home/airflow/.local/lib/python3.7/site-packages/airflow/example_dags/example_short_circuit_decorator.py
[2024-04-27T02:42:05.946+0000] {logging_mixin.py:117} INFO - [2024-04-27T02:42:05.945+0000] {dag.py:2573} INFO - Sync 1 DAGs
[2024-04-27T02:42:05.976+0000] {logging_mixin.py:117} INFO - [2024-04-27T02:42:05.976+0000] {dag.py:3328} INFO - Setting next_dagrun for example_short_circuit_decorator to 2024-04-26T02:42:05.976094+00:00, run_after=2024-04-27T02:42:05.976094+00:00
[2024-04-27T02:42:06.003+0000] {processor.py:178} INFO - Processing /home/airflow/.local/lib/python3.7/site-packages/airflow/example_dags/example_short_circuit_decorator.py took 0.145 seconds
[2024-04-27T02:42:37.139+0000] {processor.py:156} INFO - Started process (PID=7756) to work on /home/airflow/.local/lib/python3.7/site-packages/airflow/example_dags/example_short_circuit_decorator.py
[2024-04-27T02:42:37.139+0000] {processor.py:758} INFO - Processing file /home/airflow/.local/lib/python3.7/site-packages/airflow/example_dags/example_short_circuit_decorator.py for tasks to queue
[2024-04-27T02:42:37.140+0000] {logging_mixin.py:117} INFO - [2024-04-27T02:42:37.140+0000] {dagbag.py:525} INFO - Filling up the DagBag from /home/airflow/.local/lib/python3.7/site-packages/airflow/example_dags/example_short_circuit_decorator.py
[2024-04-27T02:42:37.170+0000] {processor.py:768} INFO - DAG(s) dict_keys(['example_short_circuit_decorator']) retrieved from /home/airflow/.local/lib/python3.7/site-packages/airflow/example_dags/example_short_circuit_decorator.py
[2024-04-27T02:42:37.239+0000] {logging_mixin.py:117} INFO - [2024-04-27T02:42:37.239+0000] {dag.py:2573} INFO - Sync 1 DAGs
[2024-04-27T02:42:37.288+0000] {logging_mixin.py:117} INFO - [2024-04-27T02:42:37.288+0000] {dag.py:3328} INFO - Setting next_dagrun for example_short_circuit_decorator to 2024-04-26T02:42:37.288133+00:00, run_after=2024-04-27T02:42:37.288133+00:00
[2024-04-27T02:42:37.315+0000] {processor.py:178} INFO - Processing /home/airflow/.local/lib/python3.7/site-packages/airflow/example_dags/example_short_circuit_decorator.py took 0.180 seconds
[2024-04-27T02:43:08.347+0000] {processor.py:156} INFO - Started process (PID=7967) to work on /home/airflow/.local/lib/python3.7/site-packages/airflow/example_dags/example_short_circuit_decorator.py
[2024-04-27T02:43:08.348+0000] {processor.py:758} INFO - Processing file /home/airflow/.local/lib/python3.7/site-packages/airflow/example_dags/example_short_circuit_decorator.py for tasks to queue
[2024-04-27T02:43:08.348+0000] {logging_mixin.py:117} INFO - [2024-04-27T02:43:08.348+0000] {dagbag.py:525} INFO - Filling up the DagBag from /home/airflow/.local/lib/python3.7/site-packages/airflow/example_dags/example_short_circuit_decorator.py
[2024-04-27T02:43:08.402+0000] {processor.py:768} INFO - DAG(s) dict_keys(['example_short_circuit_decorator']) retrieved from /home/airflow/.local/lib/python3.7/site-packages/airflow/example_dags/example_short_circuit_decorator.py
[2024-04-27T02:43:08.532+0000] {logging_mixin.py:117} INFO - [2024-04-27T02:43:08.525+0000] {dag.py:2573} INFO - Sync 1 DAGs
[2024-04-27T02:43:08.566+0000] {logging_mixin.py:117} INFO - [2024-04-27T02:43:08.565+0000] {dag.py:3328} INFO - Setting next_dagrun for example_short_circuit_decorator to 2024-04-26T02:43:08.565638+00:00, run_after=2024-04-27T02:43:08.565638+00:00
[2024-04-27T02:43:08.600+0000] {processor.py:178} INFO - Processing /home/airflow/.local/lib/python3.7/site-packages/airflow/example_dags/example_short_circuit_decorator.py took 0.258 seconds
[2024-04-27T02:43:39.500+0000] {processor.py:156} INFO - Started process (PID=8185) to work on /home/airflow/.local/lib/python3.7/site-packages/airflow/example_dags/example_short_circuit_decorator.py
[2024-04-27T02:43:39.501+0000] {processor.py:758} INFO - Processing file /home/airflow/.local/lib/python3.7/site-packages/airflow/example_dags/example_short_circuit_decorator.py for tasks to queue
[2024-04-27T02:43:39.502+0000] {logging_mixin.py:117} INFO - [2024-04-27T02:43:39.502+0000] {dagbag.py:525} INFO - Filling up the DagBag from /home/airflow/.local/lib/python3.7/site-packages/airflow/example_dags/example_short_circuit_decorator.py
[2024-04-27T02:43:39.534+0000] {processor.py:768} INFO - DAG(s) dict_keys(['example_short_circuit_decorator']) retrieved from /home/airflow/.local/lib/python3.7/site-packages/airflow/example_dags/example_short_circuit_decorator.py
[2024-04-27T02:43:39.579+0000] {logging_mixin.py:117} INFO - [2024-04-27T02:43:39.579+0000] {dag.py:2573} INFO - Sync 1 DAGs
[2024-04-27T02:43:39.615+0000] {logging_mixin.py:117} INFO - [2024-04-27T02:43:39.615+0000] {dag.py:3328} INFO - Setting next_dagrun for example_short_circuit_decorator to 2024-04-26T02:43:39.615183+00:00, run_after=2024-04-27T02:43:39.615183+00:00
[2024-04-27T02:43:39.642+0000] {processor.py:178} INFO - Processing /home/airflow/.local/lib/python3.7/site-packages/airflow/example_dags/example_short_circuit_decorator.py took 0.145 seconds
[2024-04-27T02:44:10.551+0000] {processor.py:156} INFO - Started process (PID=8402) to work on /home/airflow/.local/lib/python3.7/site-packages/airflow/example_dags/example_short_circuit_decorator.py
[2024-04-27T02:44:10.552+0000] {processor.py:758} INFO - Processing file /home/airflow/.local/lib/python3.7/site-packages/airflow/example_dags/example_short_circuit_decorator.py for tasks to queue
[2024-04-27T02:44:10.552+0000] {logging_mixin.py:117} INFO - [2024-04-27T02:44:10.552+0000] {dagbag.py:525} INFO - Filling up the DagBag from /home/airflow/.local/lib/python3.7/site-packages/airflow/example_dags/example_short_circuit_decorator.py
[2024-04-27T02:44:10.581+0000] {processor.py:768} INFO - DAG(s) dict_keys(['example_short_circuit_decorator']) retrieved from /home/airflow/.local/lib/python3.7/site-packages/airflow/example_dags/example_short_circuit_decorator.py
[2024-04-27T02:44:10.632+0000] {logging_mixin.py:117} INFO - [2024-04-27T02:44:10.632+0000] {dag.py:2573} INFO - Sync 1 DAGs
[2024-04-27T02:44:10.666+0000] {logging_mixin.py:117} INFO - [2024-04-27T02:44:10.665+0000] {dag.py:3328} INFO - Setting next_dagrun for example_short_circuit_decorator to 2024-04-26T02:44:10.665637+00:00, run_after=2024-04-27T02:44:10.665637+00:00
[2024-04-27T02:44:10.695+0000] {processor.py:178} INFO - Processing /home/airflow/.local/lib/python3.7/site-packages/airflow/example_dags/example_short_circuit_decorator.py took 0.147 seconds
[2024-04-27T02:44:42.085+0000] {processor.py:156} INFO - Started process (PID=8624) to work on /home/airflow/.local/lib/python3.7/site-packages/airflow/example_dags/example_short_circuit_decorator.py
[2024-04-27T02:44:42.086+0000] {processor.py:758} INFO - Processing file /home/airflow/.local/lib/python3.7/site-packages/airflow/example_dags/example_short_circuit_decorator.py for tasks to queue
[2024-04-27T02:44:42.087+0000] {logging_mixin.py:117} INFO - [2024-04-27T02:44:42.087+0000] {dagbag.py:525} INFO - Filling up the DagBag from /home/airflow/.local/lib/python3.7/site-packages/airflow/example_dags/example_short_circuit_decorator.py
[2024-04-27T02:44:42.115+0000] {processor.py:768} INFO - DAG(s) dict_keys(['example_short_circuit_decorator']) retrieved from /home/airflow/.local/lib/python3.7/site-packages/airflow/example_dags/example_short_circuit_decorator.py
[2024-04-27T02:44:42.149+0000] {logging_mixin.py:117} INFO - [2024-04-27T02:44:42.149+0000] {dag.py:2573} INFO - Sync 1 DAGs
[2024-04-27T02:44:42.168+0000] {logging_mixin.py:117} INFO - [2024-04-27T02:44:42.168+0000] {dag.py:3328} INFO - Setting next_dagrun for example_short_circuit_decorator to 2024-04-26T02:44:42.168649+00:00, run_after=2024-04-27T02:44:42.168649+00:00
[2024-04-27T02:44:42.189+0000] {processor.py:178} INFO - Processing /home/airflow/.local/lib/python3.7/site-packages/airflow/example_dags/example_short_circuit_decorator.py took 0.107 seconds
[2024-04-27T02:45:13.209+0000] {processor.py:156} INFO - Started process (PID=8832) to work on /home/airflow/.local/lib/python3.7/site-packages/airflow/example_dags/example_short_circuit_decorator.py
[2024-04-27T02:45:13.210+0000] {processor.py:758} INFO - Processing file /home/airflow/.local/lib/python3.7/site-packages/airflow/example_dags/example_short_circuit_decorator.py for tasks to queue
[2024-04-27T02:45:13.211+0000] {logging_mixin.py:117} INFO - [2024-04-27T02:45:13.211+0000] {dagbag.py:525} INFO - Filling up the DagBag from /home/airflow/.local/lib/python3.7/site-packages/airflow/example_dags/example_short_circuit_decorator.py
[2024-04-27T02:45:13.288+0000] {processor.py:768} INFO - DAG(s) dict_keys(['example_short_circuit_decorator']) retrieved from /home/airflow/.local/lib/python3.7/site-packages/airflow/example_dags/example_short_circuit_decorator.py
[2024-04-27T02:45:13.502+0000] {logging_mixin.py:117} INFO - [2024-04-27T02:45:13.502+0000] {dag.py:2573} INFO - Sync 1 DAGs
[2024-04-27T02:45:13.599+0000] {logging_mixin.py:117} INFO - [2024-04-27T02:45:13.599+0000] {dag.py:3328} INFO - Setting next_dagrun for example_short_circuit_decorator to 2024-04-26T02:45:13.599525+00:00, run_after=2024-04-27T02:45:13.599525+00:00
[2024-04-27T02:45:13.637+0000] {processor.py:178} INFO - Processing /home/airflow/.local/lib/python3.7/site-packages/airflow/example_dags/example_short_circuit_decorator.py took 0.431 seconds
[2024-04-27T02:45:44.117+0000] {processor.py:156} INFO - Started process (PID=9048) to work on /home/airflow/.local/lib/python3.7/site-packages/airflow/example_dags/example_short_circuit_decorator.py
[2024-04-27T02:45:44.118+0000] {processor.py:758} INFO - Processing file /home/airflow/.local/lib/python3.7/site-packages/airflow/example_dags/example_short_circuit_decorator.py for tasks to queue
[2024-04-27T02:45:44.119+0000] {logging_mixin.py:117} INFO - [2024-04-27T02:45:44.119+0000] {dagbag.py:525} INFO - Filling up the DagBag from /home/airflow/.local/lib/python3.7/site-packages/airflow/example_dags/example_short_circuit_decorator.py
[2024-04-27T02:45:44.167+0000] {processor.py:768} INFO - DAG(s) dict_keys(['example_short_circuit_decorator']) retrieved from /home/airflow/.local/lib/python3.7/site-packages/airflow/example_dags/example_short_circuit_decorator.py
[2024-04-27T02:45:44.216+0000] {logging_mixin.py:117} INFO - [2024-04-27T02:45:44.216+0000] {dag.py:2573} INFO - Sync 1 DAGs
[2024-04-27T02:45:44.248+0000] {logging_mixin.py:117} INFO - [2024-04-27T02:45:44.248+0000] {dag.py:3328} INFO - Setting next_dagrun for example_short_circuit_decorator to 2024-04-26T02:45:44.247751+00:00, run_after=2024-04-27T02:45:44.247751+00:00
[2024-04-27T02:45:44.273+0000] {processor.py:178} INFO - Processing /home/airflow/.local/lib/python3.7/site-packages/airflow/example_dags/example_short_circuit_decorator.py took 0.159 seconds
[2024-04-27T02:46:14.566+0000] {processor.py:156} INFO - Started process (PID=9267) to work on /home/airflow/.local/lib/python3.7/site-packages/airflow/example_dags/example_short_circuit_decorator.py
[2024-04-27T02:46:14.567+0000] {processor.py:758} INFO - Processing file /home/airflow/.local/lib/python3.7/site-packages/airflow/example_dags/example_short_circuit_decorator.py for tasks to queue
[2024-04-27T02:46:14.568+0000] {logging_mixin.py:117} INFO - [2024-04-27T02:46:14.567+0000] {dagbag.py:525} INFO - Filling up the DagBag from /home/airflow/.local/lib/python3.7/site-packages/airflow/example_dags/example_short_circuit_decorator.py
[2024-04-27T02:46:14.601+0000] {processor.py:768} INFO - DAG(s) dict_keys(['example_short_circuit_decorator']) retrieved from /home/airflow/.local/lib/python3.7/site-packages/airflow/example_dags/example_short_circuit_decorator.py
[2024-04-27T02:46:14.650+0000] {logging_mixin.py:117} INFO - [2024-04-27T02:46:14.650+0000] {dag.py:2573} INFO - Sync 1 DAGs
[2024-04-27T02:46:14.684+0000] {logging_mixin.py:117} INFO - [2024-04-27T02:46:14.683+0000] {dag.py:3328} INFO - Setting next_dagrun for example_short_circuit_decorator to 2024-04-26T02:46:14.683611+00:00, run_after=2024-04-27T02:46:14.683611+00:00
[2024-04-27T02:46:14.710+0000] {processor.py:178} INFO - Processing /home/airflow/.local/lib/python3.7/site-packages/airflow/example_dags/example_short_circuit_decorator.py took 0.146 seconds
[2024-04-27T02:46:45.173+0000] {processor.py:156} INFO - Started process (PID=9477) to work on /home/airflow/.local/lib/python3.7/site-packages/airflow/example_dags/example_short_circuit_decorator.py
[2024-04-27T02:46:45.173+0000] {processor.py:758} INFO - Processing file /home/airflow/.local/lib/python3.7/site-packages/airflow/example_dags/example_short_circuit_decorator.py for tasks to queue
[2024-04-27T02:46:45.174+0000] {logging_mixin.py:117} INFO - [2024-04-27T02:46:45.174+0000] {dagbag.py:525} INFO - Filling up the DagBag from /home/airflow/.local/lib/python3.7/site-packages/airflow/example_dags/example_short_circuit_decorator.py
[2024-04-27T02:46:45.202+0000] {processor.py:768} INFO - DAG(s) dict_keys(['example_short_circuit_decorator']) retrieved from /home/airflow/.local/lib/python3.7/site-packages/airflow/example_dags/example_short_circuit_decorator.py
[2024-04-27T02:46:45.251+0000] {logging_mixin.py:117} INFO - [2024-04-27T02:46:45.250+0000] {dag.py:2573} INFO - Sync 1 DAGs
[2024-04-27T02:46:45.283+0000] {logging_mixin.py:117} INFO - [2024-04-27T02:46:45.282+0000] {dag.py:3328} INFO - Setting next_dagrun for example_short_circuit_decorator to 2024-04-26T02:46:45.282637+00:00, run_after=2024-04-27T02:46:45.282637+00:00
[2024-04-27T02:46:45.321+0000] {processor.py:178} INFO - Processing /home/airflow/.local/lib/python3.7/site-packages/airflow/example_dags/example_short_circuit_decorator.py took 0.152 seconds
[2024-04-27T02:47:16.319+0000] {processor.py:156} INFO - Started process (PID=9696) to work on /home/airflow/.local/lib/python3.7/site-packages/airflow/example_dags/example_short_circuit_decorator.py
[2024-04-27T02:47:16.320+0000] {processor.py:758} INFO - Processing file /home/airflow/.local/lib/python3.7/site-packages/airflow/example_dags/example_short_circuit_decorator.py for tasks to queue
[2024-04-27T02:47:16.320+0000] {logging_mixin.py:117} INFO - [2024-04-27T02:47:16.320+0000] {dagbag.py:525} INFO - Filling up the DagBag from /home/airflow/.local/lib/python3.7/site-packages/airflow/example_dags/example_short_circuit_decorator.py
[2024-04-27T02:47:16.358+0000] {processor.py:768} INFO - DAG(s) dict_keys(['example_short_circuit_decorator']) retrieved from /home/airflow/.local/lib/python3.7/site-packages/airflow/example_dags/example_short_circuit_decorator.py
[2024-04-27T02:47:16.449+0000] {logging_mixin.py:117} INFO - [2024-04-27T02:47:16.449+0000] {dag.py:2573} INFO - Sync 1 DAGs
[2024-04-27T02:47:16.478+0000] {logging_mixin.py:117} INFO - [2024-04-27T02:47:16.478+0000] {dag.py:3328} INFO - Setting next_dagrun for example_short_circuit_decorator to 2024-04-26T02:47:16.478213+00:00, run_after=2024-04-27T02:47:16.478213+00:00
[2024-04-27T02:47:16.503+0000] {processor.py:178} INFO - Processing /home/airflow/.local/lib/python3.7/site-packages/airflow/example_dags/example_short_circuit_decorator.py took 0.188 seconds
[2024-04-27T02:47:46.822+0000] {processor.py:156} INFO - Started process (PID=9915) to work on /home/airflow/.local/lib/python3.7/site-packages/airflow/example_dags/example_short_circuit_decorator.py
[2024-04-27T02:47:46.823+0000] {processor.py:758} INFO - Processing file /home/airflow/.local/lib/python3.7/site-packages/airflow/example_dags/example_short_circuit_decorator.py for tasks to queue
[2024-04-27T02:47:46.824+0000] {logging_mixin.py:117} INFO - [2024-04-27T02:47:46.824+0000] {dagbag.py:525} INFO - Filling up the DagBag from /home/airflow/.local/lib/python3.7/site-packages/airflow/example_dags/example_short_circuit_decorator.py
[2024-04-27T02:47:46.859+0000] {processor.py:768} INFO - DAG(s) dict_keys(['example_short_circuit_decorator']) retrieved from /home/airflow/.local/lib/python3.7/site-packages/airflow/example_dags/example_short_circuit_decorator.py
[2024-04-27T02:47:46.909+0000] {logging_mixin.py:117} INFO - [2024-04-27T02:47:46.909+0000] {dag.py:2573} INFO - Sync 1 DAGs
[2024-04-27T02:47:46.938+0000] {logging_mixin.py:117} INFO - [2024-04-27T02:47:46.938+0000] {dag.py:3328} INFO - Setting next_dagrun for example_short_circuit_decorator to 2024-04-26T02:47:46.937993+00:00, run_after=2024-04-27T02:47:46.937993+00:00
[2024-04-27T02:47:46.964+0000] {processor.py:178} INFO - Processing /home/airflow/.local/lib/python3.7/site-packages/airflow/example_dags/example_short_circuit_decorator.py took 0.146 seconds
[2024-04-27T02:48:17.460+0000] {processor.py:156} INFO - Started process (PID=10123) to work on /home/airflow/.local/lib/python3.7/site-packages/airflow/example_dags/example_short_circuit_decorator.py
[2024-04-27T02:48:17.461+0000] {processor.py:758} INFO - Processing file /home/airflow/.local/lib/python3.7/site-packages/airflow/example_dags/example_short_circuit_decorator.py for tasks to queue
[2024-04-27T02:48:17.462+0000] {logging_mixin.py:117} INFO - [2024-04-27T02:48:17.462+0000] {dagbag.py:525} INFO - Filling up the DagBag from /home/airflow/.local/lib/python3.7/site-packages/airflow/example_dags/example_short_circuit_decorator.py
[2024-04-27T02:48:17.493+0000] {processor.py:768} INFO - DAG(s) dict_keys(['example_short_circuit_decorator']) retrieved from /home/airflow/.local/lib/python3.7/site-packages/airflow/example_dags/example_short_circuit_decorator.py
[2024-04-27T02:48:17.544+0000] {logging_mixin.py:117} INFO - [2024-04-27T02:48:17.544+0000] {dag.py:2573} INFO - Sync 1 DAGs
[2024-04-27T02:48:17.572+0000] {logging_mixin.py:117} INFO - [2024-04-27T02:48:17.572+0000] {dag.py:3328} INFO - Setting next_dagrun for example_short_circuit_decorator to 2024-04-26T02:48:17.572063+00:00, run_after=2024-04-27T02:48:17.572063+00:00
[2024-04-27T02:48:17.597+0000] {processor.py:178} INFO - Processing /home/airflow/.local/lib/python3.7/site-packages/airflow/example_dags/example_short_circuit_decorator.py took 0.140 seconds
[2024-04-27T02:48:48.187+0000] {processor.py:156} INFO - Started process (PID=10340) to work on /home/airflow/.local/lib/python3.7/site-packages/airflow/example_dags/example_short_circuit_decorator.py
[2024-04-27T02:48:48.188+0000] {processor.py:758} INFO - Processing file /home/airflow/.local/lib/python3.7/site-packages/airflow/example_dags/example_short_circuit_decorator.py for tasks to queue
[2024-04-27T02:48:48.189+0000] {logging_mixin.py:117} INFO - [2024-04-27T02:48:48.189+0000] {dagbag.py:525} INFO - Filling up the DagBag from /home/airflow/.local/lib/python3.7/site-packages/airflow/example_dags/example_short_circuit_decorator.py
[2024-04-27T02:48:48.222+0000] {processor.py:768} INFO - DAG(s) dict_keys(['example_short_circuit_decorator']) retrieved from /home/airflow/.local/lib/python3.7/site-packages/airflow/example_dags/example_short_circuit_decorator.py
[2024-04-27T02:48:48.271+0000] {logging_mixin.py:117} INFO - [2024-04-27T02:48:48.271+0000] {dag.py:2573} INFO - Sync 1 DAGs
[2024-04-27T02:48:48.298+0000] {logging_mixin.py:117} INFO - [2024-04-27T02:48:48.298+0000] {dag.py:3328} INFO - Setting next_dagrun for example_short_circuit_decorator to 2024-04-26T02:48:48.298111+00:00, run_after=2024-04-27T02:48:48.298111+00:00
[2024-04-27T02:48:48.323+0000] {processor.py:178} INFO - Processing /home/airflow/.local/lib/python3.7/site-packages/airflow/example_dags/example_short_circuit_decorator.py took 0.139 seconds
[2024-04-27T02:49:18.657+0000] {processor.py:156} INFO - Started process (PID=10557) to work on /home/airflow/.local/lib/python3.7/site-packages/airflow/example_dags/example_short_circuit_decorator.py
[2024-04-27T02:49:18.658+0000] {processor.py:758} INFO - Processing file /home/airflow/.local/lib/python3.7/site-packages/airflow/example_dags/example_short_circuit_decorator.py for tasks to queue
[2024-04-27T02:49:18.659+0000] {logging_mixin.py:117} INFO - [2024-04-27T02:49:18.658+0000] {dagbag.py:525} INFO - Filling up the DagBag from /home/airflow/.local/lib/python3.7/site-packages/airflow/example_dags/example_short_circuit_decorator.py
[2024-04-27T02:49:18.692+0000] {processor.py:768} INFO - DAG(s) dict_keys(['example_short_circuit_decorator']) retrieved from /home/airflow/.local/lib/python3.7/site-packages/airflow/example_dags/example_short_circuit_decorator.py
[2024-04-27T02:49:18.742+0000] {logging_mixin.py:117} INFO - [2024-04-27T02:49:18.742+0000] {dag.py:2573} INFO - Sync 1 DAGs
[2024-04-27T02:49:18.772+0000] {logging_mixin.py:117} INFO - [2024-04-27T02:49:18.772+0000] {dag.py:3328} INFO - Setting next_dagrun for example_short_circuit_decorator to 2024-04-26T02:49:18.772063+00:00, run_after=2024-04-27T02:49:18.772063+00:00
[2024-04-27T02:49:18.812+0000] {processor.py:178} INFO - Processing /home/airflow/.local/lib/python3.7/site-packages/airflow/example_dags/example_short_circuit_decorator.py took 0.159 seconds
[2024-04-27T02:49:49.823+0000] {processor.py:156} INFO - Started process (PID=10766) to work on /home/airflow/.local/lib/python3.7/site-packages/airflow/example_dags/example_short_circuit_decorator.py
[2024-04-27T02:49:49.824+0000] {processor.py:758} INFO - Processing file /home/airflow/.local/lib/python3.7/site-packages/airflow/example_dags/example_short_circuit_decorator.py for tasks to queue
[2024-04-27T02:49:49.825+0000] {logging_mixin.py:117} INFO - [2024-04-27T02:49:49.825+0000] {dagbag.py:525} INFO - Filling up the DagBag from /home/airflow/.local/lib/python3.7/site-packages/airflow/example_dags/example_short_circuit_decorator.py
[2024-04-27T02:49:49.856+0000] {processor.py:768} INFO - DAG(s) dict_keys(['example_short_circuit_decorator']) retrieved from /home/airflow/.local/lib/python3.7/site-packages/airflow/example_dags/example_short_circuit_decorator.py
[2024-04-27T02:49:49.910+0000] {logging_mixin.py:117} INFO - [2024-04-27T02:49:49.910+0000] {dag.py:2573} INFO - Sync 1 DAGs
[2024-04-27T02:49:49.939+0000] {logging_mixin.py:117} INFO - [2024-04-27T02:49:49.939+0000] {dag.py:3328} INFO - Setting next_dagrun for example_short_circuit_decorator to 2024-04-26T02:49:49.938851+00:00, run_after=2024-04-27T02:49:49.938851+00:00
[2024-04-27T02:49:49.964+0000] {processor.py:178} INFO - Processing /home/airflow/.local/lib/python3.7/site-packages/airflow/example_dags/example_short_circuit_decorator.py took 0.144 seconds
[2024-04-27T02:50:20.350+0000] {processor.py:156} INFO - Started process (PID=10984) to work on /home/airflow/.local/lib/python3.7/site-packages/airflow/example_dags/example_short_circuit_decorator.py
[2024-04-27T02:50:20.351+0000] {processor.py:758} INFO - Processing file /home/airflow/.local/lib/python3.7/site-packages/airflow/example_dags/example_short_circuit_decorator.py for tasks to queue
[2024-04-27T02:50:20.352+0000] {logging_mixin.py:117} INFO - [2024-04-27T02:50:20.352+0000] {dagbag.py:525} INFO - Filling up the DagBag from /home/airflow/.local/lib/python3.7/site-packages/airflow/example_dags/example_short_circuit_decorator.py
[2024-04-27T02:50:20.381+0000] {processor.py:768} INFO - DAG(s) dict_keys(['example_short_circuit_decorator']) retrieved from /home/airflow/.local/lib/python3.7/site-packages/airflow/example_dags/example_short_circuit_decorator.py
[2024-04-27T02:50:20.431+0000] {logging_mixin.py:117} INFO - [2024-04-27T02:50:20.430+0000] {dag.py:2573} INFO - Sync 1 DAGs
[2024-04-27T02:50:20.462+0000] {logging_mixin.py:117} INFO - [2024-04-27T02:50:20.462+0000] {dag.py:3328} INFO - Setting next_dagrun for example_short_circuit_decorator to 2024-04-26T02:50:20.461944+00:00, run_after=2024-04-27T02:50:20.461944+00:00
[2024-04-27T02:50:20.487+0000] {processor.py:178} INFO - Processing /home/airflow/.local/lib/python3.7/site-packages/airflow/example_dags/example_short_circuit_decorator.py took 0.140 seconds
[2024-04-27T02:50:51.084+0000] {processor.py:156} INFO - Started process (PID=11201) to work on /home/airflow/.local/lib/python3.7/site-packages/airflow/example_dags/example_short_circuit_decorator.py
[2024-04-27T02:50:51.086+0000] {processor.py:758} INFO - Processing file /home/airflow/.local/lib/python3.7/site-packages/airflow/example_dags/example_short_circuit_decorator.py for tasks to queue
[2024-04-27T02:50:51.086+0000] {logging_mixin.py:117} INFO - [2024-04-27T02:50:51.086+0000] {dagbag.py:525} INFO - Filling up the DagBag from /home/airflow/.local/lib/python3.7/site-packages/airflow/example_dags/example_short_circuit_decorator.py
[2024-04-27T02:50:51.116+0000] {processor.py:768} INFO - DAG(s) dict_keys(['example_short_circuit_decorator']) retrieved from /home/airflow/.local/lib/python3.7/site-packages/airflow/example_dags/example_short_circuit_decorator.py
[2024-04-27T02:50:51.165+0000] {logging_mixin.py:117} INFO - [2024-04-27T02:50:51.165+0000] {dag.py:2573} INFO - Sync 1 DAGs
[2024-04-27T02:50:51.198+0000] {logging_mixin.py:117} INFO - [2024-04-27T02:50:51.197+0000] {dag.py:3328} INFO - Setting next_dagrun for example_short_circuit_decorator to 2024-04-26T02:50:51.197670+00:00, run_after=2024-04-27T02:50:51.197670+00:00
[2024-04-27T02:50:51.226+0000] {processor.py:178} INFO - Processing /home/airflow/.local/lib/python3.7/site-packages/airflow/example_dags/example_short_circuit_decorator.py took 0.145 seconds
[2024-04-27T02:51:22.226+0000] {processor.py:156} INFO - Started process (PID=11410) to work on /home/airflow/.local/lib/python3.7/site-packages/airflow/example_dags/example_short_circuit_decorator.py
[2024-04-27T02:51:22.226+0000] {processor.py:758} INFO - Processing file /home/airflow/.local/lib/python3.7/site-packages/airflow/example_dags/example_short_circuit_decorator.py for tasks to queue
[2024-04-27T02:51:22.227+0000] {logging_mixin.py:117} INFO - [2024-04-27T02:51:22.227+0000] {dagbag.py:525} INFO - Filling up the DagBag from /home/airflow/.local/lib/python3.7/site-packages/airflow/example_dags/example_short_circuit_decorator.py
[2024-04-27T02:51:22.257+0000] {processor.py:768} INFO - DAG(s) dict_keys(['example_short_circuit_decorator']) retrieved from /home/airflow/.local/lib/python3.7/site-packages/airflow/example_dags/example_short_circuit_decorator.py
[2024-04-27T02:51:22.308+0000] {logging_mixin.py:117} INFO - [2024-04-27T02:51:22.308+0000] {dag.py:2573} INFO - Sync 1 DAGs
[2024-04-27T02:51:22.358+0000] {logging_mixin.py:117} INFO - [2024-04-27T02:51:22.358+0000] {dag.py:3328} INFO - Setting next_dagrun for example_short_circuit_decorator to 2024-04-26T02:51:22.356988+00:00, run_after=2024-04-27T02:51:22.356988+00:00
[2024-04-27T02:51:22.408+0000] {processor.py:178} INFO - Processing /home/airflow/.local/lib/python3.7/site-packages/airflow/example_dags/example_short_circuit_decorator.py took 0.186 seconds
[2024-04-27T02:51:53.063+0000] {processor.py:156} INFO - Started process (PID=11627) to work on /home/airflow/.local/lib/python3.7/site-packages/airflow/example_dags/example_short_circuit_decorator.py
[2024-04-27T02:51:53.065+0000] {processor.py:758} INFO - Processing file /home/airflow/.local/lib/python3.7/site-packages/airflow/example_dags/example_short_circuit_decorator.py for tasks to queue
[2024-04-27T02:51:53.065+0000] {logging_mixin.py:117} INFO - [2024-04-27T02:51:53.065+0000] {dagbag.py:525} INFO - Filling up the DagBag from /home/airflow/.local/lib/python3.7/site-packages/airflow/example_dags/example_short_circuit_decorator.py
[2024-04-27T02:51:53.122+0000] {processor.py:768} INFO - DAG(s) dict_keys(['example_short_circuit_decorator']) retrieved from /home/airflow/.local/lib/python3.7/site-packages/airflow/example_dags/example_short_circuit_decorator.py
[2024-04-27T02:51:53.215+0000] {logging_mixin.py:117} INFO - [2024-04-27T02:51:53.215+0000] {dag.py:2573} INFO - Sync 1 DAGs
[2024-04-27T02:51:53.243+0000] {logging_mixin.py:117} INFO - [2024-04-27T02:51:53.243+0000] {dag.py:3328} INFO - Setting next_dagrun for example_short_circuit_decorator to 2024-04-26T02:51:53.243350+00:00, run_after=2024-04-27T02:51:53.243350+00:00
[2024-04-27T02:51:53.276+0000] {processor.py:178} INFO - Processing /home/airflow/.local/lib/python3.7/site-packages/airflow/example_dags/example_short_circuit_decorator.py took 0.216 seconds
[2024-04-27T02:52:24.015+0000] {processor.py:156} INFO - Started process (PID=11849) to work on /home/airflow/.local/lib/python3.7/site-packages/airflow/example_dags/example_short_circuit_decorator.py
[2024-04-27T02:52:24.015+0000] {processor.py:758} INFO - Processing file /home/airflow/.local/lib/python3.7/site-packages/airflow/example_dags/example_short_circuit_decorator.py for tasks to queue
[2024-04-27T02:52:24.016+0000] {logging_mixin.py:117} INFO - [2024-04-27T02:52:24.016+0000] {dagbag.py:525} INFO - Filling up the DagBag from /home/airflow/.local/lib/python3.7/site-packages/airflow/example_dags/example_short_circuit_decorator.py
[2024-04-27T02:52:24.037+0000] {processor.py:768} INFO - DAG(s) dict_keys(['example_short_circuit_decorator']) retrieved from /home/airflow/.local/lib/python3.7/site-packages/airflow/example_dags/example_short_circuit_decorator.py
[2024-04-27T02:52:24.071+0000] {logging_mixin.py:117} INFO - [2024-04-27T02:52:24.071+0000] {dag.py:2573} INFO - Sync 1 DAGs
[2024-04-27T02:52:24.092+0000] {logging_mixin.py:117} INFO - [2024-04-27T02:52:24.092+0000] {dag.py:3328} INFO - Setting next_dagrun for example_short_circuit_decorator to 2024-04-26T02:52:24.091824+00:00, run_after=2024-04-27T02:52:24.091824+00:00
[2024-04-27T02:52:24.119+0000] {processor.py:178} INFO - Processing /home/airflow/.local/lib/python3.7/site-packages/airflow/example_dags/example_short_circuit_decorator.py took 0.107 seconds
[2024-04-27T02:52:54.557+0000] {processor.py:156} INFO - Started process (PID=12056) to work on /home/airflow/.local/lib/python3.7/site-packages/airflow/example_dags/example_short_circuit_decorator.py
[2024-04-27T02:52:54.559+0000] {processor.py:758} INFO - Processing file /home/airflow/.local/lib/python3.7/site-packages/airflow/example_dags/example_short_circuit_decorator.py for tasks to queue
[2024-04-27T02:52:54.561+0000] {logging_mixin.py:117} INFO - [2024-04-27T02:52:54.561+0000] {dagbag.py:525} INFO - Filling up the DagBag from /home/airflow/.local/lib/python3.7/site-packages/airflow/example_dags/example_short_circuit_decorator.py
[2024-04-27T02:52:54.617+0000] {processor.py:768} INFO - DAG(s) dict_keys(['example_short_circuit_decorator']) retrieved from /home/airflow/.local/lib/python3.7/site-packages/airflow/example_dags/example_short_circuit_decorator.py
[2024-04-27T02:52:54.676+0000] {logging_mixin.py:117} INFO - [2024-04-27T02:52:54.676+0000] {dag.py:2573} INFO - Sync 1 DAGs
[2024-04-27T02:52:54.703+0000] {logging_mixin.py:117} INFO - [2024-04-27T02:52:54.703+0000] {dag.py:3328} INFO - Setting next_dagrun for example_short_circuit_decorator to 2024-04-26T02:52:54.703280+00:00, run_after=2024-04-27T02:52:54.703280+00:00
[2024-04-27T02:52:54.729+0000] {processor.py:178} INFO - Processing /home/airflow/.local/lib/python3.7/site-packages/airflow/example_dags/example_short_circuit_decorator.py took 0.175 seconds
[2024-04-27T02:53:24.987+0000] {processor.py:156} INFO - Started process (PID=12274) to work on /home/airflow/.local/lib/python3.7/site-packages/airflow/example_dags/example_short_circuit_decorator.py
[2024-04-27T02:53:24.988+0000] {processor.py:758} INFO - Processing file /home/airflow/.local/lib/python3.7/site-packages/airflow/example_dags/example_short_circuit_decorator.py for tasks to queue
[2024-04-27T02:53:24.989+0000] {logging_mixin.py:117} INFO - [2024-04-27T02:53:24.989+0000] {dagbag.py:525} INFO - Filling up the DagBag from /home/airflow/.local/lib/python3.7/site-packages/airflow/example_dags/example_short_circuit_decorator.py
[2024-04-27T02:53:25.020+0000] {processor.py:768} INFO - DAG(s) dict_keys(['example_short_circuit_decorator']) retrieved from /home/airflow/.local/lib/python3.7/site-packages/airflow/example_dags/example_short_circuit_decorator.py
[2024-04-27T02:53:25.072+0000] {logging_mixin.py:117} INFO - [2024-04-27T02:53:25.072+0000] {dag.py:2573} INFO - Sync 1 DAGs
[2024-04-27T02:53:25.104+0000] {logging_mixin.py:117} INFO - [2024-04-27T02:53:25.104+0000] {dag.py:3328} INFO - Setting next_dagrun for example_short_circuit_decorator to 2024-04-26T02:53:25.103811+00:00, run_after=2024-04-27T02:53:25.103811+00:00
[2024-04-27T02:53:25.133+0000] {processor.py:178} INFO - Processing /home/airflow/.local/lib/python3.7/site-packages/airflow/example_dags/example_short_circuit_decorator.py took 0.150 seconds
[2024-04-27T02:53:55.813+0000] {processor.py:156} INFO - Started process (PID=12492) to work on /home/airflow/.local/lib/python3.7/site-packages/airflow/example_dags/example_short_circuit_decorator.py
[2024-04-27T02:53:55.815+0000] {processor.py:758} INFO - Processing file /home/airflow/.local/lib/python3.7/site-packages/airflow/example_dags/example_short_circuit_decorator.py for tasks to queue
[2024-04-27T02:53:55.816+0000] {logging_mixin.py:117} INFO - [2024-04-27T02:53:55.816+0000] {dagbag.py:525} INFO - Filling up the DagBag from /home/airflow/.local/lib/python3.7/site-packages/airflow/example_dags/example_short_circuit_decorator.py
[2024-04-27T02:53:55.847+0000] {processor.py:768} INFO - DAG(s) dict_keys(['example_short_circuit_decorator']) retrieved from /home/airflow/.local/lib/python3.7/site-packages/airflow/example_dags/example_short_circuit_decorator.py
[2024-04-27T02:53:55.899+0000] {logging_mixin.py:117} INFO - [2024-04-27T02:53:55.898+0000] {dag.py:2573} INFO - Sync 1 DAGs
[2024-04-27T02:53:55.950+0000] {logging_mixin.py:117} INFO - [2024-04-27T02:53:55.950+0000] {dag.py:3328} INFO - Setting next_dagrun for example_short_circuit_decorator to 2024-04-26T02:53:55.949967+00:00, run_after=2024-04-27T02:53:55.949967+00:00
[2024-04-27T02:53:55.984+0000] {processor.py:178} INFO - Processing /home/airflow/.local/lib/python3.7/site-packages/airflow/example_dags/example_short_circuit_decorator.py took 0.174 seconds
[2024-04-27T02:54:26.846+0000] {processor.py:156} INFO - Started process (PID=12699) to work on /home/airflow/.local/lib/python3.7/site-packages/airflow/example_dags/example_short_circuit_decorator.py
[2024-04-27T02:54:26.847+0000] {processor.py:758} INFO - Processing file /home/airflow/.local/lib/python3.7/site-packages/airflow/example_dags/example_short_circuit_decorator.py for tasks to queue
[2024-04-27T02:54:26.848+0000] {logging_mixin.py:117} INFO - [2024-04-27T02:54:26.848+0000] {dagbag.py:525} INFO - Filling up the DagBag from /home/airflow/.local/lib/python3.7/site-packages/airflow/example_dags/example_short_circuit_decorator.py
[2024-04-27T02:54:26.883+0000] {processor.py:768} INFO - DAG(s) dict_keys(['example_short_circuit_decorator']) retrieved from /home/airflow/.local/lib/python3.7/site-packages/airflow/example_dags/example_short_circuit_decorator.py
[2024-04-27T02:54:27.051+0000] {logging_mixin.py:117} INFO - [2024-04-27T02:54:27.051+0000] {dag.py:2573} INFO - Sync 1 DAGs
[2024-04-27T02:54:27.128+0000] {logging_mixin.py:117} INFO - [2024-04-27T02:54:27.127+0000] {dag.py:3328} INFO - Setting next_dagrun for example_short_circuit_decorator to 2024-04-26T02:54:27.127708+00:00, run_after=2024-04-27T02:54:27.127708+00:00
[2024-04-27T02:54:27.182+0000] {processor.py:178} INFO - Processing /home/airflow/.local/lib/python3.7/site-packages/airflow/example_dags/example_short_circuit_decorator.py took 0.339 seconds
[2024-04-27T02:54:57.922+0000] {processor.py:156} INFO - Started process (PID=12916) to work on /home/airflow/.local/lib/python3.7/site-packages/airflow/example_dags/example_short_circuit_decorator.py
[2024-04-27T02:54:57.929+0000] {processor.py:758} INFO - Processing file /home/airflow/.local/lib/python3.7/site-packages/airflow/example_dags/example_short_circuit_decorator.py for tasks to queue
[2024-04-27T02:54:57.929+0000] {logging_mixin.py:117} INFO - [2024-04-27T02:54:57.929+0000] {dagbag.py:525} INFO - Filling up the DagBag from /home/airflow/.local/lib/python3.7/site-packages/airflow/example_dags/example_short_circuit_decorator.py
[2024-04-27T02:54:58.002+0000] {processor.py:768} INFO - DAG(s) dict_keys(['example_short_circuit_decorator']) retrieved from /home/airflow/.local/lib/python3.7/site-packages/airflow/example_dags/example_short_circuit_decorator.py
[2024-04-27T02:54:58.103+0000] {logging_mixin.py:117} INFO - [2024-04-27T02:54:58.103+0000] {dag.py:2573} INFO - Sync 1 DAGs
[2024-04-27T02:54:58.134+0000] {logging_mixin.py:117} INFO - [2024-04-27T02:54:58.134+0000] {dag.py:3328} INFO - Setting next_dagrun for example_short_circuit_decorator to 2024-04-26T02:54:58.134512+00:00, run_after=2024-04-27T02:54:58.134512+00:00
[2024-04-27T02:54:58.162+0000] {processor.py:178} INFO - Processing /home/airflow/.local/lib/python3.7/site-packages/airflow/example_dags/example_short_circuit_decorator.py took 0.247 seconds
[2024-04-27T02:55:28.374+0000] {processor.py:156} INFO - Started process (PID=13135) to work on /home/airflow/.local/lib/python3.7/site-packages/airflow/example_dags/example_short_circuit_decorator.py
[2024-04-27T02:55:28.375+0000] {processor.py:758} INFO - Processing file /home/airflow/.local/lib/python3.7/site-packages/airflow/example_dags/example_short_circuit_decorator.py for tasks to queue
[2024-04-27T02:55:28.376+0000] {logging_mixin.py:117} INFO - [2024-04-27T02:55:28.376+0000] {dagbag.py:525} INFO - Filling up the DagBag from /home/airflow/.local/lib/python3.7/site-packages/airflow/example_dags/example_short_circuit_decorator.py
[2024-04-27T02:55:28.406+0000] {processor.py:768} INFO - DAG(s) dict_keys(['example_short_circuit_decorator']) retrieved from /home/airflow/.local/lib/python3.7/site-packages/airflow/example_dags/example_short_circuit_decorator.py
[2024-04-27T02:55:28.475+0000] {logging_mixin.py:117} INFO - [2024-04-27T02:55:28.475+0000] {dag.py:2573} INFO - Sync 1 DAGs
[2024-04-27T02:55:28.504+0000] {logging_mixin.py:117} INFO - [2024-04-27T02:55:28.504+0000] {dag.py:3328} INFO - Setting next_dagrun for example_short_circuit_decorator to 2024-04-26T02:55:28.504465+00:00, run_after=2024-04-27T02:55:28.504465+00:00
[2024-04-27T02:55:28.531+0000] {processor.py:178} INFO - Processing /home/airflow/.local/lib/python3.7/site-packages/airflow/example_dags/example_short_circuit_decorator.py took 0.160 seconds
[2024-04-27T02:55:59.609+0000] {processor.py:156} INFO - Started process (PID=13344) to work on /home/airflow/.local/lib/python3.7/site-packages/airflow/example_dags/example_short_circuit_decorator.py
[2024-04-27T02:55:59.614+0000] {processor.py:758} INFO - Processing file /home/airflow/.local/lib/python3.7/site-packages/airflow/example_dags/example_short_circuit_decorator.py for tasks to queue
[2024-04-27T02:55:59.614+0000] {logging_mixin.py:117} INFO - [2024-04-27T02:55:59.614+0000] {dagbag.py:525} INFO - Filling up the DagBag from /home/airflow/.local/lib/python3.7/site-packages/airflow/example_dags/example_short_circuit_decorator.py
[2024-04-27T02:55:59.663+0000] {processor.py:768} INFO - DAG(s) dict_keys(['example_short_circuit_decorator']) retrieved from /home/airflow/.local/lib/python3.7/site-packages/airflow/example_dags/example_short_circuit_decorator.py
[2024-04-27T02:55:59.720+0000] {logging_mixin.py:117} INFO - [2024-04-27T02:55:59.720+0000] {dag.py:2573} INFO - Sync 1 DAGs
[2024-04-27T02:55:59.811+0000] {logging_mixin.py:117} INFO - [2024-04-27T02:55:59.811+0000] {dag.py:3328} INFO - Setting next_dagrun for example_short_circuit_decorator to 2024-04-26T02:55:59.811372+00:00, run_after=2024-04-27T02:55:59.811372+00:00
[2024-04-27T02:55:59.850+0000] {processor.py:178} INFO - Processing /home/airflow/.local/lib/python3.7/site-packages/airflow/example_dags/example_short_circuit_decorator.py took 0.249 seconds
[2024-04-27T02:56:30.001+0000] {processor.py:156} INFO - Started process (PID=13561) to work on /home/airflow/.local/lib/python3.7/site-packages/airflow/example_dags/example_short_circuit_decorator.py
[2024-04-27T02:56:30.002+0000] {processor.py:758} INFO - Processing file /home/airflow/.local/lib/python3.7/site-packages/airflow/example_dags/example_short_circuit_decorator.py for tasks to queue
[2024-04-27T02:56:30.003+0000] {logging_mixin.py:117} INFO - [2024-04-27T02:56:30.003+0000] {dagbag.py:525} INFO - Filling up the DagBag from /home/airflow/.local/lib/python3.7/site-packages/airflow/example_dags/example_short_circuit_decorator.py
[2024-04-27T02:56:30.056+0000] {processor.py:768} INFO - DAG(s) dict_keys(['example_short_circuit_decorator']) retrieved from /home/airflow/.local/lib/python3.7/site-packages/airflow/example_dags/example_short_circuit_decorator.py
[2024-04-27T02:56:30.107+0000] {logging_mixin.py:117} INFO - [2024-04-27T02:56:30.107+0000] {dag.py:2573} INFO - Sync 1 DAGs
[2024-04-27T02:56:30.137+0000] {logging_mixin.py:117} INFO - [2024-04-27T02:56:30.137+0000] {dag.py:3328} INFO - Setting next_dagrun for example_short_circuit_decorator to 2024-04-26T02:56:30.136931+00:00, run_after=2024-04-27T02:56:30.136931+00:00
[2024-04-27T02:56:30.159+0000] {processor.py:178} INFO - Processing /home/airflow/.local/lib/python3.7/site-packages/airflow/example_dags/example_short_circuit_decorator.py took 0.162 seconds
[2024-04-27T02:57:01.066+0000] {processor.py:156} INFO - Started process (PID=13779) to work on /home/airflow/.local/lib/python3.7/site-packages/airflow/example_dags/example_short_circuit_decorator.py
[2024-04-27T02:57:01.068+0000] {processor.py:758} INFO - Processing file /home/airflow/.local/lib/python3.7/site-packages/airflow/example_dags/example_short_circuit_decorator.py for tasks to queue
[2024-04-27T02:57:01.069+0000] {logging_mixin.py:117} INFO - [2024-04-27T02:57:01.068+0000] {dagbag.py:525} INFO - Filling up the DagBag from /home/airflow/.local/lib/python3.7/site-packages/airflow/example_dags/example_short_circuit_decorator.py
[2024-04-27T02:57:01.135+0000] {processor.py:768} INFO - DAG(s) dict_keys(['example_short_circuit_decorator']) retrieved from /home/airflow/.local/lib/python3.7/site-packages/airflow/example_dags/example_short_circuit_decorator.py
[2024-04-27T02:57:01.240+0000] {logging_mixin.py:117} INFO - [2024-04-27T02:57:01.240+0000] {dag.py:2573} INFO - Sync 1 DAGs
[2024-04-27T02:57:01.287+0000] {logging_mixin.py:117} INFO - [2024-04-27T02:57:01.287+0000] {dag.py:3328} INFO - Setting next_dagrun for example_short_circuit_decorator to 2024-04-26T02:57:01.286922+00:00, run_after=2024-04-27T02:57:01.286922+00:00
[2024-04-27T02:57:01.342+0000] {processor.py:178} INFO - Processing /home/airflow/.local/lib/python3.7/site-packages/airflow/example_dags/example_short_circuit_decorator.py took 0.284 seconds
[2024-04-27T02:57:31.998+0000] {processor.py:156} INFO - Started process (PID=13999) to work on /home/airflow/.local/lib/python3.7/site-packages/airflow/example_dags/example_short_circuit_decorator.py
[2024-04-27T02:57:32.001+0000] {processor.py:758} INFO - Processing file /home/airflow/.local/lib/python3.7/site-packages/airflow/example_dags/example_short_circuit_decorator.py for tasks to queue
[2024-04-27T02:57:32.010+0000] {logging_mixin.py:117} INFO - [2024-04-27T02:57:32.010+0000] {dagbag.py:525} INFO - Filling up the DagBag from /home/airflow/.local/lib/python3.7/site-packages/airflow/example_dags/example_short_circuit_decorator.py
[2024-04-27T02:57:32.135+0000] {processor.py:768} INFO - DAG(s) dict_keys(['example_short_circuit_decorator']) retrieved from /home/airflow/.local/lib/python3.7/site-packages/airflow/example_dags/example_short_circuit_decorator.py
[2024-04-27T02:57:32.216+0000] {logging_mixin.py:117} INFO - [2024-04-27T02:57:32.216+0000] {dag.py:2573} INFO - Sync 1 DAGs
[2024-04-27T02:57:32.275+0000] {logging_mixin.py:117} INFO - [2024-04-27T02:57:32.275+0000] {dag.py:3328} INFO - Setting next_dagrun for example_short_circuit_decorator to 2024-04-26T02:57:32.275368+00:00, run_after=2024-04-27T02:57:32.275368+00:00
[2024-04-27T02:57:32.327+0000] {processor.py:178} INFO - Processing /home/airflow/.local/lib/python3.7/site-packages/airflow/example_dags/example_short_circuit_decorator.py took 0.332 seconds
[2024-04-27T03:11:36.628+0000] {processor.py:156} INFO - Started process (PID=222) to work on /home/airflow/.local/lib/python3.7/site-packages/airflow/example_dags/example_short_circuit_decorator.py
[2024-04-27T03:11:36.634+0000] {processor.py:758} INFO - Processing file /home/airflow/.local/lib/python3.7/site-packages/airflow/example_dags/example_short_circuit_decorator.py for tasks to queue
[2024-04-27T03:11:36.634+0000] {logging_mixin.py:117} INFO - [2024-04-27T03:11:36.634+0000] {dagbag.py:525} INFO - Filling up the DagBag from /home/airflow/.local/lib/python3.7/site-packages/airflow/example_dags/example_short_circuit_decorator.py
[2024-04-27T03:11:36.698+0000] {processor.py:768} INFO - DAG(s) dict_keys(['example_short_circuit_decorator']) retrieved from /home/airflow/.local/lib/python3.7/site-packages/airflow/example_dags/example_short_circuit_decorator.py
[2024-04-27T03:11:36.781+0000] {logging_mixin.py:117} INFO - [2024-04-27T03:11:36.781+0000] {dag.py:2573} INFO - Sync 1 DAGs
[2024-04-27T03:11:36.838+0000] {logging_mixin.py:117} INFO - [2024-04-27T03:11:36.838+0000] {dag.py:3328} INFO - Setting next_dagrun for example_short_circuit_decorator to 2024-04-26T03:11:36.838437+00:00, run_after=2024-04-27T03:11:36.838437+00:00
[2024-04-27T03:11:36.889+0000] {processor.py:178} INFO - Processing /home/airflow/.local/lib/python3.7/site-packages/airflow/example_dags/example_short_circuit_decorator.py took 0.264 seconds
