[2024-04-27T02:24:37.263+0000] {processor.py:156} INFO - Started process (PID=313) to work on /home/airflow/.local/lib/python3.7/site-packages/airflow/example_dags/example_branch_python_dop_operator_3.py
[2024-04-27T02:24:37.264+0000] {processor.py:758} INFO - Processing file /home/airflow/.local/lib/python3.7/site-packages/airflow/example_dags/example_branch_python_dop_operator_3.py for tasks to queue
[2024-04-27T02:24:37.264+0000] {logging_mixin.py:117} INFO - [2024-04-27T02:24:37.264+0000] {dagbag.py:525} INFO - Filling up the DagBag from /home/airflow/.local/lib/python3.7/site-packages/airflow/example_dags/example_branch_python_dop_operator_3.py
[2024-04-27T02:24:37.293+0000] {processor.py:768} INFO - DAG(s) dict_keys(['example_branch_dop_operator_v3']) retrieved from /home/airflow/.local/lib/python3.7/site-packages/airflow/example_dags/example_branch_python_dop_operator_3.py
[2024-04-27T02:24:37.337+0000] {logging_mixin.py:117} INFO - [2024-04-27T02:24:37.336+0000] {dag.py:2573} INFO - Sync 1 DAGs
[2024-04-27T02:24:37.373+0000] {logging_mixin.py:117} INFO - [2024-04-27T02:24:37.373+0000] {dag.py:3328} INFO - Setting next_dagrun for example_branch_dop_operator_v3 to 2024-04-27T02:23:00+00:00, run_after=2024-04-27T02:24:00+00:00
[2024-04-27T02:24:37.400+0000] {processor.py:178} INFO - Processing /home/airflow/.local/lib/python3.7/site-packages/airflow/example_dags/example_branch_python_dop_operator_3.py took 0.139 seconds
[2024-04-27T02:25:07.569+0000] {processor.py:156} INFO - Started process (PID=532) to work on /home/airflow/.local/lib/python3.7/site-packages/airflow/example_dags/example_branch_python_dop_operator_3.py
[2024-04-27T02:25:07.570+0000] {processor.py:758} INFO - Processing file /home/airflow/.local/lib/python3.7/site-packages/airflow/example_dags/example_branch_python_dop_operator_3.py for tasks to queue
[2024-04-27T02:25:07.570+0000] {logging_mixin.py:117} INFO - [2024-04-27T02:25:07.570+0000] {dagbag.py:525} INFO - Filling up the DagBag from /home/airflow/.local/lib/python3.7/site-packages/airflow/example_dags/example_branch_python_dop_operator_3.py
[2024-04-27T02:25:07.591+0000] {processor.py:768} INFO - DAG(s) dict_keys(['example_branch_dop_operator_v3']) retrieved from /home/airflow/.local/lib/python3.7/site-packages/airflow/example_dags/example_branch_python_dop_operator_3.py
[2024-04-27T02:25:07.623+0000] {logging_mixin.py:117} INFO - [2024-04-27T02:25:07.623+0000] {dag.py:2573} INFO - Sync 1 DAGs
[2024-04-27T02:25:07.648+0000] {logging_mixin.py:117} INFO - [2024-04-27T02:25:07.647+0000] {dag.py:3328} INFO - Setting next_dagrun for example_branch_dop_operator_v3 to 2024-04-27T02:24:00+00:00, run_after=2024-04-27T02:25:00+00:00
[2024-04-27T02:25:07.667+0000] {processor.py:178} INFO - Processing /home/airflow/.local/lib/python3.7/site-packages/airflow/example_dags/example_branch_python_dop_operator_3.py took 0.101 seconds
[2024-04-27T02:25:38.133+0000] {processor.py:156} INFO - Started process (PID=747) to work on /home/airflow/.local/lib/python3.7/site-packages/airflow/example_dags/example_branch_python_dop_operator_3.py
[2024-04-27T02:25:38.134+0000] {processor.py:758} INFO - Processing file /home/airflow/.local/lib/python3.7/site-packages/airflow/example_dags/example_branch_python_dop_operator_3.py for tasks to queue
[2024-04-27T02:25:38.135+0000] {logging_mixin.py:117} INFO - [2024-04-27T02:25:38.135+0000] {dagbag.py:525} INFO - Filling up the DagBag from /home/airflow/.local/lib/python3.7/site-packages/airflow/example_dags/example_branch_python_dop_operator_3.py
[2024-04-27T02:25:38.180+0000] {processor.py:768} INFO - DAG(s) dict_keys(['example_branch_dop_operator_v3']) retrieved from /home/airflow/.local/lib/python3.7/site-packages/airflow/example_dags/example_branch_python_dop_operator_3.py
[2024-04-27T02:25:38.249+0000] {logging_mixin.py:117} INFO - [2024-04-27T02:25:38.249+0000] {dag.py:2573} INFO - Sync 1 DAGs
[2024-04-27T02:25:38.317+0000] {logging_mixin.py:117} INFO - [2024-04-27T02:25:38.317+0000] {dag.py:3328} INFO - Setting next_dagrun for example_branch_dop_operator_v3 to 2024-04-27T02:24:00+00:00, run_after=2024-04-27T02:25:00+00:00
[2024-04-27T02:25:38.350+0000] {processor.py:178} INFO - Processing /home/airflow/.local/lib/python3.7/site-packages/airflow/example_dags/example_branch_python_dop_operator_3.py took 0.224 seconds
[2024-04-27T02:26:08.745+0000] {processor.py:156} INFO - Started process (PID=961) to work on /home/airflow/.local/lib/python3.7/site-packages/airflow/example_dags/example_branch_python_dop_operator_3.py
[2024-04-27T02:26:08.746+0000] {processor.py:758} INFO - Processing file /home/airflow/.local/lib/python3.7/site-packages/airflow/example_dags/example_branch_python_dop_operator_3.py for tasks to queue
[2024-04-27T02:26:08.747+0000] {logging_mixin.py:117} INFO - [2024-04-27T02:26:08.746+0000] {dagbag.py:525} INFO - Filling up the DagBag from /home/airflow/.local/lib/python3.7/site-packages/airflow/example_dags/example_branch_python_dop_operator_3.py
[2024-04-27T02:26:08.767+0000] {processor.py:768} INFO - DAG(s) dict_keys(['example_branch_dop_operator_v3']) retrieved from /home/airflow/.local/lib/python3.7/site-packages/airflow/example_dags/example_branch_python_dop_operator_3.py
[2024-04-27T02:26:08.801+0000] {logging_mixin.py:117} INFO - [2024-04-27T02:26:08.800+0000] {dag.py:2573} INFO - Sync 1 DAGs
[2024-04-27T02:26:08.825+0000] {logging_mixin.py:117} INFO - [2024-04-27T02:26:08.825+0000] {dag.py:3328} INFO - Setting next_dagrun for example_branch_dop_operator_v3 to 2024-04-27T02:25:00+00:00, run_after=2024-04-27T02:26:00+00:00
[2024-04-27T02:26:08.846+0000] {processor.py:178} INFO - Processing /home/airflow/.local/lib/python3.7/site-packages/airflow/example_dags/example_branch_python_dop_operator_3.py took 0.103 seconds
[2024-04-27T02:26:39.707+0000] {processor.py:156} INFO - Started process (PID=1177) to work on /home/airflow/.local/lib/python3.7/site-packages/airflow/example_dags/example_branch_python_dop_operator_3.py
[2024-04-27T02:26:39.708+0000] {processor.py:758} INFO - Processing file /home/airflow/.local/lib/python3.7/site-packages/airflow/example_dags/example_branch_python_dop_operator_3.py for tasks to queue
[2024-04-27T02:26:39.709+0000] {logging_mixin.py:117} INFO - [2024-04-27T02:26:39.708+0000] {dagbag.py:525} INFO - Filling up the DagBag from /home/airflow/.local/lib/python3.7/site-packages/airflow/example_dags/example_branch_python_dop_operator_3.py
[2024-04-27T02:26:39.739+0000] {processor.py:768} INFO - DAG(s) dict_keys(['example_branch_dop_operator_v3']) retrieved from /home/airflow/.local/lib/python3.7/site-packages/airflow/example_dags/example_branch_python_dop_operator_3.py
[2024-04-27T02:26:39.814+0000] {logging_mixin.py:117} INFO - [2024-04-27T02:26:39.814+0000] {dag.py:2573} INFO - Sync 1 DAGs
[2024-04-27T02:26:39.906+0000] {logging_mixin.py:117} INFO - [2024-04-27T02:26:39.905+0000] {dag.py:3328} INFO - Setting next_dagrun for example_branch_dop_operator_v3 to 2024-04-27T02:25:00+00:00, run_after=2024-04-27T02:26:00+00:00
[2024-04-27T02:26:40.130+0000] {processor.py:178} INFO - Processing /home/airflow/.local/lib/python3.7/site-packages/airflow/example_dags/example_branch_python_dop_operator_3.py took 0.428 seconds
[2024-04-27T02:27:12.067+0000] {processor.py:156} INFO - Started process (PID=1395) to work on /home/airflow/.local/lib/python3.7/site-packages/airflow/example_dags/example_branch_python_dop_operator_3.py
[2024-04-27T02:27:12.068+0000] {processor.py:758} INFO - Processing file /home/airflow/.local/lib/python3.7/site-packages/airflow/example_dags/example_branch_python_dop_operator_3.py for tasks to queue
[2024-04-27T02:27:12.074+0000] {logging_mixin.py:117} INFO - [2024-04-27T02:27:12.074+0000] {dagbag.py:525} INFO - Filling up the DagBag from /home/airflow/.local/lib/python3.7/site-packages/airflow/example_dags/example_branch_python_dop_operator_3.py
[2024-04-27T02:27:12.166+0000] {processor.py:768} INFO - DAG(s) dict_keys(['example_branch_dop_operator_v3']) retrieved from /home/airflow/.local/lib/python3.7/site-packages/airflow/example_dags/example_branch_python_dop_operator_3.py
[2024-04-27T02:27:12.224+0000] {logging_mixin.py:117} INFO - [2024-04-27T02:27:12.224+0000] {dag.py:2573} INFO - Sync 1 DAGs
[2024-04-27T02:27:12.409+0000] {logging_mixin.py:117} INFO - [2024-04-27T02:27:12.408+0000] {dag.py:3328} INFO - Setting next_dagrun for example_branch_dop_operator_v3 to 2024-04-27T02:26:00+00:00, run_after=2024-04-27T02:27:00+00:00
[2024-04-27T02:27:12.446+0000] {processor.py:178} INFO - Processing /home/airflow/.local/lib/python3.7/site-packages/airflow/example_dags/example_branch_python_dop_operator_3.py took 0.382 seconds
[2024-04-27T02:27:42.654+0000] {processor.py:156} INFO - Started process (PID=1604) to work on /home/airflow/.local/lib/python3.7/site-packages/airflow/example_dags/example_branch_python_dop_operator_3.py
[2024-04-27T02:27:42.654+0000] {processor.py:758} INFO - Processing file /home/airflow/.local/lib/python3.7/site-packages/airflow/example_dags/example_branch_python_dop_operator_3.py for tasks to queue
[2024-04-27T02:27:42.655+0000] {logging_mixin.py:117} INFO - [2024-04-27T02:27:42.655+0000] {dagbag.py:525} INFO - Filling up the DagBag from /home/airflow/.local/lib/python3.7/site-packages/airflow/example_dags/example_branch_python_dop_operator_3.py
[2024-04-27T02:27:42.710+0000] {processor.py:768} INFO - DAG(s) dict_keys(['example_branch_dop_operator_v3']) retrieved from /home/airflow/.local/lib/python3.7/site-packages/airflow/example_dags/example_branch_python_dop_operator_3.py
[2024-04-27T02:27:42.929+0000] {logging_mixin.py:117} INFO - [2024-04-27T02:27:42.929+0000] {dag.py:2573} INFO - Sync 1 DAGs
[2024-04-27T02:27:42.965+0000] {logging_mixin.py:117} INFO - [2024-04-27T02:27:42.965+0000] {dag.py:3328} INFO - Setting next_dagrun for example_branch_dop_operator_v3 to 2024-04-27T02:26:00+00:00, run_after=2024-04-27T02:27:00+00:00
[2024-04-27T02:27:42.991+0000] {processor.py:178} INFO - Processing /home/airflow/.local/lib/python3.7/site-packages/airflow/example_dags/example_branch_python_dop_operator_3.py took 0.341 seconds
[2024-04-27T02:28:13.617+0000] {processor.py:156} INFO - Started process (PID=1820) to work on /home/airflow/.local/lib/python3.7/site-packages/airflow/example_dags/example_branch_python_dop_operator_3.py
[2024-04-27T02:28:13.618+0000] {processor.py:758} INFO - Processing file /home/airflow/.local/lib/python3.7/site-packages/airflow/example_dags/example_branch_python_dop_operator_3.py for tasks to queue
[2024-04-27T02:28:13.619+0000] {logging_mixin.py:117} INFO - [2024-04-27T02:28:13.619+0000] {dagbag.py:525} INFO - Filling up the DagBag from /home/airflow/.local/lib/python3.7/site-packages/airflow/example_dags/example_branch_python_dop_operator_3.py
[2024-04-27T02:28:13.646+0000] {processor.py:768} INFO - DAG(s) dict_keys(['example_branch_dop_operator_v3']) retrieved from /home/airflow/.local/lib/python3.7/site-packages/airflow/example_dags/example_branch_python_dop_operator_3.py
[2024-04-27T02:28:13.822+0000] {logging_mixin.py:117} INFO - [2024-04-27T02:28:13.821+0000] {dag.py:2573} INFO - Sync 1 DAGs
[2024-04-27T02:28:13.859+0000] {logging_mixin.py:117} INFO - [2024-04-27T02:28:13.859+0000] {dag.py:3328} INFO - Setting next_dagrun for example_branch_dop_operator_v3 to 2024-04-27T02:27:00+00:00, run_after=2024-04-27T02:28:00+00:00
[2024-04-27T02:28:13.886+0000] {processor.py:178} INFO - Processing /home/airflow/.local/lib/python3.7/site-packages/airflow/example_dags/example_branch_python_dop_operator_3.py took 0.272 seconds
[2024-04-27T02:28:44.547+0000] {processor.py:156} INFO - Started process (PID=2038) to work on /home/airflow/.local/lib/python3.7/site-packages/airflow/example_dags/example_branch_python_dop_operator_3.py
[2024-04-27T02:28:44.548+0000] {processor.py:758} INFO - Processing file /home/airflow/.local/lib/python3.7/site-packages/airflow/example_dags/example_branch_python_dop_operator_3.py for tasks to queue
[2024-04-27T02:28:44.549+0000] {logging_mixin.py:117} INFO - [2024-04-27T02:28:44.549+0000] {dagbag.py:525} INFO - Filling up the DagBag from /home/airflow/.local/lib/python3.7/site-packages/airflow/example_dags/example_branch_python_dop_operator_3.py
[2024-04-27T02:28:44.730+0000] {processor.py:768} INFO - DAG(s) dict_keys(['example_branch_dop_operator_v3']) retrieved from /home/airflow/.local/lib/python3.7/site-packages/airflow/example_dags/example_branch_python_dop_operator_3.py
[2024-04-27T02:28:44.770+0000] {logging_mixin.py:117} INFO - [2024-04-27T02:28:44.770+0000] {dag.py:2573} INFO - Sync 1 DAGs
[2024-04-27T02:28:44.803+0000] {logging_mixin.py:117} INFO - [2024-04-27T02:28:44.803+0000] {dag.py:3328} INFO - Setting next_dagrun for example_branch_dop_operator_v3 to 2024-04-27T02:27:00+00:00, run_after=2024-04-27T02:28:00+00:00
[2024-04-27T02:28:44.827+0000] {processor.py:178} INFO - Processing /home/airflow/.local/lib/python3.7/site-packages/airflow/example_dags/example_branch_python_dop_operator_3.py took 0.282 seconds
[2024-04-27T02:29:15.085+0000] {processor.py:156} INFO - Started process (PID=2246) to work on /home/airflow/.local/lib/python3.7/site-packages/airflow/example_dags/example_branch_python_dop_operator_3.py
[2024-04-27T02:29:15.086+0000] {processor.py:758} INFO - Processing file /home/airflow/.local/lib/python3.7/site-packages/airflow/example_dags/example_branch_python_dop_operator_3.py for tasks to queue
[2024-04-27T02:29:15.087+0000] {logging_mixin.py:117} INFO - [2024-04-27T02:29:15.087+0000] {dagbag.py:525} INFO - Filling up the DagBag from /home/airflow/.local/lib/python3.7/site-packages/airflow/example_dags/example_branch_python_dop_operator_3.py
[2024-04-27T02:29:15.117+0000] {processor.py:768} INFO - DAG(s) dict_keys(['example_branch_dop_operator_v3']) retrieved from /home/airflow/.local/lib/python3.7/site-packages/airflow/example_dags/example_branch_python_dop_operator_3.py
[2024-04-27T02:29:15.162+0000] {logging_mixin.py:117} INFO - [2024-04-27T02:29:15.162+0000] {dag.py:2573} INFO - Sync 1 DAGs
[2024-04-27T02:29:15.356+0000] {logging_mixin.py:117} INFO - [2024-04-27T02:29:15.355+0000] {dag.py:3328} INFO - Setting next_dagrun for example_branch_dop_operator_v3 to 2024-04-27T02:28:00+00:00, run_after=2024-04-27T02:29:00+00:00
[2024-04-27T02:29:15.385+0000] {processor.py:178} INFO - Processing /home/airflow/.local/lib/python3.7/site-packages/airflow/example_dags/example_branch_python_dop_operator_3.py took 0.303 seconds
[2024-04-27T02:29:46.860+0000] {processor.py:156} INFO - Started process (PID=2462) to work on /home/airflow/.local/lib/python3.7/site-packages/airflow/example_dags/example_branch_python_dop_operator_3.py
[2024-04-27T02:29:46.872+0000] {processor.py:758} INFO - Processing file /home/airflow/.local/lib/python3.7/site-packages/airflow/example_dags/example_branch_python_dop_operator_3.py for tasks to queue
[2024-04-27T02:29:46.873+0000] {logging_mixin.py:117} INFO - [2024-04-27T02:29:46.872+0000] {dagbag.py:525} INFO - Filling up the DagBag from /home/airflow/.local/lib/python3.7/site-packages/airflow/example_dags/example_branch_python_dop_operator_3.py
[2024-04-27T02:29:46.904+0000] {processor.py:768} INFO - DAG(s) dict_keys(['example_branch_dop_operator_v3']) retrieved from /home/airflow/.local/lib/python3.7/site-packages/airflow/example_dags/example_branch_python_dop_operator_3.py
[2024-04-27T02:29:47.090+0000] {logging_mixin.py:117} INFO - [2024-04-27T02:29:47.090+0000] {dag.py:2573} INFO - Sync 1 DAGs
[2024-04-27T02:29:47.122+0000] {logging_mixin.py:117} INFO - [2024-04-27T02:29:47.122+0000] {dag.py:3328} INFO - Setting next_dagrun for example_branch_dop_operator_v3 to 2024-04-27T02:28:00+00:00, run_after=2024-04-27T02:29:00+00:00
[2024-04-27T02:29:47.146+0000] {processor.py:178} INFO - Processing /home/airflow/.local/lib/python3.7/site-packages/airflow/example_dags/example_branch_python_dop_operator_3.py took 0.289 seconds
[2024-04-27T02:30:18.417+0000] {processor.py:156} INFO - Started process (PID=2680) to work on /home/airflow/.local/lib/python3.7/site-packages/airflow/example_dags/example_branch_python_dop_operator_3.py
[2024-04-27T02:30:18.418+0000] {processor.py:758} INFO - Processing file /home/airflow/.local/lib/python3.7/site-packages/airflow/example_dags/example_branch_python_dop_operator_3.py for tasks to queue
[2024-04-27T02:30:18.418+0000] {logging_mixin.py:117} INFO - [2024-04-27T02:30:18.418+0000] {dagbag.py:525} INFO - Filling up the DagBag from /home/airflow/.local/lib/python3.7/site-packages/airflow/example_dags/example_branch_python_dop_operator_3.py
[2024-04-27T02:30:18.453+0000] {processor.py:768} INFO - DAG(s) dict_keys(['example_branch_dop_operator_v3']) retrieved from /home/airflow/.local/lib/python3.7/site-packages/airflow/example_dags/example_branch_python_dop_operator_3.py
[2024-04-27T02:30:18.678+0000] {logging_mixin.py:117} INFO - [2024-04-27T02:30:18.678+0000] {dag.py:2573} INFO - Sync 1 DAGs
[2024-04-27T02:30:18.712+0000] {logging_mixin.py:117} INFO - [2024-04-27T02:30:18.712+0000] {dag.py:3328} INFO - Setting next_dagrun for example_branch_dop_operator_v3 to 2024-04-27T02:29:00+00:00, run_after=2024-04-27T02:30:00+00:00
[2024-04-27T02:30:18.737+0000] {processor.py:178} INFO - Processing /home/airflow/.local/lib/python3.7/site-packages/airflow/example_dags/example_branch_python_dop_operator_3.py took 0.324 seconds
[2024-04-27T02:30:53.167+0000] {processor.py:156} INFO - Started process (PID=2900) to work on /home/airflow/.local/lib/python3.7/site-packages/airflow/example_dags/example_branch_python_dop_operator_3.py
[2024-04-27T02:30:53.168+0000] {processor.py:758} INFO - Processing file /home/airflow/.local/lib/python3.7/site-packages/airflow/example_dags/example_branch_python_dop_operator_3.py for tasks to queue
[2024-04-27T02:30:53.168+0000] {logging_mixin.py:117} INFO - [2024-04-27T02:30:53.168+0000] {dagbag.py:525} INFO - Filling up the DagBag from /home/airflow/.local/lib/python3.7/site-packages/airflow/example_dags/example_branch_python_dop_operator_3.py
[2024-04-27T02:30:53.348+0000] {processor.py:768} INFO - DAG(s) dict_keys(['example_branch_dop_operator_v3']) retrieved from /home/airflow/.local/lib/python3.7/site-packages/airflow/example_dags/example_branch_python_dop_operator_3.py
[2024-04-27T02:30:53.400+0000] {logging_mixin.py:117} INFO - [2024-04-27T02:30:53.399+0000] {dag.py:2573} INFO - Sync 1 DAGs
[2024-04-27T02:30:53.440+0000] {logging_mixin.py:117} INFO - [2024-04-27T02:30:53.440+0000] {dag.py:3328} INFO - Setting next_dagrun for example_branch_dop_operator_v3 to 2024-04-27T02:29:00+00:00, run_after=2024-04-27T02:30:00+00:00
[2024-04-27T02:30:53.469+0000] {processor.py:178} INFO - Processing /home/airflow/.local/lib/python3.7/site-packages/airflow/example_dags/example_branch_python_dop_operator_3.py took 0.305 seconds
[2024-04-27T02:31:23.829+0000] {processor.py:156} INFO - Started process (PID=3108) to work on /home/airflow/.local/lib/python3.7/site-packages/airflow/example_dags/example_branch_python_dop_operator_3.py
[2024-04-27T02:31:23.831+0000] {processor.py:758} INFO - Processing file /home/airflow/.local/lib/python3.7/site-packages/airflow/example_dags/example_branch_python_dop_operator_3.py for tasks to queue
[2024-04-27T02:31:23.831+0000] {logging_mixin.py:117} INFO - [2024-04-27T02:31:23.831+0000] {dagbag.py:525} INFO - Filling up the DagBag from /home/airflow/.local/lib/python3.7/site-packages/airflow/example_dags/example_branch_python_dop_operator_3.py
[2024-04-27T02:31:23.869+0000] {processor.py:768} INFO - DAG(s) dict_keys(['example_branch_dop_operator_v3']) retrieved from /home/airflow/.local/lib/python3.7/site-packages/airflow/example_dags/example_branch_python_dop_operator_3.py
[2024-04-27T02:31:23.918+0000] {logging_mixin.py:117} INFO - [2024-04-27T02:31:23.918+0000] {dag.py:2573} INFO - Sync 1 DAGs
[2024-04-27T02:31:24.168+0000] {logging_mixin.py:117} INFO - [2024-04-27T02:31:24.167+0000] {dag.py:3328} INFO - Setting next_dagrun for example_branch_dop_operator_v3 to 2024-04-27T02:30:00+00:00, run_after=2024-04-27T02:31:00+00:00
[2024-04-27T02:31:24.205+0000] {processor.py:178} INFO - Processing /home/airflow/.local/lib/python3.7/site-packages/airflow/example_dags/example_branch_python_dop_operator_3.py took 0.379 seconds
[2024-04-27T02:31:54.460+0000] {processor.py:156} INFO - Started process (PID=3329) to work on /home/airflow/.local/lib/python3.7/site-packages/airflow/example_dags/example_branch_python_dop_operator_3.py
[2024-04-27T02:31:54.461+0000] {processor.py:758} INFO - Processing file /home/airflow/.local/lib/python3.7/site-packages/airflow/example_dags/example_branch_python_dop_operator_3.py for tasks to queue
[2024-04-27T02:31:54.462+0000] {logging_mixin.py:117} INFO - [2024-04-27T02:31:54.461+0000] {dagbag.py:525} INFO - Filling up the DagBag from /home/airflow/.local/lib/python3.7/site-packages/airflow/example_dags/example_branch_python_dop_operator_3.py
[2024-04-27T02:31:54.482+0000] {processor.py:768} INFO - DAG(s) dict_keys(['example_branch_dop_operator_v3']) retrieved from /home/airflow/.local/lib/python3.7/site-packages/airflow/example_dags/example_branch_python_dop_operator_3.py
[2024-04-27T02:31:54.515+0000] {logging_mixin.py:117} INFO - [2024-04-27T02:31:54.515+0000] {dag.py:2573} INFO - Sync 1 DAGs
[2024-04-27T02:31:54.642+0000] {logging_mixin.py:117} INFO - [2024-04-27T02:31:54.642+0000] {dag.py:3328} INFO - Setting next_dagrun for example_branch_dop_operator_v3 to 2024-04-27T02:30:00+00:00, run_after=2024-04-27T02:31:00+00:00
[2024-04-27T02:31:54.667+0000] {processor.py:178} INFO - Processing /home/airflow/.local/lib/python3.7/site-packages/airflow/example_dags/example_branch_python_dop_operator_3.py took 0.209 seconds
[2024-04-27T02:32:25.529+0000] {processor.py:156} INFO - Started process (PID=3547) to work on /home/airflow/.local/lib/python3.7/site-packages/airflow/example_dags/example_branch_python_dop_operator_3.py
[2024-04-27T02:32:25.530+0000] {processor.py:758} INFO - Processing file /home/airflow/.local/lib/python3.7/site-packages/airflow/example_dags/example_branch_python_dop_operator_3.py for tasks to queue
[2024-04-27T02:32:25.530+0000] {logging_mixin.py:117} INFO - [2024-04-27T02:32:25.530+0000] {dagbag.py:525} INFO - Filling up the DagBag from /home/airflow/.local/lib/python3.7/site-packages/airflow/example_dags/example_branch_python_dop_operator_3.py
[2024-04-27T02:32:25.550+0000] {processor.py:768} INFO - DAG(s) dict_keys(['example_branch_dop_operator_v3']) retrieved from /home/airflow/.local/lib/python3.7/site-packages/airflow/example_dags/example_branch_python_dop_operator_3.py
[2024-04-27T02:32:25.689+0000] {logging_mixin.py:117} INFO - [2024-04-27T02:32:25.689+0000] {dag.py:2573} INFO - Sync 1 DAGs
[2024-04-27T02:32:25.712+0000] {logging_mixin.py:117} INFO - [2024-04-27T02:32:25.711+0000] {dag.py:3328} INFO - Setting next_dagrun for example_branch_dop_operator_v3 to 2024-04-27T02:31:00+00:00, run_after=2024-04-27T02:32:00+00:00
[2024-04-27T02:32:25.731+0000] {processor.py:178} INFO - Processing /home/airflow/.local/lib/python3.7/site-packages/airflow/example_dags/example_branch_python_dop_operator_3.py took 0.204 seconds
[2024-04-27T02:32:55.828+0000] {processor.py:156} INFO - Started process (PID=3755) to work on /home/airflow/.local/lib/python3.7/site-packages/airflow/example_dags/example_branch_python_dop_operator_3.py
[2024-04-27T02:32:55.829+0000] {processor.py:758} INFO - Processing file /home/airflow/.local/lib/python3.7/site-packages/airflow/example_dags/example_branch_python_dop_operator_3.py for tasks to queue
[2024-04-27T02:32:55.830+0000] {logging_mixin.py:117} INFO - [2024-04-27T02:32:55.830+0000] {dagbag.py:525} INFO - Filling up the DagBag from /home/airflow/.local/lib/python3.7/site-packages/airflow/example_dags/example_branch_python_dop_operator_3.py
[2024-04-27T02:32:55.858+0000] {processor.py:768} INFO - DAG(s) dict_keys(['example_branch_dop_operator_v3']) retrieved from /home/airflow/.local/lib/python3.7/site-packages/airflow/example_dags/example_branch_python_dop_operator_3.py
[2024-04-27T02:32:56.043+0000] {logging_mixin.py:117} INFO - [2024-04-27T02:32:56.042+0000] {dag.py:2573} INFO - Sync 1 DAGs
[2024-04-27T02:32:56.079+0000] {logging_mixin.py:117} INFO - [2024-04-27T02:32:56.079+0000] {dag.py:3328} INFO - Setting next_dagrun for example_branch_dop_operator_v3 to 2024-04-27T02:31:00+00:00, run_after=2024-04-27T02:32:00+00:00
[2024-04-27T02:32:56.102+0000] {processor.py:178} INFO - Processing /home/airflow/.local/lib/python3.7/site-packages/airflow/example_dags/example_branch_python_dop_operator_3.py took 0.277 seconds
[2024-04-27T02:33:26.174+0000] {processor.py:156} INFO - Started process (PID=3974) to work on /home/airflow/.local/lib/python3.7/site-packages/airflow/example_dags/example_branch_python_dop_operator_3.py
[2024-04-27T02:33:26.175+0000] {processor.py:758} INFO - Processing file /home/airflow/.local/lib/python3.7/site-packages/airflow/example_dags/example_branch_python_dop_operator_3.py for tasks to queue
[2024-04-27T02:33:26.176+0000] {logging_mixin.py:117} INFO - [2024-04-27T02:33:26.176+0000] {dagbag.py:525} INFO - Filling up the DagBag from /home/airflow/.local/lib/python3.7/site-packages/airflow/example_dags/example_branch_python_dop_operator_3.py
[2024-04-27T02:33:26.370+0000] {processor.py:768} INFO - DAG(s) dict_keys(['example_branch_dop_operator_v3']) retrieved from /home/airflow/.local/lib/python3.7/site-packages/airflow/example_dags/example_branch_python_dop_operator_3.py
[2024-04-27T02:33:26.408+0000] {logging_mixin.py:117} INFO - [2024-04-27T02:33:26.408+0000] {dag.py:2573} INFO - Sync 1 DAGs
[2024-04-27T02:33:26.442+0000] {logging_mixin.py:117} INFO - [2024-04-27T02:33:26.441+0000] {dag.py:3328} INFO - Setting next_dagrun for example_branch_dop_operator_v3 to 2024-04-27T02:32:00+00:00, run_after=2024-04-27T02:33:00+00:00
[2024-04-27T02:33:26.467+0000] {processor.py:178} INFO - Processing /home/airflow/.local/lib/python3.7/site-packages/airflow/example_dags/example_branch_python_dop_operator_3.py took 0.296 seconds
[2024-04-27T02:33:57.793+0000] {processor.py:156} INFO - Started process (PID=4191) to work on /home/airflow/.local/lib/python3.7/site-packages/airflow/example_dags/example_branch_python_dop_operator_3.py
[2024-04-27T02:33:57.794+0000] {processor.py:758} INFO - Processing file /home/airflow/.local/lib/python3.7/site-packages/airflow/example_dags/example_branch_python_dop_operator_3.py for tasks to queue
[2024-04-27T02:33:57.796+0000] {logging_mixin.py:117} INFO - [2024-04-27T02:33:57.796+0000] {dagbag.py:525} INFO - Filling up the DagBag from /home/airflow/.local/lib/python3.7/site-packages/airflow/example_dags/example_branch_python_dop_operator_3.py
[2024-04-27T02:33:57.858+0000] {processor.py:768} INFO - DAG(s) dict_keys(['example_branch_dop_operator_v3']) retrieved from /home/airflow/.local/lib/python3.7/site-packages/airflow/example_dags/example_branch_python_dop_operator_3.py
[2024-04-27T02:33:57.993+0000] {logging_mixin.py:117} INFO - [2024-04-27T02:33:57.993+0000] {dag.py:2573} INFO - Sync 1 DAGs
[2024-04-27T02:33:58.416+0000] {logging_mixin.py:117} INFO - [2024-04-27T02:33:58.407+0000] {dag.py:3328} INFO - Setting next_dagrun for example_branch_dop_operator_v3 to 2024-04-27T02:32:00+00:00, run_after=2024-04-27T02:33:00+00:00
[2024-04-27T02:33:58.501+0000] {processor.py:178} INFO - Processing /home/airflow/.local/lib/python3.7/site-packages/airflow/example_dags/example_branch_python_dop_operator_3.py took 0.711 seconds
[2024-04-27T02:34:28.849+0000] {processor.py:156} INFO - Started process (PID=4399) to work on /home/airflow/.local/lib/python3.7/site-packages/airflow/example_dags/example_branch_python_dop_operator_3.py
[2024-04-27T02:34:28.859+0000] {processor.py:758} INFO - Processing file /home/airflow/.local/lib/python3.7/site-packages/airflow/example_dags/example_branch_python_dop_operator_3.py for tasks to queue
[2024-04-27T02:34:28.860+0000] {logging_mixin.py:117} INFO - [2024-04-27T02:34:28.860+0000] {dagbag.py:525} INFO - Filling up the DagBag from /home/airflow/.local/lib/python3.7/site-packages/airflow/example_dags/example_branch_python_dop_operator_3.py
[2024-04-27T02:34:28.935+0000] {processor.py:768} INFO - DAG(s) dict_keys(['example_branch_dop_operator_v3']) retrieved from /home/airflow/.local/lib/python3.7/site-packages/airflow/example_dags/example_branch_python_dop_operator_3.py
[2024-04-27T02:34:29.273+0000] {logging_mixin.py:117} INFO - [2024-04-27T02:34:29.272+0000] {dag.py:2573} INFO - Sync 1 DAGs
[2024-04-27T02:34:29.334+0000] {logging_mixin.py:117} INFO - [2024-04-27T02:34:29.333+0000] {dag.py:3328} INFO - Setting next_dagrun for example_branch_dop_operator_v3 to 2024-04-27T02:33:00+00:00, run_after=2024-04-27T02:34:00+00:00
[2024-04-27T02:34:29.416+0000] {processor.py:178} INFO - Processing /home/airflow/.local/lib/python3.7/site-packages/airflow/example_dags/example_branch_python_dop_operator_3.py took 0.574 seconds
[2024-04-27T02:34:59.541+0000] {processor.py:156} INFO - Started process (PID=4617) to work on /home/airflow/.local/lib/python3.7/site-packages/airflow/example_dags/example_branch_python_dop_operator_3.py
[2024-04-27T02:34:59.545+0000] {processor.py:758} INFO - Processing file /home/airflow/.local/lib/python3.7/site-packages/airflow/example_dags/example_branch_python_dop_operator_3.py for tasks to queue
[2024-04-27T02:34:59.547+0000] {logging_mixin.py:117} INFO - [2024-04-27T02:34:59.546+0000] {dagbag.py:525} INFO - Filling up the DagBag from /home/airflow/.local/lib/python3.7/site-packages/airflow/example_dags/example_branch_python_dop_operator_3.py
[2024-04-27T02:34:59.618+0000] {processor.py:768} INFO - DAG(s) dict_keys(['example_branch_dop_operator_v3']) retrieved from /home/airflow/.local/lib/python3.7/site-packages/airflow/example_dags/example_branch_python_dop_operator_3.py
[2024-04-27T02:34:59.890+0000] {logging_mixin.py:117} INFO - [2024-04-27T02:34:59.890+0000] {dag.py:2573} INFO - Sync 1 DAGs
[2024-04-27T02:34:59.930+0000] {logging_mixin.py:117} INFO - [2024-04-27T02:34:59.929+0000] {dag.py:3328} INFO - Setting next_dagrun for example_branch_dop_operator_v3 to 2024-04-27T02:33:00+00:00, run_after=2024-04-27T02:34:00+00:00
[2024-04-27T02:34:59.956+0000] {processor.py:178} INFO - Processing /home/airflow/.local/lib/python3.7/site-packages/airflow/example_dags/example_branch_python_dop_operator_3.py took 0.422 seconds
[2024-04-27T02:35:30.911+0000] {processor.py:156} INFO - Started process (PID=4833) to work on /home/airflow/.local/lib/python3.7/site-packages/airflow/example_dags/example_branch_python_dop_operator_3.py
[2024-04-27T02:35:30.911+0000] {processor.py:758} INFO - Processing file /home/airflow/.local/lib/python3.7/site-packages/airflow/example_dags/example_branch_python_dop_operator_3.py for tasks to queue
[2024-04-27T02:35:30.912+0000] {logging_mixin.py:117} INFO - [2024-04-27T02:35:30.912+0000] {dagbag.py:525} INFO - Filling up the DagBag from /home/airflow/.local/lib/python3.7/site-packages/airflow/example_dags/example_branch_python_dop_operator_3.py
[2024-04-27T02:35:31.210+0000] {processor.py:768} INFO - DAG(s) dict_keys(['example_branch_dop_operator_v3']) retrieved from /home/airflow/.local/lib/python3.7/site-packages/airflow/example_dags/example_branch_python_dop_operator_3.py
[2024-04-27T02:35:31.261+0000] {logging_mixin.py:117} INFO - [2024-04-27T02:35:31.261+0000] {dag.py:2573} INFO - Sync 1 DAGs
[2024-04-27T02:35:31.339+0000] {logging_mixin.py:117} INFO - [2024-04-27T02:35:31.339+0000] {dag.py:3328} INFO - Setting next_dagrun for example_branch_dop_operator_v3 to 2024-04-27T02:34:00+00:00, run_after=2024-04-27T02:35:00+00:00
[2024-04-27T02:35:31.396+0000] {processor.py:178} INFO - Processing /home/airflow/.local/lib/python3.7/site-packages/airflow/example_dags/example_branch_python_dop_operator_3.py took 0.488 seconds
[2024-04-27T02:36:01.809+0000] {processor.py:156} INFO - Started process (PID=5045) to work on /home/airflow/.local/lib/python3.7/site-packages/airflow/example_dags/example_branch_python_dop_operator_3.py
[2024-04-27T02:36:01.810+0000] {processor.py:758} INFO - Processing file /home/airflow/.local/lib/python3.7/site-packages/airflow/example_dags/example_branch_python_dop_operator_3.py for tasks to queue
[2024-04-27T02:36:01.810+0000] {logging_mixin.py:117} INFO - [2024-04-27T02:36:01.810+0000] {dagbag.py:525} INFO - Filling up the DagBag from /home/airflow/.local/lib/python3.7/site-packages/airflow/example_dags/example_branch_python_dop_operator_3.py
[2024-04-27T02:36:01.840+0000] {processor.py:768} INFO - DAG(s) dict_keys(['example_branch_dop_operator_v3']) retrieved from /home/airflow/.local/lib/python3.7/site-packages/airflow/example_dags/example_branch_python_dop_operator_3.py
[2024-04-27T02:36:01.889+0000] {logging_mixin.py:117} INFO - [2024-04-27T02:36:01.889+0000] {dag.py:2573} INFO - Sync 1 DAGs
[2024-04-27T02:36:01.924+0000] {logging_mixin.py:117} INFO - [2024-04-27T02:36:01.923+0000] {dag.py:3328} INFO - Setting next_dagrun for example_branch_dop_operator_v3 to 2024-04-27T02:35:00+00:00, run_after=2024-04-27T02:36:00+00:00
[2024-04-27T02:36:01.948+0000] {processor.py:178} INFO - Processing /home/airflow/.local/lib/python3.7/site-packages/airflow/example_dags/example_branch_python_dop_operator_3.py took 0.143 seconds
[2024-04-27T02:36:32.417+0000] {processor.py:156} INFO - Started process (PID=5263) to work on /home/airflow/.local/lib/python3.7/site-packages/airflow/example_dags/example_branch_python_dop_operator_3.py
[2024-04-27T02:36:32.418+0000] {processor.py:758} INFO - Processing file /home/airflow/.local/lib/python3.7/site-packages/airflow/example_dags/example_branch_python_dop_operator_3.py for tasks to queue
[2024-04-27T02:36:32.418+0000] {logging_mixin.py:117} INFO - [2024-04-27T02:36:32.418+0000] {dagbag.py:525} INFO - Filling up the DagBag from /home/airflow/.local/lib/python3.7/site-packages/airflow/example_dags/example_branch_python_dop_operator_3.py
[2024-04-27T02:36:32.447+0000] {processor.py:768} INFO - DAG(s) dict_keys(['example_branch_dop_operator_v3']) retrieved from /home/airflow/.local/lib/python3.7/site-packages/airflow/example_dags/example_branch_python_dop_operator_3.py
[2024-04-27T02:36:32.493+0000] {logging_mixin.py:117} INFO - [2024-04-27T02:36:32.493+0000] {dag.py:2573} INFO - Sync 1 DAGs
[2024-04-27T02:36:32.554+0000] {logging_mixin.py:117} INFO - [2024-04-27T02:36:32.554+0000] {dag.py:3328} INFO - Setting next_dagrun for example_branch_dop_operator_v3 to 2024-04-27T02:35:00+00:00, run_after=2024-04-27T02:36:00+00:00
[2024-04-27T02:36:32.591+0000] {processor.py:178} INFO - Processing /home/airflow/.local/lib/python3.7/site-packages/airflow/example_dags/example_branch_python_dop_operator_3.py took 0.177 seconds
[2024-04-27T02:37:02.741+0000] {processor.py:156} INFO - Started process (PID=5474) to work on /home/airflow/.local/lib/python3.7/site-packages/airflow/example_dags/example_branch_python_dop_operator_3.py
[2024-04-27T02:37:02.742+0000] {processor.py:758} INFO - Processing file /home/airflow/.local/lib/python3.7/site-packages/airflow/example_dags/example_branch_python_dop_operator_3.py for tasks to queue
[2024-04-27T02:37:02.743+0000] {logging_mixin.py:117} INFO - [2024-04-27T02:37:02.742+0000] {dagbag.py:525} INFO - Filling up the DagBag from /home/airflow/.local/lib/python3.7/site-packages/airflow/example_dags/example_branch_python_dop_operator_3.py
[2024-04-27T02:37:02.772+0000] {processor.py:768} INFO - DAG(s) dict_keys(['example_branch_dop_operator_v3']) retrieved from /home/airflow/.local/lib/python3.7/site-packages/airflow/example_dags/example_branch_python_dop_operator_3.py
[2024-04-27T02:37:02.816+0000] {logging_mixin.py:117} INFO - [2024-04-27T02:37:02.816+0000] {dag.py:2573} INFO - Sync 1 DAGs
[2024-04-27T02:37:02.852+0000] {logging_mixin.py:117} INFO - [2024-04-27T02:37:02.852+0000] {dag.py:3328} INFO - Setting next_dagrun for example_branch_dop_operator_v3 to 2024-04-27T02:36:00+00:00, run_after=2024-04-27T02:37:00+00:00
[2024-04-27T02:37:02.877+0000] {processor.py:178} INFO - Processing /home/airflow/.local/lib/python3.7/site-packages/airflow/example_dags/example_branch_python_dop_operator_3.py took 0.139 seconds
[2024-04-27T02:37:33.049+0000] {processor.py:156} INFO - Started process (PID=5688) to work on /home/airflow/.local/lib/python3.7/site-packages/airflow/example_dags/example_branch_python_dop_operator_3.py
[2024-04-27T02:37:33.049+0000] {processor.py:758} INFO - Processing file /home/airflow/.local/lib/python3.7/site-packages/airflow/example_dags/example_branch_python_dop_operator_3.py for tasks to queue
[2024-04-27T02:37:33.050+0000] {logging_mixin.py:117} INFO - [2024-04-27T02:37:33.050+0000] {dagbag.py:525} INFO - Filling up the DagBag from /home/airflow/.local/lib/python3.7/site-packages/airflow/example_dags/example_branch_python_dop_operator_3.py
[2024-04-27T02:37:33.079+0000] {processor.py:768} INFO - DAG(s) dict_keys(['example_branch_dop_operator_v3']) retrieved from /home/airflow/.local/lib/python3.7/site-packages/airflow/example_dags/example_branch_python_dop_operator_3.py
[2024-04-27T02:37:33.124+0000] {logging_mixin.py:117} INFO - [2024-04-27T02:37:33.123+0000] {dag.py:2573} INFO - Sync 1 DAGs
[2024-04-27T02:37:33.160+0000] {logging_mixin.py:117} INFO - [2024-04-27T02:37:33.160+0000] {dag.py:3328} INFO - Setting next_dagrun for example_branch_dop_operator_v3 to 2024-04-27T02:36:00+00:00, run_after=2024-04-27T02:37:00+00:00
[2024-04-27T02:37:33.183+0000] {processor.py:178} INFO - Processing /home/airflow/.local/lib/python3.7/site-packages/airflow/example_dags/example_branch_python_dop_operator_3.py took 0.137 seconds
[2024-04-27T02:38:03.583+0000] {processor.py:156} INFO - Started process (PID=5907) to work on /home/airflow/.local/lib/python3.7/site-packages/airflow/example_dags/example_branch_python_dop_operator_3.py
[2024-04-27T02:38:03.584+0000] {processor.py:758} INFO - Processing file /home/airflow/.local/lib/python3.7/site-packages/airflow/example_dags/example_branch_python_dop_operator_3.py for tasks to queue
[2024-04-27T02:38:03.585+0000] {logging_mixin.py:117} INFO - [2024-04-27T02:38:03.585+0000] {dagbag.py:525} INFO - Filling up the DagBag from /home/airflow/.local/lib/python3.7/site-packages/airflow/example_dags/example_branch_python_dop_operator_3.py
[2024-04-27T02:38:03.615+0000] {processor.py:768} INFO - DAG(s) dict_keys(['example_branch_dop_operator_v3']) retrieved from /home/airflow/.local/lib/python3.7/site-packages/airflow/example_dags/example_branch_python_dop_operator_3.py
[2024-04-27T02:38:03.669+0000] {logging_mixin.py:117} INFO - [2024-04-27T02:38:03.669+0000] {dag.py:2573} INFO - Sync 1 DAGs
[2024-04-27T02:38:03.705+0000] {logging_mixin.py:117} INFO - [2024-04-27T02:38:03.704+0000] {dag.py:3328} INFO - Setting next_dagrun for example_branch_dop_operator_v3 to 2024-04-27T02:37:00+00:00, run_after=2024-04-27T02:38:00+00:00
[2024-04-27T02:38:03.730+0000] {processor.py:178} INFO - Processing /home/airflow/.local/lib/python3.7/site-packages/airflow/example_dags/example_branch_python_dop_operator_3.py took 0.150 seconds
[2024-04-27T02:38:33.776+0000] {processor.py:156} INFO - Started process (PID=6114) to work on /home/airflow/.local/lib/python3.7/site-packages/airflow/example_dags/example_branch_python_dop_operator_3.py
[2024-04-27T02:38:33.777+0000] {processor.py:758} INFO - Processing file /home/airflow/.local/lib/python3.7/site-packages/airflow/example_dags/example_branch_python_dop_operator_3.py for tasks to queue
[2024-04-27T02:38:33.777+0000] {logging_mixin.py:117} INFO - [2024-04-27T02:38:33.777+0000] {dagbag.py:525} INFO - Filling up the DagBag from /home/airflow/.local/lib/python3.7/site-packages/airflow/example_dags/example_branch_python_dop_operator_3.py
[2024-04-27T02:38:33.807+0000] {processor.py:768} INFO - DAG(s) dict_keys(['example_branch_dop_operator_v3']) retrieved from /home/airflow/.local/lib/python3.7/site-packages/airflow/example_dags/example_branch_python_dop_operator_3.py
[2024-04-27T02:38:33.853+0000] {logging_mixin.py:117} INFO - [2024-04-27T02:38:33.853+0000] {dag.py:2573} INFO - Sync 1 DAGs
[2024-04-27T02:38:33.893+0000] {logging_mixin.py:117} INFO - [2024-04-27T02:38:33.893+0000] {dag.py:3328} INFO - Setting next_dagrun for example_branch_dop_operator_v3 to 2024-04-27T02:37:00+00:00, run_after=2024-04-27T02:38:00+00:00
[2024-04-27T02:38:33.921+0000] {processor.py:178} INFO - Processing /home/airflow/.local/lib/python3.7/site-packages/airflow/example_dags/example_branch_python_dop_operator_3.py took 0.149 seconds
[2024-04-27T02:39:04.798+0000] {processor.py:156} INFO - Started process (PID=6332) to work on /home/airflow/.local/lib/python3.7/site-packages/airflow/example_dags/example_branch_python_dop_operator_3.py
[2024-04-27T02:39:04.799+0000] {processor.py:758} INFO - Processing file /home/airflow/.local/lib/python3.7/site-packages/airflow/example_dags/example_branch_python_dop_operator_3.py for tasks to queue
[2024-04-27T02:39:04.800+0000] {logging_mixin.py:117} INFO - [2024-04-27T02:39:04.800+0000] {dagbag.py:525} INFO - Filling up the DagBag from /home/airflow/.local/lib/python3.7/site-packages/airflow/example_dags/example_branch_python_dop_operator_3.py
[2024-04-27T02:39:04.828+0000] {processor.py:768} INFO - DAG(s) dict_keys(['example_branch_dop_operator_v3']) retrieved from /home/airflow/.local/lib/python3.7/site-packages/airflow/example_dags/example_branch_python_dop_operator_3.py
[2024-04-27T02:39:04.931+0000] {logging_mixin.py:117} INFO - [2024-04-27T02:39:04.931+0000] {dag.py:2573} INFO - Sync 1 DAGs
[2024-04-27T02:39:04.976+0000] {logging_mixin.py:117} INFO - [2024-04-27T02:39:04.975+0000] {dag.py:3328} INFO - Setting next_dagrun for example_branch_dop_operator_v3 to 2024-04-27T02:38:00+00:00, run_after=2024-04-27T02:39:00+00:00
[2024-04-27T02:39:05.005+0000] {processor.py:178} INFO - Processing /home/airflow/.local/lib/python3.7/site-packages/airflow/example_dags/example_branch_python_dop_operator_3.py took 0.211 seconds
[2024-04-27T02:39:35.886+0000] {processor.py:156} INFO - Started process (PID=6551) to work on /home/airflow/.local/lib/python3.7/site-packages/airflow/example_dags/example_branch_python_dop_operator_3.py
[2024-04-27T02:39:35.889+0000] {processor.py:758} INFO - Processing file /home/airflow/.local/lib/python3.7/site-packages/airflow/example_dags/example_branch_python_dop_operator_3.py for tasks to queue
[2024-04-27T02:39:35.889+0000] {logging_mixin.py:117} INFO - [2024-04-27T02:39:35.889+0000] {dagbag.py:525} INFO - Filling up the DagBag from /home/airflow/.local/lib/python3.7/site-packages/airflow/example_dags/example_branch_python_dop_operator_3.py
[2024-04-27T02:39:35.935+0000] {processor.py:768} INFO - DAG(s) dict_keys(['example_branch_dop_operator_v3']) retrieved from /home/airflow/.local/lib/python3.7/site-packages/airflow/example_dags/example_branch_python_dop_operator_3.py
[2024-04-27T02:39:36.032+0000] {logging_mixin.py:117} INFO - [2024-04-27T02:39:36.032+0000] {dag.py:2573} INFO - Sync 1 DAGs
[2024-04-27T02:39:36.097+0000] {logging_mixin.py:117} INFO - [2024-04-27T02:39:36.097+0000] {dag.py:3328} INFO - Setting next_dagrun for example_branch_dop_operator_v3 to 2024-04-27T02:38:00+00:00, run_after=2024-04-27T02:39:00+00:00
[2024-04-27T02:39:36.141+0000] {processor.py:178} INFO - Processing /home/airflow/.local/lib/python3.7/site-packages/airflow/example_dags/example_branch_python_dop_operator_3.py took 0.261 seconds
[2024-04-27T02:40:06.259+0000] {processor.py:156} INFO - Started process (PID=6768) to work on /home/airflow/.local/lib/python3.7/site-packages/airflow/example_dags/example_branch_python_dop_operator_3.py
[2024-04-27T02:40:06.260+0000] {processor.py:758} INFO - Processing file /home/airflow/.local/lib/python3.7/site-packages/airflow/example_dags/example_branch_python_dop_operator_3.py for tasks to queue
[2024-04-27T02:40:06.260+0000] {logging_mixin.py:117} INFO - [2024-04-27T02:40:06.260+0000] {dagbag.py:525} INFO - Filling up the DagBag from /home/airflow/.local/lib/python3.7/site-packages/airflow/example_dags/example_branch_python_dop_operator_3.py
[2024-04-27T02:40:06.319+0000] {processor.py:768} INFO - DAG(s) dict_keys(['example_branch_dop_operator_v3']) retrieved from /home/airflow/.local/lib/python3.7/site-packages/airflow/example_dags/example_branch_python_dop_operator_3.py
[2024-04-27T02:40:06.380+0000] {logging_mixin.py:117} INFO - [2024-04-27T02:40:06.380+0000] {dag.py:2573} INFO - Sync 1 DAGs
[2024-04-27T02:40:06.450+0000] {logging_mixin.py:117} INFO - [2024-04-27T02:40:06.449+0000] {dag.py:3328} INFO - Setting next_dagrun for example_branch_dop_operator_v3 to 2024-04-27T02:39:00+00:00, run_after=2024-04-27T02:40:00+00:00
[2024-04-27T02:40:06.492+0000] {processor.py:178} INFO - Processing /home/airflow/.local/lib/python3.7/site-packages/airflow/example_dags/example_branch_python_dop_operator_3.py took 0.238 seconds
[2024-04-27T02:40:37.209+0000] {processor.py:156} INFO - Started process (PID=6977) to work on /home/airflow/.local/lib/python3.7/site-packages/airflow/example_dags/example_branch_python_dop_operator_3.py
[2024-04-27T02:40:37.209+0000] {processor.py:758} INFO - Processing file /home/airflow/.local/lib/python3.7/site-packages/airflow/example_dags/example_branch_python_dop_operator_3.py for tasks to queue
[2024-04-27T02:40:37.210+0000] {logging_mixin.py:117} INFO - [2024-04-27T02:40:37.210+0000] {dagbag.py:525} INFO - Filling up the DagBag from /home/airflow/.local/lib/python3.7/site-packages/airflow/example_dags/example_branch_python_dop_operator_3.py
[2024-04-27T02:40:37.240+0000] {processor.py:768} INFO - DAG(s) dict_keys(['example_branch_dop_operator_v3']) retrieved from /home/airflow/.local/lib/python3.7/site-packages/airflow/example_dags/example_branch_python_dop_operator_3.py
[2024-04-27T02:40:37.288+0000] {logging_mixin.py:117} INFO - [2024-04-27T02:40:37.287+0000] {dag.py:2573} INFO - Sync 1 DAGs
[2024-04-27T02:40:37.326+0000] {logging_mixin.py:117} INFO - [2024-04-27T02:40:37.326+0000] {dag.py:3328} INFO - Setting next_dagrun for example_branch_dop_operator_v3 to 2024-04-27T02:39:00+00:00, run_after=2024-04-27T02:40:00+00:00
[2024-04-27T02:40:37.351+0000] {processor.py:178} INFO - Processing /home/airflow/.local/lib/python3.7/site-packages/airflow/example_dags/example_branch_python_dop_operator_3.py took 0.145 seconds
[2024-04-27T02:41:08.227+0000] {processor.py:156} INFO - Started process (PID=7195) to work on /home/airflow/.local/lib/python3.7/site-packages/airflow/example_dags/example_branch_python_dop_operator_3.py
[2024-04-27T02:41:08.228+0000] {processor.py:758} INFO - Processing file /home/airflow/.local/lib/python3.7/site-packages/airflow/example_dags/example_branch_python_dop_operator_3.py for tasks to queue
[2024-04-27T02:41:08.229+0000] {logging_mixin.py:117} INFO - [2024-04-27T02:41:08.228+0000] {dagbag.py:525} INFO - Filling up the DagBag from /home/airflow/.local/lib/python3.7/site-packages/airflow/example_dags/example_branch_python_dop_operator_3.py
[2024-04-27T02:41:08.259+0000] {processor.py:768} INFO - DAG(s) dict_keys(['example_branch_dop_operator_v3']) retrieved from /home/airflow/.local/lib/python3.7/site-packages/airflow/example_dags/example_branch_python_dop_operator_3.py
[2024-04-27T02:41:08.307+0000] {logging_mixin.py:117} INFO - [2024-04-27T02:41:08.307+0000] {dag.py:2573} INFO - Sync 1 DAGs
[2024-04-27T02:41:08.343+0000] {logging_mixin.py:117} INFO - [2024-04-27T02:41:08.343+0000] {dag.py:3328} INFO - Setting next_dagrun for example_branch_dop_operator_v3 to 2024-04-27T02:40:00+00:00, run_after=2024-04-27T02:41:00+00:00
[2024-04-27T02:41:08.368+0000] {processor.py:178} INFO - Processing /home/airflow/.local/lib/python3.7/site-packages/airflow/example_dags/example_branch_python_dop_operator_3.py took 0.145 seconds
[2024-04-27T02:41:39.130+0000] {processor.py:156} INFO - Started process (PID=7412) to work on /home/airflow/.local/lib/python3.7/site-packages/airflow/example_dags/example_branch_python_dop_operator_3.py
[2024-04-27T02:41:39.131+0000] {processor.py:758} INFO - Processing file /home/airflow/.local/lib/python3.7/site-packages/airflow/example_dags/example_branch_python_dop_operator_3.py for tasks to queue
[2024-04-27T02:41:39.140+0000] {logging_mixin.py:117} INFO - [2024-04-27T02:41:39.140+0000] {dagbag.py:525} INFO - Filling up the DagBag from /home/airflow/.local/lib/python3.7/site-packages/airflow/example_dags/example_branch_python_dop_operator_3.py
[2024-04-27T02:41:39.199+0000] {processor.py:768} INFO - DAG(s) dict_keys(['example_branch_dop_operator_v3']) retrieved from /home/airflow/.local/lib/python3.7/site-packages/airflow/example_dags/example_branch_python_dop_operator_3.py
[2024-04-27T02:41:39.280+0000] {logging_mixin.py:117} INFO - [2024-04-27T02:41:39.279+0000] {dag.py:2573} INFO - Sync 1 DAGs
[2024-04-27T02:41:39.331+0000] {logging_mixin.py:117} INFO - [2024-04-27T02:41:39.331+0000] {dag.py:3328} INFO - Setting next_dagrun for example_branch_dop_operator_v3 to 2024-04-27T02:40:00+00:00, run_after=2024-04-27T02:41:00+00:00
[2024-04-27T02:41:39.387+0000] {processor.py:178} INFO - Processing /home/airflow/.local/lib/python3.7/site-packages/airflow/example_dags/example_branch_python_dop_operator_3.py took 0.260 seconds
[2024-04-27T02:42:09.464+0000] {processor.py:156} INFO - Started process (PID=7622) to work on /home/airflow/.local/lib/python3.7/site-packages/airflow/example_dags/example_branch_python_dop_operator_3.py
[2024-04-27T02:42:09.465+0000] {processor.py:758} INFO - Processing file /home/airflow/.local/lib/python3.7/site-packages/airflow/example_dags/example_branch_python_dop_operator_3.py for tasks to queue
[2024-04-27T02:42:09.466+0000] {logging_mixin.py:117} INFO - [2024-04-27T02:42:09.466+0000] {dagbag.py:525} INFO - Filling up the DagBag from /home/airflow/.local/lib/python3.7/site-packages/airflow/example_dags/example_branch_python_dop_operator_3.py
[2024-04-27T02:42:09.497+0000] {processor.py:768} INFO - DAG(s) dict_keys(['example_branch_dop_operator_v3']) retrieved from /home/airflow/.local/lib/python3.7/site-packages/airflow/example_dags/example_branch_python_dop_operator_3.py
[2024-04-27T02:42:09.550+0000] {logging_mixin.py:117} INFO - [2024-04-27T02:42:09.550+0000] {dag.py:2573} INFO - Sync 1 DAGs
[2024-04-27T02:42:09.585+0000] {logging_mixin.py:117} INFO - [2024-04-27T02:42:09.585+0000] {dag.py:3328} INFO - Setting next_dagrun for example_branch_dop_operator_v3 to 2024-04-27T02:41:00+00:00, run_after=2024-04-27T02:42:00+00:00
[2024-04-27T02:42:09.607+0000] {processor.py:178} INFO - Processing /home/airflow/.local/lib/python3.7/site-packages/airflow/example_dags/example_branch_python_dop_operator_3.py took 0.146 seconds
[2024-04-27T02:42:39.763+0000] {processor.py:156} INFO - Started process (PID=7841) to work on /home/airflow/.local/lib/python3.7/site-packages/airflow/example_dags/example_branch_python_dop_operator_3.py
[2024-04-27T02:42:39.764+0000] {processor.py:758} INFO - Processing file /home/airflow/.local/lib/python3.7/site-packages/airflow/example_dags/example_branch_python_dop_operator_3.py for tasks to queue
[2024-04-27T02:42:39.765+0000] {logging_mixin.py:117} INFO - [2024-04-27T02:42:39.765+0000] {dagbag.py:525} INFO - Filling up the DagBag from /home/airflow/.local/lib/python3.7/site-packages/airflow/example_dags/example_branch_python_dop_operator_3.py
[2024-04-27T02:42:39.796+0000] {processor.py:768} INFO - DAG(s) dict_keys(['example_branch_dop_operator_v3']) retrieved from /home/airflow/.local/lib/python3.7/site-packages/airflow/example_dags/example_branch_python_dop_operator_3.py
[2024-04-27T02:42:39.844+0000] {logging_mixin.py:117} INFO - [2024-04-27T02:42:39.844+0000] {dag.py:2573} INFO - Sync 1 DAGs
[2024-04-27T02:42:39.883+0000] {logging_mixin.py:117} INFO - [2024-04-27T02:42:39.882+0000] {dag.py:3328} INFO - Setting next_dagrun for example_branch_dop_operator_v3 to 2024-04-27T02:41:00+00:00, run_after=2024-04-27T02:42:00+00:00
[2024-04-27T02:42:39.907+0000] {processor.py:178} INFO - Processing /home/airflow/.local/lib/python3.7/site-packages/airflow/example_dags/example_branch_python_dop_operator_3.py took 0.147 seconds
[2024-04-27T02:43:11.195+0000] {processor.py:156} INFO - Started process (PID=8061) to work on /home/airflow/.local/lib/python3.7/site-packages/airflow/example_dags/example_branch_python_dop_operator_3.py
[2024-04-27T02:43:11.195+0000] {processor.py:758} INFO - Processing file /home/airflow/.local/lib/python3.7/site-packages/airflow/example_dags/example_branch_python_dop_operator_3.py for tasks to queue
[2024-04-27T02:43:11.196+0000] {logging_mixin.py:117} INFO - [2024-04-27T02:43:11.196+0000] {dagbag.py:525} INFO - Filling up the DagBag from /home/airflow/.local/lib/python3.7/site-packages/airflow/example_dags/example_branch_python_dop_operator_3.py
[2024-04-27T02:43:11.220+0000] {processor.py:768} INFO - DAG(s) dict_keys(['example_branch_dop_operator_v3']) retrieved from /home/airflow/.local/lib/python3.7/site-packages/airflow/example_dags/example_branch_python_dop_operator_3.py
[2024-04-27T02:43:11.251+0000] {logging_mixin.py:117} INFO - [2024-04-27T02:43:11.251+0000] {dag.py:2573} INFO - Sync 1 DAGs
[2024-04-27T02:43:11.277+0000] {logging_mixin.py:117} INFO - [2024-04-27T02:43:11.277+0000] {dag.py:3328} INFO - Setting next_dagrun for example_branch_dop_operator_v3 to 2024-04-27T02:42:00+00:00, run_after=2024-04-27T02:43:00+00:00
[2024-04-27T02:43:11.298+0000] {processor.py:178} INFO - Processing /home/airflow/.local/lib/python3.7/site-packages/airflow/example_dags/example_branch_python_dop_operator_3.py took 0.107 seconds
[2024-04-27T02:43:42.064+0000] {processor.py:156} INFO - Started process (PID=8272) to work on /home/airflow/.local/lib/python3.7/site-packages/airflow/example_dags/example_branch_python_dop_operator_3.py
[2024-04-27T02:43:42.065+0000] {processor.py:758} INFO - Processing file /home/airflow/.local/lib/python3.7/site-packages/airflow/example_dags/example_branch_python_dop_operator_3.py for tasks to queue
[2024-04-27T02:43:42.066+0000] {logging_mixin.py:117} INFO - [2024-04-27T02:43:42.066+0000] {dagbag.py:525} INFO - Filling up the DagBag from /home/airflow/.local/lib/python3.7/site-packages/airflow/example_dags/example_branch_python_dop_operator_3.py
[2024-04-27T02:43:42.096+0000] {processor.py:768} INFO - DAG(s) dict_keys(['example_branch_dop_operator_v3']) retrieved from /home/airflow/.local/lib/python3.7/site-packages/airflow/example_dags/example_branch_python_dop_operator_3.py
[2024-04-27T02:43:42.142+0000] {logging_mixin.py:117} INFO - [2024-04-27T02:43:42.142+0000] {dag.py:2573} INFO - Sync 1 DAGs
[2024-04-27T02:43:42.182+0000] {logging_mixin.py:117} INFO - [2024-04-27T02:43:42.182+0000] {dag.py:3328} INFO - Setting next_dagrun for example_branch_dop_operator_v3 to 2024-04-27T02:42:00+00:00, run_after=2024-04-27T02:43:00+00:00
[2024-04-27T02:43:42.207+0000] {processor.py:178} INFO - Processing /home/airflow/.local/lib/python3.7/site-packages/airflow/example_dags/example_branch_python_dop_operator_3.py took 0.146 seconds
[2024-04-27T02:44:12.344+0000] {processor.py:156} INFO - Started process (PID=8487) to work on /home/airflow/.local/lib/python3.7/site-packages/airflow/example_dags/example_branch_python_dop_operator_3.py
[2024-04-27T02:44:12.345+0000] {processor.py:758} INFO - Processing file /home/airflow/.local/lib/python3.7/site-packages/airflow/example_dags/example_branch_python_dop_operator_3.py for tasks to queue
[2024-04-27T02:44:12.346+0000] {logging_mixin.py:117} INFO - [2024-04-27T02:44:12.346+0000] {dagbag.py:525} INFO - Filling up the DagBag from /home/airflow/.local/lib/python3.7/site-packages/airflow/example_dags/example_branch_python_dop_operator_3.py
[2024-04-27T02:44:12.376+0000] {processor.py:768} INFO - DAG(s) dict_keys(['example_branch_dop_operator_v3']) retrieved from /home/airflow/.local/lib/python3.7/site-packages/airflow/example_dags/example_branch_python_dop_operator_3.py
[2024-04-27T02:44:12.423+0000] {logging_mixin.py:117} INFO - [2024-04-27T02:44:12.423+0000] {dag.py:2573} INFO - Sync 1 DAGs
[2024-04-27T02:44:12.462+0000] {logging_mixin.py:117} INFO - [2024-04-27T02:44:12.462+0000] {dag.py:3328} INFO - Setting next_dagrun for example_branch_dop_operator_v3 to 2024-04-27T02:43:00+00:00, run_after=2024-04-27T02:44:00+00:00
[2024-04-27T02:44:12.488+0000] {processor.py:178} INFO - Processing /home/airflow/.local/lib/python3.7/site-packages/airflow/example_dags/example_branch_python_dop_operator_3.py took 0.148 seconds
[2024-04-27T02:44:43.799+0000] {processor.py:156} INFO - Started process (PID=8707) to work on /home/airflow/.local/lib/python3.7/site-packages/airflow/example_dags/example_branch_python_dop_operator_3.py
[2024-04-27T02:44:43.800+0000] {processor.py:758} INFO - Processing file /home/airflow/.local/lib/python3.7/site-packages/airflow/example_dags/example_branch_python_dop_operator_3.py for tasks to queue
[2024-04-27T02:44:43.800+0000] {logging_mixin.py:117} INFO - [2024-04-27T02:44:43.800+0000] {dagbag.py:525} INFO - Filling up the DagBag from /home/airflow/.local/lib/python3.7/site-packages/airflow/example_dags/example_branch_python_dop_operator_3.py
[2024-04-27T02:44:43.831+0000] {processor.py:768} INFO - DAG(s) dict_keys(['example_branch_dop_operator_v3']) retrieved from /home/airflow/.local/lib/python3.7/site-packages/airflow/example_dags/example_branch_python_dop_operator_3.py
[2024-04-27T02:44:43.888+0000] {logging_mixin.py:117} INFO - [2024-04-27T02:44:43.888+0000] {dag.py:2573} INFO - Sync 1 DAGs
[2024-04-27T02:44:43.930+0000] {logging_mixin.py:117} INFO - [2024-04-27T02:44:43.930+0000] {dag.py:3328} INFO - Setting next_dagrun for example_branch_dop_operator_v3 to 2024-04-27T02:43:00+00:00, run_after=2024-04-27T02:44:00+00:00
[2024-04-27T02:44:43.956+0000] {processor.py:178} INFO - Processing /home/airflow/.local/lib/python3.7/site-packages/airflow/example_dags/example_branch_python_dop_operator_3.py took 0.160 seconds
[2024-04-27T02:45:16.219+0000] {processor.py:156} INFO - Started process (PID=8925) to work on /home/airflow/.local/lib/python3.7/site-packages/airflow/example_dags/example_branch_python_dop_operator_3.py
[2024-04-27T02:45:16.225+0000] {processor.py:758} INFO - Processing file /home/airflow/.local/lib/python3.7/site-packages/airflow/example_dags/example_branch_python_dop_operator_3.py for tasks to queue
[2024-04-27T02:45:16.226+0000] {logging_mixin.py:117} INFO - [2024-04-27T02:45:16.226+0000] {dagbag.py:525} INFO - Filling up the DagBag from /home/airflow/.local/lib/python3.7/site-packages/airflow/example_dags/example_branch_python_dop_operator_3.py
[2024-04-27T02:45:16.256+0000] {processor.py:768} INFO - DAG(s) dict_keys(['example_branch_dop_operator_v3']) retrieved from /home/airflow/.local/lib/python3.7/site-packages/airflow/example_dags/example_branch_python_dop_operator_3.py
[2024-04-27T02:45:16.325+0000] {logging_mixin.py:117} INFO - [2024-04-27T02:45:16.325+0000] {dag.py:2573} INFO - Sync 1 DAGs
[2024-04-27T02:45:16.400+0000] {logging_mixin.py:117} INFO - [2024-04-27T02:45:16.400+0000] {dag.py:3328} INFO - Setting next_dagrun for example_branch_dop_operator_v3 to 2024-04-27T02:44:00+00:00, run_after=2024-04-27T02:45:00+00:00
[2024-04-27T02:45:16.439+0000] {processor.py:178} INFO - Processing /home/airflow/.local/lib/python3.7/site-packages/airflow/example_dags/example_branch_python_dop_operator_3.py took 0.225 seconds
[2024-04-27T02:45:47.270+0000] {processor.py:156} INFO - Started process (PID=9133) to work on /home/airflow/.local/lib/python3.7/site-packages/airflow/example_dags/example_branch_python_dop_operator_3.py
[2024-04-27T02:45:47.271+0000] {processor.py:758} INFO - Processing file /home/airflow/.local/lib/python3.7/site-packages/airflow/example_dags/example_branch_python_dop_operator_3.py for tasks to queue
[2024-04-27T02:45:47.273+0000] {logging_mixin.py:117} INFO - [2024-04-27T02:45:47.272+0000] {dagbag.py:525} INFO - Filling up the DagBag from /home/airflow/.local/lib/python3.7/site-packages/airflow/example_dags/example_branch_python_dop_operator_3.py
[2024-04-27T02:45:47.303+0000] {processor.py:768} INFO - DAG(s) dict_keys(['example_branch_dop_operator_v3']) retrieved from /home/airflow/.local/lib/python3.7/site-packages/airflow/example_dags/example_branch_python_dop_operator_3.py
[2024-04-27T02:45:47.351+0000] {logging_mixin.py:117} INFO - [2024-04-27T02:45:47.351+0000] {dag.py:2573} INFO - Sync 1 DAGs
[2024-04-27T02:45:47.400+0000] {logging_mixin.py:117} INFO - [2024-04-27T02:45:47.399+0000] {dag.py:3328} INFO - Setting next_dagrun for example_branch_dop_operator_v3 to 2024-04-27T02:44:00+00:00, run_after=2024-04-27T02:45:00+00:00
[2024-04-27T02:45:47.430+0000] {processor.py:178} INFO - Processing /home/airflow/.local/lib/python3.7/site-packages/airflow/example_dags/example_branch_python_dop_operator_3.py took 0.164 seconds
[2024-04-27T02:46:17.574+0000] {processor.py:156} INFO - Started process (PID=9354) to work on /home/airflow/.local/lib/python3.7/site-packages/airflow/example_dags/example_branch_python_dop_operator_3.py
[2024-04-27T02:46:17.575+0000] {processor.py:758} INFO - Processing file /home/airflow/.local/lib/python3.7/site-packages/airflow/example_dags/example_branch_python_dop_operator_3.py for tasks to queue
[2024-04-27T02:46:17.575+0000] {logging_mixin.py:117} INFO - [2024-04-27T02:46:17.575+0000] {dagbag.py:525} INFO - Filling up the DagBag from /home/airflow/.local/lib/python3.7/site-packages/airflow/example_dags/example_branch_python_dop_operator_3.py
[2024-04-27T02:46:17.595+0000] {processor.py:768} INFO - DAG(s) dict_keys(['example_branch_dop_operator_v3']) retrieved from /home/airflow/.local/lib/python3.7/site-packages/airflow/example_dags/example_branch_python_dop_operator_3.py
[2024-04-27T02:46:17.627+0000] {logging_mixin.py:117} INFO - [2024-04-27T02:46:17.627+0000] {dag.py:2573} INFO - Sync 1 DAGs
[2024-04-27T02:46:17.650+0000] {logging_mixin.py:117} INFO - [2024-04-27T02:46:17.650+0000] {dag.py:3328} INFO - Setting next_dagrun for example_branch_dop_operator_v3 to 2024-04-27T02:45:00+00:00, run_after=2024-04-27T02:46:00+00:00
[2024-04-27T02:46:17.678+0000] {processor.py:178} INFO - Processing /home/airflow/.local/lib/python3.7/site-packages/airflow/example_dags/example_branch_python_dop_operator_3.py took 0.107 seconds
[2024-04-27T02:46:48.233+0000] {processor.py:156} INFO - Started process (PID=9571) to work on /home/airflow/.local/lib/python3.7/site-packages/airflow/example_dags/example_branch_python_dop_operator_3.py
[2024-04-27T02:46:48.234+0000] {processor.py:758} INFO - Processing file /home/airflow/.local/lib/python3.7/site-packages/airflow/example_dags/example_branch_python_dop_operator_3.py for tasks to queue
[2024-04-27T02:46:48.237+0000] {logging_mixin.py:117} INFO - [2024-04-27T02:46:48.237+0000] {dagbag.py:525} INFO - Filling up the DagBag from /home/airflow/.local/lib/python3.7/site-packages/airflow/example_dags/example_branch_python_dop_operator_3.py
[2024-04-27T02:46:48.294+0000] {processor.py:768} INFO - DAG(s) dict_keys(['example_branch_dop_operator_v3']) retrieved from /home/airflow/.local/lib/python3.7/site-packages/airflow/example_dags/example_branch_python_dop_operator_3.py
[2024-04-27T02:46:48.341+0000] {logging_mixin.py:117} INFO - [2024-04-27T02:46:48.341+0000] {dag.py:2573} INFO - Sync 1 DAGs
[2024-04-27T02:46:48.381+0000] {logging_mixin.py:117} INFO - [2024-04-27T02:46:48.381+0000] {dag.py:3328} INFO - Setting next_dagrun for example_branch_dop_operator_v3 to 2024-04-27T02:45:00+00:00, run_after=2024-04-27T02:46:00+00:00
[2024-04-27T02:46:48.407+0000] {processor.py:178} INFO - Processing /home/airflow/.local/lib/python3.7/site-packages/airflow/example_dags/example_branch_python_dop_operator_3.py took 0.177 seconds
[2024-04-27T02:47:18.487+0000] {processor.py:156} INFO - Started process (PID=9779) to work on /home/airflow/.local/lib/python3.7/site-packages/airflow/example_dags/example_branch_python_dop_operator_3.py
[2024-04-27T02:47:18.496+0000] {processor.py:758} INFO - Processing file /home/airflow/.local/lib/python3.7/site-packages/airflow/example_dags/example_branch_python_dop_operator_3.py for tasks to queue
[2024-04-27T02:47:18.497+0000] {logging_mixin.py:117} INFO - [2024-04-27T02:47:18.497+0000] {dagbag.py:525} INFO - Filling up the DagBag from /home/airflow/.local/lib/python3.7/site-packages/airflow/example_dags/example_branch_python_dop_operator_3.py
[2024-04-27T02:47:18.570+0000] {processor.py:768} INFO - DAG(s) dict_keys(['example_branch_dop_operator_v3']) retrieved from /home/airflow/.local/lib/python3.7/site-packages/airflow/example_dags/example_branch_python_dop_operator_3.py
[2024-04-27T02:47:18.628+0000] {logging_mixin.py:117} INFO - [2024-04-27T02:47:18.627+0000] {dag.py:2573} INFO - Sync 1 DAGs
[2024-04-27T02:47:18.667+0000] {logging_mixin.py:117} INFO - [2024-04-27T02:47:18.667+0000] {dag.py:3328} INFO - Setting next_dagrun for example_branch_dop_operator_v3 to 2024-04-27T02:46:00+00:00, run_after=2024-04-27T02:47:00+00:00
[2024-04-27T02:47:18.694+0000] {processor.py:178} INFO - Processing /home/airflow/.local/lib/python3.7/site-packages/airflow/example_dags/example_branch_python_dop_operator_3.py took 0.216 seconds
[2024-04-27T02:47:48.866+0000] {processor.py:156} INFO - Started process (PID=10000) to work on /home/airflow/.local/lib/python3.7/site-packages/airflow/example_dags/example_branch_python_dop_operator_3.py
[2024-04-27T02:47:48.868+0000] {processor.py:758} INFO - Processing file /home/airflow/.local/lib/python3.7/site-packages/airflow/example_dags/example_branch_python_dop_operator_3.py for tasks to queue
[2024-04-27T02:47:48.868+0000] {logging_mixin.py:117} INFO - [2024-04-27T02:47:48.868+0000] {dagbag.py:525} INFO - Filling up the DagBag from /home/airflow/.local/lib/python3.7/site-packages/airflow/example_dags/example_branch_python_dop_operator_3.py
[2024-04-27T02:47:48.897+0000] {processor.py:768} INFO - DAG(s) dict_keys(['example_branch_dop_operator_v3']) retrieved from /home/airflow/.local/lib/python3.7/site-packages/airflow/example_dags/example_branch_python_dop_operator_3.py
[2024-04-27T02:47:48.942+0000] {logging_mixin.py:117} INFO - [2024-04-27T02:47:48.942+0000] {dag.py:2573} INFO - Sync 1 DAGs
[2024-04-27T02:47:48.982+0000] {logging_mixin.py:117} INFO - [2024-04-27T02:47:48.982+0000] {dag.py:3328} INFO - Setting next_dagrun for example_branch_dop_operator_v3 to 2024-04-27T02:46:00+00:00, run_after=2024-04-27T02:47:00+00:00
[2024-04-27T02:47:49.008+0000] {processor.py:178} INFO - Processing /home/airflow/.local/lib/python3.7/site-packages/airflow/example_dags/example_branch_python_dop_operator_3.py took 0.145 seconds
[2024-04-27T02:48:20.970+0000] {processor.py:156} INFO - Started process (PID=10217) to work on /home/airflow/.local/lib/python3.7/site-packages/airflow/example_dags/example_branch_python_dop_operator_3.py
[2024-04-27T02:48:20.972+0000] {processor.py:758} INFO - Processing file /home/airflow/.local/lib/python3.7/site-packages/airflow/example_dags/example_branch_python_dop_operator_3.py for tasks to queue
[2024-04-27T02:48:20.972+0000] {logging_mixin.py:117} INFO - [2024-04-27T02:48:20.972+0000] {dagbag.py:525} INFO - Filling up the DagBag from /home/airflow/.local/lib/python3.7/site-packages/airflow/example_dags/example_branch_python_dop_operator_3.py
[2024-04-27T02:48:21.003+0000] {processor.py:768} INFO - DAG(s) dict_keys(['example_branch_dop_operator_v3']) retrieved from /home/airflow/.local/lib/python3.7/site-packages/airflow/example_dags/example_branch_python_dop_operator_3.py
[2024-04-27T02:48:21.054+0000] {logging_mixin.py:117} INFO - [2024-04-27T02:48:21.053+0000] {dag.py:2573} INFO - Sync 1 DAGs
[2024-04-27T02:48:21.119+0000] {logging_mixin.py:117} INFO - [2024-04-27T02:48:21.119+0000] {dag.py:3328} INFO - Setting next_dagrun for example_branch_dop_operator_v3 to 2024-04-27T02:47:00+00:00, run_after=2024-04-27T02:48:00+00:00
[2024-04-27T02:48:21.149+0000] {processor.py:178} INFO - Processing /home/airflow/.local/lib/python3.7/site-packages/airflow/example_dags/example_branch_python_dop_operator_3.py took 0.182 seconds
[2024-04-27T02:48:52.214+0000] {processor.py:156} INFO - Started process (PID=10427) to work on /home/airflow/.local/lib/python3.7/site-packages/airflow/example_dags/example_branch_python_dop_operator_3.py
[2024-04-27T02:48:52.214+0000] {processor.py:758} INFO - Processing file /home/airflow/.local/lib/python3.7/site-packages/airflow/example_dags/example_branch_python_dop_operator_3.py for tasks to queue
[2024-04-27T02:48:52.215+0000] {logging_mixin.py:117} INFO - [2024-04-27T02:48:52.215+0000] {dagbag.py:525} INFO - Filling up the DagBag from /home/airflow/.local/lib/python3.7/site-packages/airflow/example_dags/example_branch_python_dop_operator_3.py
[2024-04-27T02:48:52.297+0000] {processor.py:768} INFO - DAG(s) dict_keys(['example_branch_dop_operator_v3']) retrieved from /home/airflow/.local/lib/python3.7/site-packages/airflow/example_dags/example_branch_python_dop_operator_3.py
[2024-04-27T02:48:52.349+0000] {logging_mixin.py:117} INFO - [2024-04-27T02:48:52.349+0000] {dag.py:2573} INFO - Sync 1 DAGs
[2024-04-27T02:48:52.395+0000] {logging_mixin.py:117} INFO - [2024-04-27T02:48:52.394+0000] {dag.py:3328} INFO - Setting next_dagrun for example_branch_dop_operator_v3 to 2024-04-27T02:47:00+00:00, run_after=2024-04-27T02:48:00+00:00
[2024-04-27T02:48:52.443+0000] {processor.py:178} INFO - Processing /home/airflow/.local/lib/python3.7/site-packages/airflow/example_dags/example_branch_python_dop_operator_3.py took 0.242 seconds
[2024-04-27T02:49:22.496+0000] {processor.py:156} INFO - Started process (PID=10644) to work on /home/airflow/.local/lib/python3.7/site-packages/airflow/example_dags/example_branch_python_dop_operator_3.py
[2024-04-27T02:49:22.497+0000] {processor.py:758} INFO - Processing file /home/airflow/.local/lib/python3.7/site-packages/airflow/example_dags/example_branch_python_dop_operator_3.py for tasks to queue
[2024-04-27T02:49:22.498+0000] {logging_mixin.py:117} INFO - [2024-04-27T02:49:22.498+0000] {dagbag.py:525} INFO - Filling up the DagBag from /home/airflow/.local/lib/python3.7/site-packages/airflow/example_dags/example_branch_python_dop_operator_3.py
[2024-04-27T02:49:22.518+0000] {processor.py:768} INFO - DAG(s) dict_keys(['example_branch_dop_operator_v3']) retrieved from /home/airflow/.local/lib/python3.7/site-packages/airflow/example_dags/example_branch_python_dop_operator_3.py
[2024-04-27T02:49:22.551+0000] {logging_mixin.py:117} INFO - [2024-04-27T02:49:22.551+0000] {dag.py:2573} INFO - Sync 1 DAGs
[2024-04-27T02:49:22.576+0000] {logging_mixin.py:117} INFO - [2024-04-27T02:49:22.576+0000] {dag.py:3328} INFO - Setting next_dagrun for example_branch_dop_operator_v3 to 2024-04-27T02:48:00+00:00, run_after=2024-04-27T02:49:00+00:00
[2024-04-27T02:49:22.596+0000] {processor.py:178} INFO - Processing /home/airflow/.local/lib/python3.7/site-packages/airflow/example_dags/example_branch_python_dop_operator_3.py took 0.102 seconds
[2024-04-27T02:49:53.082+0000] {processor.py:156} INFO - Started process (PID=10860) to work on /home/airflow/.local/lib/python3.7/site-packages/airflow/example_dags/example_branch_python_dop_operator_3.py
[2024-04-27T02:49:53.083+0000] {processor.py:758} INFO - Processing file /home/airflow/.local/lib/python3.7/site-packages/airflow/example_dags/example_branch_python_dop_operator_3.py for tasks to queue
[2024-04-27T02:49:53.084+0000] {logging_mixin.py:117} INFO - [2024-04-27T02:49:53.084+0000] {dagbag.py:525} INFO - Filling up the DagBag from /home/airflow/.local/lib/python3.7/site-packages/airflow/example_dags/example_branch_python_dop_operator_3.py
[2024-04-27T02:49:53.111+0000] {processor.py:768} INFO - DAG(s) dict_keys(['example_branch_dop_operator_v3']) retrieved from /home/airflow/.local/lib/python3.7/site-packages/airflow/example_dags/example_branch_python_dop_operator_3.py
[2024-04-27T02:49:53.158+0000] {logging_mixin.py:117} INFO - [2024-04-27T02:49:53.158+0000] {dag.py:2573} INFO - Sync 1 DAGs
[2024-04-27T02:49:53.198+0000] {logging_mixin.py:117} INFO - [2024-04-27T02:49:53.198+0000] {dag.py:3328} INFO - Setting next_dagrun for example_branch_dop_operator_v3 to 2024-04-27T02:48:00+00:00, run_after=2024-04-27T02:49:00+00:00
[2024-04-27T02:49:53.231+0000] {processor.py:178} INFO - Processing /home/airflow/.local/lib/python3.7/site-packages/airflow/example_dags/example_branch_python_dop_operator_3.py took 0.153 seconds
[2024-04-27T02:50:24.040+0000] {processor.py:156} INFO - Started process (PID=11071) to work on /home/airflow/.local/lib/python3.7/site-packages/airflow/example_dags/example_branch_python_dop_operator_3.py
[2024-04-27T02:50:24.041+0000] {processor.py:758} INFO - Processing file /home/airflow/.local/lib/python3.7/site-packages/airflow/example_dags/example_branch_python_dop_operator_3.py for tasks to queue
[2024-04-27T02:50:24.041+0000] {logging_mixin.py:117} INFO - [2024-04-27T02:50:24.041+0000] {dagbag.py:525} INFO - Filling up the DagBag from /home/airflow/.local/lib/python3.7/site-packages/airflow/example_dags/example_branch_python_dop_operator_3.py
[2024-04-27T02:50:24.063+0000] {processor.py:768} INFO - DAG(s) dict_keys(['example_branch_dop_operator_v3']) retrieved from /home/airflow/.local/lib/python3.7/site-packages/airflow/example_dags/example_branch_python_dop_operator_3.py
[2024-04-27T02:50:24.097+0000] {logging_mixin.py:117} INFO - [2024-04-27T02:50:24.097+0000] {dag.py:2573} INFO - Sync 1 DAGs
[2024-04-27T02:50:24.131+0000] {logging_mixin.py:117} INFO - [2024-04-27T02:50:24.130+0000] {dag.py:3328} INFO - Setting next_dagrun for example_branch_dop_operator_v3 to 2024-04-27T02:49:00+00:00, run_after=2024-04-27T02:50:00+00:00
[2024-04-27T02:50:24.154+0000] {processor.py:178} INFO - Processing /home/airflow/.local/lib/python3.7/site-packages/airflow/example_dags/example_branch_python_dop_operator_3.py took 0.116 seconds
[2024-04-27T02:50:54.793+0000] {processor.py:156} INFO - Started process (PID=11288) to work on /home/airflow/.local/lib/python3.7/site-packages/airflow/example_dags/example_branch_python_dop_operator_3.py
[2024-04-27T02:50:54.794+0000] {processor.py:758} INFO - Processing file /home/airflow/.local/lib/python3.7/site-packages/airflow/example_dags/example_branch_python_dop_operator_3.py for tasks to queue
[2024-04-27T02:50:54.794+0000] {logging_mixin.py:117} INFO - [2024-04-27T02:50:54.794+0000] {dagbag.py:525} INFO - Filling up the DagBag from /home/airflow/.local/lib/python3.7/site-packages/airflow/example_dags/example_branch_python_dop_operator_3.py
[2024-04-27T02:50:54.815+0000] {processor.py:768} INFO - DAG(s) dict_keys(['example_branch_dop_operator_v3']) retrieved from /home/airflow/.local/lib/python3.7/site-packages/airflow/example_dags/example_branch_python_dop_operator_3.py
[2024-04-27T02:50:54.847+0000] {logging_mixin.py:117} INFO - [2024-04-27T02:50:54.846+0000] {dag.py:2573} INFO - Sync 1 DAGs
[2024-04-27T02:50:54.870+0000] {logging_mixin.py:117} INFO - [2024-04-27T02:50:54.870+0000] {dag.py:3328} INFO - Setting next_dagrun for example_branch_dop_operator_v3 to 2024-04-27T02:49:00+00:00, run_after=2024-04-27T02:50:00+00:00
[2024-04-27T02:50:54.891+0000] {processor.py:178} INFO - Processing /home/airflow/.local/lib/python3.7/site-packages/airflow/example_dags/example_branch_python_dop_operator_3.py took 0.100 seconds
[2024-04-27T02:51:25.926+0000] {processor.py:156} INFO - Started process (PID=11503) to work on /home/airflow/.local/lib/python3.7/site-packages/airflow/example_dags/example_branch_python_dop_operator_3.py
[2024-04-27T02:51:25.927+0000] {processor.py:758} INFO - Processing file /home/airflow/.local/lib/python3.7/site-packages/airflow/example_dags/example_branch_python_dop_operator_3.py for tasks to queue
[2024-04-27T02:51:25.928+0000] {logging_mixin.py:117} INFO - [2024-04-27T02:51:25.928+0000] {dagbag.py:525} INFO - Filling up the DagBag from /home/airflow/.local/lib/python3.7/site-packages/airflow/example_dags/example_branch_python_dop_operator_3.py
[2024-04-27T02:51:25.989+0000] {processor.py:768} INFO - DAG(s) dict_keys(['example_branch_dop_operator_v3']) retrieved from /home/airflow/.local/lib/python3.7/site-packages/airflow/example_dags/example_branch_python_dop_operator_3.py
[2024-04-27T02:51:26.045+0000] {logging_mixin.py:117} INFO - [2024-04-27T02:51:26.045+0000] {dag.py:2573} INFO - Sync 1 DAGs
[2024-04-27T02:51:26.088+0000] {logging_mixin.py:117} INFO - [2024-04-27T02:51:26.088+0000] {dag.py:3328} INFO - Setting next_dagrun for example_branch_dop_operator_v3 to 2024-04-27T02:50:00+00:00, run_after=2024-04-27T02:51:00+00:00
[2024-04-27T02:51:26.126+0000] {processor.py:178} INFO - Processing /home/airflow/.local/lib/python3.7/site-packages/airflow/example_dags/example_branch_python_dop_operator_3.py took 0.203 seconds
[2024-04-27T02:51:56.810+0000] {processor.py:156} INFO - Started process (PID=11712) to work on /home/airflow/.local/lib/python3.7/site-packages/airflow/example_dags/example_branch_python_dop_operator_3.py
[2024-04-27T02:51:56.811+0000] {processor.py:758} INFO - Processing file /home/airflow/.local/lib/python3.7/site-packages/airflow/example_dags/example_branch_python_dop_operator_3.py for tasks to queue
[2024-04-27T02:51:56.811+0000] {logging_mixin.py:117} INFO - [2024-04-27T02:51:56.811+0000] {dagbag.py:525} INFO - Filling up the DagBag from /home/airflow/.local/lib/python3.7/site-packages/airflow/example_dags/example_branch_python_dop_operator_3.py
[2024-04-27T02:51:56.840+0000] {processor.py:768} INFO - DAG(s) dict_keys(['example_branch_dop_operator_v3']) retrieved from /home/airflow/.local/lib/python3.7/site-packages/airflow/example_dags/example_branch_python_dop_operator_3.py
[2024-04-27T02:51:56.886+0000] {logging_mixin.py:117} INFO - [2024-04-27T02:51:56.886+0000] {dag.py:2573} INFO - Sync 1 DAGs
[2024-04-27T02:51:56.927+0000] {logging_mixin.py:117} INFO - [2024-04-27T02:51:56.927+0000] {dag.py:3328} INFO - Setting next_dagrun for example_branch_dop_operator_v3 to 2024-04-27T02:50:00+00:00, run_after=2024-04-27T02:51:00+00:00
[2024-04-27T02:51:56.955+0000] {processor.py:178} INFO - Processing /home/airflow/.local/lib/python3.7/site-packages/airflow/example_dags/example_branch_python_dop_operator_3.py took 0.149 seconds
[2024-04-27T02:52:27.847+0000] {processor.py:156} INFO - Started process (PID=11934) to work on /home/airflow/.local/lib/python3.7/site-packages/airflow/example_dags/example_branch_python_dop_operator_3.py
[2024-04-27T02:52:27.848+0000] {processor.py:758} INFO - Processing file /home/airflow/.local/lib/python3.7/site-packages/airflow/example_dags/example_branch_python_dop_operator_3.py for tasks to queue
[2024-04-27T02:52:27.850+0000] {logging_mixin.py:117} INFO - [2024-04-27T02:52:27.850+0000] {dagbag.py:525} INFO - Filling up the DagBag from /home/airflow/.local/lib/python3.7/site-packages/airflow/example_dags/example_branch_python_dop_operator_3.py
[2024-04-27T02:52:27.880+0000] {processor.py:768} INFO - DAG(s) dict_keys(['example_branch_dop_operator_v3']) retrieved from /home/airflow/.local/lib/python3.7/site-packages/airflow/example_dags/example_branch_python_dop_operator_3.py
[2024-04-27T02:52:27.977+0000] {logging_mixin.py:117} INFO - [2024-04-27T02:52:27.977+0000] {dag.py:2573} INFO - Sync 1 DAGs
[2024-04-27T02:52:28.015+0000] {logging_mixin.py:117} INFO - [2024-04-27T02:52:28.015+0000] {dag.py:3328} INFO - Setting next_dagrun for example_branch_dop_operator_v3 to 2024-04-27T02:51:00+00:00, run_after=2024-04-27T02:52:00+00:00
[2024-04-27T02:52:28.067+0000] {processor.py:178} INFO - Processing /home/airflow/.local/lib/python3.7/site-packages/airflow/example_dags/example_branch_python_dop_operator_3.py took 0.224 seconds
[2024-04-27T02:52:58.558+0000] {processor.py:156} INFO - Started process (PID=12151) to work on /home/airflow/.local/lib/python3.7/site-packages/airflow/example_dags/example_branch_python_dop_operator_3.py
[2024-04-27T02:52:58.559+0000] {processor.py:758} INFO - Processing file /home/airflow/.local/lib/python3.7/site-packages/airflow/example_dags/example_branch_python_dop_operator_3.py for tasks to queue
[2024-04-27T02:52:58.560+0000] {logging_mixin.py:117} INFO - [2024-04-27T02:52:58.559+0000] {dagbag.py:525} INFO - Filling up the DagBag from /home/airflow/.local/lib/python3.7/site-packages/airflow/example_dags/example_branch_python_dop_operator_3.py
[2024-04-27T02:52:58.590+0000] {processor.py:768} INFO - DAG(s) dict_keys(['example_branch_dop_operator_v3']) retrieved from /home/airflow/.local/lib/python3.7/site-packages/airflow/example_dags/example_branch_python_dop_operator_3.py
[2024-04-27T02:52:58.638+0000] {logging_mixin.py:117} INFO - [2024-04-27T02:52:58.637+0000] {dag.py:2573} INFO - Sync 1 DAGs
[2024-04-27T02:52:58.671+0000] {logging_mixin.py:117} INFO - [2024-04-27T02:52:58.671+0000] {dag.py:3328} INFO - Setting next_dagrun for example_branch_dop_operator_v3 to 2024-04-27T02:51:00+00:00, run_after=2024-04-27T02:52:00+00:00
[2024-04-27T02:52:58.702+0000] {processor.py:178} INFO - Processing /home/airflow/.local/lib/python3.7/site-packages/airflow/example_dags/example_branch_python_dop_operator_3.py took 0.148 seconds
[2024-04-27T02:53:29.892+0000] {processor.py:156} INFO - Started process (PID=12368) to work on /home/airflow/.local/lib/python3.7/site-packages/airflow/example_dags/example_branch_python_dop_operator_3.py
[2024-04-27T02:53:29.893+0000] {processor.py:758} INFO - Processing file /home/airflow/.local/lib/python3.7/site-packages/airflow/example_dags/example_branch_python_dop_operator_3.py for tasks to queue
[2024-04-27T02:53:29.894+0000] {logging_mixin.py:117} INFO - [2024-04-27T02:53:29.894+0000] {dagbag.py:525} INFO - Filling up the DagBag from /home/airflow/.local/lib/python3.7/site-packages/airflow/example_dags/example_branch_python_dop_operator_3.py
[2024-04-27T02:53:29.928+0000] {processor.py:768} INFO - DAG(s) dict_keys(['example_branch_dop_operator_v3']) retrieved from /home/airflow/.local/lib/python3.7/site-packages/airflow/example_dags/example_branch_python_dop_operator_3.py
[2024-04-27T02:53:30.001+0000] {logging_mixin.py:117} INFO - [2024-04-27T02:53:30.000+0000] {dag.py:2573} INFO - Sync 1 DAGs
[2024-04-27T02:53:30.069+0000] {logging_mixin.py:117} INFO - [2024-04-27T02:53:30.069+0000] {dag.py:3328} INFO - Setting next_dagrun for example_branch_dop_operator_v3 to 2024-04-27T02:52:00+00:00, run_after=2024-04-27T02:53:00+00:00
[2024-04-27T02:53:30.116+0000] {processor.py:178} INFO - Processing /home/airflow/.local/lib/python3.7/site-packages/airflow/example_dags/example_branch_python_dop_operator_3.py took 0.227 seconds
[2024-04-27T02:54:00.675+0000] {processor.py:156} INFO - Started process (PID=12579) to work on /home/airflow/.local/lib/python3.7/site-packages/airflow/example_dags/example_branch_python_dop_operator_3.py
[2024-04-27T02:54:00.676+0000] {processor.py:758} INFO - Processing file /home/airflow/.local/lib/python3.7/site-packages/airflow/example_dags/example_branch_python_dop_operator_3.py for tasks to queue
[2024-04-27T02:54:00.677+0000] {logging_mixin.py:117} INFO - [2024-04-27T02:54:00.677+0000] {dagbag.py:525} INFO - Filling up the DagBag from /home/airflow/.local/lib/python3.7/site-packages/airflow/example_dags/example_branch_python_dop_operator_3.py
[2024-04-27T02:54:00.707+0000] {processor.py:768} INFO - DAG(s) dict_keys(['example_branch_dop_operator_v3']) retrieved from /home/airflow/.local/lib/python3.7/site-packages/airflow/example_dags/example_branch_python_dop_operator_3.py
[2024-04-27T02:54:00.755+0000] {logging_mixin.py:117} INFO - [2024-04-27T02:54:00.754+0000] {dag.py:2573} INFO - Sync 1 DAGs
[2024-04-27T02:54:00.793+0000] {logging_mixin.py:117} INFO - [2024-04-27T02:54:00.793+0000] {dag.py:3328} INFO - Setting next_dagrun for example_branch_dop_operator_v3 to 2024-04-27T02:53:00+00:00, run_after=2024-04-27T02:54:00+00:00
[2024-04-27T02:54:00.818+0000] {processor.py:178} INFO - Processing /home/airflow/.local/lib/python3.7/site-packages/airflow/example_dags/example_branch_python_dop_operator_3.py took 0.145 seconds
[2024-04-27T02:54:31.629+0000] {processor.py:156} INFO - Started process (PID=12793) to work on /home/airflow/.local/lib/python3.7/site-packages/airflow/example_dags/example_branch_python_dop_operator_3.py
[2024-04-27T02:54:31.630+0000] {processor.py:758} INFO - Processing file /home/airflow/.local/lib/python3.7/site-packages/airflow/example_dags/example_branch_python_dop_operator_3.py for tasks to queue
[2024-04-27T02:54:31.630+0000] {logging_mixin.py:117} INFO - [2024-04-27T02:54:31.630+0000] {dagbag.py:525} INFO - Filling up the DagBag from /home/airflow/.local/lib/python3.7/site-packages/airflow/example_dags/example_branch_python_dop_operator_3.py
[2024-04-27T02:54:31.660+0000] {processor.py:768} INFO - DAG(s) dict_keys(['example_branch_dop_operator_v3']) retrieved from /home/airflow/.local/lib/python3.7/site-packages/airflow/example_dags/example_branch_python_dop_operator_3.py
[2024-04-27T02:54:31.710+0000] {logging_mixin.py:117} INFO - [2024-04-27T02:54:31.710+0000] {dag.py:2573} INFO - Sync 1 DAGs
[2024-04-27T02:54:31.745+0000] {logging_mixin.py:117} INFO - [2024-04-27T02:54:31.745+0000] {dag.py:3328} INFO - Setting next_dagrun for example_branch_dop_operator_v3 to 2024-04-27T02:53:00+00:00, run_after=2024-04-27T02:54:00+00:00
[2024-04-27T02:54:31.771+0000] {processor.py:178} INFO - Processing /home/airflow/.local/lib/python3.7/site-packages/airflow/example_dags/example_branch_python_dop_operator_3.py took 0.146 seconds
[2024-04-27T02:55:02.646+0000] {processor.py:156} INFO - Started process (PID=13001) to work on /home/airflow/.local/lib/python3.7/site-packages/airflow/example_dags/example_branch_python_dop_operator_3.py
[2024-04-27T02:55:02.647+0000] {processor.py:758} INFO - Processing file /home/airflow/.local/lib/python3.7/site-packages/airflow/example_dags/example_branch_python_dop_operator_3.py for tasks to queue
[2024-04-27T02:55:02.648+0000] {logging_mixin.py:117} INFO - [2024-04-27T02:55:02.648+0000] {dagbag.py:525} INFO - Filling up the DagBag from /home/airflow/.local/lib/python3.7/site-packages/airflow/example_dags/example_branch_python_dop_operator_3.py
[2024-04-27T02:55:02.703+0000] {processor.py:768} INFO - DAG(s) dict_keys(['example_branch_dop_operator_v3']) retrieved from /home/airflow/.local/lib/python3.7/site-packages/airflow/example_dags/example_branch_python_dop_operator_3.py
[2024-04-27T02:55:02.831+0000] {logging_mixin.py:117} INFO - [2024-04-27T02:55:02.830+0000] {dag.py:2573} INFO - Sync 1 DAGs
[2024-04-27T02:55:02.929+0000] {logging_mixin.py:117} INFO - [2024-04-27T02:55:02.928+0000] {dag.py:3328} INFO - Setting next_dagrun for example_branch_dop_operator_v3 to 2024-04-27T02:54:00+00:00, run_after=2024-04-27T02:55:00+00:00
[2024-04-27T02:55:03.023+0000] {processor.py:178} INFO - Processing /home/airflow/.local/lib/python3.7/site-packages/airflow/example_dags/example_branch_python_dop_operator_3.py took 0.380 seconds
[2024-04-27T02:55:33.132+0000] {processor.py:156} INFO - Started process (PID=13220) to work on /home/airflow/.local/lib/python3.7/site-packages/airflow/example_dags/example_branch_python_dop_operator_3.py
[2024-04-27T02:55:33.133+0000] {processor.py:758} INFO - Processing file /home/airflow/.local/lib/python3.7/site-packages/airflow/example_dags/example_branch_python_dop_operator_3.py for tasks to queue
[2024-04-27T02:55:33.134+0000] {logging_mixin.py:117} INFO - [2024-04-27T02:55:33.133+0000] {dagbag.py:525} INFO - Filling up the DagBag from /home/airflow/.local/lib/python3.7/site-packages/airflow/example_dags/example_branch_python_dop_operator_3.py
[2024-04-27T02:55:33.163+0000] {processor.py:768} INFO - DAG(s) dict_keys(['example_branch_dop_operator_v3']) retrieved from /home/airflow/.local/lib/python3.7/site-packages/airflow/example_dags/example_branch_python_dop_operator_3.py
[2024-04-27T02:55:33.213+0000] {logging_mixin.py:117} INFO - [2024-04-27T02:55:33.213+0000] {dag.py:2573} INFO - Sync 1 DAGs
[2024-04-27T02:55:33.297+0000] {logging_mixin.py:117} INFO - [2024-04-27T02:55:33.296+0000] {dag.py:3328} INFO - Setting next_dagrun for example_branch_dop_operator_v3 to 2024-04-27T02:54:00+00:00, run_after=2024-04-27T02:55:00+00:00
[2024-04-27T02:55:33.351+0000] {processor.py:178} INFO - Processing /home/airflow/.local/lib/python3.7/site-packages/airflow/example_dags/example_branch_python_dop_operator_3.py took 0.222 seconds
[2024-04-27T02:56:03.784+0000] {processor.py:156} INFO - Started process (PID=13440) to work on /home/airflow/.local/lib/python3.7/site-packages/airflow/example_dags/example_branch_python_dop_operator_3.py
[2024-04-27T02:56:03.784+0000] {processor.py:758} INFO - Processing file /home/airflow/.local/lib/python3.7/site-packages/airflow/example_dags/example_branch_python_dop_operator_3.py for tasks to queue
[2024-04-27T02:56:03.785+0000] {logging_mixin.py:117} INFO - [2024-04-27T02:56:03.785+0000] {dagbag.py:525} INFO - Filling up the DagBag from /home/airflow/.local/lib/python3.7/site-packages/airflow/example_dags/example_branch_python_dop_operator_3.py
[2024-04-27T02:56:03.805+0000] {processor.py:768} INFO - DAG(s) dict_keys(['example_branch_dop_operator_v3']) retrieved from /home/airflow/.local/lib/python3.7/site-packages/airflow/example_dags/example_branch_python_dop_operator_3.py
[2024-04-27T02:56:03.836+0000] {logging_mixin.py:117} INFO - [2024-04-27T02:56:03.836+0000] {dag.py:2573} INFO - Sync 1 DAGs
[2024-04-27T02:56:03.869+0000] {logging_mixin.py:117} INFO - [2024-04-27T02:56:03.869+0000] {dag.py:3328} INFO - Setting next_dagrun for example_branch_dop_operator_v3 to 2024-04-27T02:55:00+00:00, run_after=2024-04-27T02:56:00+00:00
[2024-04-27T02:56:03.896+0000] {processor.py:178} INFO - Processing /home/airflow/.local/lib/python3.7/site-packages/airflow/example_dags/example_branch_python_dop_operator_3.py took 0.114 seconds
[2024-04-27T02:56:34.174+0000] {processor.py:156} INFO - Started process (PID=13646) to work on /home/airflow/.local/lib/python3.7/site-packages/airflow/example_dags/example_branch_python_dop_operator_3.py
[2024-04-27T02:56:34.175+0000] {processor.py:758} INFO - Processing file /home/airflow/.local/lib/python3.7/site-packages/airflow/example_dags/example_branch_python_dop_operator_3.py for tasks to queue
[2024-04-27T02:56:34.176+0000] {logging_mixin.py:117} INFO - [2024-04-27T02:56:34.176+0000] {dagbag.py:525} INFO - Filling up the DagBag from /home/airflow/.local/lib/python3.7/site-packages/airflow/example_dags/example_branch_python_dop_operator_3.py
[2024-04-27T02:56:34.223+0000] {processor.py:768} INFO - DAG(s) dict_keys(['example_branch_dop_operator_v3']) retrieved from /home/airflow/.local/lib/python3.7/site-packages/airflow/example_dags/example_branch_python_dop_operator_3.py
[2024-04-27T02:56:34.341+0000] {logging_mixin.py:117} INFO - [2024-04-27T02:56:34.341+0000] {dag.py:2573} INFO - Sync 1 DAGs
[2024-04-27T02:56:34.395+0000] {logging_mixin.py:117} INFO - [2024-04-27T02:56:34.395+0000] {dag.py:3328} INFO - Setting next_dagrun for example_branch_dop_operator_v3 to 2024-04-27T02:55:00+00:00, run_after=2024-04-27T02:56:00+00:00
[2024-04-27T02:56:34.439+0000] {processor.py:178} INFO - Processing /home/airflow/.local/lib/python3.7/site-packages/airflow/example_dags/example_branch_python_dop_operator_3.py took 0.288 seconds
[2024-04-27T02:57:04.635+0000] {processor.py:156} INFO - Started process (PID=13864) to work on /home/airflow/.local/lib/python3.7/site-packages/airflow/example_dags/example_branch_python_dop_operator_3.py
[2024-04-27T02:57:04.639+0000] {processor.py:758} INFO - Processing file /home/airflow/.local/lib/python3.7/site-packages/airflow/example_dags/example_branch_python_dop_operator_3.py for tasks to queue
[2024-04-27T02:57:04.640+0000] {logging_mixin.py:117} INFO - [2024-04-27T02:57:04.640+0000] {dagbag.py:525} INFO - Filling up the DagBag from /home/airflow/.local/lib/python3.7/site-packages/airflow/example_dags/example_branch_python_dop_operator_3.py
[2024-04-27T02:57:04.688+0000] {processor.py:768} INFO - DAG(s) dict_keys(['example_branch_dop_operator_v3']) retrieved from /home/airflow/.local/lib/python3.7/site-packages/airflow/example_dags/example_branch_python_dop_operator_3.py
[2024-04-27T02:57:04.734+0000] {logging_mixin.py:117} INFO - [2024-04-27T02:57:04.734+0000] {dag.py:2573} INFO - Sync 1 DAGs
[2024-04-27T02:57:04.780+0000] {logging_mixin.py:117} INFO - [2024-04-27T02:57:04.780+0000] {dag.py:3328} INFO - Setting next_dagrun for example_branch_dop_operator_v3 to 2024-04-27T02:56:00+00:00, run_after=2024-04-27T02:57:00+00:00
[2024-04-27T02:57:04.810+0000] {processor.py:178} INFO - Processing /home/airflow/.local/lib/python3.7/site-packages/airflow/example_dags/example_branch_python_dop_operator_3.py took 0.178 seconds
[2024-04-27T02:57:35.753+0000] {processor.py:156} INFO - Started process (PID=14084) to work on /home/airflow/.local/lib/python3.7/site-packages/airflow/example_dags/example_branch_python_dop_operator_3.py
[2024-04-27T02:57:35.754+0000] {processor.py:758} INFO - Processing file /home/airflow/.local/lib/python3.7/site-packages/airflow/example_dags/example_branch_python_dop_operator_3.py for tasks to queue
[2024-04-27T02:57:35.755+0000] {logging_mixin.py:117} INFO - [2024-04-27T02:57:35.755+0000] {dagbag.py:525} INFO - Filling up the DagBag from /home/airflow/.local/lib/python3.7/site-packages/airflow/example_dags/example_branch_python_dop_operator_3.py
[2024-04-27T02:57:35.782+0000] {processor.py:768} INFO - DAG(s) dict_keys(['example_branch_dop_operator_v3']) retrieved from /home/airflow/.local/lib/python3.7/site-packages/airflow/example_dags/example_branch_python_dop_operator_3.py
[2024-04-27T02:57:35.826+0000] {logging_mixin.py:117} INFO - [2024-04-27T02:57:35.826+0000] {dag.py:2573} INFO - Sync 1 DAGs
[2024-04-27T02:57:35.866+0000] {logging_mixin.py:117} INFO - [2024-04-27T02:57:35.866+0000] {dag.py:3328} INFO - Setting next_dagrun for example_branch_dop_operator_v3 to 2024-04-27T02:56:00+00:00, run_after=2024-04-27T02:57:00+00:00
[2024-04-27T02:57:35.897+0000] {processor.py:178} INFO - Processing /home/airflow/.local/lib/python3.7/site-packages/airflow/example_dags/example_branch_python_dop_operator_3.py took 0.147 seconds
[2024-04-27T03:11:40.091+0000] {processor.py:156} INFO - Started process (PID=307) to work on /home/airflow/.local/lib/python3.7/site-packages/airflow/example_dags/example_branch_python_dop_operator_3.py
[2024-04-27T03:11:40.095+0000] {processor.py:758} INFO - Processing file /home/airflow/.local/lib/python3.7/site-packages/airflow/example_dags/example_branch_python_dop_operator_3.py for tasks to queue
[2024-04-27T03:11:40.095+0000] {logging_mixin.py:117} INFO - [2024-04-27T03:11:40.095+0000] {dagbag.py:525} INFO - Filling up the DagBag from /home/airflow/.local/lib/python3.7/site-packages/airflow/example_dags/example_branch_python_dop_operator_3.py
[2024-04-27T03:11:40.151+0000] {processor.py:768} INFO - DAG(s) dict_keys(['example_branch_dop_operator_v3']) retrieved from /home/airflow/.local/lib/python3.7/site-packages/airflow/example_dags/example_branch_python_dop_operator_3.py
[2024-04-27T03:11:40.218+0000] {logging_mixin.py:117} INFO - [2024-04-27T03:11:40.217+0000] {dag.py:2573} INFO - Sync 1 DAGs
[2024-04-27T03:11:40.302+0000] {logging_mixin.py:117} INFO - [2024-04-27T03:11:40.302+0000] {dag.py:3328} INFO - Setting next_dagrun for example_branch_dop_operator_v3 to 2024-04-27T03:10:00+00:00, run_after=2024-04-27T03:11:00+00:00
[2024-04-27T03:11:40.335+0000] {processor.py:178} INFO - Processing /home/airflow/.local/lib/python3.7/site-packages/airflow/example_dags/example_branch_python_dop_operator_3.py took 0.247 seconds
