[2024-04-27T02:24:31.075+0000] {processor.py:156} INFO - Started process (PID=201) to work on /home/airflow/.local/lib/python3.7/site-packages/airflow/example_dags/example_dag_decorator.py
[2024-04-27T02:24:31.080+0000] {processor.py:758} INFO - Processing file /home/airflow/.local/lib/python3.7/site-packages/airflow/example_dags/example_dag_decorator.py for tasks to queue
[2024-04-27T02:24:31.083+0000] {logging_mixin.py:117} INFO - [2024-04-27T02:24:31.083+0000] {dagbag.py:525} INFO - Filling up the DagBag from /home/airflow/.local/lib/python3.7/site-packages/airflow/example_dags/example_dag_decorator.py
[2024-04-27T02:24:31.175+0000] {processor.py:768} INFO - DAG(s) dict_keys(['example_dag_decorator']) retrieved from /home/airflow/.local/lib/python3.7/site-packages/airflow/example_dags/example_dag_decorator.py
[2024-04-27T02:24:31.337+0000] {logging_mixin.py:117} INFO - [2024-04-27T02:24:31.337+0000] {dag.py:2573} INFO - Sync 1 DAGs
[2024-04-27T02:24:31.374+0000] {logging_mixin.py:117} INFO - [2024-04-27T02:24:31.374+0000] {dag.py:3328} INFO - Setting next_dagrun for example_dag_decorator to None, run_after=None
[2024-04-27T02:24:31.406+0000] {processor.py:178} INFO - Processing /home/airflow/.local/lib/python3.7/site-packages/airflow/example_dags/example_dag_decorator.py took 0.334 seconds
[2024-04-27T02:25:01.531+0000] {processor.py:156} INFO - Started process (PID=409) to work on /home/airflow/.local/lib/python3.7/site-packages/airflow/example_dags/example_dag_decorator.py
[2024-04-27T02:25:01.532+0000] {processor.py:758} INFO - Processing file /home/airflow/.local/lib/python3.7/site-packages/airflow/example_dags/example_dag_decorator.py for tasks to queue
[2024-04-27T02:25:01.532+0000] {logging_mixin.py:117} INFO - [2024-04-27T02:25:01.532+0000] {dagbag.py:525} INFO - Filling up the DagBag from /home/airflow/.local/lib/python3.7/site-packages/airflow/example_dags/example_dag_decorator.py
[2024-04-27T02:25:01.600+0000] {processor.py:768} INFO - DAG(s) dict_keys(['example_dag_decorator']) retrieved from /home/airflow/.local/lib/python3.7/site-packages/airflow/example_dags/example_dag_decorator.py
[2024-04-27T02:25:01.697+0000] {logging_mixin.py:117} INFO - [2024-04-27T02:25:01.697+0000] {dag.py:2573} INFO - Sync 1 DAGs
[2024-04-27T02:25:01.715+0000] {logging_mixin.py:117} INFO - [2024-04-27T02:25:01.715+0000] {dag.py:3328} INFO - Setting next_dagrun for example_dag_decorator to None, run_after=None
[2024-04-27T02:25:01.739+0000] {processor.py:178} INFO - Processing /home/airflow/.local/lib/python3.7/site-packages/airflow/example_dags/example_dag_decorator.py took 0.211 seconds
[2024-04-27T02:25:32.474+0000] {processor.py:156} INFO - Started process (PID=631) to work on /home/airflow/.local/lib/python3.7/site-packages/airflow/example_dags/example_dag_decorator.py
[2024-04-27T02:25:32.475+0000] {processor.py:758} INFO - Processing file /home/airflow/.local/lib/python3.7/site-packages/airflow/example_dags/example_dag_decorator.py for tasks to queue
[2024-04-27T02:25:32.476+0000] {logging_mixin.py:117} INFO - [2024-04-27T02:25:32.476+0000] {dagbag.py:525} INFO - Filling up the DagBag from /home/airflow/.local/lib/python3.7/site-packages/airflow/example_dags/example_dag_decorator.py
[2024-04-27T02:25:32.513+0000] {processor.py:768} INFO - DAG(s) dict_keys(['example_dag_decorator']) retrieved from /home/airflow/.local/lib/python3.7/site-packages/airflow/example_dags/example_dag_decorator.py
[2024-04-27T02:25:32.608+0000] {logging_mixin.py:117} INFO - [2024-04-27T02:25:32.608+0000] {dag.py:2573} INFO - Sync 1 DAGs
[2024-04-27T02:25:32.628+0000] {logging_mixin.py:117} INFO - [2024-04-27T02:25:32.627+0000] {dag.py:3328} INFO - Setting next_dagrun for example_dag_decorator to None, run_after=None
[2024-04-27T02:25:32.758+0000] {processor.py:178} INFO - Processing /home/airflow/.local/lib/python3.7/site-packages/airflow/example_dags/example_dag_decorator.py took 0.289 seconds
[2024-04-27T02:26:03.397+0000] {processor.py:156} INFO - Started process (PID=849) to work on /home/airflow/.local/lib/python3.7/site-packages/airflow/example_dags/example_dag_decorator.py
[2024-04-27T02:26:03.398+0000] {processor.py:758} INFO - Processing file /home/airflow/.local/lib/python3.7/site-packages/airflow/example_dags/example_dag_decorator.py for tasks to queue
[2024-04-27T02:26:03.399+0000] {logging_mixin.py:117} INFO - [2024-04-27T02:26:03.399+0000] {dagbag.py:525} INFO - Filling up the DagBag from /home/airflow/.local/lib/python3.7/site-packages/airflow/example_dags/example_dag_decorator.py
[2024-04-27T02:26:03.435+0000] {processor.py:768} INFO - DAG(s) dict_keys(['example_dag_decorator']) retrieved from /home/airflow/.local/lib/python3.7/site-packages/airflow/example_dags/example_dag_decorator.py
[2024-04-27T02:26:03.509+0000] {logging_mixin.py:117} INFO - [2024-04-27T02:26:03.509+0000] {dag.py:2573} INFO - Sync 1 DAGs
[2024-04-27T02:26:03.640+0000] {logging_mixin.py:117} INFO - [2024-04-27T02:26:03.640+0000] {dag.py:3328} INFO - Setting next_dagrun for example_dag_decorator to None, run_after=None
[2024-04-27T02:26:03.661+0000] {processor.py:178} INFO - Processing /home/airflow/.local/lib/python3.7/site-packages/airflow/example_dags/example_dag_decorator.py took 0.268 seconds
[2024-04-27T02:26:34.643+0000] {processor.py:156} INFO - Started process (PID=1060) to work on /home/airflow/.local/lib/python3.7/site-packages/airflow/example_dags/example_dag_decorator.py
[2024-04-27T02:26:34.643+0000] {processor.py:758} INFO - Processing file /home/airflow/.local/lib/python3.7/site-packages/airflow/example_dags/example_dag_decorator.py for tasks to queue
[2024-04-27T02:26:34.644+0000] {logging_mixin.py:117} INFO - [2024-04-27T02:26:34.644+0000] {dagbag.py:525} INFO - Filling up the DagBag from /home/airflow/.local/lib/python3.7/site-packages/airflow/example_dags/example_dag_decorator.py
[2024-04-27T02:26:34.669+0000] {processor.py:768} INFO - DAG(s) dict_keys(['example_dag_decorator']) retrieved from /home/airflow/.local/lib/python3.7/site-packages/airflow/example_dags/example_dag_decorator.py
[2024-04-27T02:26:34.846+0000] {logging_mixin.py:117} INFO - [2024-04-27T02:26:34.846+0000] {dag.py:2573} INFO - Sync 1 DAGs
[2024-04-27T02:26:34.863+0000] {logging_mixin.py:117} INFO - [2024-04-27T02:26:34.863+0000] {dag.py:3328} INFO - Setting next_dagrun for example_dag_decorator to None, run_after=None
[2024-04-27T02:26:34.883+0000] {processor.py:178} INFO - Processing /home/airflow/.local/lib/python3.7/site-packages/airflow/example_dags/example_dag_decorator.py took 0.243 seconds
[2024-04-27T02:27:05.440+0000] {processor.py:156} INFO - Started process (PID=1279) to work on /home/airflow/.local/lib/python3.7/site-packages/airflow/example_dags/example_dag_decorator.py
[2024-04-27T02:27:05.441+0000] {processor.py:758} INFO - Processing file /home/airflow/.local/lib/python3.7/site-packages/airflow/example_dags/example_dag_decorator.py for tasks to queue
[2024-04-27T02:27:05.442+0000] {logging_mixin.py:117} INFO - [2024-04-27T02:27:05.442+0000] {dagbag.py:525} INFO - Filling up the DagBag from /home/airflow/.local/lib/python3.7/site-packages/airflow/example_dags/example_dag_decorator.py
[2024-04-27T02:27:05.465+0000] {processor.py:768} INFO - DAG(s) dict_keys(['example_dag_decorator']) retrieved from /home/airflow/.local/lib/python3.7/site-packages/airflow/example_dags/example_dag_decorator.py
[2024-04-27T02:27:05.648+0000] {logging_mixin.py:117} INFO - [2024-04-27T02:27:05.647+0000] {dag.py:2573} INFO - Sync 1 DAGs
[2024-04-27T02:27:05.665+0000] {logging_mixin.py:117} INFO - [2024-04-27T02:27:05.665+0000] {dag.py:3328} INFO - Setting next_dagrun for example_dag_decorator to None, run_after=None
[2024-04-27T02:27:05.685+0000] {processor.py:178} INFO - Processing /home/airflow/.local/lib/python3.7/site-packages/airflow/example_dags/example_dag_decorator.py took 0.247 seconds
[2024-04-27T02:27:36.463+0000] {processor.py:156} INFO - Started process (PID=1494) to work on /home/airflow/.local/lib/python3.7/site-packages/airflow/example_dags/example_dag_decorator.py
[2024-04-27T02:27:36.468+0000] {processor.py:758} INFO - Processing file /home/airflow/.local/lib/python3.7/site-packages/airflow/example_dags/example_dag_decorator.py for tasks to queue
[2024-04-27T02:27:36.473+0000] {logging_mixin.py:117} INFO - [2024-04-27T02:27:36.473+0000] {dagbag.py:525} INFO - Filling up the DagBag from /home/airflow/.local/lib/python3.7/site-packages/airflow/example_dags/example_dag_decorator.py
[2024-04-27T02:27:36.507+0000] {processor.py:768} INFO - DAG(s) dict_keys(['example_dag_decorator']) retrieved from /home/airflow/.local/lib/python3.7/site-packages/airflow/example_dags/example_dag_decorator.py
[2024-04-27T02:27:36.732+0000] {logging_mixin.py:117} INFO - [2024-04-27T02:27:36.732+0000] {dag.py:2573} INFO - Sync 1 DAGs
[2024-04-27T02:27:36.759+0000] {logging_mixin.py:117} INFO - [2024-04-27T02:27:36.759+0000] {dag.py:3328} INFO - Setting next_dagrun for example_dag_decorator to None, run_after=None
[2024-04-27T02:27:36.783+0000] {processor.py:178} INFO - Processing /home/airflow/.local/lib/python3.7/site-packages/airflow/example_dags/example_dag_decorator.py took 0.323 seconds
[2024-04-27T02:28:07.127+0000] {processor.py:156} INFO - Started process (PID=1707) to work on /home/airflow/.local/lib/python3.7/site-packages/airflow/example_dags/example_dag_decorator.py
[2024-04-27T02:28:07.128+0000] {processor.py:758} INFO - Processing file /home/airflow/.local/lib/python3.7/site-packages/airflow/example_dags/example_dag_decorator.py for tasks to queue
[2024-04-27T02:28:07.132+0000] {logging_mixin.py:117} INFO - [2024-04-27T02:28:07.132+0000] {dagbag.py:525} INFO - Filling up the DagBag from /home/airflow/.local/lib/python3.7/site-packages/airflow/example_dags/example_dag_decorator.py
[2024-04-27T02:28:07.238+0000] {processor.py:768} INFO - DAG(s) dict_keys(['example_dag_decorator']) retrieved from /home/airflow/.local/lib/python3.7/site-packages/airflow/example_dags/example_dag_decorator.py
[2024-04-27T02:28:07.896+0000] {logging_mixin.py:117} INFO - [2024-04-27T02:28:07.895+0000] {dag.py:2573} INFO - Sync 1 DAGs
[2024-04-27T02:28:07.924+0000] {logging_mixin.py:117} INFO - [2024-04-27T02:28:07.924+0000] {dag.py:3328} INFO - Setting next_dagrun for example_dag_decorator to None, run_after=None
[2024-04-27T02:28:07.950+0000] {processor.py:178} INFO - Processing /home/airflow/.local/lib/python3.7/site-packages/airflow/example_dags/example_dag_decorator.py took 0.828 seconds
[2024-04-27T02:28:38.013+0000] {processor.py:156} INFO - Started process (PID=1919) to work on /home/airflow/.local/lib/python3.7/site-packages/airflow/example_dags/example_dag_decorator.py
[2024-04-27T02:28:38.014+0000] {processor.py:758} INFO - Processing file /home/airflow/.local/lib/python3.7/site-packages/airflow/example_dags/example_dag_decorator.py for tasks to queue
[2024-04-27T02:28:38.015+0000] {logging_mixin.py:117} INFO - [2024-04-27T02:28:38.015+0000] {dagbag.py:525} INFO - Filling up the DagBag from /home/airflow/.local/lib/python3.7/site-packages/airflow/example_dags/example_dag_decorator.py
[2024-04-27T02:28:38.191+0000] {processor.py:768} INFO - DAG(s) dict_keys(['example_dag_decorator']) retrieved from /home/airflow/.local/lib/python3.7/site-packages/airflow/example_dags/example_dag_decorator.py
[2024-04-27T02:28:38.302+0000] {logging_mixin.py:117} INFO - [2024-04-27T02:28:38.302+0000] {dag.py:2573} INFO - Sync 1 DAGs
[2024-04-27T02:28:38.331+0000] {logging_mixin.py:117} INFO - [2024-04-27T02:28:38.331+0000] {dag.py:3328} INFO - Setting next_dagrun for example_dag_decorator to None, run_after=None
[2024-04-27T02:28:38.355+0000] {processor.py:178} INFO - Processing /home/airflow/.local/lib/python3.7/site-packages/airflow/example_dags/example_dag_decorator.py took 0.345 seconds
[2024-04-27T02:29:09.025+0000] {processor.py:156} INFO - Started process (PID=2136) to work on /home/airflow/.local/lib/python3.7/site-packages/airflow/example_dags/example_dag_decorator.py
[2024-04-27T02:29:09.026+0000] {processor.py:758} INFO - Processing file /home/airflow/.local/lib/python3.7/site-packages/airflow/example_dags/example_dag_decorator.py for tasks to queue
[2024-04-27T02:29:09.027+0000] {logging_mixin.py:117} INFO - [2024-04-27T02:29:09.027+0000] {dagbag.py:525} INFO - Filling up the DagBag from /home/airflow/.local/lib/python3.7/site-packages/airflow/example_dags/example_dag_decorator.py
[2024-04-27T02:29:09.211+0000] {processor.py:768} INFO - DAG(s) dict_keys(['example_dag_decorator']) retrieved from /home/airflow/.local/lib/python3.7/site-packages/airflow/example_dags/example_dag_decorator.py
[2024-04-27T02:29:09.303+0000] {logging_mixin.py:117} INFO - [2024-04-27T02:29:09.302+0000] {dag.py:2573} INFO - Sync 1 DAGs
[2024-04-27T02:29:09.329+0000] {logging_mixin.py:117} INFO - [2024-04-27T02:29:09.329+0000] {dag.py:3328} INFO - Setting next_dagrun for example_dag_decorator to None, run_after=None
[2024-04-27T02:29:09.349+0000] {processor.py:178} INFO - Processing /home/airflow/.local/lib/python3.7/site-packages/airflow/example_dags/example_dag_decorator.py took 0.327 seconds
[2024-04-27T02:29:39.825+0000] {processor.py:156} INFO - Started process (PID=2350) to work on /home/airflow/.local/lib/python3.7/site-packages/airflow/example_dags/example_dag_decorator.py
[2024-04-27T02:29:39.832+0000] {processor.py:758} INFO - Processing file /home/airflow/.local/lib/python3.7/site-packages/airflow/example_dags/example_dag_decorator.py for tasks to queue
[2024-04-27T02:29:39.833+0000] {logging_mixin.py:117} INFO - [2024-04-27T02:29:39.833+0000] {dagbag.py:525} INFO - Filling up the DagBag from /home/airflow/.local/lib/python3.7/site-packages/airflow/example_dags/example_dag_decorator.py
[2024-04-27T02:29:39.896+0000] {processor.py:768} INFO - DAG(s) dict_keys(['example_dag_decorator']) retrieved from /home/airflow/.local/lib/python3.7/site-packages/airflow/example_dags/example_dag_decorator.py
[2024-04-27T02:29:40.158+0000] {logging_mixin.py:117} INFO - [2024-04-27T02:29:40.157+0000] {dag.py:2573} INFO - Sync 1 DAGs
[2024-04-27T02:29:40.185+0000] {logging_mixin.py:117} INFO - [2024-04-27T02:29:40.184+0000] {dag.py:3328} INFO - Setting next_dagrun for example_dag_decorator to None, run_after=None
[2024-04-27T02:29:40.213+0000] {processor.py:178} INFO - Processing /home/airflow/.local/lib/python3.7/site-packages/airflow/example_dags/example_dag_decorator.py took 0.391 seconds
[2024-04-27T02:30:10.485+0000] {processor.py:156} INFO - Started process (PID=2563) to work on /home/airflow/.local/lib/python3.7/site-packages/airflow/example_dags/example_dag_decorator.py
[2024-04-27T02:30:10.486+0000] {processor.py:758} INFO - Processing file /home/airflow/.local/lib/python3.7/site-packages/airflow/example_dags/example_dag_decorator.py for tasks to queue
[2024-04-27T02:30:10.486+0000] {logging_mixin.py:117} INFO - [2024-04-27T02:30:10.486+0000] {dagbag.py:525} INFO - Filling up the DagBag from /home/airflow/.local/lib/python3.7/site-packages/airflow/example_dags/example_dag_decorator.py
[2024-04-27T02:30:10.511+0000] {processor.py:768} INFO - DAG(s) dict_keys(['example_dag_decorator']) retrieved from /home/airflow/.local/lib/python3.7/site-packages/airflow/example_dags/example_dag_decorator.py
[2024-04-27T02:30:10.706+0000] {logging_mixin.py:117} INFO - [2024-04-27T02:30:10.706+0000] {dag.py:2573} INFO - Sync 1 DAGs
[2024-04-27T02:30:10.740+0000] {logging_mixin.py:117} INFO - [2024-04-27T02:30:10.739+0000] {dag.py:3328} INFO - Setting next_dagrun for example_dag_decorator to None, run_after=None
[2024-04-27T02:30:10.764+0000] {processor.py:178} INFO - Processing /home/airflow/.local/lib/python3.7/site-packages/airflow/example_dags/example_dag_decorator.py took 0.282 seconds
[2024-04-27T02:30:41.399+0000] {processor.py:156} INFO - Started process (PID=2782) to work on /home/airflow/.local/lib/python3.7/site-packages/airflow/example_dags/example_dag_decorator.py
[2024-04-27T02:30:41.400+0000] {processor.py:758} INFO - Processing file /home/airflow/.local/lib/python3.7/site-packages/airflow/example_dags/example_dag_decorator.py for tasks to queue
[2024-04-27T02:30:41.401+0000] {logging_mixin.py:117} INFO - [2024-04-27T02:30:41.400+0000] {dagbag.py:525} INFO - Filling up the DagBag from /home/airflow/.local/lib/python3.7/site-packages/airflow/example_dags/example_dag_decorator.py
[2024-04-27T02:30:41.544+0000] {processor.py:768} INFO - DAG(s) dict_keys(['example_dag_decorator']) retrieved from /home/airflow/.local/lib/python3.7/site-packages/airflow/example_dags/example_dag_decorator.py
[2024-04-27T02:30:41.615+0000] {logging_mixin.py:117} INFO - [2024-04-27T02:30:41.615+0000] {dag.py:2573} INFO - Sync 1 DAGs
[2024-04-27T02:30:41.632+0000] {logging_mixin.py:117} INFO - [2024-04-27T02:30:41.632+0000] {dag.py:3328} INFO - Setting next_dagrun for example_dag_decorator to None, run_after=None
[2024-04-27T02:30:41.654+0000] {processor.py:178} INFO - Processing /home/airflow/.local/lib/python3.7/site-packages/airflow/example_dags/example_dag_decorator.py took 0.257 seconds
[2024-04-27T02:31:12.005+0000] {processor.py:156} INFO - Started process (PID=2988) to work on /home/airflow/.local/lib/python3.7/site-packages/airflow/example_dags/example_dag_decorator.py
[2024-04-27T02:31:12.012+0000] {processor.py:758} INFO - Processing file /home/airflow/.local/lib/python3.7/site-packages/airflow/example_dags/example_dag_decorator.py for tasks to queue
[2024-04-27T02:31:12.013+0000] {logging_mixin.py:117} INFO - [2024-04-27T02:31:12.013+0000] {dagbag.py:525} INFO - Filling up the DagBag from /home/airflow/.local/lib/python3.7/site-packages/airflow/example_dags/example_dag_decorator.py
[2024-04-27T02:31:12.354+0000] {processor.py:768} INFO - DAG(s) dict_keys(['example_dag_decorator']) retrieved from /home/airflow/.local/lib/python3.7/site-packages/airflow/example_dags/example_dag_decorator.py
[2024-04-27T02:31:12.472+0000] {logging_mixin.py:117} INFO - [2024-04-27T02:31:12.471+0000] {dag.py:2573} INFO - Sync 1 DAGs
[2024-04-27T02:31:12.547+0000] {logging_mixin.py:117} INFO - [2024-04-27T02:31:12.546+0000] {dag.py:3328} INFO - Setting next_dagrun for example_dag_decorator to None, run_after=None
[2024-04-27T02:31:12.573+0000] {processor.py:178} INFO - Processing /home/airflow/.local/lib/python3.7/site-packages/airflow/example_dags/example_dag_decorator.py took 0.572 seconds
[2024-04-27T02:31:43.341+0000] {processor.py:156} INFO - Started process (PID=3209) to work on /home/airflow/.local/lib/python3.7/site-packages/airflow/example_dags/example_dag_decorator.py
[2024-04-27T02:31:43.342+0000] {processor.py:758} INFO - Processing file /home/airflow/.local/lib/python3.7/site-packages/airflow/example_dags/example_dag_decorator.py for tasks to queue
[2024-04-27T02:31:43.342+0000] {logging_mixin.py:117} INFO - [2024-04-27T02:31:43.342+0000] {dagbag.py:525} INFO - Filling up the DagBag from /home/airflow/.local/lib/python3.7/site-packages/airflow/example_dags/example_dag_decorator.py
[2024-04-27T02:31:43.365+0000] {processor.py:768} INFO - DAG(s) dict_keys(['example_dag_decorator']) retrieved from /home/airflow/.local/lib/python3.7/site-packages/airflow/example_dags/example_dag_decorator.py
[2024-04-27T02:31:43.539+0000] {logging_mixin.py:117} INFO - [2024-04-27T02:31:43.538+0000] {dag.py:2573} INFO - Sync 1 DAGs
[2024-04-27T02:31:43.556+0000] {logging_mixin.py:117} INFO - [2024-04-27T02:31:43.556+0000] {dag.py:3328} INFO - Setting next_dagrun for example_dag_decorator to None, run_after=None
[2024-04-27T02:31:43.577+0000] {processor.py:178} INFO - Processing /home/airflow/.local/lib/python3.7/site-packages/airflow/example_dags/example_dag_decorator.py took 0.239 seconds
[2024-04-27T02:32:14.064+0000] {processor.py:156} INFO - Started process (PID=3426) to work on /home/airflow/.local/lib/python3.7/site-packages/airflow/example_dags/example_dag_decorator.py
[2024-04-27T02:32:14.065+0000] {processor.py:758} INFO - Processing file /home/airflow/.local/lib/python3.7/site-packages/airflow/example_dags/example_dag_decorator.py for tasks to queue
[2024-04-27T02:32:14.076+0000] {logging_mixin.py:117} INFO - [2024-04-27T02:32:14.076+0000] {dagbag.py:525} INFO - Filling up the DagBag from /home/airflow/.local/lib/python3.7/site-packages/airflow/example_dags/example_dag_decorator.py
[2024-04-27T02:32:14.132+0000] {processor.py:768} INFO - DAG(s) dict_keys(['example_dag_decorator']) retrieved from /home/airflow/.local/lib/python3.7/site-packages/airflow/example_dags/example_dag_decorator.py
[2024-04-27T02:32:14.394+0000] {logging_mixin.py:117} INFO - [2024-04-27T02:32:14.394+0000] {dag.py:2573} INFO - Sync 1 DAGs
[2024-04-27T02:32:14.417+0000] {logging_mixin.py:117} INFO - [2024-04-27T02:32:14.417+0000] {dag.py:3328} INFO - Setting next_dagrun for example_dag_decorator to None, run_after=None
[2024-04-27T02:32:14.438+0000] {processor.py:178} INFO - Processing /home/airflow/.local/lib/python3.7/site-packages/airflow/example_dags/example_dag_decorator.py took 0.377 seconds
[2024-04-27T02:32:45.122+0000] {processor.py:156} INFO - Started process (PID=3635) to work on /home/airflow/.local/lib/python3.7/site-packages/airflow/example_dags/example_dag_decorator.py
[2024-04-27T02:32:45.123+0000] {processor.py:758} INFO - Processing file /home/airflow/.local/lib/python3.7/site-packages/airflow/example_dags/example_dag_decorator.py for tasks to queue
[2024-04-27T02:32:45.123+0000] {logging_mixin.py:117} INFO - [2024-04-27T02:32:45.123+0000] {dagbag.py:525} INFO - Filling up the DagBag from /home/airflow/.local/lib/python3.7/site-packages/airflow/example_dags/example_dag_decorator.py
[2024-04-27T02:32:45.156+0000] {processor.py:768} INFO - DAG(s) dict_keys(['example_dag_decorator']) retrieved from /home/airflow/.local/lib/python3.7/site-packages/airflow/example_dags/example_dag_decorator.py
[2024-04-27T02:32:45.398+0000] {logging_mixin.py:117} INFO - [2024-04-27T02:32:45.398+0000] {dag.py:2573} INFO - Sync 1 DAGs
[2024-04-27T02:32:45.427+0000] {logging_mixin.py:117} INFO - [2024-04-27T02:32:45.426+0000] {dag.py:3328} INFO - Setting next_dagrun for example_dag_decorator to None, run_after=None
[2024-04-27T02:32:45.453+0000] {processor.py:178} INFO - Processing /home/airflow/.local/lib/python3.7/site-packages/airflow/example_dags/example_dag_decorator.py took 0.335 seconds
[2024-04-27T02:33:16.122+0000] {processor.py:156} INFO - Started process (PID=3857) to work on /home/airflow/.local/lib/python3.7/site-packages/airflow/example_dags/example_dag_decorator.py
[2024-04-27T02:33:16.122+0000] {processor.py:758} INFO - Processing file /home/airflow/.local/lib/python3.7/site-packages/airflow/example_dags/example_dag_decorator.py for tasks to queue
[2024-04-27T02:33:16.123+0000] {logging_mixin.py:117} INFO - [2024-04-27T02:33:16.123+0000] {dagbag.py:525} INFO - Filling up the DagBag from /home/airflow/.local/lib/python3.7/site-packages/airflow/example_dags/example_dag_decorator.py
[2024-04-27T02:33:16.274+0000] {processor.py:768} INFO - DAG(s) dict_keys(['example_dag_decorator']) retrieved from /home/airflow/.local/lib/python3.7/site-packages/airflow/example_dags/example_dag_decorator.py
[2024-04-27T02:33:16.347+0000] {logging_mixin.py:117} INFO - [2024-04-27T02:33:16.347+0000] {dag.py:2573} INFO - Sync 1 DAGs
[2024-04-27T02:33:16.365+0000] {logging_mixin.py:117} INFO - [2024-04-27T02:33:16.365+0000] {dag.py:3328} INFO - Setting next_dagrun for example_dag_decorator to None, run_after=None
[2024-04-27T02:33:16.386+0000] {processor.py:178} INFO - Processing /home/airflow/.local/lib/python3.7/site-packages/airflow/example_dags/example_dag_decorator.py took 0.267 seconds
[2024-04-27T02:33:46.675+0000] {processor.py:156} INFO - Started process (PID=4071) to work on /home/airflow/.local/lib/python3.7/site-packages/airflow/example_dags/example_dag_decorator.py
[2024-04-27T02:33:46.684+0000] {processor.py:758} INFO - Processing file /home/airflow/.local/lib/python3.7/site-packages/airflow/example_dags/example_dag_decorator.py for tasks to queue
[2024-04-27T02:33:46.685+0000] {logging_mixin.py:117} INFO - [2024-04-27T02:33:46.685+0000] {dagbag.py:525} INFO - Filling up the DagBag from /home/airflow/.local/lib/python3.7/site-packages/airflow/example_dags/example_dag_decorator.py
[2024-04-27T02:33:46.739+0000] {processor.py:768} INFO - DAG(s) dict_keys(['example_dag_decorator']) retrieved from /home/airflow/.local/lib/python3.7/site-packages/airflow/example_dags/example_dag_decorator.py
[2024-04-27T02:33:47.108+0000] {logging_mixin.py:117} INFO - [2024-04-27T02:33:47.108+0000] {dag.py:2573} INFO - Sync 1 DAGs
[2024-04-27T02:33:47.153+0000] {logging_mixin.py:117} INFO - [2024-04-27T02:33:47.152+0000] {dag.py:3328} INFO - Setting next_dagrun for example_dag_decorator to None, run_after=None
[2024-04-27T02:33:47.177+0000] {processor.py:178} INFO - Processing /home/airflow/.local/lib/python3.7/site-packages/airflow/example_dags/example_dag_decorator.py took 0.507 seconds
[2024-04-27T02:34:17.337+0000] {processor.py:156} INFO - Started process (PID=4280) to work on /home/airflow/.local/lib/python3.7/site-packages/airflow/example_dags/example_dag_decorator.py
[2024-04-27T02:34:17.338+0000] {processor.py:758} INFO - Processing file /home/airflow/.local/lib/python3.7/site-packages/airflow/example_dags/example_dag_decorator.py for tasks to queue
[2024-04-27T02:34:17.339+0000] {logging_mixin.py:117} INFO - [2024-04-27T02:34:17.339+0000] {dagbag.py:525} INFO - Filling up the DagBag from /home/airflow/.local/lib/python3.7/site-packages/airflow/example_dags/example_dag_decorator.py
[2024-04-27T02:34:17.372+0000] {processor.py:768} INFO - DAG(s) dict_keys(['example_dag_decorator']) retrieved from /home/airflow/.local/lib/python3.7/site-packages/airflow/example_dags/example_dag_decorator.py
[2024-04-27T02:34:17.629+0000] {logging_mixin.py:117} INFO - [2024-04-27T02:34:17.629+0000] {dag.py:2573} INFO - Sync 1 DAGs
[2024-04-27T02:34:17.658+0000] {logging_mixin.py:117} INFO - [2024-04-27T02:34:17.658+0000] {dag.py:3328} INFO - Setting next_dagrun for example_dag_decorator to None, run_after=None
[2024-04-27T02:34:17.681+0000] {processor.py:178} INFO - Processing /home/airflow/.local/lib/python3.7/site-packages/airflow/example_dags/example_dag_decorator.py took 0.347 seconds
[2024-04-27T02:34:47.970+0000] {processor.py:156} INFO - Started process (PID=4498) to work on /home/airflow/.local/lib/python3.7/site-packages/airflow/example_dags/example_dag_decorator.py
[2024-04-27T02:34:47.971+0000] {processor.py:758} INFO - Processing file /home/airflow/.local/lib/python3.7/site-packages/airflow/example_dags/example_dag_decorator.py for tasks to queue
[2024-04-27T02:34:47.972+0000] {logging_mixin.py:117} INFO - [2024-04-27T02:34:47.972+0000] {dagbag.py:525} INFO - Filling up the DagBag from /home/airflow/.local/lib/python3.7/site-packages/airflow/example_dags/example_dag_decorator.py
[2024-04-27T02:34:48.005+0000] {processor.py:768} INFO - DAG(s) dict_keys(['example_dag_decorator']) retrieved from /home/airflow/.local/lib/python3.7/site-packages/airflow/example_dags/example_dag_decorator.py
[2024-04-27T02:34:48.350+0000] {logging_mixin.py:117} INFO - [2024-04-27T02:34:48.350+0000] {dag.py:2573} INFO - Sync 1 DAGs
[2024-04-27T02:34:48.382+0000] {logging_mixin.py:117} INFO - [2024-04-27T02:34:48.382+0000] {dag.py:3328} INFO - Setting next_dagrun for example_dag_decorator to None, run_after=None
[2024-04-27T02:34:48.419+0000] {processor.py:178} INFO - Processing /home/airflow/.local/lib/python3.7/site-packages/airflow/example_dags/example_dag_decorator.py took 0.452 seconds
[2024-04-27T02:35:19.460+0000] {processor.py:156} INFO - Started process (PID=4714) to work on /home/airflow/.local/lib/python3.7/site-packages/airflow/example_dags/example_dag_decorator.py
[2024-04-27T02:35:19.461+0000] {processor.py:758} INFO - Processing file /home/airflow/.local/lib/python3.7/site-packages/airflow/example_dags/example_dag_decorator.py for tasks to queue
[2024-04-27T02:35:19.462+0000] {logging_mixin.py:117} INFO - [2024-04-27T02:35:19.462+0000] {dagbag.py:525} INFO - Filling up the DagBag from /home/airflow/.local/lib/python3.7/site-packages/airflow/example_dags/example_dag_decorator.py
[2024-04-27T02:35:19.793+0000] {processor.py:768} INFO - DAG(s) dict_keys(['example_dag_decorator']) retrieved from /home/airflow/.local/lib/python3.7/site-packages/airflow/example_dags/example_dag_decorator.py
[2024-04-27T02:35:19.889+0000] {logging_mixin.py:117} INFO - [2024-04-27T02:35:19.889+0000] {dag.py:2573} INFO - Sync 1 DAGs
[2024-04-27T02:35:19.960+0000] {logging_mixin.py:117} INFO - [2024-04-27T02:35:19.960+0000] {dag.py:3328} INFO - Setting next_dagrun for example_dag_decorator to None, run_after=None
[2024-04-27T02:35:20.048+0000] {processor.py:178} INFO - Processing /home/airflow/.local/lib/python3.7/site-packages/airflow/example_dags/example_dag_decorator.py took 0.593 seconds
[2024-04-27T02:35:50.167+0000] {processor.py:156} INFO - Started process (PID=4925) to work on /home/airflow/.local/lib/python3.7/site-packages/airflow/example_dags/example_dag_decorator.py
[2024-04-27T02:35:50.167+0000] {processor.py:758} INFO - Processing file /home/airflow/.local/lib/python3.7/site-packages/airflow/example_dags/example_dag_decorator.py for tasks to queue
[2024-04-27T02:35:50.168+0000] {logging_mixin.py:117} INFO - [2024-04-27T02:35:50.168+0000] {dagbag.py:525} INFO - Filling up the DagBag from /home/airflow/.local/lib/python3.7/site-packages/airflow/example_dags/example_dag_decorator.py
[2024-04-27T02:35:50.202+0000] {processor.py:768} INFO - DAG(s) dict_keys(['example_dag_decorator']) retrieved from /home/airflow/.local/lib/python3.7/site-packages/airflow/example_dags/example_dag_decorator.py
[2024-04-27T02:35:50.294+0000] {logging_mixin.py:117} INFO - [2024-04-27T02:35:50.294+0000] {dag.py:2573} INFO - Sync 1 DAGs
[2024-04-27T02:35:50.333+0000] {logging_mixin.py:117} INFO - [2024-04-27T02:35:50.333+0000] {dag.py:3328} INFO - Setting next_dagrun for example_dag_decorator to None, run_after=None
[2024-04-27T02:35:50.366+0000] {processor.py:178} INFO - Processing /home/airflow/.local/lib/python3.7/site-packages/airflow/example_dags/example_dag_decorator.py took 0.202 seconds
[2024-04-27T02:36:21.216+0000] {processor.py:156} INFO - Started process (PID=5144) to work on /home/airflow/.local/lib/python3.7/site-packages/airflow/example_dags/example_dag_decorator.py
[2024-04-27T02:36:21.217+0000] {processor.py:758} INFO - Processing file /home/airflow/.local/lib/python3.7/site-packages/airflow/example_dags/example_dag_decorator.py for tasks to queue
[2024-04-27T02:36:21.218+0000] {logging_mixin.py:117} INFO - [2024-04-27T02:36:21.218+0000] {dagbag.py:525} INFO - Filling up the DagBag from /home/airflow/.local/lib/python3.7/site-packages/airflow/example_dags/example_dag_decorator.py
[2024-04-27T02:36:21.247+0000] {processor.py:768} INFO - DAG(s) dict_keys(['example_dag_decorator']) retrieved from /home/airflow/.local/lib/python3.7/site-packages/airflow/example_dags/example_dag_decorator.py
[2024-04-27T02:36:21.324+0000] {logging_mixin.py:117} INFO - [2024-04-27T02:36:21.324+0000] {dag.py:2573} INFO - Sync 1 DAGs
[2024-04-27T02:36:21.343+0000] {logging_mixin.py:117} INFO - [2024-04-27T02:36:21.343+0000] {dag.py:3328} INFO - Setting next_dagrun for example_dag_decorator to None, run_after=None
[2024-04-27T02:36:21.364+0000] {processor.py:178} INFO - Processing /home/airflow/.local/lib/python3.7/site-packages/airflow/example_dags/example_dag_decorator.py took 0.152 seconds
[2024-04-27T02:36:52.322+0000] {processor.py:156} INFO - Started process (PID=5362) to work on /home/airflow/.local/lib/python3.7/site-packages/airflow/example_dags/example_dag_decorator.py
[2024-04-27T02:36:52.323+0000] {processor.py:758} INFO - Processing file /home/airflow/.local/lib/python3.7/site-packages/airflow/example_dags/example_dag_decorator.py for tasks to queue
[2024-04-27T02:36:52.324+0000] {logging_mixin.py:117} INFO - [2024-04-27T02:36:52.324+0000] {dagbag.py:525} INFO - Filling up the DagBag from /home/airflow/.local/lib/python3.7/site-packages/airflow/example_dags/example_dag_decorator.py
[2024-04-27T02:36:52.460+0000] {processor.py:768} INFO - DAG(s) dict_keys(['example_dag_decorator']) retrieved from /home/airflow/.local/lib/python3.7/site-packages/airflow/example_dags/example_dag_decorator.py
[2024-04-27T02:36:52.680+0000] {logging_mixin.py:117} INFO - [2024-04-27T02:36:52.679+0000] {dag.py:2573} INFO - Sync 1 DAGs
[2024-04-27T02:36:52.711+0000] {logging_mixin.py:117} INFO - [2024-04-27T02:36:52.711+0000] {dag.py:3328} INFO - Setting next_dagrun for example_dag_decorator to None, run_after=None
[2024-04-27T02:36:52.738+0000] {processor.py:178} INFO - Processing /home/airflow/.local/lib/python3.7/site-packages/airflow/example_dags/example_dag_decorator.py took 0.418 seconds
[2024-04-27T02:37:23.638+0000] {processor.py:156} INFO - Started process (PID=5572) to work on /home/airflow/.local/lib/python3.7/site-packages/airflow/example_dags/example_dag_decorator.py
[2024-04-27T02:37:23.639+0000] {processor.py:758} INFO - Processing file /home/airflow/.local/lib/python3.7/site-packages/airflow/example_dags/example_dag_decorator.py for tasks to queue
[2024-04-27T02:37:23.641+0000] {logging_mixin.py:117} INFO - [2024-04-27T02:37:23.640+0000] {dagbag.py:525} INFO - Filling up the DagBag from /home/airflow/.local/lib/python3.7/site-packages/airflow/example_dags/example_dag_decorator.py
[2024-04-27T02:37:23.675+0000] {processor.py:768} INFO - DAG(s) dict_keys(['example_dag_decorator']) retrieved from /home/airflow/.local/lib/python3.7/site-packages/airflow/example_dags/example_dag_decorator.py
[2024-04-27T02:37:23.748+0000] {logging_mixin.py:117} INFO - [2024-04-27T02:37:23.748+0000] {dag.py:2573} INFO - Sync 1 DAGs
[2024-04-27T02:37:23.766+0000] {logging_mixin.py:117} INFO - [2024-04-27T02:37:23.765+0000] {dag.py:3328} INFO - Setting next_dagrun for example_dag_decorator to None, run_after=None
[2024-04-27T02:37:23.786+0000] {processor.py:178} INFO - Processing /home/airflow/.local/lib/python3.7/site-packages/airflow/example_dags/example_dag_decorator.py took 0.152 seconds
[2024-04-27T02:37:54.699+0000] {processor.py:156} INFO - Started process (PID=5789) to work on /home/airflow/.local/lib/python3.7/site-packages/airflow/example_dags/example_dag_decorator.py
[2024-04-27T02:37:54.709+0000] {processor.py:758} INFO - Processing file /home/airflow/.local/lib/python3.7/site-packages/airflow/example_dags/example_dag_decorator.py for tasks to queue
[2024-04-27T02:37:54.711+0000] {logging_mixin.py:117} INFO - [2024-04-27T02:37:54.711+0000] {dagbag.py:525} INFO - Filling up the DagBag from /home/airflow/.local/lib/python3.7/site-packages/airflow/example_dags/example_dag_decorator.py
[2024-04-27T02:37:54.751+0000] {processor.py:768} INFO - DAG(s) dict_keys(['example_dag_decorator']) retrieved from /home/airflow/.local/lib/python3.7/site-packages/airflow/example_dags/example_dag_decorator.py
[2024-04-27T02:37:54.819+0000] {logging_mixin.py:117} INFO - [2024-04-27T02:37:54.819+0000] {dag.py:2573} INFO - Sync 1 DAGs
[2024-04-27T02:37:54.838+0000] {logging_mixin.py:117} INFO - [2024-04-27T02:37:54.838+0000] {dag.py:3328} INFO - Setting next_dagrun for example_dag_decorator to None, run_after=None
[2024-04-27T02:37:54.859+0000] {processor.py:178} INFO - Processing /home/airflow/.local/lib/python3.7/site-packages/airflow/example_dags/example_dag_decorator.py took 0.164 seconds
[2024-04-27T02:38:25.392+0000] {processor.py:156} INFO - Started process (PID=6006) to work on /home/airflow/.local/lib/python3.7/site-packages/airflow/example_dags/example_dag_decorator.py
[2024-04-27T02:38:25.393+0000] {processor.py:758} INFO - Processing file /home/airflow/.local/lib/python3.7/site-packages/airflow/example_dags/example_dag_decorator.py for tasks to queue
[2024-04-27T02:38:25.393+0000] {logging_mixin.py:117} INFO - [2024-04-27T02:38:25.393+0000] {dagbag.py:525} INFO - Filling up the DagBag from /home/airflow/.local/lib/python3.7/site-packages/airflow/example_dags/example_dag_decorator.py
[2024-04-27T02:38:25.420+0000] {processor.py:768} INFO - DAG(s) dict_keys(['example_dag_decorator']) retrieved from /home/airflow/.local/lib/python3.7/site-packages/airflow/example_dags/example_dag_decorator.py
[2024-04-27T02:38:25.485+0000] {logging_mixin.py:117} INFO - [2024-04-27T02:38:25.485+0000] {dag.py:2573} INFO - Sync 1 DAGs
[2024-04-27T02:38:25.509+0000] {logging_mixin.py:117} INFO - [2024-04-27T02:38:25.508+0000] {dag.py:3328} INFO - Setting next_dagrun for example_dag_decorator to None, run_after=None
[2024-04-27T02:38:25.534+0000] {processor.py:178} INFO - Processing /home/airflow/.local/lib/python3.7/site-packages/airflow/example_dags/example_dag_decorator.py took 0.145 seconds
[2024-04-27T02:38:56.122+0000] {processor.py:156} INFO - Started process (PID=6215) to work on /home/airflow/.local/lib/python3.7/site-packages/airflow/example_dags/example_dag_decorator.py
[2024-04-27T02:38:56.123+0000] {processor.py:758} INFO - Processing file /home/airflow/.local/lib/python3.7/site-packages/airflow/example_dags/example_dag_decorator.py for tasks to queue
[2024-04-27T02:38:56.124+0000] {logging_mixin.py:117} INFO - [2024-04-27T02:38:56.124+0000] {dagbag.py:525} INFO - Filling up the DagBag from /home/airflow/.local/lib/python3.7/site-packages/airflow/example_dags/example_dag_decorator.py
[2024-04-27T02:38:56.148+0000] {processor.py:768} INFO - DAG(s) dict_keys(['example_dag_decorator']) retrieved from /home/airflow/.local/lib/python3.7/site-packages/airflow/example_dags/example_dag_decorator.py
[2024-04-27T02:38:56.215+0000] {logging_mixin.py:117} INFO - [2024-04-27T02:38:56.215+0000] {dag.py:2573} INFO - Sync 1 DAGs
[2024-04-27T02:38:56.233+0000] {logging_mixin.py:117} INFO - [2024-04-27T02:38:56.233+0000] {dag.py:3328} INFO - Setting next_dagrun for example_dag_decorator to None, run_after=None
[2024-04-27T02:38:56.255+0000] {processor.py:178} INFO - Processing /home/airflow/.local/lib/python3.7/site-packages/airflow/example_dags/example_dag_decorator.py took 0.136 seconds
[2024-04-27T02:39:26.479+0000] {processor.py:156} INFO - Started process (PID=6433) to work on /home/airflow/.local/lib/python3.7/site-packages/airflow/example_dags/example_dag_decorator.py
[2024-04-27T02:39:26.480+0000] {processor.py:758} INFO - Processing file /home/airflow/.local/lib/python3.7/site-packages/airflow/example_dags/example_dag_decorator.py for tasks to queue
[2024-04-27T02:39:26.480+0000] {logging_mixin.py:117} INFO - [2024-04-27T02:39:26.480+0000] {dagbag.py:525} INFO - Filling up the DagBag from /home/airflow/.local/lib/python3.7/site-packages/airflow/example_dags/example_dag_decorator.py
[2024-04-27T02:39:26.504+0000] {processor.py:768} INFO - DAG(s) dict_keys(['example_dag_decorator']) retrieved from /home/airflow/.local/lib/python3.7/site-packages/airflow/example_dags/example_dag_decorator.py
[2024-04-27T02:39:26.572+0000] {logging_mixin.py:117} INFO - [2024-04-27T02:39:26.572+0000] {dag.py:2573} INFO - Sync 1 DAGs
[2024-04-27T02:39:26.590+0000] {logging_mixin.py:117} INFO - [2024-04-27T02:39:26.589+0000] {dag.py:3328} INFO - Setting next_dagrun for example_dag_decorator to None, run_after=None
[2024-04-27T02:39:26.611+0000] {processor.py:178} INFO - Processing /home/airflow/.local/lib/python3.7/site-packages/airflow/example_dags/example_dag_decorator.py took 0.135 seconds
[2024-04-27T02:39:56.767+0000] {processor.py:156} INFO - Started process (PID=6652) to work on /home/airflow/.local/lib/python3.7/site-packages/airflow/example_dags/example_dag_decorator.py
[2024-04-27T02:39:56.768+0000] {processor.py:758} INFO - Processing file /home/airflow/.local/lib/python3.7/site-packages/airflow/example_dags/example_dag_decorator.py for tasks to queue
[2024-04-27T02:39:56.768+0000] {logging_mixin.py:117} INFO - [2024-04-27T02:39:56.768+0000] {dagbag.py:525} INFO - Filling up the DagBag from /home/airflow/.local/lib/python3.7/site-packages/airflow/example_dags/example_dag_decorator.py
[2024-04-27T02:39:56.794+0000] {processor.py:768} INFO - DAG(s) dict_keys(['example_dag_decorator']) retrieved from /home/airflow/.local/lib/python3.7/site-packages/airflow/example_dags/example_dag_decorator.py
[2024-04-27T02:39:56.861+0000] {logging_mixin.py:117} INFO - [2024-04-27T02:39:56.861+0000] {dag.py:2573} INFO - Sync 1 DAGs
[2024-04-27T02:39:56.881+0000] {logging_mixin.py:117} INFO - [2024-04-27T02:39:56.881+0000] {dag.py:3328} INFO - Setting next_dagrun for example_dag_decorator to None, run_after=None
[2024-04-27T02:39:56.903+0000] {processor.py:178} INFO - Processing /home/airflow/.local/lib/python3.7/site-packages/airflow/example_dags/example_dag_decorator.py took 0.138 seconds
[2024-04-27T02:40:27.002+0000] {processor.py:156} INFO - Started process (PID=6860) to work on /home/airflow/.local/lib/python3.7/site-packages/airflow/example_dags/example_dag_decorator.py
[2024-04-27T02:40:27.003+0000] {processor.py:758} INFO - Processing file /home/airflow/.local/lib/python3.7/site-packages/airflow/example_dags/example_dag_decorator.py for tasks to queue
[2024-04-27T02:40:27.004+0000] {logging_mixin.py:117} INFO - [2024-04-27T02:40:27.003+0000] {dagbag.py:525} INFO - Filling up the DagBag from /home/airflow/.local/lib/python3.7/site-packages/airflow/example_dags/example_dag_decorator.py
[2024-04-27T02:40:27.027+0000] {processor.py:768} INFO - DAG(s) dict_keys(['example_dag_decorator']) retrieved from /home/airflow/.local/lib/python3.7/site-packages/airflow/example_dags/example_dag_decorator.py
[2024-04-27T02:40:27.094+0000] {logging_mixin.py:117} INFO - [2024-04-27T02:40:27.094+0000] {dag.py:2573} INFO - Sync 1 DAGs
[2024-04-27T02:40:27.114+0000] {logging_mixin.py:117} INFO - [2024-04-27T02:40:27.114+0000] {dag.py:3328} INFO - Setting next_dagrun for example_dag_decorator to None, run_after=None
[2024-04-27T02:40:27.136+0000] {processor.py:178} INFO - Processing /home/airflow/.local/lib/python3.7/site-packages/airflow/example_dags/example_dag_decorator.py took 0.135 seconds
[2024-04-27T02:40:57.908+0000] {processor.py:156} INFO - Started process (PID=7077) to work on /home/airflow/.local/lib/python3.7/site-packages/airflow/example_dags/example_dag_decorator.py
[2024-04-27T02:40:57.910+0000] {processor.py:758} INFO - Processing file /home/airflow/.local/lib/python3.7/site-packages/airflow/example_dags/example_dag_decorator.py for tasks to queue
[2024-04-27T02:40:57.911+0000] {logging_mixin.py:117} INFO - [2024-04-27T02:40:57.911+0000] {dagbag.py:525} INFO - Filling up the DagBag from /home/airflow/.local/lib/python3.7/site-packages/airflow/example_dags/example_dag_decorator.py
[2024-04-27T02:40:57.953+0000] {processor.py:768} INFO - DAG(s) dict_keys(['example_dag_decorator']) retrieved from /home/airflow/.local/lib/python3.7/site-packages/airflow/example_dags/example_dag_decorator.py
[2024-04-27T02:40:58.022+0000] {logging_mixin.py:117} INFO - [2024-04-27T02:40:58.022+0000] {dag.py:2573} INFO - Sync 1 DAGs
[2024-04-27T02:40:58.040+0000] {logging_mixin.py:117} INFO - [2024-04-27T02:40:58.040+0000] {dag.py:3328} INFO - Setting next_dagrun for example_dag_decorator to None, run_after=None
[2024-04-27T02:40:58.062+0000] {processor.py:178} INFO - Processing /home/airflow/.local/lib/python3.7/site-packages/airflow/example_dags/example_dag_decorator.py took 0.163 seconds
[2024-04-27T02:41:28.784+0000] {processor.py:156} INFO - Started process (PID=7295) to work on /home/airflow/.local/lib/python3.7/site-packages/airflow/example_dags/example_dag_decorator.py
[2024-04-27T02:41:28.786+0000] {processor.py:758} INFO - Processing file /home/airflow/.local/lib/python3.7/site-packages/airflow/example_dags/example_dag_decorator.py for tasks to queue
[2024-04-27T02:41:28.786+0000] {logging_mixin.py:117} INFO - [2024-04-27T02:41:28.786+0000] {dagbag.py:525} INFO - Filling up the DagBag from /home/airflow/.local/lib/python3.7/site-packages/airflow/example_dags/example_dag_decorator.py
[2024-04-27T02:41:28.811+0000] {processor.py:768} INFO - DAG(s) dict_keys(['example_dag_decorator']) retrieved from /home/airflow/.local/lib/python3.7/site-packages/airflow/example_dags/example_dag_decorator.py
[2024-04-27T02:41:28.878+0000] {logging_mixin.py:117} INFO - [2024-04-27T02:41:28.878+0000] {dag.py:2573} INFO - Sync 1 DAGs
[2024-04-27T02:41:28.897+0000] {logging_mixin.py:117} INFO - [2024-04-27T02:41:28.897+0000] {dag.py:3328} INFO - Setting next_dagrun for example_dag_decorator to None, run_after=None
[2024-04-27T02:41:28.919+0000] {processor.py:178} INFO - Processing /home/airflow/.local/lib/python3.7/site-packages/airflow/example_dags/example_dag_decorator.py took 0.139 seconds
[2024-04-27T02:41:59.006+0000] {processor.py:156} INFO - Started process (PID=7502) to work on /home/airflow/.local/lib/python3.7/site-packages/airflow/example_dags/example_dag_decorator.py
[2024-04-27T02:41:59.010+0000] {processor.py:758} INFO - Processing file /home/airflow/.local/lib/python3.7/site-packages/airflow/example_dags/example_dag_decorator.py for tasks to queue
[2024-04-27T02:41:59.011+0000] {logging_mixin.py:117} INFO - [2024-04-27T02:41:59.011+0000] {dagbag.py:525} INFO - Filling up the DagBag from /home/airflow/.local/lib/python3.7/site-packages/airflow/example_dags/example_dag_decorator.py
[2024-04-27T02:41:59.082+0000] {processor.py:768} INFO - DAG(s) dict_keys(['example_dag_decorator']) retrieved from /home/airflow/.local/lib/python3.7/site-packages/airflow/example_dags/example_dag_decorator.py
[2024-04-27T02:41:59.262+0000] {logging_mixin.py:117} INFO - [2024-04-27T02:41:59.262+0000] {dag.py:2573} INFO - Sync 1 DAGs
[2024-04-27T02:41:59.292+0000] {logging_mixin.py:117} INFO - [2024-04-27T02:41:59.292+0000] {dag.py:3328} INFO - Setting next_dagrun for example_dag_decorator to None, run_after=None
[2024-04-27T02:41:59.318+0000] {processor.py:178} INFO - Processing /home/airflow/.local/lib/python3.7/site-packages/airflow/example_dags/example_dag_decorator.py took 0.321 seconds
[2024-04-27T02:42:30.109+0000] {processor.py:156} INFO - Started process (PID=7721) to work on /home/airflow/.local/lib/python3.7/site-packages/airflow/example_dags/example_dag_decorator.py
[2024-04-27T02:42:30.110+0000] {processor.py:758} INFO - Processing file /home/airflow/.local/lib/python3.7/site-packages/airflow/example_dags/example_dag_decorator.py for tasks to queue
[2024-04-27T02:42:30.110+0000] {logging_mixin.py:117} INFO - [2024-04-27T02:42:30.110+0000] {dagbag.py:525} INFO - Filling up the DagBag from /home/airflow/.local/lib/python3.7/site-packages/airflow/example_dags/example_dag_decorator.py
[2024-04-27T02:42:30.143+0000] {processor.py:768} INFO - DAG(s) dict_keys(['example_dag_decorator']) retrieved from /home/airflow/.local/lib/python3.7/site-packages/airflow/example_dags/example_dag_decorator.py
[2024-04-27T02:42:30.282+0000] {logging_mixin.py:117} INFO - [2024-04-27T02:42:30.282+0000] {dag.py:2573} INFO - Sync 1 DAGs
[2024-04-27T02:42:30.329+0000] {logging_mixin.py:117} INFO - [2024-04-27T02:42:30.328+0000] {dag.py:3328} INFO - Setting next_dagrun for example_dag_decorator to None, run_after=None
[2024-04-27T02:42:30.351+0000] {processor.py:178} INFO - Processing /home/airflow/.local/lib/python3.7/site-packages/airflow/example_dags/example_dag_decorator.py took 0.247 seconds
[2024-04-27T02:43:00.605+0000] {processor.py:156} INFO - Started process (PID=7942) to work on /home/airflow/.local/lib/python3.7/site-packages/airflow/example_dags/example_dag_decorator.py
[2024-04-27T02:43:00.606+0000] {processor.py:758} INFO - Processing file /home/airflow/.local/lib/python3.7/site-packages/airflow/example_dags/example_dag_decorator.py for tasks to queue
[2024-04-27T02:43:00.606+0000] {logging_mixin.py:117} INFO - [2024-04-27T02:43:00.606+0000] {dagbag.py:525} INFO - Filling up the DagBag from /home/airflow/.local/lib/python3.7/site-packages/airflow/example_dags/example_dag_decorator.py
[2024-04-27T02:43:00.639+0000] {processor.py:768} INFO - DAG(s) dict_keys(['example_dag_decorator']) retrieved from /home/airflow/.local/lib/python3.7/site-packages/airflow/example_dags/example_dag_decorator.py
[2024-04-27T02:43:00.737+0000] {logging_mixin.py:117} INFO - [2024-04-27T02:43:00.737+0000] {dag.py:2573} INFO - Sync 1 DAGs
[2024-04-27T02:43:00.763+0000] {logging_mixin.py:117} INFO - [2024-04-27T02:43:00.763+0000] {dag.py:3328} INFO - Setting next_dagrun for example_dag_decorator to None, run_after=None
[2024-04-27T02:43:00.783+0000] {processor.py:178} INFO - Processing /home/airflow/.local/lib/python3.7/site-packages/airflow/example_dags/example_dag_decorator.py took 0.181 seconds
[2024-04-27T02:43:31.722+0000] {processor.py:156} INFO - Started process (PID=8150) to work on /home/airflow/.local/lib/python3.7/site-packages/airflow/example_dags/example_dag_decorator.py
[2024-04-27T02:43:31.723+0000] {processor.py:758} INFO - Processing file /home/airflow/.local/lib/python3.7/site-packages/airflow/example_dags/example_dag_decorator.py for tasks to queue
[2024-04-27T02:43:31.724+0000] {logging_mixin.py:117} INFO - [2024-04-27T02:43:31.723+0000] {dagbag.py:525} INFO - Filling up the DagBag from /home/airflow/.local/lib/python3.7/site-packages/airflow/example_dags/example_dag_decorator.py
[2024-04-27T02:43:31.757+0000] {processor.py:768} INFO - DAG(s) dict_keys(['example_dag_decorator']) retrieved from /home/airflow/.local/lib/python3.7/site-packages/airflow/example_dags/example_dag_decorator.py
[2024-04-27T02:43:31.852+0000] {logging_mixin.py:117} INFO - [2024-04-27T02:43:31.852+0000] {dag.py:2573} INFO - Sync 1 DAGs
[2024-04-27T02:43:31.877+0000] {logging_mixin.py:117} INFO - [2024-04-27T02:43:31.877+0000] {dag.py:3328} INFO - Setting next_dagrun for example_dag_decorator to None, run_after=None
[2024-04-27T02:43:31.898+0000] {processor.py:178} INFO - Processing /home/airflow/.local/lib/python3.7/site-packages/airflow/example_dags/example_dag_decorator.py took 0.179 seconds
[2024-04-27T02:44:02.711+0000] {processor.py:156} INFO - Started process (PID=8368) to work on /home/airflow/.local/lib/python3.7/site-packages/airflow/example_dags/example_dag_decorator.py
[2024-04-27T02:44:02.716+0000] {processor.py:758} INFO - Processing file /home/airflow/.local/lib/python3.7/site-packages/airflow/example_dags/example_dag_decorator.py for tasks to queue
[2024-04-27T02:44:02.717+0000] {logging_mixin.py:117} INFO - [2024-04-27T02:44:02.717+0000] {dagbag.py:525} INFO - Filling up the DagBag from /home/airflow/.local/lib/python3.7/site-packages/airflow/example_dags/example_dag_decorator.py
[2024-04-27T02:44:02.852+0000] {processor.py:768} INFO - DAG(s) dict_keys(['example_dag_decorator']) retrieved from /home/airflow/.local/lib/python3.7/site-packages/airflow/example_dags/example_dag_decorator.py
[2024-04-27T02:44:02.964+0000] {logging_mixin.py:117} INFO - [2024-04-27T02:44:02.964+0000] {dag.py:2573} INFO - Sync 1 DAGs
[2024-04-27T02:44:02.984+0000] {logging_mixin.py:117} INFO - [2024-04-27T02:44:02.984+0000] {dag.py:3328} INFO - Setting next_dagrun for example_dag_decorator to None, run_after=None
[2024-04-27T02:44:03.004+0000] {processor.py:178} INFO - Processing /home/airflow/.local/lib/python3.7/site-packages/airflow/example_dags/example_dag_decorator.py took 0.297 seconds
[2024-04-27T02:44:33.656+0000] {processor.py:156} INFO - Started process (PID=8587) to work on /home/airflow/.local/lib/python3.7/site-packages/airflow/example_dags/example_dag_decorator.py
[2024-04-27T02:44:33.657+0000] {processor.py:758} INFO - Processing file /home/airflow/.local/lib/python3.7/site-packages/airflow/example_dags/example_dag_decorator.py for tasks to queue
[2024-04-27T02:44:33.657+0000] {logging_mixin.py:117} INFO - [2024-04-27T02:44:33.657+0000] {dagbag.py:525} INFO - Filling up the DagBag from /home/airflow/.local/lib/python3.7/site-packages/airflow/example_dags/example_dag_decorator.py
[2024-04-27T02:44:33.698+0000] {processor.py:768} INFO - DAG(s) dict_keys(['example_dag_decorator']) retrieved from /home/airflow/.local/lib/python3.7/site-packages/airflow/example_dags/example_dag_decorator.py
[2024-04-27T02:44:33.821+0000] {logging_mixin.py:117} INFO - [2024-04-27T02:44:33.821+0000] {dag.py:2573} INFO - Sync 1 DAGs
[2024-04-27T02:44:33.856+0000] {logging_mixin.py:117} INFO - [2024-04-27T02:44:33.856+0000] {dag.py:3328} INFO - Setting next_dagrun for example_dag_decorator to None, run_after=None
[2024-04-27T02:44:33.877+0000] {processor.py:178} INFO - Processing /home/airflow/.local/lib/python3.7/site-packages/airflow/example_dags/example_dag_decorator.py took 0.224 seconds
[2024-04-27T02:45:04.262+0000] {processor.py:156} INFO - Started process (PID=8805) to work on /home/airflow/.local/lib/python3.7/site-packages/airflow/example_dags/example_dag_decorator.py
[2024-04-27T02:45:04.263+0000] {processor.py:758} INFO - Processing file /home/airflow/.local/lib/python3.7/site-packages/airflow/example_dags/example_dag_decorator.py for tasks to queue
[2024-04-27T02:45:04.264+0000] {logging_mixin.py:117} INFO - [2024-04-27T02:45:04.264+0000] {dagbag.py:525} INFO - Filling up the DagBag from /home/airflow/.local/lib/python3.7/site-packages/airflow/example_dags/example_dag_decorator.py
[2024-04-27T02:45:04.299+0000] {processor.py:768} INFO - DAG(s) dict_keys(['example_dag_decorator']) retrieved from /home/airflow/.local/lib/python3.7/site-packages/airflow/example_dags/example_dag_decorator.py
[2024-04-27T02:45:04.477+0000] {logging_mixin.py:117} INFO - [2024-04-27T02:45:04.477+0000] {dag.py:2573} INFO - Sync 1 DAGs
[2024-04-27T02:45:04.510+0000] {logging_mixin.py:117} INFO - [2024-04-27T02:45:04.510+0000] {dag.py:3328} INFO - Setting next_dagrun for example_dag_decorator to None, run_after=None
[2024-04-27T02:45:04.537+0000] {processor.py:178} INFO - Processing /home/airflow/.local/lib/python3.7/site-packages/airflow/example_dags/example_dag_decorator.py took 0.278 seconds
[2024-04-27T02:45:35.233+0000] {processor.py:156} INFO - Started process (PID=9012) to work on /home/airflow/.local/lib/python3.7/site-packages/airflow/example_dags/example_dag_decorator.py
[2024-04-27T02:45:35.234+0000] {processor.py:758} INFO - Processing file /home/airflow/.local/lib/python3.7/site-packages/airflow/example_dags/example_dag_decorator.py for tasks to queue
[2024-04-27T02:45:35.235+0000] {logging_mixin.py:117} INFO - [2024-04-27T02:45:35.235+0000] {dagbag.py:525} INFO - Filling up the DagBag from /home/airflow/.local/lib/python3.7/site-packages/airflow/example_dags/example_dag_decorator.py
[2024-04-27T02:45:35.299+0000] {processor.py:768} INFO - DAG(s) dict_keys(['example_dag_decorator']) retrieved from /home/airflow/.local/lib/python3.7/site-packages/airflow/example_dags/example_dag_decorator.py
[2024-04-27T02:45:35.474+0000] {logging_mixin.py:117} INFO - [2024-04-27T02:45:35.474+0000] {dag.py:2573} INFO - Sync 1 DAGs
[2024-04-27T02:45:35.500+0000] {logging_mixin.py:117} INFO - [2024-04-27T02:45:35.500+0000] {dag.py:3328} INFO - Setting next_dagrun for example_dag_decorator to None, run_after=None
[2024-04-27T02:45:35.529+0000] {processor.py:178} INFO - Processing /home/airflow/.local/lib/python3.7/site-packages/airflow/example_dags/example_dag_decorator.py took 0.300 seconds
[2024-04-27T02:46:05.701+0000] {processor.py:156} INFO - Started process (PID=9232) to work on /home/airflow/.local/lib/python3.7/site-packages/airflow/example_dags/example_dag_decorator.py
[2024-04-27T02:46:05.702+0000] {processor.py:758} INFO - Processing file /home/airflow/.local/lib/python3.7/site-packages/airflow/example_dags/example_dag_decorator.py for tasks to queue
[2024-04-27T02:46:05.703+0000] {logging_mixin.py:117} INFO - [2024-04-27T02:46:05.703+0000] {dagbag.py:525} INFO - Filling up the DagBag from /home/airflow/.local/lib/python3.7/site-packages/airflow/example_dags/example_dag_decorator.py
[2024-04-27T02:46:05.739+0000] {processor.py:768} INFO - DAG(s) dict_keys(['example_dag_decorator']) retrieved from /home/airflow/.local/lib/python3.7/site-packages/airflow/example_dags/example_dag_decorator.py
[2024-04-27T02:46:05.850+0000] {logging_mixin.py:117} INFO - [2024-04-27T02:46:05.849+0000] {dag.py:2573} INFO - Sync 1 DAGs
[2024-04-27T02:46:05.874+0000] {logging_mixin.py:117} INFO - [2024-04-27T02:46:05.874+0000] {dag.py:3328} INFO - Setting next_dagrun for example_dag_decorator to None, run_after=None
[2024-04-27T02:46:05.896+0000] {processor.py:178} INFO - Processing /home/airflow/.local/lib/python3.7/site-packages/airflow/example_dags/example_dag_decorator.py took 0.198 seconds
[2024-04-27T02:46:35.985+0000] {processor.py:156} INFO - Started process (PID=9450) to work on /home/airflow/.local/lib/python3.7/site-packages/airflow/example_dags/example_dag_decorator.py
[2024-04-27T02:46:35.986+0000] {processor.py:758} INFO - Processing file /home/airflow/.local/lib/python3.7/site-packages/airflow/example_dags/example_dag_decorator.py for tasks to queue
[2024-04-27T02:46:35.986+0000] {logging_mixin.py:117} INFO - [2024-04-27T02:46:35.986+0000] {dagbag.py:525} INFO - Filling up the DagBag from /home/airflow/.local/lib/python3.7/site-packages/airflow/example_dags/example_dag_decorator.py
[2024-04-27T02:46:36.087+0000] {processor.py:768} INFO - DAG(s) dict_keys(['example_dag_decorator']) retrieved from /home/airflow/.local/lib/python3.7/site-packages/airflow/example_dags/example_dag_decorator.py
[2024-04-27T02:46:36.400+0000] {logging_mixin.py:117} INFO - [2024-04-27T02:46:36.400+0000] {dag.py:2573} INFO - Sync 1 DAGs
[2024-04-27T02:46:36.434+0000] {logging_mixin.py:117} INFO - [2024-04-27T02:46:36.434+0000] {dag.py:3328} INFO - Setting next_dagrun for example_dag_decorator to None, run_after=None
[2024-04-27T02:46:36.464+0000] {processor.py:178} INFO - Processing /home/airflow/.local/lib/python3.7/site-packages/airflow/example_dags/example_dag_decorator.py took 0.483 seconds
[2024-04-27T02:47:06.565+0000] {processor.py:156} INFO - Started process (PID=9661) to work on /home/airflow/.local/lib/python3.7/site-packages/airflow/example_dags/example_dag_decorator.py
[2024-04-27T02:47:06.566+0000] {processor.py:758} INFO - Processing file /home/airflow/.local/lib/python3.7/site-packages/airflow/example_dags/example_dag_decorator.py for tasks to queue
[2024-04-27T02:47:06.567+0000] {logging_mixin.py:117} INFO - [2024-04-27T02:47:06.566+0000] {dagbag.py:525} INFO - Filling up the DagBag from /home/airflow/.local/lib/python3.7/site-packages/airflow/example_dags/example_dag_decorator.py
[2024-04-27T02:47:06.656+0000] {processor.py:768} INFO - DAG(s) dict_keys(['example_dag_decorator']) retrieved from /home/airflow/.local/lib/python3.7/site-packages/airflow/example_dags/example_dag_decorator.py
[2024-04-27T02:47:06.754+0000] {logging_mixin.py:117} INFO - [2024-04-27T02:47:06.754+0000] {dag.py:2573} INFO - Sync 1 DAGs
[2024-04-27T02:47:06.772+0000] {logging_mixin.py:117} INFO - [2024-04-27T02:47:06.772+0000] {dag.py:3328} INFO - Setting next_dagrun for example_dag_decorator to None, run_after=None
[2024-04-27T02:47:06.793+0000] {processor.py:178} INFO - Processing /home/airflow/.local/lib/python3.7/site-packages/airflow/example_dags/example_dag_decorator.py took 0.232 seconds
[2024-04-27T02:47:36.962+0000] {processor.py:156} INFO - Started process (PID=9880) to work on /home/airflow/.local/lib/python3.7/site-packages/airflow/example_dags/example_dag_decorator.py
[2024-04-27T02:47:36.963+0000] {processor.py:758} INFO - Processing file /home/airflow/.local/lib/python3.7/site-packages/airflow/example_dags/example_dag_decorator.py for tasks to queue
[2024-04-27T02:47:36.963+0000] {logging_mixin.py:117} INFO - [2024-04-27T02:47:36.963+0000] {dagbag.py:525} INFO - Filling up the DagBag from /home/airflow/.local/lib/python3.7/site-packages/airflow/example_dags/example_dag_decorator.py
[2024-04-27T02:47:36.997+0000] {processor.py:768} INFO - DAG(s) dict_keys(['example_dag_decorator']) retrieved from /home/airflow/.local/lib/python3.7/site-packages/airflow/example_dags/example_dag_decorator.py
[2024-04-27T02:47:37.119+0000] {logging_mixin.py:117} INFO - [2024-04-27T02:47:37.119+0000] {dag.py:2573} INFO - Sync 1 DAGs
[2024-04-27T02:47:37.148+0000] {logging_mixin.py:117} INFO - [2024-04-27T02:47:37.148+0000] {dag.py:3328} INFO - Setting next_dagrun for example_dag_decorator to None, run_after=None
[2024-04-27T02:47:37.189+0000] {processor.py:178} INFO - Processing /home/airflow/.local/lib/python3.7/site-packages/airflow/example_dags/example_dag_decorator.py took 0.230 seconds
[2024-04-27T02:48:07.406+0000] {processor.py:156} INFO - Started process (PID=10097) to work on /home/airflow/.local/lib/python3.7/site-packages/airflow/example_dags/example_dag_decorator.py
[2024-04-27T02:48:07.412+0000] {processor.py:758} INFO - Processing file /home/airflow/.local/lib/python3.7/site-packages/airflow/example_dags/example_dag_decorator.py for tasks to queue
[2024-04-27T02:48:07.413+0000] {logging_mixin.py:117} INFO - [2024-04-27T02:48:07.413+0000] {dagbag.py:525} INFO - Filling up the DagBag from /home/airflow/.local/lib/python3.7/site-packages/airflow/example_dags/example_dag_decorator.py
[2024-04-27T02:48:07.521+0000] {processor.py:768} INFO - DAG(s) dict_keys(['example_dag_decorator']) retrieved from /home/airflow/.local/lib/python3.7/site-packages/airflow/example_dags/example_dag_decorator.py
[2024-04-27T02:48:07.771+0000] {logging_mixin.py:117} INFO - [2024-04-27T02:48:07.771+0000] {dag.py:2573} INFO - Sync 1 DAGs
[2024-04-27T02:48:07.897+0000] {logging_mixin.py:117} INFO - [2024-04-27T02:48:07.896+0000] {dag.py:3328} INFO - Setting next_dagrun for example_dag_decorator to None, run_after=None
[2024-04-27T02:48:07.957+0000] {processor.py:178} INFO - Processing /home/airflow/.local/lib/python3.7/site-packages/airflow/example_dags/example_dag_decorator.py took 0.553 seconds
[2024-04-27T02:48:38.504+0000] {processor.py:156} INFO - Started process (PID=10306) to work on /home/airflow/.local/lib/python3.7/site-packages/airflow/example_dags/example_dag_decorator.py
[2024-04-27T02:48:38.504+0000] {processor.py:758} INFO - Processing file /home/airflow/.local/lib/python3.7/site-packages/airflow/example_dags/example_dag_decorator.py for tasks to queue
[2024-04-27T02:48:38.505+0000] {logging_mixin.py:117} INFO - [2024-04-27T02:48:38.505+0000] {dagbag.py:525} INFO - Filling up the DagBag from /home/airflow/.local/lib/python3.7/site-packages/airflow/example_dags/example_dag_decorator.py
[2024-04-27T02:48:38.540+0000] {processor.py:768} INFO - DAG(s) dict_keys(['example_dag_decorator']) retrieved from /home/airflow/.local/lib/python3.7/site-packages/airflow/example_dags/example_dag_decorator.py
[2024-04-27T02:48:38.639+0000] {logging_mixin.py:117} INFO - [2024-04-27T02:48:38.639+0000] {dag.py:2573} INFO - Sync 1 DAGs
[2024-04-27T02:48:38.668+0000] {logging_mixin.py:117} INFO - [2024-04-27T02:48:38.668+0000] {dag.py:3328} INFO - Setting next_dagrun for example_dag_decorator to None, run_after=None
[2024-04-27T02:48:38.693+0000] {processor.py:178} INFO - Processing /home/airflow/.local/lib/python3.7/site-packages/airflow/example_dags/example_dag_decorator.py took 0.192 seconds
[2024-04-27T02:49:08.783+0000] {processor.py:156} INFO - Started process (PID=10523) to work on /home/airflow/.local/lib/python3.7/site-packages/airflow/example_dags/example_dag_decorator.py
[2024-04-27T02:49:08.784+0000] {processor.py:758} INFO - Processing file /home/airflow/.local/lib/python3.7/site-packages/airflow/example_dags/example_dag_decorator.py for tasks to queue
[2024-04-27T02:49:08.785+0000] {logging_mixin.py:117} INFO - [2024-04-27T02:49:08.785+0000] {dagbag.py:525} INFO - Filling up the DagBag from /home/airflow/.local/lib/python3.7/site-packages/airflow/example_dags/example_dag_decorator.py
[2024-04-27T02:49:08.823+0000] {processor.py:768} INFO - DAG(s) dict_keys(['example_dag_decorator']) retrieved from /home/airflow/.local/lib/python3.7/site-packages/airflow/example_dags/example_dag_decorator.py
[2024-04-27T02:49:08.963+0000] {logging_mixin.py:117} INFO - [2024-04-27T02:49:08.963+0000] {dag.py:2573} INFO - Sync 1 DAGs
[2024-04-27T02:49:08.989+0000] {logging_mixin.py:117} INFO - [2024-04-27T02:49:08.988+0000] {dag.py:3328} INFO - Setting next_dagrun for example_dag_decorator to None, run_after=None
[2024-04-27T02:49:09.012+0000] {processor.py:178} INFO - Processing /home/airflow/.local/lib/python3.7/site-packages/airflow/example_dags/example_dag_decorator.py took 0.233 seconds
[2024-04-27T02:49:39.117+0000] {processor.py:156} INFO - Started process (PID=10731) to work on /home/airflow/.local/lib/python3.7/site-packages/airflow/example_dags/example_dag_decorator.py
[2024-04-27T02:49:39.118+0000] {processor.py:758} INFO - Processing file /home/airflow/.local/lib/python3.7/site-packages/airflow/example_dags/example_dag_decorator.py for tasks to queue
[2024-04-27T02:49:39.119+0000] {logging_mixin.py:117} INFO - [2024-04-27T02:49:39.118+0000] {dagbag.py:525} INFO - Filling up the DagBag from /home/airflow/.local/lib/python3.7/site-packages/airflow/example_dags/example_dag_decorator.py
[2024-04-27T02:49:39.155+0000] {processor.py:768} INFO - DAG(s) dict_keys(['example_dag_decorator']) retrieved from /home/airflow/.local/lib/python3.7/site-packages/airflow/example_dags/example_dag_decorator.py
[2024-04-27T02:49:39.255+0000] {logging_mixin.py:117} INFO - [2024-04-27T02:49:39.254+0000] {dag.py:2573} INFO - Sync 1 DAGs
[2024-04-27T02:49:39.288+0000] {logging_mixin.py:117} INFO - [2024-04-27T02:49:39.287+0000] {dag.py:3328} INFO - Setting next_dagrun for example_dag_decorator to None, run_after=None
[2024-04-27T02:49:39.315+0000] {processor.py:178} INFO - Processing /home/airflow/.local/lib/python3.7/site-packages/airflow/example_dags/example_dag_decorator.py took 0.201 seconds
[2024-04-27T02:50:09.448+0000] {processor.py:156} INFO - Started process (PID=10949) to work on /home/airflow/.local/lib/python3.7/site-packages/airflow/example_dags/example_dag_decorator.py
[2024-04-27T02:50:09.449+0000] {processor.py:758} INFO - Processing file /home/airflow/.local/lib/python3.7/site-packages/airflow/example_dags/example_dag_decorator.py for tasks to queue
[2024-04-27T02:50:09.450+0000] {logging_mixin.py:117} INFO - [2024-04-27T02:50:09.449+0000] {dagbag.py:525} INFO - Filling up the DagBag from /home/airflow/.local/lib/python3.7/site-packages/airflow/example_dags/example_dag_decorator.py
[2024-04-27T02:50:09.504+0000] {processor.py:768} INFO - DAG(s) dict_keys(['example_dag_decorator']) retrieved from /home/airflow/.local/lib/python3.7/site-packages/airflow/example_dags/example_dag_decorator.py
[2024-04-27T02:50:09.602+0000] {logging_mixin.py:117} INFO - [2024-04-27T02:50:09.602+0000] {dag.py:2573} INFO - Sync 1 DAGs
[2024-04-27T02:50:09.626+0000] {logging_mixin.py:117} INFO - [2024-04-27T02:50:09.626+0000] {dag.py:3328} INFO - Setting next_dagrun for example_dag_decorator to None, run_after=None
[2024-04-27T02:50:09.647+0000] {processor.py:178} INFO - Processing /home/airflow/.local/lib/python3.7/site-packages/airflow/example_dags/example_dag_decorator.py took 0.202 seconds
[2024-04-27T02:50:40.334+0000] {processor.py:156} INFO - Started process (PID=11167) to work on /home/airflow/.local/lib/python3.7/site-packages/airflow/example_dags/example_dag_decorator.py
[2024-04-27T02:50:40.335+0000] {processor.py:758} INFO - Processing file /home/airflow/.local/lib/python3.7/site-packages/airflow/example_dags/example_dag_decorator.py for tasks to queue
[2024-04-27T02:50:40.336+0000] {logging_mixin.py:117} INFO - [2024-04-27T02:50:40.336+0000] {dagbag.py:525} INFO - Filling up the DagBag from /home/airflow/.local/lib/python3.7/site-packages/airflow/example_dags/example_dag_decorator.py
[2024-04-27T02:50:40.370+0000] {processor.py:768} INFO - DAG(s) dict_keys(['example_dag_decorator']) retrieved from /home/airflow/.local/lib/python3.7/site-packages/airflow/example_dags/example_dag_decorator.py
[2024-04-27T02:50:40.493+0000] {logging_mixin.py:117} INFO - [2024-04-27T02:50:40.493+0000] {dag.py:2573} INFO - Sync 1 DAGs
[2024-04-27T02:50:40.529+0000] {logging_mixin.py:117} INFO - [2024-04-27T02:50:40.529+0000] {dag.py:3328} INFO - Setting next_dagrun for example_dag_decorator to None, run_after=None
[2024-04-27T02:50:40.559+0000] {processor.py:178} INFO - Processing /home/airflow/.local/lib/python3.7/site-packages/airflow/example_dags/example_dag_decorator.py took 0.228 seconds
[2024-04-27T02:51:11.201+0000] {processor.py:156} INFO - Started process (PID=11385) to work on /home/airflow/.local/lib/python3.7/site-packages/airflow/example_dags/example_dag_decorator.py
[2024-04-27T02:51:11.202+0000] {processor.py:758} INFO - Processing file /home/airflow/.local/lib/python3.7/site-packages/airflow/example_dags/example_dag_decorator.py for tasks to queue
[2024-04-27T02:51:11.202+0000] {logging_mixin.py:117} INFO - [2024-04-27T02:51:11.202+0000] {dagbag.py:525} INFO - Filling up the DagBag from /home/airflow/.local/lib/python3.7/site-packages/airflow/example_dags/example_dag_decorator.py
[2024-04-27T02:51:11.301+0000] {processor.py:768} INFO - DAG(s) dict_keys(['example_dag_decorator']) retrieved from /home/airflow/.local/lib/python3.7/site-packages/airflow/example_dags/example_dag_decorator.py
[2024-04-27T02:51:11.588+0000] {logging_mixin.py:117} INFO - [2024-04-27T02:51:11.588+0000] {dag.py:2573} INFO - Sync 1 DAGs
[2024-04-27T02:51:11.656+0000] {logging_mixin.py:117} INFO - [2024-04-27T02:51:11.656+0000] {dag.py:3328} INFO - Setting next_dagrun for example_dag_decorator to None, run_after=None
[2024-04-27T02:51:11.697+0000] {processor.py:178} INFO - Processing /home/airflow/.local/lib/python3.7/site-packages/airflow/example_dags/example_dag_decorator.py took 0.511 seconds
[2024-04-27T02:51:42.306+0000] {processor.py:156} INFO - Started process (PID=11593) to work on /home/airflow/.local/lib/python3.7/site-packages/airflow/example_dags/example_dag_decorator.py
[2024-04-27T02:51:42.313+0000] {processor.py:758} INFO - Processing file /home/airflow/.local/lib/python3.7/site-packages/airflow/example_dags/example_dag_decorator.py for tasks to queue
[2024-04-27T02:51:42.314+0000] {logging_mixin.py:117} INFO - [2024-04-27T02:51:42.314+0000] {dagbag.py:525} INFO - Filling up the DagBag from /home/airflow/.local/lib/python3.7/site-packages/airflow/example_dags/example_dag_decorator.py
[2024-04-27T02:51:42.374+0000] {processor.py:768} INFO - DAG(s) dict_keys(['example_dag_decorator']) retrieved from /home/airflow/.local/lib/python3.7/site-packages/airflow/example_dags/example_dag_decorator.py
[2024-04-27T02:51:42.498+0000] {logging_mixin.py:117} INFO - [2024-04-27T02:51:42.498+0000] {dag.py:2573} INFO - Sync 1 DAGs
[2024-04-27T02:51:42.517+0000] {logging_mixin.py:117} INFO - [2024-04-27T02:51:42.517+0000] {dag.py:3328} INFO - Setting next_dagrun for example_dag_decorator to None, run_after=None
[2024-04-27T02:51:42.550+0000] {processor.py:178} INFO - Processing /home/airflow/.local/lib/python3.7/site-packages/airflow/example_dags/example_dag_decorator.py took 0.247 seconds
[2024-04-27T02:52:13.136+0000] {processor.py:156} INFO - Started process (PID=11811) to work on /home/airflow/.local/lib/python3.7/site-packages/airflow/example_dags/example_dag_decorator.py
[2024-04-27T02:52:13.136+0000] {processor.py:758} INFO - Processing file /home/airflow/.local/lib/python3.7/site-packages/airflow/example_dags/example_dag_decorator.py for tasks to queue
[2024-04-27T02:52:13.137+0000] {logging_mixin.py:117} INFO - [2024-04-27T02:52:13.137+0000] {dagbag.py:525} INFO - Filling up the DagBag from /home/airflow/.local/lib/python3.7/site-packages/airflow/example_dags/example_dag_decorator.py
[2024-04-27T02:52:13.173+0000] {processor.py:768} INFO - DAG(s) dict_keys(['example_dag_decorator']) retrieved from /home/airflow/.local/lib/python3.7/site-packages/airflow/example_dags/example_dag_decorator.py
[2024-04-27T02:52:13.273+0000] {logging_mixin.py:117} INFO - [2024-04-27T02:52:13.273+0000] {dag.py:2573} INFO - Sync 1 DAGs
[2024-04-27T02:52:13.300+0000] {logging_mixin.py:117} INFO - [2024-04-27T02:52:13.300+0000] {dag.py:3328} INFO - Setting next_dagrun for example_dag_decorator to None, run_after=None
[2024-04-27T02:52:13.321+0000] {processor.py:178} INFO - Processing /home/airflow/.local/lib/python3.7/site-packages/airflow/example_dags/example_dag_decorator.py took 0.189 seconds
[2024-04-27T02:52:43.694+0000] {processor.py:156} INFO - Started process (PID=12022) to work on /home/airflow/.local/lib/python3.7/site-packages/airflow/example_dags/example_dag_decorator.py
[2024-04-27T02:52:43.695+0000] {processor.py:758} INFO - Processing file /home/airflow/.local/lib/python3.7/site-packages/airflow/example_dags/example_dag_decorator.py for tasks to queue
[2024-04-27T02:52:43.695+0000] {logging_mixin.py:117} INFO - [2024-04-27T02:52:43.695+0000] {dagbag.py:525} INFO - Filling up the DagBag from /home/airflow/.local/lib/python3.7/site-packages/airflow/example_dags/example_dag_decorator.py
[2024-04-27T02:52:43.747+0000] {processor.py:768} INFO - DAG(s) dict_keys(['example_dag_decorator']) retrieved from /home/airflow/.local/lib/python3.7/site-packages/airflow/example_dags/example_dag_decorator.py
[2024-04-27T02:52:43.853+0000] {logging_mixin.py:117} INFO - [2024-04-27T02:52:43.853+0000] {dag.py:2573} INFO - Sync 1 DAGs
[2024-04-27T02:52:43.884+0000] {logging_mixin.py:117} INFO - [2024-04-27T02:52:43.884+0000] {dag.py:3328} INFO - Setting next_dagrun for example_dag_decorator to None, run_after=None
[2024-04-27T02:52:43.916+0000] {processor.py:178} INFO - Processing /home/airflow/.local/lib/python3.7/site-packages/airflow/example_dags/example_dag_decorator.py took 0.225 seconds
[2024-04-27T02:53:14.158+0000] {processor.py:156} INFO - Started process (PID=12240) to work on /home/airflow/.local/lib/python3.7/site-packages/airflow/example_dags/example_dag_decorator.py
[2024-04-27T02:53:14.159+0000] {processor.py:758} INFO - Processing file /home/airflow/.local/lib/python3.7/site-packages/airflow/example_dags/example_dag_decorator.py for tasks to queue
[2024-04-27T02:53:14.159+0000] {logging_mixin.py:117} INFO - [2024-04-27T02:53:14.159+0000] {dagbag.py:525} INFO - Filling up the DagBag from /home/airflow/.local/lib/python3.7/site-packages/airflow/example_dags/example_dag_decorator.py
[2024-04-27T02:53:14.193+0000] {processor.py:768} INFO - DAG(s) dict_keys(['example_dag_decorator']) retrieved from /home/airflow/.local/lib/python3.7/site-packages/airflow/example_dags/example_dag_decorator.py
[2024-04-27T02:53:14.294+0000] {logging_mixin.py:117} INFO - [2024-04-27T02:53:14.294+0000] {dag.py:2573} INFO - Sync 1 DAGs
[2024-04-27T02:53:14.327+0000] {logging_mixin.py:117} INFO - [2024-04-27T02:53:14.327+0000] {dag.py:3328} INFO - Setting next_dagrun for example_dag_decorator to None, run_after=None
[2024-04-27T02:53:14.351+0000] {processor.py:178} INFO - Processing /home/airflow/.local/lib/python3.7/site-packages/airflow/example_dags/example_dag_decorator.py took 0.196 seconds
[2024-04-27T02:53:44.991+0000] {processor.py:156} INFO - Started process (PID=12457) to work on /home/airflow/.local/lib/python3.7/site-packages/airflow/example_dags/example_dag_decorator.py
[2024-04-27T02:53:44.992+0000] {processor.py:758} INFO - Processing file /home/airflow/.local/lib/python3.7/site-packages/airflow/example_dags/example_dag_decorator.py for tasks to queue
[2024-04-27T02:53:44.993+0000] {logging_mixin.py:117} INFO - [2024-04-27T02:53:44.993+0000] {dagbag.py:525} INFO - Filling up the DagBag from /home/airflow/.local/lib/python3.7/site-packages/airflow/example_dags/example_dag_decorator.py
[2024-04-27T02:53:45.027+0000] {processor.py:768} INFO - DAG(s) dict_keys(['example_dag_decorator']) retrieved from /home/airflow/.local/lib/python3.7/site-packages/airflow/example_dags/example_dag_decorator.py
[2024-04-27T02:53:45.158+0000] {logging_mixin.py:117} INFO - [2024-04-27T02:53:45.158+0000] {dag.py:2573} INFO - Sync 1 DAGs
[2024-04-27T02:53:45.204+0000] {logging_mixin.py:117} INFO - [2024-04-27T02:53:45.204+0000] {dag.py:3328} INFO - Setting next_dagrun for example_dag_decorator to None, run_after=None
[2024-04-27T02:53:45.228+0000] {processor.py:178} INFO - Processing /home/airflow/.local/lib/python3.7/site-packages/airflow/example_dags/example_dag_decorator.py took 0.240 seconds
[2024-04-27T02:54:15.971+0000] {processor.py:156} INFO - Started process (PID=12666) to work on /home/airflow/.local/lib/python3.7/site-packages/airflow/example_dags/example_dag_decorator.py
[2024-04-27T02:54:15.972+0000] {processor.py:758} INFO - Processing file /home/airflow/.local/lib/python3.7/site-packages/airflow/example_dags/example_dag_decorator.py for tasks to queue
[2024-04-27T02:54:15.977+0000] {logging_mixin.py:117} INFO - [2024-04-27T02:54:15.977+0000] {dagbag.py:525} INFO - Filling up the DagBag from /home/airflow/.local/lib/python3.7/site-packages/airflow/example_dags/example_dag_decorator.py
[2024-04-27T02:54:16.040+0000] {processor.py:768} INFO - DAG(s) dict_keys(['example_dag_decorator']) retrieved from /home/airflow/.local/lib/python3.7/site-packages/airflow/example_dags/example_dag_decorator.py
[2024-04-27T02:54:16.212+0000] {logging_mixin.py:117} INFO - [2024-04-27T02:54:16.212+0000] {dag.py:2573} INFO - Sync 1 DAGs
[2024-04-27T02:54:16.250+0000] {logging_mixin.py:117} INFO - [2024-04-27T02:54:16.247+0000] {dag.py:3328} INFO - Setting next_dagrun for example_dag_decorator to None, run_after=None
[2024-04-27T02:54:16.305+0000] {processor.py:178} INFO - Processing /home/airflow/.local/lib/python3.7/site-packages/airflow/example_dags/example_dag_decorator.py took 0.337 seconds
[2024-04-27T02:54:47.129+0000] {processor.py:156} INFO - Started process (PID=12880) to work on /home/airflow/.local/lib/python3.7/site-packages/airflow/example_dags/example_dag_decorator.py
[2024-04-27T02:54:47.129+0000] {processor.py:758} INFO - Processing file /home/airflow/.local/lib/python3.7/site-packages/airflow/example_dags/example_dag_decorator.py for tasks to queue
[2024-04-27T02:54:47.130+0000] {logging_mixin.py:117} INFO - [2024-04-27T02:54:47.130+0000] {dagbag.py:525} INFO - Filling up the DagBag from /home/airflow/.local/lib/python3.7/site-packages/airflow/example_dags/example_dag_decorator.py
[2024-04-27T02:54:47.170+0000] {processor.py:768} INFO - DAG(s) dict_keys(['example_dag_decorator']) retrieved from /home/airflow/.local/lib/python3.7/site-packages/airflow/example_dags/example_dag_decorator.py
[2024-04-27T02:54:47.268+0000] {logging_mixin.py:117} INFO - [2024-04-27T02:54:47.267+0000] {dag.py:2573} INFO - Sync 1 DAGs
[2024-04-27T02:54:47.295+0000] {logging_mixin.py:117} INFO - [2024-04-27T02:54:47.295+0000] {dag.py:3328} INFO - Setting next_dagrun for example_dag_decorator to None, run_after=None
[2024-04-27T02:54:47.316+0000] {processor.py:178} INFO - Processing /home/airflow/.local/lib/python3.7/site-packages/airflow/example_dags/example_dag_decorator.py took 0.190 seconds
[2024-04-27T02:55:17.733+0000] {processor.py:156} INFO - Started process (PID=13100) to work on /home/airflow/.local/lib/python3.7/site-packages/airflow/example_dags/example_dag_decorator.py
[2024-04-27T02:55:17.734+0000] {processor.py:758} INFO - Processing file /home/airflow/.local/lib/python3.7/site-packages/airflow/example_dags/example_dag_decorator.py for tasks to queue
[2024-04-27T02:55:17.735+0000] {logging_mixin.py:117} INFO - [2024-04-27T02:55:17.734+0000] {dagbag.py:525} INFO - Filling up the DagBag from /home/airflow/.local/lib/python3.7/site-packages/airflow/example_dags/example_dag_decorator.py
[2024-04-27T02:55:17.769+0000] {processor.py:768} INFO - DAG(s) dict_keys(['example_dag_decorator']) retrieved from /home/airflow/.local/lib/python3.7/site-packages/airflow/example_dags/example_dag_decorator.py
[2024-04-27T02:55:17.867+0000] {logging_mixin.py:117} INFO - [2024-04-27T02:55:17.867+0000] {dag.py:2573} INFO - Sync 1 DAGs
[2024-04-27T02:55:17.891+0000] {logging_mixin.py:117} INFO - [2024-04-27T02:55:17.891+0000] {dag.py:3328} INFO - Setting next_dagrun for example_dag_decorator to None, run_after=None
[2024-04-27T02:55:17.911+0000] {processor.py:178} INFO - Processing /home/airflow/.local/lib/python3.7/site-packages/airflow/example_dags/example_dag_decorator.py took 0.181 seconds
[2024-04-27T02:55:48.618+0000] {processor.py:156} INFO - Started process (PID=13318) to work on /home/airflow/.local/lib/python3.7/site-packages/airflow/example_dags/example_dag_decorator.py
[2024-04-27T02:55:48.619+0000] {processor.py:758} INFO - Processing file /home/airflow/.local/lib/python3.7/site-packages/airflow/example_dags/example_dag_decorator.py for tasks to queue
[2024-04-27T02:55:48.623+0000] {logging_mixin.py:117} INFO - [2024-04-27T02:55:48.623+0000] {dagbag.py:525} INFO - Filling up the DagBag from /home/airflow/.local/lib/python3.7/site-packages/airflow/example_dags/example_dag_decorator.py
[2024-04-27T02:55:48.733+0000] {processor.py:768} INFO - DAG(s) dict_keys(['example_dag_decorator']) retrieved from /home/airflow/.local/lib/python3.7/site-packages/airflow/example_dags/example_dag_decorator.py
[2024-04-27T02:55:48.929+0000] {logging_mixin.py:117} INFO - [2024-04-27T02:55:48.929+0000] {dag.py:2573} INFO - Sync 1 DAGs
[2024-04-27T02:55:49.001+0000] {logging_mixin.py:117} INFO - [2024-04-27T02:55:49.001+0000] {dag.py:3328} INFO - Setting next_dagrun for example_dag_decorator to None, run_after=None
[2024-04-27T02:55:49.042+0000] {processor.py:178} INFO - Processing /home/airflow/.local/lib/python3.7/site-packages/airflow/example_dags/example_dag_decorator.py took 0.427 seconds
[2024-04-27T02:56:19.216+0000] {processor.py:156} INFO - Started process (PID=13527) to work on /home/airflow/.local/lib/python3.7/site-packages/airflow/example_dags/example_dag_decorator.py
[2024-04-27T02:56:19.217+0000] {processor.py:758} INFO - Processing file /home/airflow/.local/lib/python3.7/site-packages/airflow/example_dags/example_dag_decorator.py for tasks to queue
[2024-04-27T02:56:19.217+0000] {logging_mixin.py:117} INFO - [2024-04-27T02:56:19.217+0000] {dagbag.py:525} INFO - Filling up the DagBag from /home/airflow/.local/lib/python3.7/site-packages/airflow/example_dags/example_dag_decorator.py
[2024-04-27T02:56:19.250+0000] {processor.py:768} INFO - DAG(s) dict_keys(['example_dag_decorator']) retrieved from /home/airflow/.local/lib/python3.7/site-packages/airflow/example_dags/example_dag_decorator.py
[2024-04-27T02:56:19.378+0000] {logging_mixin.py:117} INFO - [2024-04-27T02:56:19.378+0000] {dag.py:2573} INFO - Sync 1 DAGs
[2024-04-27T02:56:19.414+0000] {logging_mixin.py:117} INFO - [2024-04-27T02:56:19.413+0000] {dag.py:3328} INFO - Setting next_dagrun for example_dag_decorator to None, run_after=None
[2024-04-27T02:56:19.437+0000] {processor.py:178} INFO - Processing /home/airflow/.local/lib/python3.7/site-packages/airflow/example_dags/example_dag_decorator.py took 0.224 seconds
[2024-04-27T02:56:50.048+0000] {processor.py:156} INFO - Started process (PID=13742) to work on /home/airflow/.local/lib/python3.7/site-packages/airflow/example_dags/example_dag_decorator.py
[2024-04-27T02:56:50.049+0000] {processor.py:758} INFO - Processing file /home/airflow/.local/lib/python3.7/site-packages/airflow/example_dags/example_dag_decorator.py for tasks to queue
[2024-04-27T02:56:50.050+0000] {logging_mixin.py:117} INFO - [2024-04-27T02:56:50.050+0000] {dagbag.py:525} INFO - Filling up the DagBag from /home/airflow/.local/lib/python3.7/site-packages/airflow/example_dags/example_dag_decorator.py
[2024-04-27T02:56:50.122+0000] {processor.py:768} INFO - DAG(s) dict_keys(['example_dag_decorator']) retrieved from /home/airflow/.local/lib/python3.7/site-packages/airflow/example_dags/example_dag_decorator.py
[2024-04-27T02:56:50.309+0000] {logging_mixin.py:117} INFO - [2024-04-27T02:56:50.309+0000] {dag.py:2573} INFO - Sync 1 DAGs
[2024-04-27T02:56:50.380+0000] {logging_mixin.py:117} INFO - [2024-04-27T02:56:50.379+0000] {dag.py:3328} INFO - Setting next_dagrun for example_dag_decorator to None, run_after=None
[2024-04-27T02:56:50.417+0000] {processor.py:178} INFO - Processing /home/airflow/.local/lib/python3.7/site-packages/airflow/example_dags/example_dag_decorator.py took 0.371 seconds
[2024-04-27T02:57:21.023+0000] {processor.py:156} INFO - Started process (PID=13964) to work on /home/airflow/.local/lib/python3.7/site-packages/airflow/example_dags/example_dag_decorator.py
[2024-04-27T02:57:21.024+0000] {processor.py:758} INFO - Processing file /home/airflow/.local/lib/python3.7/site-packages/airflow/example_dags/example_dag_decorator.py for tasks to queue
[2024-04-27T02:57:21.025+0000] {logging_mixin.py:117} INFO - [2024-04-27T02:57:21.025+0000] {dagbag.py:525} INFO - Filling up the DagBag from /home/airflow/.local/lib/python3.7/site-packages/airflow/example_dags/example_dag_decorator.py
[2024-04-27T02:57:21.061+0000] {processor.py:768} INFO - DAG(s) dict_keys(['example_dag_decorator']) retrieved from /home/airflow/.local/lib/python3.7/site-packages/airflow/example_dags/example_dag_decorator.py
[2024-04-27T02:57:21.166+0000] {logging_mixin.py:117} INFO - [2024-04-27T02:57:21.166+0000] {dag.py:2573} INFO - Sync 1 DAGs
[2024-04-27T02:57:21.192+0000] {logging_mixin.py:117} INFO - [2024-04-27T02:57:21.192+0000] {dag.py:3328} INFO - Setting next_dagrun for example_dag_decorator to None, run_after=None
[2024-04-27T02:57:21.218+0000] {processor.py:178} INFO - Processing /home/airflow/.local/lib/python3.7/site-packages/airflow/example_dags/example_dag_decorator.py took 0.198 seconds
[2024-04-27T03:11:35.010+0000] {processor.py:156} INFO - Started process (PID=199) to work on /home/airflow/.local/lib/python3.7/site-packages/airflow/example_dags/example_dag_decorator.py
[2024-04-27T03:11:35.019+0000] {processor.py:758} INFO - Processing file /home/airflow/.local/lib/python3.7/site-packages/airflow/example_dags/example_dag_decorator.py for tasks to queue
[2024-04-27T03:11:35.020+0000] {logging_mixin.py:117} INFO - [2024-04-27T03:11:35.020+0000] {dagbag.py:525} INFO - Filling up the DagBag from /home/airflow/.local/lib/python3.7/site-packages/airflow/example_dags/example_dag_decorator.py
[2024-04-27T03:11:35.093+0000] {processor.py:768} INFO - DAG(s) dict_keys(['example_dag_decorator']) retrieved from /home/airflow/.local/lib/python3.7/site-packages/airflow/example_dags/example_dag_decorator.py
[2024-04-27T03:11:35.291+0000] {logging_mixin.py:117} INFO - [2024-04-27T03:11:35.291+0000] {dag.py:2573} INFO - Sync 1 DAGs
[2024-04-27T03:11:35.349+0000] {logging_mixin.py:117} INFO - [2024-04-27T03:11:35.349+0000] {dag.py:3328} INFO - Setting next_dagrun for example_dag_decorator to None, run_after=None
[2024-04-27T03:11:35.396+0000] {processor.py:178} INFO - Processing /home/airflow/.local/lib/python3.7/site-packages/airflow/example_dags/example_dag_decorator.py took 0.389 seconds
