[2024-04-27T02:24:38.536+0000] {processor.py:156} INFO - Started process (PID=358) to work on /home/airflow/.local/lib/python3.7/site-packages/airflow/example_dags/example_bash_operator.py
[2024-04-27T02:24:38.538+0000] {processor.py:758} INFO - Processing file /home/airflow/.local/lib/python3.7/site-packages/airflow/example_dags/example_bash_operator.py for tasks to queue
[2024-04-27T02:24:38.539+0000] {logging_mixin.py:117} INFO - [2024-04-27T02:24:38.539+0000] {dagbag.py:525} INFO - Filling up the DagBag from /home/airflow/.local/lib/python3.7/site-packages/airflow/example_dags/example_bash_operator.py
[2024-04-27T02:24:38.619+0000] {processor.py:768} INFO - DAG(s) dict_keys(['example_bash_operator']) retrieved from /home/airflow/.local/lib/python3.7/site-packages/airflow/example_dags/example_bash_operator.py
[2024-04-27T02:24:38.843+0000] {logging_mixin.py:117} INFO - [2024-04-27T02:24:38.843+0000] {dag.py:2573} INFO - Sync 1 DAGs
[2024-04-27T02:24:38.934+0000] {logging_mixin.py:117} INFO - [2024-04-27T02:24:38.934+0000] {dag.py:3328} INFO - Setting next_dagrun for example_bash_operator to 2024-04-26T00:00:00+00:00, run_after=2024-04-27T00:00:00+00:00
[2024-04-27T02:24:39.005+0000] {processor.py:178} INFO - Processing /home/airflow/.local/lib/python3.7/site-packages/airflow/example_dags/example_bash_operator.py took 0.473 seconds
[2024-04-27T02:25:09.645+0000] {processor.py:156} INFO - Started process (PID=570) to work on /home/airflow/.local/lib/python3.7/site-packages/airflow/example_dags/example_bash_operator.py
[2024-04-27T02:25:09.661+0000] {processor.py:758} INFO - Processing file /home/airflow/.local/lib/python3.7/site-packages/airflow/example_dags/example_bash_operator.py for tasks to queue
[2024-04-27T02:25:09.661+0000] {logging_mixin.py:117} INFO - [2024-04-27T02:25:09.661+0000] {dagbag.py:525} INFO - Filling up the DagBag from /home/airflow/.local/lib/python3.7/site-packages/airflow/example_dags/example_bash_operator.py
[2024-04-27T02:25:09.746+0000] {processor.py:768} INFO - DAG(s) dict_keys(['example_bash_operator']) retrieved from /home/airflow/.local/lib/python3.7/site-packages/airflow/example_dags/example_bash_operator.py
[2024-04-27T02:25:09.838+0000] {logging_mixin.py:117} INFO - [2024-04-27T02:25:09.838+0000] {dag.py:2573} INFO - Sync 1 DAGs
[2024-04-27T02:25:09.870+0000] {logging_mixin.py:117} INFO - [2024-04-27T02:25:09.870+0000] {dag.py:3328} INFO - Setting next_dagrun for example_bash_operator to 2024-04-26T00:00:00+00:00, run_after=2024-04-27T00:00:00+00:00
[2024-04-27T02:25:09.901+0000] {processor.py:178} INFO - Processing /home/airflow/.local/lib/python3.7/site-packages/airflow/example_dags/example_bash_operator.py took 0.262 seconds
[2024-04-27T02:25:40.513+0000] {processor.py:156} INFO - Started process (PID=789) to work on /home/airflow/.local/lib/python3.7/site-packages/airflow/example_dags/example_bash_operator.py
[2024-04-27T02:25:40.517+0000] {processor.py:758} INFO - Processing file /home/airflow/.local/lib/python3.7/site-packages/airflow/example_dags/example_bash_operator.py for tasks to queue
[2024-04-27T02:25:40.518+0000] {logging_mixin.py:117} INFO - [2024-04-27T02:25:40.518+0000] {dagbag.py:525} INFO - Filling up the DagBag from /home/airflow/.local/lib/python3.7/site-packages/airflow/example_dags/example_bash_operator.py
[2024-04-27T02:25:40.550+0000] {processor.py:768} INFO - DAG(s) dict_keys(['example_bash_operator']) retrieved from /home/airflow/.local/lib/python3.7/site-packages/airflow/example_dags/example_bash_operator.py
[2024-04-27T02:25:40.670+0000] {logging_mixin.py:117} INFO - [2024-04-27T02:25:40.670+0000] {dag.py:2573} INFO - Sync 1 DAGs
[2024-04-27T02:25:40.714+0000] {logging_mixin.py:117} INFO - [2024-04-27T02:25:40.714+0000] {dag.py:3328} INFO - Setting next_dagrun for example_bash_operator to 2024-04-26T00:00:00+00:00, run_after=2024-04-27T00:00:00+00:00
[2024-04-27T02:25:40.744+0000] {processor.py:178} INFO - Processing /home/airflow/.local/lib/python3.7/site-packages/airflow/example_dags/example_bash_operator.py took 0.240 seconds
[2024-04-27T02:26:11.738+0000] {processor.py:156} INFO - Started process (PID=999) to work on /home/airflow/.local/lib/python3.7/site-packages/airflow/example_dags/example_bash_operator.py
[2024-04-27T02:26:11.739+0000] {processor.py:758} INFO - Processing file /home/airflow/.local/lib/python3.7/site-packages/airflow/example_dags/example_bash_operator.py for tasks to queue
[2024-04-27T02:26:11.740+0000] {logging_mixin.py:117} INFO - [2024-04-27T02:26:11.740+0000] {dagbag.py:525} INFO - Filling up the DagBag from /home/airflow/.local/lib/python3.7/site-packages/airflow/example_dags/example_bash_operator.py
[2024-04-27T02:26:11.765+0000] {processor.py:768} INFO - DAG(s) dict_keys(['example_bash_operator']) retrieved from /home/airflow/.local/lib/python3.7/site-packages/airflow/example_dags/example_bash_operator.py
[2024-04-27T02:26:11.827+0000] {logging_mixin.py:117} INFO - [2024-04-27T02:26:11.827+0000] {dag.py:2573} INFO - Sync 1 DAGs
[2024-04-27T02:26:11.862+0000] {logging_mixin.py:117} INFO - [2024-04-27T02:26:11.861+0000] {dag.py:3328} INFO - Setting next_dagrun for example_bash_operator to 2024-04-26T00:00:00+00:00, run_after=2024-04-27T00:00:00+00:00
[2024-04-27T02:26:11.939+0000] {processor.py:178} INFO - Processing /home/airflow/.local/lib/python3.7/site-packages/airflow/example_dags/example_bash_operator.py took 0.203 seconds
[2024-04-27T02:26:41.997+0000] {processor.py:156} INFO - Started process (PID=1222) to work on /home/airflow/.local/lib/python3.7/site-packages/airflow/example_dags/example_bash_operator.py
[2024-04-27T02:26:41.998+0000] {processor.py:758} INFO - Processing file /home/airflow/.local/lib/python3.7/site-packages/airflow/example_dags/example_bash_operator.py for tasks to queue
[2024-04-27T02:26:41.999+0000] {logging_mixin.py:117} INFO - [2024-04-27T02:26:41.999+0000] {dagbag.py:525} INFO - Filling up the DagBag from /home/airflow/.local/lib/python3.7/site-packages/airflow/example_dags/example_bash_operator.py
[2024-04-27T02:26:42.036+0000] {processor.py:768} INFO - DAG(s) dict_keys(['example_bash_operator']) retrieved from /home/airflow/.local/lib/python3.7/site-packages/airflow/example_dags/example_bash_operator.py
[2024-04-27T02:26:42.105+0000] {logging_mixin.py:117} INFO - [2024-04-27T02:26:42.105+0000] {dag.py:2573} INFO - Sync 1 DAGs
[2024-04-27T02:26:42.139+0000] {logging_mixin.py:117} INFO - [2024-04-27T02:26:42.139+0000] {dag.py:3328} INFO - Setting next_dagrun for example_bash_operator to 2024-04-26T00:00:00+00:00, run_after=2024-04-27T00:00:00+00:00
[2024-04-27T02:26:42.357+0000] {processor.py:178} INFO - Processing /home/airflow/.local/lib/python3.7/site-packages/airflow/example_dags/example_bash_operator.py took 0.363 seconds
[2024-04-27T02:27:13.754+0000] {processor.py:156} INFO - Started process (PID=1435) to work on /home/airflow/.local/lib/python3.7/site-packages/airflow/example_dags/example_bash_operator.py
[2024-04-27T02:27:13.755+0000] {processor.py:758} INFO - Processing file /home/airflow/.local/lib/python3.7/site-packages/airflow/example_dags/example_bash_operator.py for tasks to queue
[2024-04-27T02:27:13.756+0000] {logging_mixin.py:117} INFO - [2024-04-27T02:27:13.756+0000] {dagbag.py:525} INFO - Filling up the DagBag from /home/airflow/.local/lib/python3.7/site-packages/airflow/example_dags/example_bash_operator.py
[2024-04-27T02:27:13.829+0000] {processor.py:768} INFO - DAG(s) dict_keys(['example_bash_operator']) retrieved from /home/airflow/.local/lib/python3.7/site-packages/airflow/example_dags/example_bash_operator.py
[2024-04-27T02:27:14.061+0000] {logging_mixin.py:117} INFO - [2024-04-27T02:27:14.061+0000] {dag.py:2573} INFO - Sync 1 DAGs
[2024-04-27T02:27:14.499+0000] {logging_mixin.py:117} INFO - [2024-04-27T02:27:14.499+0000] {dag.py:3328} INFO - Setting next_dagrun for example_bash_operator to 2024-04-26T00:00:00+00:00, run_after=2024-04-27T00:00:00+00:00
[2024-04-27T02:27:14.525+0000] {processor.py:178} INFO - Processing /home/airflow/.local/lib/python3.7/site-packages/airflow/example_dags/example_bash_operator.py took 0.775 seconds
[2024-04-27T02:27:44.728+0000] {processor.py:156} INFO - Started process (PID=1655) to work on /home/airflow/.local/lib/python3.7/site-packages/airflow/example_dags/example_bash_operator.py
[2024-04-27T02:27:44.729+0000] {processor.py:758} INFO - Processing file /home/airflow/.local/lib/python3.7/site-packages/airflow/example_dags/example_bash_operator.py for tasks to queue
[2024-04-27T02:27:44.730+0000] {logging_mixin.py:117} INFO - [2024-04-27T02:27:44.730+0000] {dagbag.py:525} INFO - Filling up the DagBag from /home/airflow/.local/lib/python3.7/site-packages/airflow/example_dags/example_bash_operator.py
[2024-04-27T02:27:44.779+0000] {processor.py:768} INFO - DAG(s) dict_keys(['example_bash_operator']) retrieved from /home/airflow/.local/lib/python3.7/site-packages/airflow/example_dags/example_bash_operator.py
[2024-04-27T02:27:45.003+0000] {logging_mixin.py:117} INFO - [2024-04-27T02:27:45.003+0000] {dag.py:2573} INFO - Sync 1 DAGs
[2024-04-27T02:27:45.035+0000] {logging_mixin.py:117} INFO - [2024-04-27T02:27:45.034+0000] {dag.py:3328} INFO - Setting next_dagrun for example_bash_operator to 2024-04-26T00:00:00+00:00, run_after=2024-04-27T00:00:00+00:00
[2024-04-27T02:27:45.060+0000] {processor.py:178} INFO - Processing /home/airflow/.local/lib/python3.7/site-packages/airflow/example_dags/example_bash_operator.py took 0.335 seconds
[2024-04-27T02:28:15.111+0000] {processor.py:156} INFO - Started process (PID=1870) to work on /home/airflow/.local/lib/python3.7/site-packages/airflow/example_dags/example_bash_operator.py
[2024-04-27T02:28:15.112+0000] {processor.py:758} INFO - Processing file /home/airflow/.local/lib/python3.7/site-packages/airflow/example_dags/example_bash_operator.py for tasks to queue
[2024-04-27T02:28:15.112+0000] {logging_mixin.py:117} INFO - [2024-04-27T02:28:15.112+0000] {dagbag.py:525} INFO - Filling up the DagBag from /home/airflow/.local/lib/python3.7/site-packages/airflow/example_dags/example_bash_operator.py
[2024-04-27T02:28:15.134+0000] {processor.py:768} INFO - DAG(s) dict_keys(['example_bash_operator']) retrieved from /home/airflow/.local/lib/python3.7/site-packages/airflow/example_dags/example_bash_operator.py
[2024-04-27T02:28:15.297+0000] {logging_mixin.py:117} INFO - [2024-04-27T02:28:15.297+0000] {dag.py:2573} INFO - Sync 1 DAGs
[2024-04-27T02:28:15.318+0000] {logging_mixin.py:117} INFO - [2024-04-27T02:28:15.317+0000] {dag.py:3328} INFO - Setting next_dagrun for example_bash_operator to 2024-04-26T00:00:00+00:00, run_after=2024-04-27T00:00:00+00:00
[2024-04-27T02:28:15.338+0000] {processor.py:178} INFO - Processing /home/airflow/.local/lib/python3.7/site-packages/airflow/example_dags/example_bash_operator.py took 0.229 seconds
[2024-04-27T02:28:46.130+0000] {processor.py:156} INFO - Started process (PID=2088) to work on /home/airflow/.local/lib/python3.7/site-packages/airflow/example_dags/example_bash_operator.py
[2024-04-27T02:28:46.131+0000] {processor.py:758} INFO - Processing file /home/airflow/.local/lib/python3.7/site-packages/airflow/example_dags/example_bash_operator.py for tasks to queue
[2024-04-27T02:28:46.131+0000] {logging_mixin.py:117} INFO - [2024-04-27T02:28:46.131+0000] {dagbag.py:525} INFO - Filling up the DagBag from /home/airflow/.local/lib/python3.7/site-packages/airflow/example_dags/example_bash_operator.py
[2024-04-27T02:28:46.280+0000] {processor.py:768} INFO - DAG(s) dict_keys(['example_bash_operator']) retrieved from /home/airflow/.local/lib/python3.7/site-packages/airflow/example_dags/example_bash_operator.py
[2024-04-27T02:28:46.315+0000] {logging_mixin.py:117} INFO - [2024-04-27T02:28:46.315+0000] {dag.py:2573} INFO - Sync 1 DAGs
[2024-04-27T02:28:46.336+0000] {logging_mixin.py:117} INFO - [2024-04-27T02:28:46.336+0000] {dag.py:3328} INFO - Setting next_dagrun for example_bash_operator to 2024-04-26T00:00:00+00:00, run_after=2024-04-27T00:00:00+00:00
[2024-04-27T02:28:46.358+0000] {processor.py:178} INFO - Processing /home/airflow/.local/lib/python3.7/site-packages/airflow/example_dags/example_bash_operator.py took 0.231 seconds
[2024-04-27T02:29:17.575+0000] {processor.py:156} INFO - Started process (PID=2305) to work on /home/airflow/.local/lib/python3.7/site-packages/airflow/example_dags/example_bash_operator.py
[2024-04-27T02:29:17.575+0000] {processor.py:758} INFO - Processing file /home/airflow/.local/lib/python3.7/site-packages/airflow/example_dags/example_bash_operator.py for tasks to queue
[2024-04-27T02:29:17.576+0000] {logging_mixin.py:117} INFO - [2024-04-27T02:29:17.576+0000] {dagbag.py:525} INFO - Filling up the DagBag from /home/airflow/.local/lib/python3.7/site-packages/airflow/example_dags/example_bash_operator.py
[2024-04-27T02:29:17.623+0000] {processor.py:768} INFO - DAG(s) dict_keys(['example_bash_operator']) retrieved from /home/airflow/.local/lib/python3.7/site-packages/airflow/example_dags/example_bash_operator.py
[2024-04-27T02:29:17.706+0000] {logging_mixin.py:117} INFO - [2024-04-27T02:29:17.706+0000] {dag.py:2573} INFO - Sync 1 DAGs
[2024-04-27T02:29:17.898+0000] {logging_mixin.py:117} INFO - [2024-04-27T02:29:17.898+0000] {dag.py:3328} INFO - Setting next_dagrun for example_bash_operator to 2024-04-26T00:00:00+00:00, run_after=2024-04-27T00:00:00+00:00
[2024-04-27T02:29:17.922+0000] {processor.py:178} INFO - Processing /home/airflow/.local/lib/python3.7/site-packages/airflow/example_dags/example_bash_operator.py took 0.351 seconds
[2024-04-27T02:29:48.421+0000] {processor.py:156} INFO - Started process (PID=2512) to work on /home/airflow/.local/lib/python3.7/site-packages/airflow/example_dags/example_bash_operator.py
[2024-04-27T02:29:48.422+0000] {processor.py:758} INFO - Processing file /home/airflow/.local/lib/python3.7/site-packages/airflow/example_dags/example_bash_operator.py for tasks to queue
[2024-04-27T02:29:48.423+0000] {logging_mixin.py:117} INFO - [2024-04-27T02:29:48.423+0000] {dagbag.py:525} INFO - Filling up the DagBag from /home/airflow/.local/lib/python3.7/site-packages/airflow/example_dags/example_bash_operator.py
[2024-04-27T02:29:48.446+0000] {processor.py:768} INFO - DAG(s) dict_keys(['example_bash_operator']) retrieved from /home/airflow/.local/lib/python3.7/site-packages/airflow/example_dags/example_bash_operator.py
[2024-04-27T02:29:48.617+0000] {logging_mixin.py:117} INFO - [2024-04-27T02:29:48.617+0000] {dag.py:2573} INFO - Sync 1 DAGs
[2024-04-27T02:29:48.637+0000] {logging_mixin.py:117} INFO - [2024-04-27T02:29:48.637+0000] {dag.py:3328} INFO - Setting next_dagrun for example_bash_operator to 2024-04-26T00:00:00+00:00, run_after=2024-04-27T00:00:00+00:00
[2024-04-27T02:29:48.656+0000] {processor.py:178} INFO - Processing /home/airflow/.local/lib/python3.7/site-packages/airflow/example_dags/example_bash_operator.py took 0.238 seconds
[2024-04-27T02:30:19.869+0000] {processor.py:156} INFO - Started process (PID=2720) to work on /home/airflow/.local/lib/python3.7/site-packages/airflow/example_dags/example_bash_operator.py
[2024-04-27T02:30:19.870+0000] {processor.py:758} INFO - Processing file /home/airflow/.local/lib/python3.7/site-packages/airflow/example_dags/example_bash_operator.py for tasks to queue
[2024-04-27T02:30:19.871+0000] {logging_mixin.py:117} INFO - [2024-04-27T02:30:19.871+0000] {dagbag.py:525} INFO - Filling up the DagBag from /home/airflow/.local/lib/python3.7/site-packages/airflow/example_dags/example_bash_operator.py
[2024-04-27T02:30:19.897+0000] {processor.py:768} INFO - DAG(s) dict_keys(['example_bash_operator']) retrieved from /home/airflow/.local/lib/python3.7/site-packages/airflow/example_dags/example_bash_operator.py
[2024-04-27T02:30:20.186+0000] {logging_mixin.py:117} INFO - [2024-04-27T02:30:20.186+0000] {dag.py:2573} INFO - Sync 1 DAGs
[2024-04-27T02:30:20.222+0000] {logging_mixin.py:117} INFO - [2024-04-27T02:30:20.222+0000] {dag.py:3328} INFO - Setting next_dagrun for example_bash_operator to 2024-04-26T00:00:00+00:00, run_after=2024-04-27T00:00:00+00:00
[2024-04-27T02:30:20.249+0000] {processor.py:178} INFO - Processing /home/airflow/.local/lib/python3.7/site-packages/airflow/example_dags/example_bash_operator.py took 0.383 seconds
[2024-04-27T02:30:55.447+0000] {processor.py:156} INFO - Started process (PID=2938) to work on /home/airflow/.local/lib/python3.7/site-packages/airflow/example_dags/example_bash_operator.py
[2024-04-27T02:30:55.456+0000] {processor.py:758} INFO - Processing file /home/airflow/.local/lib/python3.7/site-packages/airflow/example_dags/example_bash_operator.py for tasks to queue
[2024-04-27T02:30:55.457+0000] {logging_mixin.py:117} INFO - [2024-04-27T02:30:55.457+0000] {dagbag.py:525} INFO - Filling up the DagBag from /home/airflow/.local/lib/python3.7/site-packages/airflow/example_dags/example_bash_operator.py
[2024-04-27T02:30:55.853+0000] {processor.py:768} INFO - DAG(s) dict_keys(['example_bash_operator']) retrieved from /home/airflow/.local/lib/python3.7/site-packages/airflow/example_dags/example_bash_operator.py
[2024-04-27T02:30:56.026+0000] {logging_mixin.py:117} INFO - [2024-04-27T02:30:56.009+0000] {dag.py:2573} INFO - Sync 1 DAGs
[2024-04-27T02:30:56.136+0000] {logging_mixin.py:117} INFO - [2024-04-27T02:30:56.135+0000] {dag.py:3328} INFO - Setting next_dagrun for example_bash_operator to 2024-04-26T00:00:00+00:00, run_after=2024-04-27T00:00:00+00:00
[2024-04-27T02:30:56.165+0000] {processor.py:178} INFO - Processing /home/airflow/.local/lib/python3.7/site-packages/airflow/example_dags/example_bash_operator.py took 0.727 seconds
[2024-04-27T02:31:26.853+0000] {processor.py:156} INFO - Started process (PID=3157) to work on /home/airflow/.local/lib/python3.7/site-packages/airflow/example_dags/example_bash_operator.py
[2024-04-27T02:31:26.862+0000] {processor.py:758} INFO - Processing file /home/airflow/.local/lib/python3.7/site-packages/airflow/example_dags/example_bash_operator.py for tasks to queue
[2024-04-27T02:31:26.862+0000] {logging_mixin.py:117} INFO - [2024-04-27T02:31:26.862+0000] {dagbag.py:525} INFO - Filling up the DagBag from /home/airflow/.local/lib/python3.7/site-packages/airflow/example_dags/example_bash_operator.py
[2024-04-27T02:31:26.920+0000] {processor.py:768} INFO - DAG(s) dict_keys(['example_bash_operator']) retrieved from /home/airflow/.local/lib/python3.7/site-packages/airflow/example_dags/example_bash_operator.py
[2024-04-27T02:31:27.024+0000] {logging_mixin.py:117} INFO - [2024-04-27T02:31:27.024+0000] {dag.py:2573} INFO - Sync 1 DAGs
[2024-04-27T02:31:27.290+0000] {logging_mixin.py:117} INFO - [2024-04-27T02:31:27.290+0000] {dag.py:3328} INFO - Setting next_dagrun for example_bash_operator to 2024-04-26T00:00:00+00:00, run_after=2024-04-27T00:00:00+00:00
[2024-04-27T02:31:27.318+0000] {processor.py:178} INFO - Processing /home/airflow/.local/lib/python3.7/site-packages/airflow/example_dags/example_bash_operator.py took 0.470 seconds
[2024-04-27T02:31:57.844+0000] {processor.py:156} INFO - Started process (PID=3367) to work on /home/airflow/.local/lib/python3.7/site-packages/airflow/example_dags/example_bash_operator.py
[2024-04-27T02:31:57.845+0000] {processor.py:758} INFO - Processing file /home/airflow/.local/lib/python3.7/site-packages/airflow/example_dags/example_bash_operator.py for tasks to queue
[2024-04-27T02:31:57.846+0000] {logging_mixin.py:117} INFO - [2024-04-27T02:31:57.846+0000] {dagbag.py:525} INFO - Filling up the DagBag from /home/airflow/.local/lib/python3.7/site-packages/airflow/example_dags/example_bash_operator.py
[2024-04-27T02:31:57.872+0000] {processor.py:768} INFO - DAG(s) dict_keys(['example_bash_operator']) retrieved from /home/airflow/.local/lib/python3.7/site-packages/airflow/example_dags/example_bash_operator.py
[2024-04-27T02:31:57.937+0000] {logging_mixin.py:117} INFO - [2024-04-27T02:31:57.936+0000] {dag.py:2573} INFO - Sync 1 DAGs
[2024-04-27T02:31:58.109+0000] {logging_mixin.py:117} INFO - [2024-04-27T02:31:58.109+0000] {dag.py:3328} INFO - Setting next_dagrun for example_bash_operator to 2024-04-26T00:00:00+00:00, run_after=2024-04-27T00:00:00+00:00
[2024-04-27T02:31:58.133+0000] {processor.py:178} INFO - Processing /home/airflow/.local/lib/python3.7/site-packages/airflow/example_dags/example_bash_operator.py took 0.292 seconds
[2024-04-27T02:32:28.825+0000] {processor.py:156} INFO - Started process (PID=3584) to work on /home/airflow/.local/lib/python3.7/site-packages/airflow/example_dags/example_bash_operator.py
[2024-04-27T02:32:28.831+0000] {processor.py:758} INFO - Processing file /home/airflow/.local/lib/python3.7/site-packages/airflow/example_dags/example_bash_operator.py for tasks to queue
[2024-04-27T02:32:28.832+0000] {logging_mixin.py:117} INFO - [2024-04-27T02:32:28.832+0000] {dagbag.py:525} INFO - Filling up the DagBag from /home/airflow/.local/lib/python3.7/site-packages/airflow/example_dags/example_bash_operator.py
[2024-04-27T02:32:28.886+0000] {processor.py:768} INFO - DAG(s) dict_keys(['example_bash_operator']) retrieved from /home/airflow/.local/lib/python3.7/site-packages/airflow/example_dags/example_bash_operator.py
[2024-04-27T02:32:29.285+0000] {logging_mixin.py:117} INFO - [2024-04-27T02:32:29.285+0000] {dag.py:2573} INFO - Sync 1 DAGs
[2024-04-27T02:32:29.344+0000] {logging_mixin.py:117} INFO - [2024-04-27T02:32:29.343+0000] {dag.py:3328} INFO - Setting next_dagrun for example_bash_operator to 2024-04-26T00:00:00+00:00, run_after=2024-04-27T00:00:00+00:00
[2024-04-27T02:32:29.369+0000] {processor.py:178} INFO - Processing /home/airflow/.local/lib/python3.7/site-packages/airflow/example_dags/example_bash_operator.py took 0.547 seconds
[2024-04-27T02:32:59.753+0000] {processor.py:156} INFO - Started process (PID=3805) to work on /home/airflow/.local/lib/python3.7/site-packages/airflow/example_dags/example_bash_operator.py
[2024-04-27T02:32:59.754+0000] {processor.py:758} INFO - Processing file /home/airflow/.local/lib/python3.7/site-packages/airflow/example_dags/example_bash_operator.py for tasks to queue
[2024-04-27T02:32:59.755+0000] {logging_mixin.py:117} INFO - [2024-04-27T02:32:59.755+0000] {dagbag.py:525} INFO - Filling up the DagBag from /home/airflow/.local/lib/python3.7/site-packages/airflow/example_dags/example_bash_operator.py
[2024-04-27T02:32:59.781+0000] {processor.py:768} INFO - DAG(s) dict_keys(['example_bash_operator']) retrieved from /home/airflow/.local/lib/python3.7/site-packages/airflow/example_dags/example_bash_operator.py
[2024-04-27T02:32:59.977+0000] {logging_mixin.py:117} INFO - [2024-04-27T02:32:59.977+0000] {dag.py:2573} INFO - Sync 1 DAGs
[2024-04-27T02:33:00.009+0000] {logging_mixin.py:117} INFO - [2024-04-27T02:33:00.008+0000] {dag.py:3328} INFO - Setting next_dagrun for example_bash_operator to 2024-04-26T00:00:00+00:00, run_after=2024-04-27T00:00:00+00:00
[2024-04-27T02:33:00.048+0000] {processor.py:178} INFO - Processing /home/airflow/.local/lib/python3.7/site-packages/airflow/example_dags/example_bash_operator.py took 0.298 seconds
[2024-04-27T02:33:30.374+0000] {processor.py:156} INFO - Started process (PID=4014) to work on /home/airflow/.local/lib/python3.7/site-packages/airflow/example_dags/example_bash_operator.py
[2024-04-27T02:33:30.375+0000] {processor.py:758} INFO - Processing file /home/airflow/.local/lib/python3.7/site-packages/airflow/example_dags/example_bash_operator.py for tasks to queue
[2024-04-27T02:33:30.376+0000] {logging_mixin.py:117} INFO - [2024-04-27T02:33:30.375+0000] {dagbag.py:525} INFO - Filling up the DagBag from /home/airflow/.local/lib/python3.7/site-packages/airflow/example_dags/example_bash_operator.py
[2024-04-27T02:33:30.406+0000] {processor.py:768} INFO - DAG(s) dict_keys(['example_bash_operator']) retrieved from /home/airflow/.local/lib/python3.7/site-packages/airflow/example_dags/example_bash_operator.py
[2024-04-27T02:33:30.508+0000] {logging_mixin.py:117} INFO - [2024-04-27T02:33:30.508+0000] {dag.py:2573} INFO - Sync 1 DAGs
[2024-04-27T02:33:30.698+0000] {logging_mixin.py:117} INFO - [2024-04-27T02:33:30.698+0000] {dag.py:3328} INFO - Setting next_dagrun for example_bash_operator to 2024-04-26T00:00:00+00:00, run_after=2024-04-27T00:00:00+00:00
[2024-04-27T02:33:30.726+0000] {processor.py:178} INFO - Processing /home/airflow/.local/lib/python3.7/site-packages/airflow/example_dags/example_bash_operator.py took 0.355 seconds
[2024-04-27T02:34:01.071+0000] {processor.py:156} INFO - Started process (PID=4231) to work on /home/airflow/.local/lib/python3.7/site-packages/airflow/example_dags/example_bash_operator.py
[2024-04-27T02:34:01.072+0000] {processor.py:758} INFO - Processing file /home/airflow/.local/lib/python3.7/site-packages/airflow/example_dags/example_bash_operator.py for tasks to queue
[2024-04-27T02:34:01.073+0000] {logging_mixin.py:117} INFO - [2024-04-27T02:34:01.073+0000] {dagbag.py:525} INFO - Filling up the DagBag from /home/airflow/.local/lib/python3.7/site-packages/airflow/example_dags/example_bash_operator.py
[2024-04-27T02:34:01.102+0000] {processor.py:768} INFO - DAG(s) dict_keys(['example_bash_operator']) retrieved from /home/airflow/.local/lib/python3.7/site-packages/airflow/example_dags/example_bash_operator.py
[2024-04-27T02:34:01.165+0000] {logging_mixin.py:117} INFO - [2024-04-27T02:34:01.165+0000] {dag.py:2573} INFO - Sync 1 DAGs
[2024-04-27T02:34:01.371+0000] {logging_mixin.py:117} INFO - [2024-04-27T02:34:01.371+0000] {dag.py:3328} INFO - Setting next_dagrun for example_bash_operator to 2024-04-26T00:00:00+00:00, run_after=2024-04-27T00:00:00+00:00
[2024-04-27T02:34:01.407+0000] {processor.py:178} INFO - Processing /home/airflow/.local/lib/python3.7/site-packages/airflow/example_dags/example_bash_operator.py took 0.339 seconds
[2024-04-27T02:34:31.839+0000] {processor.py:156} INFO - Started process (PID=4439) to work on /home/airflow/.local/lib/python3.7/site-packages/airflow/example_dags/example_bash_operator.py
[2024-04-27T02:34:31.840+0000] {processor.py:758} INFO - Processing file /home/airflow/.local/lib/python3.7/site-packages/airflow/example_dags/example_bash_operator.py for tasks to queue
[2024-04-27T02:34:31.841+0000] {logging_mixin.py:117} INFO - [2024-04-27T02:34:31.841+0000] {dagbag.py:525} INFO - Filling up the DagBag from /home/airflow/.local/lib/python3.7/site-packages/airflow/example_dags/example_bash_operator.py
[2024-04-27T02:34:31.868+0000] {processor.py:768} INFO - DAG(s) dict_keys(['example_bash_operator']) retrieved from /home/airflow/.local/lib/python3.7/site-packages/airflow/example_dags/example_bash_operator.py
[2024-04-27T02:34:32.082+0000] {logging_mixin.py:117} INFO - [2024-04-27T02:34:32.081+0000] {dag.py:2573} INFO - Sync 1 DAGs
[2024-04-27T02:34:32.114+0000] {logging_mixin.py:117} INFO - [2024-04-27T02:34:32.114+0000] {dag.py:3328} INFO - Setting next_dagrun for example_bash_operator to 2024-04-26T00:00:00+00:00, run_after=2024-04-27T00:00:00+00:00
[2024-04-27T02:34:32.136+0000] {processor.py:178} INFO - Processing /home/airflow/.local/lib/python3.7/site-packages/airflow/example_dags/example_bash_operator.py took 0.300 seconds
[2024-04-27T02:35:02.878+0000] {processor.py:156} INFO - Started process (PID=4657) to work on /home/airflow/.local/lib/python3.7/site-packages/airflow/example_dags/example_bash_operator.py
[2024-04-27T02:35:02.879+0000] {processor.py:758} INFO - Processing file /home/airflow/.local/lib/python3.7/site-packages/airflow/example_dags/example_bash_operator.py for tasks to queue
[2024-04-27T02:35:02.880+0000] {logging_mixin.py:117} INFO - [2024-04-27T02:35:02.880+0000] {dagbag.py:525} INFO - Filling up the DagBag from /home/airflow/.local/lib/python3.7/site-packages/airflow/example_dags/example_bash_operator.py
[2024-04-27T02:35:02.907+0000] {processor.py:768} INFO - DAG(s) dict_keys(['example_bash_operator']) retrieved from /home/airflow/.local/lib/python3.7/site-packages/airflow/example_dags/example_bash_operator.py
[2024-04-27T02:35:03.126+0000] {logging_mixin.py:117} INFO - [2024-04-27T02:35:03.126+0000] {dag.py:2573} INFO - Sync 1 DAGs
[2024-04-27T02:35:03.153+0000] {logging_mixin.py:117} INFO - [2024-04-27T02:35:03.153+0000] {dag.py:3328} INFO - Setting next_dagrun for example_bash_operator to 2024-04-26T00:00:00+00:00, run_after=2024-04-27T00:00:00+00:00
[2024-04-27T02:35:03.178+0000] {processor.py:178} INFO - Processing /home/airflow/.local/lib/python3.7/site-packages/airflow/example_dags/example_bash_operator.py took 0.303 seconds
[2024-04-27T02:35:33.934+0000] {processor.py:156} INFO - Started process (PID=4875) to work on /home/airflow/.local/lib/python3.7/site-packages/airflow/example_dags/example_bash_operator.py
[2024-04-27T02:35:33.934+0000] {processor.py:758} INFO - Processing file /home/airflow/.local/lib/python3.7/site-packages/airflow/example_dags/example_bash_operator.py for tasks to queue
[2024-04-27T02:35:33.935+0000] {logging_mixin.py:117} INFO - [2024-04-27T02:35:33.935+0000] {dagbag.py:525} INFO - Filling up the DagBag from /home/airflow/.local/lib/python3.7/site-packages/airflow/example_dags/example_bash_operator.py
[2024-04-27T02:35:34.126+0000] {processor.py:768} INFO - DAG(s) dict_keys(['example_bash_operator']) retrieved from /home/airflow/.local/lib/python3.7/site-packages/airflow/example_dags/example_bash_operator.py
[2024-04-27T02:35:34.175+0000] {logging_mixin.py:117} INFO - [2024-04-27T02:35:34.175+0000] {dag.py:2573} INFO - Sync 1 DAGs
[2024-04-27T02:35:34.205+0000] {logging_mixin.py:117} INFO - [2024-04-27T02:35:34.205+0000] {dag.py:3328} INFO - Setting next_dagrun for example_bash_operator to 2024-04-26T00:00:00+00:00, run_after=2024-04-27T00:00:00+00:00
[2024-04-27T02:35:34.231+0000] {processor.py:178} INFO - Processing /home/airflow/.local/lib/python3.7/site-packages/airflow/example_dags/example_bash_operator.py took 0.302 seconds
[2024-04-27T02:36:04.614+0000] {processor.py:156} INFO - Started process (PID=5085) to work on /home/airflow/.local/lib/python3.7/site-packages/airflow/example_dags/example_bash_operator.py
[2024-04-27T02:36:04.615+0000] {processor.py:758} INFO - Processing file /home/airflow/.local/lib/python3.7/site-packages/airflow/example_dags/example_bash_operator.py for tasks to queue
[2024-04-27T02:36:04.616+0000] {logging_mixin.py:117} INFO - [2024-04-27T02:36:04.616+0000] {dagbag.py:525} INFO - Filling up the DagBag from /home/airflow/.local/lib/python3.7/site-packages/airflow/example_dags/example_bash_operator.py
[2024-04-27T02:36:04.644+0000] {processor.py:768} INFO - DAG(s) dict_keys(['example_bash_operator']) retrieved from /home/airflow/.local/lib/python3.7/site-packages/airflow/example_dags/example_bash_operator.py
[2024-04-27T02:36:04.702+0000] {logging_mixin.py:117} INFO - [2024-04-27T02:36:04.702+0000] {dag.py:2573} INFO - Sync 1 DAGs
[2024-04-27T02:36:04.732+0000] {logging_mixin.py:117} INFO - [2024-04-27T02:36:04.732+0000] {dag.py:3328} INFO - Setting next_dagrun for example_bash_operator to 2024-04-26T00:00:00+00:00, run_after=2024-04-27T00:00:00+00:00
[2024-04-27T02:36:04.757+0000] {processor.py:178} INFO - Processing /home/airflow/.local/lib/python3.7/site-packages/airflow/example_dags/example_bash_operator.py took 0.146 seconds
[2024-04-27T02:36:35.394+0000] {processor.py:156} INFO - Started process (PID=5303) to work on /home/airflow/.local/lib/python3.7/site-packages/airflow/example_dags/example_bash_operator.py
[2024-04-27T02:36:35.395+0000] {processor.py:758} INFO - Processing file /home/airflow/.local/lib/python3.7/site-packages/airflow/example_dags/example_bash_operator.py for tasks to queue
[2024-04-27T02:36:35.395+0000] {logging_mixin.py:117} INFO - [2024-04-27T02:36:35.395+0000] {dagbag.py:525} INFO - Filling up the DagBag from /home/airflow/.local/lib/python3.7/site-packages/airflow/example_dags/example_bash_operator.py
[2024-04-27T02:36:35.421+0000] {processor.py:768} INFO - DAG(s) dict_keys(['example_bash_operator']) retrieved from /home/airflow/.local/lib/python3.7/site-packages/airflow/example_dags/example_bash_operator.py
[2024-04-27T02:36:35.480+0000] {logging_mixin.py:117} INFO - [2024-04-27T02:36:35.479+0000] {dag.py:2573} INFO - Sync 1 DAGs
[2024-04-27T02:36:35.517+0000] {logging_mixin.py:117} INFO - [2024-04-27T02:36:35.517+0000] {dag.py:3328} INFO - Setting next_dagrun for example_bash_operator to 2024-04-26T00:00:00+00:00, run_after=2024-04-27T00:00:00+00:00
[2024-04-27T02:36:35.542+0000] {processor.py:178} INFO - Processing /home/airflow/.local/lib/python3.7/site-packages/airflow/example_dags/example_bash_operator.py took 0.152 seconds
[2024-04-27T02:37:05.917+0000] {processor.py:156} INFO - Started process (PID=5521) to work on /home/airflow/.local/lib/python3.7/site-packages/airflow/example_dags/example_bash_operator.py
[2024-04-27T02:37:05.918+0000] {processor.py:758} INFO - Processing file /home/airflow/.local/lib/python3.7/site-packages/airflow/example_dags/example_bash_operator.py for tasks to queue
[2024-04-27T02:37:05.919+0000] {logging_mixin.py:117} INFO - [2024-04-27T02:37:05.919+0000] {dagbag.py:525} INFO - Filling up the DagBag from /home/airflow/.local/lib/python3.7/site-packages/airflow/example_dags/example_bash_operator.py
[2024-04-27T02:37:05.947+0000] {processor.py:768} INFO - DAG(s) dict_keys(['example_bash_operator']) retrieved from /home/airflow/.local/lib/python3.7/site-packages/airflow/example_dags/example_bash_operator.py
[2024-04-27T02:37:06.077+0000] {logging_mixin.py:117} INFO - [2024-04-27T02:37:06.077+0000] {dag.py:2573} INFO - Sync 1 DAGs
[2024-04-27T02:37:06.112+0000] {logging_mixin.py:117} INFO - [2024-04-27T02:37:06.112+0000] {dag.py:3328} INFO - Setting next_dagrun for example_bash_operator to 2024-04-26T00:00:00+00:00, run_after=2024-04-27T00:00:00+00:00
[2024-04-27T02:37:06.140+0000] {processor.py:178} INFO - Processing /home/airflow/.local/lib/python3.7/site-packages/airflow/example_dags/example_bash_operator.py took 0.226 seconds
[2024-04-27T02:37:36.953+0000] {processor.py:156} INFO - Started process (PID=5727) to work on /home/airflow/.local/lib/python3.7/site-packages/airflow/example_dags/example_bash_operator.py
[2024-04-27T02:37:36.955+0000] {processor.py:758} INFO - Processing file /home/airflow/.local/lib/python3.7/site-packages/airflow/example_dags/example_bash_operator.py for tasks to queue
[2024-04-27T02:37:36.957+0000] {logging_mixin.py:117} INFO - [2024-04-27T02:37:36.956+0000] {dagbag.py:525} INFO - Filling up the DagBag from /home/airflow/.local/lib/python3.7/site-packages/airflow/example_dags/example_bash_operator.py
[2024-04-27T02:37:37.007+0000] {processor.py:768} INFO - DAG(s) dict_keys(['example_bash_operator']) retrieved from /home/airflow/.local/lib/python3.7/site-packages/airflow/example_dags/example_bash_operator.py
[2024-04-27T02:37:37.091+0000] {logging_mixin.py:117} INFO - [2024-04-27T02:37:37.091+0000] {dag.py:2573} INFO - Sync 1 DAGs
[2024-04-27T02:37:37.122+0000] {logging_mixin.py:117} INFO - [2024-04-27T02:37:37.122+0000] {dag.py:3328} INFO - Setting next_dagrun for example_bash_operator to 2024-04-26T00:00:00+00:00, run_after=2024-04-27T00:00:00+00:00
[2024-04-27T02:37:37.148+0000] {processor.py:178} INFO - Processing /home/airflow/.local/lib/python3.7/site-packages/airflow/example_dags/example_bash_operator.py took 0.204 seconds
[2024-04-27T02:38:07.359+0000] {processor.py:156} INFO - Started process (PID=5946) to work on /home/airflow/.local/lib/python3.7/site-packages/airflow/example_dags/example_bash_operator.py
[2024-04-27T02:38:07.364+0000] {processor.py:758} INFO - Processing file /home/airflow/.local/lib/python3.7/site-packages/airflow/example_dags/example_bash_operator.py for tasks to queue
[2024-04-27T02:38:07.364+0000] {logging_mixin.py:117} INFO - [2024-04-27T02:38:07.364+0000] {dagbag.py:525} INFO - Filling up the DagBag from /home/airflow/.local/lib/python3.7/site-packages/airflow/example_dags/example_bash_operator.py
[2024-04-27T02:38:07.472+0000] {processor.py:768} INFO - DAG(s) dict_keys(['example_bash_operator']) retrieved from /home/airflow/.local/lib/python3.7/site-packages/airflow/example_dags/example_bash_operator.py
[2024-04-27T02:38:07.561+0000] {logging_mixin.py:117} INFO - [2024-04-27T02:38:07.561+0000] {dag.py:2573} INFO - Sync 1 DAGs
[2024-04-27T02:38:07.590+0000] {logging_mixin.py:117} INFO - [2024-04-27T02:38:07.590+0000] {dag.py:3328} INFO - Setting next_dagrun for example_bash_operator to 2024-04-26T00:00:00+00:00, run_after=2024-04-27T00:00:00+00:00
[2024-04-27T02:38:07.616+0000] {processor.py:178} INFO - Processing /home/airflow/.local/lib/python3.7/site-packages/airflow/example_dags/example_bash_operator.py took 0.260 seconds
[2024-04-27T02:38:38.513+0000] {processor.py:156} INFO - Started process (PID=6164) to work on /home/airflow/.local/lib/python3.7/site-packages/airflow/example_dags/example_bash_operator.py
[2024-04-27T02:38:38.513+0000] {processor.py:758} INFO - Processing file /home/airflow/.local/lib/python3.7/site-packages/airflow/example_dags/example_bash_operator.py for tasks to queue
[2024-04-27T02:38:38.514+0000] {logging_mixin.py:117} INFO - [2024-04-27T02:38:38.514+0000] {dagbag.py:525} INFO - Filling up the DagBag from /home/airflow/.local/lib/python3.7/site-packages/airflow/example_dags/example_bash_operator.py
[2024-04-27T02:38:38.542+0000] {processor.py:768} INFO - DAG(s) dict_keys(['example_bash_operator']) retrieved from /home/airflow/.local/lib/python3.7/site-packages/airflow/example_dags/example_bash_operator.py
[2024-04-27T02:38:38.598+0000] {logging_mixin.py:117} INFO - [2024-04-27T02:38:38.598+0000] {dag.py:2573} INFO - Sync 1 DAGs
[2024-04-27T02:38:38.630+0000] {logging_mixin.py:117} INFO - [2024-04-27T02:38:38.630+0000] {dag.py:3328} INFO - Setting next_dagrun for example_bash_operator to 2024-04-26T00:00:00+00:00, run_after=2024-04-27T00:00:00+00:00
[2024-04-27T02:38:38.665+0000] {processor.py:178} INFO - Processing /home/airflow/.local/lib/python3.7/site-packages/airflow/example_dags/example_bash_operator.py took 0.156 seconds
[2024-04-27T02:39:09.530+0000] {processor.py:156} INFO - Started process (PID=6380) to work on /home/airflow/.local/lib/python3.7/site-packages/airflow/example_dags/example_bash_operator.py
[2024-04-27T02:39:09.531+0000] {processor.py:758} INFO - Processing file /home/airflow/.local/lib/python3.7/site-packages/airflow/example_dags/example_bash_operator.py for tasks to queue
[2024-04-27T02:39:09.532+0000] {logging_mixin.py:117} INFO - [2024-04-27T02:39:09.532+0000] {dagbag.py:525} INFO - Filling up the DagBag from /home/airflow/.local/lib/python3.7/site-packages/airflow/example_dags/example_bash_operator.py
[2024-04-27T02:39:09.588+0000] {processor.py:768} INFO - DAG(s) dict_keys(['example_bash_operator']) retrieved from /home/airflow/.local/lib/python3.7/site-packages/airflow/example_dags/example_bash_operator.py
[2024-04-27T02:39:09.653+0000] {logging_mixin.py:117} INFO - [2024-04-27T02:39:09.653+0000] {dag.py:2573} INFO - Sync 1 DAGs
[2024-04-27T02:39:09.720+0000] {logging_mixin.py:117} INFO - [2024-04-27T02:39:09.719+0000] {dag.py:3328} INFO - Setting next_dagrun for example_bash_operator to 2024-04-26T00:00:00+00:00, run_after=2024-04-27T00:00:00+00:00
[2024-04-27T02:39:09.776+0000] {processor.py:178} INFO - Processing /home/airflow/.local/lib/python3.7/site-packages/airflow/example_dags/example_bash_operator.py took 0.250 seconds
[2024-04-27T02:39:39.901+0000] {processor.py:156} INFO - Started process (PID=6591) to work on /home/airflow/.local/lib/python3.7/site-packages/airflow/example_dags/example_bash_operator.py
[2024-04-27T02:39:39.904+0000] {processor.py:758} INFO - Processing file /home/airflow/.local/lib/python3.7/site-packages/airflow/example_dags/example_bash_operator.py for tasks to queue
[2024-04-27T02:39:39.905+0000] {logging_mixin.py:117} INFO - [2024-04-27T02:39:39.905+0000] {dagbag.py:525} INFO - Filling up the DagBag from /home/airflow/.local/lib/python3.7/site-packages/airflow/example_dags/example_bash_operator.py
[2024-04-27T02:39:39.939+0000] {processor.py:768} INFO - DAG(s) dict_keys(['example_bash_operator']) retrieved from /home/airflow/.local/lib/python3.7/site-packages/airflow/example_dags/example_bash_operator.py
[2024-04-27T02:39:40.062+0000] {logging_mixin.py:117} INFO - [2024-04-27T02:39:40.061+0000] {dag.py:2573} INFO - Sync 1 DAGs
[2024-04-27T02:39:40.103+0000] {logging_mixin.py:117} INFO - [2024-04-27T02:39:40.103+0000] {dag.py:3328} INFO - Setting next_dagrun for example_bash_operator to 2024-04-26T00:00:00+00:00, run_after=2024-04-27T00:00:00+00:00
[2024-04-27T02:39:40.131+0000] {processor.py:178} INFO - Processing /home/airflow/.local/lib/python3.7/site-packages/airflow/example_dags/example_bash_operator.py took 0.236 seconds
[2024-04-27T02:40:10.214+0000] {processor.py:156} INFO - Started process (PID=6811) to work on /home/airflow/.local/lib/python3.7/site-packages/airflow/example_dags/example_bash_operator.py
[2024-04-27T02:40:10.215+0000] {processor.py:758} INFO - Processing file /home/airflow/.local/lib/python3.7/site-packages/airflow/example_dags/example_bash_operator.py for tasks to queue
[2024-04-27T02:40:10.216+0000] {logging_mixin.py:117} INFO - [2024-04-27T02:40:10.216+0000] {dagbag.py:525} INFO - Filling up the DagBag from /home/airflow/.local/lib/python3.7/site-packages/airflow/example_dags/example_bash_operator.py
[2024-04-27T02:40:10.244+0000] {processor.py:768} INFO - DAG(s) dict_keys(['example_bash_operator']) retrieved from /home/airflow/.local/lib/python3.7/site-packages/airflow/example_dags/example_bash_operator.py
[2024-04-27T02:40:10.302+0000] {logging_mixin.py:117} INFO - [2024-04-27T02:40:10.302+0000] {dag.py:2573} INFO - Sync 1 DAGs
[2024-04-27T02:40:10.340+0000] {logging_mixin.py:117} INFO - [2024-04-27T02:40:10.339+0000] {dag.py:3328} INFO - Setting next_dagrun for example_bash_operator to 2024-04-26T00:00:00+00:00, run_after=2024-04-27T00:00:00+00:00
[2024-04-27T02:40:10.381+0000] {processor.py:178} INFO - Processing /home/airflow/.local/lib/python3.7/site-packages/airflow/example_dags/example_bash_operator.py took 0.170 seconds
[2024-04-27T02:40:40.963+0000] {processor.py:156} INFO - Started process (PID=7023) to work on /home/airflow/.local/lib/python3.7/site-packages/airflow/example_dags/example_bash_operator.py
[2024-04-27T02:40:40.964+0000] {processor.py:758} INFO - Processing file /home/airflow/.local/lib/python3.7/site-packages/airflow/example_dags/example_bash_operator.py for tasks to queue
[2024-04-27T02:40:40.965+0000] {logging_mixin.py:117} INFO - [2024-04-27T02:40:40.965+0000] {dagbag.py:525} INFO - Filling up the DagBag from /home/airflow/.local/lib/python3.7/site-packages/airflow/example_dags/example_bash_operator.py
[2024-04-27T02:40:41.019+0000] {processor.py:768} INFO - DAG(s) dict_keys(['example_bash_operator']) retrieved from /home/airflow/.local/lib/python3.7/site-packages/airflow/example_dags/example_bash_operator.py
[2024-04-27T02:40:41.128+0000] {logging_mixin.py:117} INFO - [2024-04-27T02:40:41.128+0000] {dag.py:2573} INFO - Sync 1 DAGs
[2024-04-27T02:40:41.171+0000] {logging_mixin.py:117} INFO - [2024-04-27T02:40:41.171+0000] {dag.py:3328} INFO - Setting next_dagrun for example_bash_operator to 2024-04-26T00:00:00+00:00, run_after=2024-04-27T00:00:00+00:00
[2024-04-27T02:40:41.225+0000] {processor.py:178} INFO - Processing /home/airflow/.local/lib/python3.7/site-packages/airflow/example_dags/example_bash_operator.py took 0.265 seconds
[2024-04-27T02:41:11.896+0000] {processor.py:156} INFO - Started process (PID=7235) to work on /home/airflow/.local/lib/python3.7/site-packages/airflow/example_dags/example_bash_operator.py
[2024-04-27T02:41:11.897+0000] {processor.py:758} INFO - Processing file /home/airflow/.local/lib/python3.7/site-packages/airflow/example_dags/example_bash_operator.py for tasks to queue
[2024-04-27T02:41:11.898+0000] {logging_mixin.py:117} INFO - [2024-04-27T02:41:11.897+0000] {dagbag.py:525} INFO - Filling up the DagBag from /home/airflow/.local/lib/python3.7/site-packages/airflow/example_dags/example_bash_operator.py
[2024-04-27T02:41:11.924+0000] {processor.py:768} INFO - DAG(s) dict_keys(['example_bash_operator']) retrieved from /home/airflow/.local/lib/python3.7/site-packages/airflow/example_dags/example_bash_operator.py
[2024-04-27T02:41:12.003+0000] {logging_mixin.py:117} INFO - [2024-04-27T02:41:12.003+0000] {dag.py:2573} INFO - Sync 1 DAGs
[2024-04-27T02:41:12.038+0000] {logging_mixin.py:117} INFO - [2024-04-27T02:41:12.038+0000] {dag.py:3328} INFO - Setting next_dagrun for example_bash_operator to 2024-04-26T00:00:00+00:00, run_after=2024-04-27T00:00:00+00:00
[2024-04-27T02:41:12.063+0000] {processor.py:178} INFO - Processing /home/airflow/.local/lib/python3.7/site-packages/airflow/example_dags/example_bash_operator.py took 0.170 seconds
[2024-04-27T02:41:42.135+0000] {processor.py:156} INFO - Started process (PID=7452) to work on /home/airflow/.local/lib/python3.7/site-packages/airflow/example_dags/example_bash_operator.py
[2024-04-27T02:41:42.136+0000] {processor.py:758} INFO - Processing file /home/airflow/.local/lib/python3.7/site-packages/airflow/example_dags/example_bash_operator.py for tasks to queue
[2024-04-27T02:41:42.137+0000] {logging_mixin.py:117} INFO - [2024-04-27T02:41:42.137+0000] {dagbag.py:525} INFO - Filling up the DagBag from /home/airflow/.local/lib/python3.7/site-packages/airflow/example_dags/example_bash_operator.py
[2024-04-27T02:41:42.164+0000] {processor.py:768} INFO - DAG(s) dict_keys(['example_bash_operator']) retrieved from /home/airflow/.local/lib/python3.7/site-packages/airflow/example_dags/example_bash_operator.py
[2024-04-27T02:41:42.220+0000] {logging_mixin.py:117} INFO - [2024-04-27T02:41:42.220+0000] {dag.py:2573} INFO - Sync 1 DAGs
[2024-04-27T02:41:42.253+0000] {logging_mixin.py:117} INFO - [2024-04-27T02:41:42.253+0000] {dag.py:3328} INFO - Setting next_dagrun for example_bash_operator to 2024-04-26T00:00:00+00:00, run_after=2024-04-27T00:00:00+00:00
[2024-04-27T02:41:42.311+0000] {processor.py:178} INFO - Processing /home/airflow/.local/lib/python3.7/site-packages/airflow/example_dags/example_bash_operator.py took 0.179 seconds
[2024-04-27T02:42:12.427+0000] {processor.py:156} INFO - Started process (PID=7670) to work on /home/airflow/.local/lib/python3.7/site-packages/airflow/example_dags/example_bash_operator.py
[2024-04-27T02:42:12.428+0000] {processor.py:758} INFO - Processing file /home/airflow/.local/lib/python3.7/site-packages/airflow/example_dags/example_bash_operator.py for tasks to queue
[2024-04-27T02:42:12.429+0000] {logging_mixin.py:117} INFO - [2024-04-27T02:42:12.429+0000] {dagbag.py:525} INFO - Filling up the DagBag from /home/airflow/.local/lib/python3.7/site-packages/airflow/example_dags/example_bash_operator.py
[2024-04-27T02:42:12.472+0000] {processor.py:768} INFO - DAG(s) dict_keys(['example_bash_operator']) retrieved from /home/airflow/.local/lib/python3.7/site-packages/airflow/example_dags/example_bash_operator.py
[2024-04-27T02:42:12.573+0000] {logging_mixin.py:117} INFO - [2024-04-27T02:42:12.573+0000] {dag.py:2573} INFO - Sync 1 DAGs
[2024-04-27T02:42:12.638+0000] {logging_mixin.py:117} INFO - [2024-04-27T02:42:12.637+0000] {dag.py:3328} INFO - Setting next_dagrun for example_bash_operator to 2024-04-26T00:00:00+00:00, run_after=2024-04-27T00:00:00+00:00
[2024-04-27T02:42:12.684+0000] {processor.py:178} INFO - Processing /home/airflow/.local/lib/python3.7/site-packages/airflow/example_dags/example_bash_operator.py took 0.260 seconds
[2024-04-27T02:42:42.862+0000] {processor.py:156} INFO - Started process (PID=7881) to work on /home/airflow/.local/lib/python3.7/site-packages/airflow/example_dags/example_bash_operator.py
[2024-04-27T02:42:42.864+0000] {processor.py:758} INFO - Processing file /home/airflow/.local/lib/python3.7/site-packages/airflow/example_dags/example_bash_operator.py for tasks to queue
[2024-04-27T02:42:42.865+0000] {logging_mixin.py:117} INFO - [2024-04-27T02:42:42.865+0000] {dagbag.py:525} INFO - Filling up the DagBag from /home/airflow/.local/lib/python3.7/site-packages/airflow/example_dags/example_bash_operator.py
[2024-04-27T02:42:42.942+0000] {processor.py:768} INFO - DAG(s) dict_keys(['example_bash_operator']) retrieved from /home/airflow/.local/lib/python3.7/site-packages/airflow/example_dags/example_bash_operator.py
[2024-04-27T02:42:43.180+0000] {logging_mixin.py:117} INFO - [2024-04-27T02:42:43.180+0000] {dag.py:2573} INFO - Sync 1 DAGs
[2024-04-27T02:42:43.259+0000] {logging_mixin.py:117} INFO - [2024-04-27T02:42:43.259+0000] {dag.py:3328} INFO - Setting next_dagrun for example_bash_operator to 2024-04-26T00:00:00+00:00, run_after=2024-04-27T00:00:00+00:00
[2024-04-27T02:42:43.318+0000] {processor.py:178} INFO - Processing /home/airflow/.local/lib/python3.7/site-packages/airflow/example_dags/example_bash_operator.py took 0.460 seconds
[2024-04-27T02:43:14.223+0000] {processor.py:156} INFO - Started process (PID=8108) to work on /home/airflow/.local/lib/python3.7/site-packages/airflow/example_dags/example_bash_operator.py
[2024-04-27T02:43:14.225+0000] {processor.py:758} INFO - Processing file /home/airflow/.local/lib/python3.7/site-packages/airflow/example_dags/example_bash_operator.py for tasks to queue
[2024-04-27T02:43:14.225+0000] {logging_mixin.py:117} INFO - [2024-04-27T02:43:14.225+0000] {dagbag.py:525} INFO - Filling up the DagBag from /home/airflow/.local/lib/python3.7/site-packages/airflow/example_dags/example_bash_operator.py
[2024-04-27T02:43:14.258+0000] {processor.py:768} INFO - DAG(s) dict_keys(['example_bash_operator']) retrieved from /home/airflow/.local/lib/python3.7/site-packages/airflow/example_dags/example_bash_operator.py
[2024-04-27T02:43:14.298+0000] {logging_mixin.py:117} INFO - [2024-04-27T02:43:14.298+0000] {dag.py:2573} INFO - Sync 1 DAGs
[2024-04-27T02:43:14.321+0000] {logging_mixin.py:117} INFO - [2024-04-27T02:43:14.321+0000] {dag.py:3328} INFO - Setting next_dagrun for example_bash_operator to 2024-04-26T00:00:00+00:00, run_after=2024-04-27T00:00:00+00:00
[2024-04-27T02:43:14.342+0000] {processor.py:178} INFO - Processing /home/airflow/.local/lib/python3.7/site-packages/airflow/example_dags/example_bash_operator.py took 0.122 seconds
[2024-04-27T02:43:45.142+0000] {processor.py:156} INFO - Started process (PID=8326) to work on /home/airflow/.local/lib/python3.7/site-packages/airflow/example_dags/example_bash_operator.py
[2024-04-27T02:43:45.143+0000] {processor.py:758} INFO - Processing file /home/airflow/.local/lib/python3.7/site-packages/airflow/example_dags/example_bash_operator.py for tasks to queue
[2024-04-27T02:43:45.143+0000] {logging_mixin.py:117} INFO - [2024-04-27T02:43:45.143+0000] {dagbag.py:525} INFO - Filling up the DagBag from /home/airflow/.local/lib/python3.7/site-packages/airflow/example_dags/example_bash_operator.py
[2024-04-27T02:43:45.171+0000] {processor.py:768} INFO - DAG(s) dict_keys(['example_bash_operator']) retrieved from /home/airflow/.local/lib/python3.7/site-packages/airflow/example_dags/example_bash_operator.py
[2024-04-27T02:43:45.215+0000] {logging_mixin.py:117} INFO - [2024-04-27T02:43:45.214+0000] {dag.py:2573} INFO - Sync 1 DAGs
[2024-04-27T02:43:45.248+0000] {logging_mixin.py:117} INFO - [2024-04-27T02:43:45.247+0000] {dag.py:3328} INFO - Setting next_dagrun for example_bash_operator to 2024-04-26T00:00:00+00:00, run_after=2024-04-27T00:00:00+00:00
[2024-04-27T02:43:45.268+0000] {processor.py:178} INFO - Processing /home/airflow/.local/lib/python3.7/site-packages/airflow/example_dags/example_bash_operator.py took 0.129 seconds
[2024-04-27T02:44:16.176+0000] {processor.py:156} INFO - Started process (PID=8534) to work on /home/airflow/.local/lib/python3.7/site-packages/airflow/example_dags/example_bash_operator.py
[2024-04-27T02:44:16.179+0000] {processor.py:758} INFO - Processing file /home/airflow/.local/lib/python3.7/site-packages/airflow/example_dags/example_bash_operator.py for tasks to queue
[2024-04-27T02:44:16.181+0000] {logging_mixin.py:117} INFO - [2024-04-27T02:44:16.181+0000] {dagbag.py:525} INFO - Filling up the DagBag from /home/airflow/.local/lib/python3.7/site-packages/airflow/example_dags/example_bash_operator.py
[2024-04-27T02:44:16.220+0000] {processor.py:768} INFO - DAG(s) dict_keys(['example_bash_operator']) retrieved from /home/airflow/.local/lib/python3.7/site-packages/airflow/example_dags/example_bash_operator.py
[2024-04-27T02:44:16.259+0000] {logging_mixin.py:117} INFO - [2024-04-27T02:44:16.258+0000] {dag.py:2573} INFO - Sync 1 DAGs
[2024-04-27T02:44:16.281+0000] {logging_mixin.py:117} INFO - [2024-04-27T02:44:16.280+0000] {dag.py:3328} INFO - Setting next_dagrun for example_bash_operator to 2024-04-26T00:00:00+00:00, run_after=2024-04-27T00:00:00+00:00
[2024-04-27T02:44:16.302+0000] {processor.py:178} INFO - Processing /home/airflow/.local/lib/python3.7/site-packages/airflow/example_dags/example_bash_operator.py took 0.134 seconds
[2024-04-27T02:44:46.754+0000] {processor.py:156} INFO - Started process (PID=8754) to work on /home/airflow/.local/lib/python3.7/site-packages/airflow/example_dags/example_bash_operator.py
[2024-04-27T02:44:46.755+0000] {processor.py:758} INFO - Processing file /home/airflow/.local/lib/python3.7/site-packages/airflow/example_dags/example_bash_operator.py for tasks to queue
[2024-04-27T02:44:46.756+0000] {logging_mixin.py:117} INFO - [2024-04-27T02:44:46.756+0000] {dagbag.py:525} INFO - Filling up the DagBag from /home/airflow/.local/lib/python3.7/site-packages/airflow/example_dags/example_bash_operator.py
[2024-04-27T02:44:46.784+0000] {processor.py:768} INFO - DAG(s) dict_keys(['example_bash_operator']) retrieved from /home/airflow/.local/lib/python3.7/site-packages/airflow/example_dags/example_bash_operator.py
[2024-04-27T02:44:46.825+0000] {logging_mixin.py:117} INFO - [2024-04-27T02:44:46.825+0000] {dag.py:2573} INFO - Sync 1 DAGs
[2024-04-27T02:44:46.847+0000] {logging_mixin.py:117} INFO - [2024-04-27T02:44:46.847+0000] {dag.py:3328} INFO - Setting next_dagrun for example_bash_operator to 2024-04-26T00:00:00+00:00, run_after=2024-04-27T00:00:00+00:00
[2024-04-27T02:44:46.869+0000] {processor.py:178} INFO - Processing /home/airflow/.local/lib/python3.7/site-packages/airflow/example_dags/example_bash_operator.py took 0.117 seconds
[2024-04-27T02:45:17.636+0000] {processor.py:156} INFO - Started process (PID=8972) to work on /home/airflow/.local/lib/python3.7/site-packages/airflow/example_dags/example_bash_operator.py
[2024-04-27T02:45:17.637+0000] {processor.py:758} INFO - Processing file /home/airflow/.local/lib/python3.7/site-packages/airflow/example_dags/example_bash_operator.py for tasks to queue
[2024-04-27T02:45:17.637+0000] {logging_mixin.py:117} INFO - [2024-04-27T02:45:17.637+0000] {dagbag.py:525} INFO - Filling up the DagBag from /home/airflow/.local/lib/python3.7/site-packages/airflow/example_dags/example_bash_operator.py
[2024-04-27T02:45:17.667+0000] {processor.py:768} INFO - DAG(s) dict_keys(['example_bash_operator']) retrieved from /home/airflow/.local/lib/python3.7/site-packages/airflow/example_dags/example_bash_operator.py
[2024-04-27T02:45:17.711+0000] {logging_mixin.py:117} INFO - [2024-04-27T02:45:17.711+0000] {dag.py:2573} INFO - Sync 1 DAGs
[2024-04-27T02:45:17.735+0000] {logging_mixin.py:117} INFO - [2024-04-27T02:45:17.735+0000] {dag.py:3328} INFO - Setting next_dagrun for example_bash_operator to 2024-04-26T00:00:00+00:00, run_after=2024-04-27T00:00:00+00:00
[2024-04-27T02:45:17.761+0000] {processor.py:178} INFO - Processing /home/airflow/.local/lib/python3.7/site-packages/airflow/example_dags/example_bash_operator.py took 0.128 seconds
[2024-04-27T02:45:48.067+0000] {processor.py:156} INFO - Started process (PID=9173) to work on /home/airflow/.local/lib/python3.7/site-packages/airflow/example_dags/example_bash_operator.py
[2024-04-27T02:45:48.068+0000] {processor.py:758} INFO - Processing file /home/airflow/.local/lib/python3.7/site-packages/airflow/example_dags/example_bash_operator.py for tasks to queue
[2024-04-27T02:45:48.069+0000] {logging_mixin.py:117} INFO - [2024-04-27T02:45:48.068+0000] {dagbag.py:525} INFO - Filling up the DagBag from /home/airflow/.local/lib/python3.7/site-packages/airflow/example_dags/example_bash_operator.py
[2024-04-27T02:45:48.095+0000] {processor.py:768} INFO - DAG(s) dict_keys(['example_bash_operator']) retrieved from /home/airflow/.local/lib/python3.7/site-packages/airflow/example_dags/example_bash_operator.py
[2024-04-27T02:45:48.152+0000] {logging_mixin.py:117} INFO - [2024-04-27T02:45:48.152+0000] {dag.py:2573} INFO - Sync 1 DAGs
[2024-04-27T02:45:48.183+0000] {logging_mixin.py:117} INFO - [2024-04-27T02:45:48.183+0000] {dag.py:3328} INFO - Setting next_dagrun for example_bash_operator to 2024-04-26T00:00:00+00:00, run_after=2024-04-27T00:00:00+00:00
[2024-04-27T02:45:48.210+0000] {processor.py:178} INFO - Processing /home/airflow/.local/lib/python3.7/site-packages/airflow/example_dags/example_bash_operator.py took 0.147 seconds
[2024-04-27T02:46:18.465+0000] {processor.py:156} INFO - Started process (PID=9392) to work on /home/airflow/.local/lib/python3.7/site-packages/airflow/example_dags/example_bash_operator.py
[2024-04-27T02:46:18.466+0000] {processor.py:758} INFO - Processing file /home/airflow/.local/lib/python3.7/site-packages/airflow/example_dags/example_bash_operator.py for tasks to queue
[2024-04-27T02:46:18.467+0000] {logging_mixin.py:117} INFO - [2024-04-27T02:46:18.467+0000] {dagbag.py:525} INFO - Filling up the DagBag from /home/airflow/.local/lib/python3.7/site-packages/airflow/example_dags/example_bash_operator.py
[2024-04-27T02:46:18.493+0000] {processor.py:768} INFO - DAG(s) dict_keys(['example_bash_operator']) retrieved from /home/airflow/.local/lib/python3.7/site-packages/airflow/example_dags/example_bash_operator.py
[2024-04-27T02:46:18.548+0000] {logging_mixin.py:117} INFO - [2024-04-27T02:46:18.547+0000] {dag.py:2573} INFO - Sync 1 DAGs
[2024-04-27T02:46:18.579+0000] {logging_mixin.py:117} INFO - [2024-04-27T02:46:18.579+0000] {dag.py:3328} INFO - Setting next_dagrun for example_bash_operator to 2024-04-26T00:00:00+00:00, run_after=2024-04-27T00:00:00+00:00
[2024-04-27T02:46:18.618+0000] {processor.py:178} INFO - Processing /home/airflow/.local/lib/python3.7/site-packages/airflow/example_dags/example_bash_operator.py took 0.157 seconds
[2024-04-27T02:46:49.076+0000] {processor.py:156} INFO - Started process (PID=9611) to work on /home/airflow/.local/lib/python3.7/site-packages/airflow/example_dags/example_bash_operator.py
[2024-04-27T02:46:49.077+0000] {processor.py:758} INFO - Processing file /home/airflow/.local/lib/python3.7/site-packages/airflow/example_dags/example_bash_operator.py for tasks to queue
[2024-04-27T02:46:49.078+0000] {logging_mixin.py:117} INFO - [2024-04-27T02:46:49.077+0000] {dagbag.py:525} INFO - Filling up the DagBag from /home/airflow/.local/lib/python3.7/site-packages/airflow/example_dags/example_bash_operator.py
[2024-04-27T02:46:49.108+0000] {processor.py:768} INFO - DAG(s) dict_keys(['example_bash_operator']) retrieved from /home/airflow/.local/lib/python3.7/site-packages/airflow/example_dags/example_bash_operator.py
[2024-04-27T02:46:49.162+0000] {logging_mixin.py:117} INFO - [2024-04-27T02:46:49.161+0000] {dag.py:2573} INFO - Sync 1 DAGs
[2024-04-27T02:46:49.196+0000] {logging_mixin.py:117} INFO - [2024-04-27T02:46:49.196+0000] {dag.py:3328} INFO - Setting next_dagrun for example_bash_operator to 2024-04-26T00:00:00+00:00, run_after=2024-04-27T00:00:00+00:00
[2024-04-27T02:46:49.224+0000] {processor.py:178} INFO - Processing /home/airflow/.local/lib/python3.7/site-packages/airflow/example_dags/example_bash_operator.py took 0.151 seconds
[2024-04-27T02:47:19.319+0000] {processor.py:156} INFO - Started process (PID=9821) to work on /home/airflow/.local/lib/python3.7/site-packages/airflow/example_dags/example_bash_operator.py
[2024-04-27T02:47:19.320+0000] {processor.py:758} INFO - Processing file /home/airflow/.local/lib/python3.7/site-packages/airflow/example_dags/example_bash_operator.py for tasks to queue
[2024-04-27T02:47:19.320+0000] {logging_mixin.py:117} INFO - [2024-04-27T02:47:19.320+0000] {dagbag.py:525} INFO - Filling up the DagBag from /home/airflow/.local/lib/python3.7/site-packages/airflow/example_dags/example_bash_operator.py
[2024-04-27T02:47:19.346+0000] {processor.py:768} INFO - DAG(s) dict_keys(['example_bash_operator']) retrieved from /home/airflow/.local/lib/python3.7/site-packages/airflow/example_dags/example_bash_operator.py
[2024-04-27T02:47:19.399+0000] {logging_mixin.py:117} INFO - [2024-04-27T02:47:19.399+0000] {dag.py:2573} INFO - Sync 1 DAGs
[2024-04-27T02:47:19.434+0000] {logging_mixin.py:117} INFO - [2024-04-27T02:47:19.434+0000] {dag.py:3328} INFO - Setting next_dagrun for example_bash_operator to 2024-04-26T00:00:00+00:00, run_after=2024-04-27T00:00:00+00:00
[2024-04-27T02:47:19.459+0000] {processor.py:178} INFO - Processing /home/airflow/.local/lib/python3.7/site-packages/airflow/example_dags/example_bash_operator.py took 0.143 seconds
[2024-04-27T02:47:49.613+0000] {processor.py:156} INFO - Started process (PID=10040) to work on /home/airflow/.local/lib/python3.7/site-packages/airflow/example_dags/example_bash_operator.py
[2024-04-27T02:47:49.614+0000] {processor.py:758} INFO - Processing file /home/airflow/.local/lib/python3.7/site-packages/airflow/example_dags/example_bash_operator.py for tasks to queue
[2024-04-27T02:47:49.615+0000] {logging_mixin.py:117} INFO - [2024-04-27T02:47:49.615+0000] {dagbag.py:525} INFO - Filling up the DagBag from /home/airflow/.local/lib/python3.7/site-packages/airflow/example_dags/example_bash_operator.py
[2024-04-27T02:47:49.641+0000] {processor.py:768} INFO - DAG(s) dict_keys(['example_bash_operator']) retrieved from /home/airflow/.local/lib/python3.7/site-packages/airflow/example_dags/example_bash_operator.py
[2024-04-27T02:47:49.701+0000] {logging_mixin.py:117} INFO - [2024-04-27T02:47:49.700+0000] {dag.py:2573} INFO - Sync 1 DAGs
[2024-04-27T02:47:49.732+0000] {logging_mixin.py:117} INFO - [2024-04-27T02:47:49.732+0000] {dag.py:3328} INFO - Setting next_dagrun for example_bash_operator to 2024-04-26T00:00:00+00:00, run_after=2024-04-27T00:00:00+00:00
[2024-04-27T02:47:49.761+0000] {processor.py:178} INFO - Processing /home/airflow/.local/lib/python3.7/site-packages/airflow/example_dags/example_bash_operator.py took 0.152 seconds
[2024-04-27T02:48:22.122+0000] {processor.py:156} INFO - Started process (PID=10259) to work on /home/airflow/.local/lib/python3.7/site-packages/airflow/example_dags/example_bash_operator.py
[2024-04-27T02:48:22.128+0000] {processor.py:758} INFO - Processing file /home/airflow/.local/lib/python3.7/site-packages/airflow/example_dags/example_bash_operator.py for tasks to queue
[2024-04-27T02:48:22.129+0000] {logging_mixin.py:117} INFO - [2024-04-27T02:48:22.129+0000] {dagbag.py:525} INFO - Filling up the DagBag from /home/airflow/.local/lib/python3.7/site-packages/airflow/example_dags/example_bash_operator.py
[2024-04-27T02:48:22.163+0000] {processor.py:768} INFO - DAG(s) dict_keys(['example_bash_operator']) retrieved from /home/airflow/.local/lib/python3.7/site-packages/airflow/example_dags/example_bash_operator.py
[2024-04-27T02:48:22.236+0000] {logging_mixin.py:117} INFO - [2024-04-27T02:48:22.236+0000] {dag.py:2573} INFO - Sync 1 DAGs
[2024-04-27T02:48:22.259+0000] {logging_mixin.py:117} INFO - [2024-04-27T02:48:22.259+0000] {dag.py:3328} INFO - Setting next_dagrun for example_bash_operator to 2024-04-26T00:00:00+00:00, run_after=2024-04-27T00:00:00+00:00
[2024-04-27T02:48:22.280+0000] {processor.py:178} INFO - Processing /home/airflow/.local/lib/python3.7/site-packages/airflow/example_dags/example_bash_operator.py took 0.169 seconds
[2024-04-27T02:48:53.064+0000] {processor.py:156} INFO - Started process (PID=10467) to work on /home/airflow/.local/lib/python3.7/site-packages/airflow/example_dags/example_bash_operator.py
[2024-04-27T02:48:53.065+0000] {processor.py:758} INFO - Processing file /home/airflow/.local/lib/python3.7/site-packages/airflow/example_dags/example_bash_operator.py for tasks to queue
[2024-04-27T02:48:53.065+0000] {logging_mixin.py:117} INFO - [2024-04-27T02:48:53.065+0000] {dagbag.py:525} INFO - Filling up the DagBag from /home/airflow/.local/lib/python3.7/site-packages/airflow/example_dags/example_bash_operator.py
[2024-04-27T02:48:53.092+0000] {processor.py:768} INFO - DAG(s) dict_keys(['example_bash_operator']) retrieved from /home/airflow/.local/lib/python3.7/site-packages/airflow/example_dags/example_bash_operator.py
[2024-04-27T02:48:53.150+0000] {logging_mixin.py:117} INFO - [2024-04-27T02:48:53.150+0000] {dag.py:2573} INFO - Sync 1 DAGs
[2024-04-27T02:48:53.182+0000] {logging_mixin.py:117} INFO - [2024-04-27T02:48:53.182+0000] {dag.py:3328} INFO - Setting next_dagrun for example_bash_operator to 2024-04-26T00:00:00+00:00, run_after=2024-04-27T00:00:00+00:00
[2024-04-27T02:48:53.206+0000] {processor.py:178} INFO - Processing /home/airflow/.local/lib/python3.7/site-packages/airflow/example_dags/example_bash_operator.py took 0.145 seconds
[2024-04-27T02:49:23.457+0000] {processor.py:156} INFO - Started process (PID=10694) to work on /home/airflow/.local/lib/python3.7/site-packages/airflow/example_dags/example_bash_operator.py
[2024-04-27T02:49:23.458+0000] {processor.py:758} INFO - Processing file /home/airflow/.local/lib/python3.7/site-packages/airflow/example_dags/example_bash_operator.py for tasks to queue
[2024-04-27T02:49:23.458+0000] {logging_mixin.py:117} INFO - [2024-04-27T02:49:23.458+0000] {dagbag.py:525} INFO - Filling up the DagBag from /home/airflow/.local/lib/python3.7/site-packages/airflow/example_dags/example_bash_operator.py
[2024-04-27T02:49:23.477+0000] {processor.py:768} INFO - DAG(s) dict_keys(['example_bash_operator']) retrieved from /home/airflow/.local/lib/python3.7/site-packages/airflow/example_dags/example_bash_operator.py
[2024-04-27T02:49:23.530+0000] {logging_mixin.py:117} INFO - [2024-04-27T02:49:23.530+0000] {dag.py:2573} INFO - Sync 1 DAGs
[2024-04-27T02:49:23.552+0000] {logging_mixin.py:117} INFO - [2024-04-27T02:49:23.552+0000] {dag.py:3328} INFO - Setting next_dagrun for example_bash_operator to 2024-04-26T00:00:00+00:00, run_after=2024-04-27T00:00:00+00:00
[2024-04-27T02:49:23.573+0000] {processor.py:178} INFO - Processing /home/airflow/.local/lib/python3.7/site-packages/airflow/example_dags/example_bash_operator.py took 0.118 seconds
[2024-04-27T02:49:53.910+0000] {processor.py:156} INFO - Started process (PID=10902) to work on /home/airflow/.local/lib/python3.7/site-packages/airflow/example_dags/example_bash_operator.py
[2024-04-27T02:49:53.911+0000] {processor.py:758} INFO - Processing file /home/airflow/.local/lib/python3.7/site-packages/airflow/example_dags/example_bash_operator.py for tasks to queue
[2024-04-27T02:49:53.912+0000] {logging_mixin.py:117} INFO - [2024-04-27T02:49:53.912+0000] {dagbag.py:525} INFO - Filling up the DagBag from /home/airflow/.local/lib/python3.7/site-packages/airflow/example_dags/example_bash_operator.py
[2024-04-27T02:49:53.939+0000] {processor.py:768} INFO - DAG(s) dict_keys(['example_bash_operator']) retrieved from /home/airflow/.local/lib/python3.7/site-packages/airflow/example_dags/example_bash_operator.py
[2024-04-27T02:49:54.000+0000] {logging_mixin.py:117} INFO - [2024-04-27T02:49:54.000+0000] {dag.py:2573} INFO - Sync 1 DAGs
[2024-04-27T02:49:54.034+0000] {logging_mixin.py:117} INFO - [2024-04-27T02:49:54.034+0000] {dag.py:3328} INFO - Setting next_dagrun for example_bash_operator to 2024-04-26T00:00:00+00:00, run_after=2024-04-27T00:00:00+00:00
[2024-04-27T02:49:54.056+0000] {processor.py:178} INFO - Processing /home/airflow/.local/lib/python3.7/site-packages/airflow/example_dags/example_bash_operator.py took 0.150 seconds
[2024-04-27T02:50:24.886+0000] {processor.py:156} INFO - Started process (PID=11116) to work on /home/airflow/.local/lib/python3.7/site-packages/airflow/example_dags/example_bash_operator.py
[2024-04-27T02:50:24.887+0000] {processor.py:758} INFO - Processing file /home/airflow/.local/lib/python3.7/site-packages/airflow/example_dags/example_bash_operator.py for tasks to queue
[2024-04-27T02:50:24.888+0000] {logging_mixin.py:117} INFO - [2024-04-27T02:50:24.888+0000] {dagbag.py:525} INFO - Filling up the DagBag from /home/airflow/.local/lib/python3.7/site-packages/airflow/example_dags/example_bash_operator.py
[2024-04-27T02:50:24.915+0000] {processor.py:768} INFO - DAG(s) dict_keys(['example_bash_operator']) retrieved from /home/airflow/.local/lib/python3.7/site-packages/airflow/example_dags/example_bash_operator.py
[2024-04-27T02:50:24.961+0000] {logging_mixin.py:117} INFO - [2024-04-27T02:50:24.961+0000] {dag.py:2573} INFO - Sync 1 DAGs
[2024-04-27T02:50:24.982+0000] {logging_mixin.py:117} INFO - [2024-04-27T02:50:24.982+0000] {dag.py:3328} INFO - Setting next_dagrun for example_bash_operator to 2024-04-26T00:00:00+00:00, run_after=2024-04-27T00:00:00+00:00
[2024-04-27T02:50:25.005+0000] {processor.py:178} INFO - Processing /home/airflow/.local/lib/python3.7/site-packages/airflow/example_dags/example_bash_operator.py took 0.121 seconds
[2024-04-27T02:50:55.635+0000] {processor.py:156} INFO - Started process (PID=11328) to work on /home/airflow/.local/lib/python3.7/site-packages/airflow/example_dags/example_bash_operator.py
[2024-04-27T02:50:55.635+0000] {processor.py:758} INFO - Processing file /home/airflow/.local/lib/python3.7/site-packages/airflow/example_dags/example_bash_operator.py for tasks to queue
[2024-04-27T02:50:55.636+0000] {logging_mixin.py:117} INFO - [2024-04-27T02:50:55.636+0000] {dagbag.py:525} INFO - Filling up the DagBag from /home/airflow/.local/lib/python3.7/site-packages/airflow/example_dags/example_bash_operator.py
[2024-04-27T02:50:55.663+0000] {processor.py:768} INFO - DAG(s) dict_keys(['example_bash_operator']) retrieved from /home/airflow/.local/lib/python3.7/site-packages/airflow/example_dags/example_bash_operator.py
[2024-04-27T02:50:55.721+0000] {logging_mixin.py:117} INFO - [2024-04-27T02:50:55.721+0000] {dag.py:2573} INFO - Sync 1 DAGs
[2024-04-27T02:50:55.746+0000] {logging_mixin.py:117} INFO - [2024-04-27T02:50:55.746+0000] {dag.py:3328} INFO - Setting next_dagrun for example_bash_operator to 2024-04-26T00:00:00+00:00, run_after=2024-04-27T00:00:00+00:00
[2024-04-27T02:50:55.768+0000] {processor.py:178} INFO - Processing /home/airflow/.local/lib/python3.7/site-packages/airflow/example_dags/example_bash_operator.py took 0.136 seconds
[2024-04-27T02:51:26.818+0000] {processor.py:156} INFO - Started process (PID=11543) to work on /home/airflow/.local/lib/python3.7/site-packages/airflow/example_dags/example_bash_operator.py
[2024-04-27T02:51:26.818+0000] {processor.py:758} INFO - Processing file /home/airflow/.local/lib/python3.7/site-packages/airflow/example_dags/example_bash_operator.py for tasks to queue
[2024-04-27T02:51:26.819+0000] {logging_mixin.py:117} INFO - [2024-04-27T02:51:26.819+0000] {dagbag.py:525} INFO - Filling up the DagBag from /home/airflow/.local/lib/python3.7/site-packages/airflow/example_dags/example_bash_operator.py
[2024-04-27T02:51:26.843+0000] {processor.py:768} INFO - DAG(s) dict_keys(['example_bash_operator']) retrieved from /home/airflow/.local/lib/python3.7/site-packages/airflow/example_dags/example_bash_operator.py
[2024-04-27T02:51:26.900+0000] {logging_mixin.py:117} INFO - [2024-04-27T02:51:26.900+0000] {dag.py:2573} INFO - Sync 1 DAGs
[2024-04-27T02:51:26.934+0000] {logging_mixin.py:117} INFO - [2024-04-27T02:51:26.934+0000] {dag.py:3328} INFO - Setting next_dagrun for example_bash_operator to 2024-04-26T00:00:00+00:00, run_after=2024-04-27T00:00:00+00:00
[2024-04-27T02:51:26.970+0000] {processor.py:178} INFO - Processing /home/airflow/.local/lib/python3.7/site-packages/airflow/example_dags/example_bash_operator.py took 0.156 seconds
[2024-04-27T02:51:57.547+0000] {processor.py:156} INFO - Started process (PID=11752) to work on /home/airflow/.local/lib/python3.7/site-packages/airflow/example_dags/example_bash_operator.py
[2024-04-27T02:51:57.548+0000] {processor.py:758} INFO - Processing file /home/airflow/.local/lib/python3.7/site-packages/airflow/example_dags/example_bash_operator.py for tasks to queue
[2024-04-27T02:51:57.549+0000] {logging_mixin.py:117} INFO - [2024-04-27T02:51:57.549+0000] {dagbag.py:525} INFO - Filling up the DagBag from /home/airflow/.local/lib/python3.7/site-packages/airflow/example_dags/example_bash_operator.py
[2024-04-27T02:51:57.575+0000] {processor.py:768} INFO - DAG(s) dict_keys(['example_bash_operator']) retrieved from /home/airflow/.local/lib/python3.7/site-packages/airflow/example_dags/example_bash_operator.py
[2024-04-27T02:51:57.631+0000] {logging_mixin.py:117} INFO - [2024-04-27T02:51:57.631+0000] {dag.py:2573} INFO - Sync 1 DAGs
[2024-04-27T02:51:57.667+0000] {logging_mixin.py:117} INFO - [2024-04-27T02:51:57.667+0000] {dag.py:3328} INFO - Setting next_dagrun for example_bash_operator to 2024-04-26T00:00:00+00:00, run_after=2024-04-27T00:00:00+00:00
[2024-04-27T02:51:57.695+0000] {processor.py:178} INFO - Processing /home/airflow/.local/lib/python3.7/site-packages/airflow/example_dags/example_bash_operator.py took 0.152 seconds
[2024-04-27T02:52:29.156+0000] {processor.py:156} INFO - Started process (PID=11974) to work on /home/airflow/.local/lib/python3.7/site-packages/airflow/example_dags/example_bash_operator.py
[2024-04-27T02:52:29.157+0000] {processor.py:758} INFO - Processing file /home/airflow/.local/lib/python3.7/site-packages/airflow/example_dags/example_bash_operator.py for tasks to queue
[2024-04-27T02:52:29.158+0000] {logging_mixin.py:117} INFO - [2024-04-27T02:52:29.157+0000] {dagbag.py:525} INFO - Filling up the DagBag from /home/airflow/.local/lib/python3.7/site-packages/airflow/example_dags/example_bash_operator.py
[2024-04-27T02:52:29.205+0000] {processor.py:768} INFO - DAG(s) dict_keys(['example_bash_operator']) retrieved from /home/airflow/.local/lib/python3.7/site-packages/airflow/example_dags/example_bash_operator.py
[2024-04-27T02:52:29.300+0000] {logging_mixin.py:117} INFO - [2024-04-27T02:52:29.300+0000] {dag.py:2573} INFO - Sync 1 DAGs
[2024-04-27T02:52:29.344+0000] {logging_mixin.py:117} INFO - [2024-04-27T02:52:29.344+0000] {dag.py:3328} INFO - Setting next_dagrun for example_bash_operator to 2024-04-26T00:00:00+00:00, run_after=2024-04-27T00:00:00+00:00
[2024-04-27T02:52:29.385+0000] {processor.py:178} INFO - Processing /home/airflow/.local/lib/python3.7/site-packages/airflow/example_dags/example_bash_operator.py took 0.238 seconds
[2024-04-27T02:52:59.425+0000] {processor.py:156} INFO - Started process (PID=12191) to work on /home/airflow/.local/lib/python3.7/site-packages/airflow/example_dags/example_bash_operator.py
[2024-04-27T02:52:59.426+0000] {processor.py:758} INFO - Processing file /home/airflow/.local/lib/python3.7/site-packages/airflow/example_dags/example_bash_operator.py for tasks to queue
[2024-04-27T02:52:59.427+0000] {logging_mixin.py:117} INFO - [2024-04-27T02:52:59.427+0000] {dagbag.py:525} INFO - Filling up the DagBag from /home/airflow/.local/lib/python3.7/site-packages/airflow/example_dags/example_bash_operator.py
[2024-04-27T02:52:59.492+0000] {processor.py:768} INFO - DAG(s) dict_keys(['example_bash_operator']) retrieved from /home/airflow/.local/lib/python3.7/site-packages/airflow/example_dags/example_bash_operator.py
[2024-04-27T02:52:59.554+0000] {logging_mixin.py:117} INFO - [2024-04-27T02:52:59.554+0000] {dag.py:2573} INFO - Sync 1 DAGs
[2024-04-27T02:52:59.587+0000] {logging_mixin.py:117} INFO - [2024-04-27T02:52:59.586+0000] {dag.py:3328} INFO - Setting next_dagrun for example_bash_operator to 2024-04-26T00:00:00+00:00, run_after=2024-04-27T00:00:00+00:00
[2024-04-27T02:52:59.616+0000] {processor.py:178} INFO - Processing /home/airflow/.local/lib/python3.7/site-packages/airflow/example_dags/example_bash_operator.py took 0.196 seconds
[2024-04-27T02:53:31.202+0000] {processor.py:156} INFO - Started process (PID=12408) to work on /home/airflow/.local/lib/python3.7/site-packages/airflow/example_dags/example_bash_operator.py
[2024-04-27T02:53:31.203+0000] {processor.py:758} INFO - Processing file /home/airflow/.local/lib/python3.7/site-packages/airflow/example_dags/example_bash_operator.py for tasks to queue
[2024-04-27T02:53:31.204+0000] {logging_mixin.py:117} INFO - [2024-04-27T02:53:31.204+0000] {dagbag.py:525} INFO - Filling up the DagBag from /home/airflow/.local/lib/python3.7/site-packages/airflow/example_dags/example_bash_operator.py
[2024-04-27T02:53:31.231+0000] {processor.py:768} INFO - DAG(s) dict_keys(['example_bash_operator']) retrieved from /home/airflow/.local/lib/python3.7/site-packages/airflow/example_dags/example_bash_operator.py
[2024-04-27T02:53:31.303+0000] {logging_mixin.py:117} INFO - [2024-04-27T02:53:31.303+0000] {dag.py:2573} INFO - Sync 1 DAGs
[2024-04-27T02:53:31.350+0000] {logging_mixin.py:117} INFO - [2024-04-27T02:53:31.349+0000] {dag.py:3328} INFO - Setting next_dagrun for example_bash_operator to 2024-04-26T00:00:00+00:00, run_after=2024-04-27T00:00:00+00:00
[2024-04-27T02:53:31.381+0000] {processor.py:178} INFO - Processing /home/airflow/.local/lib/python3.7/site-packages/airflow/example_dags/example_bash_operator.py took 0.182 seconds
[2024-04-27T02:54:01.447+0000] {processor.py:156} INFO - Started process (PID=12617) to work on /home/airflow/.local/lib/python3.7/site-packages/airflow/example_dags/example_bash_operator.py
[2024-04-27T02:54:01.448+0000] {processor.py:758} INFO - Processing file /home/airflow/.local/lib/python3.7/site-packages/airflow/example_dags/example_bash_operator.py for tasks to queue
[2024-04-27T02:54:01.449+0000] {logging_mixin.py:117} INFO - [2024-04-27T02:54:01.449+0000] {dagbag.py:525} INFO - Filling up the DagBag from /home/airflow/.local/lib/python3.7/site-packages/airflow/example_dags/example_bash_operator.py
[2024-04-27T02:54:01.476+0000] {processor.py:768} INFO - DAG(s) dict_keys(['example_bash_operator']) retrieved from /home/airflow/.local/lib/python3.7/site-packages/airflow/example_dags/example_bash_operator.py
[2024-04-27T02:54:01.542+0000] {logging_mixin.py:117} INFO - [2024-04-27T02:54:01.542+0000] {dag.py:2573} INFO - Sync 1 DAGs
[2024-04-27T02:54:01.576+0000] {logging_mixin.py:117} INFO - [2024-04-27T02:54:01.576+0000] {dag.py:3328} INFO - Setting next_dagrun for example_bash_operator to 2024-04-26T00:00:00+00:00, run_after=2024-04-27T00:00:00+00:00
[2024-04-27T02:54:01.604+0000] {processor.py:178} INFO - Processing /home/airflow/.local/lib/python3.7/site-packages/airflow/example_dags/example_bash_operator.py took 0.161 seconds
[2024-04-27T02:54:32.441+0000] {processor.py:156} INFO - Started process (PID=12833) to work on /home/airflow/.local/lib/python3.7/site-packages/airflow/example_dags/example_bash_operator.py
[2024-04-27T02:54:32.442+0000] {processor.py:758} INFO - Processing file /home/airflow/.local/lib/python3.7/site-packages/airflow/example_dags/example_bash_operator.py for tasks to queue
[2024-04-27T02:54:32.443+0000] {logging_mixin.py:117} INFO - [2024-04-27T02:54:32.443+0000] {dagbag.py:525} INFO - Filling up the DagBag from /home/airflow/.local/lib/python3.7/site-packages/airflow/example_dags/example_bash_operator.py
[2024-04-27T02:54:32.469+0000] {processor.py:768} INFO - DAG(s) dict_keys(['example_bash_operator']) retrieved from /home/airflow/.local/lib/python3.7/site-packages/airflow/example_dags/example_bash_operator.py
[2024-04-27T02:54:32.528+0000] {logging_mixin.py:117} INFO - [2024-04-27T02:54:32.528+0000] {dag.py:2573} INFO - Sync 1 DAGs
[2024-04-27T02:54:32.561+0000] {logging_mixin.py:117} INFO - [2024-04-27T02:54:32.561+0000] {dag.py:3328} INFO - Setting next_dagrun for example_bash_operator to 2024-04-26T00:00:00+00:00, run_after=2024-04-27T00:00:00+00:00
[2024-04-27T02:54:32.619+0000] {processor.py:178} INFO - Processing /home/airflow/.local/lib/python3.7/site-packages/airflow/example_dags/example_bash_operator.py took 0.181 seconds
[2024-04-27T02:55:04.088+0000] {processor.py:156} INFO - Started process (PID=13050) to work on /home/airflow/.local/lib/python3.7/site-packages/airflow/example_dags/example_bash_operator.py
[2024-04-27T02:55:04.091+0000] {processor.py:758} INFO - Processing file /home/airflow/.local/lib/python3.7/site-packages/airflow/example_dags/example_bash_operator.py for tasks to queue
[2024-04-27T02:55:04.091+0000] {logging_mixin.py:117} INFO - [2024-04-27T02:55:04.091+0000] {dagbag.py:525} INFO - Filling up the DagBag from /home/airflow/.local/lib/python3.7/site-packages/airflow/example_dags/example_bash_operator.py
[2024-04-27T02:55:04.128+0000] {processor.py:768} INFO - DAG(s) dict_keys(['example_bash_operator']) retrieved from /home/airflow/.local/lib/python3.7/site-packages/airflow/example_dags/example_bash_operator.py
[2024-04-27T02:55:04.248+0000] {logging_mixin.py:117} INFO - [2024-04-27T02:55:04.248+0000] {dag.py:2573} INFO - Sync 1 DAGs
[2024-04-27T02:55:04.318+0000] {logging_mixin.py:117} INFO - [2024-04-27T02:55:04.317+0000] {dag.py:3328} INFO - Setting next_dagrun for example_bash_operator to 2024-04-26T00:00:00+00:00, run_after=2024-04-27T00:00:00+00:00
[2024-04-27T02:55:04.345+0000] {processor.py:178} INFO - Processing /home/airflow/.local/lib/python3.7/site-packages/airflow/example_dags/example_bash_operator.py took 0.261 seconds
[2024-04-27T02:55:34.840+0000] {processor.py:156} INFO - Started process (PID=13265) to work on /home/airflow/.local/lib/python3.7/site-packages/airflow/example_dags/example_bash_operator.py
[2024-04-27T02:55:34.842+0000] {processor.py:758} INFO - Processing file /home/airflow/.local/lib/python3.7/site-packages/airflow/example_dags/example_bash_operator.py for tasks to queue
[2024-04-27T02:55:34.843+0000] {logging_mixin.py:117} INFO - [2024-04-27T02:55:34.843+0000] {dagbag.py:525} INFO - Filling up the DagBag from /home/airflow/.local/lib/python3.7/site-packages/airflow/example_dags/example_bash_operator.py
[2024-04-27T02:55:34.868+0000] {processor.py:768} INFO - DAG(s) dict_keys(['example_bash_operator']) retrieved from /home/airflow/.local/lib/python3.7/site-packages/airflow/example_dags/example_bash_operator.py
[2024-04-27T02:55:34.928+0000] {logging_mixin.py:117} INFO - [2024-04-27T02:55:34.928+0000] {dag.py:2573} INFO - Sync 1 DAGs
[2024-04-27T02:55:34.959+0000] {logging_mixin.py:117} INFO - [2024-04-27T02:55:34.959+0000] {dag.py:3328} INFO - Setting next_dagrun for example_bash_operator to 2024-04-26T00:00:00+00:00, run_after=2024-04-27T00:00:00+00:00
[2024-04-27T02:55:34.980+0000] {processor.py:178} INFO - Processing /home/airflow/.local/lib/python3.7/site-packages/airflow/example_dags/example_bash_operator.py took 0.143 seconds
[2024-04-27T02:56:05.665+0000] {processor.py:156} INFO - Started process (PID=13478) to work on /home/airflow/.local/lib/python3.7/site-packages/airflow/example_dags/example_bash_operator.py
[2024-04-27T02:56:05.665+0000] {processor.py:758} INFO - Processing file /home/airflow/.local/lib/python3.7/site-packages/airflow/example_dags/example_bash_operator.py for tasks to queue
[2024-04-27T02:56:05.666+0000] {logging_mixin.py:117} INFO - [2024-04-27T02:56:05.666+0000] {dagbag.py:525} INFO - Filling up the DagBag from /home/airflow/.local/lib/python3.7/site-packages/airflow/example_dags/example_bash_operator.py
[2024-04-27T02:56:05.692+0000] {processor.py:768} INFO - DAG(s) dict_keys(['example_bash_operator']) retrieved from /home/airflow/.local/lib/python3.7/site-packages/airflow/example_dags/example_bash_operator.py
[2024-04-27T02:56:05.752+0000] {logging_mixin.py:117} INFO - [2024-04-27T02:56:05.751+0000] {dag.py:2573} INFO - Sync 1 DAGs
[2024-04-27T02:56:05.785+0000] {logging_mixin.py:117} INFO - [2024-04-27T02:56:05.785+0000] {dag.py:3328} INFO - Setting next_dagrun for example_bash_operator to 2024-04-26T00:00:00+00:00, run_after=2024-04-27T00:00:00+00:00
[2024-04-27T02:56:05.809+0000] {processor.py:178} INFO - Processing /home/airflow/.local/lib/python3.7/site-packages/airflow/example_dags/example_bash_operator.py took 0.147 seconds
[2024-04-27T02:56:36.107+0000] {processor.py:156} INFO - Started process (PID=13695) to work on /home/airflow/.local/lib/python3.7/site-packages/airflow/example_dags/example_bash_operator.py
[2024-04-27T02:56:36.108+0000] {processor.py:758} INFO - Processing file /home/airflow/.local/lib/python3.7/site-packages/airflow/example_dags/example_bash_operator.py for tasks to queue
[2024-04-27T02:56:36.109+0000] {logging_mixin.py:117} INFO - [2024-04-27T02:56:36.109+0000] {dagbag.py:525} INFO - Filling up the DagBag from /home/airflow/.local/lib/python3.7/site-packages/airflow/example_dags/example_bash_operator.py
[2024-04-27T02:56:36.141+0000] {processor.py:768} INFO - DAG(s) dict_keys(['example_bash_operator']) retrieved from /home/airflow/.local/lib/python3.7/site-packages/airflow/example_dags/example_bash_operator.py
[2024-04-27T02:56:36.232+0000] {logging_mixin.py:117} INFO - [2024-04-27T02:56:36.232+0000] {dag.py:2573} INFO - Sync 1 DAGs
[2024-04-27T02:56:36.287+0000] {logging_mixin.py:117} INFO - [2024-04-27T02:56:36.287+0000] {dag.py:3328} INFO - Setting next_dagrun for example_bash_operator to 2024-04-26T00:00:00+00:00, run_after=2024-04-27T00:00:00+00:00
[2024-04-27T02:56:36.334+0000] {processor.py:178} INFO - Processing /home/airflow/.local/lib/python3.7/site-packages/airflow/example_dags/example_bash_operator.py took 0.230 seconds
[2024-04-27T02:57:06.499+0000] {processor.py:156} INFO - Started process (PID=13909) to work on /home/airflow/.local/lib/python3.7/site-packages/airflow/example_dags/example_bash_operator.py
[2024-04-27T02:57:06.501+0000] {processor.py:758} INFO - Processing file /home/airflow/.local/lib/python3.7/site-packages/airflow/example_dags/example_bash_operator.py for tasks to queue
[2024-04-27T02:57:06.502+0000] {logging_mixin.py:117} INFO - [2024-04-27T02:57:06.502+0000] {dagbag.py:525} INFO - Filling up the DagBag from /home/airflow/.local/lib/python3.7/site-packages/airflow/example_dags/example_bash_operator.py
[2024-04-27T02:57:06.540+0000] {processor.py:768} INFO - DAG(s) dict_keys(['example_bash_operator']) retrieved from /home/airflow/.local/lib/python3.7/site-packages/airflow/example_dags/example_bash_operator.py
[2024-04-27T02:57:06.594+0000] {logging_mixin.py:117} INFO - [2024-04-27T02:57:06.594+0000] {dag.py:2573} INFO - Sync 1 DAGs
[2024-04-27T02:57:06.621+0000] {logging_mixin.py:117} INFO - [2024-04-27T02:57:06.621+0000] {dag.py:3328} INFO - Setting next_dagrun for example_bash_operator to 2024-04-26T00:00:00+00:00, run_after=2024-04-27T00:00:00+00:00
[2024-04-27T02:57:06.642+0000] {processor.py:178} INFO - Processing /home/airflow/.local/lib/python3.7/site-packages/airflow/example_dags/example_bash_operator.py took 0.148 seconds
[2024-04-27T02:57:36.701+0000] {processor.py:156} INFO - Started process (PID=14131) to work on /home/airflow/.local/lib/python3.7/site-packages/airflow/example_dags/example_bash_operator.py
[2024-04-27T02:57:36.702+0000] {processor.py:758} INFO - Processing file /home/airflow/.local/lib/python3.7/site-packages/airflow/example_dags/example_bash_operator.py for tasks to queue
[2024-04-27T02:57:36.703+0000] {logging_mixin.py:117} INFO - [2024-04-27T02:57:36.703+0000] {dagbag.py:525} INFO - Filling up the DagBag from /home/airflow/.local/lib/python3.7/site-packages/airflow/example_dags/example_bash_operator.py
[2024-04-27T02:57:36.732+0000] {processor.py:768} INFO - DAG(s) dict_keys(['example_bash_operator']) retrieved from /home/airflow/.local/lib/python3.7/site-packages/airflow/example_dags/example_bash_operator.py
[2024-04-27T02:57:36.784+0000] {logging_mixin.py:117} INFO - [2024-04-27T02:57:36.784+0000] {dag.py:2573} INFO - Sync 1 DAGs
[2024-04-27T02:57:36.817+0000] {logging_mixin.py:117} INFO - [2024-04-27T02:57:36.816+0000] {dag.py:3328} INFO - Setting next_dagrun for example_bash_operator to 2024-04-26T00:00:00+00:00, run_after=2024-04-27T00:00:00+00:00
[2024-04-27T02:57:36.841+0000] {processor.py:178} INFO - Processing /home/airflow/.local/lib/python3.7/site-packages/airflow/example_dags/example_bash_operator.py took 0.144 seconds
[2024-04-27T03:11:41.261+0000] {processor.py:156} INFO - Started process (PID=347) to work on /home/airflow/.local/lib/python3.7/site-packages/airflow/example_dags/example_bash_operator.py
[2024-04-27T03:11:41.263+0000] {processor.py:758} INFO - Processing file /home/airflow/.local/lib/python3.7/site-packages/airflow/example_dags/example_bash_operator.py for tasks to queue
[2024-04-27T03:11:41.264+0000] {logging_mixin.py:117} INFO - [2024-04-27T03:11:41.263+0000] {dagbag.py:525} INFO - Filling up the DagBag from /home/airflow/.local/lib/python3.7/site-packages/airflow/example_dags/example_bash_operator.py
[2024-04-27T03:11:41.300+0000] {processor.py:768} INFO - DAG(s) dict_keys(['example_bash_operator']) retrieved from /home/airflow/.local/lib/python3.7/site-packages/airflow/example_dags/example_bash_operator.py
[2024-04-27T03:11:41.374+0000] {logging_mixin.py:117} INFO - [2024-04-27T03:11:41.374+0000] {dag.py:2573} INFO - Sync 1 DAGs
[2024-04-27T03:11:41.412+0000] {logging_mixin.py:117} INFO - [2024-04-27T03:11:41.412+0000] {dag.py:3328} INFO - Setting next_dagrun for example_bash_operator to 2024-04-26T00:00:00+00:00, run_after=2024-04-27T00:00:00+00:00
[2024-04-27T03:11:41.443+0000] {processor.py:178} INFO - Processing /home/airflow/.local/lib/python3.7/site-packages/airflow/example_dags/example_bash_operator.py took 0.185 seconds
