[2024-04-27T02:24:33.460+0000] {processor.py:156} INFO - Started process (PID=232) to work on /home/airflow/.local/lib/python3.7/site-packages/airflow/example_dags/example_time_delta_sensor_async.py
[2024-04-27T02:24:33.462+0000] {processor.py:758} INFO - Processing file /home/airflow/.local/lib/python3.7/site-packages/airflow/example_dags/example_time_delta_sensor_async.py for tasks to queue
[2024-04-27T02:24:33.463+0000] {logging_mixin.py:117} INFO - [2024-04-27T02:24:33.462+0000] {dagbag.py:525} INFO - Filling up the DagBag from /home/airflow/.local/lib/python3.7/site-packages/airflow/example_dags/example_time_delta_sensor_async.py
[2024-04-27T02:24:33.485+0000] {processor.py:768} INFO - DAG(s) dict_keys(['example_time_delta_sensor_async']) retrieved from /home/airflow/.local/lib/python3.7/site-packages/airflow/example_dags/example_time_delta_sensor_async.py
[2024-04-27T02:24:33.987+0000] {logging_mixin.py:117} INFO - [2024-04-27T02:24:33.987+0000] {dag.py:2573} INFO - Sync 1 DAGs
[2024-04-27T02:24:34.044+0000] {logging_mixin.py:117} INFO - [2024-04-27T02:24:34.044+0000] {dag.py:3328} INFO - Setting next_dagrun for example_time_delta_sensor_async to None, run_after=None
[2024-04-27T02:24:34.087+0000] {processor.py:178} INFO - Processing /home/airflow/.local/lib/python3.7/site-packages/airflow/example_dags/example_time_delta_sensor_async.py took 0.630 seconds
[2024-04-27T02:25:04.829+0000] {processor.py:156} INFO - Started process (PID=450) to work on /home/airflow/.local/lib/python3.7/site-packages/airflow/example_dags/example_time_delta_sensor_async.py
[2024-04-27T02:25:04.833+0000] {processor.py:758} INFO - Processing file /home/airflow/.local/lib/python3.7/site-packages/airflow/example_dags/example_time_delta_sensor_async.py for tasks to queue
[2024-04-27T02:25:04.835+0000] {logging_mixin.py:117} INFO - [2024-04-27T02:25:04.835+0000] {dagbag.py:525} INFO - Filling up the DagBag from /home/airflow/.local/lib/python3.7/site-packages/airflow/example_dags/example_time_delta_sensor_async.py
[2024-04-27T02:25:04.870+0000] {processor.py:768} INFO - DAG(s) dict_keys(['example_time_delta_sensor_async']) retrieved from /home/airflow/.local/lib/python3.7/site-packages/airflow/example_dags/example_time_delta_sensor_async.py
[2024-04-27T02:25:05.200+0000] {logging_mixin.py:117} INFO - [2024-04-27T02:25:05.200+0000] {dag.py:2573} INFO - Sync 1 DAGs
[2024-04-27T02:25:05.230+0000] {logging_mixin.py:117} INFO - [2024-04-27T02:25:05.230+0000] {dag.py:3328} INFO - Setting next_dagrun for example_time_delta_sensor_async to None, run_after=None
[2024-04-27T02:25:05.254+0000] {processor.py:178} INFO - Processing /home/airflow/.local/lib/python3.7/site-packages/airflow/example_dags/example_time_delta_sensor_async.py took 0.428 seconds
[2024-04-27T02:25:35.295+0000] {processor.py:156} INFO - Started process (PID=661) to work on /home/airflow/.local/lib/python3.7/site-packages/airflow/example_dags/example_time_delta_sensor_async.py
[2024-04-27T02:25:35.296+0000] {processor.py:758} INFO - Processing file /home/airflow/.local/lib/python3.7/site-packages/airflow/example_dags/example_time_delta_sensor_async.py for tasks to queue
[2024-04-27T02:25:35.297+0000] {logging_mixin.py:117} INFO - [2024-04-27T02:25:35.297+0000] {dagbag.py:525} INFO - Filling up the DagBag from /home/airflow/.local/lib/python3.7/site-packages/airflow/example_dags/example_time_delta_sensor_async.py
[2024-04-27T02:25:35.314+0000] {processor.py:768} INFO - DAG(s) dict_keys(['example_time_delta_sensor_async']) retrieved from /home/airflow/.local/lib/python3.7/site-packages/airflow/example_dags/example_time_delta_sensor_async.py
[2024-04-27T02:25:35.603+0000] {logging_mixin.py:117} INFO - [2024-04-27T02:25:35.602+0000] {dag.py:2573} INFO - Sync 1 DAGs
[2024-04-27T02:25:35.644+0000] {logging_mixin.py:117} INFO - [2024-04-27T02:25:35.644+0000] {dag.py:3328} INFO - Setting next_dagrun for example_time_delta_sensor_async to None, run_after=None
[2024-04-27T02:25:35.668+0000] {processor.py:178} INFO - Processing /home/airflow/.local/lib/python3.7/site-packages/airflow/example_dags/example_time_delta_sensor_async.py took 0.376 seconds
[2024-04-27T02:26:06.094+0000] {processor.py:156} INFO - Started process (PID=879) to work on /home/airflow/.local/lib/python3.7/site-packages/airflow/example_dags/example_time_delta_sensor_async.py
[2024-04-27T02:26:06.099+0000] {processor.py:758} INFO - Processing file /home/airflow/.local/lib/python3.7/site-packages/airflow/example_dags/example_time_delta_sensor_async.py for tasks to queue
[2024-04-27T02:26:06.108+0000] {logging_mixin.py:117} INFO - [2024-04-27T02:26:06.100+0000] {dagbag.py:525} INFO - Filling up the DagBag from /home/airflow/.local/lib/python3.7/site-packages/airflow/example_dags/example_time_delta_sensor_async.py
[2024-04-27T02:26:06.140+0000] {processor.py:768} INFO - DAG(s) dict_keys(['example_time_delta_sensor_async']) retrieved from /home/airflow/.local/lib/python3.7/site-packages/airflow/example_dags/example_time_delta_sensor_async.py
[2024-04-27T02:26:06.432+0000] {logging_mixin.py:117} INFO - [2024-04-27T02:26:06.432+0000] {dag.py:2573} INFO - Sync 1 DAGs
[2024-04-27T02:26:06.465+0000] {logging_mixin.py:117} INFO - [2024-04-27T02:26:06.465+0000] {dag.py:3328} INFO - Setting next_dagrun for example_time_delta_sensor_async to None, run_after=None
[2024-04-27T02:26:06.491+0000] {processor.py:178} INFO - Processing /home/airflow/.local/lib/python3.7/site-packages/airflow/example_dags/example_time_delta_sensor_async.py took 0.404 seconds
[2024-04-27T02:26:37.206+0000] {processor.py:156} INFO - Started process (PID=1097) to work on /home/airflow/.local/lib/python3.7/site-packages/airflow/example_dags/example_time_delta_sensor_async.py
[2024-04-27T02:26:37.211+0000] {processor.py:758} INFO - Processing file /home/airflow/.local/lib/python3.7/site-packages/airflow/example_dags/example_time_delta_sensor_async.py for tasks to queue
[2024-04-27T02:26:37.213+0000] {logging_mixin.py:117} INFO - [2024-04-27T02:26:37.213+0000] {dagbag.py:525} INFO - Filling up the DagBag from /home/airflow/.local/lib/python3.7/site-packages/airflow/example_dags/example_time_delta_sensor_async.py
[2024-04-27T02:26:37.234+0000] {processor.py:768} INFO - DAG(s) dict_keys(['example_time_delta_sensor_async']) retrieved from /home/airflow/.local/lib/python3.7/site-packages/airflow/example_dags/example_time_delta_sensor_async.py
[2024-04-27T02:26:37.525+0000] {logging_mixin.py:117} INFO - [2024-04-27T02:26:37.525+0000] {dag.py:2573} INFO - Sync 1 DAGs
[2024-04-27T02:26:37.772+0000] {logging_mixin.py:117} INFO - [2024-04-27T02:26:37.772+0000] {dag.py:3328} INFO - Setting next_dagrun for example_time_delta_sensor_async to None, run_after=None
[2024-04-27T02:26:37.823+0000] {processor.py:178} INFO - Processing /home/airflow/.local/lib/python3.7/site-packages/airflow/example_dags/example_time_delta_sensor_async.py took 0.624 seconds
[2024-04-27T02:27:07.900+0000] {processor.py:156} INFO - Started process (PID=1309) to work on /home/airflow/.local/lib/python3.7/site-packages/airflow/example_dags/example_time_delta_sensor_async.py
[2024-04-27T02:27:07.900+0000] {processor.py:758} INFO - Processing file /home/airflow/.local/lib/python3.7/site-packages/airflow/example_dags/example_time_delta_sensor_async.py for tasks to queue
[2024-04-27T02:27:07.901+0000] {logging_mixin.py:117} INFO - [2024-04-27T02:27:07.901+0000] {dagbag.py:525} INFO - Filling up the DagBag from /home/airflow/.local/lib/python3.7/site-packages/airflow/example_dags/example_time_delta_sensor_async.py
[2024-04-27T02:27:07.913+0000] {processor.py:768} INFO - DAG(s) dict_keys(['example_time_delta_sensor_async']) retrieved from /home/airflow/.local/lib/python3.7/site-packages/airflow/example_dags/example_time_delta_sensor_async.py
[2024-04-27T02:27:08.073+0000] {logging_mixin.py:117} INFO - [2024-04-27T02:27:08.072+0000] {dag.py:2573} INFO - Sync 1 DAGs
[2024-04-27T02:27:08.197+0000] {logging_mixin.py:117} INFO - [2024-04-27T02:27:08.197+0000] {dag.py:3328} INFO - Setting next_dagrun for example_time_delta_sensor_async to None, run_after=None
[2024-04-27T02:27:08.217+0000] {processor.py:178} INFO - Processing /home/airflow/.local/lib/python3.7/site-packages/airflow/example_dags/example_time_delta_sensor_async.py took 0.320 seconds
[2024-04-27T02:27:38.827+0000] {processor.py:156} INFO - Started process (PID=1524) to work on /home/airflow/.local/lib/python3.7/site-packages/airflow/example_dags/example_time_delta_sensor_async.py
[2024-04-27T02:27:38.828+0000] {processor.py:758} INFO - Processing file /home/airflow/.local/lib/python3.7/site-packages/airflow/example_dags/example_time_delta_sensor_async.py for tasks to queue
[2024-04-27T02:27:38.829+0000] {logging_mixin.py:117} INFO - [2024-04-27T02:27:38.829+0000] {dagbag.py:525} INFO - Filling up the DagBag from /home/airflow/.local/lib/python3.7/site-packages/airflow/example_dags/example_time_delta_sensor_async.py
[2024-04-27T02:27:38.844+0000] {processor.py:768} INFO - DAG(s) dict_keys(['example_time_delta_sensor_async']) retrieved from /home/airflow/.local/lib/python3.7/site-packages/airflow/example_dags/example_time_delta_sensor_async.py
[2024-04-27T02:27:39.238+0000] {logging_mixin.py:117} INFO - [2024-04-27T02:27:39.237+0000] {dag.py:2573} INFO - Sync 1 DAGs
[2024-04-27T02:27:39.277+0000] {logging_mixin.py:117} INFO - [2024-04-27T02:27:39.277+0000] {dag.py:3328} INFO - Setting next_dagrun for example_time_delta_sensor_async to None, run_after=None
[2024-04-27T02:27:39.303+0000] {processor.py:178} INFO - Processing /home/airflow/.local/lib/python3.7/site-packages/airflow/example_dags/example_time_delta_sensor_async.py took 0.478 seconds
[2024-04-27T02:28:09.729+0000] {processor.py:156} INFO - Started process (PID=1740) to work on /home/airflow/.local/lib/python3.7/site-packages/airflow/example_dags/example_time_delta_sensor_async.py
[2024-04-27T02:28:09.730+0000] {processor.py:758} INFO - Processing file /home/airflow/.local/lib/python3.7/site-packages/airflow/example_dags/example_time_delta_sensor_async.py for tasks to queue
[2024-04-27T02:28:09.731+0000] {logging_mixin.py:117} INFO - [2024-04-27T02:28:09.731+0000] {dagbag.py:525} INFO - Filling up the DagBag from /home/airflow/.local/lib/python3.7/site-packages/airflow/example_dags/example_time_delta_sensor_async.py
[2024-04-27T02:28:09.746+0000] {processor.py:768} INFO - DAG(s) dict_keys(['example_time_delta_sensor_async']) retrieved from /home/airflow/.local/lib/python3.7/site-packages/airflow/example_dags/example_time_delta_sensor_async.py
[2024-04-27T02:28:10.189+0000] {logging_mixin.py:117} INFO - [2024-04-27T02:28:10.189+0000] {dag.py:2573} INFO - Sync 1 DAGs
[2024-04-27T02:28:10.217+0000] {logging_mixin.py:117} INFO - [2024-04-27T02:28:10.217+0000] {dag.py:3328} INFO - Setting next_dagrun for example_time_delta_sensor_async to None, run_after=None
[2024-04-27T02:28:10.243+0000] {processor.py:178} INFO - Processing /home/airflow/.local/lib/python3.7/site-packages/airflow/example_dags/example_time_delta_sensor_async.py took 0.517 seconds
[2024-04-27T02:28:40.382+0000] {processor.py:156} INFO - Started process (PID=1949) to work on /home/airflow/.local/lib/python3.7/site-packages/airflow/example_dags/example_time_delta_sensor_async.py
[2024-04-27T02:28:40.383+0000] {processor.py:758} INFO - Processing file /home/airflow/.local/lib/python3.7/site-packages/airflow/example_dags/example_time_delta_sensor_async.py for tasks to queue
[2024-04-27T02:28:40.383+0000] {logging_mixin.py:117} INFO - [2024-04-27T02:28:40.383+0000] {dagbag.py:525} INFO - Filling up the DagBag from /home/airflow/.local/lib/python3.7/site-packages/airflow/example_dags/example_time_delta_sensor_async.py
[2024-04-27T02:28:40.399+0000] {processor.py:768} INFO - DAG(s) dict_keys(['example_time_delta_sensor_async']) retrieved from /home/airflow/.local/lib/python3.7/site-packages/airflow/example_dags/example_time_delta_sensor_async.py
[2024-04-27T02:28:40.791+0000] {logging_mixin.py:117} INFO - [2024-04-27T02:28:40.791+0000] {dag.py:2573} INFO - Sync 1 DAGs
[2024-04-27T02:28:40.819+0000] {logging_mixin.py:117} INFO - [2024-04-27T02:28:40.819+0000] {dag.py:3328} INFO - Setting next_dagrun for example_time_delta_sensor_async to None, run_after=None
[2024-04-27T02:28:40.844+0000] {processor.py:178} INFO - Processing /home/airflow/.local/lib/python3.7/site-packages/airflow/example_dags/example_time_delta_sensor_async.py took 0.465 seconds
[2024-04-27T02:29:11.845+0000] {processor.py:156} INFO - Started process (PID=2166) to work on /home/airflow/.local/lib/python3.7/site-packages/airflow/example_dags/example_time_delta_sensor_async.py
[2024-04-27T02:29:11.864+0000] {processor.py:758} INFO - Processing file /home/airflow/.local/lib/python3.7/site-packages/airflow/example_dags/example_time_delta_sensor_async.py for tasks to queue
[2024-04-27T02:29:11.865+0000] {logging_mixin.py:117} INFO - [2024-04-27T02:29:11.865+0000] {dagbag.py:525} INFO - Filling up the DagBag from /home/airflow/.local/lib/python3.7/site-packages/airflow/example_dags/example_time_delta_sensor_async.py
[2024-04-27T02:29:11.915+0000] {processor.py:768} INFO - DAG(s) dict_keys(['example_time_delta_sensor_async']) retrieved from /home/airflow/.local/lib/python3.7/site-packages/airflow/example_dags/example_time_delta_sensor_async.py
[2024-04-27T02:29:12.272+0000] {logging_mixin.py:117} INFO - [2024-04-27T02:29:12.272+0000] {dag.py:2573} INFO - Sync 1 DAGs
[2024-04-27T02:29:12.450+0000] {logging_mixin.py:117} INFO - [2024-04-27T02:29:12.449+0000] {dag.py:3328} INFO - Setting next_dagrun for example_time_delta_sensor_async to None, run_after=None
[2024-04-27T02:29:12.473+0000] {processor.py:178} INFO - Processing /home/airflow/.local/lib/python3.7/site-packages/airflow/example_dags/example_time_delta_sensor_async.py took 0.635 seconds
[2024-04-27T02:29:43.430+0000] {processor.py:156} INFO - Started process (PID=2382) to work on /home/airflow/.local/lib/python3.7/site-packages/airflow/example_dags/example_time_delta_sensor_async.py
[2024-04-27T02:29:43.430+0000] {processor.py:758} INFO - Processing file /home/airflow/.local/lib/python3.7/site-packages/airflow/example_dags/example_time_delta_sensor_async.py for tasks to queue
[2024-04-27T02:29:43.431+0000] {logging_mixin.py:117} INFO - [2024-04-27T02:29:43.431+0000] {dagbag.py:525} INFO - Filling up the DagBag from /home/airflow/.local/lib/python3.7/site-packages/airflow/example_dags/example_time_delta_sensor_async.py
[2024-04-27T02:29:43.462+0000] {processor.py:768} INFO - DAG(s) dict_keys(['example_time_delta_sensor_async']) retrieved from /home/airflow/.local/lib/python3.7/site-packages/airflow/example_dags/example_time_delta_sensor_async.py
[2024-04-27T02:29:44.372+0000] {logging_mixin.py:117} INFO - [2024-04-27T02:29:44.372+0000] {dag.py:2573} INFO - Sync 1 DAGs
[2024-04-27T02:29:44.441+0000] {logging_mixin.py:117} INFO - [2024-04-27T02:29:44.440+0000] {dag.py:3328} INFO - Setting next_dagrun for example_time_delta_sensor_async to None, run_after=None
[2024-04-27T02:29:44.484+0000] {processor.py:178} INFO - Processing /home/airflow/.local/lib/python3.7/site-packages/airflow/example_dags/example_time_delta_sensor_async.py took 1.058 seconds
[2024-04-27T02:30:15.021+0000] {processor.py:156} INFO - Started process (PID=2602) to work on /home/airflow/.local/lib/python3.7/site-packages/airflow/example_dags/example_time_delta_sensor_async.py
[2024-04-27T02:30:15.023+0000] {processor.py:758} INFO - Processing file /home/airflow/.local/lib/python3.7/site-packages/airflow/example_dags/example_time_delta_sensor_async.py for tasks to queue
[2024-04-27T02:30:15.023+0000] {logging_mixin.py:117} INFO - [2024-04-27T02:30:15.023+0000] {dagbag.py:525} INFO - Filling up the DagBag from /home/airflow/.local/lib/python3.7/site-packages/airflow/example_dags/example_time_delta_sensor_async.py
[2024-04-27T02:30:15.047+0000] {processor.py:768} INFO - DAG(s) dict_keys(['example_time_delta_sensor_async']) retrieved from /home/airflow/.local/lib/python3.7/site-packages/airflow/example_dags/example_time_delta_sensor_async.py
[2024-04-27T02:30:15.888+0000] {logging_mixin.py:117} INFO - [2024-04-27T02:30:15.888+0000] {dag.py:2573} INFO - Sync 1 DAGs
[2024-04-27T02:30:15.940+0000] {logging_mixin.py:117} INFO - [2024-04-27T02:30:15.939+0000] {dag.py:3328} INFO - Setting next_dagrun for example_time_delta_sensor_async to None, run_after=None
[2024-04-27T02:30:15.991+0000] {processor.py:178} INFO - Processing /home/airflow/.local/lib/python3.7/site-packages/airflow/example_dags/example_time_delta_sensor_async.py took 0.973 seconds
[2024-04-27T02:30:46.194+0000] {processor.py:156} INFO - Started process (PID=2812) to work on /home/airflow/.local/lib/python3.7/site-packages/airflow/example_dags/example_time_delta_sensor_async.py
[2024-04-27T02:30:46.195+0000] {processor.py:758} INFO - Processing file /home/airflow/.local/lib/python3.7/site-packages/airflow/example_dags/example_time_delta_sensor_async.py for tasks to queue
[2024-04-27T02:30:46.196+0000] {logging_mixin.py:117} INFO - [2024-04-27T02:30:46.196+0000] {dagbag.py:525} INFO - Filling up the DagBag from /home/airflow/.local/lib/python3.7/site-packages/airflow/example_dags/example_time_delta_sensor_async.py
[2024-04-27T02:30:46.240+0000] {processor.py:768} INFO - DAG(s) dict_keys(['example_time_delta_sensor_async']) retrieved from /home/airflow/.local/lib/python3.7/site-packages/airflow/example_dags/example_time_delta_sensor_async.py
[2024-04-27T02:30:47.056+0000] {logging_mixin.py:117} INFO - [2024-04-27T02:30:47.056+0000] {dag.py:2573} INFO - Sync 1 DAGs
[2024-04-27T02:30:47.125+0000] {logging_mixin.py:117} INFO - [2024-04-27T02:30:47.124+0000] {dag.py:3328} INFO - Setting next_dagrun for example_time_delta_sensor_async to None, run_after=None
[2024-04-27T02:30:47.219+0000] {processor.py:178} INFO - Processing /home/airflow/.local/lib/python3.7/site-packages/airflow/example_dags/example_time_delta_sensor_async.py took 1.029 seconds
[2024-04-27T02:31:17.313+0000] {processor.py:156} INFO - Started process (PID=3035) to work on /home/airflow/.local/lib/python3.7/site-packages/airflow/example_dags/example_time_delta_sensor_async.py
[2024-04-27T02:31:17.314+0000] {processor.py:758} INFO - Processing file /home/airflow/.local/lib/python3.7/site-packages/airflow/example_dags/example_time_delta_sensor_async.py for tasks to queue
[2024-04-27T02:31:17.314+0000] {logging_mixin.py:117} INFO - [2024-04-27T02:31:17.314+0000] {dagbag.py:525} INFO - Filling up the DagBag from /home/airflow/.local/lib/python3.7/site-packages/airflow/example_dags/example_time_delta_sensor_async.py
[2024-04-27T02:31:17.326+0000] {processor.py:768} INFO - DAG(s) dict_keys(['example_time_delta_sensor_async']) retrieved from /home/airflow/.local/lib/python3.7/site-packages/airflow/example_dags/example_time_delta_sensor_async.py
[2024-04-27T02:31:17.480+0000] {logging_mixin.py:117} INFO - [2024-04-27T02:31:17.480+0000] {dag.py:2573} INFO - Sync 1 DAGs
[2024-04-27T02:31:17.654+0000] {logging_mixin.py:117} INFO - [2024-04-27T02:31:17.654+0000] {dag.py:3328} INFO - Setting next_dagrun for example_time_delta_sensor_async to None, run_after=None
[2024-04-27T02:31:17.674+0000] {processor.py:178} INFO - Processing /home/airflow/.local/lib/python3.7/site-packages/airflow/example_dags/example_time_delta_sensor_async.py took 0.363 seconds
[2024-04-27T02:31:47.820+0000] {processor.py:156} INFO - Started process (PID=3239) to work on /home/airflow/.local/lib/python3.7/site-packages/airflow/example_dags/example_time_delta_sensor_async.py
[2024-04-27T02:31:47.820+0000] {processor.py:758} INFO - Processing file /home/airflow/.local/lib/python3.7/site-packages/airflow/example_dags/example_time_delta_sensor_async.py for tasks to queue
[2024-04-27T02:31:47.821+0000] {logging_mixin.py:117} INFO - [2024-04-27T02:31:47.821+0000] {dagbag.py:525} INFO - Filling up the DagBag from /home/airflow/.local/lib/python3.7/site-packages/airflow/example_dags/example_time_delta_sensor_async.py
[2024-04-27T02:31:47.836+0000] {processor.py:768} INFO - DAG(s) dict_keys(['example_time_delta_sensor_async']) retrieved from /home/airflow/.local/lib/python3.7/site-packages/airflow/example_dags/example_time_delta_sensor_async.py
[2024-04-27T02:31:48.259+0000] {logging_mixin.py:117} INFO - [2024-04-27T02:31:48.259+0000] {dag.py:2573} INFO - Sync 1 DAGs
[2024-04-27T02:31:48.288+0000] {logging_mixin.py:117} INFO - [2024-04-27T02:31:48.287+0000] {dag.py:3328} INFO - Setting next_dagrun for example_time_delta_sensor_async to None, run_after=None
[2024-04-27T02:31:48.313+0000] {processor.py:178} INFO - Processing /home/airflow/.local/lib/python3.7/site-packages/airflow/example_dags/example_time_delta_sensor_async.py took 0.496 seconds
[2024-04-27T02:32:18.396+0000] {processor.py:156} INFO - Started process (PID=3456) to work on /home/airflow/.local/lib/python3.7/site-packages/airflow/example_dags/example_time_delta_sensor_async.py
[2024-04-27T02:32:18.396+0000] {processor.py:758} INFO - Processing file /home/airflow/.local/lib/python3.7/site-packages/airflow/example_dags/example_time_delta_sensor_async.py for tasks to queue
[2024-04-27T02:32:18.397+0000] {logging_mixin.py:117} INFO - [2024-04-27T02:32:18.397+0000] {dagbag.py:525} INFO - Filling up the DagBag from /home/airflow/.local/lib/python3.7/site-packages/airflow/example_dags/example_time_delta_sensor_async.py
[2024-04-27T02:32:18.411+0000] {processor.py:768} INFO - DAG(s) dict_keys(['example_time_delta_sensor_async']) retrieved from /home/airflow/.local/lib/python3.7/site-packages/airflow/example_dags/example_time_delta_sensor_async.py
[2024-04-27T02:32:18.896+0000] {logging_mixin.py:117} INFO - [2024-04-27T02:32:18.896+0000] {dag.py:2573} INFO - Sync 1 DAGs
[2024-04-27T02:32:18.927+0000] {logging_mixin.py:117} INFO - [2024-04-27T02:32:18.926+0000] {dag.py:3328} INFO - Setting next_dagrun for example_time_delta_sensor_async to None, run_after=None
[2024-04-27T02:32:18.953+0000] {processor.py:178} INFO - Processing /home/airflow/.local/lib/python3.7/site-packages/airflow/example_dags/example_time_delta_sensor_async.py took 0.561 seconds
[2024-04-27T02:32:49.890+0000] {processor.py:156} INFO - Started process (PID=3677) to work on /home/airflow/.local/lib/python3.7/site-packages/airflow/example_dags/example_time_delta_sensor_async.py
[2024-04-27T02:32:49.891+0000] {processor.py:758} INFO - Processing file /home/airflow/.local/lib/python3.7/site-packages/airflow/example_dags/example_time_delta_sensor_async.py for tasks to queue
[2024-04-27T02:32:49.892+0000] {logging_mixin.py:117} INFO - [2024-04-27T02:32:49.892+0000] {dagbag.py:525} INFO - Filling up the DagBag from /home/airflow/.local/lib/python3.7/site-packages/airflow/example_dags/example_time_delta_sensor_async.py
[2024-04-27T02:32:49.910+0000] {processor.py:768} INFO - DAG(s) dict_keys(['example_time_delta_sensor_async']) retrieved from /home/airflow/.local/lib/python3.7/site-packages/airflow/example_dags/example_time_delta_sensor_async.py
[2024-04-27T02:32:50.492+0000] {logging_mixin.py:117} INFO - [2024-04-27T02:32:50.492+0000] {dag.py:2573} INFO - Sync 1 DAGs
[2024-04-27T02:32:50.553+0000] {logging_mixin.py:117} INFO - [2024-04-27T02:32:50.553+0000] {dag.py:3328} INFO - Setting next_dagrun for example_time_delta_sensor_async to None, run_after=None
[2024-04-27T02:32:50.602+0000] {processor.py:178} INFO - Processing /home/airflow/.local/lib/python3.7/site-packages/airflow/example_dags/example_time_delta_sensor_async.py took 0.715 seconds
[2024-04-27T02:33:20.821+0000] {processor.py:156} INFO - Started process (PID=3899) to work on /home/airflow/.local/lib/python3.7/site-packages/airflow/example_dags/example_time_delta_sensor_async.py
[2024-04-27T02:33:20.822+0000] {processor.py:758} INFO - Processing file /home/airflow/.local/lib/python3.7/site-packages/airflow/example_dags/example_time_delta_sensor_async.py for tasks to queue
[2024-04-27T02:33:20.823+0000] {logging_mixin.py:117} INFO - [2024-04-27T02:33:20.823+0000] {dagbag.py:525} INFO - Filling up the DagBag from /home/airflow/.local/lib/python3.7/site-packages/airflow/example_dags/example_time_delta_sensor_async.py
[2024-04-27T02:33:21.001+0000] {processor.py:768} INFO - DAG(s) dict_keys(['example_time_delta_sensor_async']) retrieved from /home/airflow/.local/lib/python3.7/site-packages/airflow/example_dags/example_time_delta_sensor_async.py
[2024-04-27T02:33:21.305+0000] {logging_mixin.py:117} INFO - [2024-04-27T02:33:21.305+0000] {dag.py:2573} INFO - Sync 1 DAGs
[2024-04-27T02:33:21.335+0000] {logging_mixin.py:117} INFO - [2024-04-27T02:33:21.334+0000] {dag.py:3328} INFO - Setting next_dagrun for example_time_delta_sensor_async to None, run_after=None
[2024-04-27T02:33:21.361+0000] {processor.py:178} INFO - Processing /home/airflow/.local/lib/python3.7/site-packages/airflow/example_dags/example_time_delta_sensor_async.py took 0.543 seconds
[2024-04-27T02:33:51.431+0000] {processor.py:156} INFO - Started process (PID=4108) to work on /home/airflow/.local/lib/python3.7/site-packages/airflow/example_dags/example_time_delta_sensor_async.py
[2024-04-27T02:33:51.432+0000] {processor.py:758} INFO - Processing file /home/airflow/.local/lib/python3.7/site-packages/airflow/example_dags/example_time_delta_sensor_async.py for tasks to queue
[2024-04-27T02:33:51.433+0000] {logging_mixin.py:117} INFO - [2024-04-27T02:33:51.433+0000] {dagbag.py:525} INFO - Filling up the DagBag from /home/airflow/.local/lib/python3.7/site-packages/airflow/example_dags/example_time_delta_sensor_async.py
[2024-04-27T02:33:51.447+0000] {processor.py:768} INFO - DAG(s) dict_keys(['example_time_delta_sensor_async']) retrieved from /home/airflow/.local/lib/python3.7/site-packages/airflow/example_dags/example_time_delta_sensor_async.py
[2024-04-27T02:33:51.730+0000] {logging_mixin.py:117} INFO - [2024-04-27T02:33:51.730+0000] {dag.py:2573} INFO - Sync 1 DAGs
[2024-04-27T02:33:51.749+0000] {logging_mixin.py:117} INFO - [2024-04-27T02:33:51.749+0000] {dag.py:3328} INFO - Setting next_dagrun for example_time_delta_sensor_async to None, run_after=None
[2024-04-27T02:33:51.768+0000] {processor.py:178} INFO - Processing /home/airflow/.local/lib/python3.7/site-packages/airflow/example_dags/example_time_delta_sensor_async.py took 0.340 seconds
[2024-04-27T02:34:22.123+0000] {processor.py:156} INFO - Started process (PID=4321) to work on /home/airflow/.local/lib/python3.7/site-packages/airflow/example_dags/example_time_delta_sensor_async.py
[2024-04-27T02:34:22.124+0000] {processor.py:758} INFO - Processing file /home/airflow/.local/lib/python3.7/site-packages/airflow/example_dags/example_time_delta_sensor_async.py for tasks to queue
[2024-04-27T02:34:22.125+0000] {logging_mixin.py:117} INFO - [2024-04-27T02:34:22.125+0000] {dagbag.py:525} INFO - Filling up the DagBag from /home/airflow/.local/lib/python3.7/site-packages/airflow/example_dags/example_time_delta_sensor_async.py
[2024-04-27T02:34:22.142+0000] {processor.py:768} INFO - DAG(s) dict_keys(['example_time_delta_sensor_async']) retrieved from /home/airflow/.local/lib/python3.7/site-packages/airflow/example_dags/example_time_delta_sensor_async.py
[2024-04-27T02:34:22.635+0000] {logging_mixin.py:117} INFO - [2024-04-27T02:34:22.635+0000] {dag.py:2573} INFO - Sync 1 DAGs
[2024-04-27T02:34:22.670+0000] {logging_mixin.py:117} INFO - [2024-04-27T02:34:22.670+0000] {dag.py:3328} INFO - Setting next_dagrun for example_time_delta_sensor_async to None, run_after=None
[2024-04-27T02:34:22.700+0000] {processor.py:178} INFO - Processing /home/airflow/.local/lib/python3.7/site-packages/airflow/example_dags/example_time_delta_sensor_async.py took 0.581 seconds
[2024-04-27T02:34:53.362+0000] {processor.py:156} INFO - Started process (PID=4530) to work on /home/airflow/.local/lib/python3.7/site-packages/airflow/example_dags/example_time_delta_sensor_async.py
[2024-04-27T02:34:53.364+0000] {processor.py:758} INFO - Processing file /home/airflow/.local/lib/python3.7/site-packages/airflow/example_dags/example_time_delta_sensor_async.py for tasks to queue
[2024-04-27T02:34:53.365+0000] {logging_mixin.py:117} INFO - [2024-04-27T02:34:53.364+0000] {dagbag.py:525} INFO - Filling up the DagBag from /home/airflow/.local/lib/python3.7/site-packages/airflow/example_dags/example_time_delta_sensor_async.py
[2024-04-27T02:34:53.379+0000] {processor.py:768} INFO - DAG(s) dict_keys(['example_time_delta_sensor_async']) retrieved from /home/airflow/.local/lib/python3.7/site-packages/airflow/example_dags/example_time_delta_sensor_async.py
[2024-04-27T02:34:53.825+0000] {logging_mixin.py:117} INFO - [2024-04-27T02:34:53.825+0000] {dag.py:2573} INFO - Sync 1 DAGs
[2024-04-27T02:34:53.843+0000] {logging_mixin.py:117} INFO - [2024-04-27T02:34:53.843+0000] {dag.py:3328} INFO - Setting next_dagrun for example_time_delta_sensor_async to None, run_after=None
[2024-04-27T02:34:53.864+0000] {processor.py:178} INFO - Processing /home/airflow/.local/lib/python3.7/site-packages/airflow/example_dags/example_time_delta_sensor_async.py took 0.505 seconds
[2024-04-27T02:35:24.178+0000] {processor.py:156} INFO - Started process (PID=4748) to work on /home/airflow/.local/lib/python3.7/site-packages/airflow/example_dags/example_time_delta_sensor_async.py
[2024-04-27T02:35:24.178+0000] {processor.py:758} INFO - Processing file /home/airflow/.local/lib/python3.7/site-packages/airflow/example_dags/example_time_delta_sensor_async.py for tasks to queue
[2024-04-27T02:35:24.179+0000] {logging_mixin.py:117} INFO - [2024-04-27T02:35:24.179+0000] {dagbag.py:525} INFO - Filling up the DagBag from /home/airflow/.local/lib/python3.7/site-packages/airflow/example_dags/example_time_delta_sensor_async.py
[2024-04-27T02:35:24.423+0000] {processor.py:768} INFO - DAG(s) dict_keys(['example_time_delta_sensor_async']) retrieved from /home/airflow/.local/lib/python3.7/site-packages/airflow/example_dags/example_time_delta_sensor_async.py
[2024-04-27T02:35:24.618+0000] {logging_mixin.py:117} INFO - [2024-04-27T02:35:24.618+0000] {dag.py:2573} INFO - Sync 1 DAGs
[2024-04-27T02:35:24.637+0000] {logging_mixin.py:117} INFO - [2024-04-27T02:35:24.637+0000] {dag.py:3328} INFO - Setting next_dagrun for example_time_delta_sensor_async to None, run_after=None
[2024-04-27T02:35:24.659+0000] {processor.py:178} INFO - Processing /home/airflow/.local/lib/python3.7/site-packages/airflow/example_dags/example_time_delta_sensor_async.py took 0.485 seconds
[2024-04-27T02:35:55.088+0000] {processor.py:156} INFO - Started process (PID=4967) to work on /home/airflow/.local/lib/python3.7/site-packages/airflow/example_dags/example_time_delta_sensor_async.py
[2024-04-27T02:35:55.090+0000] {processor.py:758} INFO - Processing file /home/airflow/.local/lib/python3.7/site-packages/airflow/example_dags/example_time_delta_sensor_async.py for tasks to queue
[2024-04-27T02:35:55.093+0000] {logging_mixin.py:117} INFO - [2024-04-27T02:35:55.093+0000] {dagbag.py:525} INFO - Filling up the DagBag from /home/airflow/.local/lib/python3.7/site-packages/airflow/example_dags/example_time_delta_sensor_async.py
[2024-04-27T02:35:55.154+0000] {processor.py:768} INFO - DAG(s) dict_keys(['example_time_delta_sensor_async']) retrieved from /home/airflow/.local/lib/python3.7/site-packages/airflow/example_dags/example_time_delta_sensor_async.py
[2024-04-27T02:35:55.379+0000] {logging_mixin.py:117} INFO - [2024-04-27T02:35:55.379+0000] {dag.py:2573} INFO - Sync 1 DAGs
[2024-04-27T02:35:55.399+0000] {logging_mixin.py:117} INFO - [2024-04-27T02:35:55.399+0000] {dag.py:3328} INFO - Setting next_dagrun for example_time_delta_sensor_async to None, run_after=None
[2024-04-27T02:35:55.419+0000] {processor.py:178} INFO - Processing /home/airflow/.local/lib/python3.7/site-packages/airflow/example_dags/example_time_delta_sensor_async.py took 0.346 seconds
[2024-04-27T02:36:26.003+0000] {processor.py:156} INFO - Started process (PID=5176) to work on /home/airflow/.local/lib/python3.7/site-packages/airflow/example_dags/example_time_delta_sensor_async.py
[2024-04-27T02:36:26.004+0000] {processor.py:758} INFO - Processing file /home/airflow/.local/lib/python3.7/site-packages/airflow/example_dags/example_time_delta_sensor_async.py for tasks to queue
[2024-04-27T02:36:26.005+0000] {logging_mixin.py:117} INFO - [2024-04-27T02:36:26.005+0000] {dagbag.py:525} INFO - Filling up the DagBag from /home/airflow/.local/lib/python3.7/site-packages/airflow/example_dags/example_time_delta_sensor_async.py
[2024-04-27T02:36:26.031+0000] {processor.py:768} INFO - DAG(s) dict_keys(['example_time_delta_sensor_async']) retrieved from /home/airflow/.local/lib/python3.7/site-packages/airflow/example_dags/example_time_delta_sensor_async.py
[2024-04-27T02:36:26.254+0000] {logging_mixin.py:117} INFO - [2024-04-27T02:36:26.254+0000] {dag.py:2573} INFO - Sync 1 DAGs
[2024-04-27T02:36:26.273+0000] {logging_mixin.py:117} INFO - [2024-04-27T02:36:26.273+0000] {dag.py:3328} INFO - Setting next_dagrun for example_time_delta_sensor_async to None, run_after=None
[2024-04-27T02:36:26.294+0000] {processor.py:178} INFO - Processing /home/airflow/.local/lib/python3.7/site-packages/airflow/example_dags/example_time_delta_sensor_async.py took 0.294 seconds
[2024-04-27T02:36:56.338+0000] {processor.py:156} INFO - Started process (PID=5394) to work on /home/airflow/.local/lib/python3.7/site-packages/airflow/example_dags/example_time_delta_sensor_async.py
[2024-04-27T02:36:56.339+0000] {processor.py:758} INFO - Processing file /home/airflow/.local/lib/python3.7/site-packages/airflow/example_dags/example_time_delta_sensor_async.py for tasks to queue
[2024-04-27T02:36:56.340+0000] {logging_mixin.py:117} INFO - [2024-04-27T02:36:56.339+0000] {dagbag.py:525} INFO - Filling up the DagBag from /home/airflow/.local/lib/python3.7/site-packages/airflow/example_dags/example_time_delta_sensor_async.py
[2024-04-27T02:36:56.356+0000] {processor.py:768} INFO - DAG(s) dict_keys(['example_time_delta_sensor_async']) retrieved from /home/airflow/.local/lib/python3.7/site-packages/airflow/example_dags/example_time_delta_sensor_async.py
[2024-04-27T02:36:56.571+0000] {logging_mixin.py:117} INFO - [2024-04-27T02:36:56.571+0000] {dag.py:2573} INFO - Sync 1 DAGs
[2024-04-27T02:36:56.592+0000] {logging_mixin.py:117} INFO - [2024-04-27T02:36:56.592+0000] {dag.py:3328} INFO - Setting next_dagrun for example_time_delta_sensor_async to None, run_after=None
[2024-04-27T02:36:56.613+0000] {processor.py:178} INFO - Processing /home/airflow/.local/lib/python3.7/site-packages/airflow/example_dags/example_time_delta_sensor_async.py took 0.278 seconds
[2024-04-27T02:37:26.770+0000] {processor.py:156} INFO - Started process (PID=5613) to work on /home/airflow/.local/lib/python3.7/site-packages/airflow/example_dags/example_time_delta_sensor_async.py
[2024-04-27T02:37:26.771+0000] {processor.py:758} INFO - Processing file /home/airflow/.local/lib/python3.7/site-packages/airflow/example_dags/example_time_delta_sensor_async.py for tasks to queue
[2024-04-27T02:37:26.772+0000] {logging_mixin.py:117} INFO - [2024-04-27T02:37:26.772+0000] {dagbag.py:525} INFO - Filling up the DagBag from /home/airflow/.local/lib/python3.7/site-packages/airflow/example_dags/example_time_delta_sensor_async.py
[2024-04-27T02:37:26.787+0000] {processor.py:768} INFO - DAG(s) dict_keys(['example_time_delta_sensor_async']) retrieved from /home/airflow/.local/lib/python3.7/site-packages/airflow/example_dags/example_time_delta_sensor_async.py
[2024-04-27T02:37:27.042+0000] {logging_mixin.py:117} INFO - [2024-04-27T02:37:27.042+0000] {dag.py:2573} INFO - Sync 1 DAGs
[2024-04-27T02:37:27.072+0000] {logging_mixin.py:117} INFO - [2024-04-27T02:37:27.071+0000] {dag.py:3328} INFO - Setting next_dagrun for example_time_delta_sensor_async to None, run_after=None
[2024-04-27T02:37:27.098+0000] {processor.py:178} INFO - Processing /home/airflow/.local/lib/python3.7/site-packages/airflow/example_dags/example_time_delta_sensor_async.py took 0.332 seconds
[2024-04-27T02:37:57.531+0000] {processor.py:156} INFO - Started process (PID=5817) to work on /home/airflow/.local/lib/python3.7/site-packages/airflow/example_dags/example_time_delta_sensor_async.py
[2024-04-27T02:37:57.532+0000] {processor.py:758} INFO - Processing file /home/airflow/.local/lib/python3.7/site-packages/airflow/example_dags/example_time_delta_sensor_async.py for tasks to queue
[2024-04-27T02:37:57.533+0000] {logging_mixin.py:117} INFO - [2024-04-27T02:37:57.533+0000] {dagbag.py:525} INFO - Filling up the DagBag from /home/airflow/.local/lib/python3.7/site-packages/airflow/example_dags/example_time_delta_sensor_async.py
[2024-04-27T02:37:57.567+0000] {processor.py:768} INFO - DAG(s) dict_keys(['example_time_delta_sensor_async']) retrieved from /home/airflow/.local/lib/python3.7/site-packages/airflow/example_dags/example_time_delta_sensor_async.py
[2024-04-27T02:37:58.006+0000] {logging_mixin.py:117} INFO - [2024-04-27T02:37:58.006+0000] {dag.py:2573} INFO - Sync 1 DAGs
[2024-04-27T02:37:58.061+0000] {logging_mixin.py:117} INFO - [2024-04-27T02:37:58.060+0000] {dag.py:3328} INFO - Setting next_dagrun for example_time_delta_sensor_async to None, run_after=None
[2024-04-27T02:37:58.095+0000] {processor.py:178} INFO - Processing /home/airflow/.local/lib/python3.7/site-packages/airflow/example_dags/example_time_delta_sensor_async.py took 0.569 seconds
[2024-04-27T02:38:28.223+0000] {processor.py:156} INFO - Started process (PID=6034) to work on /home/airflow/.local/lib/python3.7/site-packages/airflow/example_dags/example_time_delta_sensor_async.py
[2024-04-27T02:38:28.224+0000] {processor.py:758} INFO - Processing file /home/airflow/.local/lib/python3.7/site-packages/airflow/example_dags/example_time_delta_sensor_async.py for tasks to queue
[2024-04-27T02:38:28.225+0000] {logging_mixin.py:117} INFO - [2024-04-27T02:38:28.225+0000] {dagbag.py:525} INFO - Filling up the DagBag from /home/airflow/.local/lib/python3.7/site-packages/airflow/example_dags/example_time_delta_sensor_async.py
[2024-04-27T02:38:28.241+0000] {processor.py:768} INFO - DAG(s) dict_keys(['example_time_delta_sensor_async']) retrieved from /home/airflow/.local/lib/python3.7/site-packages/airflow/example_dags/example_time_delta_sensor_async.py
[2024-04-27T02:38:28.497+0000] {logging_mixin.py:117} INFO - [2024-04-27T02:38:28.496+0000] {dag.py:2573} INFO - Sync 1 DAGs
[2024-04-27T02:38:28.529+0000] {logging_mixin.py:117} INFO - [2024-04-27T02:38:28.529+0000] {dag.py:3328} INFO - Setting next_dagrun for example_time_delta_sensor_async to None, run_after=None
[2024-04-27T02:38:28.555+0000] {processor.py:178} INFO - Processing /home/airflow/.local/lib/python3.7/site-packages/airflow/example_dags/example_time_delta_sensor_async.py took 0.337 seconds
[2024-04-27T02:38:59.118+0000] {processor.py:156} INFO - Started process (PID=6252) to work on /home/airflow/.local/lib/python3.7/site-packages/airflow/example_dags/example_time_delta_sensor_async.py
[2024-04-27T02:38:59.118+0000] {processor.py:758} INFO - Processing file /home/airflow/.local/lib/python3.7/site-packages/airflow/example_dags/example_time_delta_sensor_async.py for tasks to queue
[2024-04-27T02:38:59.119+0000] {logging_mixin.py:117} INFO - [2024-04-27T02:38:59.119+0000] {dagbag.py:525} INFO - Filling up the DagBag from /home/airflow/.local/lib/python3.7/site-packages/airflow/example_dags/example_time_delta_sensor_async.py
[2024-04-27T02:38:59.135+0000] {processor.py:768} INFO - DAG(s) dict_keys(['example_time_delta_sensor_async']) retrieved from /home/airflow/.local/lib/python3.7/site-packages/airflow/example_dags/example_time_delta_sensor_async.py
[2024-04-27T02:38:59.394+0000] {logging_mixin.py:117} INFO - [2024-04-27T02:38:59.394+0000] {dag.py:2573} INFO - Sync 1 DAGs
[2024-04-27T02:38:59.432+0000] {logging_mixin.py:117} INFO - [2024-04-27T02:38:59.432+0000] {dag.py:3328} INFO - Setting next_dagrun for example_time_delta_sensor_async to None, run_after=None
[2024-04-27T02:38:59.458+0000] {processor.py:178} INFO - Processing /home/airflow/.local/lib/python3.7/site-packages/airflow/example_dags/example_time_delta_sensor_async.py took 0.343 seconds
[2024-04-27T02:39:30.357+0000] {processor.py:156} INFO - Started process (PID=6461) to work on /home/airflow/.local/lib/python3.7/site-packages/airflow/example_dags/example_time_delta_sensor_async.py
[2024-04-27T02:39:30.358+0000] {processor.py:758} INFO - Processing file /home/airflow/.local/lib/python3.7/site-packages/airflow/example_dags/example_time_delta_sensor_async.py for tasks to queue
[2024-04-27T02:39:30.359+0000] {logging_mixin.py:117} INFO - [2024-04-27T02:39:30.359+0000] {dagbag.py:525} INFO - Filling up the DagBag from /home/airflow/.local/lib/python3.7/site-packages/airflow/example_dags/example_time_delta_sensor_async.py
[2024-04-27T02:39:30.376+0000] {processor.py:768} INFO - DAG(s) dict_keys(['example_time_delta_sensor_async']) retrieved from /home/airflow/.local/lib/python3.7/site-packages/airflow/example_dags/example_time_delta_sensor_async.py
[2024-04-27T02:39:30.625+0000] {logging_mixin.py:117} INFO - [2024-04-27T02:39:30.625+0000] {dag.py:2573} INFO - Sync 1 DAGs
[2024-04-27T02:39:30.658+0000] {logging_mixin.py:117} INFO - [2024-04-27T02:39:30.658+0000] {dag.py:3328} INFO - Setting next_dagrun for example_time_delta_sensor_async to None, run_after=None
[2024-04-27T02:39:30.686+0000] {processor.py:178} INFO - Processing /home/airflow/.local/lib/python3.7/site-packages/airflow/example_dags/example_time_delta_sensor_async.py took 0.332 seconds
[2024-04-27T02:40:01.426+0000] {processor.py:156} INFO - Started process (PID=6680) to work on /home/airflow/.local/lib/python3.7/site-packages/airflow/example_dags/example_time_delta_sensor_async.py
[2024-04-27T02:40:01.427+0000] {processor.py:758} INFO - Processing file /home/airflow/.local/lib/python3.7/site-packages/airflow/example_dags/example_time_delta_sensor_async.py for tasks to queue
[2024-04-27T02:40:01.428+0000] {logging_mixin.py:117} INFO - [2024-04-27T02:40:01.428+0000] {dagbag.py:525} INFO - Filling up the DagBag from /home/airflow/.local/lib/python3.7/site-packages/airflow/example_dags/example_time_delta_sensor_async.py
[2024-04-27T02:40:01.444+0000] {processor.py:768} INFO - DAG(s) dict_keys(['example_time_delta_sensor_async']) retrieved from /home/airflow/.local/lib/python3.7/site-packages/airflow/example_dags/example_time_delta_sensor_async.py
[2024-04-27T02:40:01.758+0000] {logging_mixin.py:117} INFO - [2024-04-27T02:40:01.758+0000] {dag.py:2573} INFO - Sync 1 DAGs
[2024-04-27T02:40:01.786+0000] {logging_mixin.py:117} INFO - [2024-04-27T02:40:01.786+0000] {dag.py:3328} INFO - Setting next_dagrun for example_time_delta_sensor_async to None, run_after=None
[2024-04-27T02:40:01.813+0000] {processor.py:178} INFO - Processing /home/airflow/.local/lib/python3.7/site-packages/airflow/example_dags/example_time_delta_sensor_async.py took 0.391 seconds
[2024-04-27T02:40:32.639+0000] {processor.py:156} INFO - Started process (PID=6897) to work on /home/airflow/.local/lib/python3.7/site-packages/airflow/example_dags/example_time_delta_sensor_async.py
[2024-04-27T02:40:32.640+0000] {processor.py:758} INFO - Processing file /home/airflow/.local/lib/python3.7/site-packages/airflow/example_dags/example_time_delta_sensor_async.py for tasks to queue
[2024-04-27T02:40:32.641+0000] {logging_mixin.py:117} INFO - [2024-04-27T02:40:32.641+0000] {dagbag.py:525} INFO - Filling up the DagBag from /home/airflow/.local/lib/python3.7/site-packages/airflow/example_dags/example_time_delta_sensor_async.py
[2024-04-27T02:40:32.658+0000] {processor.py:768} INFO - DAG(s) dict_keys(['example_time_delta_sensor_async']) retrieved from /home/airflow/.local/lib/python3.7/site-packages/airflow/example_dags/example_time_delta_sensor_async.py
[2024-04-27T02:40:32.916+0000] {logging_mixin.py:117} INFO - [2024-04-27T02:40:32.915+0000] {dag.py:2573} INFO - Sync 1 DAGs
[2024-04-27T02:40:32.946+0000] {logging_mixin.py:117} INFO - [2024-04-27T02:40:32.945+0000] {dag.py:3328} INFO - Setting next_dagrun for example_time_delta_sensor_async to None, run_after=None
[2024-04-27T02:40:32.973+0000] {processor.py:178} INFO - Processing /home/airflow/.local/lib/python3.7/site-packages/airflow/example_dags/example_time_delta_sensor_async.py took 0.337 seconds
[2024-04-27T02:41:04.732+0000] {processor.py:156} INFO - Started process (PID=7115) to work on /home/airflow/.local/lib/python3.7/site-packages/airflow/example_dags/example_time_delta_sensor_async.py
[2024-04-27T02:41:04.733+0000] {processor.py:758} INFO - Processing file /home/airflow/.local/lib/python3.7/site-packages/airflow/example_dags/example_time_delta_sensor_async.py for tasks to queue
[2024-04-27T02:41:04.734+0000] {logging_mixin.py:117} INFO - [2024-04-27T02:41:04.734+0000] {dagbag.py:525} INFO - Filling up the DagBag from /home/airflow/.local/lib/python3.7/site-packages/airflow/example_dags/example_time_delta_sensor_async.py
[2024-04-27T02:41:04.759+0000] {processor.py:768} INFO - DAG(s) dict_keys(['example_time_delta_sensor_async']) retrieved from /home/airflow/.local/lib/python3.7/site-packages/airflow/example_dags/example_time_delta_sensor_async.py
[2024-04-27T02:41:05.077+0000] {logging_mixin.py:117} INFO - [2024-04-27T02:41:05.076+0000] {dag.py:2573} INFO - Sync 1 DAGs
[2024-04-27T02:41:05.108+0000] {logging_mixin.py:117} INFO - [2024-04-27T02:41:05.108+0000] {dag.py:3328} INFO - Setting next_dagrun for example_time_delta_sensor_async to None, run_after=None
[2024-04-27T02:41:05.135+0000] {processor.py:178} INFO - Processing /home/airflow/.local/lib/python3.7/site-packages/airflow/example_dags/example_time_delta_sensor_async.py took 0.406 seconds
[2024-04-27T02:41:35.416+0000] {processor.py:156} INFO - Started process (PID=7323) to work on /home/airflow/.local/lib/python3.7/site-packages/airflow/example_dags/example_time_delta_sensor_async.py
[2024-04-27T02:41:35.418+0000] {processor.py:758} INFO - Processing file /home/airflow/.local/lib/python3.7/site-packages/airflow/example_dags/example_time_delta_sensor_async.py for tasks to queue
[2024-04-27T02:41:35.418+0000] {logging_mixin.py:117} INFO - [2024-04-27T02:41:35.418+0000] {dagbag.py:525} INFO - Filling up the DagBag from /home/airflow/.local/lib/python3.7/site-packages/airflow/example_dags/example_time_delta_sensor_async.py
[2024-04-27T02:41:35.435+0000] {processor.py:768} INFO - DAG(s) dict_keys(['example_time_delta_sensor_async']) retrieved from /home/airflow/.local/lib/python3.7/site-packages/airflow/example_dags/example_time_delta_sensor_async.py
[2024-04-27T02:41:35.703+0000] {logging_mixin.py:117} INFO - [2024-04-27T02:41:35.702+0000] {dag.py:2573} INFO - Sync 1 DAGs
[2024-04-27T02:41:35.747+0000] {logging_mixin.py:117} INFO - [2024-04-27T02:41:35.747+0000] {dag.py:3328} INFO - Setting next_dagrun for example_time_delta_sensor_async to None, run_after=None
[2024-04-27T02:41:35.776+0000] {processor.py:178} INFO - Processing /home/airflow/.local/lib/python3.7/site-packages/airflow/example_dags/example_time_delta_sensor_async.py took 0.363 seconds
[2024-04-27T02:42:05.901+0000] {processor.py:156} INFO - Started process (PID=7542) to work on /home/airflow/.local/lib/python3.7/site-packages/airflow/example_dags/example_time_delta_sensor_async.py
[2024-04-27T02:42:05.901+0000] {processor.py:758} INFO - Processing file /home/airflow/.local/lib/python3.7/site-packages/airflow/example_dags/example_time_delta_sensor_async.py for tasks to queue
[2024-04-27T02:42:05.902+0000] {logging_mixin.py:117} INFO - [2024-04-27T02:42:05.902+0000] {dagbag.py:525} INFO - Filling up the DagBag from /home/airflow/.local/lib/python3.7/site-packages/airflow/example_dags/example_time_delta_sensor_async.py
[2024-04-27T02:42:05.918+0000] {processor.py:768} INFO - DAG(s) dict_keys(['example_time_delta_sensor_async']) retrieved from /home/airflow/.local/lib/python3.7/site-packages/airflow/example_dags/example_time_delta_sensor_async.py
[2024-04-27T02:42:06.173+0000] {logging_mixin.py:117} INFO - [2024-04-27T02:42:06.173+0000] {dag.py:2573} INFO - Sync 1 DAGs
[2024-04-27T02:42:06.224+0000] {logging_mixin.py:117} INFO - [2024-04-27T02:42:06.224+0000] {dag.py:3328} INFO - Setting next_dagrun for example_time_delta_sensor_async to None, run_after=None
[2024-04-27T02:42:06.269+0000] {processor.py:178} INFO - Processing /home/airflow/.local/lib/python3.7/site-packages/airflow/example_dags/example_time_delta_sensor_async.py took 0.371 seconds
[2024-04-27T02:42:37.235+0000] {processor.py:156} INFO - Started process (PID=7761) to work on /home/airflow/.local/lib/python3.7/site-packages/airflow/example_dags/example_time_delta_sensor_async.py
[2024-04-27T02:42:37.237+0000] {processor.py:758} INFO - Processing file /home/airflow/.local/lib/python3.7/site-packages/airflow/example_dags/example_time_delta_sensor_async.py for tasks to queue
[2024-04-27T02:42:37.239+0000] {logging_mixin.py:117} INFO - [2024-04-27T02:42:37.238+0000] {dagbag.py:525} INFO - Filling up the DagBag from /home/airflow/.local/lib/python3.7/site-packages/airflow/example_dags/example_time_delta_sensor_async.py
[2024-04-27T02:42:37.274+0000] {processor.py:768} INFO - DAG(s) dict_keys(['example_time_delta_sensor_async']) retrieved from /home/airflow/.local/lib/python3.7/site-packages/airflow/example_dags/example_time_delta_sensor_async.py
[2024-04-27T02:42:37.600+0000] {logging_mixin.py:117} INFO - [2024-04-27T02:42:37.600+0000] {dag.py:2573} INFO - Sync 1 DAGs
[2024-04-27T02:42:37.631+0000] {logging_mixin.py:117} INFO - [2024-04-27T02:42:37.631+0000] {dag.py:3328} INFO - Setting next_dagrun for example_time_delta_sensor_async to None, run_after=None
[2024-04-27T02:42:37.661+0000] {processor.py:178} INFO - Processing /home/airflow/.local/lib/python3.7/site-packages/airflow/example_dags/example_time_delta_sensor_async.py took 0.428 seconds
[2024-04-27T02:43:08.611+0000] {processor.py:156} INFO - Started process (PID=7979) to work on /home/airflow/.local/lib/python3.7/site-packages/airflow/example_dags/example_time_delta_sensor_async.py
[2024-04-27T02:43:08.612+0000] {processor.py:758} INFO - Processing file /home/airflow/.local/lib/python3.7/site-packages/airflow/example_dags/example_time_delta_sensor_async.py for tasks to queue
[2024-04-27T02:43:08.612+0000] {logging_mixin.py:117} INFO - [2024-04-27T02:43:08.612+0000] {dagbag.py:525} INFO - Filling up the DagBag from /home/airflow/.local/lib/python3.7/site-packages/airflow/example_dags/example_time_delta_sensor_async.py
[2024-04-27T02:43:08.630+0000] {processor.py:768} INFO - DAG(s) dict_keys(['example_time_delta_sensor_async']) retrieved from /home/airflow/.local/lib/python3.7/site-packages/airflow/example_dags/example_time_delta_sensor_async.py
[2024-04-27T02:43:09.010+0000] {logging_mixin.py:117} INFO - [2024-04-27T02:43:09.010+0000] {dag.py:2573} INFO - Sync 1 DAGs
[2024-04-27T02:43:09.066+0000] {logging_mixin.py:117} INFO - [2024-04-27T02:43:09.066+0000] {dag.py:3328} INFO - Setting next_dagrun for example_time_delta_sensor_async to None, run_after=None
[2024-04-27T02:43:09.108+0000] {processor.py:178} INFO - Processing /home/airflow/.local/lib/python3.7/site-packages/airflow/example_dags/example_time_delta_sensor_async.py took 0.500 seconds
[2024-04-27T02:43:39.586+0000] {processor.py:156} INFO - Started process (PID=8190) to work on /home/airflow/.local/lib/python3.7/site-packages/airflow/example_dags/example_time_delta_sensor_async.py
[2024-04-27T02:43:39.587+0000] {processor.py:758} INFO - Processing file /home/airflow/.local/lib/python3.7/site-packages/airflow/example_dags/example_time_delta_sensor_async.py for tasks to queue
[2024-04-27T02:43:39.587+0000] {logging_mixin.py:117} INFO - [2024-04-27T02:43:39.587+0000] {dagbag.py:525} INFO - Filling up the DagBag from /home/airflow/.local/lib/python3.7/site-packages/airflow/example_dags/example_time_delta_sensor_async.py
[2024-04-27T02:43:39.615+0000] {processor.py:768} INFO - DAG(s) dict_keys(['example_time_delta_sensor_async']) retrieved from /home/airflow/.local/lib/python3.7/site-packages/airflow/example_dags/example_time_delta_sensor_async.py
[2024-04-27T02:43:39.895+0000] {logging_mixin.py:117} INFO - [2024-04-27T02:43:39.895+0000] {dag.py:2573} INFO - Sync 1 DAGs
[2024-04-27T02:43:39.927+0000] {logging_mixin.py:117} INFO - [2024-04-27T02:43:39.927+0000] {dag.py:3328} INFO - Setting next_dagrun for example_time_delta_sensor_async to None, run_after=None
[2024-04-27T02:43:39.961+0000] {processor.py:178} INFO - Processing /home/airflow/.local/lib/python3.7/site-packages/airflow/example_dags/example_time_delta_sensor_async.py took 0.379 seconds
[2024-04-27T02:44:10.599+0000] {processor.py:156} INFO - Started process (PID=8407) to work on /home/airflow/.local/lib/python3.7/site-packages/airflow/example_dags/example_time_delta_sensor_async.py
[2024-04-27T02:44:10.600+0000] {processor.py:758} INFO - Processing file /home/airflow/.local/lib/python3.7/site-packages/airflow/example_dags/example_time_delta_sensor_async.py for tasks to queue
[2024-04-27T02:44:10.601+0000] {logging_mixin.py:117} INFO - [2024-04-27T02:44:10.601+0000] {dagbag.py:525} INFO - Filling up the DagBag from /home/airflow/.local/lib/python3.7/site-packages/airflow/example_dags/example_time_delta_sensor_async.py
[2024-04-27T02:44:10.622+0000] {processor.py:768} INFO - DAG(s) dict_keys(['example_time_delta_sensor_async']) retrieved from /home/airflow/.local/lib/python3.7/site-packages/airflow/example_dags/example_time_delta_sensor_async.py
[2024-04-27T02:44:10.895+0000] {logging_mixin.py:117} INFO - [2024-04-27T02:44:10.894+0000] {dag.py:2573} INFO - Sync 1 DAGs
[2024-04-27T02:44:10.927+0000] {logging_mixin.py:117} INFO - [2024-04-27T02:44:10.927+0000] {dag.py:3328} INFO - Setting next_dagrun for example_time_delta_sensor_async to None, run_after=None
[2024-04-27T02:44:10.953+0000] {processor.py:178} INFO - Processing /home/airflow/.local/lib/python3.7/site-packages/airflow/example_dags/example_time_delta_sensor_async.py took 0.357 seconds
[2024-04-27T02:44:42.213+0000] {processor.py:156} INFO - Started process (PID=8629) to work on /home/airflow/.local/lib/python3.7/site-packages/airflow/example_dags/example_time_delta_sensor_async.py
[2024-04-27T02:44:42.213+0000] {processor.py:758} INFO - Processing file /home/airflow/.local/lib/python3.7/site-packages/airflow/example_dags/example_time_delta_sensor_async.py for tasks to queue
[2024-04-27T02:44:42.214+0000] {logging_mixin.py:117} INFO - [2024-04-27T02:44:42.214+0000] {dagbag.py:525} INFO - Filling up the DagBag from /home/airflow/.local/lib/python3.7/site-packages/airflow/example_dags/example_time_delta_sensor_async.py
[2024-04-27T02:44:42.229+0000] {processor.py:768} INFO - DAG(s) dict_keys(['example_time_delta_sensor_async']) retrieved from /home/airflow/.local/lib/python3.7/site-packages/airflow/example_dags/example_time_delta_sensor_async.py
[2024-04-27T02:44:42.516+0000] {logging_mixin.py:117} INFO - [2024-04-27T02:44:42.515+0000] {dag.py:2573} INFO - Sync 1 DAGs
[2024-04-27T02:44:42.583+0000] {logging_mixin.py:117} INFO - [2024-04-27T02:44:42.583+0000] {dag.py:3328} INFO - Setting next_dagrun for example_time_delta_sensor_async to None, run_after=None
[2024-04-27T02:44:42.615+0000] {processor.py:178} INFO - Processing /home/airflow/.local/lib/python3.7/site-packages/airflow/example_dags/example_time_delta_sensor_async.py took 0.405 seconds
[2024-04-27T02:45:13.685+0000] {processor.py:156} INFO - Started process (PID=8842) to work on /home/airflow/.local/lib/python3.7/site-packages/airflow/example_dags/example_time_delta_sensor_async.py
[2024-04-27T02:45:13.685+0000] {processor.py:758} INFO - Processing file /home/airflow/.local/lib/python3.7/site-packages/airflow/example_dags/example_time_delta_sensor_async.py for tasks to queue
[2024-04-27T02:45:13.686+0000] {logging_mixin.py:117} INFO - [2024-04-27T02:45:13.686+0000] {dagbag.py:525} INFO - Filling up the DagBag from /home/airflow/.local/lib/python3.7/site-packages/airflow/example_dags/example_time_delta_sensor_async.py
[2024-04-27T02:45:13.715+0000] {processor.py:768} INFO - DAG(s) dict_keys(['example_time_delta_sensor_async']) retrieved from /home/airflow/.local/lib/python3.7/site-packages/airflow/example_dags/example_time_delta_sensor_async.py
[2024-04-27T02:45:14.205+0000] {logging_mixin.py:117} INFO - [2024-04-27T02:45:14.205+0000] {dag.py:2573} INFO - Sync 1 DAGs
[2024-04-27T02:45:14.248+0000] {logging_mixin.py:117} INFO - [2024-04-27T02:45:14.248+0000] {dag.py:3328} INFO - Setting next_dagrun for example_time_delta_sensor_async to None, run_after=None
[2024-04-27T02:45:14.293+0000] {processor.py:178} INFO - Processing /home/airflow/.local/lib/python3.7/site-packages/airflow/example_dags/example_time_delta_sensor_async.py took 0.611 seconds
[2024-04-27T02:45:44.365+0000] {processor.py:156} INFO - Started process (PID=9063) to work on /home/airflow/.local/lib/python3.7/site-packages/airflow/example_dags/example_time_delta_sensor_async.py
[2024-04-27T02:45:44.366+0000] {processor.py:758} INFO - Processing file /home/airflow/.local/lib/python3.7/site-packages/airflow/example_dags/example_time_delta_sensor_async.py for tasks to queue
[2024-04-27T02:45:44.366+0000] {logging_mixin.py:117} INFO - [2024-04-27T02:45:44.366+0000] {dagbag.py:525} INFO - Filling up the DagBag from /home/airflow/.local/lib/python3.7/site-packages/airflow/example_dags/example_time_delta_sensor_async.py
[2024-04-27T02:45:44.411+0000] {processor.py:768} INFO - DAG(s) dict_keys(['example_time_delta_sensor_async']) retrieved from /home/airflow/.local/lib/python3.7/site-packages/airflow/example_dags/example_time_delta_sensor_async.py
[2024-04-27T02:45:44.757+0000] {logging_mixin.py:117} INFO - [2024-04-27T02:45:44.757+0000] {dag.py:2573} INFO - Sync 1 DAGs
[2024-04-27T02:45:44.788+0000] {logging_mixin.py:117} INFO - [2024-04-27T02:45:44.787+0000] {dag.py:3328} INFO - Setting next_dagrun for example_time_delta_sensor_async to None, run_after=None
[2024-04-27T02:45:44.813+0000] {processor.py:178} INFO - Processing /home/airflow/.local/lib/python3.7/site-packages/airflow/example_dags/example_time_delta_sensor_async.py took 0.452 seconds
[2024-04-27T02:46:14.978+0000] {processor.py:156} INFO - Started process (PID=9289) to work on /home/airflow/.local/lib/python3.7/site-packages/airflow/example_dags/example_time_delta_sensor_async.py
[2024-04-27T02:46:14.978+0000] {processor.py:758} INFO - Processing file /home/airflow/.local/lib/python3.7/site-packages/airflow/example_dags/example_time_delta_sensor_async.py for tasks to queue
[2024-04-27T02:46:14.979+0000] {logging_mixin.py:117} INFO - [2024-04-27T02:46:14.979+0000] {dagbag.py:525} INFO - Filling up the DagBag from /home/airflow/.local/lib/python3.7/site-packages/airflow/example_dags/example_time_delta_sensor_async.py
[2024-04-27T02:46:14.999+0000] {processor.py:768} INFO - DAG(s) dict_keys(['example_time_delta_sensor_async']) retrieved from /home/airflow/.local/lib/python3.7/site-packages/airflow/example_dags/example_time_delta_sensor_async.py
[2024-04-27T02:46:15.341+0000] {logging_mixin.py:117} INFO - [2024-04-27T02:46:15.341+0000] {dag.py:2573} INFO - Sync 1 DAGs
[2024-04-27T02:46:15.371+0000] {logging_mixin.py:117} INFO - [2024-04-27T02:46:15.370+0000] {dag.py:3328} INFO - Setting next_dagrun for example_time_delta_sensor_async to None, run_after=None
[2024-04-27T02:46:15.397+0000] {processor.py:178} INFO - Processing /home/airflow/.local/lib/python3.7/site-packages/airflow/example_dags/example_time_delta_sensor_async.py took 0.423 seconds
[2024-04-27T02:46:45.589+0000] {processor.py:156} INFO - Started process (PID=9498) to work on /home/airflow/.local/lib/python3.7/site-packages/airflow/example_dags/example_time_delta_sensor_async.py
[2024-04-27T02:46:45.590+0000] {processor.py:758} INFO - Processing file /home/airflow/.local/lib/python3.7/site-packages/airflow/example_dags/example_time_delta_sensor_async.py for tasks to queue
[2024-04-27T02:46:45.591+0000] {logging_mixin.py:117} INFO - [2024-04-27T02:46:45.591+0000] {dagbag.py:525} INFO - Filling up the DagBag from /home/airflow/.local/lib/python3.7/site-packages/airflow/example_dags/example_time_delta_sensor_async.py
[2024-04-27T02:46:45.634+0000] {processor.py:768} INFO - DAG(s) dict_keys(['example_time_delta_sensor_async']) retrieved from /home/airflow/.local/lib/python3.7/site-packages/airflow/example_dags/example_time_delta_sensor_async.py
[2024-04-27T02:46:45.941+0000] {logging_mixin.py:117} INFO - [2024-04-27T02:46:45.941+0000] {dag.py:2573} INFO - Sync 1 DAGs
[2024-04-27T02:46:45.969+0000] {logging_mixin.py:117} INFO - [2024-04-27T02:46:45.969+0000] {dag.py:3328} INFO - Setting next_dagrun for example_time_delta_sensor_async to None, run_after=None
[2024-04-27T02:46:45.996+0000] {processor.py:178} INFO - Processing /home/airflow/.local/lib/python3.7/site-packages/airflow/example_dags/example_time_delta_sensor_async.py took 0.410 seconds
[2024-04-27T02:47:16.877+0000] {processor.py:156} INFO - Started process (PID=9721) to work on /home/airflow/.local/lib/python3.7/site-packages/airflow/example_dags/example_time_delta_sensor_async.py
[2024-04-27T02:47:16.877+0000] {processor.py:758} INFO - Processing file /home/airflow/.local/lib/python3.7/site-packages/airflow/example_dags/example_time_delta_sensor_async.py for tasks to queue
[2024-04-27T02:47:16.878+0000] {logging_mixin.py:117} INFO - [2024-04-27T02:47:16.878+0000] {dagbag.py:525} INFO - Filling up the DagBag from /home/airflow/.local/lib/python3.7/site-packages/airflow/example_dags/example_time_delta_sensor_async.py
[2024-04-27T02:47:16.897+0000] {processor.py:768} INFO - DAG(s) dict_keys(['example_time_delta_sensor_async']) retrieved from /home/airflow/.local/lib/python3.7/site-packages/airflow/example_dags/example_time_delta_sensor_async.py
[2024-04-27T02:47:17.275+0000] {logging_mixin.py:117} INFO - [2024-04-27T02:47:17.275+0000] {dag.py:2573} INFO - Sync 1 DAGs
[2024-04-27T02:47:17.309+0000] {logging_mixin.py:117} INFO - [2024-04-27T02:47:17.308+0000] {dag.py:3328} INFO - Setting next_dagrun for example_time_delta_sensor_async to None, run_after=None
[2024-04-27T02:47:17.340+0000] {processor.py:178} INFO - Processing /home/airflow/.local/lib/python3.7/site-packages/airflow/example_dags/example_time_delta_sensor_async.py took 0.468 seconds
[2024-04-27T02:47:47.426+0000] {processor.py:156} INFO - Started process (PID=9947) to work on /home/airflow/.local/lib/python3.7/site-packages/airflow/example_dags/example_time_delta_sensor_async.py
[2024-04-27T02:47:47.427+0000] {processor.py:758} INFO - Processing file /home/airflow/.local/lib/python3.7/site-packages/airflow/example_dags/example_time_delta_sensor_async.py for tasks to queue
[2024-04-27T02:47:47.428+0000] {logging_mixin.py:117} INFO - [2024-04-27T02:47:47.428+0000] {dagbag.py:525} INFO - Filling up the DagBag from /home/airflow/.local/lib/python3.7/site-packages/airflow/example_dags/example_time_delta_sensor_async.py
[2024-04-27T02:47:47.459+0000] {processor.py:768} INFO - DAG(s) dict_keys(['example_time_delta_sensor_async']) retrieved from /home/airflow/.local/lib/python3.7/site-packages/airflow/example_dags/example_time_delta_sensor_async.py
[2024-04-27T02:47:47.783+0000] {logging_mixin.py:117} INFO - [2024-04-27T02:47:47.782+0000] {dag.py:2573} INFO - Sync 1 DAGs
[2024-04-27T02:47:47.841+0000] {logging_mixin.py:117} INFO - [2024-04-27T02:47:47.840+0000] {dag.py:3328} INFO - Setting next_dagrun for example_time_delta_sensor_async to None, run_after=None
[2024-04-27T02:47:47.896+0000] {processor.py:178} INFO - Processing /home/airflow/.local/lib/python3.7/site-packages/airflow/example_dags/example_time_delta_sensor_async.py took 0.473 seconds
[2024-04-27T02:48:18.647+0000] {processor.py:156} INFO - Started process (PID=10161) to work on /home/airflow/.local/lib/python3.7/site-packages/airflow/example_dags/example_time_delta_sensor_async.py
[2024-04-27T02:48:18.657+0000] {processor.py:758} INFO - Processing file /home/airflow/.local/lib/python3.7/site-packages/airflow/example_dags/example_time_delta_sensor_async.py for tasks to queue
[2024-04-27T02:48:18.659+0000] {logging_mixin.py:117} INFO - [2024-04-27T02:48:18.658+0000] {dagbag.py:525} INFO - Filling up the DagBag from /home/airflow/.local/lib/python3.7/site-packages/airflow/example_dags/example_time_delta_sensor_async.py
[2024-04-27T02:48:18.706+0000] {processor.py:768} INFO - DAG(s) dict_keys(['example_time_delta_sensor_async']) retrieved from /home/airflow/.local/lib/python3.7/site-packages/airflow/example_dags/example_time_delta_sensor_async.py
[2024-04-27T02:48:19.513+0000] {logging_mixin.py:117} INFO - [2024-04-27T02:48:19.512+0000] {dag.py:2573} INFO - Sync 1 DAGs
[2024-04-27T02:48:19.576+0000] {logging_mixin.py:117} INFO - [2024-04-27T02:48:19.576+0000] {dag.py:3328} INFO - Setting next_dagrun for example_time_delta_sensor_async to None, run_after=None
[2024-04-27T02:48:19.607+0000] {processor.py:178} INFO - Processing /home/airflow/.local/lib/python3.7/site-packages/airflow/example_dags/example_time_delta_sensor_async.py took 0.964 seconds
[2024-04-27T02:48:49.753+0000] {processor.py:156} INFO - Started process (PID=10372) to work on /home/airflow/.local/lib/python3.7/site-packages/airflow/example_dags/example_time_delta_sensor_async.py
[2024-04-27T02:48:49.754+0000] {processor.py:758} INFO - Processing file /home/airflow/.local/lib/python3.7/site-packages/airflow/example_dags/example_time_delta_sensor_async.py for tasks to queue
[2024-04-27T02:48:49.754+0000] {logging_mixin.py:117} INFO - [2024-04-27T02:48:49.754+0000] {dagbag.py:525} INFO - Filling up the DagBag from /home/airflow/.local/lib/python3.7/site-packages/airflow/example_dags/example_time_delta_sensor_async.py
[2024-04-27T02:48:49.771+0000] {processor.py:768} INFO - DAG(s) dict_keys(['example_time_delta_sensor_async']) retrieved from /home/airflow/.local/lib/python3.7/site-packages/airflow/example_dags/example_time_delta_sensor_async.py
[2024-04-27T02:48:50.123+0000] {logging_mixin.py:117} INFO - [2024-04-27T02:48:50.123+0000] {dag.py:2573} INFO - Sync 1 DAGs
[2024-04-27T02:48:50.151+0000] {logging_mixin.py:117} INFO - [2024-04-27T02:48:50.151+0000] {dag.py:3328} INFO - Setting next_dagrun for example_time_delta_sensor_async to None, run_after=None
[2024-04-27T02:48:50.176+0000] {processor.py:178} INFO - Processing /home/airflow/.local/lib/python3.7/site-packages/airflow/example_dags/example_time_delta_sensor_async.py took 0.427 seconds
[2024-04-27T02:49:20.256+0000] {processor.py:156} INFO - Started process (PID=10589) to work on /home/airflow/.local/lib/python3.7/site-packages/airflow/example_dags/example_time_delta_sensor_async.py
[2024-04-27T02:49:20.257+0000] {processor.py:758} INFO - Processing file /home/airflow/.local/lib/python3.7/site-packages/airflow/example_dags/example_time_delta_sensor_async.py for tasks to queue
[2024-04-27T02:49:20.263+0000] {logging_mixin.py:117} INFO - [2024-04-27T02:49:20.263+0000] {dagbag.py:525} INFO - Filling up the DagBag from /home/airflow/.local/lib/python3.7/site-packages/airflow/example_dags/example_time_delta_sensor_async.py
[2024-04-27T02:49:20.291+0000] {processor.py:768} INFO - DAG(s) dict_keys(['example_time_delta_sensor_async']) retrieved from /home/airflow/.local/lib/python3.7/site-packages/airflow/example_dags/example_time_delta_sensor_async.py
[2024-04-27T02:49:20.637+0000] {logging_mixin.py:117} INFO - [2024-04-27T02:49:20.637+0000] {dag.py:2573} INFO - Sync 1 DAGs
[2024-04-27T02:49:20.670+0000] {logging_mixin.py:117} INFO - [2024-04-27T02:49:20.670+0000] {dag.py:3328} INFO - Setting next_dagrun for example_time_delta_sensor_async to None, run_after=None
[2024-04-27T02:49:20.700+0000] {processor.py:178} INFO - Processing /home/airflow/.local/lib/python3.7/site-packages/airflow/example_dags/example_time_delta_sensor_async.py took 0.453 seconds
[2024-04-27T02:49:51.509+0000] {processor.py:156} INFO - Started process (PID=10807) to work on /home/airflow/.local/lib/python3.7/site-packages/airflow/example_dags/example_time_delta_sensor_async.py
[2024-04-27T02:49:51.511+0000] {processor.py:758} INFO - Processing file /home/airflow/.local/lib/python3.7/site-packages/airflow/example_dags/example_time_delta_sensor_async.py for tasks to queue
[2024-04-27T02:49:51.512+0000] {logging_mixin.py:117} INFO - [2024-04-27T02:49:51.511+0000] {dagbag.py:525} INFO - Filling up the DagBag from /home/airflow/.local/lib/python3.7/site-packages/airflow/example_dags/example_time_delta_sensor_async.py
[2024-04-27T02:49:51.552+0000] {processor.py:768} INFO - DAG(s) dict_keys(['example_time_delta_sensor_async']) retrieved from /home/airflow/.local/lib/python3.7/site-packages/airflow/example_dags/example_time_delta_sensor_async.py
[2024-04-27T02:49:51.964+0000] {logging_mixin.py:117} INFO - [2024-04-27T02:49:51.964+0000] {dag.py:2573} INFO - Sync 1 DAGs
[2024-04-27T02:49:52.012+0000] {logging_mixin.py:117} INFO - [2024-04-27T02:49:52.012+0000] {dag.py:3328} INFO - Setting next_dagrun for example_time_delta_sensor_async to None, run_after=None
[2024-04-27T02:49:52.096+0000] {processor.py:178} INFO - Processing /home/airflow/.local/lib/python3.7/site-packages/airflow/example_dags/example_time_delta_sensor_async.py took 0.590 seconds
[2024-04-27T02:50:22.166+0000] {processor.py:156} INFO - Started process (PID=11026) to work on /home/airflow/.local/lib/python3.7/site-packages/airflow/example_dags/example_time_delta_sensor_async.py
[2024-04-27T02:50:22.166+0000] {processor.py:758} INFO - Processing file /home/airflow/.local/lib/python3.7/site-packages/airflow/example_dags/example_time_delta_sensor_async.py for tasks to queue
[2024-04-27T02:50:22.167+0000] {logging_mixin.py:117} INFO - [2024-04-27T02:50:22.167+0000] {dagbag.py:525} INFO - Filling up the DagBag from /home/airflow/.local/lib/python3.7/site-packages/airflow/example_dags/example_time_delta_sensor_async.py
[2024-04-27T02:50:22.178+0000] {processor.py:768} INFO - DAG(s) dict_keys(['example_time_delta_sensor_async']) retrieved from /home/airflow/.local/lib/python3.7/site-packages/airflow/example_dags/example_time_delta_sensor_async.py
[2024-04-27T02:50:22.337+0000] {logging_mixin.py:117} INFO - [2024-04-27T02:50:22.337+0000] {dag.py:2573} INFO - Sync 1 DAGs
[2024-04-27T02:50:22.357+0000] {logging_mixin.py:117} INFO - [2024-04-27T02:50:22.357+0000] {dag.py:3328} INFO - Setting next_dagrun for example_time_delta_sensor_async to None, run_after=None
[2024-04-27T02:50:22.377+0000] {processor.py:178} INFO - Processing /home/airflow/.local/lib/python3.7/site-packages/airflow/example_dags/example_time_delta_sensor_async.py took 0.215 seconds
[2024-04-27T02:50:52.767+0000] {processor.py:156} INFO - Started process (PID=11233) to work on /home/airflow/.local/lib/python3.7/site-packages/airflow/example_dags/example_time_delta_sensor_async.py
[2024-04-27T02:50:52.773+0000] {processor.py:758} INFO - Processing file /home/airflow/.local/lib/python3.7/site-packages/airflow/example_dags/example_time_delta_sensor_async.py for tasks to queue
[2024-04-27T02:50:52.774+0000] {logging_mixin.py:117} INFO - [2024-04-27T02:50:52.774+0000] {dagbag.py:525} INFO - Filling up the DagBag from /home/airflow/.local/lib/python3.7/site-packages/airflow/example_dags/example_time_delta_sensor_async.py
[2024-04-27T02:50:52.803+0000] {processor.py:768} INFO - DAG(s) dict_keys(['example_time_delta_sensor_async']) retrieved from /home/airflow/.local/lib/python3.7/site-packages/airflow/example_dags/example_time_delta_sensor_async.py
[2024-04-27T02:50:53.132+0000] {logging_mixin.py:117} INFO - [2024-04-27T02:50:53.132+0000] {dag.py:2573} INFO - Sync 1 DAGs
[2024-04-27T02:50:53.214+0000] {logging_mixin.py:117} INFO - [2024-04-27T02:50:53.213+0000] {dag.py:3328} INFO - Setting next_dagrun for example_time_delta_sensor_async to None, run_after=None
[2024-04-27T02:50:53.255+0000] {processor.py:178} INFO - Processing /home/airflow/.local/lib/python3.7/site-packages/airflow/example_dags/example_time_delta_sensor_async.py took 0.491 seconds
[2024-04-27T02:51:23.890+0000] {processor.py:156} INFO - Started process (PID=11451) to work on /home/airflow/.local/lib/python3.7/site-packages/airflow/example_dags/example_time_delta_sensor_async.py
[2024-04-27T02:51:23.900+0000] {processor.py:758} INFO - Processing file /home/airflow/.local/lib/python3.7/site-packages/airflow/example_dags/example_time_delta_sensor_async.py for tasks to queue
[2024-04-27T02:51:23.901+0000] {logging_mixin.py:117} INFO - [2024-04-27T02:51:23.901+0000] {dagbag.py:525} INFO - Filling up the DagBag from /home/airflow/.local/lib/python3.7/site-packages/airflow/example_dags/example_time_delta_sensor_async.py
[2024-04-27T02:51:23.946+0000] {processor.py:768} INFO - DAG(s) dict_keys(['example_time_delta_sensor_async']) retrieved from /home/airflow/.local/lib/python3.7/site-packages/airflow/example_dags/example_time_delta_sensor_async.py
[2024-04-27T02:51:24.439+0000] {logging_mixin.py:117} INFO - [2024-04-27T02:51:24.438+0000] {dag.py:2573} INFO - Sync 1 DAGs
[2024-04-27T02:51:24.503+0000] {logging_mixin.py:117} INFO - [2024-04-27T02:51:24.503+0000] {dag.py:3328} INFO - Setting next_dagrun for example_time_delta_sensor_async to None, run_after=None
[2024-04-27T02:51:24.581+0000] {processor.py:178} INFO - Processing /home/airflow/.local/lib/python3.7/site-packages/airflow/example_dags/example_time_delta_sensor_async.py took 0.694 seconds
[2024-04-27T02:51:54.802+0000] {processor.py:156} INFO - Started process (PID=11664) to work on /home/airflow/.local/lib/python3.7/site-packages/airflow/example_dags/example_time_delta_sensor_async.py
[2024-04-27T02:51:54.802+0000] {processor.py:758} INFO - Processing file /home/airflow/.local/lib/python3.7/site-packages/airflow/example_dags/example_time_delta_sensor_async.py for tasks to queue
[2024-04-27T02:51:54.803+0000] {logging_mixin.py:117} INFO - [2024-04-27T02:51:54.803+0000] {dagbag.py:525} INFO - Filling up the DagBag from /home/airflow/.local/lib/python3.7/site-packages/airflow/example_dags/example_time_delta_sensor_async.py
[2024-04-27T02:51:54.819+0000] {processor.py:768} INFO - DAG(s) dict_keys(['example_time_delta_sensor_async']) retrieved from /home/airflow/.local/lib/python3.7/site-packages/airflow/example_dags/example_time_delta_sensor_async.py
[2024-04-27T02:51:55.088+0000] {logging_mixin.py:117} INFO - [2024-04-27T02:51:55.087+0000] {dag.py:2573} INFO - Sync 1 DAGs
[2024-04-27T02:51:55.127+0000] {logging_mixin.py:117} INFO - [2024-04-27T02:51:55.127+0000] {dag.py:3328} INFO - Setting next_dagrun for example_time_delta_sensor_async to None, run_after=None
[2024-04-27T02:51:55.152+0000] {processor.py:178} INFO - Processing /home/airflow/.local/lib/python3.7/site-packages/airflow/example_dags/example_time_delta_sensor_async.py took 0.353 seconds
[2024-04-27T02:52:25.482+0000] {processor.py:156} INFO - Started process (PID=11869) to work on /home/airflow/.local/lib/python3.7/site-packages/airflow/example_dags/example_time_delta_sensor_async.py
[2024-04-27T02:52:25.483+0000] {processor.py:758} INFO - Processing file /home/airflow/.local/lib/python3.7/site-packages/airflow/example_dags/example_time_delta_sensor_async.py for tasks to queue
[2024-04-27T02:52:25.484+0000] {logging_mixin.py:117} INFO - [2024-04-27T02:52:25.484+0000] {dagbag.py:525} INFO - Filling up the DagBag from /home/airflow/.local/lib/python3.7/site-packages/airflow/example_dags/example_time_delta_sensor_async.py
[2024-04-27T02:52:25.500+0000] {processor.py:768} INFO - DAG(s) dict_keys(['example_time_delta_sensor_async']) retrieved from /home/airflow/.local/lib/python3.7/site-packages/airflow/example_dags/example_time_delta_sensor_async.py
[2024-04-27T02:52:25.853+0000] {logging_mixin.py:117} INFO - [2024-04-27T02:52:25.853+0000] {dag.py:2573} INFO - Sync 1 DAGs
[2024-04-27T02:52:25.883+0000] {logging_mixin.py:117} INFO - [2024-04-27T02:52:25.883+0000] {dag.py:3328} INFO - Setting next_dagrun for example_time_delta_sensor_async to None, run_after=None
[2024-04-27T02:52:25.908+0000] {processor.py:178} INFO - Processing /home/airflow/.local/lib/python3.7/site-packages/airflow/example_dags/example_time_delta_sensor_async.py took 0.429 seconds
[2024-04-27T02:52:56.102+0000] {processor.py:156} INFO - Started process (PID=12088) to work on /home/airflow/.local/lib/python3.7/site-packages/airflow/example_dags/example_time_delta_sensor_async.py
[2024-04-27T02:52:56.103+0000] {processor.py:758} INFO - Processing file /home/airflow/.local/lib/python3.7/site-packages/airflow/example_dags/example_time_delta_sensor_async.py for tasks to queue
[2024-04-27T02:52:56.104+0000] {logging_mixin.py:117} INFO - [2024-04-27T02:52:56.104+0000] {dagbag.py:525} INFO - Filling up the DagBag from /home/airflow/.local/lib/python3.7/site-packages/airflow/example_dags/example_time_delta_sensor_async.py
[2024-04-27T02:52:56.144+0000] {processor.py:768} INFO - DAG(s) dict_keys(['example_time_delta_sensor_async']) retrieved from /home/airflow/.local/lib/python3.7/site-packages/airflow/example_dags/example_time_delta_sensor_async.py
[2024-04-27T02:52:56.536+0000] {logging_mixin.py:117} INFO - [2024-04-27T02:52:56.536+0000] {dag.py:2573} INFO - Sync 1 DAGs
[2024-04-27T02:52:56.594+0000] {logging_mixin.py:117} INFO - [2024-04-27T02:52:56.594+0000] {dag.py:3328} INFO - Setting next_dagrun for example_time_delta_sensor_async to None, run_after=None
[2024-04-27T02:52:56.636+0000] {processor.py:178} INFO - Processing /home/airflow/.local/lib/python3.7/site-packages/airflow/example_dags/example_time_delta_sensor_async.py took 0.538 seconds
[2024-04-27T02:53:27.536+0000] {processor.py:156} INFO - Started process (PID=12301) to work on /home/airflow/.local/lib/python3.7/site-packages/airflow/example_dags/example_time_delta_sensor_async.py
[2024-04-27T02:53:27.536+0000] {processor.py:758} INFO - Processing file /home/airflow/.local/lib/python3.7/site-packages/airflow/example_dags/example_time_delta_sensor_async.py for tasks to queue
[2024-04-27T02:53:27.537+0000] {logging_mixin.py:117} INFO - [2024-04-27T02:53:27.537+0000] {dagbag.py:525} INFO - Filling up the DagBag from /home/airflow/.local/lib/python3.7/site-packages/airflow/example_dags/example_time_delta_sensor_async.py
[2024-04-27T02:53:27.553+0000] {processor.py:768} INFO - DAG(s) dict_keys(['example_time_delta_sensor_async']) retrieved from /home/airflow/.local/lib/python3.7/site-packages/airflow/example_dags/example_time_delta_sensor_async.py
[2024-04-27T02:53:27.807+0000] {logging_mixin.py:117} INFO - [2024-04-27T02:53:27.807+0000] {dag.py:2573} INFO - Sync 1 DAGs
[2024-04-27T02:53:27.839+0000] {logging_mixin.py:117} INFO - [2024-04-27T02:53:27.839+0000] {dag.py:3328} INFO - Setting next_dagrun for example_time_delta_sensor_async to None, run_after=None
[2024-04-27T02:53:27.866+0000] {processor.py:178} INFO - Processing /home/airflow/.local/lib/python3.7/site-packages/airflow/example_dags/example_time_delta_sensor_async.py took 0.333 seconds
[2024-04-27T02:53:58.486+0000] {processor.py:156} INFO - Started process (PID=12519) to work on /home/airflow/.local/lib/python3.7/site-packages/airflow/example_dags/example_time_delta_sensor_async.py
[2024-04-27T02:53:58.486+0000] {processor.py:758} INFO - Processing file /home/airflow/.local/lib/python3.7/site-packages/airflow/example_dags/example_time_delta_sensor_async.py for tasks to queue
[2024-04-27T02:53:58.487+0000] {logging_mixin.py:117} INFO - [2024-04-27T02:53:58.487+0000] {dagbag.py:525} INFO - Filling up the DagBag from /home/airflow/.local/lib/python3.7/site-packages/airflow/example_dags/example_time_delta_sensor_async.py
[2024-04-27T02:53:58.506+0000] {processor.py:768} INFO - DAG(s) dict_keys(['example_time_delta_sensor_async']) retrieved from /home/airflow/.local/lib/python3.7/site-packages/airflow/example_dags/example_time_delta_sensor_async.py
[2024-04-27T02:53:58.769+0000] {logging_mixin.py:117} INFO - [2024-04-27T02:53:58.769+0000] {dag.py:2573} INFO - Sync 1 DAGs
[2024-04-27T02:53:58.802+0000] {logging_mixin.py:117} INFO - [2024-04-27T02:53:58.801+0000] {dag.py:3328} INFO - Setting next_dagrun for example_time_delta_sensor_async to None, run_after=None
[2024-04-27T02:53:58.828+0000] {processor.py:178} INFO - Processing /home/airflow/.local/lib/python3.7/site-packages/airflow/example_dags/example_time_delta_sensor_async.py took 0.345 seconds
[2024-04-27T02:54:29.213+0000] {processor.py:156} INFO - Started process (PID=12740) to work on /home/airflow/.local/lib/python3.7/site-packages/airflow/example_dags/example_time_delta_sensor_async.py
[2024-04-27T02:54:29.221+0000] {processor.py:758} INFO - Processing file /home/airflow/.local/lib/python3.7/site-packages/airflow/example_dags/example_time_delta_sensor_async.py for tasks to queue
[2024-04-27T02:54:29.228+0000] {logging_mixin.py:117} INFO - [2024-04-27T02:54:29.228+0000] {dagbag.py:525} INFO - Filling up the DagBag from /home/airflow/.local/lib/python3.7/site-packages/airflow/example_dags/example_time_delta_sensor_async.py
[2024-04-27T02:54:29.299+0000] {processor.py:768} INFO - DAG(s) dict_keys(['example_time_delta_sensor_async']) retrieved from /home/airflow/.local/lib/python3.7/site-packages/airflow/example_dags/example_time_delta_sensor_async.py
[2024-04-27T02:54:29.717+0000] {logging_mixin.py:117} INFO - [2024-04-27T02:54:29.717+0000] {dag.py:2573} INFO - Sync 1 DAGs
[2024-04-27T02:54:29.748+0000] {logging_mixin.py:117} INFO - [2024-04-27T02:54:29.747+0000] {dag.py:3328} INFO - Setting next_dagrun for example_time_delta_sensor_async to None, run_after=None
[2024-04-27T02:54:29.779+0000] {processor.py:178} INFO - Processing /home/airflow/.local/lib/python3.7/site-packages/airflow/example_dags/example_time_delta_sensor_async.py took 0.593 seconds
[2024-04-27T02:55:00.622+0000] {processor.py:156} INFO - Started process (PID=12953) to work on /home/airflow/.local/lib/python3.7/site-packages/airflow/example_dags/example_time_delta_sensor_async.py
[2024-04-27T02:55:00.622+0000] {processor.py:758} INFO - Processing file /home/airflow/.local/lib/python3.7/site-packages/airflow/example_dags/example_time_delta_sensor_async.py for tasks to queue
[2024-04-27T02:55:00.623+0000] {logging_mixin.py:117} INFO - [2024-04-27T02:55:00.623+0000] {dagbag.py:525} INFO - Filling up the DagBag from /home/airflow/.local/lib/python3.7/site-packages/airflow/example_dags/example_time_delta_sensor_async.py
[2024-04-27T02:55:00.671+0000] {processor.py:768} INFO - DAG(s) dict_keys(['example_time_delta_sensor_async']) retrieved from /home/airflow/.local/lib/python3.7/site-packages/airflow/example_dags/example_time_delta_sensor_async.py
[2024-04-27T02:55:00.972+0000] {logging_mixin.py:117} INFO - [2024-04-27T02:55:00.972+0000] {dag.py:2573} INFO - Sync 1 DAGs
[2024-04-27T02:55:01.037+0000] {logging_mixin.py:117} INFO - [2024-04-27T02:55:01.037+0000] {dag.py:3328} INFO - Setting next_dagrun for example_time_delta_sensor_async to None, run_after=None
[2024-04-27T02:55:01.081+0000] {processor.py:178} INFO - Processing /home/airflow/.local/lib/python3.7/site-packages/airflow/example_dags/example_time_delta_sensor_async.py took 0.464 seconds
[2024-04-27T02:55:31.195+0000] {processor.py:156} INFO - Started process (PID=13172) to work on /home/airflow/.local/lib/python3.7/site-packages/airflow/example_dags/example_time_delta_sensor_async.py
[2024-04-27T02:55:31.196+0000] {processor.py:758} INFO - Processing file /home/airflow/.local/lib/python3.7/site-packages/airflow/example_dags/example_time_delta_sensor_async.py for tasks to queue
[2024-04-27T02:55:31.197+0000] {logging_mixin.py:117} INFO - [2024-04-27T02:55:31.197+0000] {dagbag.py:525} INFO - Filling up the DagBag from /home/airflow/.local/lib/python3.7/site-packages/airflow/example_dags/example_time_delta_sensor_async.py
[2024-04-27T02:55:31.212+0000] {processor.py:768} INFO - DAG(s) dict_keys(['example_time_delta_sensor_async']) retrieved from /home/airflow/.local/lib/python3.7/site-packages/airflow/example_dags/example_time_delta_sensor_async.py
[2024-04-27T02:55:31.497+0000] {logging_mixin.py:117} INFO - [2024-04-27T02:55:31.497+0000] {dag.py:2573} INFO - Sync 1 DAGs
[2024-04-27T02:55:31.525+0000] {logging_mixin.py:117} INFO - [2024-04-27T02:55:31.525+0000] {dag.py:3328} INFO - Setting next_dagrun for example_time_delta_sensor_async to None, run_after=None
[2024-04-27T02:55:31.550+0000] {processor.py:178} INFO - Processing /home/airflow/.local/lib/python3.7/site-packages/airflow/example_dags/example_time_delta_sensor_async.py took 0.359 seconds
[2024-04-27T02:56:01.821+0000] {processor.py:156} INFO - Started process (PID=13390) to work on /home/airflow/.local/lib/python3.7/site-packages/airflow/example_dags/example_time_delta_sensor_async.py
[2024-04-27T02:56:01.822+0000] {processor.py:758} INFO - Processing file /home/airflow/.local/lib/python3.7/site-packages/airflow/example_dags/example_time_delta_sensor_async.py for tasks to queue
[2024-04-27T02:56:01.823+0000] {logging_mixin.py:117} INFO - [2024-04-27T02:56:01.823+0000] {dagbag.py:525} INFO - Filling up the DagBag from /home/airflow/.local/lib/python3.7/site-packages/airflow/example_dags/example_time_delta_sensor_async.py
[2024-04-27T02:56:01.839+0000] {processor.py:768} INFO - DAG(s) dict_keys(['example_time_delta_sensor_async']) retrieved from /home/airflow/.local/lib/python3.7/site-packages/airflow/example_dags/example_time_delta_sensor_async.py
[2024-04-27T02:56:02.101+0000] {logging_mixin.py:117} INFO - [2024-04-27T02:56:02.100+0000] {dag.py:2573} INFO - Sync 1 DAGs
[2024-04-27T02:56:02.131+0000] {logging_mixin.py:117} INFO - [2024-04-27T02:56:02.131+0000] {dag.py:3328} INFO - Setting next_dagrun for example_time_delta_sensor_async to None, run_after=None
[2024-04-27T02:56:02.159+0000] {processor.py:178} INFO - Processing /home/airflow/.local/lib/python3.7/site-packages/airflow/example_dags/example_time_delta_sensor_async.py took 0.342 seconds
[2024-04-27T02:56:32.217+0000] {processor.py:156} INFO - Started process (PID=13603) to work on /home/airflow/.local/lib/python3.7/site-packages/airflow/example_dags/example_time_delta_sensor_async.py
[2024-04-27T02:56:32.218+0000] {processor.py:758} INFO - Processing file /home/airflow/.local/lib/python3.7/site-packages/airflow/example_dags/example_time_delta_sensor_async.py for tasks to queue
[2024-04-27T02:56:32.218+0000] {logging_mixin.py:117} INFO - [2024-04-27T02:56:32.218+0000] {dagbag.py:525} INFO - Filling up the DagBag from /home/airflow/.local/lib/python3.7/site-packages/airflow/example_dags/example_time_delta_sensor_async.py
[2024-04-27T02:56:32.234+0000] {processor.py:768} INFO - DAG(s) dict_keys(['example_time_delta_sensor_async']) retrieved from /home/airflow/.local/lib/python3.7/site-packages/airflow/example_dags/example_time_delta_sensor_async.py
[2024-04-27T02:56:32.491+0000] {logging_mixin.py:117} INFO - [2024-04-27T02:56:32.491+0000] {dag.py:2573} INFO - Sync 1 DAGs
[2024-04-27T02:56:32.521+0000] {logging_mixin.py:117} INFO - [2024-04-27T02:56:32.521+0000] {dag.py:3328} INFO - Setting next_dagrun for example_time_delta_sensor_async to None, run_after=None
[2024-04-27T02:56:32.545+0000] {processor.py:178} INFO - Processing /home/airflow/.local/lib/python3.7/site-packages/airflow/example_dags/example_time_delta_sensor_async.py took 0.332 seconds
[2024-04-27T02:57:02.855+0000] {processor.py:156} INFO - Started process (PID=13824) to work on /home/airflow/.local/lib/python3.7/site-packages/airflow/example_dags/example_time_delta_sensor_async.py
[2024-04-27T02:57:02.856+0000] {processor.py:758} INFO - Processing file /home/airflow/.local/lib/python3.7/site-packages/airflow/example_dags/example_time_delta_sensor_async.py for tasks to queue
[2024-04-27T02:57:02.857+0000] {logging_mixin.py:117} INFO - [2024-04-27T02:57:02.857+0000] {dagbag.py:525} INFO - Filling up the DagBag from /home/airflow/.local/lib/python3.7/site-packages/airflow/example_dags/example_time_delta_sensor_async.py
[2024-04-27T02:57:02.873+0000] {processor.py:768} INFO - DAG(s) dict_keys(['example_time_delta_sensor_async']) retrieved from /home/airflow/.local/lib/python3.7/site-packages/airflow/example_dags/example_time_delta_sensor_async.py
[2024-04-27T02:57:03.085+0000] {logging_mixin.py:117} INFO - [2024-04-27T02:57:03.085+0000] {dag.py:2573} INFO - Sync 1 DAGs
[2024-04-27T02:57:03.105+0000] {logging_mixin.py:117} INFO - [2024-04-27T02:57:03.105+0000] {dag.py:3328} INFO - Setting next_dagrun for example_time_delta_sensor_async to None, run_after=None
[2024-04-27T02:57:03.125+0000] {processor.py:178} INFO - Processing /home/airflow/.local/lib/python3.7/site-packages/airflow/example_dags/example_time_delta_sensor_async.py took 0.273 seconds
[2024-04-27T02:57:33.473+0000] {processor.py:156} INFO - Started process (PID=14044) to work on /home/airflow/.local/lib/python3.7/site-packages/airflow/example_dags/example_time_delta_sensor_async.py
[2024-04-27T02:57:33.474+0000] {processor.py:758} INFO - Processing file /home/airflow/.local/lib/python3.7/site-packages/airflow/example_dags/example_time_delta_sensor_async.py for tasks to queue
[2024-04-27T02:57:33.474+0000] {logging_mixin.py:117} INFO - [2024-04-27T02:57:33.474+0000] {dagbag.py:525} INFO - Filling up the DagBag from /home/airflow/.local/lib/python3.7/site-packages/airflow/example_dags/example_time_delta_sensor_async.py
[2024-04-27T02:57:33.490+0000] {processor.py:768} INFO - DAG(s) dict_keys(['example_time_delta_sensor_async']) retrieved from /home/airflow/.local/lib/python3.7/site-packages/airflow/example_dags/example_time_delta_sensor_async.py
[2024-04-27T02:57:33.751+0000] {logging_mixin.py:117} INFO - [2024-04-27T02:57:33.751+0000] {dag.py:2573} INFO - Sync 1 DAGs
[2024-04-27T02:57:33.781+0000] {logging_mixin.py:117} INFO - [2024-04-27T02:57:33.781+0000] {dag.py:3328} INFO - Setting next_dagrun for example_time_delta_sensor_async to None, run_after=None
[2024-04-27T02:57:33.803+0000] {processor.py:178} INFO - Processing /home/airflow/.local/lib/python3.7/site-packages/airflow/example_dags/example_time_delta_sensor_async.py took 0.335 seconds
[2024-04-27T03:11:36.679+0000] {processor.py:156} INFO - Started process (PID=227) to work on /home/airflow/.local/lib/python3.7/site-packages/airflow/example_dags/example_time_delta_sensor_async.py
[2024-04-27T03:11:36.683+0000] {processor.py:758} INFO - Processing file /home/airflow/.local/lib/python3.7/site-packages/airflow/example_dags/example_time_delta_sensor_async.py for tasks to queue
[2024-04-27T03:11:36.684+0000] {logging_mixin.py:117} INFO - [2024-04-27T03:11:36.684+0000] {dagbag.py:525} INFO - Filling up the DagBag from /home/airflow/.local/lib/python3.7/site-packages/airflow/example_dags/example_time_delta_sensor_async.py
[2024-04-27T03:11:36.731+0000] {processor.py:768} INFO - DAG(s) dict_keys(['example_time_delta_sensor_async']) retrieved from /home/airflow/.local/lib/python3.7/site-packages/airflow/example_dags/example_time_delta_sensor_async.py
[2024-04-27T03:11:37.398+0000] {logging_mixin.py:117} INFO - [2024-04-27T03:11:37.398+0000] {dag.py:2573} INFO - Sync 1 DAGs
[2024-04-27T03:11:37.469+0000] {logging_mixin.py:117} INFO - [2024-04-27T03:11:37.469+0000] {dag.py:3328} INFO - Setting next_dagrun for example_time_delta_sensor_async to None, run_after=None
[2024-04-27T03:11:37.500+0000] {processor.py:178} INFO - Processing /home/airflow/.local/lib/python3.7/site-packages/airflow/example_dags/example_time_delta_sensor_async.py took 0.824 seconds
