[2024-04-27T02:24:36.374+0000] {processor.py:156} INFO - Started process (PID=296) to work on /home/airflow/.local/lib/python3.7/site-packages/airflow/example_dags/tutorial_taskflow_api.py
[2024-04-27T02:24:36.374+0000] {processor.py:758} INFO - Processing file /home/airflow/.local/lib/python3.7/site-packages/airflow/example_dags/tutorial_taskflow_api.py for tasks to queue
[2024-04-27T02:24:36.375+0000] {logging_mixin.py:117} INFO - [2024-04-27T02:24:36.375+0000] {dagbag.py:525} INFO - Filling up the DagBag from /home/airflow/.local/lib/python3.7/site-packages/airflow/example_dags/tutorial_taskflow_api.py
[2024-04-27T02:24:36.449+0000] {processor.py:768} INFO - DAG(s) dict_keys(['tutorial_taskflow_api']) retrieved from /home/airflow/.local/lib/python3.7/site-packages/airflow/example_dags/tutorial_taskflow_api.py
[2024-04-27T02:24:36.585+0000] {logging_mixin.py:117} INFO - [2024-04-27T02:24:36.585+0000] {dag.py:2573} INFO - Sync 1 DAGs
[2024-04-27T02:24:36.681+0000] {logging_mixin.py:117} INFO - [2024-04-27T02:24:36.681+0000] {dag.py:3328} INFO - Setting next_dagrun for tutorial_taskflow_api to None, run_after=None
[2024-04-27T02:24:36.736+0000] {processor.py:178} INFO - Processing /home/airflow/.local/lib/python3.7/site-packages/airflow/example_dags/tutorial_taskflow_api.py took 0.366 seconds
[2024-04-27T02:25:07.294+0000] {processor.py:156} INFO - Started process (PID=517) to work on /home/airflow/.local/lib/python3.7/site-packages/airflow/example_dags/tutorial_taskflow_api.py
[2024-04-27T02:25:07.295+0000] {processor.py:758} INFO - Processing file /home/airflow/.local/lib/python3.7/site-packages/airflow/example_dags/tutorial_taskflow_api.py for tasks to queue
[2024-04-27T02:25:07.295+0000] {logging_mixin.py:117} INFO - [2024-04-27T02:25:07.295+0000] {dagbag.py:525} INFO - Filling up the DagBag from /home/airflow/.local/lib/python3.7/site-packages/airflow/example_dags/tutorial_taskflow_api.py
[2024-04-27T02:25:07.315+0000] {processor.py:768} INFO - DAG(s) dict_keys(['tutorial_taskflow_api']) retrieved from /home/airflow/.local/lib/python3.7/site-packages/airflow/example_dags/tutorial_taskflow_api.py
[2024-04-27T02:25:07.347+0000] {logging_mixin.py:117} INFO - [2024-04-27T02:25:07.347+0000] {dag.py:2573} INFO - Sync 1 DAGs
[2024-04-27T02:25:07.367+0000] {logging_mixin.py:117} INFO - [2024-04-27T02:25:07.367+0000] {dag.py:3328} INFO - Setting next_dagrun for tutorial_taskflow_api to None, run_after=None
[2024-04-27T02:25:07.389+0000] {processor.py:178} INFO - Processing /home/airflow/.local/lib/python3.7/site-packages/airflow/example_dags/tutorial_taskflow_api.py took 0.097 seconds
[2024-04-27T02:25:37.624+0000] {processor.py:156} INFO - Started process (PID=726) to work on /home/airflow/.local/lib/python3.7/site-packages/airflow/example_dags/tutorial_taskflow_api.py
[2024-04-27T02:25:37.625+0000] {processor.py:758} INFO - Processing file /home/airflow/.local/lib/python3.7/site-packages/airflow/example_dags/tutorial_taskflow_api.py for tasks to queue
[2024-04-27T02:25:37.626+0000] {logging_mixin.py:117} INFO - [2024-04-27T02:25:37.625+0000] {dagbag.py:525} INFO - Filling up the DagBag from /home/airflow/.local/lib/python3.7/site-packages/airflow/example_dags/tutorial_taskflow_api.py
[2024-04-27T02:25:37.666+0000] {processor.py:768} INFO - DAG(s) dict_keys(['tutorial_taskflow_api']) retrieved from /home/airflow/.local/lib/python3.7/site-packages/airflow/example_dags/tutorial_taskflow_api.py
[2024-04-27T02:25:37.740+0000] {logging_mixin.py:117} INFO - [2024-04-27T02:25:37.740+0000] {dag.py:2573} INFO - Sync 1 DAGs
[2024-04-27T02:25:37.771+0000] {logging_mixin.py:117} INFO - [2024-04-27T02:25:37.771+0000] {dag.py:3328} INFO - Setting next_dagrun for tutorial_taskflow_api to None, run_after=None
[2024-04-27T02:25:37.815+0000] {processor.py:178} INFO - Processing /home/airflow/.local/lib/python3.7/site-packages/airflow/example_dags/tutorial_taskflow_api.py took 0.194 seconds
[2024-04-27T02:26:08.424+0000] {processor.py:156} INFO - Started process (PID=943) to work on /home/airflow/.local/lib/python3.7/site-packages/airflow/example_dags/tutorial_taskflow_api.py
[2024-04-27T02:26:08.425+0000] {processor.py:758} INFO - Processing file /home/airflow/.local/lib/python3.7/site-packages/airflow/example_dags/tutorial_taskflow_api.py for tasks to queue
[2024-04-27T02:26:08.426+0000] {logging_mixin.py:117} INFO - [2024-04-27T02:26:08.426+0000] {dagbag.py:525} INFO - Filling up the DagBag from /home/airflow/.local/lib/python3.7/site-packages/airflow/example_dags/tutorial_taskflow_api.py
[2024-04-27T02:26:08.457+0000] {processor.py:768} INFO - DAG(s) dict_keys(['tutorial_taskflow_api']) retrieved from /home/airflow/.local/lib/python3.7/site-packages/airflow/example_dags/tutorial_taskflow_api.py
[2024-04-27T02:26:08.508+0000] {logging_mixin.py:117} INFO - [2024-04-27T02:26:08.508+0000] {dag.py:2573} INFO - Sync 1 DAGs
[2024-04-27T02:26:08.536+0000] {logging_mixin.py:117} INFO - [2024-04-27T02:26:08.536+0000] {dag.py:3328} INFO - Setting next_dagrun for tutorial_taskflow_api to None, run_after=None
[2024-04-27T02:26:08.561+0000] {processor.py:178} INFO - Processing /home/airflow/.local/lib/python3.7/site-packages/airflow/example_dags/tutorial_taskflow_api.py took 0.141 seconds
[2024-04-27T02:26:39.256+0000] {processor.py:156} INFO - Started process (PID=1162) to work on /home/airflow/.local/lib/python3.7/site-packages/airflow/example_dags/tutorial_taskflow_api.py
[2024-04-27T02:26:39.256+0000] {processor.py:758} INFO - Processing file /home/airflow/.local/lib/python3.7/site-packages/airflow/example_dags/tutorial_taskflow_api.py for tasks to queue
[2024-04-27T02:26:39.257+0000] {logging_mixin.py:117} INFO - [2024-04-27T02:26:39.257+0000] {dagbag.py:525} INFO - Filling up the DagBag from /home/airflow/.local/lib/python3.7/site-packages/airflow/example_dags/tutorial_taskflow_api.py
[2024-04-27T02:26:39.285+0000] {processor.py:768} INFO - DAG(s) dict_keys(['tutorial_taskflow_api']) retrieved from /home/airflow/.local/lib/python3.7/site-packages/airflow/example_dags/tutorial_taskflow_api.py
[2024-04-27T02:26:39.332+0000] {logging_mixin.py:117} INFO - [2024-04-27T02:26:39.332+0000] {dag.py:2573} INFO - Sync 1 DAGs
[2024-04-27T02:26:39.360+0000] {logging_mixin.py:117} INFO - [2024-04-27T02:26:39.359+0000] {dag.py:3328} INFO - Setting next_dagrun for tutorial_taskflow_api to None, run_after=None
[2024-04-27T02:26:39.536+0000] {processor.py:178} INFO - Processing /home/airflow/.local/lib/python3.7/site-packages/airflow/example_dags/tutorial_taskflow_api.py took 0.283 seconds
[2024-04-27T02:27:11.647+0000] {processor.py:156} INFO - Started process (PID=1382) to work on /home/airflow/.local/lib/python3.7/site-packages/airflow/example_dags/tutorial_taskflow_api.py
[2024-04-27T02:27:11.647+0000] {processor.py:758} INFO - Processing file /home/airflow/.local/lib/python3.7/site-packages/airflow/example_dags/tutorial_taskflow_api.py for tasks to queue
[2024-04-27T02:27:11.648+0000] {logging_mixin.py:117} INFO - [2024-04-27T02:27:11.648+0000] {dagbag.py:525} INFO - Filling up the DagBag from /home/airflow/.local/lib/python3.7/site-packages/airflow/example_dags/tutorial_taskflow_api.py
[2024-04-27T02:27:11.678+0000] {processor.py:768} INFO - DAG(s) dict_keys(['tutorial_taskflow_api']) retrieved from /home/airflow/.local/lib/python3.7/site-packages/airflow/example_dags/tutorial_taskflow_api.py
[2024-04-27T02:27:11.768+0000] {logging_mixin.py:117} INFO - [2024-04-27T02:27:11.768+0000] {dag.py:2573} INFO - Sync 1 DAGs
[2024-04-27T02:27:11.958+0000] {logging_mixin.py:117} INFO - [2024-04-27T02:27:11.958+0000] {dag.py:3328} INFO - Setting next_dagrun for tutorial_taskflow_api to None, run_after=None
[2024-04-27T02:27:11.981+0000] {processor.py:178} INFO - Processing /home/airflow/.local/lib/python3.7/site-packages/airflow/example_dags/tutorial_taskflow_api.py took 0.337 seconds
[2024-04-27T02:27:42.284+0000] {processor.py:156} INFO - Started process (PID=1591) to work on /home/airflow/.local/lib/python3.7/site-packages/airflow/example_dags/tutorial_taskflow_api.py
[2024-04-27T02:27:42.285+0000] {processor.py:758} INFO - Processing file /home/airflow/.local/lib/python3.7/site-packages/airflow/example_dags/tutorial_taskflow_api.py for tasks to queue
[2024-04-27T02:27:42.286+0000] {logging_mixin.py:117} INFO - [2024-04-27T02:27:42.286+0000] {dagbag.py:525} INFO - Filling up the DagBag from /home/airflow/.local/lib/python3.7/site-packages/airflow/example_dags/tutorial_taskflow_api.py
[2024-04-27T02:27:42.347+0000] {processor.py:768} INFO - DAG(s) dict_keys(['tutorial_taskflow_api']) retrieved from /home/airflow/.local/lib/python3.7/site-packages/airflow/example_dags/tutorial_taskflow_api.py
[2024-04-27T02:27:42.538+0000] {logging_mixin.py:117} INFO - [2024-04-27T02:27:42.538+0000] {dag.py:2573} INFO - Sync 1 DAGs
[2024-04-27T02:27:42.567+0000] {logging_mixin.py:117} INFO - [2024-04-27T02:27:42.566+0000] {dag.py:3328} INFO - Setting next_dagrun for tutorial_taskflow_api to None, run_after=None
[2024-04-27T02:27:42.593+0000] {processor.py:178} INFO - Processing /home/airflow/.local/lib/python3.7/site-packages/airflow/example_dags/tutorial_taskflow_api.py took 0.311 seconds
[2024-04-27T02:28:13.216+0000] {processor.py:156} INFO - Started process (PID=1805) to work on /home/airflow/.local/lib/python3.7/site-packages/airflow/example_dags/tutorial_taskflow_api.py
[2024-04-27T02:28:13.217+0000] {processor.py:758} INFO - Processing file /home/airflow/.local/lib/python3.7/site-packages/airflow/example_dags/tutorial_taskflow_api.py for tasks to queue
[2024-04-27T02:28:13.218+0000] {logging_mixin.py:117} INFO - [2024-04-27T02:28:13.218+0000] {dagbag.py:525} INFO - Filling up the DagBag from /home/airflow/.local/lib/python3.7/site-packages/airflow/example_dags/tutorial_taskflow_api.py
[2024-04-27T02:28:13.247+0000] {processor.py:768} INFO - DAG(s) dict_keys(['tutorial_taskflow_api']) retrieved from /home/airflow/.local/lib/python3.7/site-packages/airflow/example_dags/tutorial_taskflow_api.py
[2024-04-27T02:28:13.446+0000] {logging_mixin.py:117} INFO - [2024-04-27T02:28:13.446+0000] {dag.py:2573} INFO - Sync 1 DAGs
[2024-04-27T02:28:13.474+0000] {logging_mixin.py:117} INFO - [2024-04-27T02:28:13.474+0000] {dag.py:3328} INFO - Setting next_dagrun for tutorial_taskflow_api to None, run_after=None
[2024-04-27T02:28:13.498+0000] {processor.py:178} INFO - Processing /home/airflow/.local/lib/python3.7/site-packages/airflow/example_dags/tutorial_taskflow_api.py took 0.286 seconds
[2024-04-27T02:28:44.166+0000] {processor.py:156} INFO - Started process (PID=2023) to work on /home/airflow/.local/lib/python3.7/site-packages/airflow/example_dags/tutorial_taskflow_api.py
[2024-04-27T02:28:44.167+0000] {processor.py:758} INFO - Processing file /home/airflow/.local/lib/python3.7/site-packages/airflow/example_dags/tutorial_taskflow_api.py for tasks to queue
[2024-04-27T02:28:44.168+0000] {logging_mixin.py:117} INFO - [2024-04-27T02:28:44.168+0000] {dagbag.py:525} INFO - Filling up the DagBag from /home/airflow/.local/lib/python3.7/site-packages/airflow/example_dags/tutorial_taskflow_api.py
[2024-04-27T02:28:44.346+0000] {processor.py:768} INFO - DAG(s) dict_keys(['tutorial_taskflow_api']) retrieved from /home/airflow/.local/lib/python3.7/site-packages/airflow/example_dags/tutorial_taskflow_api.py
[2024-04-27T02:28:44.384+0000] {logging_mixin.py:117} INFO - [2024-04-27T02:28:44.384+0000] {dag.py:2573} INFO - Sync 1 DAGs
[2024-04-27T02:28:44.411+0000] {logging_mixin.py:117} INFO - [2024-04-27T02:28:44.410+0000] {dag.py:3328} INFO - Setting next_dagrun for tutorial_taskflow_api to None, run_after=None
[2024-04-27T02:28:44.437+0000] {processor.py:178} INFO - Processing /home/airflow/.local/lib/python3.7/site-packages/airflow/example_dags/tutorial_taskflow_api.py took 0.274 seconds
[2024-04-27T02:29:14.616+0000] {processor.py:156} INFO - Started process (PID=2233) to work on /home/airflow/.local/lib/python3.7/site-packages/airflow/example_dags/tutorial_taskflow_api.py
[2024-04-27T02:29:14.616+0000] {processor.py:758} INFO - Processing file /home/airflow/.local/lib/python3.7/site-packages/airflow/example_dags/tutorial_taskflow_api.py for tasks to queue
[2024-04-27T02:29:14.617+0000] {logging_mixin.py:117} INFO - [2024-04-27T02:29:14.617+0000] {dagbag.py:525} INFO - Filling up the DagBag from /home/airflow/.local/lib/python3.7/site-packages/airflow/example_dags/tutorial_taskflow_api.py
[2024-04-27T02:29:14.635+0000] {processor.py:768} INFO - DAG(s) dict_keys(['tutorial_taskflow_api']) retrieved from /home/airflow/.local/lib/python3.7/site-packages/airflow/example_dags/tutorial_taskflow_api.py
[2024-04-27T02:29:14.667+0000] {logging_mixin.py:117} INFO - [2024-04-27T02:29:14.666+0000] {dag.py:2573} INFO - Sync 1 DAGs
[2024-04-27T02:29:14.794+0000] {logging_mixin.py:117} INFO - [2024-04-27T02:29:14.793+0000] {dag.py:3328} INFO - Setting next_dagrun for tutorial_taskflow_api to None, run_after=None
[2024-04-27T02:29:14.814+0000] {processor.py:178} INFO - Processing /home/airflow/.local/lib/python3.7/site-packages/airflow/example_dags/tutorial_taskflow_api.py took 0.201 seconds
[2024-04-27T02:29:46.531+0000] {processor.py:156} INFO - Started process (PID=2449) to work on /home/airflow/.local/lib/python3.7/site-packages/airflow/example_dags/tutorial_taskflow_api.py
[2024-04-27T02:29:46.532+0000] {processor.py:758} INFO - Processing file /home/airflow/.local/lib/python3.7/site-packages/airflow/example_dags/tutorial_taskflow_api.py for tasks to queue
[2024-04-27T02:29:46.533+0000] {logging_mixin.py:117} INFO - [2024-04-27T02:29:46.533+0000] {dagbag.py:525} INFO - Filling up the DagBag from /home/airflow/.local/lib/python3.7/site-packages/airflow/example_dags/tutorial_taskflow_api.py
[2024-04-27T02:29:46.559+0000] {processor.py:768} INFO - DAG(s) dict_keys(['tutorial_taskflow_api']) retrieved from /home/airflow/.local/lib/python3.7/site-packages/airflow/example_dags/tutorial_taskflow_api.py
[2024-04-27T02:29:46.749+0000] {logging_mixin.py:117} INFO - [2024-04-27T02:29:46.748+0000] {dag.py:2573} INFO - Sync 1 DAGs
[2024-04-27T02:29:46.774+0000] {logging_mixin.py:117} INFO - [2024-04-27T02:29:46.774+0000] {dag.py:3328} INFO - Setting next_dagrun for tutorial_taskflow_api to None, run_after=None
[2024-04-27T02:29:46.798+0000] {processor.py:178} INFO - Processing /home/airflow/.local/lib/python3.7/site-packages/airflow/example_dags/tutorial_taskflow_api.py took 0.270 seconds
[2024-04-27T02:30:18.070+0000] {processor.py:156} INFO - Started process (PID=2665) to work on /home/airflow/.local/lib/python3.7/site-packages/airflow/example_dags/tutorial_taskflow_api.py
[2024-04-27T02:30:18.071+0000] {processor.py:758} INFO - Processing file /home/airflow/.local/lib/python3.7/site-packages/airflow/example_dags/tutorial_taskflow_api.py for tasks to queue
[2024-04-27T02:30:18.071+0000] {logging_mixin.py:117} INFO - [2024-04-27T02:30:18.071+0000] {dagbag.py:525} INFO - Filling up the DagBag from /home/airflow/.local/lib/python3.7/site-packages/airflow/example_dags/tutorial_taskflow_api.py
[2024-04-27T02:30:18.098+0000] {processor.py:768} INFO - DAG(s) dict_keys(['tutorial_taskflow_api']) retrieved from /home/airflow/.local/lib/python3.7/site-packages/airflow/example_dags/tutorial_taskflow_api.py
[2024-04-27T02:30:18.288+0000] {logging_mixin.py:117} INFO - [2024-04-27T02:30:18.288+0000] {dag.py:2573} INFO - Sync 1 DAGs
[2024-04-27T02:30:18.315+0000] {logging_mixin.py:117} INFO - [2024-04-27T02:30:18.315+0000] {dag.py:3328} INFO - Setting next_dagrun for tutorial_taskflow_api to None, run_after=None
[2024-04-27T02:30:18.339+0000] {processor.py:178} INFO - Processing /home/airflow/.local/lib/python3.7/site-packages/airflow/example_dags/tutorial_taskflow_api.py took 0.272 seconds
[2024-04-27T02:30:52.120+0000] {processor.py:156} INFO - Started process (PID=2885) to work on /home/airflow/.local/lib/python3.7/site-packages/airflow/example_dags/tutorial_taskflow_api.py
[2024-04-27T02:30:52.128+0000] {processor.py:758} INFO - Processing file /home/airflow/.local/lib/python3.7/site-packages/airflow/example_dags/tutorial_taskflow_api.py for tasks to queue
[2024-04-27T02:30:52.129+0000] {logging_mixin.py:117} INFO - [2024-04-27T02:30:52.129+0000] {dagbag.py:525} INFO - Filling up the DagBag from /home/airflow/.local/lib/python3.7/site-packages/airflow/example_dags/tutorial_taskflow_api.py
[2024-04-27T02:30:52.576+0000] {processor.py:768} INFO - DAG(s) dict_keys(['tutorial_taskflow_api']) retrieved from /home/airflow/.local/lib/python3.7/site-packages/airflow/example_dags/tutorial_taskflow_api.py
[2024-04-27T02:30:52.681+0000] {logging_mixin.py:117} INFO - [2024-04-27T02:30:52.681+0000] {dag.py:2573} INFO - Sync 1 DAGs
[2024-04-27T02:30:52.716+0000] {logging_mixin.py:117} INFO - [2024-04-27T02:30:52.716+0000] {dag.py:3328} INFO - Setting next_dagrun for tutorial_taskflow_api to None, run_after=None
[2024-04-27T02:30:52.810+0000] {processor.py:178} INFO - Processing /home/airflow/.local/lib/python3.7/site-packages/airflow/example_dags/tutorial_taskflow_api.py took 0.696 seconds
[2024-04-27T02:31:23.164+0000] {processor.py:156} INFO - Started process (PID=3095) to work on /home/airflow/.local/lib/python3.7/site-packages/airflow/example_dags/tutorial_taskflow_api.py
[2024-04-27T02:31:23.165+0000] {processor.py:758} INFO - Processing file /home/airflow/.local/lib/python3.7/site-packages/airflow/example_dags/tutorial_taskflow_api.py for tasks to queue
[2024-04-27T02:31:23.166+0000] {logging_mixin.py:117} INFO - [2024-04-27T02:31:23.166+0000] {dagbag.py:525} INFO - Filling up the DagBag from /home/airflow/.local/lib/python3.7/site-packages/airflow/example_dags/tutorial_taskflow_api.py
[2024-04-27T02:31:23.223+0000] {processor.py:768} INFO - DAG(s) dict_keys(['tutorial_taskflow_api']) retrieved from /home/airflow/.local/lib/python3.7/site-packages/airflow/example_dags/tutorial_taskflow_api.py
[2024-04-27T02:31:23.304+0000] {logging_mixin.py:117} INFO - [2024-04-27T02:31:23.304+0000] {dag.py:2573} INFO - Sync 1 DAGs
[2024-04-27T02:31:23.684+0000] {logging_mixin.py:117} INFO - [2024-04-27T02:31:23.684+0000] {dag.py:3328} INFO - Setting next_dagrun for tutorial_taskflow_api to None, run_after=None
[2024-04-27T02:31:23.721+0000] {processor.py:178} INFO - Processing /home/airflow/.local/lib/python3.7/site-packages/airflow/example_dags/tutorial_taskflow_api.py took 0.561 seconds
[2024-04-27T02:31:53.935+0000] {processor.py:156} INFO - Started process (PID=3314) to work on /home/airflow/.local/lib/python3.7/site-packages/airflow/example_dags/tutorial_taskflow_api.py
[2024-04-27T02:31:53.935+0000] {processor.py:758} INFO - Processing file /home/airflow/.local/lib/python3.7/site-packages/airflow/example_dags/tutorial_taskflow_api.py for tasks to queue
[2024-04-27T02:31:53.936+0000] {logging_mixin.py:117} INFO - [2024-04-27T02:31:53.936+0000] {dagbag.py:525} INFO - Filling up the DagBag from /home/airflow/.local/lib/python3.7/site-packages/airflow/example_dags/tutorial_taskflow_api.py
[2024-04-27T02:31:53.963+0000] {processor.py:768} INFO - DAG(s) dict_keys(['tutorial_taskflow_api']) retrieved from /home/airflow/.local/lib/python3.7/site-packages/airflow/example_dags/tutorial_taskflow_api.py
[2024-04-27T02:31:54.151+0000] {logging_mixin.py:117} INFO - [2024-04-27T02:31:54.151+0000] {dag.py:2573} INFO - Sync 1 DAGs
[2024-04-27T02:31:54.180+0000] {logging_mixin.py:117} INFO - [2024-04-27T02:31:54.180+0000] {dag.py:3328} INFO - Setting next_dagrun for tutorial_taskflow_api to None, run_after=None
[2024-04-27T02:31:54.204+0000] {processor.py:178} INFO - Processing /home/airflow/.local/lib/python3.7/site-packages/airflow/example_dags/tutorial_taskflow_api.py took 0.273 seconds
[2024-04-27T02:32:24.970+0000] {processor.py:156} INFO - Started process (PID=3532) to work on /home/airflow/.local/lib/python3.7/site-packages/airflow/example_dags/tutorial_taskflow_api.py
[2024-04-27T02:32:24.971+0000] {processor.py:758} INFO - Processing file /home/airflow/.local/lib/python3.7/site-packages/airflow/example_dags/tutorial_taskflow_api.py for tasks to queue
[2024-04-27T02:32:24.972+0000] {logging_mixin.py:117} INFO - [2024-04-27T02:32:24.972+0000] {dagbag.py:525} INFO - Filling up the DagBag from /home/airflow/.local/lib/python3.7/site-packages/airflow/example_dags/tutorial_taskflow_api.py
[2024-04-27T02:32:24.999+0000] {processor.py:768} INFO - DAG(s) dict_keys(['tutorial_taskflow_api']) retrieved from /home/airflow/.local/lib/python3.7/site-packages/airflow/example_dags/tutorial_taskflow_api.py
[2024-04-27T02:32:25.185+0000] {logging_mixin.py:117} INFO - [2024-04-27T02:32:25.184+0000] {dag.py:2573} INFO - Sync 1 DAGs
[2024-04-27T02:32:25.218+0000] {logging_mixin.py:117} INFO - [2024-04-27T02:32:25.218+0000] {dag.py:3328} INFO - Setting next_dagrun for tutorial_taskflow_api to None, run_after=None
[2024-04-27T02:32:25.241+0000] {processor.py:178} INFO - Processing /home/airflow/.local/lib/python3.7/site-packages/airflow/example_dags/tutorial_taskflow_api.py took 0.275 seconds
[2024-04-27T02:32:55.510+0000] {processor.py:156} INFO - Started process (PID=3742) to work on /home/airflow/.local/lib/python3.7/site-packages/airflow/example_dags/tutorial_taskflow_api.py
[2024-04-27T02:32:55.511+0000] {processor.py:758} INFO - Processing file /home/airflow/.local/lib/python3.7/site-packages/airflow/example_dags/tutorial_taskflow_api.py for tasks to queue
[2024-04-27T02:32:55.511+0000] {logging_mixin.py:117} INFO - [2024-04-27T02:32:55.511+0000] {dagbag.py:525} INFO - Filling up the DagBag from /home/airflow/.local/lib/python3.7/site-packages/airflow/example_dags/tutorial_taskflow_api.py
[2024-04-27T02:32:55.539+0000] {processor.py:768} INFO - DAG(s) dict_keys(['tutorial_taskflow_api']) retrieved from /home/airflow/.local/lib/python3.7/site-packages/airflow/example_dags/tutorial_taskflow_api.py
[2024-04-27T02:32:55.727+0000] {logging_mixin.py:117} INFO - [2024-04-27T02:32:55.727+0000] {dag.py:2573} INFO - Sync 1 DAGs
[2024-04-27T02:32:55.757+0000] {logging_mixin.py:117} INFO - [2024-04-27T02:32:55.756+0000] {dag.py:3328} INFO - Setting next_dagrun for tutorial_taskflow_api to None, run_after=None
[2024-04-27T02:32:55.782+0000] {processor.py:178} INFO - Processing /home/airflow/.local/lib/python3.7/site-packages/airflow/example_dags/tutorial_taskflow_api.py took 0.275 seconds
[2024-04-27T02:33:25.856+0000] {processor.py:156} INFO - Started process (PID=3961) to work on /home/airflow/.local/lib/python3.7/site-packages/airflow/example_dags/tutorial_taskflow_api.py
[2024-04-27T02:33:25.857+0000] {processor.py:758} INFO - Processing file /home/airflow/.local/lib/python3.7/site-packages/airflow/example_dags/tutorial_taskflow_api.py for tasks to queue
[2024-04-27T02:33:25.857+0000] {logging_mixin.py:117} INFO - [2024-04-27T02:33:25.857+0000] {dagbag.py:525} INFO - Filling up the DagBag from /home/airflow/.local/lib/python3.7/site-packages/airflow/example_dags/tutorial_taskflow_api.py
[2024-04-27T02:33:26.030+0000] {processor.py:768} INFO - DAG(s) dict_keys(['tutorial_taskflow_api']) retrieved from /home/airflow/.local/lib/python3.7/site-packages/airflow/example_dags/tutorial_taskflow_api.py
[2024-04-27T02:33:26.071+0000] {logging_mixin.py:117} INFO - [2024-04-27T02:33:26.071+0000] {dag.py:2573} INFO - Sync 1 DAGs
[2024-04-27T02:33:26.102+0000] {logging_mixin.py:117} INFO - [2024-04-27T02:33:26.102+0000] {dag.py:3328} INFO - Setting next_dagrun for tutorial_taskflow_api to None, run_after=None
[2024-04-27T02:33:26.125+0000] {processor.py:178} INFO - Processing /home/airflow/.local/lib/python3.7/site-packages/airflow/example_dags/tutorial_taskflow_api.py took 0.272 seconds
[2024-04-27T02:33:57.028+0000] {processor.py:156} INFO - Started process (PID=4168) to work on /home/airflow/.local/lib/python3.7/site-packages/airflow/example_dags/tutorial_taskflow_api.py
[2024-04-27T02:33:57.032+0000] {processor.py:758} INFO - Processing file /home/airflow/.local/lib/python3.7/site-packages/airflow/example_dags/tutorial_taskflow_api.py for tasks to queue
[2024-04-27T02:33:57.033+0000] {logging_mixin.py:117} INFO - [2024-04-27T02:33:57.033+0000] {dagbag.py:525} INFO - Filling up the DagBag from /home/airflow/.local/lib/python3.7/site-packages/airflow/example_dags/tutorial_taskflow_api.py
[2024-04-27T02:33:57.116+0000] {processor.py:768} INFO - DAG(s) dict_keys(['tutorial_taskflow_api']) retrieved from /home/airflow/.local/lib/python3.7/site-packages/airflow/example_dags/tutorial_taskflow_api.py
[2024-04-27T02:33:57.234+0000] {logging_mixin.py:117} INFO - [2024-04-27T02:33:57.234+0000] {dag.py:2573} INFO - Sync 1 DAGs
[2024-04-27T02:33:57.632+0000] {logging_mixin.py:117} INFO - [2024-04-27T02:33:57.632+0000] {dag.py:3328} INFO - Setting next_dagrun for tutorial_taskflow_api to None, run_after=None
[2024-04-27T02:33:57.675+0000] {processor.py:178} INFO - Processing /home/airflow/.local/lib/python3.7/site-packages/airflow/example_dags/tutorial_taskflow_api.py took 0.658 seconds
[2024-04-27T02:34:28.427+0000] {processor.py:156} INFO - Started process (PID=4386) to work on /home/airflow/.local/lib/python3.7/site-packages/airflow/example_dags/tutorial_taskflow_api.py
[2024-04-27T02:34:28.427+0000] {processor.py:758} INFO - Processing file /home/airflow/.local/lib/python3.7/site-packages/airflow/example_dags/tutorial_taskflow_api.py for tasks to queue
[2024-04-27T02:34:28.428+0000] {logging_mixin.py:117} INFO - [2024-04-27T02:34:28.428+0000] {dagbag.py:525} INFO - Filling up the DagBag from /home/airflow/.local/lib/python3.7/site-packages/airflow/example_dags/tutorial_taskflow_api.py
[2024-04-27T02:34:28.456+0000] {processor.py:768} INFO - DAG(s) dict_keys(['tutorial_taskflow_api']) retrieved from /home/airflow/.local/lib/python3.7/site-packages/airflow/example_dags/tutorial_taskflow_api.py
[2024-04-27T02:34:28.646+0000] {logging_mixin.py:117} INFO - [2024-04-27T02:34:28.646+0000] {dag.py:2573} INFO - Sync 1 DAGs
[2024-04-27T02:34:28.673+0000] {logging_mixin.py:117} INFO - [2024-04-27T02:34:28.673+0000] {dag.py:3328} INFO - Setting next_dagrun for tutorial_taskflow_api to None, run_after=None
[2024-04-27T02:34:28.697+0000] {processor.py:178} INFO - Processing /home/airflow/.local/lib/python3.7/site-packages/airflow/example_dags/tutorial_taskflow_api.py took 0.273 seconds
[2024-04-27T02:34:59.025+0000] {processor.py:156} INFO - Started process (PID=4604) to work on /home/airflow/.local/lib/python3.7/site-packages/airflow/example_dags/tutorial_taskflow_api.py
[2024-04-27T02:34:59.026+0000] {processor.py:758} INFO - Processing file /home/airflow/.local/lib/python3.7/site-packages/airflow/example_dags/tutorial_taskflow_api.py for tasks to queue
[2024-04-27T02:34:59.027+0000] {logging_mixin.py:117} INFO - [2024-04-27T02:34:59.027+0000] {dagbag.py:525} INFO - Filling up the DagBag from /home/airflow/.local/lib/python3.7/site-packages/airflow/example_dags/tutorial_taskflow_api.py
[2024-04-27T02:34:59.088+0000] {processor.py:768} INFO - DAG(s) dict_keys(['tutorial_taskflow_api']) retrieved from /home/airflow/.local/lib/python3.7/site-packages/airflow/example_dags/tutorial_taskflow_api.py
[2024-04-27T02:34:59.378+0000] {logging_mixin.py:117} INFO - [2024-04-27T02:34:59.378+0000] {dag.py:2573} INFO - Sync 1 DAGs
[2024-04-27T02:34:59.409+0000] {logging_mixin.py:117} INFO - [2024-04-27T02:34:59.409+0000] {dag.py:3328} INFO - Setting next_dagrun for tutorial_taskflow_api to None, run_after=None
[2024-04-27T02:34:59.442+0000] {processor.py:178} INFO - Processing /home/airflow/.local/lib/python3.7/site-packages/airflow/example_dags/tutorial_taskflow_api.py took 0.420 seconds
[2024-04-27T02:35:29.577+0000] {processor.py:156} INFO - Started process (PID=4813) to work on /home/airflow/.local/lib/python3.7/site-packages/airflow/example_dags/tutorial_taskflow_api.py
[2024-04-27T02:35:29.578+0000] {processor.py:758} INFO - Processing file /home/airflow/.local/lib/python3.7/site-packages/airflow/example_dags/tutorial_taskflow_api.py for tasks to queue
[2024-04-27T02:35:29.579+0000] {logging_mixin.py:117} INFO - [2024-04-27T02:35:29.579+0000] {dagbag.py:525} INFO - Filling up the DagBag from /home/airflow/.local/lib/python3.7/site-packages/airflow/example_dags/tutorial_taskflow_api.py
[2024-04-27T02:35:29.747+0000] {processor.py:768} INFO - DAG(s) dict_keys(['tutorial_taskflow_api']) retrieved from /home/airflow/.local/lib/python3.7/site-packages/airflow/example_dags/tutorial_taskflow_api.py
[2024-04-27T02:35:29.792+0000] {logging_mixin.py:117} INFO - [2024-04-27T02:35:29.792+0000] {dag.py:2573} INFO - Sync 1 DAGs
[2024-04-27T02:35:29.823+0000] {logging_mixin.py:117} INFO - [2024-04-27T02:35:29.822+0000] {dag.py:3328} INFO - Setting next_dagrun for tutorial_taskflow_api to None, run_after=None
[2024-04-27T02:35:29.846+0000] {processor.py:178} INFO - Processing /home/airflow/.local/lib/python3.7/site-packages/airflow/example_dags/tutorial_taskflow_api.py took 0.272 seconds
[2024-04-27T02:36:00.508+0000] {processor.py:156} INFO - Started process (PID=5032) to work on /home/airflow/.local/lib/python3.7/site-packages/airflow/example_dags/tutorial_taskflow_api.py
[2024-04-27T02:36:00.509+0000] {processor.py:758} INFO - Processing file /home/airflow/.local/lib/python3.7/site-packages/airflow/example_dags/tutorial_taskflow_api.py for tasks to queue
[2024-04-27T02:36:00.510+0000] {logging_mixin.py:117} INFO - [2024-04-27T02:36:00.510+0000] {dagbag.py:525} INFO - Filling up the DagBag from /home/airflow/.local/lib/python3.7/site-packages/airflow/example_dags/tutorial_taskflow_api.py
[2024-04-27T02:36:00.595+0000] {processor.py:768} INFO - DAG(s) dict_keys(['tutorial_taskflow_api']) retrieved from /home/airflow/.local/lib/python3.7/site-packages/airflow/example_dags/tutorial_taskflow_api.py
[2024-04-27T02:36:00.694+0000] {logging_mixin.py:117} INFO - [2024-04-27T02:36:00.694+0000] {dag.py:2573} INFO - Sync 1 DAGs
[2024-04-27T02:36:00.742+0000] {logging_mixin.py:117} INFO - [2024-04-27T02:36:00.742+0000] {dag.py:3328} INFO - Setting next_dagrun for tutorial_taskflow_api to None, run_after=None
[2024-04-27T02:36:00.767+0000] {processor.py:178} INFO - Processing /home/airflow/.local/lib/python3.7/site-packages/airflow/example_dags/tutorial_taskflow_api.py took 0.262 seconds
[2024-04-27T02:36:31.230+0000] {processor.py:156} INFO - Started process (PID=5250) to work on /home/airflow/.local/lib/python3.7/site-packages/airflow/example_dags/tutorial_taskflow_api.py
[2024-04-27T02:36:31.231+0000] {processor.py:758} INFO - Processing file /home/airflow/.local/lib/python3.7/site-packages/airflow/example_dags/tutorial_taskflow_api.py for tasks to queue
[2024-04-27T02:36:31.231+0000] {logging_mixin.py:117} INFO - [2024-04-27T02:36:31.231+0000] {dagbag.py:525} INFO - Filling up the DagBag from /home/airflow/.local/lib/python3.7/site-packages/airflow/example_dags/tutorial_taskflow_api.py
[2024-04-27T02:36:31.259+0000] {processor.py:768} INFO - DAG(s) dict_keys(['tutorial_taskflow_api']) retrieved from /home/airflow/.local/lib/python3.7/site-packages/airflow/example_dags/tutorial_taskflow_api.py
[2024-04-27T02:36:31.308+0000] {logging_mixin.py:117} INFO - [2024-04-27T02:36:31.307+0000] {dag.py:2573} INFO - Sync 1 DAGs
[2024-04-27T02:36:31.341+0000] {logging_mixin.py:117} INFO - [2024-04-27T02:36:31.341+0000] {dag.py:3328} INFO - Setting next_dagrun for tutorial_taskflow_api to None, run_after=None
[2024-04-27T02:36:31.368+0000] {processor.py:178} INFO - Processing /home/airflow/.local/lib/python3.7/site-packages/airflow/example_dags/tutorial_taskflow_api.py took 0.141 seconds
[2024-04-27T02:37:01.577+0000] {processor.py:156} INFO - Started process (PID=5459) to work on /home/airflow/.local/lib/python3.7/site-packages/airflow/example_dags/tutorial_taskflow_api.py
[2024-04-27T02:37:01.577+0000] {processor.py:758} INFO - Processing file /home/airflow/.local/lib/python3.7/site-packages/airflow/example_dags/tutorial_taskflow_api.py for tasks to queue
[2024-04-27T02:37:01.578+0000] {logging_mixin.py:117} INFO - [2024-04-27T02:37:01.578+0000] {dagbag.py:525} INFO - Filling up the DagBag from /home/airflow/.local/lib/python3.7/site-packages/airflow/example_dags/tutorial_taskflow_api.py
[2024-04-27T02:37:01.607+0000] {processor.py:768} INFO - DAG(s) dict_keys(['tutorial_taskflow_api']) retrieved from /home/airflow/.local/lib/python3.7/site-packages/airflow/example_dags/tutorial_taskflow_api.py
[2024-04-27T02:37:01.652+0000] {logging_mixin.py:117} INFO - [2024-04-27T02:37:01.652+0000] {dag.py:2573} INFO - Sync 1 DAGs
[2024-04-27T02:37:01.684+0000] {logging_mixin.py:117} INFO - [2024-04-27T02:37:01.684+0000] {dag.py:3328} INFO - Setting next_dagrun for tutorial_taskflow_api to None, run_after=None
[2024-04-27T02:37:01.708+0000] {processor.py:178} INFO - Processing /home/airflow/.local/lib/python3.7/site-packages/airflow/example_dags/tutorial_taskflow_api.py took 0.134 seconds
[2024-04-27T02:37:31.873+0000] {processor.py:156} INFO - Started process (PID=5675) to work on /home/airflow/.local/lib/python3.7/site-packages/airflow/example_dags/tutorial_taskflow_api.py
[2024-04-27T02:37:31.874+0000] {processor.py:758} INFO - Processing file /home/airflow/.local/lib/python3.7/site-packages/airflow/example_dags/tutorial_taskflow_api.py for tasks to queue
[2024-04-27T02:37:31.874+0000] {logging_mixin.py:117} INFO - [2024-04-27T02:37:31.874+0000] {dagbag.py:525} INFO - Filling up the DagBag from /home/airflow/.local/lib/python3.7/site-packages/airflow/example_dags/tutorial_taskflow_api.py
[2024-04-27T02:37:31.901+0000] {processor.py:768} INFO - DAG(s) dict_keys(['tutorial_taskflow_api']) retrieved from /home/airflow/.local/lib/python3.7/site-packages/airflow/example_dags/tutorial_taskflow_api.py
[2024-04-27T02:37:31.948+0000] {logging_mixin.py:117} INFO - [2024-04-27T02:37:31.948+0000] {dag.py:2573} INFO - Sync 1 DAGs
[2024-04-27T02:37:31.981+0000] {logging_mixin.py:117} INFO - [2024-04-27T02:37:31.981+0000] {dag.py:3328} INFO - Setting next_dagrun for tutorial_taskflow_api to None, run_after=None
[2024-04-27T02:37:32.005+0000] {processor.py:178} INFO - Processing /home/airflow/.local/lib/python3.7/site-packages/airflow/example_dags/tutorial_taskflow_api.py took 0.135 seconds
[2024-04-27T02:38:02.406+0000] {processor.py:156} INFO - Started process (PID=5892) to work on /home/airflow/.local/lib/python3.7/site-packages/airflow/example_dags/tutorial_taskflow_api.py
[2024-04-27T02:38:02.407+0000] {processor.py:758} INFO - Processing file /home/airflow/.local/lib/python3.7/site-packages/airflow/example_dags/tutorial_taskflow_api.py for tasks to queue
[2024-04-27T02:38:02.408+0000] {logging_mixin.py:117} INFO - [2024-04-27T02:38:02.407+0000] {dagbag.py:525} INFO - Filling up the DagBag from /home/airflow/.local/lib/python3.7/site-packages/airflow/example_dags/tutorial_taskflow_api.py
[2024-04-27T02:38:02.433+0000] {processor.py:768} INFO - DAG(s) dict_keys(['tutorial_taskflow_api']) retrieved from /home/airflow/.local/lib/python3.7/site-packages/airflow/example_dags/tutorial_taskflow_api.py
[2024-04-27T02:38:02.480+0000] {logging_mixin.py:117} INFO - [2024-04-27T02:38:02.479+0000] {dag.py:2573} INFO - Sync 1 DAGs
[2024-04-27T02:38:02.513+0000] {logging_mixin.py:117} INFO - [2024-04-27T02:38:02.513+0000] {dag.py:3328} INFO - Setting next_dagrun for tutorial_taskflow_api to None, run_after=None
[2024-04-27T02:38:02.538+0000] {processor.py:178} INFO - Processing /home/airflow/.local/lib/python3.7/site-packages/airflow/example_dags/tutorial_taskflow_api.py took 0.135 seconds
[2024-04-27T02:38:32.635+0000] {processor.py:156} INFO - Started process (PID=6101) to work on /home/airflow/.local/lib/python3.7/site-packages/airflow/example_dags/tutorial_taskflow_api.py
[2024-04-27T02:38:32.637+0000] {processor.py:758} INFO - Processing file /home/airflow/.local/lib/python3.7/site-packages/airflow/example_dags/tutorial_taskflow_api.py for tasks to queue
[2024-04-27T02:38:32.638+0000] {logging_mixin.py:117} INFO - [2024-04-27T02:38:32.637+0000] {dagbag.py:525} INFO - Filling up the DagBag from /home/airflow/.local/lib/python3.7/site-packages/airflow/example_dags/tutorial_taskflow_api.py
[2024-04-27T02:38:32.657+0000] {processor.py:768} INFO - DAG(s) dict_keys(['tutorial_taskflow_api']) retrieved from /home/airflow/.local/lib/python3.7/site-packages/airflow/example_dags/tutorial_taskflow_api.py
[2024-04-27T02:38:32.690+0000] {logging_mixin.py:117} INFO - [2024-04-27T02:38:32.690+0000] {dag.py:2573} INFO - Sync 1 DAGs
[2024-04-27T02:38:32.711+0000] {logging_mixin.py:117} INFO - [2024-04-27T02:38:32.711+0000] {dag.py:3328} INFO - Setting next_dagrun for tutorial_taskflow_api to None, run_after=None
[2024-04-27T02:38:32.734+0000] {processor.py:178} INFO - Processing /home/airflow/.local/lib/python3.7/site-packages/airflow/example_dags/tutorial_taskflow_api.py took 0.101 seconds
[2024-04-27T02:39:03.544+0000] {processor.py:156} INFO - Started process (PID=6317) to work on /home/airflow/.local/lib/python3.7/site-packages/airflow/example_dags/tutorial_taskflow_api.py
[2024-04-27T02:39:03.549+0000] {processor.py:758} INFO - Processing file /home/airflow/.local/lib/python3.7/site-packages/airflow/example_dags/tutorial_taskflow_api.py for tasks to queue
[2024-04-27T02:39:03.550+0000] {logging_mixin.py:117} INFO - [2024-04-27T02:39:03.550+0000] {dagbag.py:525} INFO - Filling up the DagBag from /home/airflow/.local/lib/python3.7/site-packages/airflow/example_dags/tutorial_taskflow_api.py
[2024-04-27T02:39:03.615+0000] {processor.py:768} INFO - DAG(s) dict_keys(['tutorial_taskflow_api']) retrieved from /home/airflow/.local/lib/python3.7/site-packages/airflow/example_dags/tutorial_taskflow_api.py
[2024-04-27T02:39:03.671+0000] {logging_mixin.py:117} INFO - [2024-04-27T02:39:03.670+0000] {dag.py:2573} INFO - Sync 1 DAGs
[2024-04-27T02:39:03.725+0000] {logging_mixin.py:117} INFO - [2024-04-27T02:39:03.725+0000] {dag.py:3328} INFO - Setting next_dagrun for tutorial_taskflow_api to None, run_after=None
[2024-04-27T02:39:03.751+0000] {processor.py:178} INFO - Processing /home/airflow/.local/lib/python3.7/site-packages/airflow/example_dags/tutorial_taskflow_api.py took 0.213 seconds
[2024-04-27T02:39:34.599+0000] {processor.py:156} INFO - Started process (PID=6534) to work on /home/airflow/.local/lib/python3.7/site-packages/airflow/example_dags/tutorial_taskflow_api.py
[2024-04-27T02:39:34.600+0000] {processor.py:758} INFO - Processing file /home/airflow/.local/lib/python3.7/site-packages/airflow/example_dags/tutorial_taskflow_api.py for tasks to queue
[2024-04-27T02:39:34.601+0000] {logging_mixin.py:117} INFO - [2024-04-27T02:39:34.600+0000] {dagbag.py:525} INFO - Filling up the DagBag from /home/airflow/.local/lib/python3.7/site-packages/airflow/example_dags/tutorial_taskflow_api.py
[2024-04-27T02:39:34.628+0000] {processor.py:768} INFO - DAG(s) dict_keys(['tutorial_taskflow_api']) retrieved from /home/airflow/.local/lib/python3.7/site-packages/airflow/example_dags/tutorial_taskflow_api.py
[2024-04-27T02:39:34.681+0000] {logging_mixin.py:117} INFO - [2024-04-27T02:39:34.681+0000] {dag.py:2573} INFO - Sync 1 DAGs
[2024-04-27T02:39:34.741+0000] {logging_mixin.py:117} INFO - [2024-04-27T02:39:34.741+0000] {dag.py:3328} INFO - Setting next_dagrun for tutorial_taskflow_api to None, run_after=None
[2024-04-27T02:39:34.789+0000] {processor.py:178} INFO - Processing /home/airflow/.local/lib/python3.7/site-packages/airflow/example_dags/tutorial_taskflow_api.py took 0.194 seconds
[2024-04-27T02:40:04.938+0000] {processor.py:156} INFO - Started process (PID=6745) to work on /home/airflow/.local/lib/python3.7/site-packages/airflow/example_dags/tutorial_taskflow_api.py
[2024-04-27T02:40:04.939+0000] {processor.py:758} INFO - Processing file /home/airflow/.local/lib/python3.7/site-packages/airflow/example_dags/tutorial_taskflow_api.py for tasks to queue
[2024-04-27T02:40:04.939+0000] {logging_mixin.py:117} INFO - [2024-04-27T02:40:04.939+0000] {dagbag.py:525} INFO - Filling up the DagBag from /home/airflow/.local/lib/python3.7/site-packages/airflow/example_dags/tutorial_taskflow_api.py
[2024-04-27T02:40:04.967+0000] {processor.py:768} INFO - DAG(s) dict_keys(['tutorial_taskflow_api']) retrieved from /home/airflow/.local/lib/python3.7/site-packages/airflow/example_dags/tutorial_taskflow_api.py
[2024-04-27T02:40:05.014+0000] {logging_mixin.py:117} INFO - [2024-04-27T02:40:05.013+0000] {dag.py:2573} INFO - Sync 1 DAGs
[2024-04-27T02:40:05.043+0000] {logging_mixin.py:117} INFO - [2024-04-27T02:40:05.042+0000] {dag.py:3328} INFO - Setting next_dagrun for tutorial_taskflow_api to None, run_after=None
[2024-04-27T02:40:05.069+0000] {processor.py:178} INFO - Processing /home/airflow/.local/lib/python3.7/site-packages/airflow/example_dags/tutorial_taskflow_api.py took 0.134 seconds
[2024-04-27T02:40:35.933+0000] {processor.py:156} INFO - Started process (PID=6962) to work on /home/airflow/.local/lib/python3.7/site-packages/airflow/example_dags/tutorial_taskflow_api.py
[2024-04-27T02:40:35.934+0000] {processor.py:758} INFO - Processing file /home/airflow/.local/lib/python3.7/site-packages/airflow/example_dags/tutorial_taskflow_api.py for tasks to queue
[2024-04-27T02:40:35.934+0000] {logging_mixin.py:117} INFO - [2024-04-27T02:40:35.934+0000] {dagbag.py:525} INFO - Filling up the DagBag from /home/airflow/.local/lib/python3.7/site-packages/airflow/example_dags/tutorial_taskflow_api.py
[2024-04-27T02:40:36.017+0000] {processor.py:768} INFO - DAG(s) dict_keys(['tutorial_taskflow_api']) retrieved from /home/airflow/.local/lib/python3.7/site-packages/airflow/example_dags/tutorial_taskflow_api.py
[2024-04-27T02:40:36.069+0000] {logging_mixin.py:117} INFO - [2024-04-27T02:40:36.068+0000] {dag.py:2573} INFO - Sync 1 DAGs
[2024-04-27T02:40:36.100+0000] {logging_mixin.py:117} INFO - [2024-04-27T02:40:36.100+0000] {dag.py:3328} INFO - Setting next_dagrun for tutorial_taskflow_api to None, run_after=None
[2024-04-27T02:40:36.127+0000] {processor.py:178} INFO - Processing /home/airflow/.local/lib/python3.7/site-packages/airflow/example_dags/tutorial_taskflow_api.py took 0.198 seconds
[2024-04-27T02:41:07.009+0000] {processor.py:156} INFO - Started process (PID=7180) to work on /home/airflow/.local/lib/python3.7/site-packages/airflow/example_dags/tutorial_taskflow_api.py
[2024-04-27T02:41:07.010+0000] {processor.py:758} INFO - Processing file /home/airflow/.local/lib/python3.7/site-packages/airflow/example_dags/tutorial_taskflow_api.py for tasks to queue
[2024-04-27T02:41:07.011+0000] {logging_mixin.py:117} INFO - [2024-04-27T02:41:07.010+0000] {dagbag.py:525} INFO - Filling up the DagBag from /home/airflow/.local/lib/python3.7/site-packages/airflow/example_dags/tutorial_taskflow_api.py
[2024-04-27T02:41:07.040+0000] {processor.py:768} INFO - DAG(s) dict_keys(['tutorial_taskflow_api']) retrieved from /home/airflow/.local/lib/python3.7/site-packages/airflow/example_dags/tutorial_taskflow_api.py
[2024-04-27T02:41:07.087+0000] {logging_mixin.py:117} INFO - [2024-04-27T02:41:07.086+0000] {dag.py:2573} INFO - Sync 1 DAGs
[2024-04-27T02:41:07.125+0000] {logging_mixin.py:117} INFO - [2024-04-27T02:41:07.125+0000] {dag.py:3328} INFO - Setting next_dagrun for tutorial_taskflow_api to None, run_after=None
[2024-04-27T02:41:07.166+0000] {processor.py:178} INFO - Processing /home/airflow/.local/lib/python3.7/site-packages/airflow/example_dags/tutorial_taskflow_api.py took 0.159 seconds
[2024-04-27T02:41:37.841+0000] {processor.py:156} INFO - Started process (PID=7388) to work on /home/airflow/.local/lib/python3.7/site-packages/airflow/example_dags/tutorial_taskflow_api.py
[2024-04-27T02:41:37.842+0000] {processor.py:758} INFO - Processing file /home/airflow/.local/lib/python3.7/site-packages/airflow/example_dags/tutorial_taskflow_api.py for tasks to queue
[2024-04-27T02:41:37.843+0000] {logging_mixin.py:117} INFO - [2024-04-27T02:41:37.843+0000] {dagbag.py:525} INFO - Filling up the DagBag from /home/airflow/.local/lib/python3.7/site-packages/airflow/example_dags/tutorial_taskflow_api.py
[2024-04-27T02:41:37.878+0000] {processor.py:768} INFO - DAG(s) dict_keys(['tutorial_taskflow_api']) retrieved from /home/airflow/.local/lib/python3.7/site-packages/airflow/example_dags/tutorial_taskflow_api.py
[2024-04-27T02:41:37.943+0000] {logging_mixin.py:117} INFO - [2024-04-27T02:41:37.942+0000] {dag.py:2573} INFO - Sync 1 DAGs
[2024-04-27T02:41:37.984+0000] {logging_mixin.py:117} INFO - [2024-04-27T02:41:37.983+0000] {dag.py:3328} INFO - Setting next_dagrun for tutorial_taskflow_api to None, run_after=None
[2024-04-27T02:41:38.028+0000] {processor.py:178} INFO - Processing /home/airflow/.local/lib/python3.7/site-packages/airflow/example_dags/tutorial_taskflow_api.py took 0.190 seconds
[2024-04-27T02:42:08.174+0000] {processor.py:156} INFO - Started process (PID=7607) to work on /home/airflow/.local/lib/python3.7/site-packages/airflow/example_dags/tutorial_taskflow_api.py
[2024-04-27T02:42:08.175+0000] {processor.py:758} INFO - Processing file /home/airflow/.local/lib/python3.7/site-packages/airflow/example_dags/tutorial_taskflow_api.py for tasks to queue
[2024-04-27T02:42:08.175+0000] {logging_mixin.py:117} INFO - [2024-04-27T02:42:08.175+0000] {dagbag.py:525} INFO - Filling up the DagBag from /home/airflow/.local/lib/python3.7/site-packages/airflow/example_dags/tutorial_taskflow_api.py
[2024-04-27T02:42:08.202+0000] {processor.py:768} INFO - DAG(s) dict_keys(['tutorial_taskflow_api']) retrieved from /home/airflow/.local/lib/python3.7/site-packages/airflow/example_dags/tutorial_taskflow_api.py
[2024-04-27T02:42:08.253+0000] {logging_mixin.py:117} INFO - [2024-04-27T02:42:08.253+0000] {dag.py:2573} INFO - Sync 1 DAGs
[2024-04-27T02:42:08.287+0000] {logging_mixin.py:117} INFO - [2024-04-27T02:42:08.287+0000] {dag.py:3328} INFO - Setting next_dagrun for tutorial_taskflow_api to None, run_after=None
[2024-04-27T02:42:08.320+0000] {processor.py:178} INFO - Processing /home/airflow/.local/lib/python3.7/site-packages/airflow/example_dags/tutorial_taskflow_api.py took 0.149 seconds
[2024-04-27T02:42:38.582+0000] {processor.py:156} INFO - Started process (PID=7826) to work on /home/airflow/.local/lib/python3.7/site-packages/airflow/example_dags/tutorial_taskflow_api.py
[2024-04-27T02:42:38.583+0000] {processor.py:758} INFO - Processing file /home/airflow/.local/lib/python3.7/site-packages/airflow/example_dags/tutorial_taskflow_api.py for tasks to queue
[2024-04-27T02:42:38.583+0000] {logging_mixin.py:117} INFO - [2024-04-27T02:42:38.583+0000] {dagbag.py:525} INFO - Filling up the DagBag from /home/airflow/.local/lib/python3.7/site-packages/airflow/example_dags/tutorial_taskflow_api.py
[2024-04-27T02:42:38.611+0000] {processor.py:768} INFO - DAG(s) dict_keys(['tutorial_taskflow_api']) retrieved from /home/airflow/.local/lib/python3.7/site-packages/airflow/example_dags/tutorial_taskflow_api.py
[2024-04-27T02:42:38.658+0000] {logging_mixin.py:117} INFO - [2024-04-27T02:42:38.658+0000] {dag.py:2573} INFO - Sync 1 DAGs
[2024-04-27T02:42:38.690+0000] {logging_mixin.py:117} INFO - [2024-04-27T02:42:38.690+0000] {dag.py:3328} INFO - Setting next_dagrun for tutorial_taskflow_api to None, run_after=None
[2024-04-27T02:42:38.716+0000] {processor.py:178} INFO - Processing /home/airflow/.local/lib/python3.7/site-packages/airflow/example_dags/tutorial_taskflow_api.py took 0.137 seconds
[2024-04-27T02:43:10.725+0000] {processor.py:156} INFO - Started process (PID=8046) to work on /home/airflow/.local/lib/python3.7/site-packages/airflow/example_dags/tutorial_taskflow_api.py
[2024-04-27T02:43:10.736+0000] {processor.py:758} INFO - Processing file /home/airflow/.local/lib/python3.7/site-packages/airflow/example_dags/tutorial_taskflow_api.py for tasks to queue
[2024-04-27T02:43:10.737+0000] {logging_mixin.py:117} INFO - [2024-04-27T02:43:10.737+0000] {dagbag.py:525} INFO - Filling up the DagBag from /home/airflow/.local/lib/python3.7/site-packages/airflow/example_dags/tutorial_taskflow_api.py
[2024-04-27T02:43:10.788+0000] {processor.py:768} INFO - DAG(s) dict_keys(['tutorial_taskflow_api']) retrieved from /home/airflow/.local/lib/python3.7/site-packages/airflow/example_dags/tutorial_taskflow_api.py
[2024-04-27T02:43:10.887+0000] {logging_mixin.py:117} INFO - [2024-04-27T02:43:10.887+0000] {dag.py:2573} INFO - Sync 1 DAGs
[2024-04-27T02:43:10.924+0000] {logging_mixin.py:117} INFO - [2024-04-27T02:43:10.924+0000] {dag.py:3328} INFO - Setting next_dagrun for tutorial_taskflow_api to None, run_after=None
[2024-04-27T02:43:10.950+0000] {processor.py:178} INFO - Processing /home/airflow/.local/lib/python3.7/site-packages/airflow/example_dags/tutorial_taskflow_api.py took 0.228 seconds
[2024-04-27T02:43:41.749+0000] {processor.py:156} INFO - Started process (PID=8255) to work on /home/airflow/.local/lib/python3.7/site-packages/airflow/example_dags/tutorial_taskflow_api.py
[2024-04-27T02:43:41.750+0000] {processor.py:758} INFO - Processing file /home/airflow/.local/lib/python3.7/site-packages/airflow/example_dags/tutorial_taskflow_api.py for tasks to queue
[2024-04-27T02:43:41.751+0000] {logging_mixin.py:117} INFO - [2024-04-27T02:43:41.751+0000] {dagbag.py:525} INFO - Filling up the DagBag from /home/airflow/.local/lib/python3.7/site-packages/airflow/example_dags/tutorial_taskflow_api.py
[2024-04-27T02:43:41.778+0000] {processor.py:768} INFO - DAG(s) dict_keys(['tutorial_taskflow_api']) retrieved from /home/airflow/.local/lib/python3.7/site-packages/airflow/example_dags/tutorial_taskflow_api.py
[2024-04-27T02:43:41.827+0000] {logging_mixin.py:117} INFO - [2024-04-27T02:43:41.827+0000] {dag.py:2573} INFO - Sync 1 DAGs
[2024-04-27T02:43:41.859+0000] {logging_mixin.py:117} INFO - [2024-04-27T02:43:41.859+0000] {dag.py:3328} INFO - Setting next_dagrun for tutorial_taskflow_api to None, run_after=None
[2024-04-27T02:43:41.884+0000] {processor.py:178} INFO - Processing /home/airflow/.local/lib/python3.7/site-packages/airflow/example_dags/tutorial_taskflow_api.py took 0.138 seconds
[2024-04-27T02:44:12.131+0000] {processor.py:156} INFO - Started process (PID=8472) to work on /home/airflow/.local/lib/python3.7/site-packages/airflow/example_dags/tutorial_taskflow_api.py
[2024-04-27T02:44:12.132+0000] {processor.py:758} INFO - Processing file /home/airflow/.local/lib/python3.7/site-packages/airflow/example_dags/tutorial_taskflow_api.py for tasks to queue
[2024-04-27T02:44:12.132+0000] {logging_mixin.py:117} INFO - [2024-04-27T02:44:12.132+0000] {dagbag.py:525} INFO - Filling up the DagBag from /home/airflow/.local/lib/python3.7/site-packages/airflow/example_dags/tutorial_taskflow_api.py
[2024-04-27T02:44:12.186+0000] {processor.py:768} INFO - DAG(s) dict_keys(['tutorial_taskflow_api']) retrieved from /home/airflow/.local/lib/python3.7/site-packages/airflow/example_dags/tutorial_taskflow_api.py
[2024-04-27T02:44:12.235+0000] {logging_mixin.py:117} INFO - [2024-04-27T02:44:12.234+0000] {dag.py:2573} INFO - Sync 1 DAGs
[2024-04-27T02:44:12.267+0000] {logging_mixin.py:117} INFO - [2024-04-27T02:44:12.266+0000] {dag.py:3328} INFO - Setting next_dagrun for tutorial_taskflow_api to None, run_after=None
[2024-04-27T02:44:12.292+0000] {processor.py:178} INFO - Processing /home/airflow/.local/lib/python3.7/site-packages/airflow/example_dags/tutorial_taskflow_api.py took 0.164 seconds
[2024-04-27T02:44:43.533+0000] {processor.py:156} INFO - Started process (PID=8693) to work on /home/airflow/.local/lib/python3.7/site-packages/airflow/example_dags/tutorial_taskflow_api.py
[2024-04-27T02:44:43.543+0000] {processor.py:758} INFO - Processing file /home/airflow/.local/lib/python3.7/site-packages/airflow/example_dags/tutorial_taskflow_api.py for tasks to queue
[2024-04-27T02:44:43.552+0000] {logging_mixin.py:117} INFO - [2024-04-27T02:44:43.552+0000] {dagbag.py:525} INFO - Filling up the DagBag from /home/airflow/.local/lib/python3.7/site-packages/airflow/example_dags/tutorial_taskflow_api.py
[2024-04-27T02:44:43.623+0000] {processor.py:768} INFO - DAG(s) dict_keys(['tutorial_taskflow_api']) retrieved from /home/airflow/.local/lib/python3.7/site-packages/airflow/example_dags/tutorial_taskflow_api.py
[2024-04-27T02:44:43.690+0000] {logging_mixin.py:117} INFO - [2024-04-27T02:44:43.690+0000] {dag.py:2573} INFO - Sync 1 DAGs
[2024-04-27T02:44:43.723+0000] {logging_mixin.py:117} INFO - [2024-04-27T02:44:43.722+0000] {dag.py:3328} INFO - Setting next_dagrun for tutorial_taskflow_api to None, run_after=None
[2024-04-27T02:44:43.749+0000] {processor.py:178} INFO - Processing /home/airflow/.local/lib/python3.7/site-packages/airflow/example_dags/tutorial_taskflow_api.py took 0.219 seconds
[2024-04-27T02:45:15.805+0000] {processor.py:156} INFO - Started process (PID=8911) to work on /home/airflow/.local/lib/python3.7/site-packages/airflow/example_dags/tutorial_taskflow_api.py
[2024-04-27T02:45:15.805+0000] {processor.py:758} INFO - Processing file /home/airflow/.local/lib/python3.7/site-packages/airflow/example_dags/tutorial_taskflow_api.py for tasks to queue
[2024-04-27T02:45:15.814+0000] {logging_mixin.py:117} INFO - [2024-04-27T02:45:15.814+0000] {dagbag.py:525} INFO - Filling up the DagBag from /home/airflow/.local/lib/python3.7/site-packages/airflow/example_dags/tutorial_taskflow_api.py
[2024-04-27T02:45:15.847+0000] {processor.py:768} INFO - DAG(s) dict_keys(['tutorial_taskflow_api']) retrieved from /home/airflow/.local/lib/python3.7/site-packages/airflow/example_dags/tutorial_taskflow_api.py
[2024-04-27T02:45:15.921+0000] {logging_mixin.py:117} INFO - [2024-04-27T02:45:15.921+0000] {dag.py:2573} INFO - Sync 1 DAGs
[2024-04-27T02:45:15.984+0000] {logging_mixin.py:117} INFO - [2024-04-27T02:45:15.984+0000] {dag.py:3328} INFO - Setting next_dagrun for tutorial_taskflow_api to None, run_after=None
[2024-04-27T02:45:16.038+0000] {processor.py:178} INFO - Processing /home/airflow/.local/lib/python3.7/site-packages/airflow/example_dags/tutorial_taskflow_api.py took 0.238 seconds
[2024-04-27T02:45:46.901+0000] {processor.py:156} INFO - Started process (PID=9120) to work on /home/airflow/.local/lib/python3.7/site-packages/airflow/example_dags/tutorial_taskflow_api.py
[2024-04-27T02:45:46.902+0000] {processor.py:758} INFO - Processing file /home/airflow/.local/lib/python3.7/site-packages/airflow/example_dags/tutorial_taskflow_api.py for tasks to queue
[2024-04-27T02:45:46.903+0000] {logging_mixin.py:117} INFO - [2024-04-27T02:45:46.903+0000] {dagbag.py:525} INFO - Filling up the DagBag from /home/airflow/.local/lib/python3.7/site-packages/airflow/example_dags/tutorial_taskflow_api.py
[2024-04-27T02:45:46.931+0000] {processor.py:768} INFO - DAG(s) dict_keys(['tutorial_taskflow_api']) retrieved from /home/airflow/.local/lib/python3.7/site-packages/airflow/example_dags/tutorial_taskflow_api.py
[2024-04-27T02:45:47.024+0000] {logging_mixin.py:117} INFO - [2024-04-27T02:45:47.023+0000] {dag.py:2573} INFO - Sync 1 DAGs
[2024-04-27T02:45:47.100+0000] {logging_mixin.py:117} INFO - [2024-04-27T02:45:47.100+0000] {dag.py:3328} INFO - Setting next_dagrun for tutorial_taskflow_api to None, run_after=None
[2024-04-27T02:45:47.148+0000] {processor.py:178} INFO - Processing /home/airflow/.local/lib/python3.7/site-packages/airflow/example_dags/tutorial_taskflow_api.py took 0.251 seconds
[2024-04-27T02:46:17.183+0000] {processor.py:156} INFO - Started process (PID=9339) to work on /home/airflow/.local/lib/python3.7/site-packages/airflow/example_dags/tutorial_taskflow_api.py
[2024-04-27T02:46:17.183+0000] {processor.py:758} INFO - Processing file /home/airflow/.local/lib/python3.7/site-packages/airflow/example_dags/tutorial_taskflow_api.py for tasks to queue
[2024-04-27T02:46:17.184+0000] {logging_mixin.py:117} INFO - [2024-04-27T02:46:17.184+0000] {dagbag.py:525} INFO - Filling up the DagBag from /home/airflow/.local/lib/python3.7/site-packages/airflow/example_dags/tutorial_taskflow_api.py
[2024-04-27T02:46:17.203+0000] {processor.py:768} INFO - DAG(s) dict_keys(['tutorial_taskflow_api']) retrieved from /home/airflow/.local/lib/python3.7/site-packages/airflow/example_dags/tutorial_taskflow_api.py
[2024-04-27T02:46:17.236+0000] {logging_mixin.py:117} INFO - [2024-04-27T02:46:17.236+0000] {dag.py:2573} INFO - Sync 1 DAGs
[2024-04-27T02:46:17.256+0000] {logging_mixin.py:117} INFO - [2024-04-27T02:46:17.256+0000] {dag.py:3328} INFO - Setting next_dagrun for tutorial_taskflow_api to None, run_after=None
[2024-04-27T02:46:17.277+0000] {processor.py:178} INFO - Processing /home/airflow/.local/lib/python3.7/site-packages/airflow/example_dags/tutorial_taskflow_api.py took 0.097 seconds
[2024-04-27T02:46:47.896+0000] {processor.py:156} INFO - Started process (PID=9556) to work on /home/airflow/.local/lib/python3.7/site-packages/airflow/example_dags/tutorial_taskflow_api.py
[2024-04-27T02:46:47.897+0000] {processor.py:758} INFO - Processing file /home/airflow/.local/lib/python3.7/site-packages/airflow/example_dags/tutorial_taskflow_api.py for tasks to queue
[2024-04-27T02:46:47.897+0000] {logging_mixin.py:117} INFO - [2024-04-27T02:46:47.897+0000] {dagbag.py:525} INFO - Filling up the DagBag from /home/airflow/.local/lib/python3.7/site-packages/airflow/example_dags/tutorial_taskflow_api.py
[2024-04-27T02:46:47.969+0000] {processor.py:768} INFO - DAG(s) dict_keys(['tutorial_taskflow_api']) retrieved from /home/airflow/.local/lib/python3.7/site-packages/airflow/example_dags/tutorial_taskflow_api.py
[2024-04-27T02:46:48.049+0000] {logging_mixin.py:117} INFO - [2024-04-27T02:46:48.049+0000] {dag.py:2573} INFO - Sync 1 DAGs
[2024-04-27T02:46:48.112+0000] {logging_mixin.py:117} INFO - [2024-04-27T02:46:48.112+0000] {dag.py:3328} INFO - Setting next_dagrun for tutorial_taskflow_api to None, run_after=None
[2024-04-27T02:46:48.164+0000] {processor.py:178} INFO - Processing /home/airflow/.local/lib/python3.7/site-packages/airflow/example_dags/tutorial_taskflow_api.py took 0.270 seconds
[2024-04-27T02:47:18.309+0000] {processor.py:156} INFO - Started process (PID=9773) to work on /home/airflow/.local/lib/python3.7/site-packages/airflow/example_dags/tutorial_taskflow_api.py
[2024-04-27T02:47:18.309+0000] {processor.py:758} INFO - Processing file /home/airflow/.local/lib/python3.7/site-packages/airflow/example_dags/tutorial_taskflow_api.py for tasks to queue
[2024-04-27T02:47:18.310+0000] {logging_mixin.py:117} INFO - [2024-04-27T02:47:18.310+0000] {dagbag.py:525} INFO - Filling up the DagBag from /home/airflow/.local/lib/python3.7/site-packages/airflow/example_dags/tutorial_taskflow_api.py
[2024-04-27T02:47:18.330+0000] {processor.py:768} INFO - DAG(s) dict_keys(['tutorial_taskflow_api']) retrieved from /home/airflow/.local/lib/python3.7/site-packages/airflow/example_dags/tutorial_taskflow_api.py
[2024-04-27T02:47:18.364+0000] {logging_mixin.py:117} INFO - [2024-04-27T02:47:18.364+0000] {dag.py:2573} INFO - Sync 1 DAGs
[2024-04-27T02:47:18.387+0000] {logging_mixin.py:117} INFO - [2024-04-27T02:47:18.387+0000] {dag.py:3328} INFO - Setting next_dagrun for tutorial_taskflow_api to None, run_after=None
[2024-04-27T02:47:18.409+0000] {processor.py:178} INFO - Processing /home/airflow/.local/lib/python3.7/site-packages/airflow/example_dags/tutorial_taskflow_api.py took 0.103 seconds
[2024-04-27T02:47:48.547+0000] {processor.py:156} INFO - Started process (PID=9985) to work on /home/airflow/.local/lib/python3.7/site-packages/airflow/example_dags/tutorial_taskflow_api.py
[2024-04-27T02:47:48.548+0000] {processor.py:758} INFO - Processing file /home/airflow/.local/lib/python3.7/site-packages/airflow/example_dags/tutorial_taskflow_api.py for tasks to queue
[2024-04-27T02:47:48.549+0000] {logging_mixin.py:117} INFO - [2024-04-27T02:47:48.548+0000] {dagbag.py:525} INFO - Filling up the DagBag from /home/airflow/.local/lib/python3.7/site-packages/airflow/example_dags/tutorial_taskflow_api.py
[2024-04-27T02:47:48.578+0000] {processor.py:768} INFO - DAG(s) dict_keys(['tutorial_taskflow_api']) retrieved from /home/airflow/.local/lib/python3.7/site-packages/airflow/example_dags/tutorial_taskflow_api.py
[2024-04-27T02:47:48.627+0000] {logging_mixin.py:117} INFO - [2024-04-27T02:47:48.627+0000] {dag.py:2573} INFO - Sync 1 DAGs
[2024-04-27T02:47:48.657+0000] {logging_mixin.py:117} INFO - [2024-04-27T02:47:48.657+0000] {dag.py:3328} INFO - Setting next_dagrun for tutorial_taskflow_api to None, run_after=None
[2024-04-27T02:47:48.685+0000] {processor.py:178} INFO - Processing /home/airflow/.local/lib/python3.7/site-packages/airflow/example_dags/tutorial_taskflow_api.py took 0.141 seconds
[2024-04-27T02:48:20.538+0000] {processor.py:156} INFO - Started process (PID=10202) to work on /home/airflow/.local/lib/python3.7/site-packages/airflow/example_dags/tutorial_taskflow_api.py
[2024-04-27T02:48:20.539+0000] {processor.py:758} INFO - Processing file /home/airflow/.local/lib/python3.7/site-packages/airflow/example_dags/tutorial_taskflow_api.py for tasks to queue
[2024-04-27T02:48:20.539+0000] {logging_mixin.py:117} INFO - [2024-04-27T02:48:20.539+0000] {dagbag.py:525} INFO - Filling up the DagBag from /home/airflow/.local/lib/python3.7/site-packages/airflow/example_dags/tutorial_taskflow_api.py
[2024-04-27T02:48:20.577+0000] {processor.py:768} INFO - DAG(s) dict_keys(['tutorial_taskflow_api']) retrieved from /home/airflow/.local/lib/python3.7/site-packages/airflow/example_dags/tutorial_taskflow_api.py
[2024-04-27T02:48:20.629+0000] {logging_mixin.py:117} INFO - [2024-04-27T02:48:20.629+0000] {dag.py:2573} INFO - Sync 1 DAGs
[2024-04-27T02:48:20.677+0000] {logging_mixin.py:117} INFO - [2024-04-27T02:48:20.677+0000] {dag.py:3328} INFO - Setting next_dagrun for tutorial_taskflow_api to None, run_after=None
[2024-04-27T02:48:20.710+0000] {processor.py:178} INFO - Processing /home/airflow/.local/lib/python3.7/site-packages/airflow/example_dags/tutorial_taskflow_api.py took 0.176 seconds
[2024-04-27T02:48:50.794+0000] {processor.py:156} INFO - Started process (PID=10412) to work on /home/airflow/.local/lib/python3.7/site-packages/airflow/example_dags/tutorial_taskflow_api.py
[2024-04-27T02:48:50.794+0000] {processor.py:758} INFO - Processing file /home/airflow/.local/lib/python3.7/site-packages/airflow/example_dags/tutorial_taskflow_api.py for tasks to queue
[2024-04-27T02:48:50.795+0000] {logging_mixin.py:117} INFO - [2024-04-27T02:48:50.795+0000] {dagbag.py:525} INFO - Filling up the DagBag from /home/airflow/.local/lib/python3.7/site-packages/airflow/example_dags/tutorial_taskflow_api.py
[2024-04-27T02:48:50.815+0000] {processor.py:768} INFO - DAG(s) dict_keys(['tutorial_taskflow_api']) retrieved from /home/airflow/.local/lib/python3.7/site-packages/airflow/example_dags/tutorial_taskflow_api.py
[2024-04-27T02:48:50.847+0000] {logging_mixin.py:117} INFO - [2024-04-27T02:48:50.847+0000] {dag.py:2573} INFO - Sync 1 DAGs
[2024-04-27T02:48:50.869+0000] {logging_mixin.py:117} INFO - [2024-04-27T02:48:50.869+0000] {dag.py:3328} INFO - Setting next_dagrun for tutorial_taskflow_api to None, run_after=None
[2024-04-27T02:48:50.895+0000] {processor.py:178} INFO - Processing /home/airflow/.local/lib/python3.7/site-packages/airflow/example_dags/tutorial_taskflow_api.py took 0.104 seconds
[2024-04-27T02:49:21.222+0000] {processor.py:156} INFO - Started process (PID=10627) to work on /home/airflow/.local/lib/python3.7/site-packages/airflow/example_dags/tutorial_taskflow_api.py
[2024-04-27T02:49:21.223+0000] {processor.py:758} INFO - Processing file /home/airflow/.local/lib/python3.7/site-packages/airflow/example_dags/tutorial_taskflow_api.py for tasks to queue
[2024-04-27T02:49:21.224+0000] {logging_mixin.py:117} INFO - [2024-04-27T02:49:21.224+0000] {dagbag.py:525} INFO - Filling up the DagBag from /home/airflow/.local/lib/python3.7/site-packages/airflow/example_dags/tutorial_taskflow_api.py
[2024-04-27T02:49:21.257+0000] {processor.py:768} INFO - DAG(s) dict_keys(['tutorial_taskflow_api']) retrieved from /home/airflow/.local/lib/python3.7/site-packages/airflow/example_dags/tutorial_taskflow_api.py
[2024-04-27T02:49:21.300+0000] {logging_mixin.py:117} INFO - [2024-04-27T02:49:21.300+0000] {dag.py:2573} INFO - Sync 1 DAGs
[2024-04-27T02:49:21.321+0000] {logging_mixin.py:117} INFO - [2024-04-27T02:49:21.321+0000] {dag.py:3328} INFO - Setting next_dagrun for tutorial_taskflow_api to None, run_after=None
[2024-04-27T02:49:21.341+0000] {processor.py:178} INFO - Processing /home/airflow/.local/lib/python3.7/site-packages/airflow/example_dags/tutorial_taskflow_api.py took 0.122 seconds
[2024-04-27T02:49:52.815+0000] {processor.py:156} INFO - Started process (PID=10845) to work on /home/airflow/.local/lib/python3.7/site-packages/airflow/example_dags/tutorial_taskflow_api.py
[2024-04-27T02:49:52.816+0000] {processor.py:758} INFO - Processing file /home/airflow/.local/lib/python3.7/site-packages/airflow/example_dags/tutorial_taskflow_api.py for tasks to queue
[2024-04-27T02:49:52.816+0000] {logging_mixin.py:117} INFO - [2024-04-27T02:49:52.816+0000] {dagbag.py:525} INFO - Filling up the DagBag from /home/airflow/.local/lib/python3.7/site-packages/airflow/example_dags/tutorial_taskflow_api.py
[2024-04-27T02:49:52.844+0000] {processor.py:768} INFO - DAG(s) dict_keys(['tutorial_taskflow_api']) retrieved from /home/airflow/.local/lib/python3.7/site-packages/airflow/example_dags/tutorial_taskflow_api.py
[2024-04-27T02:49:52.889+0000] {logging_mixin.py:117} INFO - [2024-04-27T02:49:52.889+0000] {dag.py:2573} INFO - Sync 1 DAGs
[2024-04-27T02:49:52.921+0000] {logging_mixin.py:117} INFO - [2024-04-27T02:49:52.921+0000] {dag.py:3328} INFO - Setting next_dagrun for tutorial_taskflow_api to None, run_after=None
[2024-04-27T02:49:52.949+0000] {processor.py:178} INFO - Processing /home/airflow/.local/lib/python3.7/site-packages/airflow/example_dags/tutorial_taskflow_api.py took 0.137 seconds
[2024-04-27T02:50:23.633+0000] {processor.py:156} INFO - Started process (PID=11056) to work on /home/airflow/.local/lib/python3.7/site-packages/airflow/example_dags/tutorial_taskflow_api.py
[2024-04-27T02:50:23.634+0000] {processor.py:758} INFO - Processing file /home/airflow/.local/lib/python3.7/site-packages/airflow/example_dags/tutorial_taskflow_api.py for tasks to queue
[2024-04-27T02:50:23.635+0000] {logging_mixin.py:117} INFO - [2024-04-27T02:50:23.635+0000] {dagbag.py:525} INFO - Filling up the DagBag from /home/airflow/.local/lib/python3.7/site-packages/airflow/example_dags/tutorial_taskflow_api.py
[2024-04-27T02:50:23.665+0000] {processor.py:768} INFO - DAG(s) dict_keys(['tutorial_taskflow_api']) retrieved from /home/airflow/.local/lib/python3.7/site-packages/airflow/example_dags/tutorial_taskflow_api.py
[2024-04-27T02:50:23.716+0000] {logging_mixin.py:117} INFO - [2024-04-27T02:50:23.716+0000] {dag.py:2573} INFO - Sync 1 DAGs
[2024-04-27T02:50:23.740+0000] {logging_mixin.py:117} INFO - [2024-04-27T02:50:23.740+0000] {dag.py:3328} INFO - Setting next_dagrun for tutorial_taskflow_api to None, run_after=None
[2024-04-27T02:50:23.764+0000] {processor.py:178} INFO - Processing /home/airflow/.local/lib/python3.7/site-packages/airflow/example_dags/tutorial_taskflow_api.py took 0.134 seconds
[2024-04-27T02:50:54.508+0000] {processor.py:156} INFO - Started process (PID=11273) to work on /home/airflow/.local/lib/python3.7/site-packages/airflow/example_dags/tutorial_taskflow_api.py
[2024-04-27T02:50:54.508+0000] {processor.py:758} INFO - Processing file /home/airflow/.local/lib/python3.7/site-packages/airflow/example_dags/tutorial_taskflow_api.py for tasks to queue
[2024-04-27T02:50:54.509+0000] {logging_mixin.py:117} INFO - [2024-04-27T02:50:54.509+0000] {dagbag.py:525} INFO - Filling up the DagBag from /home/airflow/.local/lib/python3.7/site-packages/airflow/example_dags/tutorial_taskflow_api.py
[2024-04-27T02:50:54.532+0000] {processor.py:768} INFO - DAG(s) dict_keys(['tutorial_taskflow_api']) retrieved from /home/airflow/.local/lib/python3.7/site-packages/airflow/example_dags/tutorial_taskflow_api.py
[2024-04-27T02:50:54.572+0000] {logging_mixin.py:117} INFO - [2024-04-27T02:50:54.572+0000] {dag.py:2573} INFO - Sync 1 DAGs
[2024-04-27T02:50:54.591+0000] {logging_mixin.py:117} INFO - [2024-04-27T02:50:54.591+0000] {dag.py:3328} INFO - Setting next_dagrun for tutorial_taskflow_api to None, run_after=None
[2024-04-27T02:50:54.613+0000] {processor.py:178} INFO - Processing /home/airflow/.local/lib/python3.7/site-packages/airflow/example_dags/tutorial_taskflow_api.py took 0.109 seconds
[2024-04-27T02:51:25.423+0000] {processor.py:156} INFO - Started process (PID=11488) to work on /home/airflow/.local/lib/python3.7/site-packages/airflow/example_dags/tutorial_taskflow_api.py
[2024-04-27T02:51:25.432+0000] {processor.py:758} INFO - Processing file /home/airflow/.local/lib/python3.7/site-packages/airflow/example_dags/tutorial_taskflow_api.py for tasks to queue
[2024-04-27T02:51:25.433+0000] {logging_mixin.py:117} INFO - [2024-04-27T02:51:25.433+0000] {dagbag.py:525} INFO - Filling up the DagBag from /home/airflow/.local/lib/python3.7/site-packages/airflow/example_dags/tutorial_taskflow_api.py
[2024-04-27T02:51:25.481+0000] {processor.py:768} INFO - DAG(s) dict_keys(['tutorial_taskflow_api']) retrieved from /home/airflow/.local/lib/python3.7/site-packages/airflow/example_dags/tutorial_taskflow_api.py
[2024-04-27T02:51:25.560+0000] {logging_mixin.py:117} INFO - [2024-04-27T02:51:25.560+0000] {dag.py:2573} INFO - Sync 1 DAGs
[2024-04-27T02:51:25.662+0000] {logging_mixin.py:117} INFO - [2024-04-27T02:51:25.662+0000] {dag.py:3328} INFO - Setting next_dagrun for tutorial_taskflow_api to None, run_after=None
[2024-04-27T02:51:25.707+0000] {processor.py:178} INFO - Processing /home/airflow/.local/lib/python3.7/site-packages/airflow/example_dags/tutorial_taskflow_api.py took 0.289 seconds
[2024-04-27T02:51:56.560+0000] {processor.py:156} INFO - Started process (PID=11697) to work on /home/airflow/.local/lib/python3.7/site-packages/airflow/example_dags/tutorial_taskflow_api.py
[2024-04-27T02:51:56.561+0000] {processor.py:758} INFO - Processing file /home/airflow/.local/lib/python3.7/site-packages/airflow/example_dags/tutorial_taskflow_api.py for tasks to queue
[2024-04-27T02:51:56.563+0000] {logging_mixin.py:117} INFO - [2024-04-27T02:51:56.562+0000] {dagbag.py:525} INFO - Filling up the DagBag from /home/airflow/.local/lib/python3.7/site-packages/airflow/example_dags/tutorial_taskflow_api.py
[2024-04-27T02:51:56.590+0000] {processor.py:768} INFO - DAG(s) dict_keys(['tutorial_taskflow_api']) retrieved from /home/airflow/.local/lib/python3.7/site-packages/airflow/example_dags/tutorial_taskflow_api.py
[2024-04-27T02:51:56.633+0000] {logging_mixin.py:117} INFO - [2024-04-27T02:51:56.633+0000] {dag.py:2573} INFO - Sync 1 DAGs
[2024-04-27T02:51:56.665+0000] {logging_mixin.py:117} INFO - [2024-04-27T02:51:56.664+0000] {dag.py:3328} INFO - Setting next_dagrun for tutorial_taskflow_api to None, run_after=None
[2024-04-27T02:51:56.695+0000] {processor.py:178} INFO - Processing /home/airflow/.local/lib/python3.7/site-packages/airflow/example_dags/tutorial_taskflow_api.py took 0.138 seconds
[2024-04-27T02:52:27.491+0000] {processor.py:156} INFO - Started process (PID=11917) to work on /home/airflow/.local/lib/python3.7/site-packages/airflow/example_dags/tutorial_taskflow_api.py
[2024-04-27T02:52:27.492+0000] {processor.py:758} INFO - Processing file /home/airflow/.local/lib/python3.7/site-packages/airflow/example_dags/tutorial_taskflow_api.py for tasks to queue
[2024-04-27T02:52:27.493+0000] {logging_mixin.py:117} INFO - [2024-04-27T02:52:27.492+0000] {dagbag.py:525} INFO - Filling up the DagBag from /home/airflow/.local/lib/python3.7/site-packages/airflow/example_dags/tutorial_taskflow_api.py
[2024-04-27T02:52:27.520+0000] {processor.py:768} INFO - DAG(s) dict_keys(['tutorial_taskflow_api']) retrieved from /home/airflow/.local/lib/python3.7/site-packages/airflow/example_dags/tutorial_taskflow_api.py
[2024-04-27T02:52:27.568+0000] {logging_mixin.py:117} INFO - [2024-04-27T02:52:27.567+0000] {dag.py:2573} INFO - Sync 1 DAGs
[2024-04-27T02:52:27.594+0000] {logging_mixin.py:117} INFO - [2024-04-27T02:52:27.594+0000] {dag.py:3328} INFO - Setting next_dagrun for tutorial_taskflow_api to None, run_after=None
[2024-04-27T02:52:27.620+0000] {processor.py:178} INFO - Processing /home/airflow/.local/lib/python3.7/site-packages/airflow/example_dags/tutorial_taskflow_api.py took 0.133 seconds
[2024-04-27T02:52:58.376+0000] {processor.py:156} INFO - Started process (PID=12138) to work on /home/airflow/.local/lib/python3.7/site-packages/airflow/example_dags/tutorial_taskflow_api.py
[2024-04-27T02:52:58.377+0000] {processor.py:758} INFO - Processing file /home/airflow/.local/lib/python3.7/site-packages/airflow/example_dags/tutorial_taskflow_api.py for tasks to queue
[2024-04-27T02:52:58.377+0000] {logging_mixin.py:117} INFO - [2024-04-27T02:52:58.377+0000] {dagbag.py:525} INFO - Filling up the DagBag from /home/airflow/.local/lib/python3.7/site-packages/airflow/example_dags/tutorial_taskflow_api.py
[2024-04-27T02:52:58.405+0000] {processor.py:768} INFO - DAG(s) dict_keys(['tutorial_taskflow_api']) retrieved from /home/airflow/.local/lib/python3.7/site-packages/airflow/example_dags/tutorial_taskflow_api.py
[2024-04-27T02:52:58.451+0000] {logging_mixin.py:117} INFO - [2024-04-27T02:52:58.451+0000] {dag.py:2573} INFO - Sync 1 DAGs
[2024-04-27T02:52:58.481+0000] {logging_mixin.py:117} INFO - [2024-04-27T02:52:58.481+0000] {dag.py:3328} INFO - Setting next_dagrun for tutorial_taskflow_api to None, run_after=None
[2024-04-27T02:52:58.507+0000] {processor.py:178} INFO - Processing /home/airflow/.local/lib/python3.7/site-packages/airflow/example_dags/tutorial_taskflow_api.py took 0.135 seconds
[2024-04-27T02:53:29.376+0000] {processor.py:156} INFO - Started process (PID=12351) to work on /home/airflow/.local/lib/python3.7/site-packages/airflow/example_dags/tutorial_taskflow_api.py
[2024-04-27T02:53:29.379+0000] {processor.py:758} INFO - Processing file /home/airflow/.local/lib/python3.7/site-packages/airflow/example_dags/tutorial_taskflow_api.py for tasks to queue
[2024-04-27T02:53:29.382+0000] {logging_mixin.py:117} INFO - [2024-04-27T02:53:29.381+0000] {dagbag.py:525} INFO - Filling up the DagBag from /home/airflow/.local/lib/python3.7/site-packages/airflow/example_dags/tutorial_taskflow_api.py
[2024-04-27T02:53:29.432+0000] {processor.py:768} INFO - DAG(s) dict_keys(['tutorial_taskflow_api']) retrieved from /home/airflow/.local/lib/python3.7/site-packages/airflow/example_dags/tutorial_taskflow_api.py
[2024-04-27T02:53:29.525+0000] {logging_mixin.py:117} INFO - [2024-04-27T02:53:29.525+0000] {dag.py:2573} INFO - Sync 1 DAGs
[2024-04-27T02:53:29.600+0000] {logging_mixin.py:117} INFO - [2024-04-27T02:53:29.600+0000] {dag.py:3328} INFO - Setting next_dagrun for tutorial_taskflow_api to None, run_after=None
[2024-04-27T02:53:29.645+0000] {processor.py:178} INFO - Processing /home/airflow/.local/lib/python3.7/site-packages/airflow/example_dags/tutorial_taskflow_api.py took 0.273 seconds
[2024-04-27T02:54:00.371+0000] {processor.py:156} INFO - Started process (PID=12564) to work on /home/airflow/.local/lib/python3.7/site-packages/airflow/example_dags/tutorial_taskflow_api.py
[2024-04-27T02:54:00.372+0000] {processor.py:758} INFO - Processing file /home/airflow/.local/lib/python3.7/site-packages/airflow/example_dags/tutorial_taskflow_api.py for tasks to queue
[2024-04-27T02:54:00.373+0000] {logging_mixin.py:117} INFO - [2024-04-27T02:54:00.373+0000] {dagbag.py:525} INFO - Filling up the DagBag from /home/airflow/.local/lib/python3.7/site-packages/airflow/example_dags/tutorial_taskflow_api.py
[2024-04-27T02:54:00.399+0000] {processor.py:768} INFO - DAG(s) dict_keys(['tutorial_taskflow_api']) retrieved from /home/airflow/.local/lib/python3.7/site-packages/airflow/example_dags/tutorial_taskflow_api.py
[2024-04-27T02:54:00.468+0000] {logging_mixin.py:117} INFO - [2024-04-27T02:54:00.468+0000] {dag.py:2573} INFO - Sync 1 DAGs
[2024-04-27T02:54:00.503+0000] {logging_mixin.py:117} INFO - [2024-04-27T02:54:00.503+0000] {dag.py:3328} INFO - Setting next_dagrun for tutorial_taskflow_api to None, run_after=None
[2024-04-27T02:54:00.531+0000] {processor.py:178} INFO - Processing /home/airflow/.local/lib/python3.7/site-packages/airflow/example_dags/tutorial_taskflow_api.py took 0.164 seconds
[2024-04-27T02:54:31.431+0000] {processor.py:156} INFO - Started process (PID=12780) to work on /home/airflow/.local/lib/python3.7/site-packages/airflow/example_dags/tutorial_taskflow_api.py
[2024-04-27T02:54:31.433+0000] {processor.py:758} INFO - Processing file /home/airflow/.local/lib/python3.7/site-packages/airflow/example_dags/tutorial_taskflow_api.py for tasks to queue
[2024-04-27T02:54:31.433+0000] {logging_mixin.py:117} INFO - [2024-04-27T02:54:31.433+0000] {dagbag.py:525} INFO - Filling up the DagBag from /home/airflow/.local/lib/python3.7/site-packages/airflow/example_dags/tutorial_taskflow_api.py
[2024-04-27T02:54:31.462+0000] {processor.py:768} INFO - DAG(s) dict_keys(['tutorial_taskflow_api']) retrieved from /home/airflow/.local/lib/python3.7/site-packages/airflow/example_dags/tutorial_taskflow_api.py
[2024-04-27T02:54:31.509+0000] {logging_mixin.py:117} INFO - [2024-04-27T02:54:31.509+0000] {dag.py:2573} INFO - Sync 1 DAGs
[2024-04-27T02:54:31.543+0000] {logging_mixin.py:117} INFO - [2024-04-27T02:54:31.543+0000] {dag.py:3328} INFO - Setting next_dagrun for tutorial_taskflow_api to None, run_after=None
[2024-04-27T02:54:31.568+0000] {processor.py:178} INFO - Processing /home/airflow/.local/lib/python3.7/site-packages/airflow/example_dags/tutorial_taskflow_api.py took 0.140 seconds
[2024-04-27T02:55:02.460+0000] {processor.py:156} INFO - Started process (PID=12988) to work on /home/airflow/.local/lib/python3.7/site-packages/airflow/example_dags/tutorial_taskflow_api.py
[2024-04-27T02:55:02.461+0000] {processor.py:758} INFO - Processing file /home/airflow/.local/lib/python3.7/site-packages/airflow/example_dags/tutorial_taskflow_api.py for tasks to queue
[2024-04-27T02:55:02.462+0000] {logging_mixin.py:117} INFO - [2024-04-27T02:55:02.462+0000] {dagbag.py:525} INFO - Filling up the DagBag from /home/airflow/.local/lib/python3.7/site-packages/airflow/example_dags/tutorial_taskflow_api.py
[2024-04-27T02:55:02.491+0000] {processor.py:768} INFO - DAG(s) dict_keys(['tutorial_taskflow_api']) retrieved from /home/airflow/.local/lib/python3.7/site-packages/airflow/example_dags/tutorial_taskflow_api.py
[2024-04-27T02:55:02.538+0000] {logging_mixin.py:117} INFO - [2024-04-27T02:55:02.538+0000] {dag.py:2573} INFO - Sync 1 DAGs
[2024-04-27T02:55:02.571+0000] {logging_mixin.py:117} INFO - [2024-04-27T02:55:02.570+0000] {dag.py:3328} INFO - Setting next_dagrun for tutorial_taskflow_api to None, run_after=None
[2024-04-27T02:55:02.598+0000] {processor.py:178} INFO - Processing /home/airflow/.local/lib/python3.7/site-packages/airflow/example_dags/tutorial_taskflow_api.py took 0.140 seconds
[2024-04-27T02:55:32.898+0000] {processor.py:156} INFO - Started process (PID=13207) to work on /home/airflow/.local/lib/python3.7/site-packages/airflow/example_dags/tutorial_taskflow_api.py
[2024-04-27T02:55:32.899+0000] {processor.py:758} INFO - Processing file /home/airflow/.local/lib/python3.7/site-packages/airflow/example_dags/tutorial_taskflow_api.py for tasks to queue
[2024-04-27T02:55:32.900+0000] {logging_mixin.py:117} INFO - [2024-04-27T02:55:32.900+0000] {dagbag.py:525} INFO - Filling up the DagBag from /home/airflow/.local/lib/python3.7/site-packages/airflow/example_dags/tutorial_taskflow_api.py
[2024-04-27T02:55:32.930+0000] {processor.py:768} INFO - DAG(s) dict_keys(['tutorial_taskflow_api']) retrieved from /home/airflow/.local/lib/python3.7/site-packages/airflow/example_dags/tutorial_taskflow_api.py
[2024-04-27T02:55:32.978+0000] {logging_mixin.py:117} INFO - [2024-04-27T02:55:32.978+0000] {dag.py:2573} INFO - Sync 1 DAGs
[2024-04-27T02:55:33.028+0000] {logging_mixin.py:117} INFO - [2024-04-27T02:55:33.028+0000] {dag.py:3328} INFO - Setting next_dagrun for tutorial_taskflow_api to None, run_after=None
[2024-04-27T02:55:33.069+0000] {processor.py:178} INFO - Processing /home/airflow/.local/lib/python3.7/site-packages/airflow/example_dags/tutorial_taskflow_api.py took 0.174 seconds
[2024-04-27T02:56:03.445+0000] {processor.py:156} INFO - Started process (PID=13423) to work on /home/airflow/.local/lib/python3.7/site-packages/airflow/example_dags/tutorial_taskflow_api.py
[2024-04-27T02:56:03.446+0000] {processor.py:758} INFO - Processing file /home/airflow/.local/lib/python3.7/site-packages/airflow/example_dags/tutorial_taskflow_api.py for tasks to queue
[2024-04-27T02:56:03.447+0000] {logging_mixin.py:117} INFO - [2024-04-27T02:56:03.447+0000] {dagbag.py:525} INFO - Filling up the DagBag from /home/airflow/.local/lib/python3.7/site-packages/airflow/example_dags/tutorial_taskflow_api.py
[2024-04-27T02:56:03.476+0000] {processor.py:768} INFO - DAG(s) dict_keys(['tutorial_taskflow_api']) retrieved from /home/airflow/.local/lib/python3.7/site-packages/airflow/example_dags/tutorial_taskflow_api.py
[2024-04-27T02:56:03.523+0000] {logging_mixin.py:117} INFO - [2024-04-27T02:56:03.523+0000] {dag.py:2573} INFO - Sync 1 DAGs
[2024-04-27T02:56:03.560+0000] {logging_mixin.py:117} INFO - [2024-04-27T02:56:03.560+0000] {dag.py:3328} INFO - Setting next_dagrun for tutorial_taskflow_api to None, run_after=None
[2024-04-27T02:56:03.587+0000] {processor.py:178} INFO - Processing /home/airflow/.local/lib/python3.7/site-packages/airflow/example_dags/tutorial_taskflow_api.py took 0.145 seconds
[2024-04-27T02:56:33.797+0000] {processor.py:156} INFO - Started process (PID=13631) to work on /home/airflow/.local/lib/python3.7/site-packages/airflow/example_dags/tutorial_taskflow_api.py
[2024-04-27T02:56:33.798+0000] {processor.py:758} INFO - Processing file /home/airflow/.local/lib/python3.7/site-packages/airflow/example_dags/tutorial_taskflow_api.py for tasks to queue
[2024-04-27T02:56:33.799+0000] {logging_mixin.py:117} INFO - [2024-04-27T02:56:33.799+0000] {dagbag.py:525} INFO - Filling up the DagBag from /home/airflow/.local/lib/python3.7/site-packages/airflow/example_dags/tutorial_taskflow_api.py
[2024-04-27T02:56:33.827+0000] {processor.py:768} INFO - DAG(s) dict_keys(['tutorial_taskflow_api']) retrieved from /home/airflow/.local/lib/python3.7/site-packages/airflow/example_dags/tutorial_taskflow_api.py
[2024-04-27T02:56:33.875+0000] {logging_mixin.py:117} INFO - [2024-04-27T02:56:33.875+0000] {dag.py:2573} INFO - Sync 1 DAGs
[2024-04-27T02:56:33.929+0000] {logging_mixin.py:117} INFO - [2024-04-27T02:56:33.928+0000] {dag.py:3328} INFO - Setting next_dagrun for tutorial_taskflow_api to None, run_after=None
[2024-04-27T02:56:33.975+0000] {processor.py:178} INFO - Processing /home/airflow/.local/lib/python3.7/site-packages/airflow/example_dags/tutorial_taskflow_api.py took 0.181 seconds
[2024-04-27T02:57:04.303+0000] {processor.py:156} INFO - Started process (PID=13849) to work on /home/airflow/.local/lib/python3.7/site-packages/airflow/example_dags/tutorial_taskflow_api.py
[2024-04-27T02:57:04.304+0000] {processor.py:758} INFO - Processing file /home/airflow/.local/lib/python3.7/site-packages/airflow/example_dags/tutorial_taskflow_api.py for tasks to queue
[2024-04-27T02:57:04.305+0000] {logging_mixin.py:117} INFO - [2024-04-27T02:57:04.304+0000] {dagbag.py:525} INFO - Filling up the DagBag from /home/airflow/.local/lib/python3.7/site-packages/airflow/example_dags/tutorial_taskflow_api.py
[2024-04-27T02:57:04.333+0000] {processor.py:768} INFO - DAG(s) dict_keys(['tutorial_taskflow_api']) retrieved from /home/airflow/.local/lib/python3.7/site-packages/airflow/example_dags/tutorial_taskflow_api.py
[2024-04-27T02:57:04.376+0000] {logging_mixin.py:117} INFO - [2024-04-27T02:57:04.376+0000] {dag.py:2573} INFO - Sync 1 DAGs
[2024-04-27T02:57:04.404+0000] {logging_mixin.py:117} INFO - [2024-04-27T02:57:04.404+0000] {dag.py:3328} INFO - Setting next_dagrun for tutorial_taskflow_api to None, run_after=None
[2024-04-27T02:57:04.439+0000] {processor.py:178} INFO - Processing /home/airflow/.local/lib/python3.7/site-packages/airflow/example_dags/tutorial_taskflow_api.py took 0.139 seconds
[2024-04-27T02:57:35.334+0000] {processor.py:156} INFO - Started process (PID=14069) to work on /home/airflow/.local/lib/python3.7/site-packages/airflow/example_dags/tutorial_taskflow_api.py
[2024-04-27T02:57:35.336+0000] {processor.py:758} INFO - Processing file /home/airflow/.local/lib/python3.7/site-packages/airflow/example_dags/tutorial_taskflow_api.py for tasks to queue
[2024-04-27T02:57:35.337+0000] {logging_mixin.py:117} INFO - [2024-04-27T02:57:35.337+0000] {dagbag.py:525} INFO - Filling up the DagBag from /home/airflow/.local/lib/python3.7/site-packages/airflow/example_dags/tutorial_taskflow_api.py
[2024-04-27T02:57:35.375+0000] {processor.py:768} INFO - DAG(s) dict_keys(['tutorial_taskflow_api']) retrieved from /home/airflow/.local/lib/python3.7/site-packages/airflow/example_dags/tutorial_taskflow_api.py
[2024-04-27T02:57:35.447+0000] {logging_mixin.py:117} INFO - [2024-04-27T02:57:35.446+0000] {dag.py:2573} INFO - Sync 1 DAGs
[2024-04-27T02:57:35.532+0000] {logging_mixin.py:117} INFO - [2024-04-27T02:57:35.531+0000] {dag.py:3328} INFO - Setting next_dagrun for tutorial_taskflow_api to None, run_after=None
[2024-04-27T02:57:35.619+0000] {processor.py:178} INFO - Processing /home/airflow/.local/lib/python3.7/site-packages/airflow/example_dags/tutorial_taskflow_api.py took 0.288 seconds
[2024-04-27T03:11:39.355+0000] {processor.py:156} INFO - Started process (PID=292) to work on /home/airflow/.local/lib/python3.7/site-packages/airflow/example_dags/tutorial_taskflow_api.py
[2024-04-27T03:11:39.356+0000] {processor.py:758} INFO - Processing file /home/airflow/.local/lib/python3.7/site-packages/airflow/example_dags/tutorial_taskflow_api.py for tasks to queue
[2024-04-27T03:11:39.357+0000] {logging_mixin.py:117} INFO - [2024-04-27T03:11:39.357+0000] {dagbag.py:525} INFO - Filling up the DagBag from /home/airflow/.local/lib/python3.7/site-packages/airflow/example_dags/tutorial_taskflow_api.py
[2024-04-27T03:11:39.446+0000] {processor.py:768} INFO - DAG(s) dict_keys(['tutorial_taskflow_api']) retrieved from /home/airflow/.local/lib/python3.7/site-packages/airflow/example_dags/tutorial_taskflow_api.py
[2024-04-27T03:11:39.560+0000] {logging_mixin.py:117} INFO - [2024-04-27T03:11:39.560+0000] {dag.py:2573} INFO - Sync 1 DAGs
[2024-04-27T03:11:39.652+0000] {logging_mixin.py:117} INFO - [2024-04-27T03:11:39.652+0000] {dag.py:3328} INFO - Setting next_dagrun for tutorial_taskflow_api to None, run_after=None
[2024-04-27T03:11:39.694+0000] {processor.py:178} INFO - Processing /home/airflow/.local/lib/python3.7/site-packages/airflow/example_dags/tutorial_taskflow_api.py took 0.342 seconds
