[2024-04-28T06:13:54.786+0000] {processor.py:156} INFO - Started process (PID=173) to work on /opt/airflow/dags/hello.py
[2024-04-28T06:13:54.787+0000] {processor.py:758} INFO - Processing file /opt/airflow/dags/hello.py for tasks to queue
[2024-04-28T06:13:54.788+0000] {logging_mixin.py:117} INFO - [2024-04-28T06:13:54.788+0000] {dagbag.py:525} INFO - Filling up the DagBag from /opt/airflow/dags/hello.py
[2024-04-28T06:13:54.881+0000] {processor.py:768} INFO - DAG(s) dict_keys(['hello']) retrieved from /opt/airflow/dags/hello.py
[2024-04-28T06:13:54.948+0000] {logging_mixin.py:117} INFO - [2024-04-28T06:13:54.948+0000] {dag.py:2573} INFO - Sync 1 DAGs
[2024-04-28T06:13:54.991+0000] {logging_mixin.py:117} INFO - [2024-04-28T06:13:54.991+0000] {dag.py:3328} INFO - Setting next_dagrun for hello to None, run_after=None
[2024-04-28T06:13:55.019+0000] {processor.py:178} INFO - Processing /opt/airflow/dags/hello.py took 0.236 seconds
[2024-04-28T06:14:25.848+0000] {processor.py:156} INFO - Started process (PID=381) to work on /opt/airflow/dags/hello.py
[2024-04-28T06:14:25.849+0000] {processor.py:758} INFO - Processing file /opt/airflow/dags/hello.py for tasks to queue
[2024-04-28T06:14:25.849+0000] {logging_mixin.py:117} INFO - [2024-04-28T06:14:25.849+0000] {dagbag.py:525} INFO - Filling up the DagBag from /opt/airflow/dags/hello.py
[2024-04-28T06:14:25.872+0000] {processor.py:768} INFO - DAG(s) dict_keys(['hello']) retrieved from /opt/airflow/dags/hello.py
[2024-04-28T06:14:25.918+0000] {logging_mixin.py:117} INFO - [2024-04-28T06:14:25.918+0000] {dag.py:2573} INFO - Sync 1 DAGs
[2024-04-28T06:14:25.956+0000] {logging_mixin.py:117} INFO - [2024-04-28T06:14:25.956+0000] {dag.py:3328} INFO - Setting next_dagrun for hello to None, run_after=None
[2024-04-28T06:14:25.992+0000] {processor.py:178} INFO - Processing /opt/airflow/dags/hello.py took 0.147 seconds
[2024-04-28T06:14:56.495+0000] {processor.py:156} INFO - Started process (PID=601) to work on /opt/airflow/dags/hello.py
[2024-04-28T06:14:56.495+0000] {processor.py:758} INFO - Processing file /opt/airflow/dags/hello.py for tasks to queue
[2024-04-28T06:14:56.496+0000] {logging_mixin.py:117} INFO - [2024-04-28T06:14:56.496+0000] {dagbag.py:525} INFO - Filling up the DagBag from /opt/airflow/dags/hello.py
[2024-04-28T06:14:56.515+0000] {processor.py:768} INFO - DAG(s) dict_keys(['hello']) retrieved from /opt/airflow/dags/hello.py
[2024-04-28T06:14:56.564+0000] {logging_mixin.py:117} INFO - [2024-04-28T06:14:56.564+0000] {dag.py:2573} INFO - Sync 1 DAGs
[2024-04-28T06:14:56.596+0000] {logging_mixin.py:117} INFO - [2024-04-28T06:14:56.596+0000] {dag.py:3328} INFO - Setting next_dagrun for hello to None, run_after=None
[2024-04-28T06:14:56.620+0000] {processor.py:178} INFO - Processing /opt/airflow/dags/hello.py took 0.128 seconds
[2024-04-28T06:15:27.391+0000] {processor.py:156} INFO - Started process (PID=819) to work on /opt/airflow/dags/hello.py
[2024-04-28T06:15:27.391+0000] {processor.py:758} INFO - Processing file /opt/airflow/dags/hello.py for tasks to queue
[2024-04-28T06:15:27.392+0000] {logging_mixin.py:117} INFO - [2024-04-28T06:15:27.392+0000] {dagbag.py:525} INFO - Filling up the DagBag from /opt/airflow/dags/hello.py
[2024-04-28T06:15:27.412+0000] {processor.py:768} INFO - DAG(s) dict_keys(['hello']) retrieved from /opt/airflow/dags/hello.py
[2024-04-28T06:15:27.459+0000] {logging_mixin.py:117} INFO - [2024-04-28T06:15:27.459+0000] {dag.py:2573} INFO - Sync 1 DAGs
[2024-04-28T06:15:27.492+0000] {logging_mixin.py:117} INFO - [2024-04-28T06:15:27.492+0000] {dag.py:3328} INFO - Setting next_dagrun for hello to None, run_after=None
[2024-04-28T06:15:27.516+0000] {processor.py:178} INFO - Processing /opt/airflow/dags/hello.py took 0.128 seconds
[2024-04-28T06:15:57.548+0000] {processor.py:156} INFO - Started process (PID=1028) to work on /opt/airflow/dags/hello.py
[2024-04-28T06:15:57.549+0000] {processor.py:758} INFO - Processing file /opt/airflow/dags/hello.py for tasks to queue
[2024-04-28T06:15:57.550+0000] {logging_mixin.py:117} INFO - [2024-04-28T06:15:57.549+0000] {dagbag.py:525} INFO - Filling up the DagBag from /opt/airflow/dags/hello.py
[2024-04-28T06:15:57.569+0000] {processor.py:768} INFO - DAG(s) dict_keys(['hello']) retrieved from /opt/airflow/dags/hello.py
[2024-04-28T06:15:57.616+0000] {logging_mixin.py:117} INFO - [2024-04-28T06:15:57.616+0000] {dag.py:2573} INFO - Sync 1 DAGs
[2024-04-28T06:15:57.647+0000] {logging_mixin.py:117} INFO - [2024-04-28T06:15:57.647+0000] {dag.py:3328} INFO - Setting next_dagrun for hello to None, run_after=None
[2024-04-28T06:15:57.675+0000] {processor.py:178} INFO - Processing /opt/airflow/dags/hello.py took 0.130 seconds
[2024-04-28T06:16:28.015+0000] {processor.py:156} INFO - Started process (PID=1248) to work on /opt/airflow/dags/hello.py
[2024-04-28T06:16:28.015+0000] {processor.py:758} INFO - Processing file /opt/airflow/dags/hello.py for tasks to queue
[2024-04-28T06:16:28.016+0000] {logging_mixin.py:117} INFO - [2024-04-28T06:16:28.016+0000] {dagbag.py:525} INFO - Filling up the DagBag from /opt/airflow/dags/hello.py
[2024-04-28T06:16:28.036+0000] {processor.py:768} INFO - DAG(s) dict_keys(['hello']) retrieved from /opt/airflow/dags/hello.py
[2024-04-28T06:16:28.085+0000] {logging_mixin.py:117} INFO - [2024-04-28T06:16:28.085+0000] {dag.py:2573} INFO - Sync 1 DAGs
[2024-04-28T06:16:28.118+0000] {logging_mixin.py:117} INFO - [2024-04-28T06:16:28.118+0000] {dag.py:3328} INFO - Setting next_dagrun for hello to None, run_after=None
[2024-04-28T06:16:28.303+0000] {processor.py:178} INFO - Processing /opt/airflow/dags/hello.py took 0.291 seconds
[2024-04-28T06:16:58.836+0000] {processor.py:156} INFO - Started process (PID=1465) to work on /opt/airflow/dags/hello.py
[2024-04-28T06:16:58.836+0000] {processor.py:758} INFO - Processing file /opt/airflow/dags/hello.py for tasks to queue
[2024-04-28T06:16:58.837+0000] {logging_mixin.py:117} INFO - [2024-04-28T06:16:58.837+0000] {dagbag.py:525} INFO - Filling up the DagBag from /opt/airflow/dags/hello.py
[2024-04-28T06:16:58.855+0000] {processor.py:768} INFO - DAG(s) dict_keys(['hello']) retrieved from /opt/airflow/dags/hello.py
[2024-04-28T06:16:58.901+0000] {logging_mixin.py:117} INFO - [2024-04-28T06:16:58.901+0000] {dag.py:2573} INFO - Sync 1 DAGs
[2024-04-28T06:16:59.071+0000] {logging_mixin.py:117} INFO - [2024-04-28T06:16:59.071+0000] {dag.py:3328} INFO - Setting next_dagrun for hello to None, run_after=None
[2024-04-28T06:16:59.096+0000] {processor.py:178} INFO - Processing /opt/airflow/dags/hello.py took 0.265 seconds
[2024-04-28T06:17:29.163+0000] {processor.py:156} INFO - Started process (PID=1673) to work on /opt/airflow/dags/hello.py
[2024-04-28T06:17:29.164+0000] {processor.py:758} INFO - Processing file /opt/airflow/dags/hello.py for tasks to queue
[2024-04-28T06:17:29.165+0000] {logging_mixin.py:117} INFO - [2024-04-28T06:17:29.165+0000] {dagbag.py:525} INFO - Filling up the DagBag from /opt/airflow/dags/hello.py
[2024-04-28T06:17:29.184+0000] {processor.py:768} INFO - DAG(s) dict_keys(['hello']) retrieved from /opt/airflow/dags/hello.py
[2024-04-28T06:17:29.376+0000] {logging_mixin.py:117} INFO - [2024-04-28T06:17:29.376+0000] {dag.py:2573} INFO - Sync 1 DAGs
[2024-04-28T06:17:29.405+0000] {logging_mixin.py:117} INFO - [2024-04-28T06:17:29.405+0000] {dag.py:3328} INFO - Setting next_dagrun for hello to None, run_after=None
[2024-04-28T06:17:29.429+0000] {processor.py:178} INFO - Processing /opt/airflow/dags/hello.py took 0.269 seconds
[2024-04-28T06:17:59.688+0000] {processor.py:156} INFO - Started process (PID=1891) to work on /opt/airflow/dags/hello.py
[2024-04-28T06:17:59.689+0000] {processor.py:758} INFO - Processing file /opt/airflow/dags/hello.py for tasks to queue
[2024-04-28T06:17:59.689+0000] {logging_mixin.py:117} INFO - [2024-04-28T06:17:59.689+0000] {dagbag.py:525} INFO - Filling up the DagBag from /opt/airflow/dags/hello.py
[2024-04-28T06:17:59.709+0000] {processor.py:768} INFO - DAG(s) dict_keys(['hello']) retrieved from /opt/airflow/dags/hello.py
[2024-04-28T06:18:00.069+0000] {logging_mixin.py:117} INFO - [2024-04-28T06:18:00.069+0000] {dag.py:2573} INFO - Sync 1 DAGs
[2024-04-28T06:18:00.140+0000] {logging_mixin.py:117} INFO - [2024-04-28T06:18:00.139+0000] {dag.py:3328} INFO - Setting next_dagrun for hello to None, run_after=None
[2024-04-28T06:18:00.190+0000] {processor.py:178} INFO - Processing /opt/airflow/dags/hello.py took 0.505 seconds
[2024-04-28T06:18:31.165+0000] {processor.py:156} INFO - Started process (PID=2108) to work on /opt/airflow/dags/hello.py
[2024-04-28T06:18:31.166+0000] {processor.py:758} INFO - Processing file /opt/airflow/dags/hello.py for tasks to queue
[2024-04-28T06:18:31.166+0000] {logging_mixin.py:117} INFO - [2024-04-28T06:18:31.166+0000] {dagbag.py:525} INFO - Filling up the DagBag from /opt/airflow/dags/hello.py
[2024-04-28T06:18:31.327+0000] {processor.py:768} INFO - DAG(s) dict_keys(['hello']) retrieved from /opt/airflow/dags/hello.py
[2024-04-28T06:18:31.368+0000] {logging_mixin.py:117} INFO - [2024-04-28T06:18:31.368+0000] {dag.py:2573} INFO - Sync 1 DAGs
[2024-04-28T06:18:31.434+0000] {logging_mixin.py:117} INFO - [2024-04-28T06:18:31.434+0000] {dag.py:3328} INFO - Setting next_dagrun for hello to None, run_after=None
[2024-04-28T06:18:31.477+0000] {processor.py:178} INFO - Processing /opt/airflow/dags/hello.py took 0.315 seconds
[2024-04-28T06:19:01.671+0000] {processor.py:156} INFO - Started process (PID=2320) to work on /opt/airflow/dags/hello.py
[2024-04-28T06:19:01.672+0000] {processor.py:758} INFO - Processing file /opt/airflow/dags/hello.py for tasks to queue
[2024-04-28T06:19:01.673+0000] {logging_mixin.py:117} INFO - [2024-04-28T06:19:01.672+0000] {dagbag.py:525} INFO - Filling up the DagBag from /opt/airflow/dags/hello.py
[2024-04-28T06:19:01.690+0000] {processor.py:768} INFO - DAG(s) dict_keys(['hello']) retrieved from /opt/airflow/dags/hello.py
[2024-04-28T06:19:01.768+0000] {logging_mixin.py:117} INFO - [2024-04-28T06:19:01.768+0000] {dag.py:2573} INFO - Sync 1 DAGs
[2024-04-28T06:19:01.985+0000] {logging_mixin.py:117} INFO - [2024-04-28T06:19:01.984+0000] {dag.py:3328} INFO - Setting next_dagrun for hello to None, run_after=None
[2024-04-28T06:19:02.050+0000] {processor.py:178} INFO - Processing /opt/airflow/dags/hello.py took 0.381 seconds
[2024-04-28T06:19:32.528+0000] {processor.py:156} INFO - Started process (PID=2535) to work on /opt/airflow/dags/hello.py
[2024-04-28T06:19:32.529+0000] {processor.py:758} INFO - Processing file /opt/airflow/dags/hello.py for tasks to queue
[2024-04-28T06:19:32.529+0000] {logging_mixin.py:117} INFO - [2024-04-28T06:19:32.529+0000] {dagbag.py:525} INFO - Filling up the DagBag from /opt/airflow/dags/hello.py
[2024-04-28T06:19:32.559+0000] {processor.py:768} INFO - DAG(s) dict_keys(['hello']) retrieved from /opt/airflow/dags/hello.py
[2024-04-28T06:19:32.782+0000] {logging_mixin.py:117} INFO - [2024-04-28T06:19:32.782+0000] {dag.py:2573} INFO - Sync 1 DAGs
[2024-04-28T06:19:32.828+0000] {logging_mixin.py:117} INFO - [2024-04-28T06:19:32.828+0000] {dag.py:3328} INFO - Setting next_dagrun for hello to None, run_after=None
[2024-04-28T06:19:32.855+0000] {processor.py:178} INFO - Processing /opt/airflow/dags/hello.py took 0.330 seconds
[2024-04-28T06:20:03.687+0000] {processor.py:156} INFO - Started process (PID=2753) to work on /opt/airflow/dags/hello.py
[2024-04-28T06:20:03.695+0000] {processor.py:758} INFO - Processing file /opt/airflow/dags/hello.py for tasks to queue
[2024-04-28T06:20:03.696+0000] {logging_mixin.py:117} INFO - [2024-04-28T06:20:03.696+0000] {dagbag.py:525} INFO - Filling up the DagBag from /opt/airflow/dags/hello.py
[2024-04-28T06:20:03.728+0000] {processor.py:768} INFO - DAG(s) dict_keys(['hello']) retrieved from /opt/airflow/dags/hello.py
[2024-04-28T06:20:03.947+0000] {logging_mixin.py:117} INFO - [2024-04-28T06:20:03.947+0000] {dag.py:2573} INFO - Sync 1 DAGs
[2024-04-28T06:20:03.978+0000] {logging_mixin.py:117} INFO - [2024-04-28T06:20:03.978+0000] {dag.py:3328} INFO - Setting next_dagrun for hello to None, run_after=None
[2024-04-28T06:20:04.002+0000] {processor.py:178} INFO - Processing /opt/airflow/dags/hello.py took 0.318 seconds
[2024-04-28T06:20:34.803+0000] {processor.py:156} INFO - Started process (PID=2962) to work on /opt/airflow/dags/hello.py
[2024-04-28T06:20:34.804+0000] {processor.py:758} INFO - Processing file /opt/airflow/dags/hello.py for tasks to queue
[2024-04-28T06:20:34.805+0000] {logging_mixin.py:117} INFO - [2024-04-28T06:20:34.804+0000] {dagbag.py:525} INFO - Filling up the DagBag from /opt/airflow/dags/hello.py
[2024-04-28T06:20:35.004+0000] {processor.py:768} INFO - DAG(s) dict_keys(['hello']) retrieved from /opt/airflow/dags/hello.py
[2024-04-28T06:20:35.073+0000] {logging_mixin.py:117} INFO - [2024-04-28T06:20:35.073+0000] {dag.py:2573} INFO - Sync 1 DAGs
[2024-04-28T06:20:35.099+0000] {logging_mixin.py:117} INFO - [2024-04-28T06:20:35.099+0000] {dag.py:3328} INFO - Setting next_dagrun for hello to None, run_after=None
[2024-04-28T06:20:35.123+0000] {processor.py:178} INFO - Processing /opt/airflow/dags/hello.py took 0.323 seconds
[2024-04-28T06:21:05.740+0000] {processor.py:156} INFO - Started process (PID=3180) to work on /opt/airflow/dags/hello.py
[2024-04-28T06:21:05.742+0000] {processor.py:758} INFO - Processing file /opt/airflow/dags/hello.py for tasks to queue
[2024-04-28T06:21:05.743+0000] {logging_mixin.py:117} INFO - [2024-04-28T06:21:05.743+0000] {dagbag.py:525} INFO - Filling up the DagBag from /opt/airflow/dags/hello.py
[2024-04-28T06:21:05.767+0000] {processor.py:768} INFO - DAG(s) dict_keys(['hello']) retrieved from /opt/airflow/dags/hello.py
[2024-04-28T06:21:05.810+0000] {logging_mixin.py:117} INFO - [2024-04-28T06:21:05.809+0000] {dag.py:2573} INFO - Sync 1 DAGs
[2024-04-28T06:21:05.981+0000] {logging_mixin.py:117} INFO - [2024-04-28T06:21:05.980+0000] {dag.py:3328} INFO - Setting next_dagrun for hello to None, run_after=None
[2024-04-28T06:21:06.012+0000] {processor.py:178} INFO - Processing /opt/airflow/dags/hello.py took 0.276 seconds
[2024-04-28T06:21:36.890+0000] {processor.py:156} INFO - Started process (PID=3396) to work on /opt/airflow/dags/hello.py
[2024-04-28T06:21:36.890+0000] {processor.py:758} INFO - Processing file /opt/airflow/dags/hello.py for tasks to queue
[2024-04-28T06:21:36.891+0000] {logging_mixin.py:117} INFO - [2024-04-28T06:21:36.891+0000] {dagbag.py:525} INFO - Filling up the DagBag from /opt/airflow/dags/hello.py
[2024-04-28T06:21:36.911+0000] {processor.py:768} INFO - DAG(s) dict_keys(['hello']) retrieved from /opt/airflow/dags/hello.py
[2024-04-28T06:21:36.960+0000] {logging_mixin.py:117} INFO - [2024-04-28T06:21:36.960+0000] {dag.py:2573} INFO - Sync 1 DAGs
[2024-04-28T06:21:37.138+0000] {logging_mixin.py:117} INFO - [2024-04-28T06:21:37.138+0000] {dag.py:3328} INFO - Setting next_dagrun for hello to None, run_after=None
[2024-04-28T06:21:37.162+0000] {processor.py:178} INFO - Processing /opt/airflow/dags/hello.py took 0.276 seconds
[2024-04-28T06:22:07.409+0000] {processor.py:156} INFO - Started process (PID=3604) to work on /opt/airflow/dags/hello.py
[2024-04-28T06:22:07.411+0000] {processor.py:758} INFO - Processing file /opt/airflow/dags/hello.py for tasks to queue
[2024-04-28T06:22:07.412+0000] {logging_mixin.py:117} INFO - [2024-04-28T06:22:07.411+0000] {dagbag.py:525} INFO - Filling up the DagBag from /opt/airflow/dags/hello.py
[2024-04-28T06:22:07.432+0000] {processor.py:768} INFO - DAG(s) dict_keys(['hello']) retrieved from /opt/airflow/dags/hello.py
[2024-04-28T06:22:07.622+0000] {logging_mixin.py:117} INFO - [2024-04-28T06:22:07.622+0000] {dag.py:2573} INFO - Sync 1 DAGs
[2024-04-28T06:22:07.650+0000] {logging_mixin.py:117} INFO - [2024-04-28T06:22:07.650+0000] {dag.py:3328} INFO - Setting next_dagrun for hello to None, run_after=None
[2024-04-28T06:22:07.673+0000] {processor.py:178} INFO - Processing /opt/airflow/dags/hello.py took 0.268 seconds
[2024-04-28T06:22:37.809+0000] {processor.py:156} INFO - Started process (PID=3824) to work on /opt/airflow/dags/hello.py
[2024-04-28T06:22:37.810+0000] {processor.py:758} INFO - Processing file /opt/airflow/dags/hello.py for tasks to queue
[2024-04-28T06:22:37.811+0000] {logging_mixin.py:117} INFO - [2024-04-28T06:22:37.811+0000] {dagbag.py:525} INFO - Filling up the DagBag from /opt/airflow/dags/hello.py
[2024-04-28T06:22:37.830+0000] {processor.py:768} INFO - DAG(s) dict_keys(['hello']) retrieved from /opt/airflow/dags/hello.py
[2024-04-28T06:22:38.008+0000] {logging_mixin.py:117} INFO - [2024-04-28T06:22:38.008+0000] {dag.py:2573} INFO - Sync 1 DAGs
[2024-04-28T06:22:38.038+0000] {logging_mixin.py:117} INFO - [2024-04-28T06:22:38.038+0000] {dag.py:3328} INFO - Setting next_dagrun for hello to None, run_after=None
[2024-04-28T06:22:38.065+0000] {processor.py:178} INFO - Processing /opt/airflow/dags/hello.py took 0.258 seconds
[2024-04-28T06:23:08.332+0000] {processor.py:156} INFO - Started process (PID=4041) to work on /opt/airflow/dags/hello.py
[2024-04-28T06:23:08.333+0000] {processor.py:758} INFO - Processing file /opt/airflow/dags/hello.py for tasks to queue
[2024-04-28T06:23:08.334+0000] {logging_mixin.py:117} INFO - [2024-04-28T06:23:08.333+0000] {dagbag.py:525} INFO - Filling up the DagBag from /opt/airflow/dags/hello.py
[2024-04-28T06:23:08.498+0000] {processor.py:768} INFO - DAG(s) dict_keys(['hello']) retrieved from /opt/airflow/dags/hello.py
[2024-04-28T06:23:08.540+0000] {logging_mixin.py:117} INFO - [2024-04-28T06:23:08.540+0000] {dag.py:2573} INFO - Sync 1 DAGs
[2024-04-28T06:23:08.571+0000] {logging_mixin.py:117} INFO - [2024-04-28T06:23:08.571+0000] {dag.py:3328} INFO - Setting next_dagrun for hello to None, run_after=None
[2024-04-28T06:23:08.594+0000] {processor.py:178} INFO - Processing /opt/airflow/dags/hello.py took 0.265 seconds
[2024-04-28T06:23:38.943+0000] {processor.py:156} INFO - Started process (PID=4249) to work on /opt/airflow/dags/hello.py
[2024-04-28T06:23:38.944+0000] {processor.py:758} INFO - Processing file /opt/airflow/dags/hello.py for tasks to queue
[2024-04-28T06:23:38.945+0000] {logging_mixin.py:117} INFO - [2024-04-28T06:23:38.944+0000] {dagbag.py:525} INFO - Filling up the DagBag from /opt/airflow/dags/hello.py
[2024-04-28T06:23:38.964+0000] {processor.py:768} INFO - DAG(s) dict_keys(['hello']) retrieved from /opt/airflow/dags/hello.py
[2024-04-28T06:23:39.014+0000] {logging_mixin.py:117} INFO - [2024-04-28T06:23:39.014+0000] {dag.py:2573} INFO - Sync 1 DAGs
[2024-04-28T06:23:39.044+0000] {logging_mixin.py:117} INFO - [2024-04-28T06:23:39.044+0000] {dag.py:3328} INFO - Setting next_dagrun for hello to None, run_after=None
[2024-04-28T06:23:39.073+0000] {processor.py:178} INFO - Processing /opt/airflow/dags/hello.py took 0.136 seconds
[2024-04-28T06:24:09.157+0000] {processor.py:156} INFO - Started process (PID=4466) to work on /opt/airflow/dags/hello.py
[2024-04-28T06:24:09.158+0000] {processor.py:758} INFO - Processing file /opt/airflow/dags/hello.py for tasks to queue
[2024-04-28T06:24:09.158+0000] {logging_mixin.py:117} INFO - [2024-04-28T06:24:09.158+0000] {dagbag.py:525} INFO - Filling up the DagBag from /opt/airflow/dags/hello.py
[2024-04-28T06:24:09.178+0000] {processor.py:768} INFO - DAG(s) dict_keys(['hello']) retrieved from /opt/airflow/dags/hello.py
[2024-04-28T06:24:09.226+0000] {logging_mixin.py:117} INFO - [2024-04-28T06:24:09.226+0000] {dag.py:2573} INFO - Sync 1 DAGs
[2024-04-28T06:24:09.255+0000] {logging_mixin.py:117} INFO - [2024-04-28T06:24:09.255+0000] {dag.py:3328} INFO - Setting next_dagrun for hello to None, run_after=None
[2024-04-28T06:24:09.280+0000] {processor.py:178} INFO - Processing /opt/airflow/dags/hello.py took 0.126 seconds
[2024-04-28T06:24:39.386+0000] {processor.py:156} INFO - Started process (PID=4684) to work on /opt/airflow/dags/hello.py
[2024-04-28T06:24:39.387+0000] {processor.py:758} INFO - Processing file /opt/airflow/dags/hello.py for tasks to queue
[2024-04-28T06:24:39.387+0000] {logging_mixin.py:117} INFO - [2024-04-28T06:24:39.387+0000] {dagbag.py:525} INFO - Filling up the DagBag from /opt/airflow/dags/hello.py
[2024-04-28T06:24:39.408+0000] {processor.py:768} INFO - DAG(s) dict_keys(['hello']) retrieved from /opt/airflow/dags/hello.py
[2024-04-28T06:24:39.454+0000] {logging_mixin.py:117} INFO - [2024-04-28T06:24:39.453+0000] {dag.py:2573} INFO - Sync 1 DAGs
[2024-04-28T06:24:39.485+0000] {logging_mixin.py:117} INFO - [2024-04-28T06:24:39.485+0000] {dag.py:3328} INFO - Setting next_dagrun for hello to None, run_after=None
[2024-04-28T06:24:39.510+0000] {processor.py:178} INFO - Processing /opt/airflow/dags/hello.py took 0.127 seconds
[2024-04-28T06:25:09.590+0000] {processor.py:156} INFO - Started process (PID=4893) to work on /opt/airflow/dags/hello.py
[2024-04-28T06:25:09.591+0000] {processor.py:758} INFO - Processing file /opt/airflow/dags/hello.py for tasks to queue
[2024-04-28T06:25:09.592+0000] {logging_mixin.py:117} INFO - [2024-04-28T06:25:09.591+0000] {dagbag.py:525} INFO - Filling up the DagBag from /opt/airflow/dags/hello.py
[2024-04-28T06:25:09.610+0000] {processor.py:768} INFO - DAG(s) dict_keys(['hello']) retrieved from /opt/airflow/dags/hello.py
[2024-04-28T06:25:09.656+0000] {logging_mixin.py:117} INFO - [2024-04-28T06:25:09.655+0000] {dag.py:2573} INFO - Sync 1 DAGs
[2024-04-28T06:25:09.712+0000] {logging_mixin.py:117} INFO - [2024-04-28T06:25:09.712+0000] {dag.py:3328} INFO - Setting next_dagrun for hello to None, run_after=None
[2024-04-28T06:25:09.740+0000] {processor.py:178} INFO - Processing /opt/airflow/dags/hello.py took 0.154 seconds
[2024-04-28T06:25:39.785+0000] {processor.py:156} INFO - Started process (PID=5111) to work on /opt/airflow/dags/hello.py
[2024-04-28T06:25:39.786+0000] {processor.py:758} INFO - Processing file /opt/airflow/dags/hello.py for tasks to queue
[2024-04-28T06:25:39.786+0000] {logging_mixin.py:117} INFO - [2024-04-28T06:25:39.786+0000] {dagbag.py:525} INFO - Filling up the DagBag from /opt/airflow/dags/hello.py
[2024-04-28T06:25:39.799+0000] {processor.py:768} INFO - DAG(s) dict_keys(['hello']) retrieved from /opt/airflow/dags/hello.py
[2024-04-28T06:25:39.831+0000] {logging_mixin.py:117} INFO - [2024-04-28T06:25:39.831+0000] {dag.py:2573} INFO - Sync 1 DAGs
[2024-04-28T06:25:39.850+0000] {logging_mixin.py:117} INFO - [2024-04-28T06:25:39.850+0000] {dag.py:3328} INFO - Setting next_dagrun for hello to None, run_after=None
[2024-04-28T06:25:39.871+0000] {processor.py:178} INFO - Processing /opt/airflow/dags/hello.py took 0.089 seconds
[2024-04-28T06:26:10.254+0000] {processor.py:156} INFO - Started process (PID=5329) to work on /opt/airflow/dags/hello.py
[2024-04-28T06:26:10.255+0000] {processor.py:758} INFO - Processing file /opt/airflow/dags/hello.py for tasks to queue
[2024-04-28T06:26:10.256+0000] {logging_mixin.py:117} INFO - [2024-04-28T06:26:10.256+0000] {dagbag.py:525} INFO - Filling up the DagBag from /opt/airflow/dags/hello.py
[2024-04-28T06:26:10.279+0000] {processor.py:768} INFO - DAG(s) dict_keys(['hello']) retrieved from /opt/airflow/dags/hello.py
[2024-04-28T06:26:10.329+0000] {logging_mixin.py:117} INFO - [2024-04-28T06:26:10.329+0000] {dag.py:2573} INFO - Sync 1 DAGs
[2024-04-28T06:26:10.363+0000] {logging_mixin.py:117} INFO - [2024-04-28T06:26:10.363+0000] {dag.py:3328} INFO - Setting next_dagrun for hello to None, run_after=None
[2024-04-28T06:26:10.390+0000] {processor.py:178} INFO - Processing /opt/airflow/dags/hello.py took 0.140 seconds
[2024-04-28T06:26:41.327+0000] {processor.py:156} INFO - Started process (PID=5538) to work on /opt/airflow/dags/hello.py
[2024-04-28T06:26:41.328+0000] {processor.py:758} INFO - Processing file /opt/airflow/dags/hello.py for tasks to queue
[2024-04-28T06:26:41.329+0000] {logging_mixin.py:117} INFO - [2024-04-28T06:26:41.329+0000] {dagbag.py:525} INFO - Filling up the DagBag from /opt/airflow/dags/hello.py
[2024-04-28T06:26:41.353+0000] {processor.py:768} INFO - DAG(s) dict_keys(['hello']) retrieved from /opt/airflow/dags/hello.py
[2024-04-28T06:26:41.410+0000] {logging_mixin.py:117} INFO - [2024-04-28T06:26:41.410+0000] {dag.py:2573} INFO - Sync 1 DAGs
[2024-04-28T06:26:41.441+0000] {logging_mixin.py:117} INFO - [2024-04-28T06:26:41.441+0000] {dag.py:3328} INFO - Setting next_dagrun for hello to None, run_after=None
[2024-04-28T06:26:41.464+0000] {processor.py:178} INFO - Processing /opt/airflow/dags/hello.py took 0.141 seconds
[2024-04-28T06:27:12.284+0000] {processor.py:156} INFO - Started process (PID=5757) to work on /opt/airflow/dags/hello.py
[2024-04-28T06:27:12.286+0000] {processor.py:758} INFO - Processing file /opt/airflow/dags/hello.py for tasks to queue
[2024-04-28T06:27:12.286+0000] {logging_mixin.py:117} INFO - [2024-04-28T06:27:12.286+0000] {dagbag.py:525} INFO - Filling up the DagBag from /opt/airflow/dags/hello.py
[2024-04-28T06:27:12.308+0000] {processor.py:768} INFO - DAG(s) dict_keys(['hello']) retrieved from /opt/airflow/dags/hello.py
[2024-04-28T06:27:12.356+0000] {logging_mixin.py:117} INFO - [2024-04-28T06:27:12.355+0000] {dag.py:2573} INFO - Sync 1 DAGs
[2024-04-28T06:27:12.396+0000] {logging_mixin.py:117} INFO - [2024-04-28T06:27:12.396+0000] {dag.py:3328} INFO - Setting next_dagrun for hello to None, run_after=None
[2024-04-28T06:27:12.437+0000] {processor.py:178} INFO - Processing /opt/airflow/dags/hello.py took 0.155 seconds
[2024-04-28T06:27:42.826+0000] {processor.py:156} INFO - Started process (PID=5975) to work on /opt/airflow/dags/hello.py
[2024-04-28T06:27:42.827+0000] {processor.py:758} INFO - Processing file /opt/airflow/dags/hello.py for tasks to queue
[2024-04-28T06:27:42.827+0000] {logging_mixin.py:117} INFO - [2024-04-28T06:27:42.827+0000] {dagbag.py:525} INFO - Filling up the DagBag from /opt/airflow/dags/hello.py
[2024-04-28T06:27:42.847+0000] {processor.py:768} INFO - DAG(s) dict_keys(['hello']) retrieved from /opt/airflow/dags/hello.py
[2024-04-28T06:27:42.898+0000] {logging_mixin.py:117} INFO - [2024-04-28T06:27:42.898+0000] {dag.py:2573} INFO - Sync 1 DAGs
[2024-04-28T06:27:42.934+0000] {logging_mixin.py:117} INFO - [2024-04-28T06:27:42.934+0000] {dag.py:3328} INFO - Setting next_dagrun for hello to None, run_after=None
[2024-04-28T06:27:42.962+0000] {processor.py:178} INFO - Processing /opt/airflow/dags/hello.py took 0.139 seconds
[2024-04-28T06:28:13.730+0000] {processor.py:156} INFO - Started process (PID=6183) to work on /opt/airflow/dags/hello.py
[2024-04-28T06:28:13.731+0000] {processor.py:758} INFO - Processing file /opt/airflow/dags/hello.py for tasks to queue
[2024-04-28T06:28:13.733+0000] {logging_mixin.py:117} INFO - [2024-04-28T06:28:13.733+0000] {dagbag.py:525} INFO - Filling up the DagBag from /opt/airflow/dags/hello.py
[2024-04-28T06:28:13.753+0000] {processor.py:768} INFO - DAG(s) dict_keys(['hello']) retrieved from /opt/airflow/dags/hello.py
[2024-04-28T06:28:13.835+0000] {logging_mixin.py:117} INFO - [2024-04-28T06:28:13.835+0000] {dag.py:2573} INFO - Sync 1 DAGs
[2024-04-28T06:28:13.886+0000] {logging_mixin.py:117} INFO - [2024-04-28T06:28:13.886+0000] {dag.py:3328} INFO - Setting next_dagrun for hello to None, run_after=None
[2024-04-28T06:28:13.975+0000] {processor.py:178} INFO - Processing /opt/airflow/dags/hello.py took 0.247 seconds
[2024-04-28T06:28:44.460+0000] {processor.py:156} INFO - Started process (PID=6401) to work on /opt/airflow/dags/hello.py
[2024-04-28T06:28:44.462+0000] {processor.py:758} INFO - Processing file /opt/airflow/dags/hello.py for tasks to queue
[2024-04-28T06:28:44.463+0000] {logging_mixin.py:117} INFO - [2024-04-28T06:28:44.463+0000] {dagbag.py:525} INFO - Filling up the DagBag from /opt/airflow/dags/hello.py
[2024-04-28T06:28:44.507+0000] {processor.py:768} INFO - DAG(s) dict_keys(['hello']) retrieved from /opt/airflow/dags/hello.py
[2024-04-28T06:28:44.562+0000] {logging_mixin.py:117} INFO - [2024-04-28T06:28:44.562+0000] {dag.py:2573} INFO - Sync 1 DAGs
[2024-04-28T06:28:44.594+0000] {logging_mixin.py:117} INFO - [2024-04-28T06:28:44.594+0000] {dag.py:3328} INFO - Setting next_dagrun for hello to None, run_after=None
[2024-04-28T06:28:44.630+0000] {processor.py:178} INFO - Processing /opt/airflow/dags/hello.py took 0.173 seconds
[2024-04-28T06:29:14.913+0000] {processor.py:156} INFO - Started process (PID=6620) to work on /opt/airflow/dags/hello.py
[2024-04-28T06:29:14.914+0000] {processor.py:758} INFO - Processing file /opt/airflow/dags/hello.py for tasks to queue
[2024-04-28T06:29:14.915+0000] {logging_mixin.py:117} INFO - [2024-04-28T06:29:14.915+0000] {dagbag.py:525} INFO - Filling up the DagBag from /opt/airflow/dags/hello.py
[2024-04-28T06:29:14.935+0000] {processor.py:768} INFO - DAG(s) dict_keys(['hello']) retrieved from /opt/airflow/dags/hello.py
[2024-04-28T06:29:14.984+0000] {logging_mixin.py:117} INFO - [2024-04-28T06:29:14.984+0000] {dag.py:2573} INFO - Sync 1 DAGs
[2024-04-28T06:29:15.029+0000] {logging_mixin.py:117} INFO - [2024-04-28T06:29:15.029+0000] {dag.py:3328} INFO - Setting next_dagrun for hello to None, run_after=None
[2024-04-28T06:29:15.059+0000] {processor.py:178} INFO - Processing /opt/airflow/dags/hello.py took 0.148 seconds
[2024-04-28T06:29:45.950+0000] {processor.py:156} INFO - Started process (PID=6829) to work on /opt/airflow/dags/hello.py
[2024-04-28T06:29:45.951+0000] {processor.py:758} INFO - Processing file /opt/airflow/dags/hello.py for tasks to queue
[2024-04-28T06:29:45.951+0000] {logging_mixin.py:117} INFO - [2024-04-28T06:29:45.951+0000] {dagbag.py:525} INFO - Filling up the DagBag from /opt/airflow/dags/hello.py
[2024-04-28T06:29:45.973+0000] {processor.py:768} INFO - DAG(s) dict_keys(['hello']) retrieved from /opt/airflow/dags/hello.py
[2024-04-28T06:29:46.047+0000] {logging_mixin.py:117} INFO - [2024-04-28T06:29:46.047+0000] {dag.py:2573} INFO - Sync 1 DAGs
[2024-04-28T06:29:46.168+0000] {logging_mixin.py:117} INFO - [2024-04-28T06:29:46.168+0000] {dag.py:3328} INFO - Setting next_dagrun for hello to None, run_after=None
[2024-04-28T06:29:46.284+0000] {processor.py:178} INFO - Processing /opt/airflow/dags/hello.py took 0.338 seconds
[2024-04-28T06:30:16.384+0000] {processor.py:156} INFO - Started process (PID=7048) to work on /opt/airflow/dags/hello.py
[2024-04-28T06:30:16.385+0000] {processor.py:758} INFO - Processing file /opt/airflow/dags/hello.py for tasks to queue
[2024-04-28T06:30:16.386+0000] {logging_mixin.py:117} INFO - [2024-04-28T06:30:16.386+0000] {dagbag.py:525} INFO - Filling up the DagBag from /opt/airflow/dags/hello.py
[2024-04-28T06:30:16.421+0000] {processor.py:768} INFO - DAG(s) dict_keys(['hello']) retrieved from /opt/airflow/dags/hello.py
[2024-04-28T06:30:16.504+0000] {logging_mixin.py:117} INFO - [2024-04-28T06:30:16.503+0000] {dag.py:2573} INFO - Sync 1 DAGs
[2024-04-28T06:30:16.549+0000] {logging_mixin.py:117} INFO - [2024-04-28T06:30:16.548+0000] {dag.py:3328} INFO - Setting next_dagrun for hello to None, run_after=None
[2024-04-28T06:30:16.575+0000] {processor.py:178} INFO - Processing /opt/airflow/dags/hello.py took 0.194 seconds
[2024-04-28T06:30:47.201+0000] {processor.py:156} INFO - Started process (PID=7267) to work on /opt/airflow/dags/hello.py
[2024-04-28T06:30:47.202+0000] {processor.py:758} INFO - Processing file /opt/airflow/dags/hello.py for tasks to queue
[2024-04-28T06:30:47.203+0000] {logging_mixin.py:117} INFO - [2024-04-28T06:30:47.202+0000] {dagbag.py:525} INFO - Filling up the DagBag from /opt/airflow/dags/hello.py
[2024-04-28T06:30:47.223+0000] {processor.py:768} INFO - DAG(s) dict_keys(['hello']) retrieved from /opt/airflow/dags/hello.py
[2024-04-28T06:30:47.310+0000] {logging_mixin.py:117} INFO - [2024-04-28T06:30:47.310+0000] {dag.py:2573} INFO - Sync 1 DAGs
[2024-04-28T06:30:47.387+0000] {logging_mixin.py:117} INFO - [2024-04-28T06:30:47.387+0000] {dag.py:3328} INFO - Setting next_dagrun for hello to None, run_after=None
[2024-04-28T06:30:47.417+0000] {processor.py:178} INFO - Processing /opt/airflow/dags/hello.py took 0.219 seconds
[2024-04-28T06:31:17.787+0000] {processor.py:156} INFO - Started process (PID=7476) to work on /opt/airflow/dags/hello.py
[2024-04-28T06:31:17.788+0000] {processor.py:758} INFO - Processing file /opt/airflow/dags/hello.py for tasks to queue
[2024-04-28T06:31:17.789+0000] {logging_mixin.py:117} INFO - [2024-04-28T06:31:17.789+0000] {dagbag.py:525} INFO - Filling up the DagBag from /opt/airflow/dags/hello.py
[2024-04-28T06:31:17.809+0000] {processor.py:768} INFO - DAG(s) dict_keys(['hello']) retrieved from /opt/airflow/dags/hello.py
[2024-04-28T06:31:17.858+0000] {logging_mixin.py:117} INFO - [2024-04-28T06:31:17.858+0000] {dag.py:2573} INFO - Sync 1 DAGs
[2024-04-28T06:31:17.890+0000] {logging_mixin.py:117} INFO - [2024-04-28T06:31:17.889+0000] {dag.py:3328} INFO - Setting next_dagrun for hello to None, run_after=None
[2024-04-28T06:31:17.916+0000] {processor.py:178} INFO - Processing /opt/airflow/dags/hello.py took 0.132 seconds
[2024-04-28T06:31:48.388+0000] {processor.py:156} INFO - Started process (PID=7695) to work on /opt/airflow/dags/hello.py
[2024-04-28T06:31:48.389+0000] {processor.py:758} INFO - Processing file /opt/airflow/dags/hello.py for tasks to queue
[2024-04-28T06:31:48.390+0000] {logging_mixin.py:117} INFO - [2024-04-28T06:31:48.390+0000] {dagbag.py:525} INFO - Filling up the DagBag from /opt/airflow/dags/hello.py
[2024-04-28T06:31:48.410+0000] {processor.py:768} INFO - DAG(s) dict_keys(['hello']) retrieved from /opt/airflow/dags/hello.py
[2024-04-28T06:31:48.458+0000] {logging_mixin.py:117} INFO - [2024-04-28T06:31:48.458+0000] {dag.py:2573} INFO - Sync 1 DAGs
[2024-04-28T06:31:48.489+0000] {logging_mixin.py:117} INFO - [2024-04-28T06:31:48.489+0000] {dag.py:3328} INFO - Setting next_dagrun for hello to None, run_after=None
[2024-04-28T06:31:48.516+0000] {processor.py:178} INFO - Processing /opt/airflow/dags/hello.py took 0.130 seconds
[2024-04-28T06:32:18.583+0000] {processor.py:156} INFO - Started process (PID=7915) to work on /opt/airflow/dags/hello.py
[2024-04-28T06:32:18.584+0000] {processor.py:758} INFO - Processing file /opt/airflow/dags/hello.py for tasks to queue
[2024-04-28T06:32:18.587+0000] {logging_mixin.py:117} INFO - [2024-04-28T06:32:18.585+0000] {dagbag.py:525} INFO - Filling up the DagBag from /opt/airflow/dags/hello.py
[2024-04-28T06:32:18.625+0000] {processor.py:768} INFO - DAG(s) dict_keys(['hello']) retrieved from /opt/airflow/dags/hello.py
[2024-04-28T06:32:18.724+0000] {logging_mixin.py:117} INFO - [2024-04-28T06:32:18.723+0000] {dag.py:2573} INFO - Sync 1 DAGs
[2024-04-28T06:32:18.769+0000] {logging_mixin.py:117} INFO - [2024-04-28T06:32:18.768+0000] {dag.py:3328} INFO - Setting next_dagrun for hello to None, run_after=None
[2024-04-28T06:32:18.800+0000] {processor.py:178} INFO - Processing /opt/airflow/dags/hello.py took 0.220 seconds
[2024-04-28T06:32:49.558+0000] {processor.py:156} INFO - Started process (PID=8134) to work on /opt/airflow/dags/hello.py
[2024-04-28T06:32:49.559+0000] {processor.py:758} INFO - Processing file /opt/airflow/dags/hello.py for tasks to queue
[2024-04-28T06:32:49.560+0000] {logging_mixin.py:117} INFO - [2024-04-28T06:32:49.560+0000] {dagbag.py:525} INFO - Filling up the DagBag from /opt/airflow/dags/hello.py
[2024-04-28T06:32:49.604+0000] {processor.py:768} INFO - DAG(s) dict_keys(['hello']) retrieved from /opt/airflow/dags/hello.py
[2024-04-28T06:32:49.724+0000] {logging_mixin.py:117} INFO - [2024-04-28T06:32:49.724+0000] {dag.py:2573} INFO - Sync 1 DAGs
[2024-04-28T06:32:49.763+0000] {logging_mixin.py:117} INFO - [2024-04-28T06:32:49.763+0000] {dag.py:3328} INFO - Setting next_dagrun for hello to None, run_after=None
[2024-04-28T06:32:49.820+0000] {processor.py:178} INFO - Processing /opt/airflow/dags/hello.py took 0.266 seconds
[2024-04-28T06:33:19.929+0000] {processor.py:156} INFO - Started process (PID=8348) to work on /opt/airflow/dags/hello.py
[2024-04-28T06:33:19.929+0000] {processor.py:758} INFO - Processing file /opt/airflow/dags/hello.py for tasks to queue
[2024-04-28T06:33:19.930+0000] {logging_mixin.py:117} INFO - [2024-04-28T06:33:19.930+0000] {dagbag.py:525} INFO - Filling up the DagBag from /opt/airflow/dags/hello.py
[2024-04-28T06:33:19.945+0000] {processor.py:768} INFO - DAG(s) dict_keys(['hello']) retrieved from /opt/airflow/dags/hello.py
[2024-04-28T06:33:19.988+0000] {logging_mixin.py:117} INFO - [2024-04-28T06:33:19.988+0000] {dag.py:2573} INFO - Sync 1 DAGs
[2024-04-28T06:33:20.026+0000] {logging_mixin.py:117} INFO - [2024-04-28T06:33:20.026+0000] {dag.py:3328} INFO - Setting next_dagrun for hello to None, run_after=None
[2024-04-28T06:33:20.052+0000] {processor.py:178} INFO - Processing /opt/airflow/dags/hello.py took 0.126 seconds
[2024-04-28T06:33:51.004+0000] {processor.py:156} INFO - Started process (PID=8566) to work on /opt/airflow/dags/hello.py
[2024-04-28T06:33:51.005+0000] {processor.py:758} INFO - Processing file /opt/airflow/dags/hello.py for tasks to queue
[2024-04-28T06:33:51.006+0000] {logging_mixin.py:117} INFO - [2024-04-28T06:33:51.006+0000] {dagbag.py:525} INFO - Filling up the DagBag from /opt/airflow/dags/hello.py
[2024-04-28T06:33:51.026+0000] {processor.py:768} INFO - DAG(s) dict_keys(['hello']) retrieved from /opt/airflow/dags/hello.py
[2024-04-28T06:33:51.077+0000] {logging_mixin.py:117} INFO - [2024-04-28T06:33:51.077+0000] {dag.py:2573} INFO - Sync 1 DAGs
[2024-04-28T06:33:51.114+0000] {logging_mixin.py:117} INFO - [2024-04-28T06:33:51.114+0000] {dag.py:3328} INFO - Setting next_dagrun for hello to None, run_after=None
[2024-04-28T06:33:51.143+0000] {processor.py:178} INFO - Processing /opt/airflow/dags/hello.py took 0.152 seconds
[2024-04-28T06:34:21.812+0000] {processor.py:156} INFO - Started process (PID=8782) to work on /opt/airflow/dags/hello.py
[2024-04-28T06:34:21.813+0000] {processor.py:758} INFO - Processing file /opt/airflow/dags/hello.py for tasks to queue
[2024-04-28T06:34:21.813+0000] {logging_mixin.py:117} INFO - [2024-04-28T06:34:21.813+0000] {dagbag.py:525} INFO - Filling up the DagBag from /opt/airflow/dags/hello.py
[2024-04-28T06:34:21.875+0000] {processor.py:768} INFO - DAG(s) dict_keys(['hello']) retrieved from /opt/airflow/dags/hello.py
[2024-04-28T06:34:22.004+0000] {logging_mixin.py:117} INFO - [2024-04-28T06:34:22.003+0000] {dag.py:2573} INFO - Sync 1 DAGs
[2024-04-28T06:34:22.055+0000] {logging_mixin.py:117} INFO - [2024-04-28T06:34:22.055+0000] {dag.py:3328} INFO - Setting next_dagrun for hello to None, run_after=None
[2024-04-28T06:34:22.091+0000] {processor.py:178} INFO - Processing /opt/airflow/dags/hello.py took 0.282 seconds
[2024-04-28T06:34:52.971+0000] {processor.py:156} INFO - Started process (PID=8992) to work on /opt/airflow/dags/hello.py
[2024-04-28T06:34:52.971+0000] {processor.py:758} INFO - Processing file /opt/airflow/dags/hello.py for tasks to queue
[2024-04-28T06:34:52.972+0000] {logging_mixin.py:117} INFO - [2024-04-28T06:34:52.972+0000] {dagbag.py:525} INFO - Filling up the DagBag from /opt/airflow/dags/hello.py
[2024-04-28T06:34:52.992+0000] {processor.py:768} INFO - DAG(s) dict_keys(['hello']) retrieved from /opt/airflow/dags/hello.py
[2024-04-28T06:34:53.038+0000] {logging_mixin.py:117} INFO - [2024-04-28T06:34:53.038+0000] {dag.py:2573} INFO - Sync 1 DAGs
[2024-04-28T06:34:53.071+0000] {logging_mixin.py:117} INFO - [2024-04-28T06:34:53.071+0000] {dag.py:3328} INFO - Setting next_dagrun for hello to None, run_after=None
[2024-04-28T06:34:53.097+0000] {processor.py:178} INFO - Processing /opt/airflow/dags/hello.py took 0.129 seconds
[2024-04-28T06:35:23.998+0000] {processor.py:156} INFO - Started process (PID=9211) to work on /opt/airflow/dags/hello.py
[2024-04-28T06:35:23.999+0000] {processor.py:758} INFO - Processing file /opt/airflow/dags/hello.py for tasks to queue
[2024-04-28T06:35:23.999+0000] {logging_mixin.py:117} INFO - [2024-04-28T06:35:23.999+0000] {dagbag.py:525} INFO - Filling up the DagBag from /opt/airflow/dags/hello.py
[2024-04-28T06:35:24.020+0000] {processor.py:768} INFO - DAG(s) dict_keys(['hello']) retrieved from /opt/airflow/dags/hello.py
[2024-04-28T06:35:24.067+0000] {logging_mixin.py:117} INFO - [2024-04-28T06:35:24.066+0000] {dag.py:2573} INFO - Sync 1 DAGs
[2024-04-28T06:35:24.118+0000] {logging_mixin.py:117} INFO - [2024-04-28T06:35:24.118+0000] {dag.py:3328} INFO - Setting next_dagrun for hello to None, run_after=None
[2024-04-28T06:35:24.147+0000] {processor.py:178} INFO - Processing /opt/airflow/dags/hello.py took 0.153 seconds
[2024-04-28T06:35:54.833+0000] {processor.py:156} INFO - Started process (PID=9430) to work on /opt/airflow/dags/hello.py
[2024-04-28T06:35:54.834+0000] {processor.py:758} INFO - Processing file /opt/airflow/dags/hello.py for tasks to queue
[2024-04-28T06:35:54.835+0000] {logging_mixin.py:117} INFO - [2024-04-28T06:35:54.835+0000] {dagbag.py:525} INFO - Filling up the DagBag from /opt/airflow/dags/hello.py
[2024-04-28T06:35:54.854+0000] {processor.py:768} INFO - DAG(s) dict_keys(['hello']) retrieved from /opt/airflow/dags/hello.py
[2024-04-28T06:35:54.902+0000] {logging_mixin.py:117} INFO - [2024-04-28T06:35:54.902+0000] {dag.py:2573} INFO - Sync 1 DAGs
[2024-04-28T06:35:54.937+0000] {logging_mixin.py:117} INFO - [2024-04-28T06:35:54.937+0000] {dag.py:3328} INFO - Setting next_dagrun for hello to None, run_after=None
[2024-04-28T06:35:54.961+0000] {processor.py:178} INFO - Processing /opt/airflow/dags/hello.py took 0.131 seconds
[2024-04-28T06:36:25.360+0000] {processor.py:156} INFO - Started process (PID=9640) to work on /opt/airflow/dags/hello.py
[2024-04-28T06:36:25.361+0000] {processor.py:758} INFO - Processing file /opt/airflow/dags/hello.py for tasks to queue
[2024-04-28T06:36:25.361+0000] {logging_mixin.py:117} INFO - [2024-04-28T06:36:25.361+0000] {dagbag.py:525} INFO - Filling up the DagBag from /opt/airflow/dags/hello.py
[2024-04-28T06:36:25.381+0000] {processor.py:768} INFO - DAG(s) dict_keys(['hello']) retrieved from /opt/airflow/dags/hello.py
[2024-04-28T06:36:25.428+0000] {logging_mixin.py:117} INFO - [2024-04-28T06:36:25.428+0000] {dag.py:2573} INFO - Sync 1 DAGs
[2024-04-28T06:36:25.460+0000] {logging_mixin.py:117} INFO - [2024-04-28T06:36:25.460+0000] {dag.py:3328} INFO - Setting next_dagrun for hello to None, run_after=None
[2024-04-28T06:36:25.486+0000] {processor.py:178} INFO - Processing /opt/airflow/dags/hello.py took 0.129 seconds
[2024-04-28T06:36:55.750+0000] {processor.py:156} INFO - Started process (PID=9857) to work on /opt/airflow/dags/hello.py
[2024-04-28T06:36:55.750+0000] {processor.py:758} INFO - Processing file /opt/airflow/dags/hello.py for tasks to queue
[2024-04-28T06:36:55.751+0000] {logging_mixin.py:117} INFO - [2024-04-28T06:36:55.751+0000] {dagbag.py:525} INFO - Filling up the DagBag from /opt/airflow/dags/hello.py
[2024-04-28T06:36:55.771+0000] {processor.py:768} INFO - DAG(s) dict_keys(['hello']) retrieved from /opt/airflow/dags/hello.py
[2024-04-28T06:36:55.817+0000] {logging_mixin.py:117} INFO - [2024-04-28T06:36:55.817+0000] {dag.py:2573} INFO - Sync 1 DAGs
[2024-04-28T06:36:55.860+0000] {logging_mixin.py:117} INFO - [2024-04-28T06:36:55.860+0000] {dag.py:3328} INFO - Setting next_dagrun for hello to None, run_after=None
[2024-04-28T06:36:55.909+0000] {processor.py:178} INFO - Processing /opt/airflow/dags/hello.py took 0.162 seconds
[2024-04-28T06:37:25.953+0000] {processor.py:156} INFO - Started process (PID=10076) to work on /opt/airflow/dags/hello.py
[2024-04-28T06:37:25.954+0000] {processor.py:758} INFO - Processing file /opt/airflow/dags/hello.py for tasks to queue
[2024-04-28T06:37:25.954+0000] {logging_mixin.py:117} INFO - [2024-04-28T06:37:25.954+0000] {dagbag.py:525} INFO - Filling up the DagBag from /opt/airflow/dags/hello.py
[2024-04-28T06:37:25.970+0000] {processor.py:768} INFO - DAG(s) dict_keys(['hello']) retrieved from /opt/airflow/dags/hello.py
[2024-04-28T06:37:26.002+0000] {logging_mixin.py:117} INFO - [2024-04-28T06:37:26.002+0000] {dag.py:2573} INFO - Sync 1 DAGs
[2024-04-28T06:37:26.024+0000] {logging_mixin.py:117} INFO - [2024-04-28T06:37:26.024+0000] {dag.py:3328} INFO - Setting next_dagrun for hello to None, run_after=None
[2024-04-28T06:37:26.044+0000] {processor.py:178} INFO - Processing /opt/airflow/dags/hello.py took 0.093 seconds
[2024-04-28T06:37:56.069+0000] {processor.py:156} INFO - Started process (PID=10285) to work on /opt/airflow/dags/hello.py
[2024-04-28T06:37:56.070+0000] {processor.py:758} INFO - Processing file /opt/airflow/dags/hello.py for tasks to queue
[2024-04-28T06:37:56.070+0000] {logging_mixin.py:117} INFO - [2024-04-28T06:37:56.070+0000] {dagbag.py:525} INFO - Filling up the DagBag from /opt/airflow/dags/hello.py
[2024-04-28T06:37:56.084+0000] {processor.py:768} INFO - DAG(s) dict_keys(['hello']) retrieved from /opt/airflow/dags/hello.py
[2024-04-28T06:37:56.117+0000] {logging_mixin.py:117} INFO - [2024-04-28T06:37:56.116+0000] {dag.py:2573} INFO - Sync 1 DAGs
[2024-04-28T06:37:56.136+0000] {logging_mixin.py:117} INFO - [2024-04-28T06:37:56.136+0000] {dag.py:3328} INFO - Setting next_dagrun for hello to None, run_after=None
[2024-04-28T06:37:56.155+0000] {processor.py:178} INFO - Processing /opt/airflow/dags/hello.py took 0.088 seconds
[2024-04-28T06:38:26.978+0000] {processor.py:156} INFO - Started process (PID=10504) to work on /opt/airflow/dags/hello.py
[2024-04-28T06:38:26.979+0000] {processor.py:758} INFO - Processing file /opt/airflow/dags/hello.py for tasks to queue
[2024-04-28T06:38:26.980+0000] {logging_mixin.py:117} INFO - [2024-04-28T06:38:26.980+0000] {dagbag.py:525} INFO - Filling up the DagBag from /opt/airflow/dags/hello.py
[2024-04-28T06:38:26.993+0000] {processor.py:768} INFO - DAG(s) dict_keys(['hello']) retrieved from /opt/airflow/dags/hello.py
[2024-04-28T06:38:27.027+0000] {logging_mixin.py:117} INFO - [2024-04-28T06:38:27.026+0000] {dag.py:2573} INFO - Sync 1 DAGs
[2024-04-28T06:38:27.046+0000] {logging_mixin.py:117} INFO - [2024-04-28T06:38:27.046+0000] {dag.py:3328} INFO - Setting next_dagrun for hello to None, run_after=None
[2024-04-28T06:38:27.067+0000] {processor.py:178} INFO - Processing /opt/airflow/dags/hello.py took 0.091 seconds
[2024-04-28T06:38:57.935+0000] {processor.py:156} INFO - Started process (PID=10722) to work on /opt/airflow/dags/hello.py
[2024-04-28T06:38:57.935+0000] {processor.py:758} INFO - Processing file /opt/airflow/dags/hello.py for tasks to queue
[2024-04-28T06:38:57.936+0000] {logging_mixin.py:117} INFO - [2024-04-28T06:38:57.936+0000] {dagbag.py:525} INFO - Filling up the DagBag from /opt/airflow/dags/hello.py
[2024-04-28T06:38:57.950+0000] {processor.py:768} INFO - DAG(s) dict_keys(['hello']) retrieved from /opt/airflow/dags/hello.py
[2024-04-28T06:38:57.981+0000] {logging_mixin.py:117} INFO - [2024-04-28T06:38:57.980+0000] {dag.py:2573} INFO - Sync 1 DAGs
[2024-04-28T06:38:58.000+0000] {logging_mixin.py:117} INFO - [2024-04-28T06:38:58.000+0000] {dag.py:3328} INFO - Setting next_dagrun for hello to None, run_after=None
[2024-04-28T06:38:58.022+0000] {processor.py:178} INFO - Processing /opt/airflow/dags/hello.py took 0.090 seconds
[2024-04-28T06:39:28.101+0000] {processor.py:156} INFO - Started process (PID=10932) to work on /opt/airflow/dags/hello.py
[2024-04-28T06:39:28.101+0000] {processor.py:758} INFO - Processing file /opt/airflow/dags/hello.py for tasks to queue
[2024-04-28T06:39:28.102+0000] {logging_mixin.py:117} INFO - [2024-04-28T06:39:28.102+0000] {dagbag.py:525} INFO - Filling up the DagBag from /opt/airflow/dags/hello.py
[2024-04-28T06:39:28.116+0000] {processor.py:768} INFO - DAG(s) dict_keys(['hello']) retrieved from /opt/airflow/dags/hello.py
[2024-04-28T06:39:28.151+0000] {logging_mixin.py:117} INFO - [2024-04-28T06:39:28.151+0000] {dag.py:2573} INFO - Sync 1 DAGs
[2024-04-28T06:39:28.170+0000] {logging_mixin.py:117} INFO - [2024-04-28T06:39:28.170+0000] {dag.py:3328} INFO - Setting next_dagrun for hello to None, run_after=None
[2024-04-28T06:39:28.190+0000] {processor.py:178} INFO - Processing /opt/airflow/dags/hello.py took 0.092 seconds
[2024-04-28T06:39:58.874+0000] {processor.py:156} INFO - Started process (PID=11146) to work on /opt/airflow/dags/hello.py
[2024-04-28T06:39:58.875+0000] {processor.py:758} INFO - Processing file /opt/airflow/dags/hello.py for tasks to queue
[2024-04-28T06:39:58.876+0000] {logging_mixin.py:117} INFO - [2024-04-28T06:39:58.876+0000] {dagbag.py:525} INFO - Filling up the DagBag from /opt/airflow/dags/hello.py
[2024-04-28T06:39:58.896+0000] {processor.py:768} INFO - DAG(s) dict_keys(['hello']) retrieved from /opt/airflow/dags/hello.py
[2024-04-28T06:39:58.945+0000] {logging_mixin.py:117} INFO - [2024-04-28T06:39:58.944+0000] {dag.py:2573} INFO - Sync 1 DAGs
[2024-04-28T06:39:58.976+0000] {logging_mixin.py:117} INFO - [2024-04-28T06:39:58.976+0000] {dag.py:3328} INFO - Setting next_dagrun for hello to None, run_after=None
[2024-04-28T06:39:58.999+0000] {processor.py:178} INFO - Processing /opt/airflow/dags/hello.py took 0.128 seconds
[2024-04-28T06:40:29.484+0000] {processor.py:156} INFO - Started process (PID=11363) to work on /opt/airflow/dags/hello.py
[2024-04-28T06:40:29.485+0000] {processor.py:758} INFO - Processing file /opt/airflow/dags/hello.py for tasks to queue
[2024-04-28T06:40:29.485+0000] {logging_mixin.py:117} INFO - [2024-04-28T06:40:29.485+0000] {dagbag.py:525} INFO - Filling up the DagBag from /opt/airflow/dags/hello.py
[2024-04-28T06:40:29.509+0000] {processor.py:768} INFO - DAG(s) dict_keys(['hello']) retrieved from /opt/airflow/dags/hello.py
[2024-04-28T06:40:29.557+0000] {logging_mixin.py:117} INFO - [2024-04-28T06:40:29.557+0000] {dag.py:2573} INFO - Sync 1 DAGs
[2024-04-28T06:40:29.588+0000] {logging_mixin.py:117} INFO - [2024-04-28T06:40:29.588+0000] {dag.py:3328} INFO - Setting next_dagrun for hello to None, run_after=None
[2024-04-28T06:40:29.613+0000] {processor.py:178} INFO - Processing /opt/airflow/dags/hello.py took 0.133 seconds
[2024-04-28T06:40:59.674+0000] {processor.py:156} INFO - Started process (PID=11572) to work on /opt/airflow/dags/hello.py
[2024-04-28T06:40:59.674+0000] {processor.py:758} INFO - Processing file /opt/airflow/dags/hello.py for tasks to queue
[2024-04-28T06:40:59.675+0000] {logging_mixin.py:117} INFO - [2024-04-28T06:40:59.675+0000] {dagbag.py:525} INFO - Filling up the DagBag from /opt/airflow/dags/hello.py
[2024-04-28T06:40:59.695+0000] {processor.py:768} INFO - DAG(s) dict_keys(['hello']) retrieved from /opt/airflow/dags/hello.py
[2024-04-28T06:40:59.765+0000] {logging_mixin.py:117} INFO - [2024-04-28T06:40:59.765+0000] {dag.py:2573} INFO - Sync 1 DAGs
[2024-04-28T06:40:59.810+0000] {logging_mixin.py:117} INFO - [2024-04-28T06:40:59.809+0000] {dag.py:3328} INFO - Setting next_dagrun for hello to None, run_after=None
[2024-04-28T06:40:59.838+0000] {processor.py:178} INFO - Processing /opt/airflow/dags/hello.py took 0.169 seconds
[2024-04-28T06:41:30.634+0000] {processor.py:156} INFO - Started process (PID=11789) to work on /opt/airflow/dags/hello.py
[2024-04-28T06:41:30.635+0000] {processor.py:758} INFO - Processing file /opt/airflow/dags/hello.py for tasks to queue
[2024-04-28T06:41:30.635+0000] {logging_mixin.py:117} INFO - [2024-04-28T06:41:30.635+0000] {dagbag.py:525} INFO - Filling up the DagBag from /opt/airflow/dags/hello.py
[2024-04-28T06:41:30.662+0000] {processor.py:768} INFO - DAG(s) dict_keys(['hello']) retrieved from /opt/airflow/dags/hello.py
[2024-04-28T06:41:30.751+0000] {logging_mixin.py:117} INFO - [2024-04-28T06:41:30.751+0000] {dag.py:2573} INFO - Sync 1 DAGs
[2024-04-28T06:41:30.786+0000] {logging_mixin.py:117} INFO - [2024-04-28T06:41:30.786+0000] {dag.py:3328} INFO - Setting next_dagrun for hello to None, run_after=None
[2024-04-28T06:41:30.812+0000] {processor.py:178} INFO - Processing /opt/airflow/dags/hello.py took 0.180 seconds
