[2024-04-29T00:28:43.962+0000] {processor.py:156} INFO - Started process (PID=184) to work on /home/airflow/.local/lib/python3.7/site-packages/airflow/example_dags/example_branch_operator.py
[2024-04-29T00:28:43.963+0000] {processor.py:758} INFO - Processing file /home/airflow/.local/lib/python3.7/site-packages/airflow/example_dags/example_branch_operator.py for tasks to queue
[2024-04-29T00:28:43.964+0000] {logging_mixin.py:117} INFO - [2024-04-29T00:28:43.963+0000] {dagbag.py:525} INFO - Filling up the DagBag from /home/airflow/.local/lib/python3.7/site-packages/airflow/example_dags/example_branch_operator.py
[2024-04-29T00:28:44.010+0000] {processor.py:768} INFO - DAG(s) dict_keys(['example_branch_operator']) retrieved from /home/airflow/.local/lib/python3.7/site-packages/airflow/example_dags/example_branch_operator.py
[2024-04-29T00:28:44.107+0000] {logging_mixin.py:117} INFO - [2024-04-29T00:28:44.107+0000] {dag.py:2573} INFO - Sync 1 DAGs
[2024-04-29T00:28:44.166+0000] {logging_mixin.py:117} INFO - [2024-04-29T00:28:44.166+0000] {dag.py:3328} INFO - Setting next_dagrun for example_branch_operator to 2024-04-28T00:00:00+00:00, run_after=2024-04-29T00:00:00+00:00
[2024-04-29T00:28:44.212+0000] {processor.py:178} INFO - Processing /home/airflow/.local/lib/python3.7/site-packages/airflow/example_dags/example_branch_operator.py took 0.257 seconds
[2024-04-29T00:29:14.814+0000] {processor.py:156} INFO - Started process (PID=406) to work on /home/airflow/.local/lib/python3.7/site-packages/airflow/example_dags/example_branch_operator.py
[2024-04-29T00:29:14.817+0000] {processor.py:758} INFO - Processing file /home/airflow/.local/lib/python3.7/site-packages/airflow/example_dags/example_branch_operator.py for tasks to queue
[2024-04-29T00:29:14.818+0000] {logging_mixin.py:117} INFO - [2024-04-29T00:29:14.818+0000] {dagbag.py:525} INFO - Filling up the DagBag from /home/airflow/.local/lib/python3.7/site-packages/airflow/example_dags/example_branch_operator.py
[2024-04-29T00:29:14.880+0000] {processor.py:768} INFO - DAG(s) dict_keys(['example_branch_operator']) retrieved from /home/airflow/.local/lib/python3.7/site-packages/airflow/example_dags/example_branch_operator.py
[2024-04-29T00:29:14.952+0000] {logging_mixin.py:117} INFO - [2024-04-29T00:29:14.952+0000] {dag.py:2573} INFO - Sync 1 DAGs
[2024-04-29T00:29:15.005+0000] {logging_mixin.py:117} INFO - [2024-04-29T00:29:15.005+0000] {dag.py:3328} INFO - Setting next_dagrun for example_branch_operator to 2024-04-28T00:00:00+00:00, run_after=2024-04-29T00:00:00+00:00
[2024-04-29T00:29:15.043+0000] {processor.py:178} INFO - Processing /home/airflow/.local/lib/python3.7/site-packages/airflow/example_dags/example_branch_operator.py took 0.241 seconds
[2024-04-29T00:29:45.140+0000] {processor.py:156} INFO - Started process (PID=618) to work on /home/airflow/.local/lib/python3.7/site-packages/airflow/example_dags/example_branch_operator.py
[2024-04-29T00:29:45.141+0000] {processor.py:758} INFO - Processing file /home/airflow/.local/lib/python3.7/site-packages/airflow/example_dags/example_branch_operator.py for tasks to queue
[2024-04-29T00:29:45.142+0000] {logging_mixin.py:117} INFO - [2024-04-29T00:29:45.142+0000] {dagbag.py:525} INFO - Filling up the DagBag from /home/airflow/.local/lib/python3.7/site-packages/airflow/example_dags/example_branch_operator.py
[2024-04-29T00:29:45.164+0000] {processor.py:768} INFO - DAG(s) dict_keys(['example_branch_operator']) retrieved from /home/airflow/.local/lib/python3.7/site-packages/airflow/example_dags/example_branch_operator.py
[2024-04-29T00:29:45.219+0000] {logging_mixin.py:117} INFO - [2024-04-29T00:29:45.219+0000] {dag.py:2573} INFO - Sync 1 DAGs
[2024-04-29T00:29:45.251+0000] {logging_mixin.py:117} INFO - [2024-04-29T00:29:45.251+0000] {dag.py:3328} INFO - Setting next_dagrun for example_branch_operator to 2024-04-28T00:00:00+00:00, run_after=2024-04-29T00:00:00+00:00
[2024-04-29T00:29:45.277+0000] {processor.py:178} INFO - Processing /home/airflow/.local/lib/python3.7/site-packages/airflow/example_dags/example_branch_operator.py took 0.139 seconds
[2024-04-29T00:30:15.590+0000] {processor.py:156} INFO - Started process (PID=846) to work on /home/airflow/.local/lib/python3.7/site-packages/airflow/example_dags/example_branch_operator.py
[2024-04-29T00:30:15.591+0000] {processor.py:758} INFO - Processing file /home/airflow/.local/lib/python3.7/site-packages/airflow/example_dags/example_branch_operator.py for tasks to queue
[2024-04-29T00:30:15.592+0000] {logging_mixin.py:117} INFO - [2024-04-29T00:30:15.591+0000] {dagbag.py:525} INFO - Filling up the DagBag from /home/airflow/.local/lib/python3.7/site-packages/airflow/example_dags/example_branch_operator.py
[2024-04-29T00:30:15.614+0000] {processor.py:768} INFO - DAG(s) dict_keys(['example_branch_operator']) retrieved from /home/airflow/.local/lib/python3.7/site-packages/airflow/example_dags/example_branch_operator.py
[2024-04-29T00:30:15.663+0000] {logging_mixin.py:117} INFO - [2024-04-29T00:30:15.662+0000] {dag.py:2573} INFO - Sync 1 DAGs
[2024-04-29T00:30:15.697+0000] {logging_mixin.py:117} INFO - [2024-04-29T00:30:15.697+0000] {dag.py:3328} INFO - Setting next_dagrun for example_branch_operator to 2024-04-28T00:00:00+00:00, run_after=2024-04-29T00:00:00+00:00
[2024-04-29T00:30:15.721+0000] {processor.py:178} INFO - Processing /home/airflow/.local/lib/python3.7/site-packages/airflow/example_dags/example_branch_operator.py took 0.134 seconds
[2024-04-29T00:30:46.728+0000] {processor.py:156} INFO - Started process (PID=1066) to work on /home/airflow/.local/lib/python3.7/site-packages/airflow/example_dags/example_branch_operator.py
[2024-04-29T00:30:46.729+0000] {processor.py:758} INFO - Processing file /home/airflow/.local/lib/python3.7/site-packages/airflow/example_dags/example_branch_operator.py for tasks to queue
[2024-04-29T00:30:46.729+0000] {logging_mixin.py:117} INFO - [2024-04-29T00:30:46.729+0000] {dagbag.py:525} INFO - Filling up the DagBag from /home/airflow/.local/lib/python3.7/site-packages/airflow/example_dags/example_branch_operator.py
[2024-04-29T00:30:46.752+0000] {processor.py:768} INFO - DAG(s) dict_keys(['example_branch_operator']) retrieved from /home/airflow/.local/lib/python3.7/site-packages/airflow/example_dags/example_branch_operator.py
[2024-04-29T00:30:46.798+0000] {logging_mixin.py:117} INFO - [2024-04-29T00:30:46.798+0000] {dag.py:2573} INFO - Sync 1 DAGs
[2024-04-29T00:30:46.830+0000] {logging_mixin.py:117} INFO - [2024-04-29T00:30:46.830+0000] {dag.py:3328} INFO - Setting next_dagrun for example_branch_operator to 2024-04-28T00:00:00+00:00, run_after=2024-04-29T00:00:00+00:00
[2024-04-29T00:30:46.858+0000] {processor.py:178} INFO - Processing /home/airflow/.local/lib/python3.7/site-packages/airflow/example_dags/example_branch_operator.py took 0.133 seconds
[2024-04-29T00:31:17.436+0000] {processor.py:156} INFO - Started process (PID=1290) to work on /home/airflow/.local/lib/python3.7/site-packages/airflow/example_dags/example_branch_operator.py
[2024-04-29T00:31:17.437+0000] {processor.py:758} INFO - Processing file /home/airflow/.local/lib/python3.7/site-packages/airflow/example_dags/example_branch_operator.py for tasks to queue
[2024-04-29T00:31:17.437+0000] {logging_mixin.py:117} INFO - [2024-04-29T00:31:17.437+0000] {dagbag.py:525} INFO - Filling up the DagBag from /home/airflow/.local/lib/python3.7/site-packages/airflow/example_dags/example_branch_operator.py
[2024-04-29T00:31:17.460+0000] {processor.py:768} INFO - DAG(s) dict_keys(['example_branch_operator']) retrieved from /home/airflow/.local/lib/python3.7/site-packages/airflow/example_dags/example_branch_operator.py
[2024-04-29T00:31:17.524+0000] {logging_mixin.py:117} INFO - [2024-04-29T00:31:17.524+0000] {dag.py:2573} INFO - Sync 1 DAGs
[2024-04-29T00:31:17.863+0000] {logging_mixin.py:117} INFO - [2024-04-29T00:31:17.863+0000] {dag.py:3328} INFO - Setting next_dagrun for example_branch_operator to 2024-04-28T00:00:00+00:00, run_after=2024-04-29T00:00:00+00:00
[2024-04-29T00:31:17.905+0000] {processor.py:178} INFO - Processing /home/airflow/.local/lib/python3.7/site-packages/airflow/example_dags/example_branch_operator.py took 0.472 seconds
[2024-04-29T00:31:48.103+0000] {processor.py:156} INFO - Started process (PID=1506) to work on /home/airflow/.local/lib/python3.7/site-packages/airflow/example_dags/example_branch_operator.py
[2024-04-29T00:31:48.104+0000] {processor.py:758} INFO - Processing file /home/airflow/.local/lib/python3.7/site-packages/airflow/example_dags/example_branch_operator.py for tasks to queue
[2024-04-29T00:31:48.105+0000] {logging_mixin.py:117} INFO - [2024-04-29T00:31:48.105+0000] {dagbag.py:525} INFO - Filling up the DagBag from /home/airflow/.local/lib/python3.7/site-packages/airflow/example_dags/example_branch_operator.py
[2024-04-29T00:31:48.126+0000] {processor.py:768} INFO - DAG(s) dict_keys(['example_branch_operator']) retrieved from /home/airflow/.local/lib/python3.7/site-packages/airflow/example_dags/example_branch_operator.py
[2024-04-29T00:31:48.174+0000] {logging_mixin.py:117} INFO - [2024-04-29T00:31:48.174+0000] {dag.py:2573} INFO - Sync 1 DAGs
[2024-04-29T00:31:48.364+0000] {logging_mixin.py:117} INFO - [2024-04-29T00:31:48.364+0000] {dag.py:3328} INFO - Setting next_dagrun for example_branch_operator to 2024-04-28T00:00:00+00:00, run_after=2024-04-29T00:00:00+00:00
[2024-04-29T00:31:48.401+0000] {processor.py:178} INFO - Processing /home/airflow/.local/lib/python3.7/site-packages/airflow/example_dags/example_branch_operator.py took 0.302 seconds
[2024-04-29T00:32:18.659+0000] {processor.py:156} INFO - Started process (PID=1718) to work on /home/airflow/.local/lib/python3.7/site-packages/airflow/example_dags/example_branch_operator.py
[2024-04-29T00:32:18.660+0000] {processor.py:758} INFO - Processing file /home/airflow/.local/lib/python3.7/site-packages/airflow/example_dags/example_branch_operator.py for tasks to queue
[2024-04-29T00:32:18.660+0000] {logging_mixin.py:117} INFO - [2024-04-29T00:32:18.660+0000] {dagbag.py:525} INFO - Filling up the DagBag from /home/airflow/.local/lib/python3.7/site-packages/airflow/example_dags/example_branch_operator.py
[2024-04-29T00:32:18.684+0000] {processor.py:768} INFO - DAG(s) dict_keys(['example_branch_operator']) retrieved from /home/airflow/.local/lib/python3.7/site-packages/airflow/example_dags/example_branch_operator.py
[2024-04-29T00:32:18.868+0000] {logging_mixin.py:117} INFO - [2024-04-29T00:32:18.868+0000] {dag.py:2573} INFO - Sync 1 DAGs
[2024-04-29T00:32:18.900+0000] {logging_mixin.py:117} INFO - [2024-04-29T00:32:18.899+0000] {dag.py:3328} INFO - Setting next_dagrun for example_branch_operator to 2024-04-28T00:00:00+00:00, run_after=2024-04-29T00:00:00+00:00
[2024-04-29T00:32:18.923+0000] {processor.py:178} INFO - Processing /home/airflow/.local/lib/python3.7/site-packages/airflow/example_dags/example_branch_operator.py took 0.268 seconds
[2024-04-29T00:32:49.545+0000] {processor.py:156} INFO - Started process (PID=1940) to work on /home/airflow/.local/lib/python3.7/site-packages/airflow/example_dags/example_branch_operator.py
[2024-04-29T00:32:49.546+0000] {processor.py:758} INFO - Processing file /home/airflow/.local/lib/python3.7/site-packages/airflow/example_dags/example_branch_operator.py for tasks to queue
[2024-04-29T00:32:49.547+0000] {logging_mixin.py:117} INFO - [2024-04-29T00:32:49.546+0000] {dagbag.py:525} INFO - Filling up the DagBag from /home/airflow/.local/lib/python3.7/site-packages/airflow/example_dags/example_branch_operator.py
[2024-04-29T00:32:49.568+0000] {processor.py:768} INFO - DAG(s) dict_keys(['example_branch_operator']) retrieved from /home/airflow/.local/lib/python3.7/site-packages/airflow/example_dags/example_branch_operator.py
[2024-04-29T00:32:49.751+0000] {logging_mixin.py:117} INFO - [2024-04-29T00:32:49.751+0000] {dag.py:2573} INFO - Sync 1 DAGs
[2024-04-29T00:32:49.782+0000] {logging_mixin.py:117} INFO - [2024-04-29T00:32:49.782+0000] {dag.py:3328} INFO - Setting next_dagrun for example_branch_operator to 2024-04-28T00:00:00+00:00, run_after=2024-04-29T00:00:00+00:00
[2024-04-29T00:32:49.806+0000] {processor.py:178} INFO - Processing /home/airflow/.local/lib/python3.7/site-packages/airflow/example_dags/example_branch_operator.py took 0.264 seconds
[2024-04-29T00:33:19.942+0000] {processor.py:156} INFO - Started process (PID=2163) to work on /home/airflow/.local/lib/python3.7/site-packages/airflow/example_dags/example_branch_operator.py
[2024-04-29T00:33:19.943+0000] {processor.py:758} INFO - Processing file /home/airflow/.local/lib/python3.7/site-packages/airflow/example_dags/example_branch_operator.py for tasks to queue
[2024-04-29T00:33:19.943+0000] {logging_mixin.py:117} INFO - [2024-04-29T00:33:19.943+0000] {dagbag.py:525} INFO - Filling up the DagBag from /home/airflow/.local/lib/python3.7/site-packages/airflow/example_dags/example_branch_operator.py
[2024-04-29T00:33:20.120+0000] {processor.py:768} INFO - DAG(s) dict_keys(['example_branch_operator']) retrieved from /home/airflow/.local/lib/python3.7/site-packages/airflow/example_dags/example_branch_operator.py
[2024-04-29T00:33:20.161+0000] {logging_mixin.py:117} INFO - [2024-04-29T00:33:20.161+0000] {dag.py:2573} INFO - Sync 1 DAGs
[2024-04-29T00:33:20.191+0000] {logging_mixin.py:117} INFO - [2024-04-29T00:33:20.191+0000] {dag.py:3328} INFO - Setting next_dagrun for example_branch_operator to 2024-04-28T00:00:00+00:00, run_after=2024-04-29T00:00:00+00:00
[2024-04-29T00:33:20.215+0000] {processor.py:178} INFO - Processing /home/airflow/.local/lib/python3.7/site-packages/airflow/example_dags/example_branch_operator.py took 0.276 seconds
[2024-04-29T00:33:50.366+0000] {processor.py:156} INFO - Started process (PID=2378) to work on /home/airflow/.local/lib/python3.7/site-packages/airflow/example_dags/example_branch_operator.py
[2024-04-29T00:33:50.367+0000] {processor.py:758} INFO - Processing file /home/airflow/.local/lib/python3.7/site-packages/airflow/example_dags/example_branch_operator.py for tasks to queue
[2024-04-29T00:33:50.368+0000] {logging_mixin.py:117} INFO - [2024-04-29T00:33:50.367+0000] {dagbag.py:525} INFO - Filling up the DagBag from /home/airflow/.local/lib/python3.7/site-packages/airflow/example_dags/example_branch_operator.py
[2024-04-29T00:33:50.404+0000] {processor.py:768} INFO - DAG(s) dict_keys(['example_branch_operator']) retrieved from /home/airflow/.local/lib/python3.7/site-packages/airflow/example_dags/example_branch_operator.py
[2024-04-29T00:33:50.468+0000] {logging_mixin.py:117} INFO - [2024-04-29T00:33:50.468+0000] {dag.py:2573} INFO - Sync 1 DAGs
[2024-04-29T00:33:50.635+0000] {logging_mixin.py:117} INFO - [2024-04-29T00:33:50.635+0000] {dag.py:3328} INFO - Setting next_dagrun for example_branch_operator to 2024-04-28T00:00:00+00:00, run_after=2024-04-29T00:00:00+00:00
[2024-04-29T00:33:50.660+0000] {processor.py:178} INFO - Processing /home/airflow/.local/lib/python3.7/site-packages/airflow/example_dags/example_branch_operator.py took 0.297 seconds
[2024-04-29T00:34:20.801+0000] {processor.py:156} INFO - Started process (PID=2600) to work on /home/airflow/.local/lib/python3.7/site-packages/airflow/example_dags/example_branch_operator.py
[2024-04-29T00:34:20.802+0000] {processor.py:758} INFO - Processing file /home/airflow/.local/lib/python3.7/site-packages/airflow/example_dags/example_branch_operator.py for tasks to queue
[2024-04-29T00:34:20.803+0000] {logging_mixin.py:117} INFO - [2024-04-29T00:34:20.803+0000] {dagbag.py:525} INFO - Filling up the DagBag from /home/airflow/.local/lib/python3.7/site-packages/airflow/example_dags/example_branch_operator.py
[2024-04-29T00:34:20.823+0000] {processor.py:768} INFO - DAG(s) dict_keys(['example_branch_operator']) retrieved from /home/airflow/.local/lib/python3.7/site-packages/airflow/example_dags/example_branch_operator.py
[2024-04-29T00:34:21.011+0000] {logging_mixin.py:117} INFO - [2024-04-29T00:34:21.011+0000] {dag.py:2573} INFO - Sync 1 DAGs
[2024-04-29T00:34:21.044+0000] {logging_mixin.py:117} INFO - [2024-04-29T00:34:21.044+0000] {dag.py:3328} INFO - Setting next_dagrun for example_branch_operator to 2024-04-28T00:00:00+00:00, run_after=2024-04-29T00:00:00+00:00
[2024-04-29T00:34:21.071+0000] {processor.py:178} INFO - Processing /home/airflow/.local/lib/python3.7/site-packages/airflow/example_dags/example_branch_operator.py took 0.272 seconds
[2024-04-29T00:34:51.422+0000] {processor.py:156} INFO - Started process (PID=2813) to work on /home/airflow/.local/lib/python3.7/site-packages/airflow/example_dags/example_branch_operator.py
[2024-04-29T00:34:51.423+0000] {processor.py:758} INFO - Processing file /home/airflow/.local/lib/python3.7/site-packages/airflow/example_dags/example_branch_operator.py for tasks to queue
[2024-04-29T00:34:51.423+0000] {logging_mixin.py:117} INFO - [2024-04-29T00:34:51.423+0000] {dagbag.py:525} INFO - Filling up the DagBag from /home/airflow/.local/lib/python3.7/site-packages/airflow/example_dags/example_branch_operator.py
[2024-04-29T00:34:51.451+0000] {processor.py:768} INFO - DAG(s) dict_keys(['example_branch_operator']) retrieved from /home/airflow/.local/lib/python3.7/site-packages/airflow/example_dags/example_branch_operator.py
[2024-04-29T00:34:51.705+0000] {logging_mixin.py:117} INFO - [2024-04-29T00:34:51.704+0000] {dag.py:2573} INFO - Sync 1 DAGs
[2024-04-29T00:34:51.757+0000] {logging_mixin.py:117} INFO - [2024-04-29T00:34:51.757+0000] {dag.py:3328} INFO - Setting next_dagrun for example_branch_operator to 2024-04-28T00:00:00+00:00, run_after=2024-04-29T00:00:00+00:00
[2024-04-29T00:34:51.795+0000] {processor.py:178} INFO - Processing /home/airflow/.local/lib/python3.7/site-packages/airflow/example_dags/example_branch_operator.py took 0.376 seconds
[2024-04-29T00:35:22.316+0000] {processor.py:156} INFO - Started process (PID=3035) to work on /home/airflow/.local/lib/python3.7/site-packages/airflow/example_dags/example_branch_operator.py
[2024-04-29T00:35:22.317+0000] {processor.py:758} INFO - Processing file /home/airflow/.local/lib/python3.7/site-packages/airflow/example_dags/example_branch_operator.py for tasks to queue
[2024-04-29T00:35:22.317+0000] {logging_mixin.py:117} INFO - [2024-04-29T00:35:22.317+0000] {dagbag.py:525} INFO - Filling up the DagBag from /home/airflow/.local/lib/python3.7/site-packages/airflow/example_dags/example_branch_operator.py
[2024-04-29T00:35:22.508+0000] {processor.py:768} INFO - DAG(s) dict_keys(['example_branch_operator']) retrieved from /home/airflow/.local/lib/python3.7/site-packages/airflow/example_dags/example_branch_operator.py
[2024-04-29T00:35:22.548+0000] {logging_mixin.py:117} INFO - [2024-04-29T00:35:22.548+0000] {dag.py:2573} INFO - Sync 1 DAGs
[2024-04-29T00:35:22.580+0000] {logging_mixin.py:117} INFO - [2024-04-29T00:35:22.580+0000] {dag.py:3328} INFO - Setting next_dagrun for example_branch_operator to 2024-04-28T00:00:00+00:00, run_after=2024-04-29T00:00:00+00:00
[2024-04-29T00:35:22.605+0000] {processor.py:178} INFO - Processing /home/airflow/.local/lib/python3.7/site-packages/airflow/example_dags/example_branch_operator.py took 0.292 seconds
[2024-04-29T00:35:53.008+0000] {processor.py:156} INFO - Started process (PID=3260) to work on /home/airflow/.local/lib/python3.7/site-packages/airflow/example_dags/example_branch_operator.py
[2024-04-29T00:35:53.008+0000] {processor.py:758} INFO - Processing file /home/airflow/.local/lib/python3.7/site-packages/airflow/example_dags/example_branch_operator.py for tasks to queue
[2024-04-29T00:35:53.009+0000] {logging_mixin.py:117} INFO - [2024-04-29T00:35:53.009+0000] {dagbag.py:525} INFO - Filling up the DagBag from /home/airflow/.local/lib/python3.7/site-packages/airflow/example_dags/example_branch_operator.py
[2024-04-29T00:35:53.032+0000] {processor.py:768} INFO - DAG(s) dict_keys(['example_branch_operator']) retrieved from /home/airflow/.local/lib/python3.7/site-packages/airflow/example_dags/example_branch_operator.py
[2024-04-29T00:35:53.079+0000] {logging_mixin.py:117} INFO - [2024-04-29T00:35:53.078+0000] {dag.py:2573} INFO - Sync 1 DAGs
[2024-04-29T00:35:53.263+0000] {logging_mixin.py:117} INFO - [2024-04-29T00:35:53.263+0000] {dag.py:3328} INFO - Setting next_dagrun for example_branch_operator to 2024-04-28T00:00:00+00:00, run_after=2024-04-29T00:00:00+00:00
[2024-04-29T00:35:53.314+0000] {processor.py:178} INFO - Processing /home/airflow/.local/lib/python3.7/site-packages/airflow/example_dags/example_branch_operator.py took 0.310 seconds
[2024-04-29T00:36:23.826+0000] {processor.py:156} INFO - Started process (PID=3482) to work on /home/airflow/.local/lib/python3.7/site-packages/airflow/example_dags/example_branch_operator.py
[2024-04-29T00:36:23.826+0000] {processor.py:758} INFO - Processing file /home/airflow/.local/lib/python3.7/site-packages/airflow/example_dags/example_branch_operator.py for tasks to queue
[2024-04-29T00:36:23.827+0000] {logging_mixin.py:117} INFO - [2024-04-29T00:36:23.827+0000] {dagbag.py:525} INFO - Filling up the DagBag from /home/airflow/.local/lib/python3.7/site-packages/airflow/example_dags/example_branch_operator.py
[2024-04-29T00:36:23.848+0000] {processor.py:768} INFO - DAG(s) dict_keys(['example_branch_operator']) retrieved from /home/airflow/.local/lib/python3.7/site-packages/airflow/example_dags/example_branch_operator.py
[2024-04-29T00:36:24.048+0000] {logging_mixin.py:117} INFO - [2024-04-29T00:36:24.048+0000] {dag.py:2573} INFO - Sync 1 DAGs
[2024-04-29T00:36:24.082+0000] {logging_mixin.py:117} INFO - [2024-04-29T00:36:24.082+0000] {dag.py:3328} INFO - Setting next_dagrun for example_branch_operator to 2024-04-28T00:00:00+00:00, run_after=2024-04-29T00:00:00+00:00
[2024-04-29T00:36:24.109+0000] {processor.py:178} INFO - Processing /home/airflow/.local/lib/python3.7/site-packages/airflow/example_dags/example_branch_operator.py took 0.288 seconds
[2024-04-29T00:36:54.246+0000] {processor.py:156} INFO - Started process (PID=3697) to work on /home/airflow/.local/lib/python3.7/site-packages/airflow/example_dags/example_branch_operator.py
[2024-04-29T00:36:54.247+0000] {processor.py:758} INFO - Processing file /home/airflow/.local/lib/python3.7/site-packages/airflow/example_dags/example_branch_operator.py for tasks to queue
[2024-04-29T00:36:54.248+0000] {logging_mixin.py:117} INFO - [2024-04-29T00:36:54.248+0000] {dagbag.py:525} INFO - Filling up the DagBag from /home/airflow/.local/lib/python3.7/site-packages/airflow/example_dags/example_branch_operator.py
[2024-04-29T00:36:54.262+0000] {processor.py:768} INFO - DAG(s) dict_keys(['example_branch_operator']) retrieved from /home/airflow/.local/lib/python3.7/site-packages/airflow/example_dags/example_branch_operator.py
[2024-04-29T00:36:54.398+0000] {logging_mixin.py:117} INFO - [2024-04-29T00:36:54.398+0000] {dag.py:2573} INFO - Sync 1 DAGs
[2024-04-29T00:36:54.419+0000] {logging_mixin.py:117} INFO - [2024-04-29T00:36:54.419+0000] {dag.py:3328} INFO - Setting next_dagrun for example_branch_operator to 2024-04-28T00:00:00+00:00, run_after=2024-04-29T00:00:00+00:00
[2024-04-29T00:36:54.442+0000] {processor.py:178} INFO - Processing /home/airflow/.local/lib/python3.7/site-packages/airflow/example_dags/example_branch_operator.py took 0.199 seconds
[2024-04-29T00:37:24.834+0000] {processor.py:156} INFO - Started process (PID=3920) to work on /home/airflow/.local/lib/python3.7/site-packages/airflow/example_dags/example_branch_operator.py
[2024-04-29T00:37:24.834+0000] {processor.py:758} INFO - Processing file /home/airflow/.local/lib/python3.7/site-packages/airflow/example_dags/example_branch_operator.py for tasks to queue
[2024-04-29T00:37:24.835+0000] {logging_mixin.py:117} INFO - [2024-04-29T00:37:24.835+0000] {dagbag.py:525} INFO - Filling up the DagBag from /home/airflow/.local/lib/python3.7/site-packages/airflow/example_dags/example_branch_operator.py
[2024-04-29T00:37:25.006+0000] {processor.py:768} INFO - DAG(s) dict_keys(['example_branch_operator']) retrieved from /home/airflow/.local/lib/python3.7/site-packages/airflow/example_dags/example_branch_operator.py
[2024-04-29T00:37:25.046+0000] {logging_mixin.py:117} INFO - [2024-04-29T00:37:25.046+0000] {dag.py:2573} INFO - Sync 1 DAGs
[2024-04-29T00:37:25.081+0000] {logging_mixin.py:117} INFO - [2024-04-29T00:37:25.081+0000] {dag.py:3328} INFO - Setting next_dagrun for example_branch_operator to 2024-04-28T00:00:00+00:00, run_after=2024-04-29T00:00:00+00:00
[2024-04-29T00:37:25.125+0000] {processor.py:178} INFO - Processing /home/airflow/.local/lib/python3.7/site-packages/airflow/example_dags/example_branch_operator.py took 0.294 seconds
[2024-04-29T00:37:55.222+0000] {processor.py:156} INFO - Started process (PID=4140) to work on /home/airflow/.local/lib/python3.7/site-packages/airflow/example_dags/example_branch_operator.py
[2024-04-29T00:37:55.223+0000] {processor.py:758} INFO - Processing file /home/airflow/.local/lib/python3.7/site-packages/airflow/example_dags/example_branch_operator.py for tasks to queue
[2024-04-29T00:37:55.223+0000] {logging_mixin.py:117} INFO - [2024-04-29T00:37:55.223+0000] {dagbag.py:525} INFO - Filling up the DagBag from /home/airflow/.local/lib/python3.7/site-packages/airflow/example_dags/example_branch_operator.py
[2024-04-29T00:37:55.245+0000] {processor.py:768} INFO - DAG(s) dict_keys(['example_branch_operator']) retrieved from /home/airflow/.local/lib/python3.7/site-packages/airflow/example_dags/example_branch_operator.py
[2024-04-29T00:37:55.325+0000] {logging_mixin.py:117} INFO - [2024-04-29T00:37:55.325+0000] {dag.py:2573} INFO - Sync 1 DAGs
[2024-04-29T00:37:55.392+0000] {logging_mixin.py:117} INFO - [2024-04-29T00:37:55.391+0000] {dag.py:3328} INFO - Setting next_dagrun for example_branch_operator to 2024-04-28T00:00:00+00:00, run_after=2024-04-29T00:00:00+00:00
[2024-04-29T00:37:55.436+0000] {processor.py:178} INFO - Processing /home/airflow/.local/lib/python3.7/site-packages/airflow/example_dags/example_branch_operator.py took 0.216 seconds
[2024-04-29T00:38:26.074+0000] {processor.py:156} INFO - Started process (PID=4354) to work on /home/airflow/.local/lib/python3.7/site-packages/airflow/example_dags/example_branch_operator.py
[2024-04-29T00:38:26.075+0000] {processor.py:758} INFO - Processing file /home/airflow/.local/lib/python3.7/site-packages/airflow/example_dags/example_branch_operator.py for tasks to queue
[2024-04-29T00:38:26.076+0000] {logging_mixin.py:117} INFO - [2024-04-29T00:38:26.075+0000] {dagbag.py:525} INFO - Filling up the DagBag from /home/airflow/.local/lib/python3.7/site-packages/airflow/example_dags/example_branch_operator.py
[2024-04-29T00:38:26.098+0000] {processor.py:768} INFO - DAG(s) dict_keys(['example_branch_operator']) retrieved from /home/airflow/.local/lib/python3.7/site-packages/airflow/example_dags/example_branch_operator.py
[2024-04-29T00:38:26.145+0000] {logging_mixin.py:117} INFO - [2024-04-29T00:38:26.145+0000] {dag.py:2573} INFO - Sync 1 DAGs
[2024-04-29T00:38:26.178+0000] {logging_mixin.py:117} INFO - [2024-04-29T00:38:26.178+0000] {dag.py:3328} INFO - Setting next_dagrun for example_branch_operator to 2024-04-28T00:00:00+00:00, run_after=2024-04-29T00:00:00+00:00
[2024-04-29T00:38:26.204+0000] {processor.py:178} INFO - Processing /home/airflow/.local/lib/python3.7/site-packages/airflow/example_dags/example_branch_operator.py took 0.133 seconds
[2024-04-29T00:38:56.802+0000] {processor.py:156} INFO - Started process (PID=4577) to work on /home/airflow/.local/lib/python3.7/site-packages/airflow/example_dags/example_branch_operator.py
[2024-04-29T00:38:56.803+0000] {processor.py:758} INFO - Processing file /home/airflow/.local/lib/python3.7/site-packages/airflow/example_dags/example_branch_operator.py for tasks to queue
[2024-04-29T00:38:56.804+0000] {logging_mixin.py:117} INFO - [2024-04-29T00:38:56.804+0000] {dagbag.py:525} INFO - Filling up the DagBag from /home/airflow/.local/lib/python3.7/site-packages/airflow/example_dags/example_branch_operator.py
[2024-04-29T00:38:56.828+0000] {processor.py:768} INFO - DAG(s) dict_keys(['example_branch_operator']) retrieved from /home/airflow/.local/lib/python3.7/site-packages/airflow/example_dags/example_branch_operator.py
[2024-04-29T00:38:56.877+0000] {logging_mixin.py:117} INFO - [2024-04-29T00:38:56.877+0000] {dag.py:2573} INFO - Sync 1 DAGs
[2024-04-29T00:38:56.917+0000] {logging_mixin.py:117} INFO - [2024-04-29T00:38:56.917+0000] {dag.py:3328} INFO - Setting next_dagrun for example_branch_operator to 2024-04-28T00:00:00+00:00, run_after=2024-04-29T00:00:00+00:00
[2024-04-29T00:38:56.971+0000] {processor.py:178} INFO - Processing /home/airflow/.local/lib/python3.7/site-packages/airflow/example_dags/example_branch_operator.py took 0.172 seconds
[2024-04-29T00:39:27.297+0000] {processor.py:156} INFO - Started process (PID=4798) to work on /home/airflow/.local/lib/python3.7/site-packages/airflow/example_dags/example_branch_operator.py
[2024-04-29T00:39:27.298+0000] {processor.py:758} INFO - Processing file /home/airflow/.local/lib/python3.7/site-packages/airflow/example_dags/example_branch_operator.py for tasks to queue
[2024-04-29T00:39:27.304+0000] {logging_mixin.py:117} INFO - [2024-04-29T00:39:27.304+0000] {dagbag.py:525} INFO - Filling up the DagBag from /home/airflow/.local/lib/python3.7/site-packages/airflow/example_dags/example_branch_operator.py
[2024-04-29T00:39:27.338+0000] {processor.py:768} INFO - DAG(s) dict_keys(['example_branch_operator']) retrieved from /home/airflow/.local/lib/python3.7/site-packages/airflow/example_dags/example_branch_operator.py
[2024-04-29T00:39:27.409+0000] {logging_mixin.py:117} INFO - [2024-04-29T00:39:27.409+0000] {dag.py:2573} INFO - Sync 1 DAGs
[2024-04-29T00:39:27.442+0000] {logging_mixin.py:117} INFO - [2024-04-29T00:39:27.442+0000] {dag.py:3328} INFO - Setting next_dagrun for example_branch_operator to 2024-04-28T00:00:00+00:00, run_after=2024-04-29T00:00:00+00:00
[2024-04-29T00:39:27.468+0000] {processor.py:178} INFO - Processing /home/airflow/.local/lib/python3.7/site-packages/airflow/example_dags/example_branch_operator.py took 0.174 seconds
[2024-04-29T00:39:58.246+0000] {processor.py:156} INFO - Started process (PID=5014) to work on /home/airflow/.local/lib/python3.7/site-packages/airflow/example_dags/example_branch_operator.py
[2024-04-29T00:39:58.246+0000] {processor.py:758} INFO - Processing file /home/airflow/.local/lib/python3.7/site-packages/airflow/example_dags/example_branch_operator.py for tasks to queue
[2024-04-29T00:39:58.247+0000] {logging_mixin.py:117} INFO - [2024-04-29T00:39:58.247+0000] {dagbag.py:525} INFO - Filling up the DagBag from /home/airflow/.local/lib/python3.7/site-packages/airflow/example_dags/example_branch_operator.py
[2024-04-29T00:39:58.270+0000] {processor.py:768} INFO - DAG(s) dict_keys(['example_branch_operator']) retrieved from /home/airflow/.local/lib/python3.7/site-packages/airflow/example_dags/example_branch_operator.py
[2024-04-29T00:39:58.321+0000] {logging_mixin.py:117} INFO - [2024-04-29T00:39:58.321+0000] {dag.py:2573} INFO - Sync 1 DAGs
[2024-04-29T00:39:58.358+0000] {logging_mixin.py:117} INFO - [2024-04-29T00:39:58.358+0000] {dag.py:3328} INFO - Setting next_dagrun for example_branch_operator to 2024-04-28T00:00:00+00:00, run_after=2024-04-29T00:00:00+00:00
[2024-04-29T00:39:58.388+0000] {processor.py:178} INFO - Processing /home/airflow/.local/lib/python3.7/site-packages/airflow/example_dags/example_branch_operator.py took 0.146 seconds
[2024-04-29T00:40:28.523+0000] {processor.py:156} INFO - Started process (PID=5236) to work on /home/airflow/.local/lib/python3.7/site-packages/airflow/example_dags/example_branch_operator.py
[2024-04-29T00:40:28.524+0000] {processor.py:758} INFO - Processing file /home/airflow/.local/lib/python3.7/site-packages/airflow/example_dags/example_branch_operator.py for tasks to queue
[2024-04-29T00:40:28.525+0000] {logging_mixin.py:117} INFO - [2024-04-29T00:40:28.525+0000] {dagbag.py:525} INFO - Filling up the DagBag from /home/airflow/.local/lib/python3.7/site-packages/airflow/example_dags/example_branch_operator.py
[2024-04-29T00:40:28.547+0000] {processor.py:768} INFO - DAG(s) dict_keys(['example_branch_operator']) retrieved from /home/airflow/.local/lib/python3.7/site-packages/airflow/example_dags/example_branch_operator.py
[2024-04-29T00:40:28.598+0000] {logging_mixin.py:117} INFO - [2024-04-29T00:40:28.597+0000] {dag.py:2573} INFO - Sync 1 DAGs
[2024-04-29T00:40:28.632+0000] {logging_mixin.py:117} INFO - [2024-04-29T00:40:28.632+0000] {dag.py:3328} INFO - Setting next_dagrun for example_branch_operator to 2024-04-28T00:00:00+00:00, run_after=2024-04-29T00:00:00+00:00
[2024-04-29T00:40:28.662+0000] {processor.py:178} INFO - Processing /home/airflow/.local/lib/python3.7/site-packages/airflow/example_dags/example_branch_operator.py took 0.141 seconds
[2024-04-29T00:40:58.905+0000] {processor.py:156} INFO - Started process (PID=5459) to work on /home/airflow/.local/lib/python3.7/site-packages/airflow/example_dags/example_branch_operator.py
[2024-04-29T00:40:58.905+0000] {processor.py:758} INFO - Processing file /home/airflow/.local/lib/python3.7/site-packages/airflow/example_dags/example_branch_operator.py for tasks to queue
[2024-04-29T00:40:58.906+0000] {logging_mixin.py:117} INFO - [2024-04-29T00:40:58.906+0000] {dagbag.py:525} INFO - Filling up the DagBag from /home/airflow/.local/lib/python3.7/site-packages/airflow/example_dags/example_branch_operator.py
[2024-04-29T00:40:58.944+0000] {processor.py:768} INFO - DAG(s) dict_keys(['example_branch_operator']) retrieved from /home/airflow/.local/lib/python3.7/site-packages/airflow/example_dags/example_branch_operator.py
[2024-04-29T00:40:59.024+0000] {logging_mixin.py:117} INFO - [2024-04-29T00:40:59.024+0000] {dag.py:2573} INFO - Sync 1 DAGs
[2024-04-29T00:40:59.061+0000] {logging_mixin.py:117} INFO - [2024-04-29T00:40:59.061+0000] {dag.py:3328} INFO - Setting next_dagrun for example_branch_operator to 2024-04-28T00:00:00+00:00, run_after=2024-04-29T00:00:00+00:00
[2024-04-29T00:40:59.098+0000] {processor.py:178} INFO - Processing /home/airflow/.local/lib/python3.7/site-packages/airflow/example_dags/example_branch_operator.py took 0.196 seconds
[2024-04-29T00:41:29.878+0000] {processor.py:156} INFO - Started process (PID=5674) to work on /home/airflow/.local/lib/python3.7/site-packages/airflow/example_dags/example_branch_operator.py
[2024-04-29T00:41:29.879+0000] {processor.py:758} INFO - Processing file /home/airflow/.local/lib/python3.7/site-packages/airflow/example_dags/example_branch_operator.py for tasks to queue
[2024-04-29T00:41:29.879+0000] {logging_mixin.py:117} INFO - [2024-04-29T00:41:29.879+0000] {dagbag.py:525} INFO - Filling up the DagBag from /home/airflow/.local/lib/python3.7/site-packages/airflow/example_dags/example_branch_operator.py
[2024-04-29T00:41:29.894+0000] {processor.py:768} INFO - DAG(s) dict_keys(['example_branch_operator']) retrieved from /home/airflow/.local/lib/python3.7/site-packages/airflow/example_dags/example_branch_operator.py
[2024-04-29T00:41:29.928+0000] {logging_mixin.py:117} INFO - [2024-04-29T00:41:29.927+0000] {dag.py:2573} INFO - Sync 1 DAGs
[2024-04-29T00:41:29.950+0000] {logging_mixin.py:117} INFO - [2024-04-29T00:41:29.950+0000] {dag.py:3328} INFO - Setting next_dagrun for example_branch_operator to 2024-04-28T00:00:00+00:00, run_after=2024-04-29T00:00:00+00:00
[2024-04-29T00:41:29.970+0000] {processor.py:178} INFO - Processing /home/airflow/.local/lib/python3.7/site-packages/airflow/example_dags/example_branch_operator.py took 0.095 seconds
[2024-04-29T00:42:00.609+0000] {processor.py:156} INFO - Started process (PID=5897) to work on /home/airflow/.local/lib/python3.7/site-packages/airflow/example_dags/example_branch_operator.py
[2024-04-29T00:42:00.609+0000] {processor.py:758} INFO - Processing file /home/airflow/.local/lib/python3.7/site-packages/airflow/example_dags/example_branch_operator.py for tasks to queue
[2024-04-29T00:42:00.610+0000] {logging_mixin.py:117} INFO - [2024-04-29T00:42:00.610+0000] {dagbag.py:525} INFO - Filling up the DagBag from /home/airflow/.local/lib/python3.7/site-packages/airflow/example_dags/example_branch_operator.py
[2024-04-29T00:42:00.631+0000] {processor.py:768} INFO - DAG(s) dict_keys(['example_branch_operator']) retrieved from /home/airflow/.local/lib/python3.7/site-packages/airflow/example_dags/example_branch_operator.py
[2024-04-29T00:42:00.682+0000] {logging_mixin.py:117} INFO - [2024-04-29T00:42:00.682+0000] {dag.py:2573} INFO - Sync 1 DAGs
[2024-04-29T00:42:00.728+0000] {logging_mixin.py:117} INFO - [2024-04-29T00:42:00.728+0000] {dag.py:3328} INFO - Setting next_dagrun for example_branch_operator to 2024-04-28T00:00:00+00:00, run_after=2024-04-29T00:00:00+00:00
[2024-04-29T00:42:00.758+0000] {processor.py:178} INFO - Processing /home/airflow/.local/lib/python3.7/site-packages/airflow/example_dags/example_branch_operator.py took 0.153 seconds
[2024-04-29T00:42:31.152+0000] {processor.py:156} INFO - Started process (PID=6120) to work on /home/airflow/.local/lib/python3.7/site-packages/airflow/example_dags/example_branch_operator.py
[2024-04-29T00:42:31.152+0000] {processor.py:758} INFO - Processing file /home/airflow/.local/lib/python3.7/site-packages/airflow/example_dags/example_branch_operator.py for tasks to queue
[2024-04-29T00:42:31.153+0000] {logging_mixin.py:117} INFO - [2024-04-29T00:42:31.153+0000] {dagbag.py:525} INFO - Filling up the DagBag from /home/airflow/.local/lib/python3.7/site-packages/airflow/example_dags/example_branch_operator.py
[2024-04-29T00:42:31.199+0000] {processor.py:768} INFO - DAG(s) dict_keys(['example_branch_operator']) retrieved from /home/airflow/.local/lib/python3.7/site-packages/airflow/example_dags/example_branch_operator.py
[2024-04-29T00:42:31.262+0000] {logging_mixin.py:117} INFO - [2024-04-29T00:42:31.262+0000] {dag.py:2573} INFO - Sync 1 DAGs
[2024-04-29T00:42:31.299+0000] {logging_mixin.py:117} INFO - [2024-04-29T00:42:31.299+0000] {dag.py:3328} INFO - Setting next_dagrun for example_branch_operator to 2024-04-28T00:00:00+00:00, run_after=2024-04-29T00:00:00+00:00
[2024-04-29T00:42:31.335+0000] {processor.py:178} INFO - Processing /home/airflow/.local/lib/python3.7/site-packages/airflow/example_dags/example_branch_operator.py took 0.187 seconds
[2024-04-29T00:43:02.086+0000] {processor.py:156} INFO - Started process (PID=6335) to work on /home/airflow/.local/lib/python3.7/site-packages/airflow/example_dags/example_branch_operator.py
[2024-04-29T00:43:02.086+0000] {processor.py:758} INFO - Processing file /home/airflow/.local/lib/python3.7/site-packages/airflow/example_dags/example_branch_operator.py for tasks to queue
[2024-04-29T00:43:02.087+0000] {logging_mixin.py:117} INFO - [2024-04-29T00:43:02.086+0000] {dagbag.py:525} INFO - Filling up the DagBag from /home/airflow/.local/lib/python3.7/site-packages/airflow/example_dags/example_branch_operator.py
[2024-04-29T00:43:02.102+0000] {processor.py:768} INFO - DAG(s) dict_keys(['example_branch_operator']) retrieved from /home/airflow/.local/lib/python3.7/site-packages/airflow/example_dags/example_branch_operator.py
[2024-04-29T00:43:02.144+0000] {logging_mixin.py:117} INFO - [2024-04-29T00:43:02.143+0000] {dag.py:2573} INFO - Sync 1 DAGs
[2024-04-29T00:43:02.166+0000] {logging_mixin.py:117} INFO - [2024-04-29T00:43:02.166+0000] {dag.py:3328} INFO - Setting next_dagrun for example_branch_operator to 2024-04-28T00:00:00+00:00, run_after=2024-04-29T00:00:00+00:00
[2024-04-29T00:43:02.189+0000] {processor.py:178} INFO - Processing /home/airflow/.local/lib/python3.7/site-packages/airflow/example_dags/example_branch_operator.py took 0.106 seconds
[2024-04-29T00:43:32.770+0000] {processor.py:156} INFO - Started process (PID=6558) to work on /home/airflow/.local/lib/python3.7/site-packages/airflow/example_dags/example_branch_operator.py
[2024-04-29T00:43:32.775+0000] {processor.py:758} INFO - Processing file /home/airflow/.local/lib/python3.7/site-packages/airflow/example_dags/example_branch_operator.py for tasks to queue
[2024-04-29T00:43:32.776+0000] {logging_mixin.py:117} INFO - [2024-04-29T00:43:32.776+0000] {dagbag.py:525} INFO - Filling up the DagBag from /home/airflow/.local/lib/python3.7/site-packages/airflow/example_dags/example_branch_operator.py
[2024-04-29T00:43:32.806+0000] {processor.py:768} INFO - DAG(s) dict_keys(['example_branch_operator']) retrieved from /home/airflow/.local/lib/python3.7/site-packages/airflow/example_dags/example_branch_operator.py
[2024-04-29T00:43:32.898+0000] {logging_mixin.py:117} INFO - [2024-04-29T00:43:32.898+0000] {dag.py:2573} INFO - Sync 1 DAGs
[2024-04-29T00:43:32.956+0000] {logging_mixin.py:117} INFO - [2024-04-29T00:43:32.956+0000] {dag.py:3328} INFO - Setting next_dagrun for example_branch_operator to 2024-04-28T00:00:00+00:00, run_after=2024-04-29T00:00:00+00:00
[2024-04-29T00:43:33.032+0000] {processor.py:178} INFO - Processing /home/airflow/.local/lib/python3.7/site-packages/airflow/example_dags/example_branch_operator.py took 0.265 seconds
[2024-04-29T00:44:03.818+0000] {processor.py:156} INFO - Started process (PID=6778) to work on /home/airflow/.local/lib/python3.7/site-packages/airflow/example_dags/example_branch_operator.py
[2024-04-29T00:44:03.818+0000] {processor.py:758} INFO - Processing file /home/airflow/.local/lib/python3.7/site-packages/airflow/example_dags/example_branch_operator.py for tasks to queue
[2024-04-29T00:44:03.819+0000] {logging_mixin.py:117} INFO - [2024-04-29T00:44:03.819+0000] {dagbag.py:525} INFO - Filling up the DagBag from /home/airflow/.local/lib/python3.7/site-packages/airflow/example_dags/example_branch_operator.py
[2024-04-29T00:44:03.879+0000] {processor.py:768} INFO - DAG(s) dict_keys(['example_branch_operator']) retrieved from /home/airflow/.local/lib/python3.7/site-packages/airflow/example_dags/example_branch_operator.py
[2024-04-29T00:44:04.020+0000] {logging_mixin.py:117} INFO - [2024-04-29T00:44:04.019+0000] {dag.py:2573} INFO - Sync 1 DAGs
[2024-04-29T00:44:04.063+0000] {logging_mixin.py:117} INFO - [2024-04-29T00:44:04.063+0000] {dag.py:3328} INFO - Setting next_dagrun for example_branch_operator to 2024-04-28T00:00:00+00:00, run_after=2024-04-29T00:00:00+00:00
[2024-04-29T00:44:04.090+0000] {processor.py:178} INFO - Processing /home/airflow/.local/lib/python3.7/site-packages/airflow/example_dags/example_branch_operator.py took 0.276 seconds
[2024-04-29T00:44:34.235+0000] {processor.py:156} INFO - Started process (PID=6992) to work on /home/airflow/.local/lib/python3.7/site-packages/airflow/example_dags/example_branch_operator.py
[2024-04-29T00:44:34.236+0000] {processor.py:758} INFO - Processing file /home/airflow/.local/lib/python3.7/site-packages/airflow/example_dags/example_branch_operator.py for tasks to queue
[2024-04-29T00:44:34.236+0000] {logging_mixin.py:117} INFO - [2024-04-29T00:44:34.236+0000] {dagbag.py:525} INFO - Filling up the DagBag from /home/airflow/.local/lib/python3.7/site-packages/airflow/example_dags/example_branch_operator.py
[2024-04-29T00:44:34.257+0000] {processor.py:768} INFO - DAG(s) dict_keys(['example_branch_operator']) retrieved from /home/airflow/.local/lib/python3.7/site-packages/airflow/example_dags/example_branch_operator.py
[2024-04-29T00:44:34.305+0000] {logging_mixin.py:117} INFO - [2024-04-29T00:44:34.305+0000] {dag.py:2573} INFO - Sync 1 DAGs
[2024-04-29T00:44:34.341+0000] {logging_mixin.py:117} INFO - [2024-04-29T00:44:34.341+0000] {dag.py:3328} INFO - Setting next_dagrun for example_branch_operator to 2024-04-28T00:00:00+00:00, run_after=2024-04-29T00:00:00+00:00
[2024-04-29T00:44:34.370+0000] {processor.py:178} INFO - Processing /home/airflow/.local/lib/python3.7/site-packages/airflow/example_dags/example_branch_operator.py took 0.138 seconds
[2024-04-29T00:45:04.847+0000] {processor.py:156} INFO - Started process (PID=7216) to work on /home/airflow/.local/lib/python3.7/site-packages/airflow/example_dags/example_branch_operator.py
[2024-04-29T00:45:04.848+0000] {processor.py:758} INFO - Processing file /home/airflow/.local/lib/python3.7/site-packages/airflow/example_dags/example_branch_operator.py for tasks to queue
[2024-04-29T00:45:04.849+0000] {logging_mixin.py:117} INFO - [2024-04-29T00:45:04.849+0000] {dagbag.py:525} INFO - Filling up the DagBag from /home/airflow/.local/lib/python3.7/site-packages/airflow/example_dags/example_branch_operator.py
[2024-04-29T00:45:04.872+0000] {processor.py:768} INFO - DAG(s) dict_keys(['example_branch_operator']) retrieved from /home/airflow/.local/lib/python3.7/site-packages/airflow/example_dags/example_branch_operator.py
[2024-04-29T00:45:04.925+0000] {logging_mixin.py:117} INFO - [2024-04-29T00:45:04.924+0000] {dag.py:2573} INFO - Sync 1 DAGs
[2024-04-29T00:45:04.960+0000] {logging_mixin.py:117} INFO - [2024-04-29T00:45:04.960+0000] {dag.py:3328} INFO - Setting next_dagrun for example_branch_operator to 2024-04-28T00:00:00+00:00, run_after=2024-04-29T00:00:00+00:00
[2024-04-29T00:45:04.993+0000] {processor.py:178} INFO - Processing /home/airflow/.local/lib/python3.7/site-packages/airflow/example_dags/example_branch_operator.py took 0.150 seconds
[2024-04-29T00:45:35.091+0000] {processor.py:156} INFO - Started process (PID=7439) to work on /home/airflow/.local/lib/python3.7/site-packages/airflow/example_dags/example_branch_operator.py
[2024-04-29T00:45:35.093+0000] {processor.py:758} INFO - Processing file /home/airflow/.local/lib/python3.7/site-packages/airflow/example_dags/example_branch_operator.py for tasks to queue
[2024-04-29T00:45:35.094+0000] {logging_mixin.py:117} INFO - [2024-04-29T00:45:35.094+0000] {dagbag.py:525} INFO - Filling up the DagBag from /home/airflow/.local/lib/python3.7/site-packages/airflow/example_dags/example_branch_operator.py
[2024-04-29T00:45:35.129+0000] {processor.py:768} INFO - DAG(s) dict_keys(['example_branch_operator']) retrieved from /home/airflow/.local/lib/python3.7/site-packages/airflow/example_dags/example_branch_operator.py
[2024-04-29T00:45:35.193+0000] {logging_mixin.py:117} INFO - [2024-04-29T00:45:35.192+0000] {dag.py:2573} INFO - Sync 1 DAGs
[2024-04-29T00:45:35.233+0000] {logging_mixin.py:117} INFO - [2024-04-29T00:45:35.233+0000] {dag.py:3328} INFO - Setting next_dagrun for example_branch_operator to 2024-04-28T00:00:00+00:00, run_after=2024-04-29T00:00:00+00:00
[2024-04-29T00:45:35.260+0000] {processor.py:178} INFO - Processing /home/airflow/.local/lib/python3.7/site-packages/airflow/example_dags/example_branch_operator.py took 0.173 seconds
[2024-04-29T00:46:05.862+0000] {processor.py:156} INFO - Started process (PID=7657) to work on /home/airflow/.local/lib/python3.7/site-packages/airflow/example_dags/example_branch_operator.py
[2024-04-29T00:46:05.863+0000] {processor.py:758} INFO - Processing file /home/airflow/.local/lib/python3.7/site-packages/airflow/example_dags/example_branch_operator.py for tasks to queue
[2024-04-29T00:46:05.864+0000] {logging_mixin.py:117} INFO - [2024-04-29T00:46:05.863+0000] {dagbag.py:525} INFO - Filling up the DagBag from /home/airflow/.local/lib/python3.7/site-packages/airflow/example_dags/example_branch_operator.py
[2024-04-29T00:46:05.887+0000] {processor.py:768} INFO - DAG(s) dict_keys(['example_branch_operator']) retrieved from /home/airflow/.local/lib/python3.7/site-packages/airflow/example_dags/example_branch_operator.py
[2024-04-29T00:46:05.947+0000] {logging_mixin.py:117} INFO - [2024-04-29T00:46:05.947+0000] {dag.py:2573} INFO - Sync 1 DAGs
[2024-04-29T00:46:05.987+0000] {logging_mixin.py:117} INFO - [2024-04-29T00:46:05.987+0000] {dag.py:3328} INFO - Setting next_dagrun for example_branch_operator to 2024-04-28T00:00:00+00:00, run_after=2024-04-29T00:00:00+00:00
[2024-04-29T00:46:06.024+0000] {processor.py:178} INFO - Processing /home/airflow/.local/lib/python3.7/site-packages/airflow/example_dags/example_branch_operator.py took 0.165 seconds
[2024-04-29T00:46:36.542+0000] {processor.py:156} INFO - Started process (PID=7882) to work on /home/airflow/.local/lib/python3.7/site-packages/airflow/example_dags/example_branch_operator.py
[2024-04-29T00:46:36.543+0000] {processor.py:758} INFO - Processing file /home/airflow/.local/lib/python3.7/site-packages/airflow/example_dags/example_branch_operator.py for tasks to queue
[2024-04-29T00:46:36.544+0000] {logging_mixin.py:117} INFO - [2024-04-29T00:46:36.543+0000] {dagbag.py:525} INFO - Filling up the DagBag from /home/airflow/.local/lib/python3.7/site-packages/airflow/example_dags/example_branch_operator.py
[2024-04-29T00:46:36.565+0000] {processor.py:768} INFO - DAG(s) dict_keys(['example_branch_operator']) retrieved from /home/airflow/.local/lib/python3.7/site-packages/airflow/example_dags/example_branch_operator.py
[2024-04-29T00:46:36.615+0000] {logging_mixin.py:117} INFO - [2024-04-29T00:46:36.615+0000] {dag.py:2573} INFO - Sync 1 DAGs
[2024-04-29T00:46:36.649+0000] {logging_mixin.py:117} INFO - [2024-04-29T00:46:36.649+0000] {dag.py:3328} INFO - Setting next_dagrun for example_branch_operator to 2024-04-28T00:00:00+00:00, run_after=2024-04-29T00:00:00+00:00
[2024-04-29T00:46:36.675+0000] {processor.py:178} INFO - Processing /home/airflow/.local/lib/python3.7/site-packages/airflow/example_dags/example_branch_operator.py took 0.135 seconds
[2024-04-29T00:47:07.248+0000] {processor.py:156} INFO - Started process (PID=8103) to work on /home/airflow/.local/lib/python3.7/site-packages/airflow/example_dags/example_branch_operator.py
[2024-04-29T00:47:07.249+0000] {processor.py:758} INFO - Processing file /home/airflow/.local/lib/python3.7/site-packages/airflow/example_dags/example_branch_operator.py for tasks to queue
[2024-04-29T00:47:07.250+0000] {logging_mixin.py:117} INFO - [2024-04-29T00:47:07.250+0000] {dagbag.py:525} INFO - Filling up the DagBag from /home/airflow/.local/lib/python3.7/site-packages/airflow/example_dags/example_branch_operator.py
[2024-04-29T00:47:07.289+0000] {processor.py:768} INFO - DAG(s) dict_keys(['example_branch_operator']) retrieved from /home/airflow/.local/lib/python3.7/site-packages/airflow/example_dags/example_branch_operator.py
[2024-04-29T00:47:07.360+0000] {logging_mixin.py:117} INFO - [2024-04-29T00:47:07.360+0000] {dag.py:2573} INFO - Sync 1 DAGs
[2024-04-29T00:47:07.432+0000] {logging_mixin.py:117} INFO - [2024-04-29T00:47:07.431+0000] {dag.py:3328} INFO - Setting next_dagrun for example_branch_operator to 2024-04-28T00:00:00+00:00, run_after=2024-04-29T00:00:00+00:00
[2024-04-29T00:47:07.475+0000] {processor.py:178} INFO - Processing /home/airflow/.local/lib/python3.7/site-packages/airflow/example_dags/example_branch_operator.py took 0.230 seconds
[2024-04-29T00:47:37.638+0000] {processor.py:156} INFO - Started process (PID=8318) to work on /home/airflow/.local/lib/python3.7/site-packages/airflow/example_dags/example_branch_operator.py
[2024-04-29T00:47:37.639+0000] {processor.py:758} INFO - Processing file /home/airflow/.local/lib/python3.7/site-packages/airflow/example_dags/example_branch_operator.py for tasks to queue
[2024-04-29T00:47:37.640+0000] {logging_mixin.py:117} INFO - [2024-04-29T00:47:37.640+0000] {dagbag.py:525} INFO - Filling up the DagBag from /home/airflow/.local/lib/python3.7/site-packages/airflow/example_dags/example_branch_operator.py
[2024-04-29T00:47:37.660+0000] {processor.py:768} INFO - DAG(s) dict_keys(['example_branch_operator']) retrieved from /home/airflow/.local/lib/python3.7/site-packages/airflow/example_dags/example_branch_operator.py
[2024-04-29T00:47:37.708+0000] {logging_mixin.py:117} INFO - [2024-04-29T00:47:37.707+0000] {dag.py:2573} INFO - Sync 1 DAGs
[2024-04-29T00:47:37.744+0000] {logging_mixin.py:117} INFO - [2024-04-29T00:47:37.744+0000] {dag.py:3328} INFO - Setting next_dagrun for example_branch_operator to 2024-04-28T00:00:00+00:00, run_after=2024-04-29T00:00:00+00:00
[2024-04-29T00:47:37.772+0000] {processor.py:178} INFO - Processing /home/airflow/.local/lib/python3.7/site-packages/airflow/example_dags/example_branch_operator.py took 0.137 seconds
[2024-04-29T00:48:08.648+0000] {processor.py:156} INFO - Started process (PID=8540) to work on /home/airflow/.local/lib/python3.7/site-packages/airflow/example_dags/example_branch_operator.py
[2024-04-29T00:48:08.648+0000] {processor.py:758} INFO - Processing file /home/airflow/.local/lib/python3.7/site-packages/airflow/example_dags/example_branch_operator.py for tasks to queue
[2024-04-29T00:48:08.650+0000] {logging_mixin.py:117} INFO - [2024-04-29T00:48:08.650+0000] {dagbag.py:525} INFO - Filling up the DagBag from /home/airflow/.local/lib/python3.7/site-packages/airflow/example_dags/example_branch_operator.py
[2024-04-29T00:48:08.673+0000] {processor.py:768} INFO - DAG(s) dict_keys(['example_branch_operator']) retrieved from /home/airflow/.local/lib/python3.7/site-packages/airflow/example_dags/example_branch_operator.py
[2024-04-29T00:48:08.723+0000] {logging_mixin.py:117} INFO - [2024-04-29T00:48:08.723+0000] {dag.py:2573} INFO - Sync 1 DAGs
[2024-04-29T00:48:08.759+0000] {logging_mixin.py:117} INFO - [2024-04-29T00:48:08.759+0000] {dag.py:3328} INFO - Setting next_dagrun for example_branch_operator to 2024-04-28T00:00:00+00:00, run_after=2024-04-29T00:00:00+00:00
[2024-04-29T00:48:08.784+0000] {processor.py:178} INFO - Processing /home/airflow/.local/lib/python3.7/site-packages/airflow/example_dags/example_branch_operator.py took 0.139 seconds
[2024-04-29T00:48:39.485+0000] {processor.py:156} INFO - Started process (PID=8762) to work on /home/airflow/.local/lib/python3.7/site-packages/airflow/example_dags/example_branch_operator.py
[2024-04-29T00:48:39.489+0000] {processor.py:758} INFO - Processing file /home/airflow/.local/lib/python3.7/site-packages/airflow/example_dags/example_branch_operator.py for tasks to queue
[2024-04-29T00:48:39.490+0000] {logging_mixin.py:117} INFO - [2024-04-29T00:48:39.489+0000] {dagbag.py:525} INFO - Filling up the DagBag from /home/airflow/.local/lib/python3.7/site-packages/airflow/example_dags/example_branch_operator.py
[2024-04-29T00:48:39.512+0000] {processor.py:768} INFO - DAG(s) dict_keys(['example_branch_operator']) retrieved from /home/airflow/.local/lib/python3.7/site-packages/airflow/example_dags/example_branch_operator.py
[2024-04-29T00:48:39.627+0000] {logging_mixin.py:117} INFO - [2024-04-29T00:48:39.627+0000] {dag.py:2573} INFO - Sync 1 DAGs
[2024-04-29T00:48:39.670+0000] {logging_mixin.py:117} INFO - [2024-04-29T00:48:39.669+0000] {dag.py:3328} INFO - Setting next_dagrun for example_branch_operator to 2024-04-28T00:00:00+00:00, run_after=2024-04-29T00:00:00+00:00
[2024-04-29T00:48:39.703+0000] {processor.py:178} INFO - Processing /home/airflow/.local/lib/python3.7/site-packages/airflow/example_dags/example_branch_operator.py took 0.226 seconds
[2024-04-29T00:49:10.608+0000] {processor.py:156} INFO - Started process (PID=8977) to work on /home/airflow/.local/lib/python3.7/site-packages/airflow/example_dags/example_branch_operator.py
[2024-04-29T00:49:10.609+0000] {processor.py:758} INFO - Processing file /home/airflow/.local/lib/python3.7/site-packages/airflow/example_dags/example_branch_operator.py for tasks to queue
[2024-04-29T00:49:10.609+0000] {logging_mixin.py:117} INFO - [2024-04-29T00:49:10.609+0000] {dagbag.py:525} INFO - Filling up the DagBag from /home/airflow/.local/lib/python3.7/site-packages/airflow/example_dags/example_branch_operator.py
[2024-04-29T00:49:10.631+0000] {processor.py:768} INFO - DAG(s) dict_keys(['example_branch_operator']) retrieved from /home/airflow/.local/lib/python3.7/site-packages/airflow/example_dags/example_branch_operator.py
[2024-04-29T00:49:10.685+0000] {logging_mixin.py:117} INFO - [2024-04-29T00:49:10.685+0000] {dag.py:2573} INFO - Sync 1 DAGs
[2024-04-29T00:49:10.721+0000] {logging_mixin.py:117} INFO - [2024-04-29T00:49:10.721+0000] {dag.py:3328} INFO - Setting next_dagrun for example_branch_operator to 2024-04-28T00:00:00+00:00, run_after=2024-04-29T00:00:00+00:00
[2024-04-29T00:49:10.751+0000] {processor.py:178} INFO - Processing /home/airflow/.local/lib/python3.7/site-packages/airflow/example_dags/example_branch_operator.py took 0.146 seconds
[2024-04-29T00:49:41.153+0000] {processor.py:156} INFO - Started process (PID=9200) to work on /home/airflow/.local/lib/python3.7/site-packages/airflow/example_dags/example_branch_operator.py
[2024-04-29T00:49:41.158+0000] {processor.py:758} INFO - Processing file /home/airflow/.local/lib/python3.7/site-packages/airflow/example_dags/example_branch_operator.py for tasks to queue
[2024-04-29T00:49:41.159+0000] {logging_mixin.py:117} INFO - [2024-04-29T00:49:41.159+0000] {dagbag.py:525} INFO - Filling up the DagBag from /home/airflow/.local/lib/python3.7/site-packages/airflow/example_dags/example_branch_operator.py
[2024-04-29T00:49:41.183+0000] {processor.py:768} INFO - DAG(s) dict_keys(['example_branch_operator']) retrieved from /home/airflow/.local/lib/python3.7/site-packages/airflow/example_dags/example_branch_operator.py
[2024-04-29T00:49:41.247+0000] {logging_mixin.py:117} INFO - [2024-04-29T00:49:41.247+0000] {dag.py:2573} INFO - Sync 1 DAGs
[2024-04-29T00:49:41.288+0000] {logging_mixin.py:117} INFO - [2024-04-29T00:49:41.288+0000] {dag.py:3328} INFO - Setting next_dagrun for example_branch_operator to 2024-04-28T00:00:00+00:00, run_after=2024-04-29T00:00:00+00:00
[2024-04-29T00:49:41.318+0000] {processor.py:178} INFO - Processing /home/airflow/.local/lib/python3.7/site-packages/airflow/example_dags/example_branch_operator.py took 0.170 seconds
[2024-04-29T00:50:12.034+0000] {processor.py:156} INFO - Started process (PID=9423) to work on /home/airflow/.local/lib/python3.7/site-packages/airflow/example_dags/example_branch_operator.py
[2024-04-29T00:50:12.035+0000] {processor.py:758} INFO - Processing file /home/airflow/.local/lib/python3.7/site-packages/airflow/example_dags/example_branch_operator.py for tasks to queue
[2024-04-29T00:50:12.035+0000] {logging_mixin.py:117} INFO - [2024-04-29T00:50:12.035+0000] {dagbag.py:525} INFO - Filling up the DagBag from /home/airflow/.local/lib/python3.7/site-packages/airflow/example_dags/example_branch_operator.py
[2024-04-29T00:50:12.058+0000] {processor.py:768} INFO - DAG(s) dict_keys(['example_branch_operator']) retrieved from /home/airflow/.local/lib/python3.7/site-packages/airflow/example_dags/example_branch_operator.py
[2024-04-29T00:50:12.109+0000] {logging_mixin.py:117} INFO - [2024-04-29T00:50:12.108+0000] {dag.py:2573} INFO - Sync 1 DAGs
[2024-04-29T00:50:12.143+0000] {logging_mixin.py:117} INFO - [2024-04-29T00:50:12.143+0000] {dag.py:3328} INFO - Setting next_dagrun for example_branch_operator to 2024-04-28T00:00:00+00:00, run_after=2024-04-29T00:00:00+00:00
[2024-04-29T00:50:12.173+0000] {processor.py:178} INFO - Processing /home/airflow/.local/lib/python3.7/site-packages/airflow/example_dags/example_branch_operator.py took 0.143 seconds
[2024-04-29T00:50:42.889+0000] {processor.py:156} INFO - Started process (PID=9637) to work on /home/airflow/.local/lib/python3.7/site-packages/airflow/example_dags/example_branch_operator.py
[2024-04-29T00:50:42.890+0000] {processor.py:758} INFO - Processing file /home/airflow/.local/lib/python3.7/site-packages/airflow/example_dags/example_branch_operator.py for tasks to queue
[2024-04-29T00:50:42.891+0000] {logging_mixin.py:117} INFO - [2024-04-29T00:50:42.891+0000] {dagbag.py:525} INFO - Filling up the DagBag from /home/airflow/.local/lib/python3.7/site-packages/airflow/example_dags/example_branch_operator.py
[2024-04-29T00:50:42.918+0000] {processor.py:768} INFO - DAG(s) dict_keys(['example_branch_operator']) retrieved from /home/airflow/.local/lib/python3.7/site-packages/airflow/example_dags/example_branch_operator.py
[2024-04-29T00:50:42.964+0000] {logging_mixin.py:117} INFO - [2024-04-29T00:50:42.964+0000] {dag.py:2573} INFO - Sync 1 DAGs
[2024-04-29T00:50:43.026+0000] {logging_mixin.py:117} INFO - [2024-04-29T00:50:43.026+0000] {dag.py:3328} INFO - Setting next_dagrun for example_branch_operator to 2024-04-28T00:00:00+00:00, run_after=2024-04-29T00:00:00+00:00
[2024-04-29T00:50:43.063+0000] {processor.py:178} INFO - Processing /home/airflow/.local/lib/python3.7/site-packages/airflow/example_dags/example_branch_operator.py took 0.176 seconds
[2024-04-29T00:51:13.426+0000] {processor.py:156} INFO - Started process (PID=9859) to work on /home/airflow/.local/lib/python3.7/site-packages/airflow/example_dags/example_branch_operator.py
[2024-04-29T00:51:13.426+0000] {processor.py:758} INFO - Processing file /home/airflow/.local/lib/python3.7/site-packages/airflow/example_dags/example_branch_operator.py for tasks to queue
[2024-04-29T00:51:13.427+0000] {logging_mixin.py:117} INFO - [2024-04-29T00:51:13.427+0000] {dagbag.py:525} INFO - Filling up the DagBag from /home/airflow/.local/lib/python3.7/site-packages/airflow/example_dags/example_branch_operator.py
[2024-04-29T00:51:13.454+0000] {processor.py:768} INFO - DAG(s) dict_keys(['example_branch_operator']) retrieved from /home/airflow/.local/lib/python3.7/site-packages/airflow/example_dags/example_branch_operator.py
[2024-04-29T00:51:13.507+0000] {logging_mixin.py:117} INFO - [2024-04-29T00:51:13.506+0000] {dag.py:2573} INFO - Sync 1 DAGs
[2024-04-29T00:51:13.584+0000] {logging_mixin.py:117} INFO - [2024-04-29T00:51:13.584+0000] {dag.py:3328} INFO - Setting next_dagrun for example_branch_operator to 2024-04-28T00:00:00+00:00, run_after=2024-04-29T00:00:00+00:00
[2024-04-29T00:51:13.635+0000] {processor.py:178} INFO - Processing /home/airflow/.local/lib/python3.7/site-packages/airflow/example_dags/example_branch_operator.py took 0.213 seconds
[2024-04-29T00:51:43.778+0000] {processor.py:156} INFO - Started process (PID=10082) to work on /home/airflow/.local/lib/python3.7/site-packages/airflow/example_dags/example_branch_operator.py
[2024-04-29T00:51:43.778+0000] {processor.py:758} INFO - Processing file /home/airflow/.local/lib/python3.7/site-packages/airflow/example_dags/example_branch_operator.py for tasks to queue
[2024-04-29T00:51:43.779+0000] {logging_mixin.py:117} INFO - [2024-04-29T00:51:43.779+0000] {dagbag.py:525} INFO - Filling up the DagBag from /home/airflow/.local/lib/python3.7/site-packages/airflow/example_dags/example_branch_operator.py
[2024-04-29T00:51:43.803+0000] {processor.py:768} INFO - DAG(s) dict_keys(['example_branch_operator']) retrieved from /home/airflow/.local/lib/python3.7/site-packages/airflow/example_dags/example_branch_operator.py
[2024-04-29T00:51:43.852+0000] {logging_mixin.py:117} INFO - [2024-04-29T00:51:43.851+0000] {dag.py:2573} INFO - Sync 1 DAGs
[2024-04-29T00:51:43.887+0000] {logging_mixin.py:117} INFO - [2024-04-29T00:51:43.887+0000] {dag.py:3328} INFO - Setting next_dagrun for example_branch_operator to 2024-04-28T00:00:00+00:00, run_after=2024-04-29T00:00:00+00:00
[2024-04-29T00:51:43.947+0000] {processor.py:178} INFO - Processing /home/airflow/.local/lib/python3.7/site-packages/airflow/example_dags/example_branch_operator.py took 0.175 seconds
[2024-04-29T00:52:14.018+0000] {processor.py:156} INFO - Started process (PID=10296) to work on /home/airflow/.local/lib/python3.7/site-packages/airflow/example_dags/example_branch_operator.py
[2024-04-29T00:52:14.019+0000] {processor.py:758} INFO - Processing file /home/airflow/.local/lib/python3.7/site-packages/airflow/example_dags/example_branch_operator.py for tasks to queue
[2024-04-29T00:52:14.020+0000] {logging_mixin.py:117} INFO - [2024-04-29T00:52:14.020+0000] {dagbag.py:525} INFO - Filling up the DagBag from /home/airflow/.local/lib/python3.7/site-packages/airflow/example_dags/example_branch_operator.py
[2024-04-29T00:52:14.042+0000] {processor.py:768} INFO - DAG(s) dict_keys(['example_branch_operator']) retrieved from /home/airflow/.local/lib/python3.7/site-packages/airflow/example_dags/example_branch_operator.py
[2024-04-29T00:52:14.091+0000] {logging_mixin.py:117} INFO - [2024-04-29T00:52:14.091+0000] {dag.py:2573} INFO - Sync 1 DAGs
[2024-04-29T00:52:14.125+0000] {logging_mixin.py:117} INFO - [2024-04-29T00:52:14.125+0000] {dag.py:3328} INFO - Setting next_dagrun for example_branch_operator to 2024-04-28T00:00:00+00:00, run_after=2024-04-29T00:00:00+00:00
[2024-04-29T00:52:14.149+0000] {processor.py:178} INFO - Processing /home/airflow/.local/lib/python3.7/site-packages/airflow/example_dags/example_branch_operator.py took 0.134 seconds
[2024-04-29T00:52:44.896+0000] {processor.py:156} INFO - Started process (PID=10520) to work on /home/airflow/.local/lib/python3.7/site-packages/airflow/example_dags/example_branch_operator.py
[2024-04-29T00:52:44.897+0000] {processor.py:758} INFO - Processing file /home/airflow/.local/lib/python3.7/site-packages/airflow/example_dags/example_branch_operator.py for tasks to queue
[2024-04-29T00:52:44.898+0000] {logging_mixin.py:117} INFO - [2024-04-29T00:52:44.897+0000] {dagbag.py:525} INFO - Filling up the DagBag from /home/airflow/.local/lib/python3.7/site-packages/airflow/example_dags/example_branch_operator.py
[2024-04-29T00:52:44.921+0000] {processor.py:768} INFO - DAG(s) dict_keys(['example_branch_operator']) retrieved from /home/airflow/.local/lib/python3.7/site-packages/airflow/example_dags/example_branch_operator.py
[2024-04-29T00:52:44.975+0000] {logging_mixin.py:117} INFO - [2024-04-29T00:52:44.975+0000] {dag.py:2573} INFO - Sync 1 DAGs
[2024-04-29T00:52:45.022+0000] {logging_mixin.py:117} INFO - [2024-04-29T00:52:45.022+0000] {dag.py:3328} INFO - Setting next_dagrun for example_branch_operator to 2024-04-28T00:00:00+00:00, run_after=2024-04-29T00:00:00+00:00
[2024-04-29T00:52:45.059+0000] {processor.py:178} INFO - Processing /home/airflow/.local/lib/python3.7/site-packages/airflow/example_dags/example_branch_operator.py took 0.166 seconds
[2024-04-29T00:53:15.792+0000] {processor.py:156} INFO - Started process (PID=10744) to work on /home/airflow/.local/lib/python3.7/site-packages/airflow/example_dags/example_branch_operator.py
[2024-04-29T00:53:15.793+0000] {processor.py:758} INFO - Processing file /home/airflow/.local/lib/python3.7/site-packages/airflow/example_dags/example_branch_operator.py for tasks to queue
[2024-04-29T00:53:15.794+0000] {logging_mixin.py:117} INFO - [2024-04-29T00:53:15.794+0000] {dagbag.py:525} INFO - Filling up the DagBag from /home/airflow/.local/lib/python3.7/site-packages/airflow/example_dags/example_branch_operator.py
[2024-04-29T00:53:15.817+0000] {processor.py:768} INFO - DAG(s) dict_keys(['example_branch_operator']) retrieved from /home/airflow/.local/lib/python3.7/site-packages/airflow/example_dags/example_branch_operator.py
[2024-04-29T00:53:15.868+0000] {logging_mixin.py:117} INFO - [2024-04-29T00:53:15.868+0000] {dag.py:2573} INFO - Sync 1 DAGs
[2024-04-29T00:53:15.904+0000] {logging_mixin.py:117} INFO - [2024-04-29T00:53:15.904+0000] {dag.py:3328} INFO - Setting next_dagrun for example_branch_operator to 2024-04-28T00:00:00+00:00, run_after=2024-04-29T00:00:00+00:00
[2024-04-29T00:53:15.936+0000] {processor.py:178} INFO - Processing /home/airflow/.local/lib/python3.7/site-packages/airflow/example_dags/example_branch_operator.py took 0.146 seconds
[2024-04-29T00:53:46.005+0000] {processor.py:156} INFO - Started process (PID=10956) to work on /home/airflow/.local/lib/python3.7/site-packages/airflow/example_dags/example_branch_operator.py
[2024-04-29T00:53:46.006+0000] {processor.py:758} INFO - Processing file /home/airflow/.local/lib/python3.7/site-packages/airflow/example_dags/example_branch_operator.py for tasks to queue
[2024-04-29T00:53:46.007+0000] {logging_mixin.py:117} INFO - [2024-04-29T00:53:46.006+0000] {dagbag.py:525} INFO - Filling up the DagBag from /home/airflow/.local/lib/python3.7/site-packages/airflow/example_dags/example_branch_operator.py
[2024-04-29T00:53:46.030+0000] {processor.py:768} INFO - DAG(s) dict_keys(['example_branch_operator']) retrieved from /home/airflow/.local/lib/python3.7/site-packages/airflow/example_dags/example_branch_operator.py
[2024-04-29T00:53:46.122+0000] {logging_mixin.py:117} INFO - [2024-04-29T00:53:46.121+0000] {dag.py:2573} INFO - Sync 1 DAGs
[2024-04-29T00:53:46.182+0000] {logging_mixin.py:117} INFO - [2024-04-29T00:53:46.182+0000] {dag.py:3328} INFO - Setting next_dagrun for example_branch_operator to 2024-04-28T00:00:00+00:00, run_after=2024-04-29T00:00:00+00:00
[2024-04-29T00:53:46.221+0000] {processor.py:178} INFO - Processing /home/airflow/.local/lib/python3.7/site-packages/airflow/example_dags/example_branch_operator.py took 0.219 seconds
[2024-04-29T00:54:16.781+0000] {processor.py:156} INFO - Started process (PID=11181) to work on /home/airflow/.local/lib/python3.7/site-packages/airflow/example_dags/example_branch_operator.py
[2024-04-29T00:54:16.782+0000] {processor.py:758} INFO - Processing file /home/airflow/.local/lib/python3.7/site-packages/airflow/example_dags/example_branch_operator.py for tasks to queue
[2024-04-29T00:54:16.783+0000] {logging_mixin.py:117} INFO - [2024-04-29T00:54:16.782+0000] {dagbag.py:525} INFO - Filling up the DagBag from /home/airflow/.local/lib/python3.7/site-packages/airflow/example_dags/example_branch_operator.py
[2024-04-29T00:54:16.818+0000] {processor.py:768} INFO - DAG(s) dict_keys(['example_branch_operator']) retrieved from /home/airflow/.local/lib/python3.7/site-packages/airflow/example_dags/example_branch_operator.py
[2024-04-29T00:54:16.878+0000] {logging_mixin.py:117} INFO - [2024-04-29T00:54:16.878+0000] {dag.py:2573} INFO - Sync 1 DAGs
[2024-04-29T00:54:16.920+0000] {logging_mixin.py:117} INFO - [2024-04-29T00:54:16.920+0000] {dag.py:3328} INFO - Setting next_dagrun for example_branch_operator to 2024-04-28T00:00:00+00:00, run_after=2024-04-29T00:00:00+00:00
[2024-04-29T00:54:16.949+0000] {processor.py:178} INFO - Processing /home/airflow/.local/lib/python3.7/site-packages/airflow/example_dags/example_branch_operator.py took 0.171 seconds
[2024-04-29T00:54:47.120+0000] {processor.py:156} INFO - Started process (PID=11405) to work on /home/airflow/.local/lib/python3.7/site-packages/airflow/example_dags/example_branch_operator.py
[2024-04-29T00:54:47.121+0000] {processor.py:758} INFO - Processing file /home/airflow/.local/lib/python3.7/site-packages/airflow/example_dags/example_branch_operator.py for tasks to queue
[2024-04-29T00:54:47.121+0000] {logging_mixin.py:117} INFO - [2024-04-29T00:54:47.121+0000] {dagbag.py:525} INFO - Filling up the DagBag from /home/airflow/.local/lib/python3.7/site-packages/airflow/example_dags/example_branch_operator.py
[2024-04-29T00:54:47.169+0000] {processor.py:768} INFO - DAG(s) dict_keys(['example_branch_operator']) retrieved from /home/airflow/.local/lib/python3.7/site-packages/airflow/example_dags/example_branch_operator.py
[2024-04-29T00:54:47.262+0000] {logging_mixin.py:117} INFO - [2024-04-29T00:54:47.262+0000] {dag.py:2573} INFO - Sync 1 DAGs
[2024-04-29T00:54:47.333+0000] {logging_mixin.py:117} INFO - [2024-04-29T00:54:47.333+0000] {dag.py:3328} INFO - Setting next_dagrun for example_branch_operator to 2024-04-28T00:00:00+00:00, run_after=2024-04-29T00:00:00+00:00
[2024-04-29T00:54:47.373+0000] {processor.py:178} INFO - Processing /home/airflow/.local/lib/python3.7/site-packages/airflow/example_dags/example_branch_operator.py took 0.256 seconds
