[2024-04-29T00:28:51.005+0000] {processor.py:156} INFO - Started process (PID=276) to work on /home/airflow/.local/lib/python3.7/site-packages/airflow/example_dags/example_python_operator.py
[2024-04-29T00:28:51.009+0000] {processor.py:758} INFO - Processing file /home/airflow/.local/lib/python3.7/site-packages/airflow/example_dags/example_python_operator.py for tasks to queue
[2024-04-29T00:28:51.014+0000] {logging_mixin.py:117} INFO - [2024-04-29T00:28:51.014+0000] {dagbag.py:525} INFO - Filling up the DagBag from /home/airflow/.local/lib/python3.7/site-packages/airflow/example_dags/example_python_operator.py
[2024-04-29T00:28:51.258+0000] {processor.py:768} INFO - DAG(s) dict_keys(['example_python_operator']) retrieved from /home/airflow/.local/lib/python3.7/site-packages/airflow/example_dags/example_python_operator.py
[2024-04-29T00:28:51.367+0000] {logging_mixin.py:117} INFO - [2024-04-29T00:28:51.367+0000] {dag.py:2573} INFO - Sync 1 DAGs
[2024-04-29T00:28:51.460+0000] {logging_mixin.py:117} INFO - [2024-04-29T00:28:51.460+0000] {dag.py:3328} INFO - Setting next_dagrun for example_python_operator to None, run_after=None
[2024-04-29T00:28:51.517+0000] {processor.py:178} INFO - Processing /home/airflow/.local/lib/python3.7/site-packages/airflow/example_dags/example_python_operator.py took 0.515 seconds
[2024-04-29T00:29:21.723+0000] {processor.py:156} INFO - Started process (PID=491) to work on /home/airflow/.local/lib/python3.7/site-packages/airflow/example_dags/example_python_operator.py
[2024-04-29T00:29:21.723+0000] {processor.py:758} INFO - Processing file /home/airflow/.local/lib/python3.7/site-packages/airflow/example_dags/example_python_operator.py for tasks to queue
[2024-04-29T00:29:21.724+0000] {logging_mixin.py:117} INFO - [2024-04-29T00:29:21.724+0000] {dagbag.py:525} INFO - Filling up the DagBag from /home/airflow/.local/lib/python3.7/site-packages/airflow/example_dags/example_python_operator.py
[2024-04-29T00:29:21.755+0000] {processor.py:768} INFO - DAG(s) dict_keys(['example_python_operator']) retrieved from /home/airflow/.local/lib/python3.7/site-packages/airflow/example_dags/example_python_operator.py
[2024-04-29T00:29:21.803+0000] {logging_mixin.py:117} INFO - [2024-04-29T00:29:21.803+0000] {dag.py:2573} INFO - Sync 1 DAGs
[2024-04-29T00:29:21.840+0000] {logging_mixin.py:117} INFO - [2024-04-29T00:29:21.840+0000] {dag.py:3328} INFO - Setting next_dagrun for example_python_operator to None, run_after=None
[2024-04-29T00:29:21.864+0000] {processor.py:178} INFO - Processing /home/airflow/.local/lib/python3.7/site-packages/airflow/example_dags/example_python_operator.py took 0.145 seconds
[2024-04-29T00:29:52.431+0000] {processor.py:156} INFO - Started process (PID=715) to work on /home/airflow/.local/lib/python3.7/site-packages/airflow/example_dags/example_python_operator.py
[2024-04-29T00:29:52.432+0000] {processor.py:758} INFO - Processing file /home/airflow/.local/lib/python3.7/site-packages/airflow/example_dags/example_python_operator.py for tasks to queue
[2024-04-29T00:29:52.432+0000] {logging_mixin.py:117} INFO - [2024-04-29T00:29:52.432+0000] {dagbag.py:525} INFO - Filling up the DagBag from /home/airflow/.local/lib/python3.7/site-packages/airflow/example_dags/example_python_operator.py
[2024-04-29T00:29:52.478+0000] {processor.py:768} INFO - DAG(s) dict_keys(['example_python_operator']) retrieved from /home/airflow/.local/lib/python3.7/site-packages/airflow/example_dags/example_python_operator.py
[2024-04-29T00:29:52.559+0000] {logging_mixin.py:117} INFO - [2024-04-29T00:29:52.559+0000] {dag.py:2573} INFO - Sync 1 DAGs
[2024-04-29T00:29:52.622+0000] {logging_mixin.py:117} INFO - [2024-04-29T00:29:52.621+0000] {dag.py:3328} INFO - Setting next_dagrun for example_python_operator to None, run_after=None
[2024-04-29T00:29:52.664+0000] {processor.py:178} INFO - Processing /home/airflow/.local/lib/python3.7/site-packages/airflow/example_dags/example_python_operator.py took 0.237 seconds
[2024-04-29T00:30:23.480+0000] {processor.py:156} INFO - Started process (PID=938) to work on /home/airflow/.local/lib/python3.7/site-packages/airflow/example_dags/example_python_operator.py
[2024-04-29T00:30:23.480+0000] {processor.py:758} INFO - Processing file /home/airflow/.local/lib/python3.7/site-packages/airflow/example_dags/example_python_operator.py for tasks to queue
[2024-04-29T00:30:23.481+0000] {logging_mixin.py:117} INFO - [2024-04-29T00:30:23.481+0000] {dagbag.py:525} INFO - Filling up the DagBag from /home/airflow/.local/lib/python3.7/site-packages/airflow/example_dags/example_python_operator.py
[2024-04-29T00:30:23.512+0000] {processor.py:768} INFO - DAG(s) dict_keys(['example_python_operator']) retrieved from /home/airflow/.local/lib/python3.7/site-packages/airflow/example_dags/example_python_operator.py
[2024-04-29T00:30:23.557+0000] {logging_mixin.py:117} INFO - [2024-04-29T00:30:23.557+0000] {dag.py:2573} INFO - Sync 1 DAGs
[2024-04-29T00:30:23.590+0000] {logging_mixin.py:117} INFO - [2024-04-29T00:30:23.590+0000] {dag.py:3328} INFO - Setting next_dagrun for example_python_operator to None, run_after=None
[2024-04-29T00:30:23.616+0000] {processor.py:178} INFO - Processing /home/airflow/.local/lib/python3.7/site-packages/airflow/example_dags/example_python_operator.py took 0.140 seconds
[2024-04-29T00:30:54.928+0000] {processor.py:156} INFO - Started process (PID=1161) to work on /home/airflow/.local/lib/python3.7/site-packages/airflow/example_dags/example_python_operator.py
[2024-04-29T00:30:54.929+0000] {processor.py:758} INFO - Processing file /home/airflow/.local/lib/python3.7/site-packages/airflow/example_dags/example_python_operator.py for tasks to queue
[2024-04-29T00:30:54.929+0000] {logging_mixin.py:117} INFO - [2024-04-29T00:30:54.929+0000] {dagbag.py:525} INFO - Filling up the DagBag from /home/airflow/.local/lib/python3.7/site-packages/airflow/example_dags/example_python_operator.py
[2024-04-29T00:30:55.007+0000] {processor.py:768} INFO - DAG(s) dict_keys(['example_python_operator']) retrieved from /home/airflow/.local/lib/python3.7/site-packages/airflow/example_dags/example_python_operator.py
[2024-04-29T00:30:55.103+0000] {logging_mixin.py:117} INFO - [2024-04-29T00:30:55.103+0000] {dag.py:2573} INFO - Sync 1 DAGs
[2024-04-29T00:30:55.163+0000] {logging_mixin.py:117} INFO - [2024-04-29T00:30:55.163+0000] {dag.py:3328} INFO - Setting next_dagrun for example_python_operator to None, run_after=None
[2024-04-29T00:30:55.491+0000] {processor.py:178} INFO - Processing /home/airflow/.local/lib/python3.7/site-packages/airflow/example_dags/example_python_operator.py took 0.566 seconds
[2024-04-29T00:31:25.662+0000] {processor.py:156} INFO - Started process (PID=1375) to work on /home/airflow/.local/lib/python3.7/site-packages/airflow/example_dags/example_python_operator.py
[2024-04-29T00:31:25.663+0000] {processor.py:758} INFO - Processing file /home/airflow/.local/lib/python3.7/site-packages/airflow/example_dags/example_python_operator.py for tasks to queue
[2024-04-29T00:31:25.663+0000] {logging_mixin.py:117} INFO - [2024-04-29T00:31:25.663+0000] {dagbag.py:525} INFO - Filling up the DagBag from /home/airflow/.local/lib/python3.7/site-packages/airflow/example_dags/example_python_operator.py
[2024-04-29T00:31:25.706+0000] {processor.py:768} INFO - DAG(s) dict_keys(['example_python_operator']) retrieved from /home/airflow/.local/lib/python3.7/site-packages/airflow/example_dags/example_python_operator.py
[2024-04-29T00:31:25.787+0000] {logging_mixin.py:117} INFO - [2024-04-29T00:31:25.787+0000] {dag.py:2573} INFO - Sync 1 DAGs
[2024-04-29T00:31:26.173+0000] {logging_mixin.py:117} INFO - [2024-04-29T00:31:26.173+0000] {dag.py:3328} INFO - Setting next_dagrun for example_python_operator to None, run_after=None
[2024-04-29T00:31:26.215+0000] {processor.py:178} INFO - Processing /home/airflow/.local/lib/python3.7/site-packages/airflow/example_dags/example_python_operator.py took 0.556 seconds
[2024-04-29T00:31:56.483+0000] {processor.py:156} INFO - Started process (PID=1599) to work on /home/airflow/.local/lib/python3.7/site-packages/airflow/example_dags/example_python_operator.py
[2024-04-29T00:31:56.484+0000] {processor.py:758} INFO - Processing file /home/airflow/.local/lib/python3.7/site-packages/airflow/example_dags/example_python_operator.py for tasks to queue
[2024-04-29T00:31:56.485+0000] {logging_mixin.py:117} INFO - [2024-04-29T00:31:56.485+0000] {dagbag.py:525} INFO - Filling up the DagBag from /home/airflow/.local/lib/python3.7/site-packages/airflow/example_dags/example_python_operator.py
[2024-04-29T00:31:56.556+0000] {processor.py:768} INFO - DAG(s) dict_keys(['example_python_operator']) retrieved from /home/airflow/.local/lib/python3.7/site-packages/airflow/example_dags/example_python_operator.py
[2024-04-29T00:31:56.916+0000] {logging_mixin.py:117} INFO - [2024-04-29T00:31:56.916+0000] {dag.py:2573} INFO - Sync 1 DAGs
[2024-04-29T00:31:56.946+0000] {logging_mixin.py:117} INFO - [2024-04-29T00:31:56.946+0000] {dag.py:3328} INFO - Setting next_dagrun for example_python_operator to None, run_after=None
[2024-04-29T00:31:56.976+0000] {processor.py:178} INFO - Processing /home/airflow/.local/lib/python3.7/site-packages/airflow/example_dags/example_python_operator.py took 0.495 seconds
[2024-04-29T00:32:27.466+0000] {processor.py:156} INFO - Started process (PID=1814) to work on /home/airflow/.local/lib/python3.7/site-packages/airflow/example_dags/example_python_operator.py
[2024-04-29T00:32:27.467+0000] {processor.py:758} INFO - Processing file /home/airflow/.local/lib/python3.7/site-packages/airflow/example_dags/example_python_operator.py for tasks to queue
[2024-04-29T00:32:27.467+0000] {logging_mixin.py:117} INFO - [2024-04-29T00:32:27.467+0000] {dagbag.py:525} INFO - Filling up the DagBag from /home/airflow/.local/lib/python3.7/site-packages/airflow/example_dags/example_python_operator.py
[2024-04-29T00:32:27.489+0000] {processor.py:768} INFO - DAG(s) dict_keys(['example_python_operator']) retrieved from /home/airflow/.local/lib/python3.7/site-packages/airflow/example_dags/example_python_operator.py
[2024-04-29T00:32:27.642+0000] {logging_mixin.py:117} INFO - [2024-04-29T00:32:27.642+0000] {dag.py:2573} INFO - Sync 1 DAGs
[2024-04-29T00:32:27.662+0000] {logging_mixin.py:117} INFO - [2024-04-29T00:32:27.662+0000] {dag.py:3328} INFO - Setting next_dagrun for example_python_operator to None, run_after=None
[2024-04-29T00:32:27.681+0000] {processor.py:178} INFO - Processing /home/airflow/.local/lib/python3.7/site-packages/airflow/example_dags/example_python_operator.py took 0.217 seconds
[2024-04-29T00:32:57.934+0000] {processor.py:156} INFO - Started process (PID=2034) to work on /home/airflow/.local/lib/python3.7/site-packages/airflow/example_dags/example_python_operator.py
[2024-04-29T00:32:57.935+0000] {processor.py:758} INFO - Processing file /home/airflow/.local/lib/python3.7/site-packages/airflow/example_dags/example_python_operator.py for tasks to queue
[2024-04-29T00:32:57.935+0000] {logging_mixin.py:117} INFO - [2024-04-29T00:32:57.935+0000] {dagbag.py:525} INFO - Filling up the DagBag from /home/airflow/.local/lib/python3.7/site-packages/airflow/example_dags/example_python_operator.py
[2024-04-29T00:32:58.156+0000] {processor.py:768} INFO - DAG(s) dict_keys(['example_python_operator']) retrieved from /home/airflow/.local/lib/python3.7/site-packages/airflow/example_dags/example_python_operator.py
[2024-04-29T00:32:58.204+0000] {logging_mixin.py:117} INFO - [2024-04-29T00:32:58.204+0000] {dag.py:2573} INFO - Sync 1 DAGs
[2024-04-29T00:32:58.234+0000] {logging_mixin.py:117} INFO - [2024-04-29T00:32:58.233+0000] {dag.py:3328} INFO - Setting next_dagrun for example_python_operator to None, run_after=None
[2024-04-29T00:32:58.260+0000] {processor.py:178} INFO - Processing /home/airflow/.local/lib/python3.7/site-packages/airflow/example_dags/example_python_operator.py took 0.329 seconds
[2024-04-29T00:33:29.511+0000] {processor.py:156} INFO - Started process (PID=2260) to work on /home/airflow/.local/lib/python3.7/site-packages/airflow/example_dags/example_python_operator.py
[2024-04-29T00:33:29.512+0000] {processor.py:758} INFO - Processing file /home/airflow/.local/lib/python3.7/site-packages/airflow/example_dags/example_python_operator.py for tasks to queue
[2024-04-29T00:33:29.512+0000] {logging_mixin.py:117} INFO - [2024-04-29T00:33:29.512+0000] {dagbag.py:525} INFO - Filling up the DagBag from /home/airflow/.local/lib/python3.7/site-packages/airflow/example_dags/example_python_operator.py
[2024-04-29T00:33:29.546+0000] {processor.py:768} INFO - DAG(s) dict_keys(['example_python_operator']) retrieved from /home/airflow/.local/lib/python3.7/site-packages/airflow/example_dags/example_python_operator.py
[2024-04-29T00:33:29.627+0000] {logging_mixin.py:117} INFO - [2024-04-29T00:33:29.627+0000] {dag.py:2573} INFO - Sync 1 DAGs
[2024-04-29T00:33:29.932+0000] {logging_mixin.py:117} INFO - [2024-04-29T00:33:29.931+0000] {dag.py:3328} INFO - Setting next_dagrun for example_python_operator to None, run_after=None
[2024-04-29T00:33:29.991+0000] {processor.py:178} INFO - Processing /home/airflow/.local/lib/python3.7/site-packages/airflow/example_dags/example_python_operator.py took 0.485 seconds
[2024-04-29T00:34:00.872+0000] {processor.py:156} INFO - Started process (PID=2474) to work on /home/airflow/.local/lib/python3.7/site-packages/airflow/example_dags/example_python_operator.py
[2024-04-29T00:34:00.872+0000] {processor.py:758} INFO - Processing file /home/airflow/.local/lib/python3.7/site-packages/airflow/example_dags/example_python_operator.py for tasks to queue
[2024-04-29T00:34:00.873+0000] {logging_mixin.py:117} INFO - [2024-04-29T00:34:00.873+0000] {dagbag.py:525} INFO - Filling up the DagBag from /home/airflow/.local/lib/python3.7/site-packages/airflow/example_dags/example_python_operator.py
[2024-04-29T00:34:00.904+0000] {processor.py:768} INFO - DAG(s) dict_keys(['example_python_operator']) retrieved from /home/airflow/.local/lib/python3.7/site-packages/airflow/example_dags/example_python_operator.py
[2024-04-29T00:34:01.051+0000] {logging_mixin.py:117} INFO - [2024-04-29T00:34:01.051+0000] {dag.py:2573} INFO - Sync 1 DAGs
[2024-04-29T00:34:01.072+0000] {logging_mixin.py:117} INFO - [2024-04-29T00:34:01.072+0000] {dag.py:3328} INFO - Setting next_dagrun for example_python_operator to None, run_after=None
[2024-04-29T00:34:01.092+0000] {processor.py:178} INFO - Processing /home/airflow/.local/lib/python3.7/site-packages/airflow/example_dags/example_python_operator.py took 0.228 seconds
[2024-04-29T00:34:31.224+0000] {processor.py:156} INFO - Started process (PID=2696) to work on /home/airflow/.local/lib/python3.7/site-packages/airflow/example_dags/example_python_operator.py
[2024-04-29T00:34:31.224+0000] {processor.py:758} INFO - Processing file /home/airflow/.local/lib/python3.7/site-packages/airflow/example_dags/example_python_operator.py for tasks to queue
[2024-04-29T00:34:31.225+0000] {logging_mixin.py:117} INFO - [2024-04-29T00:34:31.225+0000] {dagbag.py:525} INFO - Filling up the DagBag from /home/airflow/.local/lib/python3.7/site-packages/airflow/example_dags/example_python_operator.py
[2024-04-29T00:34:31.246+0000] {processor.py:768} INFO - DAG(s) dict_keys(['example_python_operator']) retrieved from /home/airflow/.local/lib/python3.7/site-packages/airflow/example_dags/example_python_operator.py
[2024-04-29T00:34:31.388+0000] {logging_mixin.py:117} INFO - [2024-04-29T00:34:31.388+0000] {dag.py:2573} INFO - Sync 1 DAGs
[2024-04-29T00:34:31.408+0000] {logging_mixin.py:117} INFO - [2024-04-29T00:34:31.408+0000] {dag.py:3328} INFO - Setting next_dagrun for example_python_operator to None, run_after=None
[2024-04-29T00:34:31.428+0000] {processor.py:178} INFO - Processing /home/airflow/.local/lib/python3.7/site-packages/airflow/example_dags/example_python_operator.py took 0.206 seconds
[2024-04-29T00:35:02.154+0000] {processor.py:156} INFO - Started process (PID=2908) to work on /home/airflow/.local/lib/python3.7/site-packages/airflow/example_dags/example_python_operator.py
[2024-04-29T00:35:02.155+0000] {processor.py:758} INFO - Processing file /home/airflow/.local/lib/python3.7/site-packages/airflow/example_dags/example_python_operator.py for tasks to queue
[2024-04-29T00:35:02.155+0000] {logging_mixin.py:117} INFO - [2024-04-29T00:35:02.155+0000] {dagbag.py:525} INFO - Filling up the DagBag from /home/airflow/.local/lib/python3.7/site-packages/airflow/example_dags/example_python_operator.py
[2024-04-29T00:35:02.329+0000] {processor.py:768} INFO - DAG(s) dict_keys(['example_python_operator']) retrieved from /home/airflow/.local/lib/python3.7/site-packages/airflow/example_dags/example_python_operator.py
[2024-04-29T00:35:02.375+0000] {logging_mixin.py:117} INFO - [2024-04-29T00:35:02.375+0000] {dag.py:2573} INFO - Sync 1 DAGs
[2024-04-29T00:35:02.407+0000] {logging_mixin.py:117} INFO - [2024-04-29T00:35:02.406+0000] {dag.py:3328} INFO - Setting next_dagrun for example_python_operator to None, run_after=None
[2024-04-29T00:35:02.430+0000] {processor.py:178} INFO - Processing /home/airflow/.local/lib/python3.7/site-packages/airflow/example_dags/example_python_operator.py took 0.279 seconds
[2024-04-29T00:35:32.938+0000] {processor.py:156} INFO - Started process (PID=3132) to work on /home/airflow/.local/lib/python3.7/site-packages/airflow/example_dags/example_python_operator.py
[2024-04-29T00:35:32.939+0000] {processor.py:758} INFO - Processing file /home/airflow/.local/lib/python3.7/site-packages/airflow/example_dags/example_python_operator.py for tasks to queue
[2024-04-29T00:35:32.940+0000] {logging_mixin.py:117} INFO - [2024-04-29T00:35:32.940+0000] {dagbag.py:525} INFO - Filling up the DagBag from /home/airflow/.local/lib/python3.7/site-packages/airflow/example_dags/example_python_operator.py
[2024-04-29T00:35:32.999+0000] {processor.py:768} INFO - DAG(s) dict_keys(['example_python_operator']) retrieved from /home/airflow/.local/lib/python3.7/site-packages/airflow/example_dags/example_python_operator.py
[2024-04-29T00:35:33.047+0000] {logging_mixin.py:117} INFO - [2024-04-29T00:35:33.047+0000] {dag.py:2573} INFO - Sync 1 DAGs
[2024-04-29T00:35:33.254+0000] {logging_mixin.py:117} INFO - [2024-04-29T00:35:33.253+0000] {dag.py:3328} INFO - Setting next_dagrun for example_python_operator to None, run_after=None
[2024-04-29T00:35:33.278+0000] {processor.py:178} INFO - Processing /home/airflow/.local/lib/python3.7/site-packages/airflow/example_dags/example_python_operator.py took 0.343 seconds
[2024-04-29T00:36:03.922+0000] {processor.py:156} INFO - Started process (PID=3356) to work on /home/airflow/.local/lib/python3.7/site-packages/airflow/example_dags/example_python_operator.py
[2024-04-29T00:36:03.923+0000] {processor.py:758} INFO - Processing file /home/airflow/.local/lib/python3.7/site-packages/airflow/example_dags/example_python_operator.py for tasks to queue
[2024-04-29T00:36:03.924+0000] {logging_mixin.py:117} INFO - [2024-04-29T00:36:03.924+0000] {dagbag.py:525} INFO - Filling up the DagBag from /home/airflow/.local/lib/python3.7/site-packages/airflow/example_dags/example_python_operator.py
[2024-04-29T00:36:03.955+0000] {processor.py:768} INFO - DAG(s) dict_keys(['example_python_operator']) retrieved from /home/airflow/.local/lib/python3.7/site-packages/airflow/example_dags/example_python_operator.py
[2024-04-29T00:36:04.153+0000] {logging_mixin.py:117} INFO - [2024-04-29T00:36:04.153+0000] {dag.py:2573} INFO - Sync 1 DAGs
[2024-04-29T00:36:04.181+0000] {logging_mixin.py:117} INFO - [2024-04-29T00:36:04.181+0000] {dag.py:3328} INFO - Setting next_dagrun for example_python_operator to None, run_after=None
[2024-04-29T00:36:04.206+0000] {processor.py:178} INFO - Processing /home/airflow/.local/lib/python3.7/site-packages/airflow/example_dags/example_python_operator.py took 0.287 seconds
[2024-04-29T00:36:34.606+0000] {processor.py:156} INFO - Started process (PID=3569) to work on /home/airflow/.local/lib/python3.7/site-packages/airflow/example_dags/example_python_operator.py
[2024-04-29T00:36:34.607+0000] {processor.py:758} INFO - Processing file /home/airflow/.local/lib/python3.7/site-packages/airflow/example_dags/example_python_operator.py for tasks to queue
[2024-04-29T00:36:34.608+0000] {logging_mixin.py:117} INFO - [2024-04-29T00:36:34.607+0000] {dagbag.py:525} INFO - Filling up the DagBag from /home/airflow/.local/lib/python3.7/site-packages/airflow/example_dags/example_python_operator.py
[2024-04-29T00:36:34.648+0000] {processor.py:768} INFO - DAG(s) dict_keys(['example_python_operator']) retrieved from /home/airflow/.local/lib/python3.7/site-packages/airflow/example_dags/example_python_operator.py
[2024-04-29T00:36:34.833+0000] {logging_mixin.py:117} INFO - [2024-04-29T00:36:34.833+0000] {dag.py:2573} INFO - Sync 1 DAGs
[2024-04-29T00:36:34.861+0000] {logging_mixin.py:117} INFO - [2024-04-29T00:36:34.861+0000] {dag.py:3328} INFO - Setting next_dagrun for example_python_operator to None, run_after=None
[2024-04-29T00:36:34.886+0000] {processor.py:178} INFO - Processing /home/airflow/.local/lib/python3.7/site-packages/airflow/example_dags/example_python_operator.py took 0.282 seconds
[2024-04-29T00:37:05.071+0000] {processor.py:156} INFO - Started process (PID=3791) to work on /home/airflow/.local/lib/python3.7/site-packages/airflow/example_dags/example_python_operator.py
[2024-04-29T00:37:05.072+0000] {processor.py:758} INFO - Processing file /home/airflow/.local/lib/python3.7/site-packages/airflow/example_dags/example_python_operator.py for tasks to queue
[2024-04-29T00:37:05.073+0000] {logging_mixin.py:117} INFO - [2024-04-29T00:37:05.073+0000] {dagbag.py:525} INFO - Filling up the DagBag from /home/airflow/.local/lib/python3.7/site-packages/airflow/example_dags/example_python_operator.py
[2024-04-29T00:37:05.247+0000] {processor.py:768} INFO - DAG(s) dict_keys(['example_python_operator']) retrieved from /home/airflow/.local/lib/python3.7/site-packages/airflow/example_dags/example_python_operator.py
[2024-04-29T00:37:05.296+0000] {logging_mixin.py:117} INFO - [2024-04-29T00:37:05.295+0000] {dag.py:2573} INFO - Sync 1 DAGs
[2024-04-29T00:37:05.325+0000] {logging_mixin.py:117} INFO - [2024-04-29T00:37:05.325+0000] {dag.py:3328} INFO - Setting next_dagrun for example_python_operator to None, run_after=None
[2024-04-29T00:37:05.347+0000] {processor.py:178} INFO - Processing /home/airflow/.local/lib/python3.7/site-packages/airflow/example_dags/example_python_operator.py took 0.281 seconds
[2024-04-29T00:37:35.851+0000] {processor.py:156} INFO - Started process (PID=4014) to work on /home/airflow/.local/lib/python3.7/site-packages/airflow/example_dags/example_python_operator.py
[2024-04-29T00:37:35.852+0000] {processor.py:758} INFO - Processing file /home/airflow/.local/lib/python3.7/site-packages/airflow/example_dags/example_python_operator.py for tasks to queue
[2024-04-29T00:37:35.853+0000] {logging_mixin.py:117} INFO - [2024-04-29T00:37:35.852+0000] {dagbag.py:525} INFO - Filling up the DagBag from /home/airflow/.local/lib/python3.7/site-packages/airflow/example_dags/example_python_operator.py
[2024-04-29T00:37:36.024+0000] {processor.py:768} INFO - DAG(s) dict_keys(['example_python_operator']) retrieved from /home/airflow/.local/lib/python3.7/site-packages/airflow/example_dags/example_python_operator.py
[2024-04-29T00:37:36.068+0000] {logging_mixin.py:117} INFO - [2024-04-29T00:37:36.068+0000] {dag.py:2573} INFO - Sync 1 DAGs
[2024-04-29T00:37:36.097+0000] {logging_mixin.py:117} INFO - [2024-04-29T00:37:36.097+0000] {dag.py:3328} INFO - Setting next_dagrun for example_python_operator to None, run_after=None
[2024-04-29T00:37:36.121+0000] {processor.py:178} INFO - Processing /home/airflow/.local/lib/python3.7/site-packages/airflow/example_dags/example_python_operator.py took 0.273 seconds
[2024-04-29T00:38:06.910+0000] {processor.py:156} INFO - Started process (PID=4236) to work on /home/airflow/.local/lib/python3.7/site-packages/airflow/example_dags/example_python_operator.py
[2024-04-29T00:38:06.916+0000] {processor.py:758} INFO - Processing file /home/airflow/.local/lib/python3.7/site-packages/airflow/example_dags/example_python_operator.py for tasks to queue
[2024-04-29T00:38:06.918+0000] {logging_mixin.py:117} INFO - [2024-04-29T00:38:06.918+0000] {dagbag.py:525} INFO - Filling up the DagBag from /home/airflow/.local/lib/python3.7/site-packages/airflow/example_dags/example_python_operator.py
[2024-04-29T00:38:07.009+0000] {processor.py:768} INFO - DAG(s) dict_keys(['example_python_operator']) retrieved from /home/airflow/.local/lib/python3.7/site-packages/airflow/example_dags/example_python_operator.py
[2024-04-29T00:38:07.114+0000] {logging_mixin.py:117} INFO - [2024-04-29T00:38:07.114+0000] {dag.py:2573} INFO - Sync 1 DAGs
[2024-04-29T00:38:07.164+0000] {logging_mixin.py:117} INFO - [2024-04-29T00:38:07.164+0000] {dag.py:3328} INFO - Setting next_dagrun for example_python_operator to None, run_after=None
[2024-04-29T00:38:07.224+0000] {processor.py:178} INFO - Processing /home/airflow/.local/lib/python3.7/site-packages/airflow/example_dags/example_python_operator.py took 0.317 seconds
[2024-04-29T00:38:37.535+0000] {processor.py:156} INFO - Started process (PID=4451) to work on /home/airflow/.local/lib/python3.7/site-packages/airflow/example_dags/example_python_operator.py
[2024-04-29T00:38:37.536+0000] {processor.py:758} INFO - Processing file /home/airflow/.local/lib/python3.7/site-packages/airflow/example_dags/example_python_operator.py for tasks to queue
[2024-04-29T00:38:37.537+0000] {logging_mixin.py:117} INFO - [2024-04-29T00:38:37.537+0000] {dagbag.py:525} INFO - Filling up the DagBag from /home/airflow/.local/lib/python3.7/site-packages/airflow/example_dags/example_python_operator.py
[2024-04-29T00:38:37.567+0000] {processor.py:768} INFO - DAG(s) dict_keys(['example_python_operator']) retrieved from /home/airflow/.local/lib/python3.7/site-packages/airflow/example_dags/example_python_operator.py
[2024-04-29T00:38:37.627+0000] {logging_mixin.py:117} INFO - [2024-04-29T00:38:37.627+0000] {dag.py:2573} INFO - Sync 1 DAGs
[2024-04-29T00:38:37.658+0000] {logging_mixin.py:117} INFO - [2024-04-29T00:38:37.658+0000] {dag.py:3328} INFO - Setting next_dagrun for example_python_operator to None, run_after=None
[2024-04-29T00:38:37.690+0000] {processor.py:178} INFO - Processing /home/airflow/.local/lib/python3.7/site-packages/airflow/example_dags/example_python_operator.py took 0.158 seconds
[2024-04-29T00:39:08.341+0000] {processor.py:156} INFO - Started process (PID=4673) to work on /home/airflow/.local/lib/python3.7/site-packages/airflow/example_dags/example_python_operator.py
[2024-04-29T00:39:08.342+0000] {processor.py:758} INFO - Processing file /home/airflow/.local/lib/python3.7/site-packages/airflow/example_dags/example_python_operator.py for tasks to queue
[2024-04-29T00:39:08.342+0000] {logging_mixin.py:117} INFO - [2024-04-29T00:39:08.342+0000] {dagbag.py:525} INFO - Filling up the DagBag from /home/airflow/.local/lib/python3.7/site-packages/airflow/example_dags/example_python_operator.py
[2024-04-29T00:39:08.415+0000] {processor.py:768} INFO - DAG(s) dict_keys(['example_python_operator']) retrieved from /home/airflow/.local/lib/python3.7/site-packages/airflow/example_dags/example_python_operator.py
[2024-04-29T00:39:08.486+0000] {logging_mixin.py:117} INFO - [2024-04-29T00:39:08.486+0000] {dag.py:2573} INFO - Sync 1 DAGs
[2024-04-29T00:39:08.586+0000] {logging_mixin.py:117} INFO - [2024-04-29T00:39:08.586+0000] {dag.py:3328} INFO - Setting next_dagrun for example_python_operator to None, run_after=None
[2024-04-29T00:39:08.640+0000] {processor.py:178} INFO - Processing /home/airflow/.local/lib/python3.7/site-packages/airflow/example_dags/example_python_operator.py took 0.302 seconds
[2024-04-29T00:39:39.365+0000] {processor.py:156} INFO - Started process (PID=4895) to work on /home/airflow/.local/lib/python3.7/site-packages/airflow/example_dags/example_python_operator.py
[2024-04-29T00:39:39.366+0000] {processor.py:758} INFO - Processing file /home/airflow/.local/lib/python3.7/site-packages/airflow/example_dags/example_python_operator.py for tasks to queue
[2024-04-29T00:39:39.366+0000] {logging_mixin.py:117} INFO - [2024-04-29T00:39:39.366+0000] {dagbag.py:525} INFO - Filling up the DagBag from /home/airflow/.local/lib/python3.7/site-packages/airflow/example_dags/example_python_operator.py
[2024-04-29T00:39:39.402+0000] {processor.py:768} INFO - DAG(s) dict_keys(['example_python_operator']) retrieved from /home/airflow/.local/lib/python3.7/site-packages/airflow/example_dags/example_python_operator.py
[2024-04-29T00:39:39.447+0000] {logging_mixin.py:117} INFO - [2024-04-29T00:39:39.447+0000] {dag.py:2573} INFO - Sync 1 DAGs
[2024-04-29T00:39:39.478+0000] {logging_mixin.py:117} INFO - [2024-04-29T00:39:39.478+0000] {dag.py:3328} INFO - Setting next_dagrun for example_python_operator to None, run_after=None
[2024-04-29T00:39:39.501+0000] {processor.py:178} INFO - Processing /home/airflow/.local/lib/python3.7/site-packages/airflow/example_dags/example_python_operator.py took 0.139 seconds
[2024-04-29T00:40:10.303+0000] {processor.py:156} INFO - Started process (PID=5108) to work on /home/airflow/.local/lib/python3.7/site-packages/airflow/example_dags/example_python_operator.py
[2024-04-29T00:40:10.304+0000] {processor.py:758} INFO - Processing file /home/airflow/.local/lib/python3.7/site-packages/airflow/example_dags/example_python_operator.py for tasks to queue
[2024-04-29T00:40:10.305+0000] {logging_mixin.py:117} INFO - [2024-04-29T00:40:10.305+0000] {dagbag.py:525} INFO - Filling up the DagBag from /home/airflow/.local/lib/python3.7/site-packages/airflow/example_dags/example_python_operator.py
[2024-04-29T00:40:10.352+0000] {processor.py:768} INFO - DAG(s) dict_keys(['example_python_operator']) retrieved from /home/airflow/.local/lib/python3.7/site-packages/airflow/example_dags/example_python_operator.py
[2024-04-29T00:40:10.402+0000] {logging_mixin.py:117} INFO - [2024-04-29T00:40:10.402+0000] {dag.py:2573} INFO - Sync 1 DAGs
[2024-04-29T00:40:10.432+0000] {logging_mixin.py:117} INFO - [2024-04-29T00:40:10.432+0000] {dag.py:3328} INFO - Setting next_dagrun for example_python_operator to None, run_after=None
[2024-04-29T00:40:10.454+0000] {processor.py:178} INFO - Processing /home/airflow/.local/lib/python3.7/site-packages/airflow/example_dags/example_python_operator.py took 0.158 seconds
[2024-04-29T00:40:41.440+0000] {processor.py:156} INFO - Started process (PID=5331) to work on /home/airflow/.local/lib/python3.7/site-packages/airflow/example_dags/example_python_operator.py
[2024-04-29T00:40:41.444+0000] {processor.py:758} INFO - Processing file /home/airflow/.local/lib/python3.7/site-packages/airflow/example_dags/example_python_operator.py for tasks to queue
[2024-04-29T00:40:41.445+0000] {logging_mixin.py:117} INFO - [2024-04-29T00:40:41.445+0000] {dagbag.py:525} INFO - Filling up the DagBag from /home/airflow/.local/lib/python3.7/site-packages/airflow/example_dags/example_python_operator.py
[2024-04-29T00:40:41.506+0000] {processor.py:768} INFO - DAG(s) dict_keys(['example_python_operator']) retrieved from /home/airflow/.local/lib/python3.7/site-packages/airflow/example_dags/example_python_operator.py
[2024-04-29T00:40:41.586+0000] {logging_mixin.py:117} INFO - [2024-04-29T00:40:41.585+0000] {dag.py:2573} INFO - Sync 1 DAGs
[2024-04-29T00:40:41.656+0000] {logging_mixin.py:117} INFO - [2024-04-29T00:40:41.655+0000] {dag.py:3328} INFO - Setting next_dagrun for example_python_operator to None, run_after=None
[2024-04-29T00:40:41.719+0000] {processor.py:178} INFO - Processing /home/airflow/.local/lib/python3.7/site-packages/airflow/example_dags/example_python_operator.py took 0.293 seconds
[2024-04-29T00:41:11.946+0000] {processor.py:156} INFO - Started process (PID=5554) to work on /home/airflow/.local/lib/python3.7/site-packages/airflow/example_dags/example_python_operator.py
[2024-04-29T00:41:11.947+0000] {processor.py:758} INFO - Processing file /home/airflow/.local/lib/python3.7/site-packages/airflow/example_dags/example_python_operator.py for tasks to queue
[2024-04-29T00:41:11.947+0000] {logging_mixin.py:117} INFO - [2024-04-29T00:41:11.947+0000] {dagbag.py:525} INFO - Filling up the DagBag from /home/airflow/.local/lib/python3.7/site-packages/airflow/example_dags/example_python_operator.py
[2024-04-29T00:41:11.982+0000] {processor.py:768} INFO - DAG(s) dict_keys(['example_python_operator']) retrieved from /home/airflow/.local/lib/python3.7/site-packages/airflow/example_dags/example_python_operator.py
[2024-04-29T00:41:12.032+0000] {logging_mixin.py:117} INFO - [2024-04-29T00:41:12.032+0000] {dag.py:2573} INFO - Sync 1 DAGs
[2024-04-29T00:41:12.065+0000] {logging_mixin.py:117} INFO - [2024-04-29T00:41:12.065+0000] {dag.py:3328} INFO - Setting next_dagrun for example_python_operator to None, run_after=None
[2024-04-29T00:41:12.092+0000] {processor.py:178} INFO - Processing /home/airflow/.local/lib/python3.7/site-packages/airflow/example_dags/example_python_operator.py took 0.149 seconds
[2024-04-29T00:41:42.120+0000] {processor.py:156} INFO - Started process (PID=5768) to work on /home/airflow/.local/lib/python3.7/site-packages/airflow/example_dags/example_python_operator.py
[2024-04-29T00:41:42.120+0000] {processor.py:758} INFO - Processing file /home/airflow/.local/lib/python3.7/site-packages/airflow/example_dags/example_python_operator.py for tasks to queue
[2024-04-29T00:41:42.121+0000] {logging_mixin.py:117} INFO - [2024-04-29T00:41:42.120+0000] {dagbag.py:525} INFO - Filling up the DagBag from /home/airflow/.local/lib/python3.7/site-packages/airflow/example_dags/example_python_operator.py
[2024-04-29T00:41:42.144+0000] {processor.py:768} INFO - DAG(s) dict_keys(['example_python_operator']) retrieved from /home/airflow/.local/lib/python3.7/site-packages/airflow/example_dags/example_python_operator.py
[2024-04-29T00:41:42.184+0000] {logging_mixin.py:117} INFO - [2024-04-29T00:41:42.184+0000] {dag.py:2573} INFO - Sync 1 DAGs
[2024-04-29T00:41:42.220+0000] {logging_mixin.py:117} INFO - [2024-04-29T00:41:42.220+0000] {dag.py:3328} INFO - Setting next_dagrun for example_python_operator to None, run_after=None
[2024-04-29T00:41:42.243+0000] {processor.py:178} INFO - Processing /home/airflow/.local/lib/python3.7/site-packages/airflow/example_dags/example_python_operator.py took 0.126 seconds
[2024-04-29T00:42:12.358+0000] {processor.py:156} INFO - Started process (PID=5989) to work on /home/airflow/.local/lib/python3.7/site-packages/airflow/example_dags/example_python_operator.py
[2024-04-29T00:42:12.358+0000] {processor.py:758} INFO - Processing file /home/airflow/.local/lib/python3.7/site-packages/airflow/example_dags/example_python_operator.py for tasks to queue
[2024-04-29T00:42:12.359+0000] {logging_mixin.py:117} INFO - [2024-04-29T00:42:12.359+0000] {dagbag.py:525} INFO - Filling up the DagBag from /home/airflow/.local/lib/python3.7/site-packages/airflow/example_dags/example_python_operator.py
[2024-04-29T00:42:12.395+0000] {processor.py:768} INFO - DAG(s) dict_keys(['example_python_operator']) retrieved from /home/airflow/.local/lib/python3.7/site-packages/airflow/example_dags/example_python_operator.py
[2024-04-29T00:42:12.443+0000] {logging_mixin.py:117} INFO - [2024-04-29T00:42:12.443+0000] {dag.py:2573} INFO - Sync 1 DAGs
[2024-04-29T00:42:12.475+0000] {logging_mixin.py:117} INFO - [2024-04-29T00:42:12.475+0000] {dag.py:3328} INFO - Setting next_dagrun for example_python_operator to None, run_after=None
[2024-04-29T00:42:12.501+0000] {processor.py:178} INFO - Processing /home/airflow/.local/lib/python3.7/site-packages/airflow/example_dags/example_python_operator.py took 0.146 seconds
[2024-04-29T00:42:42.730+0000] {processor.py:156} INFO - Started process (PID=6210) to work on /home/airflow/.local/lib/python3.7/site-packages/airflow/example_dags/example_python_operator.py
[2024-04-29T00:42:42.731+0000] {processor.py:758} INFO - Processing file /home/airflow/.local/lib/python3.7/site-packages/airflow/example_dags/example_python_operator.py for tasks to queue
[2024-04-29T00:42:42.732+0000] {logging_mixin.py:117} INFO - [2024-04-29T00:42:42.732+0000] {dagbag.py:525} INFO - Filling up the DagBag from /home/airflow/.local/lib/python3.7/site-packages/airflow/example_dags/example_python_operator.py
[2024-04-29T00:42:42.800+0000] {processor.py:768} INFO - DAG(s) dict_keys(['example_python_operator']) retrieved from /home/airflow/.local/lib/python3.7/site-packages/airflow/example_dags/example_python_operator.py
[2024-04-29T00:42:42.940+0000] {logging_mixin.py:117} INFO - [2024-04-29T00:42:42.939+0000] {dag.py:2573} INFO - Sync 1 DAGs
[2024-04-29T00:42:42.975+0000] {logging_mixin.py:117} INFO - [2024-04-29T00:42:42.975+0000] {dag.py:3328} INFO - Setting next_dagrun for example_python_operator to None, run_after=None
[2024-04-29T00:42:43.023+0000] {processor.py:178} INFO - Processing /home/airflow/.local/lib/python3.7/site-packages/airflow/example_dags/example_python_operator.py took 0.295 seconds
[2024-04-29T00:43:13.078+0000] {processor.py:156} INFO - Started process (PID=6424) to work on /home/airflow/.local/lib/python3.7/site-packages/airflow/example_dags/example_python_operator.py
[2024-04-29T00:43:13.078+0000] {processor.py:758} INFO - Processing file /home/airflow/.local/lib/python3.7/site-packages/airflow/example_dags/example_python_operator.py for tasks to queue
[2024-04-29T00:43:13.079+0000] {logging_mixin.py:117} INFO - [2024-04-29T00:43:13.079+0000] {dagbag.py:525} INFO - Filling up the DagBag from /home/airflow/.local/lib/python3.7/site-packages/airflow/example_dags/example_python_operator.py
[2024-04-29T00:43:13.104+0000] {processor.py:768} INFO - DAG(s) dict_keys(['example_python_operator']) retrieved from /home/airflow/.local/lib/python3.7/site-packages/airflow/example_dags/example_python_operator.py
[2024-04-29T00:43:13.136+0000] {logging_mixin.py:117} INFO - [2024-04-29T00:43:13.136+0000] {dag.py:2573} INFO - Sync 1 DAGs
[2024-04-29T00:43:13.157+0000] {logging_mixin.py:117} INFO - [2024-04-29T00:43:13.157+0000] {dag.py:3328} INFO - Setting next_dagrun for example_python_operator to None, run_after=None
[2024-04-29T00:43:13.177+0000] {processor.py:178} INFO - Processing /home/airflow/.local/lib/python3.7/site-packages/airflow/example_dags/example_python_operator.py took 0.102 seconds
[2024-04-29T00:43:43.768+0000] {processor.py:156} INFO - Started process (PID=6647) to work on /home/airflow/.local/lib/python3.7/site-packages/airflow/example_dags/example_python_operator.py
[2024-04-29T00:43:43.769+0000] {processor.py:758} INFO - Processing file /home/airflow/.local/lib/python3.7/site-packages/airflow/example_dags/example_python_operator.py for tasks to queue
[2024-04-29T00:43:43.769+0000] {logging_mixin.py:117} INFO - [2024-04-29T00:43:43.769+0000] {dagbag.py:525} INFO - Filling up the DagBag from /home/airflow/.local/lib/python3.7/site-packages/airflow/example_dags/example_python_operator.py
[2024-04-29T00:43:43.799+0000] {processor.py:768} INFO - DAG(s) dict_keys(['example_python_operator']) retrieved from /home/airflow/.local/lib/python3.7/site-packages/airflow/example_dags/example_python_operator.py
[2024-04-29T00:43:43.848+0000] {logging_mixin.py:117} INFO - [2024-04-29T00:43:43.848+0000] {dag.py:2573} INFO - Sync 1 DAGs
[2024-04-29T00:43:43.871+0000] {logging_mixin.py:117} INFO - [2024-04-29T00:43:43.871+0000] {dag.py:3328} INFO - Setting next_dagrun for example_python_operator to None, run_after=None
[2024-04-29T00:43:43.892+0000] {processor.py:178} INFO - Processing /home/airflow/.local/lib/python3.7/site-packages/airflow/example_dags/example_python_operator.py took 0.126 seconds
[2024-04-29T00:44:14.849+0000] {processor.py:156} INFO - Started process (PID=6870) to work on /home/airflow/.local/lib/python3.7/site-packages/airflow/example_dags/example_python_operator.py
[2024-04-29T00:44:14.849+0000] {processor.py:758} INFO - Processing file /home/airflow/.local/lib/python3.7/site-packages/airflow/example_dags/example_python_operator.py for tasks to queue
[2024-04-29T00:44:14.850+0000] {logging_mixin.py:117} INFO - [2024-04-29T00:44:14.850+0000] {dagbag.py:525} INFO - Filling up the DagBag from /home/airflow/.local/lib/python3.7/site-packages/airflow/example_dags/example_python_operator.py
[2024-04-29T00:44:14.887+0000] {processor.py:768} INFO - DAG(s) dict_keys(['example_python_operator']) retrieved from /home/airflow/.local/lib/python3.7/site-packages/airflow/example_dags/example_python_operator.py
[2024-04-29T00:44:14.934+0000] {logging_mixin.py:117} INFO - [2024-04-29T00:44:14.934+0000] {dag.py:2573} INFO - Sync 1 DAGs
[2024-04-29T00:44:14.972+0000] {logging_mixin.py:117} INFO - [2024-04-29T00:44:14.971+0000] {dag.py:3328} INFO - Setting next_dagrun for example_python_operator to None, run_after=None
[2024-04-29T00:44:14.999+0000] {processor.py:178} INFO - Processing /home/airflow/.local/lib/python3.7/site-packages/airflow/example_dags/example_python_operator.py took 0.153 seconds
[2024-04-29T00:44:45.111+0000] {processor.py:156} INFO - Started process (PID=7084) to work on /home/airflow/.local/lib/python3.7/site-packages/airflow/example_dags/example_python_operator.py
[2024-04-29T00:44:45.112+0000] {processor.py:758} INFO - Processing file /home/airflow/.local/lib/python3.7/site-packages/airflow/example_dags/example_python_operator.py for tasks to queue
[2024-04-29T00:44:45.112+0000] {logging_mixin.py:117} INFO - [2024-04-29T00:44:45.112+0000] {dagbag.py:525} INFO - Filling up the DagBag from /home/airflow/.local/lib/python3.7/site-packages/airflow/example_dags/example_python_operator.py
[2024-04-29T00:44:45.141+0000] {processor.py:768} INFO - DAG(s) dict_keys(['example_python_operator']) retrieved from /home/airflow/.local/lib/python3.7/site-packages/airflow/example_dags/example_python_operator.py
[2024-04-29T00:44:45.191+0000] {logging_mixin.py:117} INFO - [2024-04-29T00:44:45.191+0000] {dag.py:2573} INFO - Sync 1 DAGs
[2024-04-29T00:44:45.222+0000] {logging_mixin.py:117} INFO - [2024-04-29T00:44:45.221+0000] {dag.py:3328} INFO - Setting next_dagrun for example_python_operator to None, run_after=None
[2024-04-29T00:44:45.245+0000] {processor.py:178} INFO - Processing /home/airflow/.local/lib/python3.7/site-packages/airflow/example_dags/example_python_operator.py took 0.137 seconds
[2024-04-29T00:45:15.538+0000] {processor.py:156} INFO - Started process (PID=7308) to work on /home/airflow/.local/lib/python3.7/site-packages/airflow/example_dags/example_python_operator.py
[2024-04-29T00:45:15.540+0000] {processor.py:758} INFO - Processing file /home/airflow/.local/lib/python3.7/site-packages/airflow/example_dags/example_python_operator.py for tasks to queue
[2024-04-29T00:45:15.541+0000] {logging_mixin.py:117} INFO - [2024-04-29T00:45:15.540+0000] {dagbag.py:525} INFO - Filling up the DagBag from /home/airflow/.local/lib/python3.7/site-packages/airflow/example_dags/example_python_operator.py
[2024-04-29T00:45:15.594+0000] {processor.py:768} INFO - DAG(s) dict_keys(['example_python_operator']) retrieved from /home/airflow/.local/lib/python3.7/site-packages/airflow/example_dags/example_python_operator.py
[2024-04-29T00:45:15.700+0000] {logging_mixin.py:117} INFO - [2024-04-29T00:45:15.700+0000] {dag.py:2573} INFO - Sync 1 DAGs
[2024-04-29T00:45:15.740+0000] {logging_mixin.py:117} INFO - [2024-04-29T00:45:15.740+0000] {dag.py:3328} INFO - Setting next_dagrun for example_python_operator to None, run_after=None
[2024-04-29T00:45:15.760+0000] {processor.py:178} INFO - Processing /home/airflow/.local/lib/python3.7/site-packages/airflow/example_dags/example_python_operator.py took 0.225 seconds
[2024-04-29T00:45:46.755+0000] {processor.py:156} INFO - Started process (PID=7532) to work on /home/airflow/.local/lib/python3.7/site-packages/airflow/example_dags/example_python_operator.py
[2024-04-29T00:45:46.756+0000] {processor.py:758} INFO - Processing file /home/airflow/.local/lib/python3.7/site-packages/airflow/example_dags/example_python_operator.py for tasks to queue
[2024-04-29T00:45:46.756+0000] {logging_mixin.py:117} INFO - [2024-04-29T00:45:46.756+0000] {dagbag.py:525} INFO - Filling up the DagBag from /home/airflow/.local/lib/python3.7/site-packages/airflow/example_dags/example_python_operator.py
[2024-04-29T00:45:46.850+0000] {processor.py:768} INFO - DAG(s) dict_keys(['example_python_operator']) retrieved from /home/airflow/.local/lib/python3.7/site-packages/airflow/example_dags/example_python_operator.py
[2024-04-29T00:45:46.931+0000] {logging_mixin.py:117} INFO - [2024-04-29T00:45:46.931+0000] {dag.py:2573} INFO - Sync 1 DAGs
[2024-04-29T00:45:46.962+0000] {logging_mixin.py:117} INFO - [2024-04-29T00:45:46.962+0000] {dag.py:3328} INFO - Setting next_dagrun for example_python_operator to None, run_after=None
[2024-04-29T00:45:46.991+0000] {processor.py:178} INFO - Processing /home/airflow/.local/lib/python3.7/site-packages/airflow/example_dags/example_python_operator.py took 0.240 seconds
[2024-04-29T00:46:17.798+0000] {processor.py:156} INFO - Started process (PID=7750) to work on /home/airflow/.local/lib/python3.7/site-packages/airflow/example_dags/example_python_operator.py
[2024-04-29T00:46:17.799+0000] {processor.py:758} INFO - Processing file /home/airflow/.local/lib/python3.7/site-packages/airflow/example_dags/example_python_operator.py for tasks to queue
[2024-04-29T00:46:17.799+0000] {logging_mixin.py:117} INFO - [2024-04-29T00:46:17.799+0000] {dagbag.py:525} INFO - Filling up the DagBag from /home/airflow/.local/lib/python3.7/site-packages/airflow/example_dags/example_python_operator.py
[2024-04-29T00:46:17.832+0000] {processor.py:768} INFO - DAG(s) dict_keys(['example_python_operator']) retrieved from /home/airflow/.local/lib/python3.7/site-packages/airflow/example_dags/example_python_operator.py
[2024-04-29T00:46:17.880+0000] {logging_mixin.py:117} INFO - [2024-04-29T00:46:17.880+0000] {dag.py:2573} INFO - Sync 1 DAGs
[2024-04-29T00:46:17.912+0000] {logging_mixin.py:117} INFO - [2024-04-29T00:46:17.911+0000] {dag.py:3328} INFO - Setting next_dagrun for example_python_operator to None, run_after=None
[2024-04-29T00:46:17.937+0000] {processor.py:178} INFO - Processing /home/airflow/.local/lib/python3.7/site-packages/airflow/example_dags/example_python_operator.py took 0.142 seconds
[2024-04-29T00:46:48.030+0000] {processor.py:156} INFO - Started process (PID=7971) to work on /home/airflow/.local/lib/python3.7/site-packages/airflow/example_dags/example_python_operator.py
[2024-04-29T00:46:48.031+0000] {processor.py:758} INFO - Processing file /home/airflow/.local/lib/python3.7/site-packages/airflow/example_dags/example_python_operator.py for tasks to queue
[2024-04-29T00:46:48.031+0000] {logging_mixin.py:117} INFO - [2024-04-29T00:46:48.031+0000] {dagbag.py:525} INFO - Filling up the DagBag from /home/airflow/.local/lib/python3.7/site-packages/airflow/example_dags/example_python_operator.py
[2024-04-29T00:46:48.054+0000] {processor.py:768} INFO - DAG(s) dict_keys(['example_python_operator']) retrieved from /home/airflow/.local/lib/python3.7/site-packages/airflow/example_dags/example_python_operator.py
[2024-04-29T00:46:48.090+0000] {logging_mixin.py:117} INFO - [2024-04-29T00:46:48.090+0000] {dag.py:2573} INFO - Sync 1 DAGs
[2024-04-29T00:46:48.111+0000] {logging_mixin.py:117} INFO - [2024-04-29T00:46:48.111+0000] {dag.py:3328} INFO - Setting next_dagrun for example_python_operator to None, run_after=None
[2024-04-29T00:46:48.132+0000] {processor.py:178} INFO - Processing /home/airflow/.local/lib/python3.7/site-packages/airflow/example_dags/example_python_operator.py took 0.105 seconds
[2024-04-29T00:47:18.872+0000] {processor.py:156} INFO - Started process (PID=8194) to work on /home/airflow/.local/lib/python3.7/site-packages/airflow/example_dags/example_python_operator.py
[2024-04-29T00:47:18.879+0000] {processor.py:758} INFO - Processing file /home/airflow/.local/lib/python3.7/site-packages/airflow/example_dags/example_python_operator.py for tasks to queue
[2024-04-29T00:47:18.880+0000] {logging_mixin.py:117} INFO - [2024-04-29T00:47:18.880+0000] {dagbag.py:525} INFO - Filling up the DagBag from /home/airflow/.local/lib/python3.7/site-packages/airflow/example_dags/example_python_operator.py
[2024-04-29T00:47:18.960+0000] {processor.py:768} INFO - DAG(s) dict_keys(['example_python_operator']) retrieved from /home/airflow/.local/lib/python3.7/site-packages/airflow/example_dags/example_python_operator.py
[2024-04-29T00:47:19.076+0000] {logging_mixin.py:117} INFO - [2024-04-29T00:47:19.076+0000] {dag.py:2573} INFO - Sync 1 DAGs
[2024-04-29T00:47:19.110+0000] {logging_mixin.py:117} INFO - [2024-04-29T00:47:19.110+0000] {dag.py:3328} INFO - Setting next_dagrun for example_python_operator to None, run_after=None
[2024-04-29T00:47:19.135+0000] {processor.py:178} INFO - Processing /home/airflow/.local/lib/python3.7/site-packages/airflow/example_dags/example_python_operator.py took 0.268 seconds
[2024-04-29T00:47:49.696+0000] {processor.py:156} INFO - Started process (PID=8409) to work on /home/airflow/.local/lib/python3.7/site-packages/airflow/example_dags/example_python_operator.py
[2024-04-29T00:47:49.697+0000] {processor.py:758} INFO - Processing file /home/airflow/.local/lib/python3.7/site-packages/airflow/example_dags/example_python_operator.py for tasks to queue
[2024-04-29T00:47:49.697+0000] {logging_mixin.py:117} INFO - [2024-04-29T00:47:49.697+0000] {dagbag.py:525} INFO - Filling up the DagBag from /home/airflow/.local/lib/python3.7/site-packages/airflow/example_dags/example_python_operator.py
[2024-04-29T00:47:49.722+0000] {processor.py:768} INFO - DAG(s) dict_keys(['example_python_operator']) retrieved from /home/airflow/.local/lib/python3.7/site-packages/airflow/example_dags/example_python_operator.py
[2024-04-29T00:47:49.756+0000] {logging_mixin.py:117} INFO - [2024-04-29T00:47:49.755+0000] {dag.py:2573} INFO - Sync 1 DAGs
[2024-04-29T00:47:49.777+0000] {logging_mixin.py:117} INFO - [2024-04-29T00:47:49.777+0000] {dag.py:3328} INFO - Setting next_dagrun for example_python_operator to None, run_after=None
[2024-04-29T00:47:49.798+0000] {processor.py:178} INFO - Processing /home/airflow/.local/lib/python3.7/site-packages/airflow/example_dags/example_python_operator.py took 0.104 seconds
[2024-04-29T00:48:20.325+0000] {processor.py:156} INFO - Started process (PID=8630) to work on /home/airflow/.local/lib/python3.7/site-packages/airflow/example_dags/example_python_operator.py
[2024-04-29T00:48:20.326+0000] {processor.py:758} INFO - Processing file /home/airflow/.local/lib/python3.7/site-packages/airflow/example_dags/example_python_operator.py for tasks to queue
[2024-04-29T00:48:20.326+0000] {logging_mixin.py:117} INFO - [2024-04-29T00:48:20.326+0000] {dagbag.py:525} INFO - Filling up the DagBag from /home/airflow/.local/lib/python3.7/site-packages/airflow/example_dags/example_python_operator.py
[2024-04-29T00:48:20.349+0000] {processor.py:768} INFO - DAG(s) dict_keys(['example_python_operator']) retrieved from /home/airflow/.local/lib/python3.7/site-packages/airflow/example_dags/example_python_operator.py
[2024-04-29T00:48:20.384+0000] {logging_mixin.py:117} INFO - [2024-04-29T00:48:20.384+0000] {dag.py:2573} INFO - Sync 1 DAGs
[2024-04-29T00:48:20.404+0000] {logging_mixin.py:117} INFO - [2024-04-29T00:48:20.404+0000] {dag.py:3328} INFO - Setting next_dagrun for example_python_operator to None, run_after=None
[2024-04-29T00:48:20.424+0000] {processor.py:178} INFO - Processing /home/airflow/.local/lib/python3.7/site-packages/airflow/example_dags/example_python_operator.py took 0.101 seconds
[2024-04-29T00:48:51.117+0000] {processor.py:156} INFO - Started process (PID=8853) to work on /home/airflow/.local/lib/python3.7/site-packages/airflow/example_dags/example_python_operator.py
[2024-04-29T00:48:51.118+0000] {processor.py:758} INFO - Processing file /home/airflow/.local/lib/python3.7/site-packages/airflow/example_dags/example_python_operator.py for tasks to queue
[2024-04-29T00:48:51.127+0000] {logging_mixin.py:117} INFO - [2024-04-29T00:48:51.127+0000] {dagbag.py:525} INFO - Filling up the DagBag from /home/airflow/.local/lib/python3.7/site-packages/airflow/example_dags/example_python_operator.py
[2024-04-29T00:48:51.161+0000] {processor.py:768} INFO - DAG(s) dict_keys(['example_python_operator']) retrieved from /home/airflow/.local/lib/python3.7/site-packages/airflow/example_dags/example_python_operator.py
[2024-04-29T00:48:51.212+0000] {logging_mixin.py:117} INFO - [2024-04-29T00:48:51.212+0000] {dag.py:2573} INFO - Sync 1 DAGs
[2024-04-29T00:48:51.244+0000] {logging_mixin.py:117} INFO - [2024-04-29T00:48:51.244+0000] {dag.py:3328} INFO - Setting next_dagrun for example_python_operator to None, run_after=None
[2024-04-29T00:48:51.274+0000] {processor.py:178} INFO - Processing /home/airflow/.local/lib/python3.7/site-packages/airflow/example_dags/example_python_operator.py took 0.160 seconds
[2024-04-29T00:49:21.341+0000] {processor.py:156} INFO - Started process (PID=9066) to work on /home/airflow/.local/lib/python3.7/site-packages/airflow/example_dags/example_python_operator.py
[2024-04-29T00:49:21.342+0000] {processor.py:758} INFO - Processing file /home/airflow/.local/lib/python3.7/site-packages/airflow/example_dags/example_python_operator.py for tasks to queue
[2024-04-29T00:49:21.342+0000] {logging_mixin.py:117} INFO - [2024-04-29T00:49:21.342+0000] {dagbag.py:525} INFO - Filling up the DagBag from /home/airflow/.local/lib/python3.7/site-packages/airflow/example_dags/example_python_operator.py
[2024-04-29T00:49:21.387+0000] {processor.py:768} INFO - DAG(s) dict_keys(['example_python_operator']) retrieved from /home/airflow/.local/lib/python3.7/site-packages/airflow/example_dags/example_python_operator.py
[2024-04-29T00:49:21.429+0000] {logging_mixin.py:117} INFO - [2024-04-29T00:49:21.429+0000] {dag.py:2573} INFO - Sync 1 DAGs
[2024-04-29T00:49:21.462+0000] {logging_mixin.py:117} INFO - [2024-04-29T00:49:21.462+0000] {dag.py:3328} INFO - Setting next_dagrun for example_python_operator to None, run_after=None
[2024-04-29T00:49:21.491+0000] {processor.py:178} INFO - Processing /home/airflow/.local/lib/python3.7/site-packages/airflow/example_dags/example_python_operator.py took 0.152 seconds
[2024-04-29T00:49:51.854+0000] {processor.py:156} INFO - Started process (PID=9289) to work on /home/airflow/.local/lib/python3.7/site-packages/airflow/example_dags/example_python_operator.py
[2024-04-29T00:49:51.854+0000] {processor.py:758} INFO - Processing file /home/airflow/.local/lib/python3.7/site-packages/airflow/example_dags/example_python_operator.py for tasks to queue
[2024-04-29T00:49:51.855+0000] {logging_mixin.py:117} INFO - [2024-04-29T00:49:51.854+0000] {dagbag.py:525} INFO - Filling up the DagBag from /home/airflow/.local/lib/python3.7/site-packages/airflow/example_dags/example_python_operator.py
[2024-04-29T00:49:51.875+0000] {processor.py:768} INFO - DAG(s) dict_keys(['example_python_operator']) retrieved from /home/airflow/.local/lib/python3.7/site-packages/airflow/example_dags/example_python_operator.py
[2024-04-29T00:49:51.911+0000] {logging_mixin.py:117} INFO - [2024-04-29T00:49:51.911+0000] {dag.py:2573} INFO - Sync 1 DAGs
[2024-04-29T00:49:51.932+0000] {logging_mixin.py:117} INFO - [2024-04-29T00:49:51.931+0000] {dag.py:3328} INFO - Setting next_dagrun for example_python_operator to None, run_after=None
[2024-04-29T00:49:51.953+0000] {processor.py:178} INFO - Processing /home/airflow/.local/lib/python3.7/site-packages/airflow/example_dags/example_python_operator.py took 0.102 seconds
[2024-04-29T00:50:22.869+0000] {processor.py:156} INFO - Started process (PID=9513) to work on /home/airflow/.local/lib/python3.7/site-packages/airflow/example_dags/example_python_operator.py
[2024-04-29T00:50:22.870+0000] {processor.py:758} INFO - Processing file /home/airflow/.local/lib/python3.7/site-packages/airflow/example_dags/example_python_operator.py for tasks to queue
[2024-04-29T00:50:22.871+0000] {logging_mixin.py:117} INFO - [2024-04-29T00:50:22.871+0000] {dagbag.py:525} INFO - Filling up the DagBag from /home/airflow/.local/lib/python3.7/site-packages/airflow/example_dags/example_python_operator.py
[2024-04-29T00:50:22.905+0000] {processor.py:768} INFO - DAG(s) dict_keys(['example_python_operator']) retrieved from /home/airflow/.local/lib/python3.7/site-packages/airflow/example_dags/example_python_operator.py
[2024-04-29T00:50:22.953+0000] {logging_mixin.py:117} INFO - [2024-04-29T00:50:22.952+0000] {dag.py:2573} INFO - Sync 1 DAGs
[2024-04-29T00:50:22.975+0000] {logging_mixin.py:117} INFO - [2024-04-29T00:50:22.975+0000] {dag.py:3328} INFO - Setting next_dagrun for example_python_operator to None, run_after=None
[2024-04-29T00:50:22.995+0000] {processor.py:178} INFO - Processing /home/airflow/.local/lib/python3.7/site-packages/airflow/example_dags/example_python_operator.py took 0.131 seconds
[2024-04-29T00:50:53.699+0000] {processor.py:156} INFO - Started process (PID=9726) to work on /home/airflow/.local/lib/python3.7/site-packages/airflow/example_dags/example_python_operator.py
[2024-04-29T00:50:53.700+0000] {processor.py:758} INFO - Processing file /home/airflow/.local/lib/python3.7/site-packages/airflow/example_dags/example_python_operator.py for tasks to queue
[2024-04-29T00:50:53.701+0000] {logging_mixin.py:117} INFO - [2024-04-29T00:50:53.700+0000] {dagbag.py:525} INFO - Filling up the DagBag from /home/airflow/.local/lib/python3.7/site-packages/airflow/example_dags/example_python_operator.py
[2024-04-29T00:50:53.726+0000] {processor.py:768} INFO - DAG(s) dict_keys(['example_python_operator']) retrieved from /home/airflow/.local/lib/python3.7/site-packages/airflow/example_dags/example_python_operator.py
[2024-04-29T00:50:53.761+0000] {logging_mixin.py:117} INFO - [2024-04-29T00:50:53.761+0000] {dag.py:2573} INFO - Sync 1 DAGs
[2024-04-29T00:50:53.782+0000] {logging_mixin.py:117} INFO - [2024-04-29T00:50:53.782+0000] {dag.py:3328} INFO - Setting next_dagrun for example_python_operator to None, run_after=None
[2024-04-29T00:50:53.803+0000] {processor.py:178} INFO - Processing /home/airflow/.local/lib/python3.7/site-packages/airflow/example_dags/example_python_operator.py took 0.108 seconds
[2024-04-29T00:51:24.246+0000] {processor.py:156} INFO - Started process (PID=9948) to work on /home/airflow/.local/lib/python3.7/site-packages/airflow/example_dags/example_python_operator.py
[2024-04-29T00:51:24.247+0000] {processor.py:758} INFO - Processing file /home/airflow/.local/lib/python3.7/site-packages/airflow/example_dags/example_python_operator.py for tasks to queue
[2024-04-29T00:51:24.249+0000] {logging_mixin.py:117} INFO - [2024-04-29T00:51:24.249+0000] {dagbag.py:525} INFO - Filling up the DagBag from /home/airflow/.local/lib/python3.7/site-packages/airflow/example_dags/example_python_operator.py
[2024-04-29T00:51:24.284+0000] {processor.py:768} INFO - DAG(s) dict_keys(['example_python_operator']) retrieved from /home/airflow/.local/lib/python3.7/site-packages/airflow/example_dags/example_python_operator.py
[2024-04-29T00:51:24.334+0000] {logging_mixin.py:117} INFO - [2024-04-29T00:51:24.334+0000] {dag.py:2573} INFO - Sync 1 DAGs
[2024-04-29T00:51:24.369+0000] {logging_mixin.py:117} INFO - [2024-04-29T00:51:24.369+0000] {dag.py:3328} INFO - Setting next_dagrun for example_python_operator to None, run_after=None
[2024-04-29T00:51:24.393+0000] {processor.py:178} INFO - Processing /home/airflow/.local/lib/python3.7/site-packages/airflow/example_dags/example_python_operator.py took 0.150 seconds
[2024-04-29T00:51:55.042+0000] {processor.py:156} INFO - Started process (PID=10171) to work on /home/airflow/.local/lib/python3.7/site-packages/airflow/example_dags/example_python_operator.py
[2024-04-29T00:51:55.042+0000] {processor.py:758} INFO - Processing file /home/airflow/.local/lib/python3.7/site-packages/airflow/example_dags/example_python_operator.py for tasks to queue
[2024-04-29T00:51:55.043+0000] {logging_mixin.py:117} INFO - [2024-04-29T00:51:55.043+0000] {dagbag.py:525} INFO - Filling up the DagBag from /home/airflow/.local/lib/python3.7/site-packages/airflow/example_dags/example_python_operator.py
[2024-04-29T00:51:55.065+0000] {processor.py:768} INFO - DAG(s) dict_keys(['example_python_operator']) retrieved from /home/airflow/.local/lib/python3.7/site-packages/airflow/example_dags/example_python_operator.py
[2024-04-29T00:51:55.105+0000] {logging_mixin.py:117} INFO - [2024-04-29T00:51:55.104+0000] {dag.py:2573} INFO - Sync 1 DAGs
[2024-04-29T00:51:55.136+0000] {logging_mixin.py:117} INFO - [2024-04-29T00:51:55.136+0000] {dag.py:3328} INFO - Setting next_dagrun for example_python_operator to None, run_after=None
[2024-04-29T00:51:55.168+0000] {processor.py:178} INFO - Processing /home/airflow/.local/lib/python3.7/site-packages/airflow/example_dags/example_python_operator.py took 0.128 seconds
[2024-04-29T00:52:25.845+0000] {processor.py:156} INFO - Started process (PID=10386) to work on /home/airflow/.local/lib/python3.7/site-packages/airflow/example_dags/example_python_operator.py
[2024-04-29T00:52:25.846+0000] {processor.py:758} INFO - Processing file /home/airflow/.local/lib/python3.7/site-packages/airflow/example_dags/example_python_operator.py for tasks to queue
[2024-04-29T00:52:25.846+0000] {logging_mixin.py:117} INFO - [2024-04-29T00:52:25.846+0000] {dagbag.py:525} INFO - Filling up the DagBag from /home/airflow/.local/lib/python3.7/site-packages/airflow/example_dags/example_python_operator.py
[2024-04-29T00:52:25.876+0000] {processor.py:768} INFO - DAG(s) dict_keys(['example_python_operator']) retrieved from /home/airflow/.local/lib/python3.7/site-packages/airflow/example_dags/example_python_operator.py
[2024-04-29T00:52:25.927+0000] {logging_mixin.py:117} INFO - [2024-04-29T00:52:25.927+0000] {dag.py:2573} INFO - Sync 1 DAGs
[2024-04-29T00:52:25.956+0000] {logging_mixin.py:117} INFO - [2024-04-29T00:52:25.956+0000] {dag.py:3328} INFO - Setting next_dagrun for example_python_operator to None, run_after=None
[2024-04-29T00:52:25.978+0000] {processor.py:178} INFO - Processing /home/airflow/.local/lib/python3.7/site-packages/airflow/example_dags/example_python_operator.py took 0.137 seconds
[2024-04-29T00:52:56.513+0000] {processor.py:156} INFO - Started process (PID=10610) to work on /home/airflow/.local/lib/python3.7/site-packages/airflow/example_dags/example_python_operator.py
[2024-04-29T00:52:56.513+0000] {processor.py:758} INFO - Processing file /home/airflow/.local/lib/python3.7/site-packages/airflow/example_dags/example_python_operator.py for tasks to queue
[2024-04-29T00:52:56.514+0000] {logging_mixin.py:117} INFO - [2024-04-29T00:52:56.514+0000] {dagbag.py:525} INFO - Filling up the DagBag from /home/airflow/.local/lib/python3.7/site-packages/airflow/example_dags/example_python_operator.py
[2024-04-29T00:52:56.536+0000] {processor.py:768} INFO - DAG(s) dict_keys(['example_python_operator']) retrieved from /home/airflow/.local/lib/python3.7/site-packages/airflow/example_dags/example_python_operator.py
[2024-04-29T00:52:56.582+0000] {logging_mixin.py:117} INFO - [2024-04-29T00:52:56.581+0000] {dag.py:2573} INFO - Sync 1 DAGs
[2024-04-29T00:52:56.607+0000] {logging_mixin.py:117} INFO - [2024-04-29T00:52:56.607+0000] {dag.py:3328} INFO - Setting next_dagrun for example_python_operator to None, run_after=None
[2024-04-29T00:52:56.639+0000] {processor.py:178} INFO - Processing /home/airflow/.local/lib/python3.7/site-packages/airflow/example_dags/example_python_operator.py took 0.129 seconds
[2024-04-29T00:53:26.687+0000] {processor.py:156} INFO - Started process (PID=10832) to work on /home/airflow/.local/lib/python3.7/site-packages/airflow/example_dags/example_python_operator.py
[2024-04-29T00:53:26.687+0000] {processor.py:758} INFO - Processing file /home/airflow/.local/lib/python3.7/site-packages/airflow/example_dags/example_python_operator.py for tasks to queue
[2024-04-29T00:53:26.688+0000] {logging_mixin.py:117} INFO - [2024-04-29T00:53:26.688+0000] {dagbag.py:525} INFO - Filling up the DagBag from /home/airflow/.local/lib/python3.7/site-packages/airflow/example_dags/example_python_operator.py
[2024-04-29T00:53:26.726+0000] {processor.py:768} INFO - DAG(s) dict_keys(['example_python_operator']) retrieved from /home/airflow/.local/lib/python3.7/site-packages/airflow/example_dags/example_python_operator.py
[2024-04-29T00:53:26.766+0000] {logging_mixin.py:117} INFO - [2024-04-29T00:53:26.766+0000] {dag.py:2573} INFO - Sync 1 DAGs
[2024-04-29T00:53:26.789+0000] {logging_mixin.py:117} INFO - [2024-04-29T00:53:26.789+0000] {dag.py:3328} INFO - Setting next_dagrun for example_python_operator to None, run_after=None
[2024-04-29T00:53:26.815+0000] {processor.py:178} INFO - Processing /home/airflow/.local/lib/python3.7/site-packages/airflow/example_dags/example_python_operator.py took 0.131 seconds
[2024-04-29T00:53:57.675+0000] {processor.py:156} INFO - Started process (PID=11046) to work on /home/airflow/.local/lib/python3.7/site-packages/airflow/example_dags/example_python_operator.py
[2024-04-29T00:53:57.675+0000] {processor.py:758} INFO - Processing file /home/airflow/.local/lib/python3.7/site-packages/airflow/example_dags/example_python_operator.py for tasks to queue
[2024-04-29T00:53:57.676+0000] {logging_mixin.py:117} INFO - [2024-04-29T00:53:57.676+0000] {dagbag.py:525} INFO - Filling up the DagBag from /home/airflow/.local/lib/python3.7/site-packages/airflow/example_dags/example_python_operator.py
[2024-04-29T00:53:57.697+0000] {processor.py:768} INFO - DAG(s) dict_keys(['example_python_operator']) retrieved from /home/airflow/.local/lib/python3.7/site-packages/airflow/example_dags/example_python_operator.py
[2024-04-29T00:53:57.731+0000] {logging_mixin.py:117} INFO - [2024-04-29T00:53:57.731+0000] {dag.py:2573} INFO - Sync 1 DAGs
[2024-04-29T00:53:57.751+0000] {logging_mixin.py:117} INFO - [2024-04-29T00:53:57.751+0000] {dag.py:3328} INFO - Setting next_dagrun for example_python_operator to None, run_after=None
[2024-04-29T00:53:57.773+0000] {processor.py:178} INFO - Processing /home/airflow/.local/lib/python3.7/site-packages/airflow/example_dags/example_python_operator.py took 0.101 seconds
[2024-04-29T00:54:28.446+0000] {processor.py:156} INFO - Started process (PID=11271) to work on /home/airflow/.local/lib/python3.7/site-packages/airflow/example_dags/example_python_operator.py
[2024-04-29T00:54:28.447+0000] {processor.py:758} INFO - Processing file /home/airflow/.local/lib/python3.7/site-packages/airflow/example_dags/example_python_operator.py for tasks to queue
[2024-04-29T00:54:28.447+0000] {logging_mixin.py:117} INFO - [2024-04-29T00:54:28.447+0000] {dagbag.py:525} INFO - Filling up the DagBag from /home/airflow/.local/lib/python3.7/site-packages/airflow/example_dags/example_python_operator.py
[2024-04-29T00:54:28.470+0000] {processor.py:768} INFO - DAG(s) dict_keys(['example_python_operator']) retrieved from /home/airflow/.local/lib/python3.7/site-packages/airflow/example_dags/example_python_operator.py
[2024-04-29T00:54:28.507+0000] {logging_mixin.py:117} INFO - [2024-04-29T00:54:28.507+0000] {dag.py:2573} INFO - Sync 1 DAGs
[2024-04-29T00:54:28.527+0000] {logging_mixin.py:117} INFO - [2024-04-29T00:54:28.527+0000] {dag.py:3328} INFO - Setting next_dagrun for example_python_operator to None, run_after=None
[2024-04-29T00:54:28.548+0000] {processor.py:178} INFO - Processing /home/airflow/.local/lib/python3.7/site-packages/airflow/example_dags/example_python_operator.py took 0.105 seconds
[2024-04-29T00:54:58.788+0000] {processor.py:156} INFO - Started process (PID=11494) to work on /home/airflow/.local/lib/python3.7/site-packages/airflow/example_dags/example_python_operator.py
[2024-04-29T00:54:58.789+0000] {processor.py:758} INFO - Processing file /home/airflow/.local/lib/python3.7/site-packages/airflow/example_dags/example_python_operator.py for tasks to queue
[2024-04-29T00:54:58.790+0000] {logging_mixin.py:117} INFO - [2024-04-29T00:54:58.790+0000] {dagbag.py:525} INFO - Filling up the DagBag from /home/airflow/.local/lib/python3.7/site-packages/airflow/example_dags/example_python_operator.py
[2024-04-29T00:54:58.842+0000] {processor.py:768} INFO - DAG(s) dict_keys(['example_python_operator']) retrieved from /home/airflow/.local/lib/python3.7/site-packages/airflow/example_dags/example_python_operator.py
[2024-04-29T00:54:58.988+0000] {logging_mixin.py:117} INFO - [2024-04-29T00:54:58.988+0000] {dag.py:2573} INFO - Sync 1 DAGs
[2024-04-29T00:54:59.022+0000] {logging_mixin.py:117} INFO - [2024-04-29T00:54:59.022+0000] {dag.py:3328} INFO - Setting next_dagrun for example_python_operator to None, run_after=None
[2024-04-29T00:54:59.048+0000] {processor.py:178} INFO - Processing /home/airflow/.local/lib/python3.7/site-packages/airflow/example_dags/example_python_operator.py took 0.263 seconds
