[2024-04-29T00:28:44.178+0000] {processor.py:156} INFO - Started process (PID=191) to work on /home/airflow/.local/lib/python3.7/site-packages/airflow/example_dags/example_branch_day_of_week_operator.py
[2024-04-29T00:28:44.179+0000] {processor.py:758} INFO - Processing file /home/airflow/.local/lib/python3.7/site-packages/airflow/example_dags/example_branch_day_of_week_operator.py for tasks to queue
[2024-04-29T00:28:44.180+0000] {logging_mixin.py:117} INFO - [2024-04-29T00:28:44.179+0000] {dagbag.py:525} INFO - Filling up the DagBag from /home/airflow/.local/lib/python3.7/site-packages/airflow/example_dags/example_branch_day_of_week_operator.py
[2024-04-29T00:28:44.211+0000] {processor.py:768} INFO - DAG(s) dict_keys(['example_weekday_branch_operator']) retrieved from /home/airflow/.local/lib/python3.7/site-packages/airflow/example_dags/example_branch_day_of_week_operator.py
[2024-04-29T00:28:44.275+0000] {logging_mixin.py:117} INFO - [2024-04-29T00:28:44.275+0000] {dag.py:2573} INFO - Sync 1 DAGs
[2024-04-29T00:28:44.326+0000] {logging_mixin.py:117} INFO - [2024-04-29T00:28:44.326+0000] {dag.py:3328} INFO - Setting next_dagrun for example_weekday_branch_operator to 2024-04-28T00:00:00+00:00, run_after=2024-04-29T00:00:00+00:00
[2024-04-29T00:28:44.356+0000] {processor.py:178} INFO - Processing /home/airflow/.local/lib/python3.7/site-packages/airflow/example_dags/example_branch_day_of_week_operator.py took 0.181 seconds
[2024-04-29T00:29:15.062+0000] {processor.py:156} INFO - Started process (PID=413) to work on /home/airflow/.local/lib/python3.7/site-packages/airflow/example_dags/example_branch_day_of_week_operator.py
[2024-04-29T00:29:15.065+0000] {processor.py:758} INFO - Processing file /home/airflow/.local/lib/python3.7/site-packages/airflow/example_dags/example_branch_day_of_week_operator.py for tasks to queue
[2024-04-29T00:29:15.066+0000] {logging_mixin.py:117} INFO - [2024-04-29T00:29:15.066+0000] {dagbag.py:525} INFO - Filling up the DagBag from /home/airflow/.local/lib/python3.7/site-packages/airflow/example_dags/example_branch_day_of_week_operator.py
[2024-04-29T00:29:15.090+0000] {processor.py:768} INFO - DAG(s) dict_keys(['example_weekday_branch_operator']) retrieved from /home/airflow/.local/lib/python3.7/site-packages/airflow/example_dags/example_branch_day_of_week_operator.py
[2024-04-29T00:29:15.134+0000] {logging_mixin.py:117} INFO - [2024-04-29T00:29:15.134+0000] {dag.py:2573} INFO - Sync 1 DAGs
[2024-04-29T00:29:15.171+0000] {logging_mixin.py:117} INFO - [2024-04-29T00:29:15.171+0000] {dag.py:3328} INFO - Setting next_dagrun for example_weekday_branch_operator to 2024-04-28T00:00:00+00:00, run_after=2024-04-29T00:00:00+00:00
[2024-04-29T00:29:15.200+0000] {processor.py:178} INFO - Processing /home/airflow/.local/lib/python3.7/site-packages/airflow/example_dags/example_branch_day_of_week_operator.py took 0.141 seconds
[2024-04-29T00:29:45.292+0000] {processor.py:156} INFO - Started process (PID=627) to work on /home/airflow/.local/lib/python3.7/site-packages/airflow/example_dags/example_branch_day_of_week_operator.py
[2024-04-29T00:29:45.293+0000] {processor.py:758} INFO - Processing file /home/airflow/.local/lib/python3.7/site-packages/airflow/example_dags/example_branch_day_of_week_operator.py for tasks to queue
[2024-04-29T00:29:45.294+0000] {logging_mixin.py:117} INFO - [2024-04-29T00:29:45.294+0000] {dagbag.py:525} INFO - Filling up the DagBag from /home/airflow/.local/lib/python3.7/site-packages/airflow/example_dags/example_branch_day_of_week_operator.py
[2024-04-29T00:29:45.317+0000] {processor.py:768} INFO - DAG(s) dict_keys(['example_weekday_branch_operator']) retrieved from /home/airflow/.local/lib/python3.7/site-packages/airflow/example_dags/example_branch_day_of_week_operator.py
[2024-04-29T00:29:45.414+0000] {logging_mixin.py:117} INFO - [2024-04-29T00:29:45.414+0000] {dag.py:2573} INFO - Sync 1 DAGs
[2024-04-29T00:29:45.454+0000] {logging_mixin.py:117} INFO - [2024-04-29T00:29:45.454+0000] {dag.py:3328} INFO - Setting next_dagrun for example_weekday_branch_operator to 2024-04-28T00:00:00+00:00, run_after=2024-04-29T00:00:00+00:00
[2024-04-29T00:29:45.487+0000] {processor.py:178} INFO - Processing /home/airflow/.local/lib/python3.7/site-packages/airflow/example_dags/example_branch_day_of_week_operator.py took 0.198 seconds
[2024-04-29T00:30:15.598+0000] {processor.py:156} INFO - Started process (PID=849) to work on /home/airflow/.local/lib/python3.7/site-packages/airflow/example_dags/example_branch_day_of_week_operator.py
[2024-04-29T00:30:15.598+0000] {processor.py:758} INFO - Processing file /home/airflow/.local/lib/python3.7/site-packages/airflow/example_dags/example_branch_day_of_week_operator.py for tasks to queue
[2024-04-29T00:30:15.599+0000] {logging_mixin.py:117} INFO - [2024-04-29T00:30:15.599+0000] {dagbag.py:525} INFO - Filling up the DagBag from /home/airflow/.local/lib/python3.7/site-packages/airflow/example_dags/example_branch_day_of_week_operator.py
[2024-04-29T00:30:15.618+0000] {processor.py:768} INFO - DAG(s) dict_keys(['example_weekday_branch_operator']) retrieved from /home/airflow/.local/lib/python3.7/site-packages/airflow/example_dags/example_branch_day_of_week_operator.py
[2024-04-29T00:30:15.664+0000] {logging_mixin.py:117} INFO - [2024-04-29T00:30:15.664+0000] {dag.py:2573} INFO - Sync 1 DAGs
[2024-04-29T00:30:15.702+0000] {logging_mixin.py:117} INFO - [2024-04-29T00:30:15.702+0000] {dag.py:3328} INFO - Setting next_dagrun for example_weekday_branch_operator to 2024-04-28T00:00:00+00:00, run_after=2024-04-29T00:00:00+00:00
[2024-04-29T00:30:15.730+0000] {processor.py:178} INFO - Processing /home/airflow/.local/lib/python3.7/site-packages/airflow/example_dags/example_branch_day_of_week_operator.py took 0.135 seconds
[2024-04-29T00:30:46.860+0000] {processor.py:156} INFO - Started process (PID=1071) to work on /home/airflow/.local/lib/python3.7/site-packages/airflow/example_dags/example_branch_day_of_week_operator.py
[2024-04-29T00:30:46.861+0000] {processor.py:758} INFO - Processing file /home/airflow/.local/lib/python3.7/site-packages/airflow/example_dags/example_branch_day_of_week_operator.py for tasks to queue
[2024-04-29T00:30:46.862+0000] {logging_mixin.py:117} INFO - [2024-04-29T00:30:46.862+0000] {dagbag.py:525} INFO - Filling up the DagBag from /home/airflow/.local/lib/python3.7/site-packages/airflow/example_dags/example_branch_day_of_week_operator.py
[2024-04-29T00:30:46.880+0000] {processor.py:768} INFO - DAG(s) dict_keys(['example_weekday_branch_operator']) retrieved from /home/airflow/.local/lib/python3.7/site-packages/airflow/example_dags/example_branch_day_of_week_operator.py
[2024-04-29T00:30:46.930+0000] {logging_mixin.py:117} INFO - [2024-04-29T00:30:46.930+0000] {dag.py:2573} INFO - Sync 1 DAGs
[2024-04-29T00:30:46.967+0000] {logging_mixin.py:117} INFO - [2024-04-29T00:30:46.967+0000] {dag.py:3328} INFO - Setting next_dagrun for example_weekday_branch_operator to 2024-04-28T00:00:00+00:00, run_after=2024-04-29T00:00:00+00:00
[2024-04-29T00:30:46.993+0000] {processor.py:178} INFO - Processing /home/airflow/.local/lib/python3.7/site-packages/airflow/example_dags/example_branch_day_of_week_operator.py took 0.137 seconds
[2024-04-29T00:31:17.456+0000] {processor.py:156} INFO - Started process (PID=1292) to work on /home/airflow/.local/lib/python3.7/site-packages/airflow/example_dags/example_branch_day_of_week_operator.py
[2024-04-29T00:31:17.457+0000] {processor.py:758} INFO - Processing file /home/airflow/.local/lib/python3.7/site-packages/airflow/example_dags/example_branch_day_of_week_operator.py for tasks to queue
[2024-04-29T00:31:17.461+0000] {logging_mixin.py:117} INFO - [2024-04-29T00:31:17.461+0000] {dagbag.py:525} INFO - Filling up the DagBag from /home/airflow/.local/lib/python3.7/site-packages/airflow/example_dags/example_branch_day_of_week_operator.py
[2024-04-29T00:31:17.508+0000] {processor.py:768} INFO - DAG(s) dict_keys(['example_weekday_branch_operator']) retrieved from /home/airflow/.local/lib/python3.7/site-packages/airflow/example_dags/example_branch_day_of_week_operator.py
[2024-04-29T00:31:17.601+0000] {logging_mixin.py:117} INFO - [2024-04-29T00:31:17.601+0000] {dag.py:2573} INFO - Sync 1 DAGs
[2024-04-29T00:31:17.671+0000] {logging_mixin.py:117} INFO - [2024-04-29T00:31:17.671+0000] {dag.py:3328} INFO - Setting next_dagrun for example_weekday_branch_operator to 2024-04-28T00:00:00+00:00, run_after=2024-04-29T00:00:00+00:00
[2024-04-29T00:31:17.944+0000] {processor.py:178} INFO - Processing /home/airflow/.local/lib/python3.7/site-packages/airflow/example_dags/example_branch_day_of_week_operator.py took 0.491 seconds
[2024-04-29T00:31:48.104+0000] {processor.py:156} INFO - Started process (PID=1507) to work on /home/airflow/.local/lib/python3.7/site-packages/airflow/example_dags/example_branch_day_of_week_operator.py
[2024-04-29T00:31:48.105+0000] {processor.py:758} INFO - Processing file /home/airflow/.local/lib/python3.7/site-packages/airflow/example_dags/example_branch_day_of_week_operator.py for tasks to queue
[2024-04-29T00:31:48.106+0000] {logging_mixin.py:117} INFO - [2024-04-29T00:31:48.105+0000] {dagbag.py:525} INFO - Filling up the DagBag from /home/airflow/.local/lib/python3.7/site-packages/airflow/example_dags/example_branch_day_of_week_operator.py
[2024-04-29T00:31:48.125+0000] {processor.py:768} INFO - DAG(s) dict_keys(['example_weekday_branch_operator']) retrieved from /home/airflow/.local/lib/python3.7/site-packages/airflow/example_dags/example_branch_day_of_week_operator.py
[2024-04-29T00:31:48.173+0000] {logging_mixin.py:117} INFO - [2024-04-29T00:31:48.173+0000] {dag.py:2573} INFO - Sync 1 DAGs
[2024-04-29T00:31:48.358+0000] {logging_mixin.py:117} INFO - [2024-04-29T00:31:48.358+0000] {dag.py:3328} INFO - Setting next_dagrun for example_weekday_branch_operator to 2024-04-28T00:00:00+00:00, run_after=2024-04-29T00:00:00+00:00
[2024-04-29T00:31:48.390+0000] {processor.py:178} INFO - Processing /home/airflow/.local/lib/python3.7/site-packages/airflow/example_dags/example_branch_day_of_week_operator.py took 0.289 seconds
[2024-04-29T00:32:18.927+0000] {processor.py:156} INFO - Started process (PID=1723) to work on /home/airflow/.local/lib/python3.7/site-packages/airflow/example_dags/example_branch_day_of_week_operator.py
[2024-04-29T00:32:18.928+0000] {processor.py:758} INFO - Processing file /home/airflow/.local/lib/python3.7/site-packages/airflow/example_dags/example_branch_day_of_week_operator.py for tasks to queue
[2024-04-29T00:32:18.928+0000] {logging_mixin.py:117} INFO - [2024-04-29T00:32:18.928+0000] {dagbag.py:525} INFO - Filling up the DagBag from /home/airflow/.local/lib/python3.7/site-packages/airflow/example_dags/example_branch_day_of_week_operator.py
[2024-04-29T00:32:18.947+0000] {processor.py:768} INFO - DAG(s) dict_keys(['example_weekday_branch_operator']) retrieved from /home/airflow/.local/lib/python3.7/site-packages/airflow/example_dags/example_branch_day_of_week_operator.py
[2024-04-29T00:32:19.088+0000] {logging_mixin.py:117} INFO - [2024-04-29T00:32:19.088+0000] {dag.py:2573} INFO - Sync 1 DAGs
[2024-04-29T00:32:19.120+0000] {logging_mixin.py:117} INFO - [2024-04-29T00:32:19.120+0000] {dag.py:3328} INFO - Setting next_dagrun for example_weekday_branch_operator to 2024-04-28T00:00:00+00:00, run_after=2024-04-29T00:00:00+00:00
[2024-04-29T00:32:19.145+0000] {processor.py:178} INFO - Processing /home/airflow/.local/lib/python3.7/site-packages/airflow/example_dags/example_branch_day_of_week_operator.py took 0.222 seconds
[2024-04-29T00:32:49.826+0000] {processor.py:156} INFO - Started process (PID=1947) to work on /home/airflow/.local/lib/python3.7/site-packages/airflow/example_dags/example_branch_day_of_week_operator.py
[2024-04-29T00:32:49.827+0000] {processor.py:758} INFO - Processing file /home/airflow/.local/lib/python3.7/site-packages/airflow/example_dags/example_branch_day_of_week_operator.py for tasks to queue
[2024-04-29T00:32:49.827+0000] {logging_mixin.py:117} INFO - [2024-04-29T00:32:49.827+0000] {dagbag.py:525} INFO - Filling up the DagBag from /home/airflow/.local/lib/python3.7/site-packages/airflow/example_dags/example_branch_day_of_week_operator.py
[2024-04-29T00:32:49.841+0000] {processor.py:768} INFO - DAG(s) dict_keys(['example_weekday_branch_operator']) retrieved from /home/airflow/.local/lib/python3.7/site-packages/airflow/example_dags/example_branch_day_of_week_operator.py
[2024-04-29T00:32:50.016+0000] {logging_mixin.py:117} INFO - [2024-04-29T00:32:50.015+0000] {dag.py:2573} INFO - Sync 1 DAGs
[2024-04-29T00:32:50.048+0000] {logging_mixin.py:117} INFO - [2024-04-29T00:32:50.048+0000] {dag.py:3328} INFO - Setting next_dagrun for example_weekday_branch_operator to 2024-04-28T00:00:00+00:00, run_after=2024-04-29T00:00:00+00:00
[2024-04-29T00:32:50.073+0000] {processor.py:178} INFO - Processing /home/airflow/.local/lib/python3.7/site-packages/airflow/example_dags/example_branch_day_of_week_operator.py took 0.250 seconds
[2024-04-29T00:33:20.222+0000] {processor.py:156} INFO - Started process (PID=2168) to work on /home/airflow/.local/lib/python3.7/site-packages/airflow/example_dags/example_branch_day_of_week_operator.py
[2024-04-29T00:33:20.222+0000] {processor.py:758} INFO - Processing file /home/airflow/.local/lib/python3.7/site-packages/airflow/example_dags/example_branch_day_of_week_operator.py for tasks to queue
[2024-04-29T00:33:20.223+0000] {logging_mixin.py:117} INFO - [2024-04-29T00:33:20.223+0000] {dagbag.py:525} INFO - Filling up the DagBag from /home/airflow/.local/lib/python3.7/site-packages/airflow/example_dags/example_branch_day_of_week_operator.py
[2024-04-29T00:33:20.382+0000] {processor.py:768} INFO - DAG(s) dict_keys(['example_weekday_branch_operator']) retrieved from /home/airflow/.local/lib/python3.7/site-packages/airflow/example_dags/example_branch_day_of_week_operator.py
[2024-04-29T00:33:20.413+0000] {logging_mixin.py:117} INFO - [2024-04-29T00:33:20.413+0000] {dag.py:2573} INFO - Sync 1 DAGs
[2024-04-29T00:33:20.435+0000] {logging_mixin.py:117} INFO - [2024-04-29T00:33:20.435+0000] {dag.py:3328} INFO - Setting next_dagrun for example_weekday_branch_operator to 2024-04-28T00:00:00+00:00, run_after=2024-04-29T00:00:00+00:00
[2024-04-29T00:33:20.454+0000] {processor.py:178} INFO - Processing /home/airflow/.local/lib/python3.7/site-packages/airflow/example_dags/example_branch_day_of_week_operator.py took 0.237 seconds
[2024-04-29T00:33:50.658+0000] {processor.py:156} INFO - Started process (PID=2383) to work on /home/airflow/.local/lib/python3.7/site-packages/airflow/example_dags/example_branch_day_of_week_operator.py
[2024-04-29T00:33:50.659+0000] {processor.py:758} INFO - Processing file /home/airflow/.local/lib/python3.7/site-packages/airflow/example_dags/example_branch_day_of_week_operator.py for tasks to queue
[2024-04-29T00:33:50.659+0000] {logging_mixin.py:117} INFO - [2024-04-29T00:33:50.659+0000] {dagbag.py:525} INFO - Filling up the DagBag from /home/airflow/.local/lib/python3.7/site-packages/airflow/example_dags/example_branch_day_of_week_operator.py
[2024-04-29T00:33:50.680+0000] {processor.py:768} INFO - DAG(s) dict_keys(['example_weekday_branch_operator']) retrieved from /home/airflow/.local/lib/python3.7/site-packages/airflow/example_dags/example_branch_day_of_week_operator.py
[2024-04-29T00:33:50.715+0000] {logging_mixin.py:117} INFO - [2024-04-29T00:33:50.715+0000] {dag.py:2573} INFO - Sync 1 DAGs
[2024-04-29T00:33:50.875+0000] {logging_mixin.py:117} INFO - [2024-04-29T00:33:50.875+0000] {dag.py:3328} INFO - Setting next_dagrun for example_weekday_branch_operator to 2024-04-28T00:00:00+00:00, run_after=2024-04-29T00:00:00+00:00
[2024-04-29T00:33:50.900+0000] {processor.py:178} INFO - Processing /home/airflow/.local/lib/python3.7/site-packages/airflow/example_dags/example_branch_day_of_week_operator.py took 0.246 seconds
[2024-04-29T00:34:21.045+0000] {processor.py:156} INFO - Started process (PID=2605) to work on /home/airflow/.local/lib/python3.7/site-packages/airflow/example_dags/example_branch_day_of_week_operator.py
[2024-04-29T00:34:21.045+0000] {processor.py:758} INFO - Processing file /home/airflow/.local/lib/python3.7/site-packages/airflow/example_dags/example_branch_day_of_week_operator.py for tasks to queue
[2024-04-29T00:34:21.046+0000] {logging_mixin.py:117} INFO - [2024-04-29T00:34:21.046+0000] {dagbag.py:525} INFO - Filling up the DagBag from /home/airflow/.local/lib/python3.7/site-packages/airflow/example_dags/example_branch_day_of_week_operator.py
[2024-04-29T00:34:21.064+0000] {processor.py:768} INFO - DAG(s) dict_keys(['example_weekday_branch_operator']) retrieved from /home/airflow/.local/lib/python3.7/site-packages/airflow/example_dags/example_branch_day_of_week_operator.py
[2024-04-29T00:34:21.241+0000] {logging_mixin.py:117} INFO - [2024-04-29T00:34:21.241+0000] {dag.py:2573} INFO - Sync 1 DAGs
[2024-04-29T00:34:21.272+0000] {logging_mixin.py:117} INFO - [2024-04-29T00:34:21.271+0000] {dag.py:3328} INFO - Setting next_dagrun for example_weekday_branch_operator to 2024-04-28T00:00:00+00:00, run_after=2024-04-29T00:00:00+00:00
[2024-04-29T00:34:21.291+0000] {processor.py:178} INFO - Processing /home/airflow/.local/lib/python3.7/site-packages/airflow/example_dags/example_branch_day_of_week_operator.py took 0.250 seconds
[2024-04-29T00:34:51.885+0000] {processor.py:156} INFO - Started process (PID=2824) to work on /home/airflow/.local/lib/python3.7/site-packages/airflow/example_dags/example_branch_day_of_week_operator.py
[2024-04-29T00:34:51.886+0000] {processor.py:758} INFO - Processing file /home/airflow/.local/lib/python3.7/site-packages/airflow/example_dags/example_branch_day_of_week_operator.py for tasks to queue
[2024-04-29T00:34:51.886+0000] {logging_mixin.py:117} INFO - [2024-04-29T00:34:51.886+0000] {dagbag.py:525} INFO - Filling up the DagBag from /home/airflow/.local/lib/python3.7/site-packages/airflow/example_dags/example_branch_day_of_week_operator.py
[2024-04-29T00:34:51.922+0000] {processor.py:768} INFO - DAG(s) dict_keys(['example_weekday_branch_operator']) retrieved from /home/airflow/.local/lib/python3.7/site-packages/airflow/example_dags/example_branch_day_of_week_operator.py
[2024-04-29T00:34:52.196+0000] {logging_mixin.py:117} INFO - [2024-04-29T00:34:52.196+0000] {dag.py:2573} INFO - Sync 1 DAGs
[2024-04-29T00:34:52.238+0000] {logging_mixin.py:117} INFO - [2024-04-29T00:34:52.238+0000] {dag.py:3328} INFO - Setting next_dagrun for example_weekday_branch_operator to 2024-04-28T00:00:00+00:00, run_after=2024-04-29T00:00:00+00:00
[2024-04-29T00:34:52.268+0000] {processor.py:178} INFO - Processing /home/airflow/.local/lib/python3.7/site-packages/airflow/example_dags/example_branch_day_of_week_operator.py took 0.387 seconds
[2024-04-29T00:35:22.599+0000] {processor.py:156} INFO - Started process (PID=3040) to work on /home/airflow/.local/lib/python3.7/site-packages/airflow/example_dags/example_branch_day_of_week_operator.py
[2024-04-29T00:35:22.600+0000] {processor.py:758} INFO - Processing file /home/airflow/.local/lib/python3.7/site-packages/airflow/example_dags/example_branch_day_of_week_operator.py for tasks to queue
[2024-04-29T00:35:22.601+0000] {logging_mixin.py:117} INFO - [2024-04-29T00:35:22.600+0000] {dagbag.py:525} INFO - Filling up the DagBag from /home/airflow/.local/lib/python3.7/site-packages/airflow/example_dags/example_branch_day_of_week_operator.py
[2024-04-29T00:35:22.729+0000] {processor.py:768} INFO - DAG(s) dict_keys(['example_weekday_branch_operator']) retrieved from /home/airflow/.local/lib/python3.7/site-packages/airflow/example_dags/example_branch_day_of_week_operator.py
[2024-04-29T00:35:22.757+0000] {logging_mixin.py:117} INFO - [2024-04-29T00:35:22.757+0000] {dag.py:2573} INFO - Sync 1 DAGs
[2024-04-29T00:35:22.779+0000] {logging_mixin.py:117} INFO - [2024-04-29T00:35:22.779+0000] {dag.py:3328} INFO - Setting next_dagrun for example_weekday_branch_operator to 2024-04-28T00:00:00+00:00, run_after=2024-04-29T00:00:00+00:00
[2024-04-29T00:35:22.799+0000] {processor.py:178} INFO - Processing /home/airflow/.local/lib/python3.7/site-packages/airflow/example_dags/example_branch_day_of_week_operator.py took 0.203 seconds
[2024-04-29T00:35:53.372+0000] {processor.py:156} INFO - Started process (PID=3267) to work on /home/airflow/.local/lib/python3.7/site-packages/airflow/example_dags/example_branch_day_of_week_operator.py
[2024-04-29T00:35:53.373+0000] {processor.py:758} INFO - Processing file /home/airflow/.local/lib/python3.7/site-packages/airflow/example_dags/example_branch_day_of_week_operator.py for tasks to queue
[2024-04-29T00:35:53.373+0000] {logging_mixin.py:117} INFO - [2024-04-29T00:35:53.373+0000] {dagbag.py:525} INFO - Filling up the DagBag from /home/airflow/.local/lib/python3.7/site-packages/airflow/example_dags/example_branch_day_of_week_operator.py
[2024-04-29T00:35:53.387+0000] {processor.py:768} INFO - DAG(s) dict_keys(['example_weekday_branch_operator']) retrieved from /home/airflow/.local/lib/python3.7/site-packages/airflow/example_dags/example_branch_day_of_week_operator.py
[2024-04-29T00:35:53.422+0000] {logging_mixin.py:117} INFO - [2024-04-29T00:35:53.421+0000] {dag.py:2573} INFO - Sync 1 DAGs
[2024-04-29T00:35:53.551+0000] {logging_mixin.py:117} INFO - [2024-04-29T00:35:53.551+0000] {dag.py:3328} INFO - Setting next_dagrun for example_weekday_branch_operator to 2024-04-28T00:00:00+00:00, run_after=2024-04-29T00:00:00+00:00
[2024-04-29T00:35:53.571+0000] {processor.py:178} INFO - Processing /home/airflow/.local/lib/python3.7/site-packages/airflow/example_dags/example_branch_day_of_week_operator.py took 0.203 seconds
[2024-04-29T00:36:24.152+0000] {processor.py:156} INFO - Started process (PID=3489) to work on /home/airflow/.local/lib/python3.7/site-packages/airflow/example_dags/example_branch_day_of_week_operator.py
[2024-04-29T00:36:24.152+0000] {processor.py:758} INFO - Processing file /home/airflow/.local/lib/python3.7/site-packages/airflow/example_dags/example_branch_day_of_week_operator.py for tasks to queue
[2024-04-29T00:36:24.153+0000] {logging_mixin.py:117} INFO - [2024-04-29T00:36:24.153+0000] {dagbag.py:525} INFO - Filling up the DagBag from /home/airflow/.local/lib/python3.7/site-packages/airflow/example_dags/example_branch_day_of_week_operator.py
[2024-04-29T00:36:24.172+0000] {processor.py:768} INFO - DAG(s) dict_keys(['example_weekday_branch_operator']) retrieved from /home/airflow/.local/lib/python3.7/site-packages/airflow/example_dags/example_branch_day_of_week_operator.py
[2024-04-29T00:36:24.360+0000] {logging_mixin.py:117} INFO - [2024-04-29T00:36:24.360+0000] {dag.py:2573} INFO - Sync 1 DAGs
[2024-04-29T00:36:24.394+0000] {logging_mixin.py:117} INFO - [2024-04-29T00:36:24.393+0000] {dag.py:3328} INFO - Setting next_dagrun for example_weekday_branch_operator to 2024-04-28T00:00:00+00:00, run_after=2024-04-29T00:00:00+00:00
[2024-04-29T00:36:24.419+0000] {processor.py:178} INFO - Processing /home/airflow/.local/lib/python3.7/site-packages/airflow/example_dags/example_branch_day_of_week_operator.py took 0.271 seconds
[2024-04-29T00:36:54.475+0000] {processor.py:156} INFO - Started process (PID=3702) to work on /home/airflow/.local/lib/python3.7/site-packages/airflow/example_dags/example_branch_day_of_week_operator.py
[2024-04-29T00:36:54.475+0000] {processor.py:758} INFO - Processing file /home/airflow/.local/lib/python3.7/site-packages/airflow/example_dags/example_branch_day_of_week_operator.py for tasks to queue
[2024-04-29T00:36:54.476+0000] {logging_mixin.py:117} INFO - [2024-04-29T00:36:54.476+0000] {dagbag.py:525} INFO - Filling up the DagBag from /home/airflow/.local/lib/python3.7/site-packages/airflow/example_dags/example_branch_day_of_week_operator.py
[2024-04-29T00:36:54.489+0000] {processor.py:768} INFO - DAG(s) dict_keys(['example_weekday_branch_operator']) retrieved from /home/airflow/.local/lib/python3.7/site-packages/airflow/example_dags/example_branch_day_of_week_operator.py
[2024-04-29T00:36:54.628+0000] {logging_mixin.py:117} INFO - [2024-04-29T00:36:54.627+0000] {dag.py:2573} INFO - Sync 1 DAGs
[2024-04-29T00:36:54.648+0000] {logging_mixin.py:117} INFO - [2024-04-29T00:36:54.648+0000] {dag.py:3328} INFO - Setting next_dagrun for example_weekday_branch_operator to 2024-04-28T00:00:00+00:00, run_after=2024-04-29T00:00:00+00:00
[2024-04-29T00:36:54.669+0000] {processor.py:178} INFO - Processing /home/airflow/.local/lib/python3.7/site-packages/airflow/example_dags/example_branch_day_of_week_operator.py took 0.198 seconds
[2024-04-29T00:37:24.842+0000] {processor.py:156} INFO - Started process (PID=3923) to work on /home/airflow/.local/lib/python3.7/site-packages/airflow/example_dags/example_branch_day_of_week_operator.py
[2024-04-29T00:37:24.843+0000] {processor.py:758} INFO - Processing file /home/airflow/.local/lib/python3.7/site-packages/airflow/example_dags/example_branch_day_of_week_operator.py for tasks to queue
[2024-04-29T00:37:24.844+0000] {logging_mixin.py:117} INFO - [2024-04-29T00:37:24.844+0000] {dagbag.py:525} INFO - Filling up the DagBag from /home/airflow/.local/lib/python3.7/site-packages/airflow/example_dags/example_branch_day_of_week_operator.py
[2024-04-29T00:37:25.004+0000] {processor.py:768} INFO - DAG(s) dict_keys(['example_weekday_branch_operator']) retrieved from /home/airflow/.local/lib/python3.7/site-packages/airflow/example_dags/example_branch_day_of_week_operator.py
[2024-04-29T00:37:25.045+0000] {logging_mixin.py:117} INFO - [2024-04-29T00:37:25.044+0000] {dag.py:2573} INFO - Sync 1 DAGs
[2024-04-29T00:37:25.080+0000] {logging_mixin.py:117} INFO - [2024-04-29T00:37:25.080+0000] {dag.py:3328} INFO - Setting next_dagrun for example_weekday_branch_operator to 2024-04-28T00:00:00+00:00, run_after=2024-04-29T00:00:00+00:00
[2024-04-29T00:37:25.108+0000] {processor.py:178} INFO - Processing /home/airflow/.local/lib/python3.7/site-packages/airflow/example_dags/example_branch_day_of_week_operator.py took 0.269 seconds
[2024-04-29T00:37:55.462+0000] {processor.py:156} INFO - Started process (PID=4146) to work on /home/airflow/.local/lib/python3.7/site-packages/airflow/example_dags/example_branch_day_of_week_operator.py
[2024-04-29T00:37:55.462+0000] {processor.py:758} INFO - Processing file /home/airflow/.local/lib/python3.7/site-packages/airflow/example_dags/example_branch_day_of_week_operator.py for tasks to queue
[2024-04-29T00:37:55.463+0000] {logging_mixin.py:117} INFO - [2024-04-29T00:37:55.463+0000] {dagbag.py:525} INFO - Filling up the DagBag from /home/airflow/.local/lib/python3.7/site-packages/airflow/example_dags/example_branch_day_of_week_operator.py
[2024-04-29T00:37:55.498+0000] {processor.py:768} INFO - DAG(s) dict_keys(['example_weekday_branch_operator']) retrieved from /home/airflow/.local/lib/python3.7/site-packages/airflow/example_dags/example_branch_day_of_week_operator.py
[2024-04-29T00:37:55.572+0000] {logging_mixin.py:117} INFO - [2024-04-29T00:37:55.572+0000] {dag.py:2573} INFO - Sync 1 DAGs
[2024-04-29T00:37:55.611+0000] {logging_mixin.py:117} INFO - [2024-04-29T00:37:55.611+0000] {dag.py:3328} INFO - Setting next_dagrun for example_weekday_branch_operator to 2024-04-28T00:00:00+00:00, run_after=2024-04-29T00:00:00+00:00
[2024-04-29T00:37:55.636+0000] {processor.py:178} INFO - Processing /home/airflow/.local/lib/python3.7/site-packages/airflow/example_dags/example_branch_day_of_week_operator.py took 0.177 seconds
[2024-04-29T00:38:26.181+0000] {processor.py:156} INFO - Started process (PID=4359) to work on /home/airflow/.local/lib/python3.7/site-packages/airflow/example_dags/example_branch_day_of_week_operator.py
[2024-04-29T00:38:26.182+0000] {processor.py:758} INFO - Processing file /home/airflow/.local/lib/python3.7/site-packages/airflow/example_dags/example_branch_day_of_week_operator.py for tasks to queue
[2024-04-29T00:38:26.182+0000] {logging_mixin.py:117} INFO - [2024-04-29T00:38:26.182+0000] {dagbag.py:525} INFO - Filling up the DagBag from /home/airflow/.local/lib/python3.7/site-packages/airflow/example_dags/example_branch_day_of_week_operator.py
[2024-04-29T00:38:26.202+0000] {processor.py:768} INFO - DAG(s) dict_keys(['example_weekday_branch_operator']) retrieved from /home/airflow/.local/lib/python3.7/site-packages/airflow/example_dags/example_branch_day_of_week_operator.py
[2024-04-29T00:38:26.244+0000] {logging_mixin.py:117} INFO - [2024-04-29T00:38:26.244+0000] {dag.py:2573} INFO - Sync 1 DAGs
[2024-04-29T00:38:26.265+0000] {logging_mixin.py:117} INFO - [2024-04-29T00:38:26.265+0000] {dag.py:3328} INFO - Setting next_dagrun for example_weekday_branch_operator to 2024-04-28T00:00:00+00:00, run_after=2024-04-29T00:00:00+00:00
[2024-04-29T00:38:26.288+0000] {processor.py:178} INFO - Processing /home/airflow/.local/lib/python3.7/site-packages/airflow/example_dags/example_branch_day_of_week_operator.py took 0.110 seconds
[2024-04-29T00:38:56.986+0000] {processor.py:156} INFO - Started process (PID=4582) to work on /home/airflow/.local/lib/python3.7/site-packages/airflow/example_dags/example_branch_day_of_week_operator.py
[2024-04-29T00:38:56.987+0000] {processor.py:758} INFO - Processing file /home/airflow/.local/lib/python3.7/site-packages/airflow/example_dags/example_branch_day_of_week_operator.py for tasks to queue
[2024-04-29T00:38:56.987+0000] {logging_mixin.py:117} INFO - [2024-04-29T00:38:56.987+0000] {dagbag.py:525} INFO - Filling up the DagBag from /home/airflow/.local/lib/python3.7/site-packages/airflow/example_dags/example_branch_day_of_week_operator.py
[2024-04-29T00:38:57.008+0000] {processor.py:768} INFO - DAG(s) dict_keys(['example_weekday_branch_operator']) retrieved from /home/airflow/.local/lib/python3.7/site-packages/airflow/example_dags/example_branch_day_of_week_operator.py
[2024-04-29T00:38:57.052+0000] {logging_mixin.py:117} INFO - [2024-04-29T00:38:57.052+0000] {dag.py:2573} INFO - Sync 1 DAGs
[2024-04-29T00:38:57.075+0000] {logging_mixin.py:117} INFO - [2024-04-29T00:38:57.075+0000] {dag.py:3328} INFO - Setting next_dagrun for example_weekday_branch_operator to 2024-04-28T00:00:00+00:00, run_after=2024-04-29T00:00:00+00:00
[2024-04-29T00:38:57.096+0000] {processor.py:178} INFO - Processing /home/airflow/.local/lib/python3.7/site-packages/airflow/example_dags/example_branch_day_of_week_operator.py took 0.116 seconds
[2024-04-29T00:39:27.480+0000] {processor.py:156} INFO - Started process (PID=4804) to work on /home/airflow/.local/lib/python3.7/site-packages/airflow/example_dags/example_branch_day_of_week_operator.py
[2024-04-29T00:39:27.480+0000] {processor.py:758} INFO - Processing file /home/airflow/.local/lib/python3.7/site-packages/airflow/example_dags/example_branch_day_of_week_operator.py for tasks to queue
[2024-04-29T00:39:27.481+0000] {logging_mixin.py:117} INFO - [2024-04-29T00:39:27.481+0000] {dagbag.py:525} INFO - Filling up the DagBag from /home/airflow/.local/lib/python3.7/site-packages/airflow/example_dags/example_branch_day_of_week_operator.py
[2024-04-29T00:39:27.502+0000] {processor.py:768} INFO - DAG(s) dict_keys(['example_weekday_branch_operator']) retrieved from /home/airflow/.local/lib/python3.7/site-packages/airflow/example_dags/example_branch_day_of_week_operator.py
[2024-04-29T00:39:27.542+0000] {logging_mixin.py:117} INFO - [2024-04-29T00:39:27.542+0000] {dag.py:2573} INFO - Sync 1 DAGs
[2024-04-29T00:39:27.566+0000] {logging_mixin.py:117} INFO - [2024-04-29T00:39:27.566+0000] {dag.py:3328} INFO - Setting next_dagrun for example_weekday_branch_operator to 2024-04-28T00:00:00+00:00, run_after=2024-04-29T00:00:00+00:00
[2024-04-29T00:39:27.586+0000] {processor.py:178} INFO - Processing /home/airflow/.local/lib/python3.7/site-packages/airflow/example_dags/example_branch_day_of_week_operator.py took 0.109 seconds
[2024-04-29T00:39:58.254+0000] {processor.py:156} INFO - Started process (PID=5017) to work on /home/airflow/.local/lib/python3.7/site-packages/airflow/example_dags/example_branch_day_of_week_operator.py
[2024-04-29T00:39:58.254+0000] {processor.py:758} INFO - Processing file /home/airflow/.local/lib/python3.7/site-packages/airflow/example_dags/example_branch_day_of_week_operator.py for tasks to queue
[2024-04-29T00:39:58.255+0000] {logging_mixin.py:117} INFO - [2024-04-29T00:39:58.255+0000] {dagbag.py:525} INFO - Filling up the DagBag from /home/airflow/.local/lib/python3.7/site-packages/airflow/example_dags/example_branch_day_of_week_operator.py
[2024-04-29T00:39:58.275+0000] {processor.py:768} INFO - DAG(s) dict_keys(['example_weekday_branch_operator']) retrieved from /home/airflow/.local/lib/python3.7/site-packages/airflow/example_dags/example_branch_day_of_week_operator.py
[2024-04-29T00:39:58.322+0000] {logging_mixin.py:117} INFO - [2024-04-29T00:39:58.322+0000] {dag.py:2573} INFO - Sync 1 DAGs
[2024-04-29T00:39:58.360+0000] {logging_mixin.py:117} INFO - [2024-04-29T00:39:58.360+0000] {dag.py:3328} INFO - Setting next_dagrun for example_weekday_branch_operator to 2024-04-28T00:00:00+00:00, run_after=2024-04-29T00:00:00+00:00
[2024-04-29T00:39:58.399+0000] {processor.py:178} INFO - Processing /home/airflow/.local/lib/python3.7/site-packages/airflow/example_dags/example_branch_day_of_week_operator.py took 0.148 seconds
[2024-04-29T00:40:28.532+0000] {processor.py:156} INFO - Started process (PID=5239) to work on /home/airflow/.local/lib/python3.7/site-packages/airflow/example_dags/example_branch_day_of_week_operator.py
[2024-04-29T00:40:28.532+0000] {processor.py:758} INFO - Processing file /home/airflow/.local/lib/python3.7/site-packages/airflow/example_dags/example_branch_day_of_week_operator.py for tasks to queue
[2024-04-29T00:40:28.533+0000] {logging_mixin.py:117} INFO - [2024-04-29T00:40:28.533+0000] {dagbag.py:525} INFO - Filling up the DagBag from /home/airflow/.local/lib/python3.7/site-packages/airflow/example_dags/example_branch_day_of_week_operator.py
[2024-04-29T00:40:28.553+0000] {processor.py:768} INFO - DAG(s) dict_keys(['example_weekday_branch_operator']) retrieved from /home/airflow/.local/lib/python3.7/site-packages/airflow/example_dags/example_branch_day_of_week_operator.py
[2024-04-29T00:40:28.599+0000] {logging_mixin.py:117} INFO - [2024-04-29T00:40:28.599+0000] {dag.py:2573} INFO - Sync 1 DAGs
[2024-04-29T00:40:28.631+0000] {logging_mixin.py:117} INFO - [2024-04-29T00:40:28.631+0000] {dag.py:3328} INFO - Setting next_dagrun for example_weekday_branch_operator to 2024-04-28T00:00:00+00:00, run_after=2024-04-29T00:00:00+00:00
[2024-04-29T00:40:28.655+0000] {processor.py:178} INFO - Processing /home/airflow/.local/lib/python3.7/site-packages/airflow/example_dags/example_branch_day_of_week_operator.py took 0.126 seconds
[2024-04-29T00:40:58.972+0000] {processor.py:156} INFO - Started process (PID=5463) to work on /home/airflow/.local/lib/python3.7/site-packages/airflow/example_dags/example_branch_day_of_week_operator.py
[2024-04-29T00:40:58.973+0000] {processor.py:758} INFO - Processing file /home/airflow/.local/lib/python3.7/site-packages/airflow/example_dags/example_branch_day_of_week_operator.py for tasks to queue
[2024-04-29T00:40:58.974+0000] {logging_mixin.py:117} INFO - [2024-04-29T00:40:58.974+0000] {dagbag.py:525} INFO - Filling up the DagBag from /home/airflow/.local/lib/python3.7/site-packages/airflow/example_dags/example_branch_day_of_week_operator.py
[2024-04-29T00:40:59.007+0000] {processor.py:768} INFO - DAG(s) dict_keys(['example_weekday_branch_operator']) retrieved from /home/airflow/.local/lib/python3.7/site-packages/airflow/example_dags/example_branch_day_of_week_operator.py
[2024-04-29T00:40:59.089+0000] {logging_mixin.py:117} INFO - [2024-04-29T00:40:59.089+0000] {dag.py:2573} INFO - Sync 1 DAGs
[2024-04-29T00:40:59.124+0000] {logging_mixin.py:117} INFO - [2024-04-29T00:40:59.123+0000] {dag.py:3328} INFO - Setting next_dagrun for example_weekday_branch_operator to 2024-04-28T00:00:00+00:00, run_after=2024-04-29T00:00:00+00:00
[2024-04-29T00:40:59.152+0000] {processor.py:178} INFO - Processing /home/airflow/.local/lib/python3.7/site-packages/airflow/example_dags/example_branch_day_of_week_operator.py took 0.183 seconds
[2024-04-29T00:41:29.995+0000] {processor.py:156} INFO - Started process (PID=5679) to work on /home/airflow/.local/lib/python3.7/site-packages/airflow/example_dags/example_branch_day_of_week_operator.py
[2024-04-29T00:41:29.995+0000] {processor.py:758} INFO - Processing file /home/airflow/.local/lib/python3.7/site-packages/airflow/example_dags/example_branch_day_of_week_operator.py for tasks to queue
[2024-04-29T00:41:29.996+0000] {logging_mixin.py:117} INFO - [2024-04-29T00:41:29.996+0000] {dagbag.py:525} INFO - Filling up the DagBag from /home/airflow/.local/lib/python3.7/site-packages/airflow/example_dags/example_branch_day_of_week_operator.py
[2024-04-29T00:41:30.011+0000] {processor.py:768} INFO - DAG(s) dict_keys(['example_weekday_branch_operator']) retrieved from /home/airflow/.local/lib/python3.7/site-packages/airflow/example_dags/example_branch_day_of_week_operator.py
[2024-04-29T00:41:30.058+0000] {logging_mixin.py:117} INFO - [2024-04-29T00:41:30.058+0000] {dag.py:2573} INFO - Sync 1 DAGs
[2024-04-29T00:41:30.106+0000] {logging_mixin.py:117} INFO - [2024-04-29T00:41:30.106+0000] {dag.py:3328} INFO - Setting next_dagrun for example_weekday_branch_operator to 2024-04-28T00:00:00+00:00, run_after=2024-04-29T00:00:00+00:00
[2024-04-29T00:41:30.160+0000] {processor.py:178} INFO - Processing /home/airflow/.local/lib/python3.7/site-packages/airflow/example_dags/example_branch_day_of_week_operator.py took 0.167 seconds
[2024-04-29T00:42:00.623+0000] {processor.py:156} INFO - Started process (PID=5900) to work on /home/airflow/.local/lib/python3.7/site-packages/airflow/example_dags/example_branch_day_of_week_operator.py
[2024-04-29T00:42:00.624+0000] {processor.py:758} INFO - Processing file /home/airflow/.local/lib/python3.7/site-packages/airflow/example_dags/example_branch_day_of_week_operator.py for tasks to queue
[2024-04-29T00:42:00.625+0000] {logging_mixin.py:117} INFO - [2024-04-29T00:42:00.625+0000] {dagbag.py:525} INFO - Filling up the DagBag from /home/airflow/.local/lib/python3.7/site-packages/airflow/example_dags/example_branch_day_of_week_operator.py
[2024-04-29T00:42:00.645+0000] {processor.py:768} INFO - DAG(s) dict_keys(['example_weekday_branch_operator']) retrieved from /home/airflow/.local/lib/python3.7/site-packages/airflow/example_dags/example_branch_day_of_week_operator.py
[2024-04-29T00:42:00.692+0000] {logging_mixin.py:117} INFO - [2024-04-29T00:42:00.691+0000] {dag.py:2573} INFO - Sync 1 DAGs
[2024-04-29T00:42:00.740+0000] {logging_mixin.py:117} INFO - [2024-04-29T00:42:00.740+0000] {dag.py:3328} INFO - Setting next_dagrun for example_weekday_branch_operator to 2024-04-28T00:00:00+00:00, run_after=2024-04-29T00:00:00+00:00
[2024-04-29T00:42:00.767+0000] {processor.py:178} INFO - Processing /home/airflow/.local/lib/python3.7/site-packages/airflow/example_dags/example_branch_day_of_week_operator.py took 0.147 seconds
[2024-04-29T00:42:31.171+0000] {processor.py:156} INFO - Started process (PID=6124) to work on /home/airflow/.local/lib/python3.7/site-packages/airflow/example_dags/example_branch_day_of_week_operator.py
[2024-04-29T00:42:31.173+0000] {processor.py:758} INFO - Processing file /home/airflow/.local/lib/python3.7/site-packages/airflow/example_dags/example_branch_day_of_week_operator.py for tasks to queue
[2024-04-29T00:42:31.174+0000] {logging_mixin.py:117} INFO - [2024-04-29T00:42:31.174+0000] {dagbag.py:525} INFO - Filling up the DagBag from /home/airflow/.local/lib/python3.7/site-packages/airflow/example_dags/example_branch_day_of_week_operator.py
[2024-04-29T00:42:31.196+0000] {processor.py:768} INFO - DAG(s) dict_keys(['example_weekday_branch_operator']) retrieved from /home/airflow/.local/lib/python3.7/site-packages/airflow/example_dags/example_branch_day_of_week_operator.py
[2024-04-29T00:42:31.263+0000] {logging_mixin.py:117} INFO - [2024-04-29T00:42:31.263+0000] {dag.py:2573} INFO - Sync 1 DAGs
[2024-04-29T00:42:31.328+0000] {logging_mixin.py:117} INFO - [2024-04-29T00:42:31.328+0000] {dag.py:3328} INFO - Setting next_dagrun for example_weekday_branch_operator to 2024-04-28T00:00:00+00:00, run_after=2024-04-29T00:00:00+00:00
[2024-04-29T00:42:31.370+0000] {processor.py:178} INFO - Processing /home/airflow/.local/lib/python3.7/site-packages/airflow/example_dags/example_branch_day_of_week_operator.py took 0.202 seconds
[2024-04-29T00:43:02.219+0000] {processor.py:156} INFO - Started process (PID=6340) to work on /home/airflow/.local/lib/python3.7/site-packages/airflow/example_dags/example_branch_day_of_week_operator.py
[2024-04-29T00:43:02.220+0000] {processor.py:758} INFO - Processing file /home/airflow/.local/lib/python3.7/site-packages/airflow/example_dags/example_branch_day_of_week_operator.py for tasks to queue
[2024-04-29T00:43:02.221+0000] {logging_mixin.py:117} INFO - [2024-04-29T00:43:02.220+0000] {dagbag.py:525} INFO - Filling up the DagBag from /home/airflow/.local/lib/python3.7/site-packages/airflow/example_dags/example_branch_day_of_week_operator.py
[2024-04-29T00:43:02.240+0000] {processor.py:768} INFO - DAG(s) dict_keys(['example_weekday_branch_operator']) retrieved from /home/airflow/.local/lib/python3.7/site-packages/airflow/example_dags/example_branch_day_of_week_operator.py
[2024-04-29T00:43:02.311+0000] {logging_mixin.py:117} INFO - [2024-04-29T00:43:02.311+0000] {dag.py:2573} INFO - Sync 1 DAGs
[2024-04-29T00:43:02.347+0000] {logging_mixin.py:117} INFO - [2024-04-29T00:43:02.347+0000] {dag.py:3328} INFO - Setting next_dagrun for example_weekday_branch_operator to 2024-04-28T00:00:00+00:00, run_after=2024-04-29T00:00:00+00:00
[2024-04-29T00:43:02.376+0000] {processor.py:178} INFO - Processing /home/airflow/.local/lib/python3.7/site-packages/airflow/example_dags/example_branch_day_of_week_operator.py took 0.160 seconds
[2024-04-29T00:43:32.813+0000] {processor.py:156} INFO - Started process (PID=6561) to work on /home/airflow/.local/lib/python3.7/site-packages/airflow/example_dags/example_branch_day_of_week_operator.py
[2024-04-29T00:43:32.814+0000] {processor.py:758} INFO - Processing file /home/airflow/.local/lib/python3.7/site-packages/airflow/example_dags/example_branch_day_of_week_operator.py for tasks to queue
[2024-04-29T00:43:32.815+0000] {logging_mixin.py:117} INFO - [2024-04-29T00:43:32.814+0000] {dagbag.py:525} INFO - Filling up the DagBag from /home/airflow/.local/lib/python3.7/site-packages/airflow/example_dags/example_branch_day_of_week_operator.py
[2024-04-29T00:43:32.853+0000] {processor.py:768} INFO - DAG(s) dict_keys(['example_weekday_branch_operator']) retrieved from /home/airflow/.local/lib/python3.7/site-packages/airflow/example_dags/example_branch_day_of_week_operator.py
[2024-04-29T00:43:32.931+0000] {logging_mixin.py:117} INFO - [2024-04-29T00:43:32.931+0000] {dag.py:2573} INFO - Sync 1 DAGs
[2024-04-29T00:43:33.008+0000] {logging_mixin.py:117} INFO - [2024-04-29T00:43:33.008+0000] {dag.py:3328} INFO - Setting next_dagrun for example_weekday_branch_operator to 2024-04-28T00:00:00+00:00, run_after=2024-04-29T00:00:00+00:00
[2024-04-29T00:43:33.083+0000] {processor.py:178} INFO - Processing /home/airflow/.local/lib/python3.7/site-packages/airflow/example_dags/example_branch_day_of_week_operator.py took 0.273 seconds
[2024-04-29T00:44:03.991+0000] {processor.py:156} INFO - Started process (PID=6783) to work on /home/airflow/.local/lib/python3.7/site-packages/airflow/example_dags/example_branch_day_of_week_operator.py
[2024-04-29T00:44:03.995+0000] {processor.py:758} INFO - Processing file /home/airflow/.local/lib/python3.7/site-packages/airflow/example_dags/example_branch_day_of_week_operator.py for tasks to queue
[2024-04-29T00:44:03.996+0000] {logging_mixin.py:117} INFO - [2024-04-29T00:44:03.996+0000] {dagbag.py:525} INFO - Filling up the DagBag from /home/airflow/.local/lib/python3.7/site-packages/airflow/example_dags/example_branch_day_of_week_operator.py
[2024-04-29T00:44:04.034+0000] {processor.py:768} INFO - DAG(s) dict_keys(['example_weekday_branch_operator']) retrieved from /home/airflow/.local/lib/python3.7/site-packages/airflow/example_dags/example_branch_day_of_week_operator.py
[2024-04-29T00:44:04.081+0000] {logging_mixin.py:117} INFO - [2024-04-29T00:44:04.081+0000] {dag.py:2573} INFO - Sync 1 DAGs
[2024-04-29T00:44:04.114+0000] {logging_mixin.py:117} INFO - [2024-04-29T00:44:04.113+0000] {dag.py:3328} INFO - Setting next_dagrun for example_weekday_branch_operator to 2024-04-28T00:00:00+00:00, run_after=2024-04-29T00:00:00+00:00
[2024-04-29T00:44:04.135+0000] {processor.py:178} INFO - Processing /home/airflow/.local/lib/python3.7/site-packages/airflow/example_dags/example_branch_day_of_week_operator.py took 0.148 seconds
[2024-04-29T00:44:34.269+0000] {processor.py:156} INFO - Started process (PID=6997) to work on /home/airflow/.local/lib/python3.7/site-packages/airflow/example_dags/example_branch_day_of_week_operator.py
[2024-04-29T00:44:34.269+0000] {processor.py:758} INFO - Processing file /home/airflow/.local/lib/python3.7/site-packages/airflow/example_dags/example_branch_day_of_week_operator.py for tasks to queue
[2024-04-29T00:44:34.270+0000] {logging_mixin.py:117} INFO - [2024-04-29T00:44:34.270+0000] {dagbag.py:525} INFO - Filling up the DagBag from /home/airflow/.local/lib/python3.7/site-packages/airflow/example_dags/example_branch_day_of_week_operator.py
[2024-04-29T00:44:34.291+0000] {processor.py:768} INFO - DAG(s) dict_keys(['example_weekday_branch_operator']) retrieved from /home/airflow/.local/lib/python3.7/site-packages/airflow/example_dags/example_branch_day_of_week_operator.py
[2024-04-29T00:44:34.338+0000] {logging_mixin.py:117} INFO - [2024-04-29T00:44:34.338+0000] {dag.py:2573} INFO - Sync 1 DAGs
[2024-04-29T00:44:34.370+0000] {logging_mixin.py:117} INFO - [2024-04-29T00:44:34.370+0000] {dag.py:3328} INFO - Setting next_dagrun for example_weekday_branch_operator to 2024-04-28T00:00:00+00:00, run_after=2024-04-29T00:00:00+00:00
[2024-04-29T00:44:34.397+0000] {processor.py:178} INFO - Processing /home/airflow/.local/lib/python3.7/site-packages/airflow/example_dags/example_branch_day_of_week_operator.py took 0.131 seconds
[2024-04-29T00:45:04.887+0000] {processor.py:156} INFO - Started process (PID=7221) to work on /home/airflow/.local/lib/python3.7/site-packages/airflow/example_dags/example_branch_day_of_week_operator.py
[2024-04-29T00:45:04.888+0000] {processor.py:758} INFO - Processing file /home/airflow/.local/lib/python3.7/site-packages/airflow/example_dags/example_branch_day_of_week_operator.py for tasks to queue
[2024-04-29T00:45:04.888+0000] {logging_mixin.py:117} INFO - [2024-04-29T00:45:04.888+0000] {dagbag.py:525} INFO - Filling up the DagBag from /home/airflow/.local/lib/python3.7/site-packages/airflow/example_dags/example_branch_day_of_week_operator.py
[2024-04-29T00:45:04.910+0000] {processor.py:768} INFO - DAG(s) dict_keys(['example_weekday_branch_operator']) retrieved from /home/airflow/.local/lib/python3.7/site-packages/airflow/example_dags/example_branch_day_of_week_operator.py
[2024-04-29T00:45:04.976+0000] {logging_mixin.py:117} INFO - [2024-04-29T00:45:04.975+0000] {dag.py:2573} INFO - Sync 1 DAGs
[2024-04-29T00:45:05.013+0000] {logging_mixin.py:117} INFO - [2024-04-29T00:45:05.013+0000] {dag.py:3328} INFO - Setting next_dagrun for example_weekday_branch_operator to 2024-04-28T00:00:00+00:00, run_after=2024-04-29T00:00:00+00:00
[2024-04-29T00:45:05.039+0000] {processor.py:178} INFO - Processing /home/airflow/.local/lib/python3.7/site-packages/airflow/example_dags/example_branch_day_of_week_operator.py took 0.155 seconds
[2024-04-29T00:45:35.310+0000] {processor.py:156} INFO - Started process (PID=7448) to work on /home/airflow/.local/lib/python3.7/site-packages/airflow/example_dags/example_branch_day_of_week_operator.py
[2024-04-29T00:45:35.310+0000] {processor.py:758} INFO - Processing file /home/airflow/.local/lib/python3.7/site-packages/airflow/example_dags/example_branch_day_of_week_operator.py for tasks to queue
[2024-04-29T00:45:35.311+0000] {logging_mixin.py:117} INFO - [2024-04-29T00:45:35.311+0000] {dagbag.py:525} INFO - Filling up the DagBag from /home/airflow/.local/lib/python3.7/site-packages/airflow/example_dags/example_branch_day_of_week_operator.py
[2024-04-29T00:45:35.336+0000] {processor.py:768} INFO - DAG(s) dict_keys(['example_weekday_branch_operator']) retrieved from /home/airflow/.local/lib/python3.7/site-packages/airflow/example_dags/example_branch_day_of_week_operator.py
[2024-04-29T00:45:35.382+0000] {logging_mixin.py:117} INFO - [2024-04-29T00:45:35.382+0000] {dag.py:2573} INFO - Sync 1 DAGs
[2024-04-29T00:45:35.421+0000] {logging_mixin.py:117} INFO - [2024-04-29T00:45:35.421+0000] {dag.py:3328} INFO - Setting next_dagrun for example_weekday_branch_operator to 2024-04-28T00:00:00+00:00, run_after=2024-04-29T00:00:00+00:00
[2024-04-29T00:45:35.450+0000] {processor.py:178} INFO - Processing /home/airflow/.local/lib/python3.7/site-packages/airflow/example_dags/example_branch_day_of_week_operator.py took 0.144 seconds
[2024-04-29T00:46:05.885+0000] {processor.py:156} INFO - Started process (PID=7660) to work on /home/airflow/.local/lib/python3.7/site-packages/airflow/example_dags/example_branch_day_of_week_operator.py
[2024-04-29T00:46:05.886+0000] {processor.py:758} INFO - Processing file /home/airflow/.local/lib/python3.7/site-packages/airflow/example_dags/example_branch_day_of_week_operator.py for tasks to queue
[2024-04-29T00:46:05.887+0000] {logging_mixin.py:117} INFO - [2024-04-29T00:46:05.887+0000] {dagbag.py:525} INFO - Filling up the DagBag from /home/airflow/.local/lib/python3.7/site-packages/airflow/example_dags/example_branch_day_of_week_operator.py
[2024-04-29T00:46:05.909+0000] {processor.py:768} INFO - DAG(s) dict_keys(['example_weekday_branch_operator']) retrieved from /home/airflow/.local/lib/python3.7/site-packages/airflow/example_dags/example_branch_day_of_week_operator.py
[2024-04-29T00:46:05.979+0000] {logging_mixin.py:117} INFO - [2024-04-29T00:46:05.979+0000] {dag.py:2573} INFO - Sync 1 DAGs
[2024-04-29T00:46:06.056+0000] {logging_mixin.py:117} INFO - [2024-04-29T00:46:06.056+0000] {dag.py:3328} INFO - Setting next_dagrun for example_weekday_branch_operator to 2024-04-28T00:00:00+00:00, run_after=2024-04-29T00:00:00+00:00
[2024-04-29T00:46:06.084+0000] {processor.py:178} INFO - Processing /home/airflow/.local/lib/python3.7/site-packages/airflow/example_dags/example_branch_day_of_week_operator.py took 0.203 seconds
[2024-04-29T00:46:36.565+0000] {processor.py:156} INFO - Started process (PID=7885) to work on /home/airflow/.local/lib/python3.7/site-packages/airflow/example_dags/example_branch_day_of_week_operator.py
[2024-04-29T00:46:36.565+0000] {processor.py:758} INFO - Processing file /home/airflow/.local/lib/python3.7/site-packages/airflow/example_dags/example_branch_day_of_week_operator.py for tasks to queue
[2024-04-29T00:46:36.566+0000] {logging_mixin.py:117} INFO - [2024-04-29T00:46:36.566+0000] {dagbag.py:525} INFO - Filling up the DagBag from /home/airflow/.local/lib/python3.7/site-packages/airflow/example_dags/example_branch_day_of_week_operator.py
[2024-04-29T00:46:36.590+0000] {processor.py:768} INFO - DAG(s) dict_keys(['example_weekday_branch_operator']) retrieved from /home/airflow/.local/lib/python3.7/site-packages/airflow/example_dags/example_branch_day_of_week_operator.py
[2024-04-29T00:46:36.637+0000] {logging_mixin.py:117} INFO - [2024-04-29T00:46:36.637+0000] {dag.py:2573} INFO - Sync 1 DAGs
[2024-04-29T00:46:36.671+0000] {logging_mixin.py:117} INFO - [2024-04-29T00:46:36.671+0000] {dag.py:3328} INFO - Setting next_dagrun for example_weekday_branch_operator to 2024-04-28T00:00:00+00:00, run_after=2024-04-29T00:00:00+00:00
[2024-04-29T00:46:36.697+0000] {processor.py:178} INFO - Processing /home/airflow/.local/lib/python3.7/site-packages/airflow/example_dags/example_branch_day_of_week_operator.py took 0.135 seconds
[2024-04-29T00:47:07.388+0000] {processor.py:156} INFO - Started process (PID=8108) to work on /home/airflow/.local/lib/python3.7/site-packages/airflow/example_dags/example_branch_day_of_week_operator.py
[2024-04-29T00:47:07.389+0000] {processor.py:758} INFO - Processing file /home/airflow/.local/lib/python3.7/site-packages/airflow/example_dags/example_branch_day_of_week_operator.py for tasks to queue
[2024-04-29T00:47:07.390+0000] {logging_mixin.py:117} INFO - [2024-04-29T00:47:07.390+0000] {dagbag.py:525} INFO - Filling up the DagBag from /home/airflow/.local/lib/python3.7/site-packages/airflow/example_dags/example_branch_day_of_week_operator.py
[2024-04-29T00:47:07.431+0000] {processor.py:768} INFO - DAG(s) dict_keys(['example_weekday_branch_operator']) retrieved from /home/airflow/.local/lib/python3.7/site-packages/airflow/example_dags/example_branch_day_of_week_operator.py
[2024-04-29T00:47:07.519+0000] {logging_mixin.py:117} INFO - [2024-04-29T00:47:07.518+0000] {dag.py:2573} INFO - Sync 1 DAGs
[2024-04-29T00:47:07.554+0000] {logging_mixin.py:117} INFO - [2024-04-29T00:47:07.554+0000] {dag.py:3328} INFO - Setting next_dagrun for example_weekday_branch_operator to 2024-04-28T00:00:00+00:00, run_after=2024-04-29T00:00:00+00:00
[2024-04-29T00:47:07.583+0000] {processor.py:178} INFO - Processing /home/airflow/.local/lib/python3.7/site-packages/airflow/example_dags/example_branch_day_of_week_operator.py took 0.198 seconds
[2024-04-29T00:47:37.665+0000] {processor.py:156} INFO - Started process (PID=8323) to work on /home/airflow/.local/lib/python3.7/site-packages/airflow/example_dags/example_branch_day_of_week_operator.py
[2024-04-29T00:47:37.666+0000] {processor.py:758} INFO - Processing file /home/airflow/.local/lib/python3.7/site-packages/airflow/example_dags/example_branch_day_of_week_operator.py for tasks to queue
[2024-04-29T00:47:37.667+0000] {logging_mixin.py:117} INFO - [2024-04-29T00:47:37.667+0000] {dagbag.py:525} INFO - Filling up the DagBag from /home/airflow/.local/lib/python3.7/site-packages/airflow/example_dags/example_branch_day_of_week_operator.py
[2024-04-29T00:47:37.689+0000] {processor.py:768} INFO - DAG(s) dict_keys(['example_weekday_branch_operator']) retrieved from /home/airflow/.local/lib/python3.7/site-packages/airflow/example_dags/example_branch_day_of_week_operator.py
[2024-04-29T00:47:37.734+0000] {logging_mixin.py:117} INFO - [2024-04-29T00:47:37.734+0000] {dag.py:2573} INFO - Sync 1 DAGs
[2024-04-29T00:47:37.768+0000] {logging_mixin.py:117} INFO - [2024-04-29T00:47:37.768+0000] {dag.py:3328} INFO - Setting next_dagrun for example_weekday_branch_operator to 2024-04-28T00:00:00+00:00, run_after=2024-04-29T00:00:00+00:00
[2024-04-29T00:47:37.794+0000] {processor.py:178} INFO - Processing /home/airflow/.local/lib/python3.7/site-packages/airflow/example_dags/example_branch_day_of_week_operator.py took 0.132 seconds
[2024-04-29T00:48:08.662+0000] {processor.py:156} INFO - Started process (PID=8544) to work on /home/airflow/.local/lib/python3.7/site-packages/airflow/example_dags/example_branch_day_of_week_operator.py
[2024-04-29T00:48:08.663+0000] {processor.py:758} INFO - Processing file /home/airflow/.local/lib/python3.7/site-packages/airflow/example_dags/example_branch_day_of_week_operator.py for tasks to queue
[2024-04-29T00:48:08.664+0000] {logging_mixin.py:117} INFO - [2024-04-29T00:48:08.664+0000] {dagbag.py:525} INFO - Filling up the DagBag from /home/airflow/.local/lib/python3.7/site-packages/airflow/example_dags/example_branch_day_of_week_operator.py
[2024-04-29T00:48:08.683+0000] {processor.py:768} INFO - DAG(s) dict_keys(['example_weekday_branch_operator']) retrieved from /home/airflow/.local/lib/python3.7/site-packages/airflow/example_dags/example_branch_day_of_week_operator.py
[2024-04-29T00:48:08.730+0000] {logging_mixin.py:117} INFO - [2024-04-29T00:48:08.729+0000] {dag.py:2573} INFO - Sync 1 DAGs
[2024-04-29T00:48:08.768+0000] {logging_mixin.py:117} INFO - [2024-04-29T00:48:08.767+0000] {dag.py:3328} INFO - Setting next_dagrun for example_weekday_branch_operator to 2024-04-28T00:00:00+00:00, run_after=2024-04-29T00:00:00+00:00
[2024-04-29T00:48:08.791+0000] {processor.py:178} INFO - Processing /home/airflow/.local/lib/python3.7/site-packages/airflow/example_dags/example_branch_day_of_week_operator.py took 0.133 seconds
[2024-04-29T00:48:39.614+0000] {processor.py:156} INFO - Started process (PID=8767) to work on /home/airflow/.local/lib/python3.7/site-packages/airflow/example_dags/example_branch_day_of_week_operator.py
[2024-04-29T00:48:39.614+0000] {processor.py:758} INFO - Processing file /home/airflow/.local/lib/python3.7/site-packages/airflow/example_dags/example_branch_day_of_week_operator.py for tasks to queue
[2024-04-29T00:48:39.619+0000] {logging_mixin.py:117} INFO - [2024-04-29T00:48:39.619+0000] {dagbag.py:525} INFO - Filling up the DagBag from /home/airflow/.local/lib/python3.7/site-packages/airflow/example_dags/example_branch_day_of_week_operator.py
[2024-04-29T00:48:39.660+0000] {processor.py:768} INFO - DAG(s) dict_keys(['example_weekday_branch_operator']) retrieved from /home/airflow/.local/lib/python3.7/site-packages/airflow/example_dags/example_branch_day_of_week_operator.py
[2024-04-29T00:48:39.731+0000] {logging_mixin.py:117} INFO - [2024-04-29T00:48:39.731+0000] {dag.py:2573} INFO - Sync 1 DAGs
[2024-04-29T00:48:39.774+0000] {logging_mixin.py:117} INFO - [2024-04-29T00:48:39.774+0000] {dag.py:3328} INFO - Setting next_dagrun for example_weekday_branch_operator to 2024-04-28T00:00:00+00:00, run_after=2024-04-29T00:00:00+00:00
[2024-04-29T00:48:39.806+0000] {processor.py:178} INFO - Processing /home/airflow/.local/lib/python3.7/site-packages/airflow/example_dags/example_branch_day_of_week_operator.py took 0.202 seconds
[2024-04-29T00:49:10.618+0000] {processor.py:156} INFO - Started process (PID=8980) to work on /home/airflow/.local/lib/python3.7/site-packages/airflow/example_dags/example_branch_day_of_week_operator.py
[2024-04-29T00:49:10.618+0000] {processor.py:758} INFO - Processing file /home/airflow/.local/lib/python3.7/site-packages/airflow/example_dags/example_branch_day_of_week_operator.py for tasks to queue
[2024-04-29T00:49:10.619+0000] {logging_mixin.py:117} INFO - [2024-04-29T00:49:10.619+0000] {dagbag.py:525} INFO - Filling up the DagBag from /home/airflow/.local/lib/python3.7/site-packages/airflow/example_dags/example_branch_day_of_week_operator.py
[2024-04-29T00:49:10.638+0000] {processor.py:768} INFO - DAG(s) dict_keys(['example_weekday_branch_operator']) retrieved from /home/airflow/.local/lib/python3.7/site-packages/airflow/example_dags/example_branch_day_of_week_operator.py
[2024-04-29T00:49:10.692+0000] {logging_mixin.py:117} INFO - [2024-04-29T00:49:10.692+0000] {dag.py:2573} INFO - Sync 1 DAGs
[2024-04-29T00:49:10.731+0000] {logging_mixin.py:117} INFO - [2024-04-29T00:49:10.730+0000] {dag.py:3328} INFO - Setting next_dagrun for example_weekday_branch_operator to 2024-04-28T00:00:00+00:00, run_after=2024-04-29T00:00:00+00:00
[2024-04-29T00:49:10.759+0000] {processor.py:178} INFO - Processing /home/airflow/.local/lib/python3.7/site-packages/airflow/example_dags/example_branch_day_of_week_operator.py took 0.145 seconds
[2024-04-29T00:49:41.138+0000] {processor.py:156} INFO - Started process (PID=9201) to work on /home/airflow/.local/lib/python3.7/site-packages/airflow/example_dags/example_branch_day_of_week_operator.py
[2024-04-29T00:49:41.139+0000] {processor.py:758} INFO - Processing file /home/airflow/.local/lib/python3.7/site-packages/airflow/example_dags/example_branch_day_of_week_operator.py for tasks to queue
[2024-04-29T00:49:41.142+0000] {logging_mixin.py:117} INFO - [2024-04-29T00:49:41.140+0000] {dagbag.py:525} INFO - Filling up the DagBag from /home/airflow/.local/lib/python3.7/site-packages/airflow/example_dags/example_branch_day_of_week_operator.py
[2024-04-29T00:49:41.174+0000] {processor.py:768} INFO - DAG(s) dict_keys(['example_weekday_branch_operator']) retrieved from /home/airflow/.local/lib/python3.7/site-packages/airflow/example_dags/example_branch_day_of_week_operator.py
[2024-04-29T00:49:41.287+0000] {logging_mixin.py:117} INFO - [2024-04-29T00:49:41.287+0000] {dag.py:2573} INFO - Sync 1 DAGs
[2024-04-29T00:49:41.325+0000] {logging_mixin.py:117} INFO - [2024-04-29T00:49:41.324+0000] {dag.py:3328} INFO - Setting next_dagrun for example_weekday_branch_operator to 2024-04-28T00:00:00+00:00, run_after=2024-04-29T00:00:00+00:00
[2024-04-29T00:49:41.347+0000] {processor.py:178} INFO - Processing /home/airflow/.local/lib/python3.7/site-packages/airflow/example_dags/example_branch_day_of_week_operator.py took 0.214 seconds
[2024-04-29T00:50:12.050+0000] {processor.py:156} INFO - Started process (PID=9426) to work on /home/airflow/.local/lib/python3.7/site-packages/airflow/example_dags/example_branch_day_of_week_operator.py
[2024-04-29T00:50:12.050+0000] {processor.py:758} INFO - Processing file /home/airflow/.local/lib/python3.7/site-packages/airflow/example_dags/example_branch_day_of_week_operator.py for tasks to queue
[2024-04-29T00:50:12.051+0000] {logging_mixin.py:117} INFO - [2024-04-29T00:50:12.051+0000] {dagbag.py:525} INFO - Filling up the DagBag from /home/airflow/.local/lib/python3.7/site-packages/airflow/example_dags/example_branch_day_of_week_operator.py
[2024-04-29T00:50:12.072+0000] {processor.py:768} INFO - DAG(s) dict_keys(['example_weekday_branch_operator']) retrieved from /home/airflow/.local/lib/python3.7/site-packages/airflow/example_dags/example_branch_day_of_week_operator.py
[2024-04-29T00:50:12.118+0000] {logging_mixin.py:117} INFO - [2024-04-29T00:50:12.118+0000] {dag.py:2573} INFO - Sync 1 DAGs
[2024-04-29T00:50:12.160+0000] {logging_mixin.py:117} INFO - [2024-04-29T00:50:12.160+0000] {dag.py:3328} INFO - Setting next_dagrun for example_weekday_branch_operator to 2024-04-28T00:00:00+00:00, run_after=2024-04-29T00:00:00+00:00
[2024-04-29T00:50:12.185+0000] {processor.py:178} INFO - Processing /home/airflow/.local/lib/python3.7/site-packages/airflow/example_dags/example_branch_day_of_week_operator.py took 0.138 seconds
[2024-04-29T00:50:42.898+0000] {processor.py:156} INFO - Started process (PID=9640) to work on /home/airflow/.local/lib/python3.7/site-packages/airflow/example_dags/example_branch_day_of_week_operator.py
[2024-04-29T00:50:42.900+0000] {processor.py:758} INFO - Processing file /home/airflow/.local/lib/python3.7/site-packages/airflow/example_dags/example_branch_day_of_week_operator.py for tasks to queue
[2024-04-29T00:50:42.900+0000] {logging_mixin.py:117} INFO - [2024-04-29T00:50:42.900+0000] {dagbag.py:525} INFO - Filling up the DagBag from /home/airflow/.local/lib/python3.7/site-packages/airflow/example_dags/example_branch_day_of_week_operator.py
[2024-04-29T00:50:42.918+0000] {processor.py:768} INFO - DAG(s) dict_keys(['example_weekday_branch_operator']) retrieved from /home/airflow/.local/lib/python3.7/site-packages/airflow/example_dags/example_branch_day_of_week_operator.py
[2024-04-29T00:50:42.963+0000] {logging_mixin.py:117} INFO - [2024-04-29T00:50:42.962+0000] {dag.py:2573} INFO - Sync 1 DAGs
[2024-04-29T00:50:43.028+0000] {logging_mixin.py:117} INFO - [2024-04-29T00:50:43.027+0000] {dag.py:3328} INFO - Setting next_dagrun for example_weekday_branch_operator to 2024-04-28T00:00:00+00:00, run_after=2024-04-29T00:00:00+00:00
[2024-04-29T00:50:43.071+0000] {processor.py:178} INFO - Processing /home/airflow/.local/lib/python3.7/site-packages/airflow/example_dags/example_branch_day_of_week_operator.py took 0.176 seconds
[2024-04-29T00:51:13.440+0000] {processor.py:156} INFO - Started process (PID=9862) to work on /home/airflow/.local/lib/python3.7/site-packages/airflow/example_dags/example_branch_day_of_week_operator.py
[2024-04-29T00:51:13.441+0000] {processor.py:758} INFO - Processing file /home/airflow/.local/lib/python3.7/site-packages/airflow/example_dags/example_branch_day_of_week_operator.py for tasks to queue
[2024-04-29T00:51:13.441+0000] {logging_mixin.py:117} INFO - [2024-04-29T00:51:13.441+0000] {dagbag.py:525} INFO - Filling up the DagBag from /home/airflow/.local/lib/python3.7/site-packages/airflow/example_dags/example_branch_day_of_week_operator.py
[2024-04-29T00:51:13.462+0000] {processor.py:768} INFO - DAG(s) dict_keys(['example_weekday_branch_operator']) retrieved from /home/airflow/.local/lib/python3.7/site-packages/airflow/example_dags/example_branch_day_of_week_operator.py
[2024-04-29T00:51:13.519+0000] {logging_mixin.py:117} INFO - [2024-04-29T00:51:13.519+0000] {dag.py:2573} INFO - Sync 1 DAGs
[2024-04-29T00:51:13.554+0000] {logging_mixin.py:117} INFO - [2024-04-29T00:51:13.554+0000] {dag.py:3328} INFO - Setting next_dagrun for example_weekday_branch_operator to 2024-04-28T00:00:00+00:00, run_after=2024-04-29T00:00:00+00:00
[2024-04-29T00:51:13.627+0000] {processor.py:178} INFO - Processing /home/airflow/.local/lib/python3.7/site-packages/airflow/example_dags/example_branch_day_of_week_operator.py took 0.189 seconds
[2024-04-29T00:51:43.795+0000] {processor.py:156} INFO - Started process (PID=10085) to work on /home/airflow/.local/lib/python3.7/site-packages/airflow/example_dags/example_branch_day_of_week_operator.py
[2024-04-29T00:51:43.796+0000] {processor.py:758} INFO - Processing file /home/airflow/.local/lib/python3.7/site-packages/airflow/example_dags/example_branch_day_of_week_operator.py for tasks to queue
[2024-04-29T00:51:43.796+0000] {logging_mixin.py:117} INFO - [2024-04-29T00:51:43.796+0000] {dagbag.py:525} INFO - Filling up the DagBag from /home/airflow/.local/lib/python3.7/site-packages/airflow/example_dags/example_branch_day_of_week_operator.py
[2024-04-29T00:51:43.816+0000] {processor.py:768} INFO - DAG(s) dict_keys(['example_weekday_branch_operator']) retrieved from /home/airflow/.local/lib/python3.7/site-packages/airflow/example_dags/example_branch_day_of_week_operator.py
[2024-04-29T00:51:43.863+0000] {logging_mixin.py:117} INFO - [2024-04-29T00:51:43.863+0000] {dag.py:2573} INFO - Sync 1 DAGs
[2024-04-29T00:51:43.899+0000] {logging_mixin.py:117} INFO - [2024-04-29T00:51:43.899+0000] {dag.py:3328} INFO - Setting next_dagrun for example_weekday_branch_operator to 2024-04-28T00:00:00+00:00, run_after=2024-04-29T00:00:00+00:00
[2024-04-29T00:51:43.957+0000] {processor.py:178} INFO - Processing /home/airflow/.local/lib/python3.7/site-packages/airflow/example_dags/example_branch_day_of_week_operator.py took 0.165 seconds
[2024-04-29T00:52:14.033+0000] {processor.py:156} INFO - Started process (PID=10299) to work on /home/airflow/.local/lib/python3.7/site-packages/airflow/example_dags/example_branch_day_of_week_operator.py
[2024-04-29T00:52:14.033+0000] {processor.py:758} INFO - Processing file /home/airflow/.local/lib/python3.7/site-packages/airflow/example_dags/example_branch_day_of_week_operator.py for tasks to queue
[2024-04-29T00:52:14.034+0000] {logging_mixin.py:117} INFO - [2024-04-29T00:52:14.034+0000] {dagbag.py:525} INFO - Filling up the DagBag from /home/airflow/.local/lib/python3.7/site-packages/airflow/example_dags/example_branch_day_of_week_operator.py
[2024-04-29T00:52:14.053+0000] {processor.py:768} INFO - DAG(s) dict_keys(['example_weekday_branch_operator']) retrieved from /home/airflow/.local/lib/python3.7/site-packages/airflow/example_dags/example_branch_day_of_week_operator.py
[2024-04-29T00:52:14.100+0000] {logging_mixin.py:117} INFO - [2024-04-29T00:52:14.100+0000] {dag.py:2573} INFO - Sync 1 DAGs
[2024-04-29T00:52:14.134+0000] {logging_mixin.py:117} INFO - [2024-04-29T00:52:14.133+0000] {dag.py:3328} INFO - Setting next_dagrun for example_weekday_branch_operator to 2024-04-28T00:00:00+00:00, run_after=2024-04-29T00:00:00+00:00
[2024-04-29T00:52:14.157+0000] {processor.py:178} INFO - Processing /home/airflow/.local/lib/python3.7/site-packages/airflow/example_dags/example_branch_day_of_week_operator.py took 0.127 seconds
[2024-04-29T00:52:44.909+0000] {processor.py:156} INFO - Started process (PID=10523) to work on /home/airflow/.local/lib/python3.7/site-packages/airflow/example_dags/example_branch_day_of_week_operator.py
[2024-04-29T00:52:44.910+0000] {processor.py:758} INFO - Processing file /home/airflow/.local/lib/python3.7/site-packages/airflow/example_dags/example_branch_day_of_week_operator.py for tasks to queue
[2024-04-29T00:52:44.911+0000] {logging_mixin.py:117} INFO - [2024-04-29T00:52:44.911+0000] {dagbag.py:525} INFO - Filling up the DagBag from /home/airflow/.local/lib/python3.7/site-packages/airflow/example_dags/example_branch_day_of_week_operator.py
[2024-04-29T00:52:44.932+0000] {processor.py:768} INFO - DAG(s) dict_keys(['example_weekday_branch_operator']) retrieved from /home/airflow/.local/lib/python3.7/site-packages/airflow/example_dags/example_branch_day_of_week_operator.py
[2024-04-29T00:52:45.040+0000] {logging_mixin.py:117} INFO - [2024-04-29T00:52:45.040+0000] {dag.py:2573} INFO - Sync 1 DAGs
[2024-04-29T00:52:45.093+0000] {logging_mixin.py:117} INFO - [2024-04-29T00:52:45.093+0000] {dag.py:3328} INFO - Setting next_dagrun for example_weekday_branch_operator to 2024-04-28T00:00:00+00:00, run_after=2024-04-29T00:00:00+00:00
[2024-04-29T00:52:45.113+0000] {processor.py:178} INFO - Processing /home/airflow/.local/lib/python3.7/site-packages/airflow/example_dags/example_branch_day_of_week_operator.py took 0.211 seconds
[2024-04-29T00:53:15.788+0000] {processor.py:156} INFO - Started process (PID=10745) to work on /home/airflow/.local/lib/python3.7/site-packages/airflow/example_dags/example_branch_day_of_week_operator.py
[2024-04-29T00:53:15.789+0000] {processor.py:758} INFO - Processing file /home/airflow/.local/lib/python3.7/site-packages/airflow/example_dags/example_branch_day_of_week_operator.py for tasks to queue
[2024-04-29T00:53:15.789+0000] {logging_mixin.py:117} INFO - [2024-04-29T00:53:15.789+0000] {dagbag.py:525} INFO - Filling up the DagBag from /home/airflow/.local/lib/python3.7/site-packages/airflow/example_dags/example_branch_day_of_week_operator.py
[2024-04-29T00:53:15.815+0000] {processor.py:768} INFO - DAG(s) dict_keys(['example_weekday_branch_operator']) retrieved from /home/airflow/.local/lib/python3.7/site-packages/airflow/example_dags/example_branch_day_of_week_operator.py
[2024-04-29T00:53:15.862+0000] {logging_mixin.py:117} INFO - [2024-04-29T00:53:15.862+0000] {dag.py:2573} INFO - Sync 1 DAGs
[2024-04-29T00:53:15.898+0000] {logging_mixin.py:117} INFO - [2024-04-29T00:53:15.898+0000] {dag.py:3328} INFO - Setting next_dagrun for example_weekday_branch_operator to 2024-04-28T00:00:00+00:00, run_after=2024-04-29T00:00:00+00:00
[2024-04-29T00:53:15.924+0000] {processor.py:178} INFO - Processing /home/airflow/.local/lib/python3.7/site-packages/airflow/example_dags/example_branch_day_of_week_operator.py took 0.140 seconds
[2024-04-29T00:53:46.041+0000] {processor.py:156} INFO - Started process (PID=10959) to work on /home/airflow/.local/lib/python3.7/site-packages/airflow/example_dags/example_branch_day_of_week_operator.py
[2024-04-29T00:53:46.042+0000] {processor.py:758} INFO - Processing file /home/airflow/.local/lib/python3.7/site-packages/airflow/example_dags/example_branch_day_of_week_operator.py for tasks to queue
[2024-04-29T00:53:46.043+0000] {logging_mixin.py:117} INFO - [2024-04-29T00:53:46.043+0000] {dagbag.py:525} INFO - Filling up the DagBag from /home/airflow/.local/lib/python3.7/site-packages/airflow/example_dags/example_branch_day_of_week_operator.py
[2024-04-29T00:53:46.077+0000] {processor.py:768} INFO - DAG(s) dict_keys(['example_weekday_branch_operator']) retrieved from /home/airflow/.local/lib/python3.7/site-packages/airflow/example_dags/example_branch_day_of_week_operator.py
[2024-04-29T00:53:46.168+0000] {logging_mixin.py:117} INFO - [2024-04-29T00:53:46.168+0000] {dag.py:2573} INFO - Sync 1 DAGs
[2024-04-29T00:53:46.225+0000] {logging_mixin.py:117} INFO - [2024-04-29T00:53:46.225+0000] {dag.py:3328} INFO - Setting next_dagrun for example_weekday_branch_operator to 2024-04-28T00:00:00+00:00, run_after=2024-04-29T00:00:00+00:00
[2024-04-29T00:53:46.248+0000] {processor.py:178} INFO - Processing /home/airflow/.local/lib/python3.7/site-packages/airflow/example_dags/example_branch_day_of_week_operator.py took 0.209 seconds
[2024-04-29T00:54:16.789+0000] {processor.py:156} INFO - Started process (PID=11184) to work on /home/airflow/.local/lib/python3.7/site-packages/airflow/example_dags/example_branch_day_of_week_operator.py
[2024-04-29T00:54:16.790+0000] {processor.py:758} INFO - Processing file /home/airflow/.local/lib/python3.7/site-packages/airflow/example_dags/example_branch_day_of_week_operator.py for tasks to queue
[2024-04-29T00:54:16.790+0000] {logging_mixin.py:117} INFO - [2024-04-29T00:54:16.790+0000] {dagbag.py:525} INFO - Filling up the DagBag from /home/airflow/.local/lib/python3.7/site-packages/airflow/example_dags/example_branch_day_of_week_operator.py
[2024-04-29T00:54:16.859+0000] {processor.py:768} INFO - DAG(s) dict_keys(['example_weekday_branch_operator']) retrieved from /home/airflow/.local/lib/python3.7/site-packages/airflow/example_dags/example_branch_day_of_week_operator.py
[2024-04-29T00:54:16.928+0000] {logging_mixin.py:117} INFO - [2024-04-29T00:54:16.928+0000] {dag.py:2573} INFO - Sync 1 DAGs
[2024-04-29T00:54:16.957+0000] {logging_mixin.py:117} INFO - [2024-04-29T00:54:16.957+0000] {dag.py:3328} INFO - Setting next_dagrun for example_weekday_branch_operator to 2024-04-28T00:00:00+00:00, run_after=2024-04-29T00:00:00+00:00
[2024-04-29T00:54:16.979+0000] {processor.py:178} INFO - Processing /home/airflow/.local/lib/python3.7/site-packages/airflow/example_dags/example_branch_day_of_week_operator.py took 0.193 seconds
[2024-04-29T00:54:47.128+0000] {processor.py:156} INFO - Started process (PID=11406) to work on /home/airflow/.local/lib/python3.7/site-packages/airflow/example_dags/example_branch_day_of_week_operator.py
[2024-04-29T00:54:47.129+0000] {processor.py:758} INFO - Processing file /home/airflow/.local/lib/python3.7/site-packages/airflow/example_dags/example_branch_day_of_week_operator.py for tasks to queue
[2024-04-29T00:54:47.131+0000] {logging_mixin.py:117} INFO - [2024-04-29T00:54:47.131+0000] {dagbag.py:525} INFO - Filling up the DagBag from /home/airflow/.local/lib/python3.7/site-packages/airflow/example_dags/example_branch_day_of_week_operator.py
[2024-04-29T00:54:47.167+0000] {processor.py:768} INFO - DAG(s) dict_keys(['example_weekday_branch_operator']) retrieved from /home/airflow/.local/lib/python3.7/site-packages/airflow/example_dags/example_branch_day_of_week_operator.py
[2024-04-29T00:54:47.239+0000] {logging_mixin.py:117} INFO - [2024-04-29T00:54:47.239+0000] {dag.py:2573} INFO - Sync 1 DAGs
[2024-04-29T00:54:47.276+0000] {logging_mixin.py:117} INFO - [2024-04-29T00:54:47.276+0000] {dag.py:3328} INFO - Setting next_dagrun for example_weekday_branch_operator to 2024-04-28T00:00:00+00:00, run_after=2024-04-29T00:00:00+00:00
[2024-04-29T00:54:47.316+0000] {processor.py:178} INFO - Processing /home/airflow/.local/lib/python3.7/site-packages/airflow/example_dags/example_branch_day_of_week_operator.py took 0.191 seconds
