[2024-04-29T00:28:54.838+0000] {processor.py:156} INFO - Started process (PID=337) to work on /home/airflow/.local/lib/python3.7/site-packages/airflow/example_dags/example_task_group_decorator.py
[2024-04-29T00:28:54.845+0000] {processor.py:758} INFO - Processing file /home/airflow/.local/lib/python3.7/site-packages/airflow/example_dags/example_task_group_decorator.py for tasks to queue
[2024-04-29T00:28:54.846+0000] {logging_mixin.py:117} INFO - [2024-04-29T00:28:54.846+0000] {dagbag.py:525} INFO - Filling up the DagBag from /home/airflow/.local/lib/python3.7/site-packages/airflow/example_dags/example_task_group_decorator.py
[2024-04-29T00:28:55.054+0000] {processor.py:768} INFO - DAG(s) dict_keys(['example_task_group_decorator']) retrieved from /home/airflow/.local/lib/python3.7/site-packages/airflow/example_dags/example_task_group_decorator.py
[2024-04-29T00:28:55.205+0000] {logging_mixin.py:117} INFO - [2024-04-29T00:28:55.204+0000] {dag.py:2573} INFO - Sync 1 DAGs
[2024-04-29T00:28:55.330+0000] {logging_mixin.py:117} INFO - [2024-04-29T00:28:55.330+0000] {dag.py:3328} INFO - Setting next_dagrun for example_task_group_decorator to 2024-04-28T00:28:55.330380+00:00, run_after=2024-04-29T00:28:55.330380+00:00
[2024-04-29T00:28:55.411+0000] {processor.py:178} INFO - Processing /home/airflow/.local/lib/python3.7/site-packages/airflow/example_dags/example_task_group_decorator.py took 0.587 seconds
[2024-04-29T00:29:26.082+0000] {processor.py:156} INFO - Started process (PID=560) to work on /home/airflow/.local/lib/python3.7/site-packages/airflow/example_dags/example_task_group_decorator.py
[2024-04-29T00:29:26.083+0000] {processor.py:758} INFO - Processing file /home/airflow/.local/lib/python3.7/site-packages/airflow/example_dags/example_task_group_decorator.py for tasks to queue
[2024-04-29T00:29:26.083+0000] {logging_mixin.py:117} INFO - [2024-04-29T00:29:26.083+0000] {dagbag.py:525} INFO - Filling up the DagBag from /home/airflow/.local/lib/python3.7/site-packages/airflow/example_dags/example_task_group_decorator.py
[2024-04-29T00:29:26.125+0000] {processor.py:768} INFO - DAG(s) dict_keys(['example_task_group_decorator']) retrieved from /home/airflow/.local/lib/python3.7/site-packages/airflow/example_dags/example_task_group_decorator.py
[2024-04-29T00:29:26.176+0000] {logging_mixin.py:117} INFO - [2024-04-29T00:29:26.175+0000] {dag.py:2573} INFO - Sync 1 DAGs
[2024-04-29T00:29:26.208+0000] {logging_mixin.py:117} INFO - [2024-04-29T00:29:26.208+0000] {dag.py:3328} INFO - Setting next_dagrun for example_task_group_decorator to 2024-04-28T00:29:26.207783+00:00, run_after=2024-04-29T00:29:26.207783+00:00
[2024-04-29T00:29:26.233+0000] {processor.py:178} INFO - Processing /home/airflow/.local/lib/python3.7/site-packages/airflow/example_dags/example_task_group_decorator.py took 0.154 seconds
[2024-04-29T00:29:56.564+0000] {processor.py:156} INFO - Started process (PID=775) to work on /home/airflow/.local/lib/python3.7/site-packages/airflow/example_dags/example_task_group_decorator.py
[2024-04-29T00:29:56.564+0000] {processor.py:758} INFO - Processing file /home/airflow/.local/lib/python3.7/site-packages/airflow/example_dags/example_task_group_decorator.py for tasks to queue
[2024-04-29T00:29:56.565+0000] {logging_mixin.py:117} INFO - [2024-04-29T00:29:56.565+0000] {dagbag.py:525} INFO - Filling up the DagBag from /home/airflow/.local/lib/python3.7/site-packages/airflow/example_dags/example_task_group_decorator.py
[2024-04-29T00:29:56.609+0000] {processor.py:768} INFO - DAG(s) dict_keys(['example_task_group_decorator']) retrieved from /home/airflow/.local/lib/python3.7/site-packages/airflow/example_dags/example_task_group_decorator.py
[2024-04-29T00:29:56.659+0000] {logging_mixin.py:117} INFO - [2024-04-29T00:29:56.659+0000] {dag.py:2573} INFO - Sync 1 DAGs
[2024-04-29T00:29:56.691+0000] {logging_mixin.py:117} INFO - [2024-04-29T00:29:56.691+0000] {dag.py:3328} INFO - Setting next_dagrun for example_task_group_decorator to 2024-04-28T00:29:56.691281+00:00, run_after=2024-04-29T00:29:56.691281+00:00
[2024-04-29T00:29:56.715+0000] {processor.py:178} INFO - Processing /home/airflow/.local/lib/python3.7/site-packages/airflow/example_dags/example_task_group_decorator.py took 0.154 seconds
[2024-04-29T00:30:27.509+0000] {processor.py:156} INFO - Started process (PID=998) to work on /home/airflow/.local/lib/python3.7/site-packages/airflow/example_dags/example_task_group_decorator.py
[2024-04-29T00:30:27.511+0000] {processor.py:758} INFO - Processing file /home/airflow/.local/lib/python3.7/site-packages/airflow/example_dags/example_task_group_decorator.py for tasks to queue
[2024-04-29T00:30:27.512+0000] {logging_mixin.py:117} INFO - [2024-04-29T00:30:27.512+0000] {dagbag.py:525} INFO - Filling up the DagBag from /home/airflow/.local/lib/python3.7/site-packages/airflow/example_dags/example_task_group_decorator.py
[2024-04-29T00:30:27.558+0000] {processor.py:768} INFO - DAG(s) dict_keys(['example_task_group_decorator']) retrieved from /home/airflow/.local/lib/python3.7/site-packages/airflow/example_dags/example_task_group_decorator.py
[2024-04-29T00:30:27.611+0000] {logging_mixin.py:117} INFO - [2024-04-29T00:30:27.611+0000] {dag.py:2573} INFO - Sync 1 DAGs
[2024-04-29T00:30:27.643+0000] {logging_mixin.py:117} INFO - [2024-04-29T00:30:27.643+0000] {dag.py:3328} INFO - Setting next_dagrun for example_task_group_decorator to 2024-04-28T00:30:27.643101+00:00, run_after=2024-04-29T00:30:27.643101+00:00
[2024-04-29T00:30:27.670+0000] {processor.py:178} INFO - Processing /home/airflow/.local/lib/python3.7/site-packages/airflow/example_dags/example_task_group_decorator.py took 0.164 seconds
[2024-04-29T00:30:58.053+0000] {processor.py:156} INFO - Started process (PID=1220) to work on /home/airflow/.local/lib/python3.7/site-packages/airflow/example_dags/example_task_group_decorator.py
[2024-04-29T00:30:58.054+0000] {processor.py:758} INFO - Processing file /home/airflow/.local/lib/python3.7/site-packages/airflow/example_dags/example_task_group_decorator.py for tasks to queue
[2024-04-29T00:30:58.054+0000] {logging_mixin.py:117} INFO - [2024-04-29T00:30:58.054+0000] {dagbag.py:525} INFO - Filling up the DagBag from /home/airflow/.local/lib/python3.7/site-packages/airflow/example_dags/example_task_group_decorator.py
[2024-04-29T00:30:58.149+0000] {processor.py:768} INFO - DAG(s) dict_keys(['example_task_group_decorator']) retrieved from /home/airflow/.local/lib/python3.7/site-packages/airflow/example_dags/example_task_group_decorator.py
[2024-04-29T00:30:58.235+0000] {logging_mixin.py:117} INFO - [2024-04-29T00:30:58.235+0000] {dag.py:2573} INFO - Sync 1 DAGs
[2024-04-29T00:30:58.561+0000] {logging_mixin.py:117} INFO - [2024-04-29T00:30:58.561+0000] {dag.py:3328} INFO - Setting next_dagrun for example_task_group_decorator to 2024-04-28T00:30:58.560790+00:00, run_after=2024-04-29T00:30:58.560790+00:00
[2024-04-29T00:30:58.617+0000] {processor.py:178} INFO - Processing /home/airflow/.local/lib/python3.7/site-packages/airflow/example_dags/example_task_group_decorator.py took 0.568 seconds
[2024-04-29T00:31:29.576+0000] {processor.py:156} INFO - Started process (PID=1442) to work on /home/airflow/.local/lib/python3.7/site-packages/airflow/example_dags/example_task_group_decorator.py
[2024-04-29T00:31:29.585+0000] {processor.py:758} INFO - Processing file /home/airflow/.local/lib/python3.7/site-packages/airflow/example_dags/example_task_group_decorator.py for tasks to queue
[2024-04-29T00:31:29.591+0000] {logging_mixin.py:117} INFO - [2024-04-29T00:31:29.591+0000] {dagbag.py:525} INFO - Filling up the DagBag from /home/airflow/.local/lib/python3.7/site-packages/airflow/example_dags/example_task_group_decorator.py
[2024-04-29T00:31:29.758+0000] {processor.py:768} INFO - DAG(s) dict_keys(['example_task_group_decorator']) retrieved from /home/airflow/.local/lib/python3.7/site-packages/airflow/example_dags/example_task_group_decorator.py
[2024-04-29T00:31:29.915+0000] {logging_mixin.py:117} INFO - [2024-04-29T00:31:29.915+0000] {dag.py:2573} INFO - Sync 1 DAGs
[2024-04-29T00:31:30.486+0000] {logging_mixin.py:117} INFO - [2024-04-29T00:31:30.486+0000] {dag.py:3328} INFO - Setting next_dagrun for example_task_group_decorator to 2024-04-28T00:31:30.485977+00:00, run_after=2024-04-29T00:31:30.485977+00:00
[2024-04-29T00:31:30.549+0000] {processor.py:178} INFO - Processing /home/airflow/.local/lib/python3.7/site-packages/airflow/example_dags/example_task_group_decorator.py took 0.976 seconds
[2024-04-29T00:32:01.389+0000] {processor.py:156} INFO - Started process (PID=1660) to work on /home/airflow/.local/lib/python3.7/site-packages/airflow/example_dags/example_task_group_decorator.py
[2024-04-29T00:32:01.400+0000] {processor.py:758} INFO - Processing file /home/airflow/.local/lib/python3.7/site-packages/airflow/example_dags/example_task_group_decorator.py for tasks to queue
[2024-04-29T00:32:01.401+0000] {logging_mixin.py:117} INFO - [2024-04-29T00:32:01.400+0000] {dagbag.py:525} INFO - Filling up the DagBag from /home/airflow/.local/lib/python3.7/site-packages/airflow/example_dags/example_task_group_decorator.py
[2024-04-29T00:32:01.473+0000] {processor.py:768} INFO - DAG(s) dict_keys(['example_task_group_decorator']) retrieved from /home/airflow/.local/lib/python3.7/site-packages/airflow/example_dags/example_task_group_decorator.py
[2024-04-29T00:32:01.663+0000] {logging_mixin.py:117} INFO - [2024-04-29T00:32:01.663+0000] {dag.py:2573} INFO - Sync 1 DAGs
[2024-04-29T00:32:01.691+0000] {logging_mixin.py:117} INFO - [2024-04-29T00:32:01.691+0000] {dag.py:3328} INFO - Setting next_dagrun for example_task_group_decorator to 2024-04-28T00:32:01.691405+00:00, run_after=2024-04-29T00:32:01.691405+00:00
[2024-04-29T00:32:01.712+0000] {processor.py:178} INFO - Processing /home/airflow/.local/lib/python3.7/site-packages/airflow/example_dags/example_task_group_decorator.py took 0.327 seconds
[2024-04-29T00:32:32.087+0000] {processor.py:156} INFO - Started process (PID=1883) to work on /home/airflow/.local/lib/python3.7/site-packages/airflow/example_dags/example_task_group_decorator.py
[2024-04-29T00:32:32.094+0000] {processor.py:758} INFO - Processing file /home/airflow/.local/lib/python3.7/site-packages/airflow/example_dags/example_task_group_decorator.py for tasks to queue
[2024-04-29T00:32:32.095+0000] {logging_mixin.py:117} INFO - [2024-04-29T00:32:32.094+0000] {dagbag.py:525} INFO - Filling up the DagBag from /home/airflow/.local/lib/python3.7/site-packages/airflow/example_dags/example_task_group_decorator.py
[2024-04-29T00:32:32.174+0000] {processor.py:768} INFO - DAG(s) dict_keys(['example_task_group_decorator']) retrieved from /home/airflow/.local/lib/python3.7/site-packages/airflow/example_dags/example_task_group_decorator.py
[2024-04-29T00:32:32.403+0000] {logging_mixin.py:117} INFO - [2024-04-29T00:32:32.403+0000] {dag.py:2573} INFO - Sync 1 DAGs
[2024-04-29T00:32:32.457+0000] {logging_mixin.py:117} INFO - [2024-04-29T00:32:32.456+0000] {dag.py:3328} INFO - Setting next_dagrun for example_task_group_decorator to 2024-04-28T00:32:32.456566+00:00, run_after=2024-04-29T00:32:32.456566+00:00
[2024-04-29T00:32:32.491+0000] {processor.py:178} INFO - Processing /home/airflow/.local/lib/python3.7/site-packages/airflow/example_dags/example_task_group_decorator.py took 0.409 seconds
[2024-04-29T00:33:02.564+0000] {processor.py:156} INFO - Started process (PID=2096) to work on /home/airflow/.local/lib/python3.7/site-packages/airflow/example_dags/example_task_group_decorator.py
[2024-04-29T00:33:02.565+0000] {processor.py:758} INFO - Processing file /home/airflow/.local/lib/python3.7/site-packages/airflow/example_dags/example_task_group_decorator.py for tasks to queue
[2024-04-29T00:33:02.565+0000] {logging_mixin.py:117} INFO - [2024-04-29T00:33:02.565+0000] {dagbag.py:525} INFO - Filling up the DagBag from /home/airflow/.local/lib/python3.7/site-packages/airflow/example_dags/example_task_group_decorator.py
[2024-04-29T00:33:02.747+0000] {processor.py:768} INFO - DAG(s) dict_keys(['example_task_group_decorator']) retrieved from /home/airflow/.local/lib/python3.7/site-packages/airflow/example_dags/example_task_group_decorator.py
[2024-04-29T00:33:02.794+0000] {logging_mixin.py:117} INFO - [2024-04-29T00:33:02.794+0000] {dag.py:2573} INFO - Sync 1 DAGs
[2024-04-29T00:33:02.825+0000] {logging_mixin.py:117} INFO - [2024-04-29T00:33:02.825+0000] {dag.py:3328} INFO - Setting next_dagrun for example_task_group_decorator to 2024-04-28T00:33:02.824896+00:00, run_after=2024-04-29T00:33:02.824896+00:00
[2024-04-29T00:33:02.848+0000] {processor.py:178} INFO - Processing /home/airflow/.local/lib/python3.7/site-packages/airflow/example_dags/example_task_group_decorator.py took 0.287 seconds
[2024-04-29T00:33:33.928+0000] {processor.py:156} INFO - Started process (PID=2320) to work on /home/airflow/.local/lib/python3.7/site-packages/airflow/example_dags/example_task_group_decorator.py
[2024-04-29T00:33:33.929+0000] {processor.py:758} INFO - Processing file /home/airflow/.local/lib/python3.7/site-packages/airflow/example_dags/example_task_group_decorator.py for tasks to queue
[2024-04-29T00:33:33.929+0000] {logging_mixin.py:117} INFO - [2024-04-29T00:33:33.929+0000] {dagbag.py:525} INFO - Filling up the DagBag from /home/airflow/.local/lib/python3.7/site-packages/airflow/example_dags/example_task_group_decorator.py
[2024-04-29T00:33:33.971+0000] {processor.py:768} INFO - DAG(s) dict_keys(['example_task_group_decorator']) retrieved from /home/airflow/.local/lib/python3.7/site-packages/airflow/example_dags/example_task_group_decorator.py
[2024-04-29T00:33:34.033+0000] {logging_mixin.py:117} INFO - [2024-04-29T00:33:34.032+0000] {dag.py:2573} INFO - Sync 1 DAGs
[2024-04-29T00:33:34.234+0000] {logging_mixin.py:117} INFO - [2024-04-29T00:33:34.234+0000] {dag.py:3328} INFO - Setting next_dagrun for example_task_group_decorator to 2024-04-28T00:33:34.234369+00:00, run_after=2024-04-29T00:33:34.234369+00:00
[2024-04-29T00:33:34.259+0000] {processor.py:178} INFO - Processing /home/airflow/.local/lib/python3.7/site-packages/airflow/example_dags/example_task_group_decorator.py took 0.334 seconds
[2024-04-29T00:34:05.171+0000] {processor.py:156} INFO - Started process (PID=2532) to work on /home/airflow/.local/lib/python3.7/site-packages/airflow/example_dags/example_task_group_decorator.py
[2024-04-29T00:34:05.172+0000] {processor.py:758} INFO - Processing file /home/airflow/.local/lib/python3.7/site-packages/airflow/example_dags/example_task_group_decorator.py for tasks to queue
[2024-04-29T00:34:05.172+0000] {logging_mixin.py:117} INFO - [2024-04-29T00:34:05.172+0000] {dagbag.py:525} INFO - Filling up the DagBag from /home/airflow/.local/lib/python3.7/site-packages/airflow/example_dags/example_task_group_decorator.py
[2024-04-29T00:34:05.212+0000] {processor.py:768} INFO - DAG(s) dict_keys(['example_task_group_decorator']) retrieved from /home/airflow/.local/lib/python3.7/site-packages/airflow/example_dags/example_task_group_decorator.py
[2024-04-29T00:34:05.443+0000] {logging_mixin.py:117} INFO - [2024-04-29T00:34:05.443+0000] {dag.py:2573} INFO - Sync 1 DAGs
[2024-04-29T00:34:05.493+0000] {logging_mixin.py:117} INFO - [2024-04-29T00:34:05.493+0000] {dag.py:3328} INFO - Setting next_dagrun for example_task_group_decorator to 2024-04-28T00:34:05.493415+00:00, run_after=2024-04-29T00:34:05.493415+00:00
[2024-04-29T00:34:05.542+0000] {processor.py:178} INFO - Processing /home/airflow/.local/lib/python3.7/site-packages/airflow/example_dags/example_task_group_decorator.py took 0.374 seconds
[2024-04-29T00:34:36.044+0000] {processor.py:156} INFO - Started process (PID=2754) to work on /home/airflow/.local/lib/python3.7/site-packages/airflow/example_dags/example_task_group_decorator.py
[2024-04-29T00:34:36.045+0000] {processor.py:758} INFO - Processing file /home/airflow/.local/lib/python3.7/site-packages/airflow/example_dags/example_task_group_decorator.py for tasks to queue
[2024-04-29T00:34:36.047+0000] {logging_mixin.py:117} INFO - [2024-04-29T00:34:36.046+0000] {dagbag.py:525} INFO - Filling up the DagBag from /home/airflow/.local/lib/python3.7/site-packages/airflow/example_dags/example_task_group_decorator.py
[2024-04-29T00:34:36.090+0000] {processor.py:768} INFO - DAG(s) dict_keys(['example_task_group_decorator']) retrieved from /home/airflow/.local/lib/python3.7/site-packages/airflow/example_dags/example_task_group_decorator.py
[2024-04-29T00:34:36.299+0000] {logging_mixin.py:117} INFO - [2024-04-29T00:34:36.299+0000] {dag.py:2573} INFO - Sync 1 DAGs
[2024-04-29T00:34:36.327+0000] {logging_mixin.py:117} INFO - [2024-04-29T00:34:36.326+0000] {dag.py:3328} INFO - Setting next_dagrun for example_task_group_decorator to 2024-04-28T00:34:36.326771+00:00, run_after=2024-04-29T00:34:36.326771+00:00
[2024-04-29T00:34:36.352+0000] {processor.py:178} INFO - Processing /home/airflow/.local/lib/python3.7/site-packages/airflow/example_dags/example_task_group_decorator.py took 0.311 seconds
[2024-04-29T00:35:06.923+0000] {processor.py:156} INFO - Started process (PID=2975) to work on /home/airflow/.local/lib/python3.7/site-packages/airflow/example_dags/example_task_group_decorator.py
[2024-04-29T00:35:06.924+0000] {processor.py:758} INFO - Processing file /home/airflow/.local/lib/python3.7/site-packages/airflow/example_dags/example_task_group_decorator.py for tasks to queue
[2024-04-29T00:35:06.925+0000] {logging_mixin.py:117} INFO - [2024-04-29T00:35:06.924+0000] {dagbag.py:525} INFO - Filling up the DagBag from /home/airflow/.local/lib/python3.7/site-packages/airflow/example_dags/example_task_group_decorator.py
[2024-04-29T00:35:07.111+0000] {processor.py:768} INFO - DAG(s) dict_keys(['example_task_group_decorator']) retrieved from /home/airflow/.local/lib/python3.7/site-packages/airflow/example_dags/example_task_group_decorator.py
[2024-04-29T00:35:07.173+0000] {logging_mixin.py:117} INFO - [2024-04-29T00:35:07.173+0000] {dag.py:2573} INFO - Sync 1 DAGs
[2024-04-29T00:35:07.205+0000] {logging_mixin.py:117} INFO - [2024-04-29T00:35:07.205+0000] {dag.py:3328} INFO - Setting next_dagrun for example_task_group_decorator to 2024-04-28T00:35:07.204986+00:00, run_after=2024-04-29T00:35:07.204986+00:00
[2024-04-29T00:35:07.229+0000] {processor.py:178} INFO - Processing /home/airflow/.local/lib/python3.7/site-packages/airflow/example_dags/example_task_group_decorator.py took 0.309 seconds
[2024-04-29T00:35:38.173+0000] {processor.py:156} INFO - Started process (PID=3200) to work on /home/airflow/.local/lib/python3.7/site-packages/airflow/example_dags/example_task_group_decorator.py
[2024-04-29T00:35:38.175+0000] {processor.py:758} INFO - Processing file /home/airflow/.local/lib/python3.7/site-packages/airflow/example_dags/example_task_group_decorator.py for tasks to queue
[2024-04-29T00:35:38.176+0000] {logging_mixin.py:117} INFO - [2024-04-29T00:35:38.176+0000] {dagbag.py:525} INFO - Filling up the DagBag from /home/airflow/.local/lib/python3.7/site-packages/airflow/example_dags/example_task_group_decorator.py
[2024-04-29T00:35:38.291+0000] {processor.py:768} INFO - DAG(s) dict_keys(['example_task_group_decorator']) retrieved from /home/airflow/.local/lib/python3.7/site-packages/airflow/example_dags/example_task_group_decorator.py
[2024-04-29T00:35:38.372+0000] {logging_mixin.py:117} INFO - [2024-04-29T00:35:38.372+0000] {dag.py:2573} INFO - Sync 1 DAGs
[2024-04-29T00:35:38.710+0000] {logging_mixin.py:117} INFO - [2024-04-29T00:35:38.710+0000] {dag.py:3328} INFO - Setting next_dagrun for example_task_group_decorator to 2024-04-28T00:35:38.710021+00:00, run_after=2024-04-29T00:35:38.710021+00:00
[2024-04-29T00:35:38.756+0000] {processor.py:178} INFO - Processing /home/airflow/.local/lib/python3.7/site-packages/airflow/example_dags/example_task_group_decorator.py took 0.588 seconds
[2024-04-29T00:36:09.740+0000] {processor.py:156} INFO - Started process (PID=3414) to work on /home/airflow/.local/lib/python3.7/site-packages/airflow/example_dags/example_task_group_decorator.py
[2024-04-29T00:36:09.741+0000] {processor.py:758} INFO - Processing file /home/airflow/.local/lib/python3.7/site-packages/airflow/example_dags/example_task_group_decorator.py for tasks to queue
[2024-04-29T00:36:09.742+0000] {logging_mixin.py:117} INFO - [2024-04-29T00:36:09.742+0000] {dagbag.py:525} INFO - Filling up the DagBag from /home/airflow/.local/lib/python3.7/site-packages/airflow/example_dags/example_task_group_decorator.py
[2024-04-29T00:36:09.786+0000] {processor.py:768} INFO - DAG(s) dict_keys(['example_task_group_decorator']) retrieved from /home/airflow/.local/lib/python3.7/site-packages/airflow/example_dags/example_task_group_decorator.py
[2024-04-29T00:36:09.969+0000] {logging_mixin.py:117} INFO - [2024-04-29T00:36:09.969+0000] {dag.py:2573} INFO - Sync 1 DAGs
[2024-04-29T00:36:10.000+0000] {logging_mixin.py:117} INFO - [2024-04-29T00:36:10.000+0000] {dag.py:3328} INFO - Setting next_dagrun for example_task_group_decorator to 2024-04-28T00:36:10.000168+00:00, run_after=2024-04-29T00:36:10.000168+00:00
[2024-04-29T00:36:10.025+0000] {processor.py:178} INFO - Processing /home/airflow/.local/lib/python3.7/site-packages/airflow/example_dags/example_task_group_decorator.py took 0.288 seconds
[2024-04-29T00:36:40.374+0000] {processor.py:156} INFO - Started process (PID=3636) to work on /home/airflow/.local/lib/python3.7/site-packages/airflow/example_dags/example_task_group_decorator.py
[2024-04-29T00:36:40.375+0000] {processor.py:758} INFO - Processing file /home/airflow/.local/lib/python3.7/site-packages/airflow/example_dags/example_task_group_decorator.py for tasks to queue
[2024-04-29T00:36:40.376+0000] {logging_mixin.py:117} INFO - [2024-04-29T00:36:40.375+0000] {dagbag.py:525} INFO - Filling up the DagBag from /home/airflow/.local/lib/python3.7/site-packages/airflow/example_dags/example_task_group_decorator.py
[2024-04-29T00:36:40.417+0000] {processor.py:768} INFO - DAG(s) dict_keys(['example_task_group_decorator']) retrieved from /home/airflow/.local/lib/python3.7/site-packages/airflow/example_dags/example_task_group_decorator.py
[2024-04-29T00:36:40.604+0000] {logging_mixin.py:117} INFO - [2024-04-29T00:36:40.604+0000] {dag.py:2573} INFO - Sync 1 DAGs
[2024-04-29T00:36:40.635+0000] {logging_mixin.py:117} INFO - [2024-04-29T00:36:40.635+0000] {dag.py:3328} INFO - Setting next_dagrun for example_task_group_decorator to 2024-04-28T00:36:40.634863+00:00, run_after=2024-04-29T00:36:40.634863+00:00
[2024-04-29T00:36:40.659+0000] {processor.py:178} INFO - Processing /home/airflow/.local/lib/python3.7/site-packages/airflow/example_dags/example_task_group_decorator.py took 0.290 seconds
[2024-04-29T00:37:11.019+0000] {processor.py:156} INFO - Started process (PID=3859) to work on /home/airflow/.local/lib/python3.7/site-packages/airflow/example_dags/example_task_group_decorator.py
[2024-04-29T00:37:11.020+0000] {processor.py:758} INFO - Processing file /home/airflow/.local/lib/python3.7/site-packages/airflow/example_dags/example_task_group_decorator.py for tasks to queue
[2024-04-29T00:37:11.020+0000] {logging_mixin.py:117} INFO - [2024-04-29T00:37:11.020+0000] {dagbag.py:525} INFO - Filling up the DagBag from /home/airflow/.local/lib/python3.7/site-packages/airflow/example_dags/example_task_group_decorator.py
[2024-04-29T00:37:11.210+0000] {processor.py:768} INFO - DAG(s) dict_keys(['example_task_group_decorator']) retrieved from /home/airflow/.local/lib/python3.7/site-packages/airflow/example_dags/example_task_group_decorator.py
[2024-04-29T00:37:11.256+0000] {logging_mixin.py:117} INFO - [2024-04-29T00:37:11.256+0000] {dag.py:2573} INFO - Sync 1 DAGs
[2024-04-29T00:37:11.292+0000] {logging_mixin.py:117} INFO - [2024-04-29T00:37:11.292+0000] {dag.py:3328} INFO - Setting next_dagrun for example_task_group_decorator to 2024-04-28T00:37:11.292249+00:00, run_after=2024-04-29T00:37:11.292249+00:00
[2024-04-29T00:37:11.318+0000] {processor.py:178} INFO - Processing /home/airflow/.local/lib/python3.7/site-packages/airflow/example_dags/example_task_group_decorator.py took 0.303 seconds
[2024-04-29T00:37:41.578+0000] {processor.py:156} INFO - Started process (PID=4072) to work on /home/airflow/.local/lib/python3.7/site-packages/airflow/example_dags/example_task_group_decorator.py
[2024-04-29T00:37:41.579+0000] {processor.py:758} INFO - Processing file /home/airflow/.local/lib/python3.7/site-packages/airflow/example_dags/example_task_group_decorator.py for tasks to queue
[2024-04-29T00:37:41.580+0000] {logging_mixin.py:117} INFO - [2024-04-29T00:37:41.580+0000] {dagbag.py:525} INFO - Filling up the DagBag from /home/airflow/.local/lib/python3.7/site-packages/airflow/example_dags/example_task_group_decorator.py
[2024-04-29T00:37:41.761+0000] {processor.py:768} INFO - DAG(s) dict_keys(['example_task_group_decorator']) retrieved from /home/airflow/.local/lib/python3.7/site-packages/airflow/example_dags/example_task_group_decorator.py
[2024-04-29T00:37:41.806+0000] {logging_mixin.py:117} INFO - [2024-04-29T00:37:41.805+0000] {dag.py:2573} INFO - Sync 1 DAGs
[2024-04-29T00:37:41.836+0000] {logging_mixin.py:117} INFO - [2024-04-29T00:37:41.836+0000] {dag.py:3328} INFO - Setting next_dagrun for example_task_group_decorator to 2024-04-28T00:37:41.835835+00:00, run_after=2024-04-29T00:37:41.835835+00:00
[2024-04-29T00:37:41.860+0000] {processor.py:178} INFO - Processing /home/airflow/.local/lib/python3.7/site-packages/airflow/example_dags/example_task_group_decorator.py took 0.285 seconds
[2024-04-29T00:38:12.088+0000] {processor.py:156} INFO - Started process (PID=4294) to work on /home/airflow/.local/lib/python3.7/site-packages/airflow/example_dags/example_task_group_decorator.py
[2024-04-29T00:38:12.089+0000] {processor.py:758} INFO - Processing file /home/airflow/.local/lib/python3.7/site-packages/airflow/example_dags/example_task_group_decorator.py for tasks to queue
[2024-04-29T00:38:12.090+0000] {logging_mixin.py:117} INFO - [2024-04-29T00:38:12.090+0000] {dagbag.py:525} INFO - Filling up the DagBag from /home/airflow/.local/lib/python3.7/site-packages/airflow/example_dags/example_task_group_decorator.py
[2024-04-29T00:38:12.156+0000] {processor.py:768} INFO - DAG(s) dict_keys(['example_task_group_decorator']) retrieved from /home/airflow/.local/lib/python3.7/site-packages/airflow/example_dags/example_task_group_decorator.py
[2024-04-29T00:38:12.209+0000] {logging_mixin.py:117} INFO - [2024-04-29T00:38:12.209+0000] {dag.py:2573} INFO - Sync 1 DAGs
[2024-04-29T00:38:12.242+0000] {logging_mixin.py:117} INFO - [2024-04-29T00:38:12.242+0000] {dag.py:3328} INFO - Setting next_dagrun for example_task_group_decorator to 2024-04-28T00:38:12.241948+00:00, run_after=2024-04-29T00:38:12.241948+00:00
[2024-04-29T00:38:12.267+0000] {processor.py:178} INFO - Processing /home/airflow/.local/lib/python3.7/site-packages/airflow/example_dags/example_task_group_decorator.py took 0.182 seconds
[2024-04-29T00:38:42.617+0000] {processor.py:156} INFO - Started process (PID=4518) to work on /home/airflow/.local/lib/python3.7/site-packages/airflow/example_dags/example_task_group_decorator.py
[2024-04-29T00:38:42.617+0000] {processor.py:758} INFO - Processing file /home/airflow/.local/lib/python3.7/site-packages/airflow/example_dags/example_task_group_decorator.py for tasks to queue
[2024-04-29T00:38:42.618+0000] {logging_mixin.py:117} INFO - [2024-04-29T00:38:42.618+0000] {dagbag.py:525} INFO - Filling up the DagBag from /home/airflow/.local/lib/python3.7/site-packages/airflow/example_dags/example_task_group_decorator.py
[2024-04-29T00:38:42.683+0000] {processor.py:768} INFO - DAG(s) dict_keys(['example_task_group_decorator']) retrieved from /home/airflow/.local/lib/python3.7/site-packages/airflow/example_dags/example_task_group_decorator.py
[2024-04-29T00:38:42.764+0000] {logging_mixin.py:117} INFO - [2024-04-29T00:38:42.764+0000] {dag.py:2573} INFO - Sync 1 DAGs
[2024-04-29T00:38:42.795+0000] {logging_mixin.py:117} INFO - [2024-04-29T00:38:42.795+0000] {dag.py:3328} INFO - Setting next_dagrun for example_task_group_decorator to 2024-04-28T00:38:42.794800+00:00, run_after=2024-04-29T00:38:42.794800+00:00
[2024-04-29T00:38:42.821+0000] {processor.py:178} INFO - Processing /home/airflow/.local/lib/python3.7/site-packages/airflow/example_dags/example_task_group_decorator.py took 0.208 seconds
[2024-04-29T00:39:13.102+0000] {processor.py:156} INFO - Started process (PID=4731) to work on /home/airflow/.local/lib/python3.7/site-packages/airflow/example_dags/example_task_group_decorator.py
[2024-04-29T00:39:13.103+0000] {processor.py:758} INFO - Processing file /home/airflow/.local/lib/python3.7/site-packages/airflow/example_dags/example_task_group_decorator.py for tasks to queue
[2024-04-29T00:39:13.103+0000] {logging_mixin.py:117} INFO - [2024-04-29T00:39:13.103+0000] {dagbag.py:525} INFO - Filling up the DagBag from /home/airflow/.local/lib/python3.7/site-packages/airflow/example_dags/example_task_group_decorator.py
[2024-04-29T00:39:13.148+0000] {processor.py:768} INFO - DAG(s) dict_keys(['example_task_group_decorator']) retrieved from /home/airflow/.local/lib/python3.7/site-packages/airflow/example_dags/example_task_group_decorator.py
[2024-04-29T00:39:13.206+0000] {logging_mixin.py:117} INFO - [2024-04-29T00:39:13.205+0000] {dag.py:2573} INFO - Sync 1 DAGs
[2024-04-29T00:39:13.240+0000] {logging_mixin.py:117} INFO - [2024-04-29T00:39:13.239+0000] {dag.py:3328} INFO - Setting next_dagrun for example_task_group_decorator to 2024-04-28T00:39:13.239664+00:00, run_after=2024-04-29T00:39:13.239664+00:00
[2024-04-29T00:39:13.266+0000] {processor.py:178} INFO - Processing /home/airflow/.local/lib/python3.7/site-packages/airflow/example_dags/example_task_group_decorator.py took 0.168 seconds
[2024-04-29T00:39:43.321+0000] {processor.py:156} INFO - Started process (PID=4953) to work on /home/airflow/.local/lib/python3.7/site-packages/airflow/example_dags/example_task_group_decorator.py
[2024-04-29T00:39:43.322+0000] {processor.py:758} INFO - Processing file /home/airflow/.local/lib/python3.7/site-packages/airflow/example_dags/example_task_group_decorator.py for tasks to queue
[2024-04-29T00:39:43.322+0000] {logging_mixin.py:117} INFO - [2024-04-29T00:39:43.322+0000] {dagbag.py:525} INFO - Filling up the DagBag from /home/airflow/.local/lib/python3.7/site-packages/airflow/example_dags/example_task_group_decorator.py
[2024-04-29T00:39:43.364+0000] {processor.py:768} INFO - DAG(s) dict_keys(['example_task_group_decorator']) retrieved from /home/airflow/.local/lib/python3.7/site-packages/airflow/example_dags/example_task_group_decorator.py
[2024-04-29T00:39:43.415+0000] {logging_mixin.py:117} INFO - [2024-04-29T00:39:43.415+0000] {dag.py:2573} INFO - Sync 1 DAGs
[2024-04-29T00:39:43.452+0000] {logging_mixin.py:117} INFO - [2024-04-29T00:39:43.451+0000] {dag.py:3328} INFO - Setting next_dagrun for example_task_group_decorator to 2024-04-28T00:39:43.451672+00:00, run_after=2024-04-29T00:39:43.451672+00:00
[2024-04-29T00:39:43.478+0000] {processor.py:178} INFO - Processing /home/airflow/.local/lib/python3.7/site-packages/airflow/example_dags/example_task_group_decorator.py took 0.160 seconds
[2024-04-29T00:40:14.448+0000] {processor.py:156} INFO - Started process (PID=5175) to work on /home/airflow/.local/lib/python3.7/site-packages/airflow/example_dags/example_task_group_decorator.py
[2024-04-29T00:40:14.449+0000] {processor.py:758} INFO - Processing file /home/airflow/.local/lib/python3.7/site-packages/airflow/example_dags/example_task_group_decorator.py for tasks to queue
[2024-04-29T00:40:14.449+0000] {logging_mixin.py:117} INFO - [2024-04-29T00:40:14.449+0000] {dagbag.py:525} INFO - Filling up the DagBag from /home/airflow/.local/lib/python3.7/site-packages/airflow/example_dags/example_task_group_decorator.py
[2024-04-29T00:40:14.491+0000] {processor.py:768} INFO - DAG(s) dict_keys(['example_task_group_decorator']) retrieved from /home/airflow/.local/lib/python3.7/site-packages/airflow/example_dags/example_task_group_decorator.py
[2024-04-29T00:40:14.542+0000] {logging_mixin.py:117} INFO - [2024-04-29T00:40:14.542+0000] {dag.py:2573} INFO - Sync 1 DAGs
[2024-04-29T00:40:14.576+0000] {logging_mixin.py:117} INFO - [2024-04-29T00:40:14.576+0000] {dag.py:3328} INFO - Setting next_dagrun for example_task_group_decorator to 2024-04-28T00:40:14.576318+00:00, run_after=2024-04-29T00:40:14.576318+00:00
[2024-04-29T00:40:14.601+0000] {processor.py:178} INFO - Processing /home/airflow/.local/lib/python3.7/site-packages/airflow/example_dags/example_task_group_decorator.py took 0.156 seconds
[2024-04-29T00:40:45.259+0000] {processor.py:156} INFO - Started process (PID=5389) to work on /home/airflow/.local/lib/python3.7/site-packages/airflow/example_dags/example_task_group_decorator.py
[2024-04-29T00:40:45.260+0000] {processor.py:758} INFO - Processing file /home/airflow/.local/lib/python3.7/site-packages/airflow/example_dags/example_task_group_decorator.py for tasks to queue
[2024-04-29T00:40:45.260+0000] {logging_mixin.py:117} INFO - [2024-04-29T00:40:45.260+0000] {dagbag.py:525} INFO - Filling up the DagBag from /home/airflow/.local/lib/python3.7/site-packages/airflow/example_dags/example_task_group_decorator.py
[2024-04-29T00:40:45.311+0000] {processor.py:768} INFO - DAG(s) dict_keys(['example_task_group_decorator']) retrieved from /home/airflow/.local/lib/python3.7/site-packages/airflow/example_dags/example_task_group_decorator.py
[2024-04-29T00:40:45.363+0000] {logging_mixin.py:117} INFO - [2024-04-29T00:40:45.363+0000] {dag.py:2573} INFO - Sync 1 DAGs
[2024-04-29T00:40:45.414+0000] {logging_mixin.py:117} INFO - [2024-04-29T00:40:45.414+0000] {dag.py:3328} INFO - Setting next_dagrun for example_task_group_decorator to 2024-04-28T00:40:45.413983+00:00, run_after=2024-04-29T00:40:45.413983+00:00
[2024-04-29T00:40:45.474+0000] {processor.py:178} INFO - Processing /home/airflow/.local/lib/python3.7/site-packages/airflow/example_dags/example_task_group_decorator.py took 0.219 seconds
[2024-04-29T00:41:15.973+0000] {processor.py:156} INFO - Started process (PID=5612) to work on /home/airflow/.local/lib/python3.7/site-packages/airflow/example_dags/example_task_group_decorator.py
[2024-04-29T00:41:15.974+0000] {processor.py:758} INFO - Processing file /home/airflow/.local/lib/python3.7/site-packages/airflow/example_dags/example_task_group_decorator.py for tasks to queue
[2024-04-29T00:41:15.975+0000] {logging_mixin.py:117} INFO - [2024-04-29T00:41:15.975+0000] {dagbag.py:525} INFO - Filling up the DagBag from /home/airflow/.local/lib/python3.7/site-packages/airflow/example_dags/example_task_group_decorator.py
[2024-04-29T00:41:16.017+0000] {processor.py:768} INFO - DAG(s) dict_keys(['example_task_group_decorator']) retrieved from /home/airflow/.local/lib/python3.7/site-packages/airflow/example_dags/example_task_group_decorator.py
[2024-04-29T00:41:16.084+0000] {logging_mixin.py:117} INFO - [2024-04-29T00:41:16.084+0000] {dag.py:2573} INFO - Sync 1 DAGs
[2024-04-29T00:41:16.153+0000] {logging_mixin.py:117} INFO - [2024-04-29T00:41:16.152+0000] {dag.py:3328} INFO - Setting next_dagrun for example_task_group_decorator to 2024-04-28T00:41:16.151766+00:00, run_after=2024-04-29T00:41:16.151766+00:00
[2024-04-29T00:41:16.226+0000] {processor.py:178} INFO - Processing /home/airflow/.local/lib/python3.7/site-packages/airflow/example_dags/example_task_group_decorator.py took 0.256 seconds
[2024-04-29T00:41:46.451+0000] {processor.py:156} INFO - Started process (PID=5835) to work on /home/airflow/.local/lib/python3.7/site-packages/airflow/example_dags/example_task_group_decorator.py
[2024-04-29T00:41:46.461+0000] {processor.py:758} INFO - Processing file /home/airflow/.local/lib/python3.7/site-packages/airflow/example_dags/example_task_group_decorator.py for tasks to queue
[2024-04-29T00:41:46.462+0000] {logging_mixin.py:117} INFO - [2024-04-29T00:41:46.462+0000] {dagbag.py:525} INFO - Filling up the DagBag from /home/airflow/.local/lib/python3.7/site-packages/airflow/example_dags/example_task_group_decorator.py
[2024-04-29T00:41:46.569+0000] {processor.py:768} INFO - DAG(s) dict_keys(['example_task_group_decorator']) retrieved from /home/airflow/.local/lib/python3.7/site-packages/airflow/example_dags/example_task_group_decorator.py
[2024-04-29T00:41:46.670+0000] {logging_mixin.py:117} INFO - [2024-04-29T00:41:46.670+0000] {dag.py:2573} INFO - Sync 1 DAGs
[2024-04-29T00:41:46.700+0000] {logging_mixin.py:117} INFO - [2024-04-29T00:41:46.700+0000] {dag.py:3328} INFO - Setting next_dagrun for example_task_group_decorator to 2024-04-28T00:41:46.700016+00:00, run_after=2024-04-29T00:41:46.700016+00:00
[2024-04-29T00:41:46.725+0000] {processor.py:178} INFO - Processing /home/airflow/.local/lib/python3.7/site-packages/airflow/example_dags/example_task_group_decorator.py took 0.281 seconds
[2024-04-29T00:42:16.807+0000] {processor.py:156} INFO - Started process (PID=6051) to work on /home/airflow/.local/lib/python3.7/site-packages/airflow/example_dags/example_task_group_decorator.py
[2024-04-29T00:42:16.809+0000] {processor.py:758} INFO - Processing file /home/airflow/.local/lib/python3.7/site-packages/airflow/example_dags/example_task_group_decorator.py for tasks to queue
[2024-04-29T00:42:16.810+0000] {logging_mixin.py:117} INFO - [2024-04-29T00:42:16.810+0000] {dagbag.py:525} INFO - Filling up the DagBag from /home/airflow/.local/lib/python3.7/site-packages/airflow/example_dags/example_task_group_decorator.py
[2024-04-29T00:42:16.860+0000] {processor.py:768} INFO - DAG(s) dict_keys(['example_task_group_decorator']) retrieved from /home/airflow/.local/lib/python3.7/site-packages/airflow/example_dags/example_task_group_decorator.py
[2024-04-29T00:42:16.911+0000] {logging_mixin.py:117} INFO - [2024-04-29T00:42:16.910+0000] {dag.py:2573} INFO - Sync 1 DAGs
[2024-04-29T00:42:16.940+0000] {logging_mixin.py:117} INFO - [2024-04-29T00:42:16.940+0000] {dag.py:3328} INFO - Setting next_dagrun for example_task_group_decorator to 2024-04-28T00:42:16.939895+00:00, run_after=2024-04-29T00:42:16.939895+00:00
[2024-04-29T00:42:16.965+0000] {processor.py:178} INFO - Processing /home/airflow/.local/lib/python3.7/site-packages/airflow/example_dags/example_task_group_decorator.py took 0.165 seconds
[2024-04-29T00:42:47.234+0000] {processor.py:156} INFO - Started process (PID=6273) to work on /home/airflow/.local/lib/python3.7/site-packages/airflow/example_dags/example_task_group_decorator.py
[2024-04-29T00:42:47.234+0000] {processor.py:758} INFO - Processing file /home/airflow/.local/lib/python3.7/site-packages/airflow/example_dags/example_task_group_decorator.py for tasks to queue
[2024-04-29T00:42:47.235+0000] {logging_mixin.py:117} INFO - [2024-04-29T00:42:47.235+0000] {dagbag.py:525} INFO - Filling up the DagBag from /home/airflow/.local/lib/python3.7/site-packages/airflow/example_dags/example_task_group_decorator.py
[2024-04-29T00:42:47.281+0000] {processor.py:768} INFO - DAG(s) dict_keys(['example_task_group_decorator']) retrieved from /home/airflow/.local/lib/python3.7/site-packages/airflow/example_dags/example_task_group_decorator.py
[2024-04-29T00:42:47.357+0000] {logging_mixin.py:117} INFO - [2024-04-29T00:42:47.357+0000] {dag.py:2573} INFO - Sync 1 DAGs
[2024-04-29T00:42:47.418+0000] {logging_mixin.py:117} INFO - [2024-04-29T00:42:47.418+0000] {dag.py:3328} INFO - Setting next_dagrun for example_task_group_decorator to 2024-04-28T00:42:47.417984+00:00, run_after=2024-04-29T00:42:47.417984+00:00
[2024-04-29T00:42:47.460+0000] {processor.py:178} INFO - Processing /home/airflow/.local/lib/python3.7/site-packages/airflow/example_dags/example_task_group_decorator.py took 0.230 seconds
[2024-04-29T00:43:17.716+0000] {processor.py:156} INFO - Started process (PID=6499) to work on /home/airflow/.local/lib/python3.7/site-packages/airflow/example_dags/example_task_group_decorator.py
[2024-04-29T00:43:17.721+0000] {processor.py:758} INFO - Processing file /home/airflow/.local/lib/python3.7/site-packages/airflow/example_dags/example_task_group_decorator.py for tasks to queue
[2024-04-29T00:43:17.723+0000] {logging_mixin.py:117} INFO - [2024-04-29T00:43:17.722+0000] {dagbag.py:525} INFO - Filling up the DagBag from /home/airflow/.local/lib/python3.7/site-packages/airflow/example_dags/example_task_group_decorator.py
[2024-04-29T00:43:17.880+0000] {processor.py:768} INFO - DAG(s) dict_keys(['example_task_group_decorator']) retrieved from /home/airflow/.local/lib/python3.7/site-packages/airflow/example_dags/example_task_group_decorator.py
[2024-04-29T00:43:17.970+0000] {logging_mixin.py:117} INFO - [2024-04-29T00:43:17.970+0000] {dag.py:2573} INFO - Sync 1 DAGs
[2024-04-29T00:43:18.013+0000] {logging_mixin.py:117} INFO - [2024-04-29T00:43:18.013+0000] {dag.py:3328} INFO - Setting next_dagrun for example_task_group_decorator to 2024-04-28T00:43:18.013031+00:00, run_after=2024-04-29T00:43:18.013031+00:00
[2024-04-29T00:43:18.044+0000] {processor.py:178} INFO - Processing /home/airflow/.local/lib/python3.7/site-packages/airflow/example_dags/example_task_group_decorator.py took 0.340 seconds
[2024-04-29T00:43:48.863+0000] {processor.py:156} INFO - Started process (PID=6712) to work on /home/airflow/.local/lib/python3.7/site-packages/airflow/example_dags/example_task_group_decorator.py
[2024-04-29T00:43:48.863+0000] {processor.py:758} INFO - Processing file /home/airflow/.local/lib/python3.7/site-packages/airflow/example_dags/example_task_group_decorator.py for tasks to queue
[2024-04-29T00:43:48.864+0000] {logging_mixin.py:117} INFO - [2024-04-29T00:43:48.864+0000] {dagbag.py:525} INFO - Filling up the DagBag from /home/airflow/.local/lib/python3.7/site-packages/airflow/example_dags/example_task_group_decorator.py
[2024-04-29T00:43:48.907+0000] {processor.py:768} INFO - DAG(s) dict_keys(['example_task_group_decorator']) retrieved from /home/airflow/.local/lib/python3.7/site-packages/airflow/example_dags/example_task_group_decorator.py
[2024-04-29T00:43:48.963+0000] {logging_mixin.py:117} INFO - [2024-04-29T00:43:48.963+0000] {dag.py:2573} INFO - Sync 1 DAGs
[2024-04-29T00:43:48.996+0000] {logging_mixin.py:117} INFO - [2024-04-29T00:43:48.995+0000] {dag.py:3328} INFO - Setting next_dagrun for example_task_group_decorator to 2024-04-28T00:43:48.995661+00:00, run_after=2024-04-29T00:43:48.995661+00:00
[2024-04-29T00:43:49.020+0000] {processor.py:178} INFO - Processing /home/airflow/.local/lib/python3.7/site-packages/airflow/example_dags/example_task_group_decorator.py took 0.161 seconds
[2024-04-29T00:44:19.383+0000] {processor.py:156} INFO - Started process (PID=6935) to work on /home/airflow/.local/lib/python3.7/site-packages/airflow/example_dags/example_task_group_decorator.py
[2024-04-29T00:44:19.383+0000] {processor.py:758} INFO - Processing file /home/airflow/.local/lib/python3.7/site-packages/airflow/example_dags/example_task_group_decorator.py for tasks to queue
[2024-04-29T00:44:19.384+0000] {logging_mixin.py:117} INFO - [2024-04-29T00:44:19.384+0000] {dagbag.py:525} INFO - Filling up the DagBag from /home/airflow/.local/lib/python3.7/site-packages/airflow/example_dags/example_task_group_decorator.py
[2024-04-29T00:44:19.426+0000] {processor.py:768} INFO - DAG(s) dict_keys(['example_task_group_decorator']) retrieved from /home/airflow/.local/lib/python3.7/site-packages/airflow/example_dags/example_task_group_decorator.py
[2024-04-29T00:44:19.476+0000] {logging_mixin.py:117} INFO - [2024-04-29T00:44:19.476+0000] {dag.py:2573} INFO - Sync 1 DAGs
[2024-04-29T00:44:19.509+0000] {logging_mixin.py:117} INFO - [2024-04-29T00:44:19.509+0000] {dag.py:3328} INFO - Setting next_dagrun for example_task_group_decorator to 2024-04-28T00:44:19.509571+00:00, run_after=2024-04-29T00:44:19.509571+00:00
[2024-04-29T00:44:19.534+0000] {processor.py:178} INFO - Processing /home/airflow/.local/lib/python3.7/site-packages/airflow/example_dags/example_task_group_decorator.py took 0.155 seconds
[2024-04-29T00:44:49.783+0000] {processor.py:156} INFO - Started process (PID=7158) to work on /home/airflow/.local/lib/python3.7/site-packages/airflow/example_dags/example_task_group_decorator.py
[2024-04-29T00:44:49.784+0000] {processor.py:758} INFO - Processing file /home/airflow/.local/lib/python3.7/site-packages/airflow/example_dags/example_task_group_decorator.py for tasks to queue
[2024-04-29T00:44:49.785+0000] {logging_mixin.py:117} INFO - [2024-04-29T00:44:49.785+0000] {dagbag.py:525} INFO - Filling up the DagBag from /home/airflow/.local/lib/python3.7/site-packages/airflow/example_dags/example_task_group_decorator.py
[2024-04-29T00:44:49.863+0000] {processor.py:768} INFO - DAG(s) dict_keys(['example_task_group_decorator']) retrieved from /home/airflow/.local/lib/python3.7/site-packages/airflow/example_dags/example_task_group_decorator.py
[2024-04-29T00:44:49.952+0000] {logging_mixin.py:117} INFO - [2024-04-29T00:44:49.951+0000] {dag.py:2573} INFO - Sync 1 DAGs
[2024-04-29T00:44:50.003+0000] {logging_mixin.py:117} INFO - [2024-04-29T00:44:50.002+0000] {dag.py:3328} INFO - Setting next_dagrun for example_task_group_decorator to 2024-04-28T00:44:50.002247+00:00, run_after=2024-04-29T00:44:50.002247+00:00
[2024-04-29T00:44:50.072+0000] {processor.py:178} INFO - Processing /home/airflow/.local/lib/python3.7/site-packages/airflow/example_dags/example_task_group_decorator.py took 0.292 seconds
[2024-04-29T00:45:20.613+0000] {processor.py:156} INFO - Started process (PID=7373) to work on /home/airflow/.local/lib/python3.7/site-packages/airflow/example_dags/example_task_group_decorator.py
[2024-04-29T00:45:20.614+0000] {processor.py:758} INFO - Processing file /home/airflow/.local/lib/python3.7/site-packages/airflow/example_dags/example_task_group_decorator.py for tasks to queue
[2024-04-29T00:45:20.615+0000] {logging_mixin.py:117} INFO - [2024-04-29T00:45:20.615+0000] {dagbag.py:525} INFO - Filling up the DagBag from /home/airflow/.local/lib/python3.7/site-packages/airflow/example_dags/example_task_group_decorator.py
[2024-04-29T00:45:20.656+0000] {processor.py:768} INFO - DAG(s) dict_keys(['example_task_group_decorator']) retrieved from /home/airflow/.local/lib/python3.7/site-packages/airflow/example_dags/example_task_group_decorator.py
[2024-04-29T00:45:20.706+0000] {logging_mixin.py:117} INFO - [2024-04-29T00:45:20.706+0000] {dag.py:2573} INFO - Sync 1 DAGs
[2024-04-29T00:45:20.748+0000] {logging_mixin.py:117} INFO - [2024-04-29T00:45:20.748+0000] {dag.py:3328} INFO - Setting next_dagrun for example_task_group_decorator to 2024-04-28T00:45:20.748140+00:00, run_after=2024-04-29T00:45:20.748140+00:00
[2024-04-29T00:45:20.800+0000] {processor.py:178} INFO - Processing /home/airflow/.local/lib/python3.7/site-packages/airflow/example_dags/example_task_group_decorator.py took 0.190 seconds
[2024-04-29T00:45:51.146+0000] {processor.py:156} INFO - Started process (PID=7597) to work on /home/airflow/.local/lib/python3.7/site-packages/airflow/example_dags/example_task_group_decorator.py
[2024-04-29T00:45:51.147+0000] {processor.py:758} INFO - Processing file /home/airflow/.local/lib/python3.7/site-packages/airflow/example_dags/example_task_group_decorator.py for tasks to queue
[2024-04-29T00:45:51.148+0000] {logging_mixin.py:117} INFO - [2024-04-29T00:45:51.147+0000] {dagbag.py:525} INFO - Filling up the DagBag from /home/airflow/.local/lib/python3.7/site-packages/airflow/example_dags/example_task_group_decorator.py
[2024-04-29T00:45:51.191+0000] {processor.py:768} INFO - DAG(s) dict_keys(['example_task_group_decorator']) retrieved from /home/airflow/.local/lib/python3.7/site-packages/airflow/example_dags/example_task_group_decorator.py
[2024-04-29T00:45:51.242+0000] {logging_mixin.py:117} INFO - [2024-04-29T00:45:51.242+0000] {dag.py:2573} INFO - Sync 1 DAGs
[2024-04-29T00:45:51.276+0000] {logging_mixin.py:117} INFO - [2024-04-29T00:45:51.275+0000] {dag.py:3328} INFO - Setting next_dagrun for example_task_group_decorator to 2024-04-28T00:45:51.275614+00:00, run_after=2024-04-29T00:45:51.275614+00:00
[2024-04-29T00:45:51.301+0000] {processor.py:178} INFO - Processing /home/airflow/.local/lib/python3.7/site-packages/airflow/example_dags/example_task_group_decorator.py took 0.159 seconds
[2024-04-29T00:46:21.374+0000] {processor.py:156} INFO - Started process (PID=7820) to work on /home/airflow/.local/lib/python3.7/site-packages/airflow/example_dags/example_task_group_decorator.py
[2024-04-29T00:46:21.375+0000] {processor.py:758} INFO - Processing file /home/airflow/.local/lib/python3.7/site-packages/airflow/example_dags/example_task_group_decorator.py for tasks to queue
[2024-04-29T00:46:21.375+0000] {logging_mixin.py:117} INFO - [2024-04-29T00:46:21.375+0000] {dagbag.py:525} INFO - Filling up the DagBag from /home/airflow/.local/lib/python3.7/site-packages/airflow/example_dags/example_task_group_decorator.py
[2024-04-29T00:46:21.460+0000] {processor.py:768} INFO - DAG(s) dict_keys(['example_task_group_decorator']) retrieved from /home/airflow/.local/lib/python3.7/site-packages/airflow/example_dags/example_task_group_decorator.py
[2024-04-29T00:46:21.562+0000] {logging_mixin.py:117} INFO - [2024-04-29T00:46:21.562+0000] {dag.py:2573} INFO - Sync 1 DAGs
[2024-04-29T00:46:21.616+0000] {logging_mixin.py:117} INFO - [2024-04-29T00:46:21.616+0000] {dag.py:3328} INFO - Setting next_dagrun for example_task_group_decorator to 2024-04-28T00:46:21.615798+00:00, run_after=2024-04-29T00:46:21.615798+00:00
[2024-04-29T00:46:21.692+0000] {processor.py:178} INFO - Processing /home/airflow/.local/lib/python3.7/site-packages/airflow/example_dags/example_task_group_decorator.py took 0.324 seconds
[2024-04-29T00:46:52.251+0000] {processor.py:156} INFO - Started process (PID=8036) to work on /home/airflow/.local/lib/python3.7/site-packages/airflow/example_dags/example_task_group_decorator.py
[2024-04-29T00:46:52.252+0000] {processor.py:758} INFO - Processing file /home/airflow/.local/lib/python3.7/site-packages/airflow/example_dags/example_task_group_decorator.py for tasks to queue
[2024-04-29T00:46:52.252+0000] {logging_mixin.py:117} INFO - [2024-04-29T00:46:52.252+0000] {dagbag.py:525} INFO - Filling up the DagBag from /home/airflow/.local/lib/python3.7/site-packages/airflow/example_dags/example_task_group_decorator.py
[2024-04-29T00:46:52.290+0000] {processor.py:768} INFO - DAG(s) dict_keys(['example_task_group_decorator']) retrieved from /home/airflow/.local/lib/python3.7/site-packages/airflow/example_dags/example_task_group_decorator.py
[2024-04-29T00:46:52.324+0000] {logging_mixin.py:117} INFO - [2024-04-29T00:46:52.324+0000] {dag.py:2573} INFO - Sync 1 DAGs
[2024-04-29T00:46:52.345+0000] {logging_mixin.py:117} INFO - [2024-04-29T00:46:52.345+0000] {dag.py:3328} INFO - Setting next_dagrun for example_task_group_decorator to 2024-04-28T00:46:52.345186+00:00, run_after=2024-04-29T00:46:52.345186+00:00
[2024-04-29T00:46:52.366+0000] {processor.py:178} INFO - Processing /home/airflow/.local/lib/python3.7/site-packages/airflow/example_dags/example_task_group_decorator.py took 0.119 seconds
[2024-04-29T00:47:22.930+0000] {processor.py:156} INFO - Started process (PID=8259) to work on /home/airflow/.local/lib/python3.7/site-packages/airflow/example_dags/example_task_group_decorator.py
[2024-04-29T00:47:22.931+0000] {processor.py:758} INFO - Processing file /home/airflow/.local/lib/python3.7/site-packages/airflow/example_dags/example_task_group_decorator.py for tasks to queue
[2024-04-29T00:47:22.933+0000] {logging_mixin.py:117} INFO - [2024-04-29T00:47:22.933+0000] {dagbag.py:525} INFO - Filling up the DagBag from /home/airflow/.local/lib/python3.7/site-packages/airflow/example_dags/example_task_group_decorator.py
[2024-04-29T00:47:22.974+0000] {processor.py:768} INFO - DAG(s) dict_keys(['example_task_group_decorator']) retrieved from /home/airflow/.local/lib/python3.7/site-packages/airflow/example_dags/example_task_group_decorator.py
[2024-04-29T00:47:23.025+0000] {logging_mixin.py:117} INFO - [2024-04-29T00:47:23.024+0000] {dag.py:2573} INFO - Sync 1 DAGs
[2024-04-29T00:47:23.057+0000] {logging_mixin.py:117} INFO - [2024-04-29T00:47:23.057+0000] {dag.py:3328} INFO - Setting next_dagrun for example_task_group_decorator to 2024-04-28T00:47:23.056889+00:00, run_after=2024-04-29T00:47:23.056889+00:00
[2024-04-29T00:47:23.080+0000] {processor.py:178} INFO - Processing /home/airflow/.local/lib/python3.7/site-packages/airflow/example_dags/example_task_group_decorator.py took 0.152 seconds
[2024-04-29T00:47:53.366+0000] {processor.py:156} INFO - Started process (PID=8480) to work on /home/airflow/.local/lib/python3.7/site-packages/airflow/example_dags/example_task_group_decorator.py
[2024-04-29T00:47:53.367+0000] {processor.py:758} INFO - Processing file /home/airflow/.local/lib/python3.7/site-packages/airflow/example_dags/example_task_group_decorator.py for tasks to queue
[2024-04-29T00:47:53.368+0000] {logging_mixin.py:117} INFO - [2024-04-29T00:47:53.368+0000] {dagbag.py:525} INFO - Filling up the DagBag from /home/airflow/.local/lib/python3.7/site-packages/airflow/example_dags/example_task_group_decorator.py
[2024-04-29T00:47:53.451+0000] {processor.py:768} INFO - DAG(s) dict_keys(['example_task_group_decorator']) retrieved from /home/airflow/.local/lib/python3.7/site-packages/airflow/example_dags/example_task_group_decorator.py
[2024-04-29T00:47:53.517+0000] {logging_mixin.py:117} INFO - [2024-04-29T00:47:53.517+0000] {dag.py:2573} INFO - Sync 1 DAGs
[2024-04-29T00:47:53.574+0000] {logging_mixin.py:117} INFO - [2024-04-29T00:47:53.573+0000] {dag.py:3328} INFO - Setting next_dagrun for example_task_group_decorator to 2024-04-28T00:47:53.573726+00:00, run_after=2024-04-29T00:47:53.573726+00:00
[2024-04-29T00:47:53.602+0000] {processor.py:178} INFO - Processing /home/airflow/.local/lib/python3.7/site-packages/airflow/example_dags/example_task_group_decorator.py took 0.239 seconds
[2024-04-29T00:48:24.293+0000] {processor.py:156} INFO - Started process (PID=8693) to work on /home/airflow/.local/lib/python3.7/site-packages/airflow/example_dags/example_task_group_decorator.py
[2024-04-29T00:48:24.294+0000] {processor.py:758} INFO - Processing file /home/airflow/.local/lib/python3.7/site-packages/airflow/example_dags/example_task_group_decorator.py for tasks to queue
[2024-04-29T00:48:24.294+0000] {logging_mixin.py:117} INFO - [2024-04-29T00:48:24.294+0000] {dagbag.py:525} INFO - Filling up the DagBag from /home/airflow/.local/lib/python3.7/site-packages/airflow/example_dags/example_task_group_decorator.py
[2024-04-29T00:48:24.336+0000] {processor.py:768} INFO - DAG(s) dict_keys(['example_task_group_decorator']) retrieved from /home/airflow/.local/lib/python3.7/site-packages/airflow/example_dags/example_task_group_decorator.py
[2024-04-29T00:48:24.389+0000] {logging_mixin.py:117} INFO - [2024-04-29T00:48:24.389+0000] {dag.py:2573} INFO - Sync 1 DAGs
[2024-04-29T00:48:24.421+0000] {logging_mixin.py:117} INFO - [2024-04-29T00:48:24.421+0000] {dag.py:3328} INFO - Setting next_dagrun for example_task_group_decorator to 2024-04-28T00:48:24.421581+00:00, run_after=2024-04-29T00:48:24.421581+00:00
[2024-04-29T00:48:24.451+0000] {processor.py:178} INFO - Processing /home/airflow/.local/lib/python3.7/site-packages/airflow/example_dags/example_task_group_decorator.py took 0.161 seconds
[2024-04-29T00:48:54.718+0000] {processor.py:156} INFO - Started process (PID=8918) to work on /home/airflow/.local/lib/python3.7/site-packages/airflow/example_dags/example_task_group_decorator.py
[2024-04-29T00:48:54.720+0000] {processor.py:758} INFO - Processing file /home/airflow/.local/lib/python3.7/site-packages/airflow/example_dags/example_task_group_decorator.py for tasks to queue
[2024-04-29T00:48:54.721+0000] {logging_mixin.py:117} INFO - [2024-04-29T00:48:54.721+0000] {dagbag.py:525} INFO - Filling up the DagBag from /home/airflow/.local/lib/python3.7/site-packages/airflow/example_dags/example_task_group_decorator.py
[2024-04-29T00:48:54.754+0000] {processor.py:768} INFO - DAG(s) dict_keys(['example_task_group_decorator']) retrieved from /home/airflow/.local/lib/python3.7/site-packages/airflow/example_dags/example_task_group_decorator.py
[2024-04-29T00:48:54.789+0000] {logging_mixin.py:117} INFO - [2024-04-29T00:48:54.789+0000] {dag.py:2573} INFO - Sync 1 DAGs
[2024-04-29T00:48:54.809+0000] {logging_mixin.py:117} INFO - [2024-04-29T00:48:54.809+0000] {dag.py:3328} INFO - Setting next_dagrun for example_task_group_decorator to 2024-04-28T00:48:54.809485+00:00, run_after=2024-04-29T00:48:54.809485+00:00
[2024-04-29T00:48:54.834+0000] {processor.py:178} INFO - Processing /home/airflow/.local/lib/python3.7/site-packages/airflow/example_dags/example_task_group_decorator.py took 0.119 seconds
[2024-04-29T00:49:25.047+0000] {processor.py:156} INFO - Started process (PID=9138) to work on /home/airflow/.local/lib/python3.7/site-packages/airflow/example_dags/example_task_group_decorator.py
[2024-04-29T00:49:25.048+0000] {processor.py:758} INFO - Processing file /home/airflow/.local/lib/python3.7/site-packages/airflow/example_dags/example_task_group_decorator.py for tasks to queue
[2024-04-29T00:49:25.049+0000] {logging_mixin.py:117} INFO - [2024-04-29T00:49:25.049+0000] {dagbag.py:525} INFO - Filling up the DagBag from /home/airflow/.local/lib/python3.7/site-packages/airflow/example_dags/example_task_group_decorator.py
[2024-04-29T00:49:25.113+0000] {processor.py:768} INFO - DAG(s) dict_keys(['example_task_group_decorator']) retrieved from /home/airflow/.local/lib/python3.7/site-packages/airflow/example_dags/example_task_group_decorator.py
[2024-04-29T00:49:25.203+0000] {logging_mixin.py:117} INFO - [2024-04-29T00:49:25.202+0000] {dag.py:2573} INFO - Sync 1 DAGs
[2024-04-29T00:49:25.247+0000] {logging_mixin.py:117} INFO - [2024-04-29T00:49:25.246+0000] {dag.py:3328} INFO - Setting next_dagrun for example_task_group_decorator to 2024-04-28T00:49:25.246716+00:00, run_after=2024-04-29T00:49:25.246716+00:00
[2024-04-29T00:49:25.279+0000] {processor.py:178} INFO - Processing /home/airflow/.local/lib/python3.7/site-packages/airflow/example_dags/example_task_group_decorator.py took 0.235 seconds
[2024-04-29T00:49:56.164+0000] {processor.py:156} INFO - Started process (PID=9354) to work on /home/airflow/.local/lib/python3.7/site-packages/airflow/example_dags/example_task_group_decorator.py
[2024-04-29T00:49:56.164+0000] {processor.py:758} INFO - Processing file /home/airflow/.local/lib/python3.7/site-packages/airflow/example_dags/example_task_group_decorator.py for tasks to queue
[2024-04-29T00:49:56.165+0000] {logging_mixin.py:117} INFO - [2024-04-29T00:49:56.165+0000] {dagbag.py:525} INFO - Filling up the DagBag from /home/airflow/.local/lib/python3.7/site-packages/airflow/example_dags/example_task_group_decorator.py
[2024-04-29T00:49:56.193+0000] {processor.py:768} INFO - DAG(s) dict_keys(['example_task_group_decorator']) retrieved from /home/airflow/.local/lib/python3.7/site-packages/airflow/example_dags/example_task_group_decorator.py
[2024-04-29T00:49:56.228+0000] {logging_mixin.py:117} INFO - [2024-04-29T00:49:56.228+0000] {dag.py:2573} INFO - Sync 1 DAGs
[2024-04-29T00:49:56.251+0000] {logging_mixin.py:117} INFO - [2024-04-29T00:49:56.251+0000] {dag.py:3328} INFO - Setting next_dagrun for example_task_group_decorator to 2024-04-28T00:49:56.251063+00:00, run_after=2024-04-29T00:49:56.251063+00:00
[2024-04-29T00:49:56.275+0000] {processor.py:178} INFO - Processing /home/airflow/.local/lib/python3.7/site-packages/airflow/example_dags/example_task_group_decorator.py took 0.113 seconds
[2024-04-29T00:50:27.119+0000] {processor.py:156} INFO - Started process (PID=9578) to work on /home/airflow/.local/lib/python3.7/site-packages/airflow/example_dags/example_task_group_decorator.py
[2024-04-29T00:50:27.129+0000] {processor.py:758} INFO - Processing file /home/airflow/.local/lib/python3.7/site-packages/airflow/example_dags/example_task_group_decorator.py for tasks to queue
[2024-04-29T00:50:27.129+0000] {logging_mixin.py:117} INFO - [2024-04-29T00:50:27.129+0000] {dagbag.py:525} INFO - Filling up the DagBag from /home/airflow/.local/lib/python3.7/site-packages/airflow/example_dags/example_task_group_decorator.py
[2024-04-29T00:50:27.179+0000] {processor.py:768} INFO - DAG(s) dict_keys(['example_task_group_decorator']) retrieved from /home/airflow/.local/lib/python3.7/site-packages/airflow/example_dags/example_task_group_decorator.py
[2024-04-29T00:50:27.243+0000] {logging_mixin.py:117} INFO - [2024-04-29T00:50:27.243+0000] {dag.py:2573} INFO - Sync 1 DAGs
[2024-04-29T00:50:27.286+0000] {logging_mixin.py:117} INFO - [2024-04-29T00:50:27.286+0000] {dag.py:3328} INFO - Setting next_dagrun for example_task_group_decorator to 2024-04-28T00:50:27.286431+00:00, run_after=2024-04-29T00:50:27.286431+00:00
[2024-04-29T00:50:27.312+0000] {processor.py:178} INFO - Processing /home/airflow/.local/lib/python3.7/site-packages/airflow/example_dags/example_task_group_decorator.py took 0.196 seconds
[2024-04-29T00:50:57.635+0000] {processor.py:156} INFO - Started process (PID=9798) to work on /home/airflow/.local/lib/python3.7/site-packages/airflow/example_dags/example_task_group_decorator.py
[2024-04-29T00:50:57.636+0000] {processor.py:758} INFO - Processing file /home/airflow/.local/lib/python3.7/site-packages/airflow/example_dags/example_task_group_decorator.py for tasks to queue
[2024-04-29T00:50:57.636+0000] {logging_mixin.py:117} INFO - [2024-04-29T00:50:57.636+0000] {dagbag.py:525} INFO - Filling up the DagBag from /home/airflow/.local/lib/python3.7/site-packages/airflow/example_dags/example_task_group_decorator.py
[2024-04-29T00:50:57.684+0000] {processor.py:768} INFO - DAG(s) dict_keys(['example_task_group_decorator']) retrieved from /home/airflow/.local/lib/python3.7/site-packages/airflow/example_dags/example_task_group_decorator.py
[2024-04-29T00:50:57.747+0000] {logging_mixin.py:117} INFO - [2024-04-29T00:50:57.747+0000] {dag.py:2573} INFO - Sync 1 DAGs
[2024-04-29T00:50:57.781+0000] {logging_mixin.py:117} INFO - [2024-04-29T00:50:57.781+0000] {dag.py:3328} INFO - Setting next_dagrun for example_task_group_decorator to 2024-04-28T00:50:57.781504+00:00, run_after=2024-04-29T00:50:57.781504+00:00
[2024-04-29T00:50:57.809+0000] {processor.py:178} INFO - Processing /home/airflow/.local/lib/python3.7/site-packages/airflow/example_dags/example_task_group_decorator.py took 0.178 seconds
[2024-04-29T00:51:27.978+0000] {processor.py:156} INFO - Started process (PID=10013) to work on /home/airflow/.local/lib/python3.7/site-packages/airflow/example_dags/example_task_group_decorator.py
[2024-04-29T00:51:27.979+0000] {processor.py:758} INFO - Processing file /home/airflow/.local/lib/python3.7/site-packages/airflow/example_dags/example_task_group_decorator.py for tasks to queue
[2024-04-29T00:51:27.979+0000] {logging_mixin.py:117} INFO - [2024-04-29T00:51:27.979+0000] {dagbag.py:525} INFO - Filling up the DagBag from /home/airflow/.local/lib/python3.7/site-packages/airflow/example_dags/example_task_group_decorator.py
[2024-04-29T00:51:28.022+0000] {processor.py:768} INFO - DAG(s) dict_keys(['example_task_group_decorator']) retrieved from /home/airflow/.local/lib/python3.7/site-packages/airflow/example_dags/example_task_group_decorator.py
[2024-04-29T00:51:28.071+0000] {logging_mixin.py:117} INFO - [2024-04-29T00:51:28.071+0000] {dag.py:2573} INFO - Sync 1 DAGs
[2024-04-29T00:51:28.102+0000] {logging_mixin.py:117} INFO - [2024-04-29T00:51:28.102+0000] {dag.py:3328} INFO - Setting next_dagrun for example_task_group_decorator to 2024-04-28T00:51:28.102576+00:00, run_after=2024-04-29T00:51:28.102576+00:00
[2024-04-29T00:51:28.127+0000] {processor.py:178} INFO - Processing /home/airflow/.local/lib/python3.7/site-packages/airflow/example_dags/example_task_group_decorator.py took 0.152 seconds
[2024-04-29T00:51:58.271+0000] {processor.py:156} INFO - Started process (PID=10234) to work on /home/airflow/.local/lib/python3.7/site-packages/airflow/example_dags/example_task_group_decorator.py
[2024-04-29T00:51:58.272+0000] {processor.py:758} INFO - Processing file /home/airflow/.local/lib/python3.7/site-packages/airflow/example_dags/example_task_group_decorator.py for tasks to queue
[2024-04-29T00:51:58.273+0000] {logging_mixin.py:117} INFO - [2024-04-29T00:51:58.273+0000] {dagbag.py:525} INFO - Filling up the DagBag from /home/airflow/.local/lib/python3.7/site-packages/airflow/example_dags/example_task_group_decorator.py
[2024-04-29T00:51:58.315+0000] {processor.py:768} INFO - DAG(s) dict_keys(['example_task_group_decorator']) retrieved from /home/airflow/.local/lib/python3.7/site-packages/airflow/example_dags/example_task_group_decorator.py
[2024-04-29T00:51:58.369+0000] {logging_mixin.py:117} INFO - [2024-04-29T00:51:58.369+0000] {dag.py:2573} INFO - Sync 1 DAGs
[2024-04-29T00:51:58.400+0000] {logging_mixin.py:117} INFO - [2024-04-29T00:51:58.400+0000] {dag.py:3328} INFO - Setting next_dagrun for example_task_group_decorator to 2024-04-28T00:51:58.399760+00:00, run_after=2024-04-29T00:51:58.399760+00:00
[2024-04-29T00:51:58.425+0000] {processor.py:178} INFO - Processing /home/airflow/.local/lib/python3.7/site-packages/airflow/example_dags/example_task_group_decorator.py took 0.158 seconds
[2024-04-29T00:52:30.031+0000] {processor.py:156} INFO - Started process (PID=10458) to work on /home/airflow/.local/lib/python3.7/site-packages/airflow/example_dags/example_task_group_decorator.py
[2024-04-29T00:52:30.035+0000] {processor.py:758} INFO - Processing file /home/airflow/.local/lib/python3.7/site-packages/airflow/example_dags/example_task_group_decorator.py for tasks to queue
[2024-04-29T00:52:30.036+0000] {logging_mixin.py:117} INFO - [2024-04-29T00:52:30.036+0000] {dagbag.py:525} INFO - Filling up the DagBag from /home/airflow/.local/lib/python3.7/site-packages/airflow/example_dags/example_task_group_decorator.py
[2024-04-29T00:52:30.087+0000] {processor.py:768} INFO - DAG(s) dict_keys(['example_task_group_decorator']) retrieved from /home/airflow/.local/lib/python3.7/site-packages/airflow/example_dags/example_task_group_decorator.py
[2024-04-29T00:52:30.171+0000] {logging_mixin.py:117} INFO - [2024-04-29T00:52:30.170+0000] {dag.py:2573} INFO - Sync 1 DAGs
[2024-04-29T00:52:30.204+0000] {logging_mixin.py:117} INFO - [2024-04-29T00:52:30.204+0000] {dag.py:3328} INFO - Setting next_dagrun for example_task_group_decorator to 2024-04-28T00:52:30.203894+00:00, run_after=2024-04-29T00:52:30.203894+00:00
[2024-04-29T00:52:30.230+0000] {processor.py:178} INFO - Processing /home/airflow/.local/lib/python3.7/site-packages/airflow/example_dags/example_task_group_decorator.py took 0.203 seconds
[2024-04-29T00:53:00.845+0000] {processor.py:156} INFO - Started process (PID=10673) to work on /home/airflow/.local/lib/python3.7/site-packages/airflow/example_dags/example_task_group_decorator.py
[2024-04-29T00:53:00.846+0000] {processor.py:758} INFO - Processing file /home/airflow/.local/lib/python3.7/site-packages/airflow/example_dags/example_task_group_decorator.py for tasks to queue
[2024-04-29T00:53:00.847+0000] {logging_mixin.py:117} INFO - [2024-04-29T00:53:00.847+0000] {dagbag.py:525} INFO - Filling up the DagBag from /home/airflow/.local/lib/python3.7/site-packages/airflow/example_dags/example_task_group_decorator.py
[2024-04-29T00:53:00.902+0000] {processor.py:768} INFO - DAG(s) dict_keys(['example_task_group_decorator']) retrieved from /home/airflow/.local/lib/python3.7/site-packages/airflow/example_dags/example_task_group_decorator.py
[2024-04-29T00:53:00.954+0000] {logging_mixin.py:117} INFO - [2024-04-29T00:53:00.954+0000] {dag.py:2573} INFO - Sync 1 DAGs
[2024-04-29T00:53:00.990+0000] {logging_mixin.py:117} INFO - [2024-04-29T00:53:00.990+0000] {dag.py:3328} INFO - Setting next_dagrun for example_task_group_decorator to 2024-04-28T00:53:00.989874+00:00, run_after=2024-04-29T00:53:00.989874+00:00
[2024-04-29T00:53:01.015+0000] {processor.py:178} INFO - Processing /home/airflow/.local/lib/python3.7/site-packages/airflow/example_dags/example_task_group_decorator.py took 0.172 seconds
[2024-04-29T00:53:31.234+0000] {processor.py:156} INFO - Started process (PID=10895) to work on /home/airflow/.local/lib/python3.7/site-packages/airflow/example_dags/example_task_group_decorator.py
[2024-04-29T00:53:31.235+0000] {processor.py:758} INFO - Processing file /home/airflow/.local/lib/python3.7/site-packages/airflow/example_dags/example_task_group_decorator.py for tasks to queue
[2024-04-29T00:53:31.236+0000] {logging_mixin.py:117} INFO - [2024-04-29T00:53:31.235+0000] {dagbag.py:525} INFO - Filling up the DagBag from /home/airflow/.local/lib/python3.7/site-packages/airflow/example_dags/example_task_group_decorator.py
[2024-04-29T00:53:31.278+0000] {processor.py:768} INFO - DAG(s) dict_keys(['example_task_group_decorator']) retrieved from /home/airflow/.local/lib/python3.7/site-packages/airflow/example_dags/example_task_group_decorator.py
[2024-04-29T00:53:31.328+0000] {logging_mixin.py:117} INFO - [2024-04-29T00:53:31.328+0000] {dag.py:2573} INFO - Sync 1 DAGs
[2024-04-29T00:53:31.361+0000] {logging_mixin.py:117} INFO - [2024-04-29T00:53:31.361+0000] {dag.py:3328} INFO - Setting next_dagrun for example_task_group_decorator to 2024-04-28T00:53:31.360631+00:00, run_after=2024-04-29T00:53:31.360631+00:00
[2024-04-29T00:53:31.387+0000] {processor.py:178} INFO - Processing /home/airflow/.local/lib/python3.7/site-packages/airflow/example_dags/example_task_group_decorator.py took 0.155 seconds
[2024-04-29T00:54:01.791+0000] {processor.py:156} INFO - Started process (PID=11121) to work on /home/airflow/.local/lib/python3.7/site-packages/airflow/example_dags/example_task_group_decorator.py
[2024-04-29T00:54:01.791+0000] {processor.py:758} INFO - Processing file /home/airflow/.local/lib/python3.7/site-packages/airflow/example_dags/example_task_group_decorator.py for tasks to queue
[2024-04-29T00:54:01.792+0000] {logging_mixin.py:117} INFO - [2024-04-29T00:54:01.792+0000] {dagbag.py:525} INFO - Filling up the DagBag from /home/airflow/.local/lib/python3.7/site-packages/airflow/example_dags/example_task_group_decorator.py
[2024-04-29T00:54:01.821+0000] {processor.py:768} INFO - DAG(s) dict_keys(['example_task_group_decorator']) retrieved from /home/airflow/.local/lib/python3.7/site-packages/airflow/example_dags/example_task_group_decorator.py
[2024-04-29T00:54:01.872+0000] {logging_mixin.py:117} INFO - [2024-04-29T00:54:01.872+0000] {dag.py:2573} INFO - Sync 1 DAGs
[2024-04-29T00:54:01.904+0000] {logging_mixin.py:117} INFO - [2024-04-29T00:54:01.903+0000] {dag.py:3328} INFO - Setting next_dagrun for example_task_group_decorator to 2024-04-28T00:54:01.903620+00:00, run_after=2024-04-29T00:54:01.903620+00:00
[2024-04-29T00:54:01.930+0000] {processor.py:178} INFO - Processing /home/airflow/.local/lib/python3.7/site-packages/airflow/example_dags/example_task_group_decorator.py took 0.142 seconds
[2024-04-29T00:54:32.767+0000] {processor.py:156} INFO - Started process (PID=11334) to work on /home/airflow/.local/lib/python3.7/site-packages/airflow/example_dags/example_task_group_decorator.py
[2024-04-29T00:54:32.768+0000] {processor.py:758} INFO - Processing file /home/airflow/.local/lib/python3.7/site-packages/airflow/example_dags/example_task_group_decorator.py for tasks to queue
[2024-04-29T00:54:32.768+0000] {logging_mixin.py:117} INFO - [2024-04-29T00:54:32.768+0000] {dagbag.py:525} INFO - Filling up the DagBag from /home/airflow/.local/lib/python3.7/site-packages/airflow/example_dags/example_task_group_decorator.py
[2024-04-29T00:54:32.810+0000] {processor.py:768} INFO - DAG(s) dict_keys(['example_task_group_decorator']) retrieved from /home/airflow/.local/lib/python3.7/site-packages/airflow/example_dags/example_task_group_decorator.py
[2024-04-29T00:54:32.861+0000] {logging_mixin.py:117} INFO - [2024-04-29T00:54:32.861+0000] {dag.py:2573} INFO - Sync 1 DAGs
[2024-04-29T00:54:32.903+0000] {logging_mixin.py:117} INFO - [2024-04-29T00:54:32.903+0000] {dag.py:3328} INFO - Setting next_dagrun for example_task_group_decorator to 2024-04-28T00:54:32.903563+00:00, run_after=2024-04-29T00:54:32.903563+00:00
[2024-04-29T00:54:32.949+0000] {processor.py:178} INFO - Processing /home/airflow/.local/lib/python3.7/site-packages/airflow/example_dags/example_task_group_decorator.py took 0.186 seconds
[2024-04-29T00:55:03.257+0000] {processor.py:156} INFO - Started process (PID=11557) to work on /home/airflow/.local/lib/python3.7/site-packages/airflow/example_dags/example_task_group_decorator.py
[2024-04-29T00:55:03.258+0000] {processor.py:758} INFO - Processing file /home/airflow/.local/lib/python3.7/site-packages/airflow/example_dags/example_task_group_decorator.py for tasks to queue
[2024-04-29T00:55:03.258+0000] {logging_mixin.py:117} INFO - [2024-04-29T00:55:03.258+0000] {dagbag.py:525} INFO - Filling up the DagBag from /home/airflow/.local/lib/python3.7/site-packages/airflow/example_dags/example_task_group_decorator.py
[2024-04-29T00:55:03.302+0000] {processor.py:768} INFO - DAG(s) dict_keys(['example_task_group_decorator']) retrieved from /home/airflow/.local/lib/python3.7/site-packages/airflow/example_dags/example_task_group_decorator.py
[2024-04-29T00:55:03.354+0000] {logging_mixin.py:117} INFO - [2024-04-29T00:55:03.354+0000] {dag.py:2573} INFO - Sync 1 DAGs
[2024-04-29T00:55:03.392+0000] {logging_mixin.py:117} INFO - [2024-04-29T00:55:03.392+0000] {dag.py:3328} INFO - Setting next_dagrun for example_task_group_decorator to 2024-04-28T00:55:03.392489+00:00, run_after=2024-04-29T00:55:03.392489+00:00
[2024-04-29T00:55:03.436+0000] {processor.py:178} INFO - Processing /home/airflow/.local/lib/python3.7/site-packages/airflow/example_dags/example_task_group_decorator.py took 0.183 seconds
