[2024-04-29T00:28:47.416+0000] {processor.py:156} INFO - Started process (PID=229) to work on /home/airflow/.local/lib/python3.7/site-packages/airflow/example_dags/example_short_circuit_decorator.py
[2024-04-29T00:28:47.419+0000] {processor.py:758} INFO - Processing file /home/airflow/.local/lib/python3.7/site-packages/airflow/example_dags/example_short_circuit_decorator.py for tasks to queue
[2024-04-29T00:28:47.421+0000] {logging_mixin.py:117} INFO - [2024-04-29T00:28:47.421+0000] {dagbag.py:525} INFO - Filling up the DagBag from /home/airflow/.local/lib/python3.7/site-packages/airflow/example_dags/example_short_circuit_decorator.py
[2024-04-29T00:28:47.524+0000] {processor.py:768} INFO - DAG(s) dict_keys(['example_short_circuit_decorator']) retrieved from /home/airflow/.local/lib/python3.7/site-packages/airflow/example_dags/example_short_circuit_decorator.py
[2024-04-29T00:28:47.620+0000] {logging_mixin.py:117} INFO - [2024-04-29T00:28:47.620+0000] {dag.py:2573} INFO - Sync 1 DAGs
[2024-04-29T00:28:47.748+0000] {logging_mixin.py:117} INFO - [2024-04-29T00:28:47.748+0000] {dag.py:3328} INFO - Setting next_dagrun for example_short_circuit_decorator to 2024-04-28T00:28:47.747739+00:00, run_after=2024-04-29T00:28:47.747739+00:00
[2024-04-29T00:28:47.847+0000] {processor.py:178} INFO - Processing /home/airflow/.local/lib/python3.7/site-packages/airflow/example_dags/example_short_circuit_decorator.py took 0.474 seconds
[2024-04-29T00:29:17.986+0000] {processor.py:156} INFO - Started process (PID=448) to work on /home/airflow/.local/lib/python3.7/site-packages/airflow/example_dags/example_short_circuit_decorator.py
[2024-04-29T00:29:17.987+0000] {processor.py:758} INFO - Processing file /home/airflow/.local/lib/python3.7/site-packages/airflow/example_dags/example_short_circuit_decorator.py for tasks to queue
[2024-04-29T00:29:17.987+0000] {logging_mixin.py:117} INFO - [2024-04-29T00:29:17.987+0000] {dagbag.py:525} INFO - Filling up the DagBag from /home/airflow/.local/lib/python3.7/site-packages/airflow/example_dags/example_short_circuit_decorator.py
[2024-04-29T00:29:18.008+0000] {processor.py:768} INFO - DAG(s) dict_keys(['example_short_circuit_decorator']) retrieved from /home/airflow/.local/lib/python3.7/site-packages/airflow/example_dags/example_short_circuit_decorator.py
[2024-04-29T00:29:18.044+0000] {logging_mixin.py:117} INFO - [2024-04-29T00:29:18.044+0000] {dag.py:2573} INFO - Sync 1 DAGs
[2024-04-29T00:29:18.066+0000] {logging_mixin.py:117} INFO - [2024-04-29T00:29:18.066+0000] {dag.py:3328} INFO - Setting next_dagrun for example_short_circuit_decorator to 2024-04-28T00:29:18.066643+00:00, run_after=2024-04-29T00:29:18.066643+00:00
[2024-04-29T00:29:18.089+0000] {processor.py:178} INFO - Processing /home/airflow/.local/lib/python3.7/site-packages/airflow/example_dags/example_short_circuit_decorator.py took 0.105 seconds
[2024-04-29T00:29:48.285+0000] {processor.py:156} INFO - Started process (PID=670) to work on /home/airflow/.local/lib/python3.7/site-packages/airflow/example_dags/example_short_circuit_decorator.py
[2024-04-29T00:29:48.286+0000] {processor.py:758} INFO - Processing file /home/airflow/.local/lib/python3.7/site-packages/airflow/example_dags/example_short_circuit_decorator.py for tasks to queue
[2024-04-29T00:29:48.287+0000] {logging_mixin.py:117} INFO - [2024-04-29T00:29:48.286+0000] {dagbag.py:525} INFO - Filling up the DagBag from /home/airflow/.local/lib/python3.7/site-packages/airflow/example_dags/example_short_circuit_decorator.py
[2024-04-29T00:29:48.314+0000] {processor.py:768} INFO - DAG(s) dict_keys(['example_short_circuit_decorator']) retrieved from /home/airflow/.local/lib/python3.7/site-packages/airflow/example_dags/example_short_circuit_decorator.py
[2024-04-29T00:29:48.350+0000] {logging_mixin.py:117} INFO - [2024-04-29T00:29:48.350+0000] {dag.py:2573} INFO - Sync 1 DAGs
[2024-04-29T00:29:48.370+0000] {logging_mixin.py:117} INFO - [2024-04-29T00:29:48.370+0000] {dag.py:3328} INFO - Setting next_dagrun for example_short_circuit_decorator to 2024-04-28T00:29:48.370204+00:00, run_after=2024-04-29T00:29:48.370204+00:00
[2024-04-29T00:29:48.390+0000] {processor.py:178} INFO - Processing /home/airflow/.local/lib/python3.7/site-packages/airflow/example_dags/example_short_circuit_decorator.py took 0.108 seconds
[2024-04-29T00:30:18.447+0000] {processor.py:156} INFO - Started process (PID=884) to work on /home/airflow/.local/lib/python3.7/site-packages/airflow/example_dags/example_short_circuit_decorator.py
[2024-04-29T00:30:18.448+0000] {processor.py:758} INFO - Processing file /home/airflow/.local/lib/python3.7/site-packages/airflow/example_dags/example_short_circuit_decorator.py for tasks to queue
[2024-04-29T00:30:18.449+0000] {logging_mixin.py:117} INFO - [2024-04-29T00:30:18.449+0000] {dagbag.py:525} INFO - Filling up the DagBag from /home/airflow/.local/lib/python3.7/site-packages/airflow/example_dags/example_short_circuit_decorator.py
[2024-04-29T00:30:18.481+0000] {processor.py:768} INFO - DAG(s) dict_keys(['example_short_circuit_decorator']) retrieved from /home/airflow/.local/lib/python3.7/site-packages/airflow/example_dags/example_short_circuit_decorator.py
[2024-04-29T00:30:18.530+0000] {logging_mixin.py:117} INFO - [2024-04-29T00:30:18.530+0000] {dag.py:2573} INFO - Sync 1 DAGs
[2024-04-29T00:30:18.563+0000] {logging_mixin.py:117} INFO - [2024-04-29T00:30:18.562+0000] {dag.py:3328} INFO - Setting next_dagrun for example_short_circuit_decorator to 2024-04-28T00:30:18.562691+00:00, run_after=2024-04-29T00:30:18.562691+00:00
[2024-04-29T00:30:18.589+0000] {processor.py:178} INFO - Processing /home/airflow/.local/lib/python3.7/site-packages/airflow/example_dags/example_short_circuit_decorator.py took 0.144 seconds
[2024-04-29T00:30:49.105+0000] {processor.py:156} INFO - Started process (PID=1106) to work on /home/airflow/.local/lib/python3.7/site-packages/airflow/example_dags/example_short_circuit_decorator.py
[2024-04-29T00:30:49.106+0000] {processor.py:758} INFO - Processing file /home/airflow/.local/lib/python3.7/site-packages/airflow/example_dags/example_short_circuit_decorator.py for tasks to queue
[2024-04-29T00:30:49.106+0000] {logging_mixin.py:117} INFO - [2024-04-29T00:30:49.106+0000] {dagbag.py:525} INFO - Filling up the DagBag from /home/airflow/.local/lib/python3.7/site-packages/airflow/example_dags/example_short_circuit_decorator.py
[2024-04-29T00:30:49.136+0000] {processor.py:768} INFO - DAG(s) dict_keys(['example_short_circuit_decorator']) retrieved from /home/airflow/.local/lib/python3.7/site-packages/airflow/example_dags/example_short_circuit_decorator.py
[2024-04-29T00:30:49.184+0000] {logging_mixin.py:117} INFO - [2024-04-29T00:30:49.184+0000] {dag.py:2573} INFO - Sync 1 DAGs
[2024-04-29T00:30:49.216+0000] {logging_mixin.py:117} INFO - [2024-04-29T00:30:49.216+0000] {dag.py:3328} INFO - Setting next_dagrun for example_short_circuit_decorator to 2024-04-28T00:30:49.215808+00:00, run_after=2024-04-29T00:30:49.215808+00:00
[2024-04-29T00:30:49.420+0000] {processor.py:178} INFO - Processing /home/airflow/.local/lib/python3.7/site-packages/airflow/example_dags/example_short_circuit_decorator.py took 0.318 seconds
[2024-04-29T00:31:20.649+0000] {processor.py:156} INFO - Started process (PID=1332) to work on /home/airflow/.local/lib/python3.7/site-packages/airflow/example_dags/example_short_circuit_decorator.py
[2024-04-29T00:31:20.650+0000] {processor.py:758} INFO - Processing file /home/airflow/.local/lib/python3.7/site-packages/airflow/example_dags/example_short_circuit_decorator.py for tasks to queue
[2024-04-29T00:31:20.650+0000] {logging_mixin.py:117} INFO - [2024-04-29T00:31:20.650+0000] {dagbag.py:525} INFO - Filling up the DagBag from /home/airflow/.local/lib/python3.7/site-packages/airflow/example_dags/example_short_circuit_decorator.py
[2024-04-29T00:31:20.671+0000] {processor.py:768} INFO - DAG(s) dict_keys(['example_short_circuit_decorator']) retrieved from /home/airflow/.local/lib/python3.7/site-packages/airflow/example_dags/example_short_circuit_decorator.py
[2024-04-29T00:31:20.724+0000] {logging_mixin.py:117} INFO - [2024-04-29T00:31:20.724+0000] {dag.py:2573} INFO - Sync 1 DAGs
[2024-04-29T00:31:20.932+0000] {logging_mixin.py:117} INFO - [2024-04-29T00:31:20.931+0000] {dag.py:3328} INFO - Setting next_dagrun for example_short_circuit_decorator to 2024-04-28T00:31:20.931537+00:00, run_after=2024-04-29T00:31:20.931537+00:00
[2024-04-29T00:31:20.963+0000] {processor.py:178} INFO - Processing /home/airflow/.local/lib/python3.7/site-packages/airflow/example_dags/example_short_circuit_decorator.py took 0.316 seconds
[2024-04-29T00:31:51.912+0000] {processor.py:156} INFO - Started process (PID=1544) to work on /home/airflow/.local/lib/python3.7/site-packages/airflow/example_dags/example_short_circuit_decorator.py
[2024-04-29T00:31:51.912+0000] {processor.py:758} INFO - Processing file /home/airflow/.local/lib/python3.7/site-packages/airflow/example_dags/example_short_circuit_decorator.py for tasks to queue
[2024-04-29T00:31:51.913+0000] {logging_mixin.py:117} INFO - [2024-04-29T00:31:51.913+0000] {dagbag.py:525} INFO - Filling up the DagBag from /home/airflow/.local/lib/python3.7/site-packages/airflow/example_dags/example_short_circuit_decorator.py
[2024-04-29T00:31:51.941+0000] {processor.py:768} INFO - DAG(s) dict_keys(['example_short_circuit_decorator']) retrieved from /home/airflow/.local/lib/python3.7/site-packages/airflow/example_dags/example_short_circuit_decorator.py
[2024-04-29T00:31:52.187+0000] {logging_mixin.py:117} INFO - [2024-04-29T00:31:52.187+0000] {dag.py:2573} INFO - Sync 1 DAGs
[2024-04-29T00:31:52.225+0000] {logging_mixin.py:117} INFO - [2024-04-29T00:31:52.225+0000] {dag.py:3328} INFO - Setting next_dagrun for example_short_circuit_decorator to 2024-04-28T00:31:52.224897+00:00, run_after=2024-04-29T00:31:52.224897+00:00
[2024-04-29T00:31:52.248+0000] {processor.py:178} INFO - Processing /home/airflow/.local/lib/python3.7/site-packages/airflow/example_dags/example_short_circuit_decorator.py took 0.339 seconds
[2024-04-29T00:32:22.525+0000] {processor.py:156} INFO - Started process (PID=1767) to work on /home/airflow/.local/lib/python3.7/site-packages/airflow/example_dags/example_short_circuit_decorator.py
[2024-04-29T00:32:22.526+0000] {processor.py:758} INFO - Processing file /home/airflow/.local/lib/python3.7/site-packages/airflow/example_dags/example_short_circuit_decorator.py for tasks to queue
[2024-04-29T00:32:22.526+0000] {logging_mixin.py:117} INFO - [2024-04-29T00:32:22.526+0000] {dagbag.py:525} INFO - Filling up the DagBag from /home/airflow/.local/lib/python3.7/site-packages/airflow/example_dags/example_short_circuit_decorator.py
[2024-04-29T00:32:22.562+0000] {processor.py:768} INFO - DAG(s) dict_keys(['example_short_circuit_decorator']) retrieved from /home/airflow/.local/lib/python3.7/site-packages/airflow/example_dags/example_short_circuit_decorator.py
[2024-04-29T00:32:22.761+0000] {logging_mixin.py:117} INFO - [2024-04-29T00:32:22.761+0000] {dag.py:2573} INFO - Sync 1 DAGs
[2024-04-29T00:32:22.793+0000] {logging_mixin.py:117} INFO - [2024-04-29T00:32:22.793+0000] {dag.py:3328} INFO - Setting next_dagrun for example_short_circuit_decorator to 2024-04-28T00:32:22.793447+00:00, run_after=2024-04-29T00:32:22.793447+00:00
[2024-04-29T00:32:22.820+0000] {processor.py:178} INFO - Processing /home/airflow/.local/lib/python3.7/site-packages/airflow/example_dags/example_short_circuit_decorator.py took 0.299 seconds
[2024-04-29T00:32:53.300+0000] {processor.py:156} INFO - Started process (PID=1980) to work on /home/airflow/.local/lib/python3.7/site-packages/airflow/example_dags/example_short_circuit_decorator.py
[2024-04-29T00:32:53.301+0000] {processor.py:758} INFO - Processing file /home/airflow/.local/lib/python3.7/site-packages/airflow/example_dags/example_short_circuit_decorator.py for tasks to queue
[2024-04-29T00:32:53.301+0000] {logging_mixin.py:117} INFO - [2024-04-29T00:32:53.301+0000] {dagbag.py:525} INFO - Filling up the DagBag from /home/airflow/.local/lib/python3.7/site-packages/airflow/example_dags/example_short_circuit_decorator.py
[2024-04-29T00:32:53.342+0000] {processor.py:768} INFO - DAG(s) dict_keys(['example_short_circuit_decorator']) retrieved from /home/airflow/.local/lib/python3.7/site-packages/airflow/example_dags/example_short_circuit_decorator.py
[2024-04-29T00:32:53.539+0000] {logging_mixin.py:117} INFO - [2024-04-29T00:32:53.539+0000] {dag.py:2573} INFO - Sync 1 DAGs
[2024-04-29T00:32:53.571+0000] {logging_mixin.py:117} INFO - [2024-04-29T00:32:53.570+0000] {dag.py:3328} INFO - Setting next_dagrun for example_short_circuit_decorator to 2024-04-28T00:32:53.570688+00:00, run_after=2024-04-29T00:32:53.570688+00:00
[2024-04-29T00:32:53.599+0000] {processor.py:178} INFO - Processing /home/airflow/.local/lib/python3.7/site-packages/airflow/example_dags/example_short_circuit_decorator.py took 0.306 seconds
[2024-04-29T00:33:24.244+0000] {processor.py:156} INFO - Started process (PID=2203) to work on /home/airflow/.local/lib/python3.7/site-packages/airflow/example_dags/example_short_circuit_decorator.py
[2024-04-29T00:33:24.244+0000] {processor.py:758} INFO - Processing file /home/airflow/.local/lib/python3.7/site-packages/airflow/example_dags/example_short_circuit_decorator.py for tasks to queue
[2024-04-29T00:33:24.245+0000] {logging_mixin.py:117} INFO - [2024-04-29T00:33:24.245+0000] {dagbag.py:525} INFO - Filling up the DagBag from /home/airflow/.local/lib/python3.7/site-packages/airflow/example_dags/example_short_circuit_decorator.py
[2024-04-29T00:33:24.454+0000] {processor.py:768} INFO - DAG(s) dict_keys(['example_short_circuit_decorator']) retrieved from /home/airflow/.local/lib/python3.7/site-packages/airflow/example_dags/example_short_circuit_decorator.py
[2024-04-29T00:33:24.493+0000] {logging_mixin.py:117} INFO - [2024-04-29T00:33:24.493+0000] {dag.py:2573} INFO - Sync 1 DAGs
[2024-04-29T00:33:24.521+0000] {logging_mixin.py:117} INFO - [2024-04-29T00:33:24.520+0000] {dag.py:3328} INFO - Setting next_dagrun for example_short_circuit_decorator to 2024-04-28T00:33:24.520746+00:00, run_after=2024-04-29T00:33:24.520746+00:00
[2024-04-29T00:33:24.546+0000] {processor.py:178} INFO - Processing /home/airflow/.local/lib/python3.7/site-packages/airflow/example_dags/example_short_circuit_decorator.py took 0.306 seconds
[2024-04-29T00:33:55.084+0000] {processor.py:156} INFO - Started process (PID=2427) to work on /home/airflow/.local/lib/python3.7/site-packages/airflow/example_dags/example_short_circuit_decorator.py
[2024-04-29T00:33:55.085+0000] {processor.py:758} INFO - Processing file /home/airflow/.local/lib/python3.7/site-packages/airflow/example_dags/example_short_circuit_decorator.py for tasks to queue
[2024-04-29T00:33:55.086+0000] {logging_mixin.py:117} INFO - [2024-04-29T00:33:55.085+0000] {dagbag.py:525} INFO - Filling up the DagBag from /home/airflow/.local/lib/python3.7/site-packages/airflow/example_dags/example_short_circuit_decorator.py
[2024-04-29T00:33:55.143+0000] {processor.py:768} INFO - DAG(s) dict_keys(['example_short_circuit_decorator']) retrieved from /home/airflow/.local/lib/python3.7/site-packages/airflow/example_dags/example_short_circuit_decorator.py
[2024-04-29T00:33:55.401+0000] {logging_mixin.py:117} INFO - [2024-04-29T00:33:55.401+0000] {dag.py:2573} INFO - Sync 1 DAGs
[2024-04-29T00:33:55.431+0000] {logging_mixin.py:117} INFO - [2024-04-29T00:33:55.431+0000] {dag.py:3328} INFO - Setting next_dagrun for example_short_circuit_decorator to 2024-04-28T00:33:55.431010+00:00, run_after=2024-04-29T00:33:55.431010+00:00
[2024-04-29T00:33:55.456+0000] {processor.py:178} INFO - Processing /home/airflow/.local/lib/python3.7/site-packages/airflow/example_dags/example_short_circuit_decorator.py took 0.376 seconds
[2024-04-29T00:34:26.132+0000] {processor.py:156} INFO - Started process (PID=2640) to work on /home/airflow/.local/lib/python3.7/site-packages/airflow/example_dags/example_short_circuit_decorator.py
[2024-04-29T00:34:26.133+0000] {processor.py:758} INFO - Processing file /home/airflow/.local/lib/python3.7/site-packages/airflow/example_dags/example_short_circuit_decorator.py for tasks to queue
[2024-04-29T00:34:26.134+0000] {logging_mixin.py:117} INFO - [2024-04-29T00:34:26.133+0000] {dagbag.py:525} INFO - Filling up the DagBag from /home/airflow/.local/lib/python3.7/site-packages/airflow/example_dags/example_short_circuit_decorator.py
[2024-04-29T00:34:26.163+0000] {processor.py:768} INFO - DAG(s) dict_keys(['example_short_circuit_decorator']) retrieved from /home/airflow/.local/lib/python3.7/site-packages/airflow/example_dags/example_short_circuit_decorator.py
[2024-04-29T00:34:26.368+0000] {logging_mixin.py:117} INFO - [2024-04-29T00:34:26.368+0000] {dag.py:2573} INFO - Sync 1 DAGs
[2024-04-29T00:34:26.401+0000] {logging_mixin.py:117} INFO - [2024-04-29T00:34:26.401+0000] {dag.py:3328} INFO - Setting next_dagrun for example_short_circuit_decorator to 2024-04-28T00:34:26.401371+00:00, run_after=2024-04-29T00:34:26.401371+00:00
[2024-04-29T00:34:26.427+0000] {processor.py:178} INFO - Processing /home/airflow/.local/lib/python3.7/site-packages/airflow/example_dags/example_short_circuit_decorator.py took 0.299 seconds
[2024-04-29T00:34:56.703+0000] {processor.py:156} INFO - Started process (PID=2861) to work on /home/airflow/.local/lib/python3.7/site-packages/airflow/example_dags/example_short_circuit_decorator.py
[2024-04-29T00:34:56.704+0000] {processor.py:758} INFO - Processing file /home/airflow/.local/lib/python3.7/site-packages/airflow/example_dags/example_short_circuit_decorator.py for tasks to queue
[2024-04-29T00:34:56.704+0000] {logging_mixin.py:117} INFO - [2024-04-29T00:34:56.704+0000] {dagbag.py:525} INFO - Filling up the DagBag from /home/airflow/.local/lib/python3.7/site-packages/airflow/example_dags/example_short_circuit_decorator.py
[2024-04-29T00:34:56.887+0000] {processor.py:768} INFO - DAG(s) dict_keys(['example_short_circuit_decorator']) retrieved from /home/airflow/.local/lib/python3.7/site-packages/airflow/example_dags/example_short_circuit_decorator.py
[2024-04-29T00:34:56.935+0000] {logging_mixin.py:117} INFO - [2024-04-29T00:34:56.935+0000] {dag.py:2573} INFO - Sync 1 DAGs
[2024-04-29T00:34:56.966+0000] {logging_mixin.py:117} INFO - [2024-04-29T00:34:56.966+0000] {dag.py:3328} INFO - Setting next_dagrun for example_short_circuit_decorator to 2024-04-28T00:34:56.966433+00:00, run_after=2024-04-29T00:34:56.966433+00:00
[2024-04-29T00:34:56.992+0000] {processor.py:178} INFO - Processing /home/airflow/.local/lib/python3.7/site-packages/airflow/example_dags/example_short_circuit_decorator.py took 0.293 seconds
[2024-04-29T00:35:27.484+0000] {processor.py:156} INFO - Started process (PID=3085) to work on /home/airflow/.local/lib/python3.7/site-packages/airflow/example_dags/example_short_circuit_decorator.py
[2024-04-29T00:35:27.485+0000] {processor.py:758} INFO - Processing file /home/airflow/.local/lib/python3.7/site-packages/airflow/example_dags/example_short_circuit_decorator.py for tasks to queue
[2024-04-29T00:35:27.485+0000] {logging_mixin.py:117} INFO - [2024-04-29T00:35:27.485+0000] {dagbag.py:525} INFO - Filling up the DagBag from /home/airflow/.local/lib/python3.7/site-packages/airflow/example_dags/example_short_circuit_decorator.py
[2024-04-29T00:35:27.675+0000] {processor.py:768} INFO - DAG(s) dict_keys(['example_short_circuit_decorator']) retrieved from /home/airflow/.local/lib/python3.7/site-packages/airflow/example_dags/example_short_circuit_decorator.py
[2024-04-29T00:35:27.718+0000] {logging_mixin.py:117} INFO - [2024-04-29T00:35:27.718+0000] {dag.py:2573} INFO - Sync 1 DAGs
[2024-04-29T00:35:27.766+0000] {logging_mixin.py:117} INFO - [2024-04-29T00:35:27.766+0000] {dag.py:3328} INFO - Setting next_dagrun for example_short_circuit_decorator to 2024-04-28T00:35:27.766128+00:00, run_after=2024-04-29T00:35:27.766128+00:00
[2024-04-29T00:35:27.803+0000] {processor.py:178} INFO - Processing /home/airflow/.local/lib/python3.7/site-packages/airflow/example_dags/example_short_circuit_decorator.py took 0.323 seconds
[2024-04-29T00:35:58.105+0000] {processor.py:156} INFO - Started process (PID=3300) to work on /home/airflow/.local/lib/python3.7/site-packages/airflow/example_dags/example_short_circuit_decorator.py
[2024-04-29T00:35:58.106+0000] {processor.py:758} INFO - Processing file /home/airflow/.local/lib/python3.7/site-packages/airflow/example_dags/example_short_circuit_decorator.py for tasks to queue
[2024-04-29T00:35:58.106+0000] {logging_mixin.py:117} INFO - [2024-04-29T00:35:58.106+0000] {dagbag.py:525} INFO - Filling up the DagBag from /home/airflow/.local/lib/python3.7/site-packages/airflow/example_dags/example_short_circuit_decorator.py
[2024-04-29T00:35:58.165+0000] {processor.py:768} INFO - DAG(s) dict_keys(['example_short_circuit_decorator']) retrieved from /home/airflow/.local/lib/python3.7/site-packages/airflow/example_dags/example_short_circuit_decorator.py
[2024-04-29T00:35:58.277+0000] {logging_mixin.py:117} INFO - [2024-04-29T00:35:58.277+0000] {dag.py:2573} INFO - Sync 1 DAGs
[2024-04-29T00:35:58.459+0000] {logging_mixin.py:117} INFO - [2024-04-29T00:35:58.459+0000] {dag.py:3328} INFO - Setting next_dagrun for example_short_circuit_decorator to 2024-04-28T00:35:58.458776+00:00, run_after=2024-04-29T00:35:58.458776+00:00
[2024-04-29T00:35:58.493+0000] {processor.py:178} INFO - Processing /home/airflow/.local/lib/python3.7/site-packages/airflow/example_dags/example_short_circuit_decorator.py took 0.391 seconds
[2024-04-29T00:36:28.924+0000] {processor.py:156} INFO - Started process (PID=3522) to work on /home/airflow/.local/lib/python3.7/site-packages/airflow/example_dags/example_short_circuit_decorator.py
[2024-04-29T00:36:28.925+0000] {processor.py:758} INFO - Processing file /home/airflow/.local/lib/python3.7/site-packages/airflow/example_dags/example_short_circuit_decorator.py for tasks to queue
[2024-04-29T00:36:28.926+0000] {logging_mixin.py:117} INFO - [2024-04-29T00:36:28.925+0000] {dagbag.py:525} INFO - Filling up the DagBag from /home/airflow/.local/lib/python3.7/site-packages/airflow/example_dags/example_short_circuit_decorator.py
[2024-04-29T00:36:28.955+0000] {processor.py:768} INFO - DAG(s) dict_keys(['example_short_circuit_decorator']) retrieved from /home/airflow/.local/lib/python3.7/site-packages/airflow/example_dags/example_short_circuit_decorator.py
[2024-04-29T00:36:29.257+0000] {logging_mixin.py:117} INFO - [2024-04-29T00:36:29.257+0000] {dag.py:2573} INFO - Sync 1 DAGs
[2024-04-29T00:36:29.309+0000] {logging_mixin.py:117} INFO - [2024-04-29T00:36:29.309+0000] {dag.py:3328} INFO - Setting next_dagrun for example_short_circuit_decorator to 2024-04-28T00:36:29.309040+00:00, run_after=2024-04-29T00:36:29.309040+00:00
[2024-04-29T00:36:29.348+0000] {processor.py:178} INFO - Processing /home/airflow/.local/lib/python3.7/site-packages/airflow/example_dags/example_short_circuit_decorator.py took 0.427 seconds
[2024-04-29T00:36:59.656+0000] {processor.py:156} INFO - Started process (PID=3746) to work on /home/airflow/.local/lib/python3.7/site-packages/airflow/example_dags/example_short_circuit_decorator.py
[2024-04-29T00:36:59.657+0000] {processor.py:758} INFO - Processing file /home/airflow/.local/lib/python3.7/site-packages/airflow/example_dags/example_short_circuit_decorator.py for tasks to queue
[2024-04-29T00:36:59.658+0000] {logging_mixin.py:117} INFO - [2024-04-29T00:36:59.657+0000] {dagbag.py:525} INFO - Filling up the DagBag from /home/airflow/.local/lib/python3.7/site-packages/airflow/example_dags/example_short_circuit_decorator.py
[2024-04-29T00:36:59.700+0000] {processor.py:768} INFO - DAG(s) dict_keys(['example_short_circuit_decorator']) retrieved from /home/airflow/.local/lib/python3.7/site-packages/airflow/example_dags/example_short_circuit_decorator.py
[2024-04-29T00:36:59.931+0000] {logging_mixin.py:117} INFO - [2024-04-29T00:36:59.931+0000] {dag.py:2573} INFO - Sync 1 DAGs
[2024-04-29T00:36:59.962+0000] {logging_mixin.py:117} INFO - [2024-04-29T00:36:59.962+0000] {dag.py:3328} INFO - Setting next_dagrun for example_short_circuit_decorator to 2024-04-28T00:36:59.962209+00:00, run_after=2024-04-29T00:36:59.962209+00:00
[2024-04-29T00:36:59.991+0000] {processor.py:178} INFO - Processing /home/airflow/.local/lib/python3.7/site-packages/airflow/example_dags/example_short_circuit_decorator.py took 0.338 seconds
[2024-04-29T00:37:30.144+0000] {processor.py:156} INFO - Started process (PID=3960) to work on /home/airflow/.local/lib/python3.7/site-packages/airflow/example_dags/example_short_circuit_decorator.py
[2024-04-29T00:37:30.145+0000] {processor.py:758} INFO - Processing file /home/airflow/.local/lib/python3.7/site-packages/airflow/example_dags/example_short_circuit_decorator.py for tasks to queue
[2024-04-29T00:37:30.145+0000] {logging_mixin.py:117} INFO - [2024-04-29T00:37:30.145+0000] {dagbag.py:525} INFO - Filling up the DagBag from /home/airflow/.local/lib/python3.7/site-packages/airflow/example_dags/example_short_circuit_decorator.py
[2024-04-29T00:37:30.431+0000] {processor.py:768} INFO - DAG(s) dict_keys(['example_short_circuit_decorator']) retrieved from /home/airflow/.local/lib/python3.7/site-packages/airflow/example_dags/example_short_circuit_decorator.py
[2024-04-29T00:37:30.477+0000] {logging_mixin.py:117} INFO - [2024-04-29T00:37:30.477+0000] {dag.py:2573} INFO - Sync 1 DAGs
[2024-04-29T00:37:30.505+0000] {logging_mixin.py:117} INFO - [2024-04-29T00:37:30.505+0000] {dag.py:3328} INFO - Setting next_dagrun for example_short_circuit_decorator to 2024-04-28T00:37:30.505472+00:00, run_after=2024-04-29T00:37:30.505472+00:00
[2024-04-29T00:37:30.527+0000] {processor.py:178} INFO - Processing /home/airflow/.local/lib/python3.7/site-packages/airflow/example_dags/example_short_circuit_decorator.py took 0.386 seconds
[2024-04-29T00:38:00.931+0000] {processor.py:156} INFO - Started process (PID=4180) to work on /home/airflow/.local/lib/python3.7/site-packages/airflow/example_dags/example_short_circuit_decorator.py
[2024-04-29T00:38:00.932+0000] {processor.py:758} INFO - Processing file /home/airflow/.local/lib/python3.7/site-packages/airflow/example_dags/example_short_circuit_decorator.py for tasks to queue
[2024-04-29T00:38:00.932+0000] {logging_mixin.py:117} INFO - [2024-04-29T00:38:00.932+0000] {dagbag.py:525} INFO - Filling up the DagBag from /home/airflow/.local/lib/python3.7/site-packages/airflow/example_dags/example_short_circuit_decorator.py
[2024-04-29T00:38:00.962+0000] {processor.py:768} INFO - DAG(s) dict_keys(['example_short_circuit_decorator']) retrieved from /home/airflow/.local/lib/python3.7/site-packages/airflow/example_dags/example_short_circuit_decorator.py
[2024-04-29T00:38:01.011+0000] {logging_mixin.py:117} INFO - [2024-04-29T00:38:01.010+0000] {dag.py:2573} INFO - Sync 1 DAGs
[2024-04-29T00:38:01.043+0000] {logging_mixin.py:117} INFO - [2024-04-29T00:38:01.043+0000] {dag.py:3328} INFO - Setting next_dagrun for example_short_circuit_decorator to 2024-04-28T00:38:01.043080+00:00, run_after=2024-04-29T00:38:01.043080+00:00
[2024-04-29T00:38:01.071+0000] {processor.py:178} INFO - Processing /home/airflow/.local/lib/python3.7/site-packages/airflow/example_dags/example_short_circuit_decorator.py took 0.144 seconds
[2024-04-29T00:38:31.519+0000] {processor.py:156} INFO - Started process (PID=4404) to work on /home/airflow/.local/lib/python3.7/site-packages/airflow/example_dags/example_short_circuit_decorator.py
[2024-04-29T00:38:31.520+0000] {processor.py:758} INFO - Processing file /home/airflow/.local/lib/python3.7/site-packages/airflow/example_dags/example_short_circuit_decorator.py for tasks to queue
[2024-04-29T00:38:31.520+0000] {logging_mixin.py:117} INFO - [2024-04-29T00:38:31.520+0000] {dagbag.py:525} INFO - Filling up the DagBag from /home/airflow/.local/lib/python3.7/site-packages/airflow/example_dags/example_short_circuit_decorator.py
[2024-04-29T00:38:31.552+0000] {processor.py:768} INFO - DAG(s) dict_keys(['example_short_circuit_decorator']) retrieved from /home/airflow/.local/lib/python3.7/site-packages/airflow/example_dags/example_short_circuit_decorator.py
[2024-04-29T00:38:31.601+0000] {logging_mixin.py:117} INFO - [2024-04-29T00:38:31.601+0000] {dag.py:2573} INFO - Sync 1 DAGs
[2024-04-29T00:38:31.638+0000] {logging_mixin.py:117} INFO - [2024-04-29T00:38:31.638+0000] {dag.py:3328} INFO - Setting next_dagrun for example_short_circuit_decorator to 2024-04-28T00:38:31.637825+00:00, run_after=2024-04-29T00:38:31.637825+00:00
[2024-04-29T00:38:31.672+0000] {processor.py:178} INFO - Processing /home/airflow/.local/lib/python3.7/site-packages/airflow/example_dags/example_short_circuit_decorator.py took 0.157 seconds
[2024-04-29T00:39:02.450+0000] {processor.py:156} INFO - Started process (PID=4616) to work on /home/airflow/.local/lib/python3.7/site-packages/airflow/example_dags/example_short_circuit_decorator.py
[2024-04-29T00:39:02.451+0000] {processor.py:758} INFO - Processing file /home/airflow/.local/lib/python3.7/site-packages/airflow/example_dags/example_short_circuit_decorator.py for tasks to queue
[2024-04-29T00:39:02.452+0000] {logging_mixin.py:117} INFO - [2024-04-29T00:39:02.452+0000] {dagbag.py:525} INFO - Filling up the DagBag from /home/airflow/.local/lib/python3.7/site-packages/airflow/example_dags/example_short_circuit_decorator.py
[2024-04-29T00:39:02.483+0000] {processor.py:768} INFO - DAG(s) dict_keys(['example_short_circuit_decorator']) retrieved from /home/airflow/.local/lib/python3.7/site-packages/airflow/example_dags/example_short_circuit_decorator.py
[2024-04-29T00:39:02.600+0000] {logging_mixin.py:117} INFO - [2024-04-29T00:39:02.600+0000] {dag.py:2573} INFO - Sync 1 DAGs
[2024-04-29T00:39:02.657+0000] {logging_mixin.py:117} INFO - [2024-04-29T00:39:02.657+0000] {dag.py:3328} INFO - Setting next_dagrun for example_short_circuit_decorator to 2024-04-28T00:39:02.656747+00:00, run_after=2024-04-29T00:39:02.656747+00:00
[2024-04-29T00:39:02.701+0000] {processor.py:178} INFO - Processing /home/airflow/.local/lib/python3.7/site-packages/airflow/example_dags/example_short_circuit_decorator.py took 0.253 seconds
[2024-04-29T00:39:33.000+0000] {processor.py:156} INFO - Started process (PID=4836) to work on /home/airflow/.local/lib/python3.7/site-packages/airflow/example_dags/example_short_circuit_decorator.py
[2024-04-29T00:39:33.001+0000] {processor.py:758} INFO - Processing file /home/airflow/.local/lib/python3.7/site-packages/airflow/example_dags/example_short_circuit_decorator.py for tasks to queue
[2024-04-29T00:39:33.001+0000] {logging_mixin.py:117} INFO - [2024-04-29T00:39:33.001+0000] {dagbag.py:525} INFO - Filling up the DagBag from /home/airflow/.local/lib/python3.7/site-packages/airflow/example_dags/example_short_circuit_decorator.py
[2024-04-29T00:39:33.033+0000] {processor.py:768} INFO - DAG(s) dict_keys(['example_short_circuit_decorator']) retrieved from /home/airflow/.local/lib/python3.7/site-packages/airflow/example_dags/example_short_circuit_decorator.py
[2024-04-29T00:39:33.083+0000] {logging_mixin.py:117} INFO - [2024-04-29T00:39:33.083+0000] {dag.py:2573} INFO - Sync 1 DAGs
[2024-04-29T00:39:33.117+0000] {logging_mixin.py:117} INFO - [2024-04-29T00:39:33.117+0000] {dag.py:3328} INFO - Setting next_dagrun for example_short_circuit_decorator to 2024-04-28T00:39:33.116996+00:00, run_after=2024-04-29T00:39:33.116996+00:00
[2024-04-29T00:39:33.141+0000] {processor.py:178} INFO - Processing /home/airflow/.local/lib/python3.7/site-packages/airflow/example_dags/example_short_circuit_decorator.py took 0.144 seconds
[2024-04-29T00:40:03.186+0000] {processor.py:156} INFO - Started process (PID=5058) to work on /home/airflow/.local/lib/python3.7/site-packages/airflow/example_dags/example_short_circuit_decorator.py
[2024-04-29T00:40:03.186+0000] {processor.py:758} INFO - Processing file /home/airflow/.local/lib/python3.7/site-packages/airflow/example_dags/example_short_circuit_decorator.py for tasks to queue
[2024-04-29T00:40:03.187+0000] {logging_mixin.py:117} INFO - [2024-04-29T00:40:03.187+0000] {dagbag.py:525} INFO - Filling up the DagBag from /home/airflow/.local/lib/python3.7/site-packages/airflow/example_dags/example_short_circuit_decorator.py
[2024-04-29T00:40:03.218+0000] {processor.py:768} INFO - DAG(s) dict_keys(['example_short_circuit_decorator']) retrieved from /home/airflow/.local/lib/python3.7/site-packages/airflow/example_dags/example_short_circuit_decorator.py
[2024-04-29T00:40:03.306+0000] {logging_mixin.py:117} INFO - [2024-04-29T00:40:03.306+0000] {dag.py:2573} INFO - Sync 1 DAGs
[2024-04-29T00:40:03.340+0000] {logging_mixin.py:117} INFO - [2024-04-29T00:40:03.340+0000] {dag.py:3328} INFO - Setting next_dagrun for example_short_circuit_decorator to 2024-04-28T00:40:03.340309+00:00, run_after=2024-04-29T00:40:03.340309+00:00
[2024-04-29T00:40:03.367+0000] {processor.py:178} INFO - Processing /home/airflow/.local/lib/python3.7/site-packages/airflow/example_dags/example_short_circuit_decorator.py took 0.185 seconds
[2024-04-29T00:40:34.036+0000] {processor.py:156} INFO - Started process (PID=5271) to work on /home/airflow/.local/lib/python3.7/site-packages/airflow/example_dags/example_short_circuit_decorator.py
[2024-04-29T00:40:34.036+0000] {processor.py:758} INFO - Processing file /home/airflow/.local/lib/python3.7/site-packages/airflow/example_dags/example_short_circuit_decorator.py for tasks to queue
[2024-04-29T00:40:34.037+0000] {logging_mixin.py:117} INFO - [2024-04-29T00:40:34.037+0000] {dagbag.py:525} INFO - Filling up the DagBag from /home/airflow/.local/lib/python3.7/site-packages/airflow/example_dags/example_short_circuit_decorator.py
[2024-04-29T00:40:34.082+0000] {processor.py:768} INFO - DAG(s) dict_keys(['example_short_circuit_decorator']) retrieved from /home/airflow/.local/lib/python3.7/site-packages/airflow/example_dags/example_short_circuit_decorator.py
[2024-04-29T00:40:34.133+0000] {logging_mixin.py:117} INFO - [2024-04-29T00:40:34.133+0000] {dag.py:2573} INFO - Sync 1 DAGs
[2024-04-29T00:40:34.165+0000] {logging_mixin.py:117} INFO - [2024-04-29T00:40:34.165+0000] {dag.py:3328} INFO - Setting next_dagrun for example_short_circuit_decorator to 2024-04-28T00:40:34.165091+00:00, run_after=2024-04-29T00:40:34.165091+00:00
[2024-04-29T00:40:34.191+0000] {processor.py:178} INFO - Processing /home/airflow/.local/lib/python3.7/site-packages/airflow/example_dags/example_short_circuit_decorator.py took 0.159 seconds
[2024-04-29T00:41:04.548+0000] {processor.py:156} INFO - Started process (PID=5495) to work on /home/airflow/.local/lib/python3.7/site-packages/airflow/example_dags/example_short_circuit_decorator.py
[2024-04-29T00:41:04.549+0000] {processor.py:758} INFO - Processing file /home/airflow/.local/lib/python3.7/site-packages/airflow/example_dags/example_short_circuit_decorator.py for tasks to queue
[2024-04-29T00:41:04.550+0000] {logging_mixin.py:117} INFO - [2024-04-29T00:41:04.550+0000] {dagbag.py:525} INFO - Filling up the DagBag from /home/airflow/.local/lib/python3.7/site-packages/airflow/example_dags/example_short_circuit_decorator.py
[2024-04-29T00:41:04.583+0000] {processor.py:768} INFO - DAG(s) dict_keys(['example_short_circuit_decorator']) retrieved from /home/airflow/.local/lib/python3.7/site-packages/airflow/example_dags/example_short_circuit_decorator.py
[2024-04-29T00:41:04.632+0000] {logging_mixin.py:117} INFO - [2024-04-29T00:41:04.632+0000] {dag.py:2573} INFO - Sync 1 DAGs
[2024-04-29T00:41:04.665+0000] {logging_mixin.py:117} INFO - [2024-04-29T00:41:04.665+0000] {dag.py:3328} INFO - Setting next_dagrun for example_short_circuit_decorator to 2024-04-28T00:41:04.665376+00:00, run_after=2024-04-29T00:41:04.665376+00:00
[2024-04-29T00:41:04.690+0000] {processor.py:178} INFO - Processing /home/airflow/.local/lib/python3.7/site-packages/airflow/example_dags/example_short_circuit_decorator.py took 0.145 seconds
[2024-04-29T00:41:34.855+0000] {processor.py:156} INFO - Started process (PID=5718) to work on /home/airflow/.local/lib/python3.7/site-packages/airflow/example_dags/example_short_circuit_decorator.py
[2024-04-29T00:41:34.856+0000] {processor.py:758} INFO - Processing file /home/airflow/.local/lib/python3.7/site-packages/airflow/example_dags/example_short_circuit_decorator.py for tasks to queue
[2024-04-29T00:41:34.856+0000] {logging_mixin.py:117} INFO - [2024-04-29T00:41:34.856+0000] {dagbag.py:525} INFO - Filling up the DagBag from /home/airflow/.local/lib/python3.7/site-packages/airflow/example_dags/example_short_circuit_decorator.py
[2024-04-29T00:41:34.886+0000] {processor.py:768} INFO - DAG(s) dict_keys(['example_short_circuit_decorator']) retrieved from /home/airflow/.local/lib/python3.7/site-packages/airflow/example_dags/example_short_circuit_decorator.py
[2024-04-29T00:41:34.935+0000] {logging_mixin.py:117} INFO - [2024-04-29T00:41:34.935+0000] {dag.py:2573} INFO - Sync 1 DAGs
[2024-04-29T00:41:34.968+0000] {logging_mixin.py:117} INFO - [2024-04-29T00:41:34.967+0000] {dag.py:3328} INFO - Setting next_dagrun for example_short_circuit_decorator to 2024-04-28T00:41:34.967657+00:00, run_after=2024-04-29T00:41:34.967657+00:00
[2024-04-29T00:41:34.993+0000] {processor.py:178} INFO - Processing /home/airflow/.local/lib/python3.7/site-packages/airflow/example_dags/example_short_circuit_decorator.py took 0.141 seconds
[2024-04-29T00:42:05.368+0000] {processor.py:156} INFO - Started process (PID=5932) to work on /home/airflow/.local/lib/python3.7/site-packages/airflow/example_dags/example_short_circuit_decorator.py
[2024-04-29T00:42:05.369+0000] {processor.py:758} INFO - Processing file /home/airflow/.local/lib/python3.7/site-packages/airflow/example_dags/example_short_circuit_decorator.py for tasks to queue
[2024-04-29T00:42:05.370+0000] {logging_mixin.py:117} INFO - [2024-04-29T00:42:05.370+0000] {dagbag.py:525} INFO - Filling up the DagBag from /home/airflow/.local/lib/python3.7/site-packages/airflow/example_dags/example_short_circuit_decorator.py
[2024-04-29T00:42:05.429+0000] {processor.py:768} INFO - DAG(s) dict_keys(['example_short_circuit_decorator']) retrieved from /home/airflow/.local/lib/python3.7/site-packages/airflow/example_dags/example_short_circuit_decorator.py
[2024-04-29T00:42:05.481+0000] {logging_mixin.py:117} INFO - [2024-04-29T00:42:05.481+0000] {dag.py:2573} INFO - Sync 1 DAGs
[2024-04-29T00:42:05.513+0000] {logging_mixin.py:117} INFO - [2024-04-29T00:42:05.513+0000] {dag.py:3328} INFO - Setting next_dagrun for example_short_circuit_decorator to 2024-04-28T00:42:05.513242+00:00, run_after=2024-04-29T00:42:05.513242+00:00
[2024-04-29T00:42:05.537+0000] {processor.py:178} INFO - Processing /home/airflow/.local/lib/python3.7/site-packages/airflow/example_dags/example_short_circuit_decorator.py took 0.171 seconds
[2024-04-29T00:42:35.991+0000] {processor.py:156} INFO - Started process (PID=6156) to work on /home/airflow/.local/lib/python3.7/site-packages/airflow/example_dags/example_short_circuit_decorator.py
[2024-04-29T00:42:35.992+0000] {processor.py:758} INFO - Processing file /home/airflow/.local/lib/python3.7/site-packages/airflow/example_dags/example_short_circuit_decorator.py for tasks to queue
[2024-04-29T00:42:35.992+0000] {logging_mixin.py:117} INFO - [2024-04-29T00:42:35.992+0000] {dagbag.py:525} INFO - Filling up the DagBag from /home/airflow/.local/lib/python3.7/site-packages/airflow/example_dags/example_short_circuit_decorator.py
[2024-04-29T00:42:36.028+0000] {processor.py:768} INFO - DAG(s) dict_keys(['example_short_circuit_decorator']) retrieved from /home/airflow/.local/lib/python3.7/site-packages/airflow/example_dags/example_short_circuit_decorator.py
[2024-04-29T00:42:36.100+0000] {logging_mixin.py:117} INFO - [2024-04-29T00:42:36.100+0000] {dag.py:2573} INFO - Sync 1 DAGs
[2024-04-29T00:42:36.130+0000] {logging_mixin.py:117} INFO - [2024-04-29T00:42:36.130+0000] {dag.py:3328} INFO - Setting next_dagrun for example_short_circuit_decorator to 2024-04-28T00:42:36.129949+00:00, run_after=2024-04-29T00:42:36.129949+00:00
[2024-04-29T00:42:36.154+0000] {processor.py:178} INFO - Processing /home/airflow/.local/lib/python3.7/site-packages/airflow/example_dags/example_short_circuit_decorator.py took 0.166 seconds
[2024-04-29T00:43:07.104+0000] {processor.py:156} INFO - Started process (PID=6379) to work on /home/airflow/.local/lib/python3.7/site-packages/airflow/example_dags/example_short_circuit_decorator.py
[2024-04-29T00:43:07.107+0000] {processor.py:758} INFO - Processing file /home/airflow/.local/lib/python3.7/site-packages/airflow/example_dags/example_short_circuit_decorator.py for tasks to queue
[2024-04-29T00:43:07.107+0000] {logging_mixin.py:117} INFO - [2024-04-29T00:43:07.107+0000] {dagbag.py:525} INFO - Filling up the DagBag from /home/airflow/.local/lib/python3.7/site-packages/airflow/example_dags/example_short_circuit_decorator.py
[2024-04-29T00:43:07.146+0000] {processor.py:768} INFO - DAG(s) dict_keys(['example_short_circuit_decorator']) retrieved from /home/airflow/.local/lib/python3.7/site-packages/airflow/example_dags/example_short_circuit_decorator.py
[2024-04-29T00:43:07.261+0000] {logging_mixin.py:117} INFO - [2024-04-29T00:43:07.260+0000] {dag.py:2573} INFO - Sync 1 DAGs
[2024-04-29T00:43:07.301+0000] {logging_mixin.py:117} INFO - [2024-04-29T00:43:07.301+0000] {dag.py:3328} INFO - Setting next_dagrun for example_short_circuit_decorator to 2024-04-28T00:43:07.300882+00:00, run_after=2024-04-29T00:43:07.300882+00:00
[2024-04-29T00:43:07.328+0000] {processor.py:178} INFO - Processing /home/airflow/.local/lib/python3.7/site-packages/airflow/example_dags/example_short_circuit_decorator.py took 0.232 seconds
[2024-04-29T00:43:37.693+0000] {processor.py:156} INFO - Started process (PID=6593) to work on /home/airflow/.local/lib/python3.7/site-packages/airflow/example_dags/example_short_circuit_decorator.py
[2024-04-29T00:43:37.694+0000] {processor.py:758} INFO - Processing file /home/airflow/.local/lib/python3.7/site-packages/airflow/example_dags/example_short_circuit_decorator.py for tasks to queue
[2024-04-29T00:43:37.695+0000] {logging_mixin.py:117} INFO - [2024-04-29T00:43:37.694+0000] {dagbag.py:525} INFO - Filling up the DagBag from /home/airflow/.local/lib/python3.7/site-packages/airflow/example_dags/example_short_circuit_decorator.py
[2024-04-29T00:43:37.726+0000] {processor.py:768} INFO - DAG(s) dict_keys(['example_short_circuit_decorator']) retrieved from /home/airflow/.local/lib/python3.7/site-packages/airflow/example_dags/example_short_circuit_decorator.py
[2024-04-29T00:43:37.777+0000] {logging_mixin.py:117} INFO - [2024-04-29T00:43:37.777+0000] {dag.py:2573} INFO - Sync 1 DAGs
[2024-04-29T00:43:37.811+0000] {logging_mixin.py:117} INFO - [2024-04-29T00:43:37.810+0000] {dag.py:3328} INFO - Setting next_dagrun for example_short_circuit_decorator to 2024-04-28T00:43:37.810635+00:00, run_after=2024-04-29T00:43:37.810635+00:00
[2024-04-29T00:43:37.835+0000] {processor.py:178} INFO - Processing /home/airflow/.local/lib/python3.7/site-packages/airflow/example_dags/example_short_circuit_decorator.py took 0.145 seconds
[2024-04-29T00:44:08.676+0000] {processor.py:156} INFO - Started process (PID=6815) to work on /home/airflow/.local/lib/python3.7/site-packages/airflow/example_dags/example_short_circuit_decorator.py
[2024-04-29T00:44:08.676+0000] {processor.py:758} INFO - Processing file /home/airflow/.local/lib/python3.7/site-packages/airflow/example_dags/example_short_circuit_decorator.py for tasks to queue
[2024-04-29T00:44:08.677+0000] {logging_mixin.py:117} INFO - [2024-04-29T00:44:08.677+0000] {dagbag.py:525} INFO - Filling up the DagBag from /home/airflow/.local/lib/python3.7/site-packages/airflow/example_dags/example_short_circuit_decorator.py
[2024-04-29T00:44:08.708+0000] {processor.py:768} INFO - DAG(s) dict_keys(['example_short_circuit_decorator']) retrieved from /home/airflow/.local/lib/python3.7/site-packages/airflow/example_dags/example_short_circuit_decorator.py
[2024-04-29T00:44:08.758+0000] {logging_mixin.py:117} INFO - [2024-04-29T00:44:08.757+0000] {dag.py:2573} INFO - Sync 1 DAGs
[2024-04-29T00:44:08.811+0000] {logging_mixin.py:117} INFO - [2024-04-29T00:44:08.811+0000] {dag.py:3328} INFO - Setting next_dagrun for example_short_circuit_decorator to 2024-04-28T00:44:08.810752+00:00, run_after=2024-04-29T00:44:08.810752+00:00
[2024-04-29T00:44:08.840+0000] {processor.py:178} INFO - Processing /home/airflow/.local/lib/python3.7/site-packages/airflow/example_dags/example_short_circuit_decorator.py took 0.167 seconds
[2024-04-29T00:44:39.191+0000] {processor.py:156} INFO - Started process (PID=7039) to work on /home/airflow/.local/lib/python3.7/site-packages/airflow/example_dags/example_short_circuit_decorator.py
[2024-04-29T00:44:39.192+0000] {processor.py:758} INFO - Processing file /home/airflow/.local/lib/python3.7/site-packages/airflow/example_dags/example_short_circuit_decorator.py for tasks to queue
[2024-04-29T00:44:39.192+0000] {logging_mixin.py:117} INFO - [2024-04-29T00:44:39.192+0000] {dagbag.py:525} INFO - Filling up the DagBag from /home/airflow/.local/lib/python3.7/site-packages/airflow/example_dags/example_short_circuit_decorator.py
[2024-04-29T00:44:39.222+0000] {processor.py:768} INFO - DAG(s) dict_keys(['example_short_circuit_decorator']) retrieved from /home/airflow/.local/lib/python3.7/site-packages/airflow/example_dags/example_short_circuit_decorator.py
[2024-04-29T00:44:39.273+0000] {logging_mixin.py:117} INFO - [2024-04-29T00:44:39.273+0000] {dag.py:2573} INFO - Sync 1 DAGs
[2024-04-29T00:44:39.304+0000] {logging_mixin.py:117} INFO - [2024-04-29T00:44:39.304+0000] {dag.py:3328} INFO - Setting next_dagrun for example_short_circuit_decorator to 2024-04-28T00:44:39.304244+00:00, run_after=2024-04-29T00:44:39.304244+00:00
[2024-04-29T00:44:39.329+0000] {processor.py:178} INFO - Processing /home/airflow/.local/lib/python3.7/site-packages/airflow/example_dags/example_short_circuit_decorator.py took 0.142 seconds
[2024-04-29T00:45:09.440+0000] {processor.py:156} INFO - Started process (PID=7253) to work on /home/airflow/.local/lib/python3.7/site-packages/airflow/example_dags/example_short_circuit_decorator.py
[2024-04-29T00:45:09.440+0000] {processor.py:758} INFO - Processing file /home/airflow/.local/lib/python3.7/site-packages/airflow/example_dags/example_short_circuit_decorator.py for tasks to queue
[2024-04-29T00:45:09.441+0000] {logging_mixin.py:117} INFO - [2024-04-29T00:45:09.441+0000] {dagbag.py:525} INFO - Filling up the DagBag from /home/airflow/.local/lib/python3.7/site-packages/airflow/example_dags/example_short_circuit_decorator.py
[2024-04-29T00:45:09.472+0000] {processor.py:768} INFO - DAG(s) dict_keys(['example_short_circuit_decorator']) retrieved from /home/airflow/.local/lib/python3.7/site-packages/airflow/example_dags/example_short_circuit_decorator.py
[2024-04-29T00:45:09.521+0000] {logging_mixin.py:117} INFO - [2024-04-29T00:45:09.520+0000] {dag.py:2573} INFO - Sync 1 DAGs
[2024-04-29T00:45:09.554+0000] {logging_mixin.py:117} INFO - [2024-04-29T00:45:09.554+0000] {dag.py:3328} INFO - Setting next_dagrun for example_short_circuit_decorator to 2024-04-28T00:45:09.554448+00:00, run_after=2024-04-29T00:45:09.554448+00:00
[2024-04-29T00:45:09.580+0000] {processor.py:178} INFO - Processing /home/airflow/.local/lib/python3.7/site-packages/airflow/example_dags/example_short_circuit_decorator.py took 0.143 seconds
[2024-04-29T00:45:39.731+0000] {processor.py:156} INFO - Started process (PID=7478) to work on /home/airflow/.local/lib/python3.7/site-packages/airflow/example_dags/example_short_circuit_decorator.py
[2024-04-29T00:45:39.732+0000] {processor.py:758} INFO - Processing file /home/airflow/.local/lib/python3.7/site-packages/airflow/example_dags/example_short_circuit_decorator.py for tasks to queue
[2024-04-29T00:45:39.735+0000] {logging_mixin.py:117} INFO - [2024-04-29T00:45:39.735+0000] {dagbag.py:525} INFO - Filling up the DagBag from /home/airflow/.local/lib/python3.7/site-packages/airflow/example_dags/example_short_circuit_decorator.py
[2024-04-29T00:45:39.772+0000] {processor.py:768} INFO - DAG(s) dict_keys(['example_short_circuit_decorator']) retrieved from /home/airflow/.local/lib/python3.7/site-packages/airflow/example_dags/example_short_circuit_decorator.py
[2024-04-29T00:45:39.843+0000] {logging_mixin.py:117} INFO - [2024-04-29T00:45:39.843+0000] {dag.py:2573} INFO - Sync 1 DAGs
[2024-04-29T00:45:39.902+0000] {logging_mixin.py:117} INFO - [2024-04-29T00:45:39.901+0000] {dag.py:3328} INFO - Setting next_dagrun for example_short_circuit_decorator to 2024-04-28T00:45:39.901647+00:00, run_after=2024-04-29T00:45:39.901647+00:00
[2024-04-29T00:45:39.927+0000] {processor.py:178} INFO - Processing /home/airflow/.local/lib/python3.7/site-packages/airflow/example_dags/example_short_circuit_decorator.py took 0.199 seconds
[2024-04-29T00:46:10.876+0000] {processor.py:156} INFO - Started process (PID=7702) to work on /home/airflow/.local/lib/python3.7/site-packages/airflow/example_dags/example_short_circuit_decorator.py
[2024-04-29T00:46:10.876+0000] {processor.py:758} INFO - Processing file /home/airflow/.local/lib/python3.7/site-packages/airflow/example_dags/example_short_circuit_decorator.py for tasks to queue
[2024-04-29T00:46:10.877+0000] {logging_mixin.py:117} INFO - [2024-04-29T00:46:10.877+0000] {dagbag.py:525} INFO - Filling up the DagBag from /home/airflow/.local/lib/python3.7/site-packages/airflow/example_dags/example_short_circuit_decorator.py
[2024-04-29T00:46:10.908+0000] {processor.py:768} INFO - DAG(s) dict_keys(['example_short_circuit_decorator']) retrieved from /home/airflow/.local/lib/python3.7/site-packages/airflow/example_dags/example_short_circuit_decorator.py
[2024-04-29T00:46:10.959+0000] {logging_mixin.py:117} INFO - [2024-04-29T00:46:10.958+0000] {dag.py:2573} INFO - Sync 1 DAGs
[2024-04-29T00:46:10.990+0000] {logging_mixin.py:117} INFO - [2024-04-29T00:46:10.990+0000] {dag.py:3328} INFO - Setting next_dagrun for example_short_circuit_decorator to 2024-04-28T00:46:10.990434+00:00, run_after=2024-04-29T00:46:10.990434+00:00
[2024-04-29T00:46:11.020+0000] {processor.py:178} INFO - Processing /home/airflow/.local/lib/python3.7/site-packages/airflow/example_dags/example_short_circuit_decorator.py took 0.148 seconds
[2024-04-29T00:46:41.394+0000] {processor.py:156} INFO - Started process (PID=7917) to work on /home/airflow/.local/lib/python3.7/site-packages/airflow/example_dags/example_short_circuit_decorator.py
[2024-04-29T00:46:41.395+0000] {processor.py:758} INFO - Processing file /home/airflow/.local/lib/python3.7/site-packages/airflow/example_dags/example_short_circuit_decorator.py for tasks to queue
[2024-04-29T00:46:41.395+0000] {logging_mixin.py:117} INFO - [2024-04-29T00:46:41.395+0000] {dagbag.py:525} INFO - Filling up the DagBag from /home/airflow/.local/lib/python3.7/site-packages/airflow/example_dags/example_short_circuit_decorator.py
[2024-04-29T00:46:41.434+0000] {processor.py:768} INFO - DAG(s) dict_keys(['example_short_circuit_decorator']) retrieved from /home/airflow/.local/lib/python3.7/site-packages/airflow/example_dags/example_short_circuit_decorator.py
[2024-04-29T00:46:41.484+0000] {logging_mixin.py:117} INFO - [2024-04-29T00:46:41.483+0000] {dag.py:2573} INFO - Sync 1 DAGs
[2024-04-29T00:46:41.515+0000] {logging_mixin.py:117} INFO - [2024-04-29T00:46:41.515+0000] {dag.py:3328} INFO - Setting next_dagrun for example_short_circuit_decorator to 2024-04-28T00:46:41.514926+00:00, run_after=2024-04-29T00:46:41.514926+00:00
[2024-04-29T00:46:41.541+0000] {processor.py:178} INFO - Processing /home/airflow/.local/lib/python3.7/site-packages/airflow/example_dags/example_short_circuit_decorator.py took 0.150 seconds
[2024-04-29T00:47:12.107+0000] {processor.py:156} INFO - Started process (PID=8140) to work on /home/airflow/.local/lib/python3.7/site-packages/airflow/example_dags/example_short_circuit_decorator.py
[2024-04-29T00:47:12.107+0000] {processor.py:758} INFO - Processing file /home/airflow/.local/lib/python3.7/site-packages/airflow/example_dags/example_short_circuit_decorator.py for tasks to queue
[2024-04-29T00:47:12.108+0000] {logging_mixin.py:117} INFO - [2024-04-29T00:47:12.108+0000] {dagbag.py:525} INFO - Filling up the DagBag from /home/airflow/.local/lib/python3.7/site-packages/airflow/example_dags/example_short_circuit_decorator.py
[2024-04-29T00:47:12.138+0000] {processor.py:768} INFO - DAG(s) dict_keys(['example_short_circuit_decorator']) retrieved from /home/airflow/.local/lib/python3.7/site-packages/airflow/example_dags/example_short_circuit_decorator.py
[2024-04-29T00:47:12.186+0000] {logging_mixin.py:117} INFO - [2024-04-29T00:47:12.186+0000] {dag.py:2573} INFO - Sync 1 DAGs
[2024-04-29T00:47:12.219+0000] {logging_mixin.py:117} INFO - [2024-04-29T00:47:12.219+0000] {dag.py:3328} INFO - Setting next_dagrun for example_short_circuit_decorator to 2024-04-28T00:47:12.219060+00:00, run_after=2024-04-29T00:47:12.219060+00:00
[2024-04-29T00:47:12.244+0000] {processor.py:178} INFO - Processing /home/airflow/.local/lib/python3.7/site-packages/airflow/example_dags/example_short_circuit_decorator.py took 0.140 seconds
[2024-04-29T00:47:42.567+0000] {processor.py:156} INFO - Started process (PID=8364) to work on /home/airflow/.local/lib/python3.7/site-packages/airflow/example_dags/example_short_circuit_decorator.py
[2024-04-29T00:47:42.568+0000] {processor.py:758} INFO - Processing file /home/airflow/.local/lib/python3.7/site-packages/airflow/example_dags/example_short_circuit_decorator.py for tasks to queue
[2024-04-29T00:47:42.568+0000] {logging_mixin.py:117} INFO - [2024-04-29T00:47:42.568+0000] {dagbag.py:525} INFO - Filling up the DagBag from /home/airflow/.local/lib/python3.7/site-packages/airflow/example_dags/example_short_circuit_decorator.py
[2024-04-29T00:47:42.600+0000] {processor.py:768} INFO - DAG(s) dict_keys(['example_short_circuit_decorator']) retrieved from /home/airflow/.local/lib/python3.7/site-packages/airflow/example_dags/example_short_circuit_decorator.py
[2024-04-29T00:47:42.652+0000] {logging_mixin.py:117} INFO - [2024-04-29T00:47:42.652+0000] {dag.py:2573} INFO - Sync 1 DAGs
[2024-04-29T00:47:42.684+0000] {logging_mixin.py:117} INFO - [2024-04-29T00:47:42.684+0000] {dag.py:3328} INFO - Setting next_dagrun for example_short_circuit_decorator to 2024-04-28T00:47:42.684256+00:00, run_after=2024-04-29T00:47:42.684256+00:00
[2024-04-29T00:47:42.715+0000] {processor.py:178} INFO - Processing /home/airflow/.local/lib/python3.7/site-packages/airflow/example_dags/example_short_circuit_decorator.py took 0.152 seconds
[2024-04-29T00:48:13.418+0000] {processor.py:156} INFO - Started process (PID=8576) to work on /home/airflow/.local/lib/python3.7/site-packages/airflow/example_dags/example_short_circuit_decorator.py
[2024-04-29T00:48:13.418+0000] {processor.py:758} INFO - Processing file /home/airflow/.local/lib/python3.7/site-packages/airflow/example_dags/example_short_circuit_decorator.py for tasks to queue
[2024-04-29T00:48:13.419+0000] {logging_mixin.py:117} INFO - [2024-04-29T00:48:13.419+0000] {dagbag.py:525} INFO - Filling up the DagBag from /home/airflow/.local/lib/python3.7/site-packages/airflow/example_dags/example_short_circuit_decorator.py
[2024-04-29T00:48:13.458+0000] {processor.py:768} INFO - DAG(s) dict_keys(['example_short_circuit_decorator']) retrieved from /home/airflow/.local/lib/python3.7/site-packages/airflow/example_dags/example_short_circuit_decorator.py
[2024-04-29T00:48:13.515+0000] {logging_mixin.py:117} INFO - [2024-04-29T00:48:13.515+0000] {dag.py:2573} INFO - Sync 1 DAGs
[2024-04-29T00:48:13.548+0000] {logging_mixin.py:117} INFO - [2024-04-29T00:48:13.547+0000] {dag.py:3328} INFO - Setting next_dagrun for example_short_circuit_decorator to 2024-04-28T00:48:13.547629+00:00, run_after=2024-04-29T00:48:13.547629+00:00
[2024-04-29T00:48:13.573+0000] {processor.py:178} INFO - Processing /home/airflow/.local/lib/python3.7/site-packages/airflow/example_dags/example_short_circuit_decorator.py took 0.158 seconds
[2024-04-29T00:48:44.154+0000] {processor.py:156} INFO - Started process (PID=8799) to work on /home/airflow/.local/lib/python3.7/site-packages/airflow/example_dags/example_short_circuit_decorator.py
[2024-04-29T00:48:44.155+0000] {processor.py:758} INFO - Processing file /home/airflow/.local/lib/python3.7/site-packages/airflow/example_dags/example_short_circuit_decorator.py for tasks to queue
[2024-04-29T00:48:44.156+0000] {logging_mixin.py:117} INFO - [2024-04-29T00:48:44.155+0000] {dagbag.py:525} INFO - Filling up the DagBag from /home/airflow/.local/lib/python3.7/site-packages/airflow/example_dags/example_short_circuit_decorator.py
[2024-04-29T00:48:44.186+0000] {processor.py:768} INFO - DAG(s) dict_keys(['example_short_circuit_decorator']) retrieved from /home/airflow/.local/lib/python3.7/site-packages/airflow/example_dags/example_short_circuit_decorator.py
[2024-04-29T00:48:44.236+0000] {logging_mixin.py:117} INFO - [2024-04-29T00:48:44.236+0000] {dag.py:2573} INFO - Sync 1 DAGs
[2024-04-29T00:48:44.268+0000] {logging_mixin.py:117} INFO - [2024-04-29T00:48:44.268+0000] {dag.py:3328} INFO - Setting next_dagrun for example_short_circuit_decorator to 2024-04-28T00:48:44.268584+00:00, run_after=2024-04-29T00:48:44.268584+00:00
[2024-04-29T00:48:44.294+0000] {processor.py:178} INFO - Processing /home/airflow/.local/lib/python3.7/site-packages/airflow/example_dags/example_short_circuit_decorator.py took 0.143 seconds
[2024-04-29T00:49:14.413+0000] {processor.py:156} INFO - Started process (PID=9021) to work on /home/airflow/.local/lib/python3.7/site-packages/airflow/example_dags/example_short_circuit_decorator.py
[2024-04-29T00:49:14.414+0000] {processor.py:758} INFO - Processing file /home/airflow/.local/lib/python3.7/site-packages/airflow/example_dags/example_short_circuit_decorator.py for tasks to queue
[2024-04-29T00:49:14.414+0000] {logging_mixin.py:117} INFO - [2024-04-29T00:49:14.414+0000] {dagbag.py:525} INFO - Filling up the DagBag from /home/airflow/.local/lib/python3.7/site-packages/airflow/example_dags/example_short_circuit_decorator.py
[2024-04-29T00:49:14.435+0000] {processor.py:768} INFO - DAG(s) dict_keys(['example_short_circuit_decorator']) retrieved from /home/airflow/.local/lib/python3.7/site-packages/airflow/example_dags/example_short_circuit_decorator.py
[2024-04-29T00:49:14.468+0000] {logging_mixin.py:117} INFO - [2024-04-29T00:49:14.468+0000] {dag.py:2573} INFO - Sync 1 DAGs
[2024-04-29T00:49:14.496+0000] {logging_mixin.py:117} INFO - [2024-04-29T00:49:14.496+0000] {dag.py:3328} INFO - Setting next_dagrun for example_short_circuit_decorator to 2024-04-28T00:49:14.496345+00:00, run_after=2024-04-29T00:49:14.496345+00:00
[2024-04-29T00:49:14.528+0000] {processor.py:178} INFO - Processing /home/airflow/.local/lib/python3.7/site-packages/airflow/example_dags/example_short_circuit_decorator.py took 0.117 seconds
[2024-04-29T00:49:44.968+0000] {processor.py:156} INFO - Started process (PID=9233) to work on /home/airflow/.local/lib/python3.7/site-packages/airflow/example_dags/example_short_circuit_decorator.py
[2024-04-29T00:49:44.969+0000] {processor.py:758} INFO - Processing file /home/airflow/.local/lib/python3.7/site-packages/airflow/example_dags/example_short_circuit_decorator.py for tasks to queue
[2024-04-29T00:49:44.969+0000] {logging_mixin.py:117} INFO - [2024-04-29T00:49:44.969+0000] {dagbag.py:525} INFO - Filling up the DagBag from /home/airflow/.local/lib/python3.7/site-packages/airflow/example_dags/example_short_circuit_decorator.py
[2024-04-29T00:49:44.997+0000] {processor.py:768} INFO - DAG(s) dict_keys(['example_short_circuit_decorator']) retrieved from /home/airflow/.local/lib/python3.7/site-packages/airflow/example_dags/example_short_circuit_decorator.py
[2024-04-29T00:49:45.044+0000] {logging_mixin.py:117} INFO - [2024-04-29T00:49:45.044+0000] {dag.py:2573} INFO - Sync 1 DAGs
[2024-04-29T00:49:45.078+0000] {logging_mixin.py:117} INFO - [2024-04-29T00:49:45.078+0000] {dag.py:3328} INFO - Setting next_dagrun for example_short_circuit_decorator to 2024-04-28T00:49:45.077764+00:00, run_after=2024-04-29T00:49:45.077764+00:00
[2024-04-29T00:49:45.104+0000] {processor.py:178} INFO - Processing /home/airflow/.local/lib/python3.7/site-packages/airflow/example_dags/example_short_circuit_decorator.py took 0.140 seconds
[2024-04-29T00:50:15.846+0000] {processor.py:156} INFO - Started process (PID=9458) to work on /home/airflow/.local/lib/python3.7/site-packages/airflow/example_dags/example_short_circuit_decorator.py
[2024-04-29T00:50:15.847+0000] {processor.py:758} INFO - Processing file /home/airflow/.local/lib/python3.7/site-packages/airflow/example_dags/example_short_circuit_decorator.py for tasks to queue
[2024-04-29T00:50:15.847+0000] {logging_mixin.py:117} INFO - [2024-04-29T00:50:15.847+0000] {dagbag.py:525} INFO - Filling up the DagBag from /home/airflow/.local/lib/python3.7/site-packages/airflow/example_dags/example_short_circuit_decorator.py
[2024-04-29T00:50:15.868+0000] {processor.py:768} INFO - DAG(s) dict_keys(['example_short_circuit_decorator']) retrieved from /home/airflow/.local/lib/python3.7/site-packages/airflow/example_dags/example_short_circuit_decorator.py
[2024-04-29T00:50:15.908+0000] {logging_mixin.py:117} INFO - [2024-04-29T00:50:15.908+0000] {dag.py:2573} INFO - Sync 1 DAGs
[2024-04-29T00:50:15.941+0000] {logging_mixin.py:117} INFO - [2024-04-29T00:50:15.941+0000] {dag.py:3328} INFO - Setting next_dagrun for example_short_circuit_decorator to 2024-04-28T00:50:15.941357+00:00, run_after=2024-04-29T00:50:15.941357+00:00
[2024-04-29T00:50:15.968+0000] {processor.py:178} INFO - Processing /home/airflow/.local/lib/python3.7/site-packages/airflow/example_dags/example_short_circuit_decorator.py took 0.124 seconds
[2024-04-29T00:50:46.796+0000] {processor.py:156} INFO - Started process (PID=9681) to work on /home/airflow/.local/lib/python3.7/site-packages/airflow/example_dags/example_short_circuit_decorator.py
[2024-04-29T00:50:46.797+0000] {processor.py:758} INFO - Processing file /home/airflow/.local/lib/python3.7/site-packages/airflow/example_dags/example_short_circuit_decorator.py for tasks to queue
[2024-04-29T00:50:46.798+0000] {logging_mixin.py:117} INFO - [2024-04-29T00:50:46.797+0000] {dagbag.py:525} INFO - Filling up the DagBag from /home/airflow/.local/lib/python3.7/site-packages/airflow/example_dags/example_short_circuit_decorator.py
[2024-04-29T00:50:46.828+0000] {processor.py:768} INFO - DAG(s) dict_keys(['example_short_circuit_decorator']) retrieved from /home/airflow/.local/lib/python3.7/site-packages/airflow/example_dags/example_short_circuit_decorator.py
[2024-04-29T00:50:46.877+0000] {logging_mixin.py:117} INFO - [2024-04-29T00:50:46.877+0000] {dag.py:2573} INFO - Sync 1 DAGs
[2024-04-29T00:50:46.909+0000] {logging_mixin.py:117} INFO - [2024-04-29T00:50:46.908+0000] {dag.py:3328} INFO - Setting next_dagrun for example_short_circuit_decorator to 2024-04-28T00:50:46.908590+00:00, run_after=2024-04-29T00:50:46.908590+00:00
[2024-04-29T00:50:46.933+0000] {processor.py:178} INFO - Processing /home/airflow/.local/lib/python3.7/site-packages/airflow/example_dags/example_short_circuit_decorator.py took 0.140 seconds
[2024-04-29T00:51:17.226+0000] {processor.py:156} INFO - Started process (PID=9894) to work on /home/airflow/.local/lib/python3.7/site-packages/airflow/example_dags/example_short_circuit_decorator.py
[2024-04-29T00:51:17.227+0000] {processor.py:758} INFO - Processing file /home/airflow/.local/lib/python3.7/site-packages/airflow/example_dags/example_short_circuit_decorator.py for tasks to queue
[2024-04-29T00:51:17.227+0000] {logging_mixin.py:117} INFO - [2024-04-29T00:51:17.227+0000] {dagbag.py:525} INFO - Filling up the DagBag from /home/airflow/.local/lib/python3.7/site-packages/airflow/example_dags/example_short_circuit_decorator.py
[2024-04-29T00:51:17.257+0000] {processor.py:768} INFO - DAG(s) dict_keys(['example_short_circuit_decorator']) retrieved from /home/airflow/.local/lib/python3.7/site-packages/airflow/example_dags/example_short_circuit_decorator.py
[2024-04-29T00:51:17.309+0000] {logging_mixin.py:117} INFO - [2024-04-29T00:51:17.308+0000] {dag.py:2573} INFO - Sync 1 DAGs
[2024-04-29T00:51:17.342+0000] {logging_mixin.py:117} INFO - [2024-04-29T00:51:17.342+0000] {dag.py:3328} INFO - Setting next_dagrun for example_short_circuit_decorator to 2024-04-28T00:51:17.341893+00:00, run_after=2024-04-29T00:51:17.341893+00:00
[2024-04-29T00:51:17.367+0000] {processor.py:178} INFO - Processing /home/airflow/.local/lib/python3.7/site-packages/airflow/example_dags/example_short_circuit_decorator.py took 0.144 seconds
[2024-04-29T00:51:47.440+0000] {processor.py:156} INFO - Started process (PID=10115) to work on /home/airflow/.local/lib/python3.7/site-packages/airflow/example_dags/example_short_circuit_decorator.py
[2024-04-29T00:51:47.440+0000] {processor.py:758} INFO - Processing file /home/airflow/.local/lib/python3.7/site-packages/airflow/example_dags/example_short_circuit_decorator.py for tasks to queue
[2024-04-29T00:51:47.441+0000] {logging_mixin.py:117} INFO - [2024-04-29T00:51:47.441+0000] {dagbag.py:525} INFO - Filling up the DagBag from /home/airflow/.local/lib/python3.7/site-packages/airflow/example_dags/example_short_circuit_decorator.py
[2024-04-29T00:51:47.471+0000] {processor.py:768} INFO - DAG(s) dict_keys(['example_short_circuit_decorator']) retrieved from /home/airflow/.local/lib/python3.7/site-packages/airflow/example_dags/example_short_circuit_decorator.py
[2024-04-29T00:51:47.522+0000] {logging_mixin.py:117} INFO - [2024-04-29T00:51:47.522+0000] {dag.py:2573} INFO - Sync 1 DAGs
[2024-04-29T00:51:47.555+0000] {logging_mixin.py:117} INFO - [2024-04-29T00:51:47.554+0000] {dag.py:3328} INFO - Setting next_dagrun for example_short_circuit_decorator to 2024-04-28T00:51:47.554695+00:00, run_after=2024-04-29T00:51:47.554695+00:00
[2024-04-29T00:51:47.588+0000] {processor.py:178} INFO - Processing /home/airflow/.local/lib/python3.7/site-packages/airflow/example_dags/example_short_circuit_decorator.py took 0.152 seconds
[2024-04-29T00:52:17.659+0000] {processor.py:156} INFO - Started process (PID=10334) to work on /home/airflow/.local/lib/python3.7/site-packages/airflow/example_dags/example_short_circuit_decorator.py
[2024-04-29T00:52:17.660+0000] {processor.py:758} INFO - Processing file /home/airflow/.local/lib/python3.7/site-packages/airflow/example_dags/example_short_circuit_decorator.py for tasks to queue
[2024-04-29T00:52:17.660+0000] {logging_mixin.py:117} INFO - [2024-04-29T00:52:17.660+0000] {dagbag.py:525} INFO - Filling up the DagBag from /home/airflow/.local/lib/python3.7/site-packages/airflow/example_dags/example_short_circuit_decorator.py
[2024-04-29T00:52:17.690+0000] {processor.py:768} INFO - DAG(s) dict_keys(['example_short_circuit_decorator']) retrieved from /home/airflow/.local/lib/python3.7/site-packages/airflow/example_dags/example_short_circuit_decorator.py
[2024-04-29T00:52:17.737+0000] {logging_mixin.py:117} INFO - [2024-04-29T00:52:17.737+0000] {dag.py:2573} INFO - Sync 1 DAGs
[2024-04-29T00:52:17.761+0000] {logging_mixin.py:117} INFO - [2024-04-29T00:52:17.761+0000] {dag.py:3328} INFO - Setting next_dagrun for example_short_circuit_decorator to 2024-04-28T00:52:17.761655+00:00, run_after=2024-04-29T00:52:17.761655+00:00
[2024-04-29T00:52:17.782+0000] {processor.py:178} INFO - Processing /home/airflow/.local/lib/python3.7/site-packages/airflow/example_dags/example_short_circuit_decorator.py took 0.126 seconds
[2024-04-29T00:52:48.657+0000] {processor.py:156} INFO - Started process (PID=10553) to work on /home/airflow/.local/lib/python3.7/site-packages/airflow/example_dags/example_short_circuit_decorator.py
[2024-04-29T00:52:48.657+0000] {processor.py:758} INFO - Processing file /home/airflow/.local/lib/python3.7/site-packages/airflow/example_dags/example_short_circuit_decorator.py for tasks to queue
[2024-04-29T00:52:48.658+0000] {logging_mixin.py:117} INFO - [2024-04-29T00:52:48.657+0000] {dagbag.py:525} INFO - Filling up the DagBag from /home/airflow/.local/lib/python3.7/site-packages/airflow/example_dags/example_short_circuit_decorator.py
[2024-04-29T00:52:48.689+0000] {processor.py:768} INFO - DAG(s) dict_keys(['example_short_circuit_decorator']) retrieved from /home/airflow/.local/lib/python3.7/site-packages/airflow/example_dags/example_short_circuit_decorator.py
[2024-04-29T00:52:48.735+0000] {logging_mixin.py:117} INFO - [2024-04-29T00:52:48.735+0000] {dag.py:2573} INFO - Sync 1 DAGs
[2024-04-29T00:52:48.768+0000] {logging_mixin.py:117} INFO - [2024-04-29T00:52:48.768+0000] {dag.py:3328} INFO - Setting next_dagrun for example_short_circuit_decorator to 2024-04-28T00:52:48.767916+00:00, run_after=2024-04-29T00:52:48.767916+00:00
[2024-04-29T00:52:48.801+0000] {processor.py:178} INFO - Processing /home/airflow/.local/lib/python3.7/site-packages/airflow/example_dags/example_short_circuit_decorator.py took 0.148 seconds
[2024-04-29T00:53:19.568+0000] {processor.py:156} INFO - Started process (PID=10779) to work on /home/airflow/.local/lib/python3.7/site-packages/airflow/example_dags/example_short_circuit_decorator.py
[2024-04-29T00:53:19.568+0000] {processor.py:758} INFO - Processing file /home/airflow/.local/lib/python3.7/site-packages/airflow/example_dags/example_short_circuit_decorator.py for tasks to queue
[2024-04-29T00:53:19.569+0000] {logging_mixin.py:117} INFO - [2024-04-29T00:53:19.569+0000] {dagbag.py:525} INFO - Filling up the DagBag from /home/airflow/.local/lib/python3.7/site-packages/airflow/example_dags/example_short_circuit_decorator.py
[2024-04-29T00:53:19.590+0000] {processor.py:768} INFO - DAG(s) dict_keys(['example_short_circuit_decorator']) retrieved from /home/airflow/.local/lib/python3.7/site-packages/airflow/example_dags/example_short_circuit_decorator.py
[2024-04-29T00:53:19.623+0000] {logging_mixin.py:117} INFO - [2024-04-29T00:53:19.623+0000] {dag.py:2573} INFO - Sync 1 DAGs
[2024-04-29T00:53:19.644+0000] {logging_mixin.py:117} INFO - [2024-04-29T00:53:19.644+0000] {dag.py:3328} INFO - Setting next_dagrun for example_short_circuit_decorator to 2024-04-28T00:53:19.643875+00:00, run_after=2024-04-29T00:53:19.643875+00:00
[2024-04-29T00:53:19.665+0000] {processor.py:178} INFO - Processing /home/airflow/.local/lib/python3.7/site-packages/airflow/example_dags/example_short_circuit_decorator.py took 0.099 seconds
[2024-04-29T00:53:49.800+0000] {processor.py:156} INFO - Started process (PID=10999) to work on /home/airflow/.local/lib/python3.7/site-packages/airflow/example_dags/example_short_circuit_decorator.py
[2024-04-29T00:53:49.801+0000] {processor.py:758} INFO - Processing file /home/airflow/.local/lib/python3.7/site-packages/airflow/example_dags/example_short_circuit_decorator.py for tasks to queue
[2024-04-29T00:53:49.802+0000] {logging_mixin.py:117} INFO - [2024-04-29T00:53:49.801+0000] {dagbag.py:525} INFO - Filling up the DagBag from /home/airflow/.local/lib/python3.7/site-packages/airflow/example_dags/example_short_circuit_decorator.py
[2024-04-29T00:53:49.857+0000] {processor.py:768} INFO - DAG(s) dict_keys(['example_short_circuit_decorator']) retrieved from /home/airflow/.local/lib/python3.7/site-packages/airflow/example_dags/example_short_circuit_decorator.py
[2024-04-29T00:53:49.908+0000] {logging_mixin.py:117} INFO - [2024-04-29T00:53:49.907+0000] {dag.py:2573} INFO - Sync 1 DAGs
[2024-04-29T00:53:49.941+0000] {logging_mixin.py:117} INFO - [2024-04-29T00:53:49.940+0000] {dag.py:3328} INFO - Setting next_dagrun for example_short_circuit_decorator to 2024-04-28T00:53:49.940712+00:00, run_after=2024-04-29T00:53:49.940712+00:00
[2024-04-29T00:53:49.971+0000] {processor.py:178} INFO - Processing /home/airflow/.local/lib/python3.7/site-packages/airflow/example_dags/example_short_circuit_decorator.py took 0.175 seconds
[2024-04-29T00:54:20.676+0000] {processor.py:156} INFO - Started process (PID=11214) to work on /home/airflow/.local/lib/python3.7/site-packages/airflow/example_dags/example_short_circuit_decorator.py
[2024-04-29T00:54:20.677+0000] {processor.py:758} INFO - Processing file /home/airflow/.local/lib/python3.7/site-packages/airflow/example_dags/example_short_circuit_decorator.py for tasks to queue
[2024-04-29T00:54:20.678+0000] {logging_mixin.py:117} INFO - [2024-04-29T00:54:20.678+0000] {dagbag.py:525} INFO - Filling up the DagBag from /home/airflow/.local/lib/python3.7/site-packages/airflow/example_dags/example_short_circuit_decorator.py
[2024-04-29T00:54:20.707+0000] {processor.py:768} INFO - DAG(s) dict_keys(['example_short_circuit_decorator']) retrieved from /home/airflow/.local/lib/python3.7/site-packages/airflow/example_dags/example_short_circuit_decorator.py
[2024-04-29T00:54:20.755+0000] {logging_mixin.py:117} INFO - [2024-04-29T00:54:20.755+0000] {dag.py:2573} INFO - Sync 1 DAGs
[2024-04-29T00:54:20.790+0000] {logging_mixin.py:117} INFO - [2024-04-29T00:54:20.790+0000] {dag.py:3328} INFO - Setting next_dagrun for example_short_circuit_decorator to 2024-04-28T00:54:20.790492+00:00, run_after=2024-04-29T00:54:20.790492+00:00
[2024-04-29T00:54:20.817+0000] {processor.py:178} INFO - Processing /home/airflow/.local/lib/python3.7/site-packages/airflow/example_dags/example_short_circuit_decorator.py took 0.143 seconds
[2024-04-29T00:54:50.889+0000] {processor.py:156} INFO - Started process (PID=11436) to work on /home/airflow/.local/lib/python3.7/site-packages/airflow/example_dags/example_short_circuit_decorator.py
[2024-04-29T00:54:50.893+0000] {processor.py:758} INFO - Processing file /home/airflow/.local/lib/python3.7/site-packages/airflow/example_dags/example_short_circuit_decorator.py for tasks to queue
[2024-04-29T00:54:50.893+0000] {logging_mixin.py:117} INFO - [2024-04-29T00:54:50.893+0000] {dagbag.py:525} INFO - Filling up the DagBag from /home/airflow/.local/lib/python3.7/site-packages/airflow/example_dags/example_short_circuit_decorator.py
[2024-04-29T00:54:50.932+0000] {processor.py:768} INFO - DAG(s) dict_keys(['example_short_circuit_decorator']) retrieved from /home/airflow/.local/lib/python3.7/site-packages/airflow/example_dags/example_short_circuit_decorator.py
[2024-04-29T00:54:50.984+0000] {logging_mixin.py:117} INFO - [2024-04-29T00:54:50.983+0000] {dag.py:2573} INFO - Sync 1 DAGs
[2024-04-29T00:54:51.017+0000] {logging_mixin.py:117} INFO - [2024-04-29T00:54:51.016+0000] {dag.py:3328} INFO - Setting next_dagrun for example_short_circuit_decorator to 2024-04-28T00:54:51.016639+00:00, run_after=2024-04-29T00:54:51.016639+00:00
[2024-04-29T00:54:51.046+0000] {processor.py:178} INFO - Processing /home/airflow/.local/lib/python3.7/site-packages/airflow/example_dags/example_short_circuit_decorator.py took 0.164 seconds
