[2024-04-29T00:28:55.603+0000] {processor.py:156} INFO - Started process (PID=347) to work on /home/airflow/.local/lib/python3.7/site-packages/airflow/example_dags/example_xcomargs.py
[2024-04-29T00:28:55.604+0000] {processor.py:758} INFO - Processing file /home/airflow/.local/lib/python3.7/site-packages/airflow/example_dags/example_xcomargs.py for tasks to queue
[2024-04-29T00:28:55.604+0000] {logging_mixin.py:117} INFO - [2024-04-29T00:28:55.604+0000] {dagbag.py:525} INFO - Filling up the DagBag from /home/airflow/.local/lib/python3.7/site-packages/airflow/example_dags/example_xcomargs.py
[2024-04-29T00:28:55.745+0000] {processor.py:768} INFO - DAG(s) dict_keys(['example_xcom_args_with_operators', 'example_xcom_args']) retrieved from /home/airflow/.local/lib/python3.7/site-packages/airflow/example_dags/example_xcomargs.py
[2024-04-29T00:28:55.943+0000] {logging_mixin.py:117} INFO - [2024-04-29T00:28:55.943+0000] {dag.py:2573} INFO - Sync 2 DAGs
[2024-04-29T00:28:56.012+0000] {logging_mixin.py:117} INFO - [2024-04-29T00:28:56.011+0000] {dag.py:3328} INFO - Setting next_dagrun for example_xcom_args to None, run_after=None
[2024-04-29T00:28:56.023+0000] {logging_mixin.py:117} INFO - [2024-04-29T00:28:56.023+0000] {dag.py:3328} INFO - Setting next_dagrun for example_xcom_args_with_operators to None, run_after=None
[2024-04-29T00:28:56.065+0000] {processor.py:178} INFO - Processing /home/airflow/.local/lib/python3.7/site-packages/airflow/example_dags/example_xcomargs.py took 0.471 seconds
[2024-04-29T00:29:26.282+0000] {processor.py:156} INFO - Started process (PID=570) to work on /home/airflow/.local/lib/python3.7/site-packages/airflow/example_dags/example_xcomargs.py
[2024-04-29T00:29:26.282+0000] {processor.py:758} INFO - Processing file /home/airflow/.local/lib/python3.7/site-packages/airflow/example_dags/example_xcomargs.py for tasks to queue
[2024-04-29T00:29:26.283+0000] {logging_mixin.py:117} INFO - [2024-04-29T00:29:26.283+0000] {dagbag.py:525} INFO - Filling up the DagBag from /home/airflow/.local/lib/python3.7/site-packages/airflow/example_dags/example_xcomargs.py
[2024-04-29T00:29:26.314+0000] {processor.py:768} INFO - DAG(s) dict_keys(['example_xcom_args_with_operators', 'example_xcom_args']) retrieved from /home/airflow/.local/lib/python3.7/site-packages/airflow/example_dags/example_xcomargs.py
[2024-04-29T00:29:26.364+0000] {logging_mixin.py:117} INFO - [2024-04-29T00:29:26.364+0000] {dag.py:2573} INFO - Sync 2 DAGs
[2024-04-29T00:29:26.393+0000] {logging_mixin.py:117} INFO - [2024-04-29T00:29:26.393+0000] {dag.py:3328} INFO - Setting next_dagrun for example_xcom_args to None, run_after=None
[2024-04-29T00:29:26.397+0000] {logging_mixin.py:117} INFO - [2024-04-29T00:29:26.396+0000] {dag.py:3328} INFO - Setting next_dagrun for example_xcom_args_with_operators to None, run_after=None
[2024-04-29T00:29:26.419+0000] {processor.py:178} INFO - Processing /home/airflow/.local/lib/python3.7/site-packages/airflow/example_dags/example_xcomargs.py took 0.141 seconds
[2024-04-29T00:29:56.871+0000] {processor.py:156} INFO - Started process (PID=787) to work on /home/airflow/.local/lib/python3.7/site-packages/airflow/example_dags/example_xcomargs.py
[2024-04-29T00:29:56.871+0000] {processor.py:758} INFO - Processing file /home/airflow/.local/lib/python3.7/site-packages/airflow/example_dags/example_xcomargs.py for tasks to queue
[2024-04-29T00:29:56.872+0000] {logging_mixin.py:117} INFO - [2024-04-29T00:29:56.872+0000] {dagbag.py:525} INFO - Filling up the DagBag from /home/airflow/.local/lib/python3.7/site-packages/airflow/example_dags/example_xcomargs.py
[2024-04-29T00:29:56.893+0000] {processor.py:768} INFO - DAG(s) dict_keys(['example_xcom_args_with_operators', 'example_xcom_args']) retrieved from /home/airflow/.local/lib/python3.7/site-packages/airflow/example_dags/example_xcomargs.py
[2024-04-29T00:29:56.928+0000] {logging_mixin.py:117} INFO - [2024-04-29T00:29:56.928+0000] {dag.py:2573} INFO - Sync 2 DAGs
[2024-04-29T00:29:56.949+0000] {logging_mixin.py:117} INFO - [2024-04-29T00:29:56.949+0000] {dag.py:3328} INFO - Setting next_dagrun for example_xcom_args to None, run_after=None
[2024-04-29T00:29:56.952+0000] {logging_mixin.py:117} INFO - [2024-04-29T00:29:56.952+0000] {dag.py:3328} INFO - Setting next_dagrun for example_xcom_args_with_operators to None, run_after=None
[2024-04-29T00:29:56.971+0000] {processor.py:178} INFO - Processing /home/airflow/.local/lib/python3.7/site-packages/airflow/example_dags/example_xcomargs.py took 0.103 seconds
[2024-04-29T00:30:27.735+0000] {processor.py:156} INFO - Started process (PID=1008) to work on /home/airflow/.local/lib/python3.7/site-packages/airflow/example_dags/example_xcomargs.py
[2024-04-29T00:30:27.735+0000] {processor.py:758} INFO - Processing file /home/airflow/.local/lib/python3.7/site-packages/airflow/example_dags/example_xcomargs.py for tasks to queue
[2024-04-29T00:30:27.736+0000] {logging_mixin.py:117} INFO - [2024-04-29T00:30:27.736+0000] {dagbag.py:525} INFO - Filling up the DagBag from /home/airflow/.local/lib/python3.7/site-packages/airflow/example_dags/example_xcomargs.py
[2024-04-29T00:30:27.806+0000] {processor.py:768} INFO - DAG(s) dict_keys(['example_xcom_args_with_operators', 'example_xcom_args']) retrieved from /home/airflow/.local/lib/python3.7/site-packages/airflow/example_dags/example_xcomargs.py
[2024-04-29T00:30:27.897+0000] {logging_mixin.py:117} INFO - [2024-04-29T00:30:27.896+0000] {dag.py:2573} INFO - Sync 2 DAGs
[2024-04-29T00:30:27.944+0000] {logging_mixin.py:117} INFO - [2024-04-29T00:30:27.944+0000] {dag.py:3328} INFO - Setting next_dagrun for example_xcom_args to None, run_after=None
[2024-04-29T00:30:27.948+0000] {logging_mixin.py:117} INFO - [2024-04-29T00:30:27.948+0000] {dag.py:3328} INFO - Setting next_dagrun for example_xcom_args_with_operators to None, run_after=None
[2024-04-29T00:30:27.975+0000] {processor.py:178} INFO - Processing /home/airflow/.local/lib/python3.7/site-packages/airflow/example_dags/example_xcomargs.py took 0.244 seconds
[2024-04-29T00:30:58.699+0000] {processor.py:156} INFO - Started process (PID=1229) to work on /home/airflow/.local/lib/python3.7/site-packages/airflow/example_dags/example_xcomargs.py
[2024-04-29T00:30:58.700+0000] {processor.py:758} INFO - Processing file /home/airflow/.local/lib/python3.7/site-packages/airflow/example_dags/example_xcomargs.py for tasks to queue
[2024-04-29T00:30:58.700+0000] {logging_mixin.py:117} INFO - [2024-04-29T00:30:58.700+0000] {dagbag.py:525} INFO - Filling up the DagBag from /home/airflow/.local/lib/python3.7/site-packages/airflow/example_dags/example_xcomargs.py
[2024-04-29T00:30:58.735+0000] {processor.py:768} INFO - DAG(s) dict_keys(['example_xcom_args_with_operators', 'example_xcom_args']) retrieved from /home/airflow/.local/lib/python3.7/site-packages/airflow/example_dags/example_xcomargs.py
[2024-04-29T00:30:58.843+0000] {logging_mixin.py:117} INFO - [2024-04-29T00:30:58.843+0000] {dag.py:2573} INFO - Sync 2 DAGs
[2024-04-29T00:30:59.108+0000] {logging_mixin.py:117} INFO - [2024-04-29T00:30:59.107+0000] {dag.py:3328} INFO - Setting next_dagrun for example_xcom_args to None, run_after=None
[2024-04-29T00:30:59.112+0000] {logging_mixin.py:117} INFO - [2024-04-29T00:30:59.112+0000] {dag.py:3328} INFO - Setting next_dagrun for example_xcom_args_with_operators to None, run_after=None
[2024-04-29T00:30:59.136+0000] {processor.py:178} INFO - Processing /home/airflow/.local/lib/python3.7/site-packages/airflow/example_dags/example_xcomargs.py took 0.440 seconds
[2024-04-29T00:31:30.670+0000] {processor.py:156} INFO - Started process (PID=1452) to work on /home/airflow/.local/lib/python3.7/site-packages/airflow/example_dags/example_xcomargs.py
[2024-04-29T00:31:30.690+0000] {processor.py:758} INFO - Processing file /home/airflow/.local/lib/python3.7/site-packages/airflow/example_dags/example_xcomargs.py for tasks to queue
[2024-04-29T00:31:30.695+0000] {logging_mixin.py:117} INFO - [2024-04-29T00:31:30.695+0000] {dagbag.py:525} INFO - Filling up the DagBag from /home/airflow/.local/lib/python3.7/site-packages/airflow/example_dags/example_xcomargs.py
[2024-04-29T00:31:30.815+0000] {processor.py:768} INFO - DAG(s) dict_keys(['example_xcom_args', 'example_xcom_args_with_operators']) retrieved from /home/airflow/.local/lib/python3.7/site-packages/airflow/example_dags/example_xcomargs.py
[2024-04-29T00:31:30.955+0000] {logging_mixin.py:117} INFO - [2024-04-29T00:31:30.955+0000] {dag.py:2573} INFO - Sync 2 DAGs
[2024-04-29T00:31:31.608+0000] {logging_mixin.py:117} INFO - [2024-04-29T00:31:31.607+0000] {dag.py:3328} INFO - Setting next_dagrun for example_xcom_args to None, run_after=None
[2024-04-29T00:31:31.631+0000] {logging_mixin.py:117} INFO - [2024-04-29T00:31:31.631+0000] {dag.py:3328} INFO - Setting next_dagrun for example_xcom_args_with_operators to None, run_after=None
[2024-04-29T00:31:31.732+0000] {processor.py:178} INFO - Processing /home/airflow/.local/lib/python3.7/site-packages/airflow/example_dags/example_xcomargs.py took 1.065 seconds
[2024-04-29T00:32:02.708+0000] {processor.py:156} INFO - Started process (PID=1670) to work on /home/airflow/.local/lib/python3.7/site-packages/airflow/example_dags/example_xcomargs.py
[2024-04-29T00:32:02.709+0000] {processor.py:758} INFO - Processing file /home/airflow/.local/lib/python3.7/site-packages/airflow/example_dags/example_xcomargs.py for tasks to queue
[2024-04-29T00:32:02.709+0000] {logging_mixin.py:117} INFO - [2024-04-29T00:32:02.709+0000] {dagbag.py:525} INFO - Filling up the DagBag from /home/airflow/.local/lib/python3.7/site-packages/airflow/example_dags/example_xcomargs.py
[2024-04-29T00:32:02.744+0000] {processor.py:768} INFO - DAG(s) dict_keys(['example_xcom_args', 'example_xcom_args_with_operators']) retrieved from /home/airflow/.local/lib/python3.7/site-packages/airflow/example_dags/example_xcomargs.py
[2024-04-29T00:32:02.971+0000] {logging_mixin.py:117} INFO - [2024-04-29T00:32:02.970+0000] {dag.py:2573} INFO - Sync 2 DAGs
[2024-04-29T00:32:03.001+0000] {logging_mixin.py:117} INFO - [2024-04-29T00:32:03.001+0000] {dag.py:3328} INFO - Setting next_dagrun for example_xcom_args to None, run_after=None
[2024-04-29T00:32:03.004+0000] {logging_mixin.py:117} INFO - [2024-04-29T00:32:03.004+0000] {dag.py:3328} INFO - Setting next_dagrun for example_xcom_args_with_operators to None, run_after=None
[2024-04-29T00:32:03.027+0000] {processor.py:178} INFO - Processing /home/airflow/.local/lib/python3.7/site-packages/airflow/example_dags/example_xcomargs.py took 0.323 seconds
[2024-04-29T00:32:33.536+0000] {processor.py:156} INFO - Started process (PID=1893) to work on /home/airflow/.local/lib/python3.7/site-packages/airflow/example_dags/example_xcomargs.py
[2024-04-29T00:32:33.537+0000] {processor.py:758} INFO - Processing file /home/airflow/.local/lib/python3.7/site-packages/airflow/example_dags/example_xcomargs.py for tasks to queue
[2024-04-29T00:32:33.537+0000] {logging_mixin.py:117} INFO - [2024-04-29T00:32:33.537+0000] {dagbag.py:525} INFO - Filling up the DagBag from /home/airflow/.local/lib/python3.7/site-packages/airflow/example_dags/example_xcomargs.py
[2024-04-29T00:32:33.578+0000] {processor.py:768} INFO - DAG(s) dict_keys(['example_xcom_args_with_operators', 'example_xcom_args']) retrieved from /home/airflow/.local/lib/python3.7/site-packages/airflow/example_dags/example_xcomargs.py
[2024-04-29T00:32:33.830+0000] {logging_mixin.py:117} INFO - [2024-04-29T00:32:33.830+0000] {dag.py:2573} INFO - Sync 2 DAGs
[2024-04-29T00:32:33.863+0000] {logging_mixin.py:117} INFO - [2024-04-29T00:32:33.862+0000] {dag.py:3328} INFO - Setting next_dagrun for example_xcom_args to None, run_after=None
[2024-04-29T00:32:33.866+0000] {logging_mixin.py:117} INFO - [2024-04-29T00:32:33.866+0000] {dag.py:3328} INFO - Setting next_dagrun for example_xcom_args_with_operators to None, run_after=None
[2024-04-29T00:32:33.891+0000] {processor.py:178} INFO - Processing /home/airflow/.local/lib/python3.7/site-packages/airflow/example_dags/example_xcomargs.py took 0.358 seconds
[2024-04-29T00:33:04.877+0000] {processor.py:156} INFO - Started process (PID=2106) to work on /home/airflow/.local/lib/python3.7/site-packages/airflow/example_dags/example_xcomargs.py
[2024-04-29T00:33:04.878+0000] {processor.py:758} INFO - Processing file /home/airflow/.local/lib/python3.7/site-packages/airflow/example_dags/example_xcomargs.py for tasks to queue
[2024-04-29T00:33:04.879+0000] {logging_mixin.py:117} INFO - [2024-04-29T00:33:04.879+0000] {dagbag.py:525} INFO - Filling up the DagBag from /home/airflow/.local/lib/python3.7/site-packages/airflow/example_dags/example_xcomargs.py
[2024-04-29T00:33:05.055+0000] {processor.py:768} INFO - DAG(s) dict_keys(['example_xcom_args', 'example_xcom_args_with_operators']) retrieved from /home/airflow/.local/lib/python3.7/site-packages/airflow/example_dags/example_xcomargs.py
[2024-04-29T00:33:05.103+0000] {logging_mixin.py:117} INFO - [2024-04-29T00:33:05.103+0000] {dag.py:2573} INFO - Sync 2 DAGs
[2024-04-29T00:33:05.132+0000] {logging_mixin.py:117} INFO - [2024-04-29T00:33:05.132+0000] {dag.py:3328} INFO - Setting next_dagrun for example_xcom_args to None, run_after=None
[2024-04-29T00:33:05.135+0000] {logging_mixin.py:117} INFO - [2024-04-29T00:33:05.135+0000] {dag.py:3328} INFO - Setting next_dagrun for example_xcom_args_with_operators to None, run_after=None
[2024-04-29T00:33:05.166+0000] {processor.py:178} INFO - Processing /home/airflow/.local/lib/python3.7/site-packages/airflow/example_dags/example_xcomargs.py took 0.292 seconds
[2024-04-29T00:33:35.300+0000] {processor.py:156} INFO - Started process (PID=2330) to work on /home/airflow/.local/lib/python3.7/site-packages/airflow/example_dags/example_xcomargs.py
[2024-04-29T00:33:35.301+0000] {processor.py:758} INFO - Processing file /home/airflow/.local/lib/python3.7/site-packages/airflow/example_dags/example_xcomargs.py for tasks to queue
[2024-04-29T00:33:35.301+0000] {logging_mixin.py:117} INFO - [2024-04-29T00:33:35.301+0000] {dagbag.py:525} INFO - Filling up the DagBag from /home/airflow/.local/lib/python3.7/site-packages/airflow/example_dags/example_xcomargs.py
[2024-04-29T00:33:35.332+0000] {processor.py:768} INFO - DAG(s) dict_keys(['example_xcom_args', 'example_xcom_args_with_operators']) retrieved from /home/airflow/.local/lib/python3.7/site-packages/airflow/example_dags/example_xcomargs.py
[2024-04-29T00:33:35.387+0000] {logging_mixin.py:117} INFO - [2024-04-29T00:33:35.387+0000] {dag.py:2573} INFO - Sync 2 DAGs
[2024-04-29T00:33:35.561+0000] {logging_mixin.py:117} INFO - [2024-04-29T00:33:35.561+0000] {dag.py:3328} INFO - Setting next_dagrun for example_xcom_args to None, run_after=None
[2024-04-29T00:33:35.564+0000] {logging_mixin.py:117} INFO - [2024-04-29T00:33:35.564+0000] {dag.py:3328} INFO - Setting next_dagrun for example_xcom_args_with_operators to None, run_after=None
[2024-04-29T00:33:35.585+0000] {processor.py:178} INFO - Processing /home/airflow/.local/lib/python3.7/site-packages/airflow/example_dags/example_xcomargs.py took 0.287 seconds
[2024-04-29T00:34:06.581+0000] {processor.py:156} INFO - Started process (PID=2552) to work on /home/airflow/.local/lib/python3.7/site-packages/airflow/example_dags/example_xcomargs.py
[2024-04-29T00:34:06.582+0000] {processor.py:758} INFO - Processing file /home/airflow/.local/lib/python3.7/site-packages/airflow/example_dags/example_xcomargs.py for tasks to queue
[2024-04-29T00:34:06.583+0000] {logging_mixin.py:117} INFO - [2024-04-29T00:34:06.583+0000] {dagbag.py:525} INFO - Filling up the DagBag from /home/airflow/.local/lib/python3.7/site-packages/airflow/example_dags/example_xcomargs.py
[2024-04-29T00:34:06.614+0000] {processor.py:768} INFO - DAG(s) dict_keys(['example_xcom_args_with_operators', 'example_xcom_args']) retrieved from /home/airflow/.local/lib/python3.7/site-packages/airflow/example_dags/example_xcomargs.py
[2024-04-29T00:34:06.893+0000] {logging_mixin.py:117} INFO - [2024-04-29T00:34:06.893+0000] {dag.py:2573} INFO - Sync 2 DAGs
[2024-04-29T00:34:06.939+0000] {logging_mixin.py:117} INFO - [2024-04-29T00:34:06.939+0000] {dag.py:3328} INFO - Setting next_dagrun for example_xcom_args to None, run_after=None
[2024-04-29T00:34:06.943+0000] {logging_mixin.py:117} INFO - [2024-04-29T00:34:06.943+0000] {dag.py:3328} INFO - Setting next_dagrun for example_xcom_args_with_operators to None, run_after=None
[2024-04-29T00:34:06.998+0000] {processor.py:178} INFO - Processing /home/airflow/.local/lib/python3.7/site-packages/airflow/example_dags/example_xcomargs.py took 0.420 seconds
[2024-04-29T00:34:37.395+0000] {processor.py:156} INFO - Started process (PID=2766) to work on /home/airflow/.local/lib/python3.7/site-packages/airflow/example_dags/example_xcomargs.py
[2024-04-29T00:34:37.395+0000] {processor.py:758} INFO - Processing file /home/airflow/.local/lib/python3.7/site-packages/airflow/example_dags/example_xcomargs.py for tasks to queue
[2024-04-29T00:34:37.396+0000] {logging_mixin.py:117} INFO - [2024-04-29T00:34:37.396+0000] {dagbag.py:525} INFO - Filling up the DagBag from /home/airflow/.local/lib/python3.7/site-packages/airflow/example_dags/example_xcomargs.py
[2024-04-29T00:34:37.427+0000] {processor.py:768} INFO - DAG(s) dict_keys(['example_xcom_args_with_operators', 'example_xcom_args']) retrieved from /home/airflow/.local/lib/python3.7/site-packages/airflow/example_dags/example_xcomargs.py
[2024-04-29T00:34:37.714+0000] {logging_mixin.py:117} INFO - [2024-04-29T00:34:37.714+0000] {dag.py:2573} INFO - Sync 2 DAGs
[2024-04-29T00:34:37.755+0000] {logging_mixin.py:117} INFO - [2024-04-29T00:34:37.755+0000] {dag.py:3328} INFO - Setting next_dagrun for example_xcom_args to None, run_after=None
[2024-04-29T00:34:37.759+0000] {logging_mixin.py:117} INFO - [2024-04-29T00:34:37.759+0000] {dag.py:3328} INFO - Setting next_dagrun for example_xcom_args_with_operators to None, run_after=None
[2024-04-29T00:34:37.811+0000] {processor.py:178} INFO - Processing /home/airflow/.local/lib/python3.7/site-packages/airflow/example_dags/example_xcomargs.py took 0.419 seconds
[2024-04-29T00:35:08.280+0000] {processor.py:156} INFO - Started process (PID=2987) to work on /home/airflow/.local/lib/python3.7/site-packages/airflow/example_dags/example_xcomargs.py
[2024-04-29T00:35:08.281+0000] {processor.py:758} INFO - Processing file /home/airflow/.local/lib/python3.7/site-packages/airflow/example_dags/example_xcomargs.py for tasks to queue
[2024-04-29T00:35:08.281+0000] {logging_mixin.py:117} INFO - [2024-04-29T00:35:08.281+0000] {dagbag.py:525} INFO - Filling up the DagBag from /home/airflow/.local/lib/python3.7/site-packages/airflow/example_dags/example_xcomargs.py
[2024-04-29T00:35:08.544+0000] {processor.py:768} INFO - DAG(s) dict_keys(['example_xcom_args_with_operators', 'example_xcom_args']) retrieved from /home/airflow/.local/lib/python3.7/site-packages/airflow/example_dags/example_xcomargs.py
[2024-04-29T00:35:08.623+0000] {logging_mixin.py:117} INFO - [2024-04-29T00:35:08.623+0000] {dag.py:2573} INFO - Sync 2 DAGs
[2024-04-29T00:35:08.664+0000] {logging_mixin.py:117} INFO - [2024-04-29T00:35:08.664+0000] {dag.py:3328} INFO - Setting next_dagrun for example_xcom_args to None, run_after=None
[2024-04-29T00:35:08.674+0000] {logging_mixin.py:117} INFO - [2024-04-29T00:35:08.674+0000] {dag.py:3328} INFO - Setting next_dagrun for example_xcom_args_with_operators to None, run_after=None
[2024-04-29T00:35:08.708+0000] {processor.py:178} INFO - Processing /home/airflow/.local/lib/python3.7/site-packages/airflow/example_dags/example_xcomargs.py took 0.431 seconds
[2024-04-29T00:35:39.132+0000] {processor.py:156} INFO - Started process (PID=3212) to work on /home/airflow/.local/lib/python3.7/site-packages/airflow/example_dags/example_xcomargs.py
[2024-04-29T00:35:39.132+0000] {processor.py:758} INFO - Processing file /home/airflow/.local/lib/python3.7/site-packages/airflow/example_dags/example_xcomargs.py for tasks to queue
[2024-04-29T00:35:39.133+0000] {logging_mixin.py:117} INFO - [2024-04-29T00:35:39.133+0000] {dagbag.py:525} INFO - Filling up the DagBag from /home/airflow/.local/lib/python3.7/site-packages/airflow/example_dags/example_xcomargs.py
[2024-04-29T00:35:39.164+0000] {processor.py:768} INFO - DAG(s) dict_keys(['example_xcom_args_with_operators', 'example_xcom_args']) retrieved from /home/airflow/.local/lib/python3.7/site-packages/airflow/example_dags/example_xcomargs.py
[2024-04-29T00:35:39.215+0000] {logging_mixin.py:117} INFO - [2024-04-29T00:35:39.214+0000] {dag.py:2573} INFO - Sync 2 DAGs
[2024-04-29T00:35:39.451+0000] {logging_mixin.py:117} INFO - [2024-04-29T00:35:39.451+0000] {dag.py:3328} INFO - Setting next_dagrun for example_xcom_args to None, run_after=None
[2024-04-29T00:35:39.455+0000] {logging_mixin.py:117} INFO - [2024-04-29T00:35:39.455+0000] {dag.py:3328} INFO - Setting next_dagrun for example_xcom_args_with_operators to None, run_after=None
[2024-04-29T00:35:39.478+0000] {processor.py:178} INFO - Processing /home/airflow/.local/lib/python3.7/site-packages/airflow/example_dags/example_xcomargs.py took 0.349 seconds
[2024-04-29T00:36:10.126+0000] {processor.py:156} INFO - Started process (PID=3424) to work on /home/airflow/.local/lib/python3.7/site-packages/airflow/example_dags/example_xcomargs.py
[2024-04-29T00:36:10.133+0000] {processor.py:758} INFO - Processing file /home/airflow/.local/lib/python3.7/site-packages/airflow/example_dags/example_xcomargs.py for tasks to queue
[2024-04-29T00:36:10.134+0000] {logging_mixin.py:117} INFO - [2024-04-29T00:36:10.134+0000] {dagbag.py:525} INFO - Filling up the DagBag from /home/airflow/.local/lib/python3.7/site-packages/airflow/example_dags/example_xcomargs.py
[2024-04-29T00:36:10.273+0000] {processor.py:768} INFO - DAG(s) dict_keys(['example_xcom_args', 'example_xcom_args_with_operators']) retrieved from /home/airflow/.local/lib/python3.7/site-packages/airflow/example_dags/example_xcomargs.py
[2024-04-29T00:36:10.653+0000] {logging_mixin.py:117} INFO - [2024-04-29T00:36:10.653+0000] {dag.py:2573} INFO - Sync 2 DAGs
[2024-04-29T00:36:10.686+0000] {logging_mixin.py:117} INFO - [2024-04-29T00:36:10.686+0000] {dag.py:3328} INFO - Setting next_dagrun for example_xcom_args to None, run_after=None
[2024-04-29T00:36:10.690+0000] {logging_mixin.py:117} INFO - [2024-04-29T00:36:10.690+0000] {dag.py:3328} INFO - Setting next_dagrun for example_xcom_args_with_operators to None, run_after=None
[2024-04-29T00:36:10.714+0000] {processor.py:178} INFO - Processing /home/airflow/.local/lib/python3.7/site-packages/airflow/example_dags/example_xcomargs.py took 0.593 seconds
[2024-04-29T00:36:40.926+0000] {processor.py:156} INFO - Started process (PID=3648) to work on /home/airflow/.local/lib/python3.7/site-packages/airflow/example_dags/example_xcomargs.py
[2024-04-29T00:36:40.927+0000] {processor.py:758} INFO - Processing file /home/airflow/.local/lib/python3.7/site-packages/airflow/example_dags/example_xcomargs.py for tasks to queue
[2024-04-29T00:36:40.928+0000] {logging_mixin.py:117} INFO - [2024-04-29T00:36:40.928+0000] {dagbag.py:525} INFO - Filling up the DagBag from /home/airflow/.local/lib/python3.7/site-packages/airflow/example_dags/example_xcomargs.py
[2024-04-29T00:36:40.958+0000] {processor.py:768} INFO - DAG(s) dict_keys(['example_xcom_args_with_operators', 'example_xcom_args']) retrieved from /home/airflow/.local/lib/python3.7/site-packages/airflow/example_dags/example_xcomargs.py
[2024-04-29T00:36:41.320+0000] {logging_mixin.py:117} INFO - [2024-04-29T00:36:41.320+0000] {dag.py:2573} INFO - Sync 2 DAGs
[2024-04-29T00:36:41.349+0000] {logging_mixin.py:117} INFO - [2024-04-29T00:36:41.349+0000] {dag.py:3328} INFO - Setting next_dagrun for example_xcom_args to None, run_after=None
[2024-04-29T00:36:41.354+0000] {logging_mixin.py:117} INFO - [2024-04-29T00:36:41.354+0000] {dag.py:3328} INFO - Setting next_dagrun for example_xcom_args_with_operators to None, run_after=None
[2024-04-29T00:36:41.377+0000] {processor.py:178} INFO - Processing /home/airflow/.local/lib/python3.7/site-packages/airflow/example_dags/example_xcomargs.py took 0.454 seconds
[2024-04-29T00:37:11.877+0000] {processor.py:156} INFO - Started process (PID=3881) to work on /home/airflow/.local/lib/python3.7/site-packages/airflow/example_dags/example_xcomargs.py
[2024-04-29T00:37:11.877+0000] {processor.py:758} INFO - Processing file /home/airflow/.local/lib/python3.7/site-packages/airflow/example_dags/example_xcomargs.py for tasks to queue
[2024-04-29T00:37:11.878+0000] {logging_mixin.py:117} INFO - [2024-04-29T00:37:11.878+0000] {dagbag.py:525} INFO - Filling up the DagBag from /home/airflow/.local/lib/python3.7/site-packages/airflow/example_dags/example_xcomargs.py
[2024-04-29T00:37:12.013+0000] {processor.py:768} INFO - DAG(s) dict_keys(['example_xcom_args_with_operators', 'example_xcom_args']) retrieved from /home/airflow/.local/lib/python3.7/site-packages/airflow/example_dags/example_xcomargs.py
[2024-04-29T00:37:12.064+0000] {logging_mixin.py:117} INFO - [2024-04-29T00:37:12.064+0000] {dag.py:2573} INFO - Sync 2 DAGs
[2024-04-29T00:37:12.091+0000] {logging_mixin.py:117} INFO - [2024-04-29T00:37:12.091+0000] {dag.py:3328} INFO - Setting next_dagrun for example_xcom_args to None, run_after=None
[2024-04-29T00:37:12.096+0000] {logging_mixin.py:117} INFO - [2024-04-29T00:37:12.096+0000] {dag.py:3328} INFO - Setting next_dagrun for example_xcom_args_with_operators to None, run_after=None
[2024-04-29T00:37:12.116+0000] {processor.py:178} INFO - Processing /home/airflow/.local/lib/python3.7/site-packages/airflow/example_dags/example_xcomargs.py took 0.242 seconds
[2024-04-29T00:37:42.329+0000] {processor.py:156} INFO - Started process (PID=4094) to work on /home/airflow/.local/lib/python3.7/site-packages/airflow/example_dags/example_xcomargs.py
[2024-04-29T00:37:42.330+0000] {processor.py:758} INFO - Processing file /home/airflow/.local/lib/python3.7/site-packages/airflow/example_dags/example_xcomargs.py for tasks to queue
[2024-04-29T00:37:42.331+0000] {logging_mixin.py:117} INFO - [2024-04-29T00:37:42.330+0000] {dagbag.py:525} INFO - Filling up the DagBag from /home/airflow/.local/lib/python3.7/site-packages/airflow/example_dags/example_xcomargs.py
[2024-04-29T00:37:42.594+0000] {processor.py:768} INFO - DAG(s) dict_keys(['example_xcom_args_with_operators', 'example_xcom_args']) retrieved from /home/airflow/.local/lib/python3.7/site-packages/airflow/example_dags/example_xcomargs.py
[2024-04-29T00:37:42.637+0000] {logging_mixin.py:117} INFO - [2024-04-29T00:37:42.637+0000] {dag.py:2573} INFO - Sync 2 DAGs
[2024-04-29T00:37:42.665+0000] {logging_mixin.py:117} INFO - [2024-04-29T00:37:42.665+0000] {dag.py:3328} INFO - Setting next_dagrun for example_xcom_args to None, run_after=None
[2024-04-29T00:37:42.670+0000] {logging_mixin.py:117} INFO - [2024-04-29T00:37:42.670+0000] {dag.py:3328} INFO - Setting next_dagrun for example_xcom_args_with_operators to None, run_after=None
[2024-04-29T00:37:42.691+0000] {processor.py:178} INFO - Processing /home/airflow/.local/lib/python3.7/site-packages/airflow/example_dags/example_xcomargs.py took 0.365 seconds
[2024-04-29T00:38:13.529+0000] {processor.py:156} INFO - Started process (PID=4316) to work on /home/airflow/.local/lib/python3.7/site-packages/airflow/example_dags/example_xcomargs.py
[2024-04-29T00:38:13.530+0000] {processor.py:758} INFO - Processing file /home/airflow/.local/lib/python3.7/site-packages/airflow/example_dags/example_xcomargs.py for tasks to queue
[2024-04-29T00:38:13.530+0000] {logging_mixin.py:117} INFO - [2024-04-29T00:38:13.530+0000] {dagbag.py:525} INFO - Filling up the DagBag from /home/airflow/.local/lib/python3.7/site-packages/airflow/example_dags/example_xcomargs.py
[2024-04-29T00:38:13.564+0000] {processor.py:768} INFO - DAG(s) dict_keys(['example_xcom_args', 'example_xcom_args_with_operators']) retrieved from /home/airflow/.local/lib/python3.7/site-packages/airflow/example_dags/example_xcomargs.py
[2024-04-29T00:38:13.618+0000] {logging_mixin.py:117} INFO - [2024-04-29T00:38:13.618+0000] {dag.py:2573} INFO - Sync 2 DAGs
[2024-04-29T00:38:13.650+0000] {logging_mixin.py:117} INFO - [2024-04-29T00:38:13.650+0000] {dag.py:3328} INFO - Setting next_dagrun for example_xcom_args to None, run_after=None
[2024-04-29T00:38:13.657+0000] {logging_mixin.py:117} INFO - [2024-04-29T00:38:13.656+0000] {dag.py:3328} INFO - Setting next_dagrun for example_xcom_args_with_operators to None, run_after=None
[2024-04-29T00:38:13.702+0000] {processor.py:178} INFO - Processing /home/airflow/.local/lib/python3.7/site-packages/airflow/example_dags/example_xcomargs.py took 0.176 seconds
[2024-04-29T00:38:44.104+0000] {processor.py:156} INFO - Started process (PID=4540) to work on /home/airflow/.local/lib/python3.7/site-packages/airflow/example_dags/example_xcomargs.py
[2024-04-29T00:38:44.104+0000] {processor.py:758} INFO - Processing file /home/airflow/.local/lib/python3.7/site-packages/airflow/example_dags/example_xcomargs.py for tasks to queue
[2024-04-29T00:38:44.105+0000] {logging_mixin.py:117} INFO - [2024-04-29T00:38:44.105+0000] {dagbag.py:525} INFO - Filling up the DagBag from /home/airflow/.local/lib/python3.7/site-packages/airflow/example_dags/example_xcomargs.py
[2024-04-29T00:38:44.203+0000] {processor.py:768} INFO - DAG(s) dict_keys(['example_xcom_args', 'example_xcom_args_with_operators']) retrieved from /home/airflow/.local/lib/python3.7/site-packages/airflow/example_dags/example_xcomargs.py
[2024-04-29T00:38:44.336+0000] {logging_mixin.py:117} INFO - [2024-04-29T00:38:44.336+0000] {dag.py:2573} INFO - Sync 2 DAGs
[2024-04-29T00:38:44.418+0000] {logging_mixin.py:117} INFO - [2024-04-29T00:38:44.418+0000] {dag.py:3328} INFO - Setting next_dagrun for example_xcom_args to None, run_after=None
[2024-04-29T00:38:44.424+0000] {logging_mixin.py:117} INFO - [2024-04-29T00:38:44.424+0000] {dag.py:3328} INFO - Setting next_dagrun for example_xcom_args_with_operators to None, run_after=None
[2024-04-29T00:38:44.479+0000] {processor.py:178} INFO - Processing /home/airflow/.local/lib/python3.7/site-packages/airflow/example_dags/example_xcomargs.py took 0.402 seconds
[2024-04-29T00:39:14.716+0000] {processor.py:156} INFO - Started process (PID=4768) to work on /home/airflow/.local/lib/python3.7/site-packages/airflow/example_dags/example_xcomargs.py
[2024-04-29T00:39:14.717+0000] {processor.py:758} INFO - Processing file /home/airflow/.local/lib/python3.7/site-packages/airflow/example_dags/example_xcomargs.py for tasks to queue
[2024-04-29T00:39:14.719+0000] {logging_mixin.py:117} INFO - [2024-04-29T00:39:14.719+0000] {dagbag.py:525} INFO - Filling up the DagBag from /home/airflow/.local/lib/python3.7/site-packages/airflow/example_dags/example_xcomargs.py
[2024-04-29T00:39:14.783+0000] {processor.py:768} INFO - DAG(s) dict_keys(['example_xcom_args_with_operators', 'example_xcom_args']) retrieved from /home/airflow/.local/lib/python3.7/site-packages/airflow/example_dags/example_xcomargs.py
[2024-04-29T00:39:14.860+0000] {logging_mixin.py:117} INFO - [2024-04-29T00:39:14.860+0000] {dag.py:2573} INFO - Sync 2 DAGs
[2024-04-29T00:39:14.910+0000] {logging_mixin.py:117} INFO - [2024-04-29T00:39:14.910+0000] {dag.py:3328} INFO - Setting next_dagrun for example_xcom_args to None, run_after=None
[2024-04-29T00:39:14.914+0000] {logging_mixin.py:117} INFO - [2024-04-29T00:39:14.914+0000] {dag.py:3328} INFO - Setting next_dagrun for example_xcom_args_with_operators to None, run_after=None
[2024-04-29T00:39:14.937+0000] {processor.py:178} INFO - Processing /home/airflow/.local/lib/python3.7/site-packages/airflow/example_dags/example_xcomargs.py took 0.224 seconds
[2024-04-29T00:39:45.730+0000] {processor.py:156} INFO - Started process (PID=4980) to work on /home/airflow/.local/lib/python3.7/site-packages/airflow/example_dags/example_xcomargs.py
[2024-04-29T00:39:45.731+0000] {processor.py:758} INFO - Processing file /home/airflow/.local/lib/python3.7/site-packages/airflow/example_dags/example_xcomargs.py for tasks to queue
[2024-04-29T00:39:45.731+0000] {logging_mixin.py:117} INFO - [2024-04-29T00:39:45.731+0000] {dagbag.py:525} INFO - Filling up the DagBag from /home/airflow/.local/lib/python3.7/site-packages/airflow/example_dags/example_xcomargs.py
[2024-04-29T00:39:45.763+0000] {processor.py:768} INFO - DAG(s) dict_keys(['example_xcom_args', 'example_xcom_args_with_operators']) retrieved from /home/airflow/.local/lib/python3.7/site-packages/airflow/example_dags/example_xcomargs.py
[2024-04-29T00:39:45.816+0000] {logging_mixin.py:117} INFO - [2024-04-29T00:39:45.816+0000] {dag.py:2573} INFO - Sync 2 DAGs
[2024-04-29T00:39:45.849+0000] {logging_mixin.py:117} INFO - [2024-04-29T00:39:45.849+0000] {dag.py:3328} INFO - Setting next_dagrun for example_xcom_args to None, run_after=None
[2024-04-29T00:39:45.853+0000] {logging_mixin.py:117} INFO - [2024-04-29T00:39:45.853+0000] {dag.py:3328} INFO - Setting next_dagrun for example_xcom_args_with_operators to None, run_after=None
[2024-04-29T00:39:45.879+0000] {processor.py:178} INFO - Processing /home/airflow/.local/lib/python3.7/site-packages/airflow/example_dags/example_xcomargs.py took 0.152 seconds
[2024-04-29T00:40:15.948+0000] {processor.py:156} INFO - Started process (PID=5202) to work on /home/airflow/.local/lib/python3.7/site-packages/airflow/example_dags/example_xcomargs.py
[2024-04-29T00:40:15.949+0000] {processor.py:758} INFO - Processing file /home/airflow/.local/lib/python3.7/site-packages/airflow/example_dags/example_xcomargs.py for tasks to queue
[2024-04-29T00:40:15.950+0000] {logging_mixin.py:117} INFO - [2024-04-29T00:40:15.949+0000] {dagbag.py:525} INFO - Filling up the DagBag from /home/airflow/.local/lib/python3.7/site-packages/airflow/example_dags/example_xcomargs.py
[2024-04-29T00:40:15.982+0000] {processor.py:768} INFO - DAG(s) dict_keys(['example_xcom_args_with_operators', 'example_xcom_args']) retrieved from /home/airflow/.local/lib/python3.7/site-packages/airflow/example_dags/example_xcomargs.py
[2024-04-29T00:40:16.032+0000] {logging_mixin.py:117} INFO - [2024-04-29T00:40:16.032+0000] {dag.py:2573} INFO - Sync 2 DAGs
[2024-04-29T00:40:16.064+0000] {logging_mixin.py:117} INFO - [2024-04-29T00:40:16.063+0000] {dag.py:3328} INFO - Setting next_dagrun for example_xcom_args to None, run_after=None
[2024-04-29T00:40:16.068+0000] {logging_mixin.py:117} INFO - [2024-04-29T00:40:16.067+0000] {dag.py:3328} INFO - Setting next_dagrun for example_xcom_args_with_operators to None, run_after=None
[2024-04-29T00:40:16.092+0000] {processor.py:178} INFO - Processing /home/airflow/.local/lib/python3.7/site-packages/airflow/example_dags/example_xcomargs.py took 0.147 seconds
[2024-04-29T00:40:46.878+0000] {processor.py:156} INFO - Started process (PID=5425) to work on /home/airflow/.local/lib/python3.7/site-packages/airflow/example_dags/example_xcomargs.py
[2024-04-29T00:40:46.879+0000] {processor.py:758} INFO - Processing file /home/airflow/.local/lib/python3.7/site-packages/airflow/example_dags/example_xcomargs.py for tasks to queue
[2024-04-29T00:40:46.880+0000] {logging_mixin.py:117} INFO - [2024-04-29T00:40:46.879+0000] {dagbag.py:525} INFO - Filling up the DagBag from /home/airflow/.local/lib/python3.7/site-packages/airflow/example_dags/example_xcomargs.py
[2024-04-29T00:40:46.951+0000] {processor.py:768} INFO - DAG(s) dict_keys(['example_xcom_args', 'example_xcom_args_with_operators']) retrieved from /home/airflow/.local/lib/python3.7/site-packages/airflow/example_dags/example_xcomargs.py
[2024-04-29T00:40:47.059+0000] {logging_mixin.py:117} INFO - [2024-04-29T00:40:47.059+0000] {dag.py:2573} INFO - Sync 2 DAGs
[2024-04-29T00:40:47.135+0000] {logging_mixin.py:117} INFO - [2024-04-29T00:40:47.134+0000] {dag.py:3328} INFO - Setting next_dagrun for example_xcom_args to None, run_after=None
[2024-04-29T00:40:47.145+0000] {logging_mixin.py:117} INFO - [2024-04-29T00:40:47.145+0000] {dag.py:3328} INFO - Setting next_dagrun for example_xcom_args_with_operators to None, run_after=None
[2024-04-29T00:40:47.202+0000] {processor.py:178} INFO - Processing /home/airflow/.local/lib/python3.7/site-packages/airflow/example_dags/example_xcomargs.py took 0.331 seconds
[2024-04-29T00:41:17.444+0000] {processor.py:156} INFO - Started process (PID=5639) to work on /home/airflow/.local/lib/python3.7/site-packages/airflow/example_dags/example_xcomargs.py
[2024-04-29T00:41:17.445+0000] {processor.py:758} INFO - Processing file /home/airflow/.local/lib/python3.7/site-packages/airflow/example_dags/example_xcomargs.py for tasks to queue
[2024-04-29T00:41:17.446+0000] {logging_mixin.py:117} INFO - [2024-04-29T00:41:17.445+0000] {dagbag.py:525} INFO - Filling up the DagBag from /home/airflow/.local/lib/python3.7/site-packages/airflow/example_dags/example_xcomargs.py
[2024-04-29T00:41:17.478+0000] {processor.py:768} INFO - DAG(s) dict_keys(['example_xcom_args', 'example_xcom_args_with_operators']) retrieved from /home/airflow/.local/lib/python3.7/site-packages/airflow/example_dags/example_xcomargs.py
[2024-04-29T00:41:17.528+0000] {logging_mixin.py:117} INFO - [2024-04-29T00:41:17.528+0000] {dag.py:2573} INFO - Sync 2 DAGs
[2024-04-29T00:41:17.561+0000] {logging_mixin.py:117} INFO - [2024-04-29T00:41:17.561+0000] {dag.py:3328} INFO - Setting next_dagrun for example_xcom_args to None, run_after=None
[2024-04-29T00:41:17.565+0000] {logging_mixin.py:117} INFO - [2024-04-29T00:41:17.565+0000] {dag.py:3328} INFO - Setting next_dagrun for example_xcom_args_with_operators to None, run_after=None
[2024-04-29T00:41:17.589+0000] {processor.py:178} INFO - Processing /home/airflow/.local/lib/python3.7/site-packages/airflow/example_dags/example_xcomargs.py took 0.148 seconds
[2024-04-29T00:41:47.936+0000] {processor.py:156} INFO - Started process (PID=5862) to work on /home/airflow/.local/lib/python3.7/site-packages/airflow/example_dags/example_xcomargs.py
[2024-04-29T00:41:47.944+0000] {processor.py:758} INFO - Processing file /home/airflow/.local/lib/python3.7/site-packages/airflow/example_dags/example_xcomargs.py for tasks to queue
[2024-04-29T00:41:47.944+0000] {logging_mixin.py:117} INFO - [2024-04-29T00:41:47.944+0000] {dagbag.py:525} INFO - Filling up the DagBag from /home/airflow/.local/lib/python3.7/site-packages/airflow/example_dags/example_xcomargs.py
[2024-04-29T00:41:48.042+0000] {processor.py:768} INFO - DAG(s) dict_keys(['example_xcom_args', 'example_xcom_args_with_operators']) retrieved from /home/airflow/.local/lib/python3.7/site-packages/airflow/example_dags/example_xcomargs.py
[2024-04-29T00:41:48.204+0000] {logging_mixin.py:117} INFO - [2024-04-29T00:41:48.204+0000] {dag.py:2573} INFO - Sync 2 DAGs
[2024-04-29T00:41:48.266+0000] {logging_mixin.py:117} INFO - [2024-04-29T00:41:48.266+0000] {dag.py:3328} INFO - Setting next_dagrun for example_xcom_args to None, run_after=None
[2024-04-29T00:41:48.289+0000] {logging_mixin.py:117} INFO - [2024-04-29T00:41:48.289+0000] {dag.py:3328} INFO - Setting next_dagrun for example_xcom_args_with_operators to None, run_after=None
[2024-04-29T00:41:48.321+0000] {processor.py:178} INFO - Processing /home/airflow/.local/lib/python3.7/site-packages/airflow/example_dags/example_xcomargs.py took 0.400 seconds
[2024-04-29T00:42:19.181+0000] {processor.py:156} INFO - Started process (PID=6086) to work on /home/airflow/.local/lib/python3.7/site-packages/airflow/example_dags/example_xcomargs.py
[2024-04-29T00:42:19.182+0000] {processor.py:758} INFO - Processing file /home/airflow/.local/lib/python3.7/site-packages/airflow/example_dags/example_xcomargs.py for tasks to queue
[2024-04-29T00:42:19.182+0000] {logging_mixin.py:117} INFO - [2024-04-29T00:42:19.182+0000] {dagbag.py:525} INFO - Filling up the DagBag from /home/airflow/.local/lib/python3.7/site-packages/airflow/example_dags/example_xcomargs.py
[2024-04-29T00:42:19.258+0000] {processor.py:768} INFO - DAG(s) dict_keys(['example_xcom_args_with_operators', 'example_xcom_args']) retrieved from /home/airflow/.local/lib/python3.7/site-packages/airflow/example_dags/example_xcomargs.py
[2024-04-29T00:42:19.399+0000] {logging_mixin.py:117} INFO - [2024-04-29T00:42:19.399+0000] {dag.py:2573} INFO - Sync 2 DAGs
[2024-04-29T00:42:19.492+0000] {logging_mixin.py:117} INFO - [2024-04-29T00:42:19.492+0000] {dag.py:3328} INFO - Setting next_dagrun for example_xcom_args to None, run_after=None
[2024-04-29T00:42:19.501+0000] {logging_mixin.py:117} INFO - [2024-04-29T00:42:19.501+0000] {dag.py:3328} INFO - Setting next_dagrun for example_xcom_args_with_operators to None, run_after=None
[2024-04-29T00:42:19.550+0000] {processor.py:178} INFO - Processing /home/airflow/.local/lib/python3.7/site-packages/airflow/example_dags/example_xcomargs.py took 0.373 seconds
[2024-04-29T00:42:49.662+0000] {processor.py:156} INFO - Started process (PID=6300) to work on /home/airflow/.local/lib/python3.7/site-packages/airflow/example_dags/example_xcomargs.py
[2024-04-29T00:42:49.663+0000] {processor.py:758} INFO - Processing file /home/airflow/.local/lib/python3.7/site-packages/airflow/example_dags/example_xcomargs.py for tasks to queue
[2024-04-29T00:42:49.664+0000] {logging_mixin.py:117} INFO - [2024-04-29T00:42:49.663+0000] {dagbag.py:525} INFO - Filling up the DagBag from /home/airflow/.local/lib/python3.7/site-packages/airflow/example_dags/example_xcomargs.py
[2024-04-29T00:42:49.702+0000] {processor.py:768} INFO - DAG(s) dict_keys(['example_xcom_args_with_operators', 'example_xcom_args']) retrieved from /home/airflow/.local/lib/python3.7/site-packages/airflow/example_dags/example_xcomargs.py
[2024-04-29T00:42:49.751+0000] {logging_mixin.py:117} INFO - [2024-04-29T00:42:49.751+0000] {dag.py:2573} INFO - Sync 2 DAGs
[2024-04-29T00:42:49.784+0000] {logging_mixin.py:117} INFO - [2024-04-29T00:42:49.784+0000] {dag.py:3328} INFO - Setting next_dagrun for example_xcom_args to None, run_after=None
[2024-04-29T00:42:49.787+0000] {logging_mixin.py:117} INFO - [2024-04-29T00:42:49.787+0000] {dag.py:3328} INFO - Setting next_dagrun for example_xcom_args_with_operators to None, run_after=None
[2024-04-29T00:42:49.811+0000] {processor.py:178} INFO - Processing /home/airflow/.local/lib/python3.7/site-packages/airflow/example_dags/example_xcomargs.py took 0.152 seconds
[2024-04-29T00:43:20.283+0000] {processor.py:156} INFO - Started process (PID=6524) to work on /home/airflow/.local/lib/python3.7/site-packages/airflow/example_dags/example_xcomargs.py
[2024-04-29T00:43:20.284+0000] {processor.py:758} INFO - Processing file /home/airflow/.local/lib/python3.7/site-packages/airflow/example_dags/example_xcomargs.py for tasks to queue
[2024-04-29T00:43:20.285+0000] {logging_mixin.py:117} INFO - [2024-04-29T00:43:20.285+0000] {dagbag.py:525} INFO - Filling up the DagBag from /home/airflow/.local/lib/python3.7/site-packages/airflow/example_dags/example_xcomargs.py
[2024-04-29T00:43:20.330+0000] {processor.py:768} INFO - DAG(s) dict_keys(['example_xcom_args', 'example_xcom_args_with_operators']) retrieved from /home/airflow/.local/lib/python3.7/site-packages/airflow/example_dags/example_xcomargs.py
[2024-04-29T00:43:20.379+0000] {logging_mixin.py:117} INFO - [2024-04-29T00:43:20.379+0000] {dag.py:2573} INFO - Sync 2 DAGs
[2024-04-29T00:43:20.412+0000] {logging_mixin.py:117} INFO - [2024-04-29T00:43:20.412+0000] {dag.py:3328} INFO - Setting next_dagrun for example_xcom_args to None, run_after=None
[2024-04-29T00:43:20.416+0000] {logging_mixin.py:117} INFO - [2024-04-29T00:43:20.415+0000] {dag.py:3328} INFO - Setting next_dagrun for example_xcom_args_with_operators to None, run_after=None
[2024-04-29T00:43:20.443+0000] {processor.py:178} INFO - Processing /home/airflow/.local/lib/python3.7/site-packages/airflow/example_dags/example_xcomargs.py took 0.163 seconds
[2024-04-29T00:43:51.190+0000] {processor.py:156} INFO - Started process (PID=6737) to work on /home/airflow/.local/lib/python3.7/site-packages/airflow/example_dags/example_xcomargs.py
[2024-04-29T00:43:51.191+0000] {processor.py:758} INFO - Processing file /home/airflow/.local/lib/python3.7/site-packages/airflow/example_dags/example_xcomargs.py for tasks to queue
[2024-04-29T00:43:51.192+0000] {logging_mixin.py:117} INFO - [2024-04-29T00:43:51.192+0000] {dagbag.py:525} INFO - Filling up the DagBag from /home/airflow/.local/lib/python3.7/site-packages/airflow/example_dags/example_xcomargs.py
[2024-04-29T00:43:51.241+0000] {processor.py:768} INFO - DAG(s) dict_keys(['example_xcom_args_with_operators', 'example_xcom_args']) retrieved from /home/airflow/.local/lib/python3.7/site-packages/airflow/example_dags/example_xcomargs.py
[2024-04-29T00:43:51.318+0000] {logging_mixin.py:117} INFO - [2024-04-29T00:43:51.318+0000] {dag.py:2573} INFO - Sync 2 DAGs
[2024-04-29T00:43:51.388+0000] {logging_mixin.py:117} INFO - [2024-04-29T00:43:51.384+0000] {dag.py:3328} INFO - Setting next_dagrun for example_xcom_args to None, run_after=None
[2024-04-29T00:43:51.392+0000] {logging_mixin.py:117} INFO - [2024-04-29T00:43:51.392+0000] {dag.py:3328} INFO - Setting next_dagrun for example_xcom_args_with_operators to None, run_after=None
[2024-04-29T00:43:51.419+0000] {processor.py:178} INFO - Processing /home/airflow/.local/lib/python3.7/site-packages/airflow/example_dags/example_xcomargs.py took 0.235 seconds
[2024-04-29T00:44:21.728+0000] {processor.py:156} INFO - Started process (PID=6960) to work on /home/airflow/.local/lib/python3.7/site-packages/airflow/example_dags/example_xcomargs.py
[2024-04-29T00:44:21.728+0000] {processor.py:758} INFO - Processing file /home/airflow/.local/lib/python3.7/site-packages/airflow/example_dags/example_xcomargs.py for tasks to queue
[2024-04-29T00:44:21.729+0000] {logging_mixin.py:117} INFO - [2024-04-29T00:44:21.729+0000] {dagbag.py:525} INFO - Filling up the DagBag from /home/airflow/.local/lib/python3.7/site-packages/airflow/example_dags/example_xcomargs.py
[2024-04-29T00:44:21.759+0000] {processor.py:768} INFO - DAG(s) dict_keys(['example_xcom_args', 'example_xcom_args_with_operators']) retrieved from /home/airflow/.local/lib/python3.7/site-packages/airflow/example_dags/example_xcomargs.py
[2024-04-29T00:44:21.813+0000] {logging_mixin.py:117} INFO - [2024-04-29T00:44:21.813+0000] {dag.py:2573} INFO - Sync 2 DAGs
[2024-04-29T00:44:21.851+0000] {logging_mixin.py:117} INFO - [2024-04-29T00:44:21.851+0000] {dag.py:3328} INFO - Setting next_dagrun for example_xcom_args to None, run_after=None
[2024-04-29T00:44:21.856+0000] {logging_mixin.py:117} INFO - [2024-04-29T00:44:21.856+0000] {dag.py:3328} INFO - Setting next_dagrun for example_xcom_args_with_operators to None, run_after=None
[2024-04-29T00:44:21.884+0000] {processor.py:178} INFO - Processing /home/airflow/.local/lib/python3.7/site-packages/airflow/example_dags/example_xcomargs.py took 0.159 seconds
[2024-04-29T00:44:52.278+0000] {processor.py:156} INFO - Started process (PID=7183) to work on /home/airflow/.local/lib/python3.7/site-packages/airflow/example_dags/example_xcomargs.py
[2024-04-29T00:44:52.279+0000] {processor.py:758} INFO - Processing file /home/airflow/.local/lib/python3.7/site-packages/airflow/example_dags/example_xcomargs.py for tasks to queue
[2024-04-29T00:44:52.279+0000] {logging_mixin.py:117} INFO - [2024-04-29T00:44:52.279+0000] {dagbag.py:525} INFO - Filling up the DagBag from /home/airflow/.local/lib/python3.7/site-packages/airflow/example_dags/example_xcomargs.py
[2024-04-29T00:44:52.310+0000] {processor.py:768} INFO - DAG(s) dict_keys(['example_xcom_args_with_operators', 'example_xcom_args']) retrieved from /home/airflow/.local/lib/python3.7/site-packages/airflow/example_dags/example_xcomargs.py
[2024-04-29T00:44:52.360+0000] {logging_mixin.py:117} INFO - [2024-04-29T00:44:52.360+0000] {dag.py:2573} INFO - Sync 2 DAGs
[2024-04-29T00:44:52.392+0000] {logging_mixin.py:117} INFO - [2024-04-29T00:44:52.391+0000] {dag.py:3328} INFO - Setting next_dagrun for example_xcom_args to None, run_after=None
[2024-04-29T00:44:52.397+0000] {logging_mixin.py:117} INFO - [2024-04-29T00:44:52.397+0000] {dag.py:3328} INFO - Setting next_dagrun for example_xcom_args_with_operators to None, run_after=None
[2024-04-29T00:44:52.436+0000] {processor.py:178} INFO - Processing /home/airflow/.local/lib/python3.7/site-packages/airflow/example_dags/example_xcomargs.py took 0.161 seconds
[2024-04-29T00:45:23.013+0000] {processor.py:156} INFO - Started process (PID=7406) to work on /home/airflow/.local/lib/python3.7/site-packages/airflow/example_dags/example_xcomargs.py
[2024-04-29T00:45:23.016+0000] {processor.py:758} INFO - Processing file /home/airflow/.local/lib/python3.7/site-packages/airflow/example_dags/example_xcomargs.py for tasks to queue
[2024-04-29T00:45:23.017+0000] {logging_mixin.py:117} INFO - [2024-04-29T00:45:23.016+0000] {dagbag.py:525} INFO - Filling up the DagBag from /home/airflow/.local/lib/python3.7/site-packages/airflow/example_dags/example_xcomargs.py
[2024-04-29T00:45:23.098+0000] {processor.py:768} INFO - DAG(s) dict_keys(['example_xcom_args', 'example_xcom_args_with_operators']) retrieved from /home/airflow/.local/lib/python3.7/site-packages/airflow/example_dags/example_xcomargs.py
[2024-04-29T00:45:23.329+0000] {logging_mixin.py:117} INFO - [2024-04-29T00:45:23.329+0000] {dag.py:2573} INFO - Sync 2 DAGs
[2024-04-29T00:45:23.473+0000] {logging_mixin.py:117} INFO - [2024-04-29T00:45:23.473+0000] {dag.py:3328} INFO - Setting next_dagrun for example_xcom_args to None, run_after=None
[2024-04-29T00:45:23.491+0000] {logging_mixin.py:117} INFO - [2024-04-29T00:45:23.491+0000] {dag.py:3328} INFO - Setting next_dagrun for example_xcom_args_with_operators to None, run_after=None
[2024-04-29T00:45:23.544+0000] {processor.py:178} INFO - Processing /home/airflow/.local/lib/python3.7/site-packages/airflow/example_dags/example_xcomargs.py took 0.538 seconds
[2024-04-29T00:45:54.449+0000] {processor.py:156} INFO - Started process (PID=7622) to work on /home/airflow/.local/lib/python3.7/site-packages/airflow/example_dags/example_xcomargs.py
[2024-04-29T00:45:54.450+0000] {processor.py:758} INFO - Processing file /home/airflow/.local/lib/python3.7/site-packages/airflow/example_dags/example_xcomargs.py for tasks to queue
[2024-04-29T00:45:54.450+0000] {logging_mixin.py:117} INFO - [2024-04-29T00:45:54.450+0000] {dagbag.py:525} INFO - Filling up the DagBag from /home/airflow/.local/lib/python3.7/site-packages/airflow/example_dags/example_xcomargs.py
[2024-04-29T00:45:54.481+0000] {processor.py:768} INFO - DAG(s) dict_keys(['example_xcom_args', 'example_xcom_args_with_operators']) retrieved from /home/airflow/.local/lib/python3.7/site-packages/airflow/example_dags/example_xcomargs.py
[2024-04-29T00:45:54.531+0000] {logging_mixin.py:117} INFO - [2024-04-29T00:45:54.531+0000] {dag.py:2573} INFO - Sync 2 DAGs
[2024-04-29T00:45:54.568+0000] {logging_mixin.py:117} INFO - [2024-04-29T00:45:54.567+0000] {dag.py:3328} INFO - Setting next_dagrun for example_xcom_args to None, run_after=None
[2024-04-29T00:45:54.572+0000] {logging_mixin.py:117} INFO - [2024-04-29T00:45:54.571+0000] {dag.py:3328} INFO - Setting next_dagrun for example_xcom_args_with_operators to None, run_after=None
[2024-04-29T00:45:54.596+0000] {processor.py:178} INFO - Processing /home/airflow/.local/lib/python3.7/site-packages/airflow/example_dags/example_xcomargs.py took 0.150 seconds
[2024-04-29T00:46:25.075+0000] {processor.py:156} INFO - Started process (PID=7847) to work on /home/airflow/.local/lib/python3.7/site-packages/airflow/example_dags/example_xcomargs.py
[2024-04-29T00:46:25.076+0000] {processor.py:758} INFO - Processing file /home/airflow/.local/lib/python3.7/site-packages/airflow/example_dags/example_xcomargs.py for tasks to queue
[2024-04-29T00:46:25.076+0000] {logging_mixin.py:117} INFO - [2024-04-29T00:46:25.076+0000] {dagbag.py:525} INFO - Filling up the DagBag from /home/airflow/.local/lib/python3.7/site-packages/airflow/example_dags/example_xcomargs.py
[2024-04-29T00:46:25.108+0000] {processor.py:768} INFO - DAG(s) dict_keys(['example_xcom_args_with_operators', 'example_xcom_args']) retrieved from /home/airflow/.local/lib/python3.7/site-packages/airflow/example_dags/example_xcomargs.py
[2024-04-29T00:46:25.184+0000] {logging_mixin.py:117} INFO - [2024-04-29T00:46:25.184+0000] {dag.py:2573} INFO - Sync 2 DAGs
[2024-04-29T00:46:25.245+0000] {logging_mixin.py:117} INFO - [2024-04-29T00:46:25.244+0000] {dag.py:3328} INFO - Setting next_dagrun for example_xcom_args to None, run_after=None
[2024-04-29T00:46:25.250+0000] {logging_mixin.py:117} INFO - [2024-04-29T00:46:25.250+0000] {dag.py:3328} INFO - Setting next_dagrun for example_xcom_args_with_operators to None, run_after=None
[2024-04-29T00:46:25.271+0000] {processor.py:178} INFO - Processing /home/airflow/.local/lib/python3.7/site-packages/airflow/example_dags/example_xcomargs.py took 0.199 seconds
[2024-04-29T00:46:55.649+0000] {processor.py:156} INFO - Started process (PID=8070) to work on /home/airflow/.local/lib/python3.7/site-packages/airflow/example_dags/example_xcomargs.py
[2024-04-29T00:46:55.650+0000] {processor.py:758} INFO - Processing file /home/airflow/.local/lib/python3.7/site-packages/airflow/example_dags/example_xcomargs.py for tasks to queue
[2024-04-29T00:46:55.651+0000] {logging_mixin.py:117} INFO - [2024-04-29T00:46:55.651+0000] {dagbag.py:525} INFO - Filling up the DagBag from /home/airflow/.local/lib/python3.7/site-packages/airflow/example_dags/example_xcomargs.py
[2024-04-29T00:46:55.717+0000] {processor.py:768} INFO - DAG(s) dict_keys(['example_xcom_args', 'example_xcom_args_with_operators']) retrieved from /home/airflow/.local/lib/python3.7/site-packages/airflow/example_dags/example_xcomargs.py
[2024-04-29T00:46:55.814+0000] {logging_mixin.py:117} INFO - [2024-04-29T00:46:55.814+0000] {dag.py:2573} INFO - Sync 2 DAGs
[2024-04-29T00:46:55.875+0000] {logging_mixin.py:117} INFO - [2024-04-29T00:46:55.874+0000] {dag.py:3328} INFO - Setting next_dagrun for example_xcom_args to None, run_after=None
[2024-04-29T00:46:55.880+0000] {logging_mixin.py:117} INFO - [2024-04-29T00:46:55.880+0000] {dag.py:3328} INFO - Setting next_dagrun for example_xcom_args_with_operators to None, run_after=None
[2024-04-29T00:46:55.904+0000] {processor.py:178} INFO - Processing /home/airflow/.local/lib/python3.7/site-packages/airflow/example_dags/example_xcomargs.py took 0.258 seconds
[2024-04-29T00:47:26.245+0000] {processor.py:156} INFO - Started process (PID=8284) to work on /home/airflow/.local/lib/python3.7/site-packages/airflow/example_dags/example_xcomargs.py
[2024-04-29T00:47:26.245+0000] {processor.py:758} INFO - Processing file /home/airflow/.local/lib/python3.7/site-packages/airflow/example_dags/example_xcomargs.py for tasks to queue
[2024-04-29T00:47:26.246+0000] {logging_mixin.py:117} INFO - [2024-04-29T00:47:26.246+0000] {dagbag.py:525} INFO - Filling up the DagBag from /home/airflow/.local/lib/python3.7/site-packages/airflow/example_dags/example_xcomargs.py
[2024-04-29T00:47:26.282+0000] {processor.py:768} INFO - DAG(s) dict_keys(['example_xcom_args_with_operators', 'example_xcom_args']) retrieved from /home/airflow/.local/lib/python3.7/site-packages/airflow/example_dags/example_xcomargs.py
[2024-04-29T00:47:26.331+0000] {logging_mixin.py:117} INFO - [2024-04-29T00:47:26.331+0000] {dag.py:2573} INFO - Sync 2 DAGs
[2024-04-29T00:47:26.365+0000] {logging_mixin.py:117} INFO - [2024-04-29T00:47:26.365+0000] {dag.py:3328} INFO - Setting next_dagrun for example_xcom_args to None, run_after=None
[2024-04-29T00:47:26.370+0000] {logging_mixin.py:117} INFO - [2024-04-29T00:47:26.369+0000] {dag.py:3328} INFO - Setting next_dagrun for example_xcom_args_with_operators to None, run_after=None
[2024-04-29T00:47:26.395+0000] {processor.py:178} INFO - Processing /home/airflow/.local/lib/python3.7/site-packages/airflow/example_dags/example_xcomargs.py took 0.154 seconds
[2024-04-29T00:47:56.986+0000] {processor.py:156} INFO - Started process (PID=8507) to work on /home/airflow/.local/lib/python3.7/site-packages/airflow/example_dags/example_xcomargs.py
[2024-04-29T00:47:56.986+0000] {processor.py:758} INFO - Processing file /home/airflow/.local/lib/python3.7/site-packages/airflow/example_dags/example_xcomargs.py for tasks to queue
[2024-04-29T00:47:56.988+0000] {logging_mixin.py:117} INFO - [2024-04-29T00:47:56.988+0000] {dagbag.py:525} INFO - Filling up the DagBag from /home/airflow/.local/lib/python3.7/site-packages/airflow/example_dags/example_xcomargs.py
[2024-04-29T00:47:57.113+0000] {processor.py:768} INFO - DAG(s) dict_keys(['example_xcom_args_with_operators', 'example_xcom_args']) retrieved from /home/airflow/.local/lib/python3.7/site-packages/airflow/example_dags/example_xcomargs.py
[2024-04-29T00:47:57.250+0000] {logging_mixin.py:117} INFO - [2024-04-29T00:47:57.250+0000] {dag.py:2573} INFO - Sync 2 DAGs
[2024-04-29T00:47:57.286+0000] {logging_mixin.py:117} INFO - [2024-04-29T00:47:57.286+0000] {dag.py:3328} INFO - Setting next_dagrun for example_xcom_args to None, run_after=None
[2024-04-29T00:47:57.289+0000] {logging_mixin.py:117} INFO - [2024-04-29T00:47:57.289+0000] {dag.py:3328} INFO - Setting next_dagrun for example_xcom_args_with_operators to None, run_after=None
[2024-04-29T00:47:57.307+0000] {processor.py:178} INFO - Processing /home/airflow/.local/lib/python3.7/site-packages/airflow/example_dags/example_xcomargs.py took 0.329 seconds
[2024-04-29T00:48:27.793+0000] {processor.py:156} INFO - Started process (PID=8729) to work on /home/airflow/.local/lib/python3.7/site-packages/airflow/example_dags/example_xcomargs.py
[2024-04-29T00:48:27.797+0000] {processor.py:758} INFO - Processing file /home/airflow/.local/lib/python3.7/site-packages/airflow/example_dags/example_xcomargs.py for tasks to queue
[2024-04-29T00:48:27.798+0000] {logging_mixin.py:117} INFO - [2024-04-29T00:48:27.798+0000] {dagbag.py:525} INFO - Filling up the DagBag from /home/airflow/.local/lib/python3.7/site-packages/airflow/example_dags/example_xcomargs.py
[2024-04-29T00:48:27.888+0000] {processor.py:768} INFO - DAG(s) dict_keys(['example_xcom_args', 'example_xcom_args_with_operators']) retrieved from /home/airflow/.local/lib/python3.7/site-packages/airflow/example_dags/example_xcomargs.py
[2024-04-29T00:48:28.055+0000] {logging_mixin.py:117} INFO - [2024-04-29T00:48:28.055+0000] {dag.py:2573} INFO - Sync 2 DAGs
[2024-04-29T00:48:28.101+0000] {logging_mixin.py:117} INFO - [2024-04-29T00:48:28.101+0000] {dag.py:3328} INFO - Setting next_dagrun for example_xcom_args to None, run_after=None
[2024-04-29T00:48:28.117+0000] {logging_mixin.py:117} INFO - [2024-04-29T00:48:28.117+0000] {dag.py:3328} INFO - Setting next_dagrun for example_xcom_args_with_operators to None, run_after=None
[2024-04-29T00:48:28.143+0000] {processor.py:178} INFO - Processing /home/airflow/.local/lib/python3.7/site-packages/airflow/example_dags/example_xcomargs.py took 0.356 seconds
[2024-04-29T00:48:59.114+0000] {processor.py:156} INFO - Started process (PID=8943) to work on /home/airflow/.local/lib/python3.7/site-packages/airflow/example_dags/example_xcomargs.py
[2024-04-29T00:48:59.120+0000] {processor.py:758} INFO - Processing file /home/airflow/.local/lib/python3.7/site-packages/airflow/example_dags/example_xcomargs.py for tasks to queue
[2024-04-29T00:48:59.121+0000] {logging_mixin.py:117} INFO - [2024-04-29T00:48:59.121+0000] {dagbag.py:525} INFO - Filling up the DagBag from /home/airflow/.local/lib/python3.7/site-packages/airflow/example_dags/example_xcomargs.py
[2024-04-29T00:48:59.164+0000] {processor.py:768} INFO - DAG(s) dict_keys(['example_xcom_args', 'example_xcom_args_with_operators']) retrieved from /home/airflow/.local/lib/python3.7/site-packages/airflow/example_dags/example_xcomargs.py
[2024-04-29T00:48:59.230+0000] {logging_mixin.py:117} INFO - [2024-04-29T00:48:59.229+0000] {dag.py:2573} INFO - Sync 2 DAGs
[2024-04-29T00:48:59.263+0000] {logging_mixin.py:117} INFO - [2024-04-29T00:48:59.263+0000] {dag.py:3328} INFO - Setting next_dagrun for example_xcom_args to None, run_after=None
[2024-04-29T00:48:59.267+0000] {logging_mixin.py:117} INFO - [2024-04-29T00:48:59.267+0000] {dag.py:3328} INFO - Setting next_dagrun for example_xcom_args_with_operators to None, run_after=None
[2024-04-29T00:48:59.290+0000] {processor.py:178} INFO - Processing /home/airflow/.local/lib/python3.7/site-packages/airflow/example_dags/example_xcomargs.py took 0.180 seconds
[2024-04-29T00:49:29.638+0000] {processor.py:156} INFO - Started process (PID=9165) to work on /home/airflow/.local/lib/python3.7/site-packages/airflow/example_dags/example_xcomargs.py
[2024-04-29T00:49:29.639+0000] {processor.py:758} INFO - Processing file /home/airflow/.local/lib/python3.7/site-packages/airflow/example_dags/example_xcomargs.py for tasks to queue
[2024-04-29T00:49:29.639+0000] {logging_mixin.py:117} INFO - [2024-04-29T00:49:29.639+0000] {dagbag.py:525} INFO - Filling up the DagBag from /home/airflow/.local/lib/python3.7/site-packages/airflow/example_dags/example_xcomargs.py
[2024-04-29T00:49:29.669+0000] {processor.py:768} INFO - DAG(s) dict_keys(['example_xcom_args', 'example_xcom_args_with_operators']) retrieved from /home/airflow/.local/lib/python3.7/site-packages/airflow/example_dags/example_xcomargs.py
[2024-04-29T00:49:29.729+0000] {logging_mixin.py:117} INFO - [2024-04-29T00:49:29.728+0000] {dag.py:2573} INFO - Sync 2 DAGs
[2024-04-29T00:49:29.761+0000] {logging_mixin.py:117} INFO - [2024-04-29T00:49:29.761+0000] {dag.py:3328} INFO - Setting next_dagrun for example_xcom_args to None, run_after=None
[2024-04-29T00:49:29.766+0000] {logging_mixin.py:117} INFO - [2024-04-29T00:49:29.765+0000] {dag.py:3328} INFO - Setting next_dagrun for example_xcom_args_with_operators to None, run_after=None
[2024-04-29T00:49:29.789+0000] {processor.py:178} INFO - Processing /home/airflow/.local/lib/python3.7/site-packages/airflow/example_dags/example_xcomargs.py took 0.155 seconds
[2024-04-29T00:50:00.514+0000] {processor.py:156} INFO - Started process (PID=9388) to work on /home/airflow/.local/lib/python3.7/site-packages/airflow/example_dags/example_xcomargs.py
[2024-04-29T00:50:00.515+0000] {processor.py:758} INFO - Processing file /home/airflow/.local/lib/python3.7/site-packages/airflow/example_dags/example_xcomargs.py for tasks to queue
[2024-04-29T00:50:00.515+0000] {logging_mixin.py:117} INFO - [2024-04-29T00:50:00.515+0000] {dagbag.py:525} INFO - Filling up the DagBag from /home/airflow/.local/lib/python3.7/site-packages/airflow/example_dags/example_xcomargs.py
[2024-04-29T00:50:00.548+0000] {processor.py:768} INFO - DAG(s) dict_keys(['example_xcom_args_with_operators', 'example_xcom_args']) retrieved from /home/airflow/.local/lib/python3.7/site-packages/airflow/example_dags/example_xcomargs.py
[2024-04-29T00:50:00.600+0000] {logging_mixin.py:117} INFO - [2024-04-29T00:50:00.600+0000] {dag.py:2573} INFO - Sync 2 DAGs
[2024-04-29T00:50:00.631+0000] {logging_mixin.py:117} INFO - [2024-04-29T00:50:00.631+0000] {dag.py:3328} INFO - Setting next_dagrun for example_xcom_args to None, run_after=None
[2024-04-29T00:50:00.636+0000] {logging_mixin.py:117} INFO - [2024-04-29T00:50:00.635+0000] {dag.py:3328} INFO - Setting next_dagrun for example_xcom_args_with_operators to None, run_after=None
[2024-04-29T00:50:00.657+0000] {processor.py:178} INFO - Processing /home/airflow/.local/lib/python3.7/site-packages/airflow/example_dags/example_xcomargs.py took 0.147 seconds
[2024-04-29T00:50:31.471+0000] {processor.py:156} INFO - Started process (PID=9603) to work on /home/airflow/.local/lib/python3.7/site-packages/airflow/example_dags/example_xcomargs.py
[2024-04-29T00:50:31.472+0000] {processor.py:758} INFO - Processing file /home/airflow/.local/lib/python3.7/site-packages/airflow/example_dags/example_xcomargs.py for tasks to queue
[2024-04-29T00:50:31.472+0000] {logging_mixin.py:117} INFO - [2024-04-29T00:50:31.472+0000] {dagbag.py:525} INFO - Filling up the DagBag from /home/airflow/.local/lib/python3.7/site-packages/airflow/example_dags/example_xcomargs.py
[2024-04-29T00:50:31.507+0000] {processor.py:768} INFO - DAG(s) dict_keys(['example_xcom_args', 'example_xcom_args_with_operators']) retrieved from /home/airflow/.local/lib/python3.7/site-packages/airflow/example_dags/example_xcomargs.py
[2024-04-29T00:50:31.554+0000] {logging_mixin.py:117} INFO - [2024-04-29T00:50:31.554+0000] {dag.py:2573} INFO - Sync 2 DAGs
[2024-04-29T00:50:31.586+0000] {logging_mixin.py:117} INFO - [2024-04-29T00:50:31.586+0000] {dag.py:3328} INFO - Setting next_dagrun for example_xcom_args to None, run_after=None
[2024-04-29T00:50:31.590+0000] {logging_mixin.py:117} INFO - [2024-04-29T00:50:31.590+0000] {dag.py:3328} INFO - Setting next_dagrun for example_xcom_args_with_operators to None, run_after=None
[2024-04-29T00:50:31.613+0000] {processor.py:178} INFO - Processing /home/airflow/.local/lib/python3.7/site-packages/airflow/example_dags/example_xcomargs.py took 0.145 seconds
[2024-04-29T00:51:02.012+0000] {processor.py:156} INFO - Started process (PID=9825) to work on /home/airflow/.local/lib/python3.7/site-packages/airflow/example_dags/example_xcomargs.py
[2024-04-29T00:51:02.013+0000] {processor.py:758} INFO - Processing file /home/airflow/.local/lib/python3.7/site-packages/airflow/example_dags/example_xcomargs.py for tasks to queue
[2024-04-29T00:51:02.014+0000] {logging_mixin.py:117} INFO - [2024-04-29T00:51:02.013+0000] {dagbag.py:525} INFO - Filling up the DagBag from /home/airflow/.local/lib/python3.7/site-packages/airflow/example_dags/example_xcomargs.py
[2024-04-29T00:51:02.045+0000] {processor.py:768} INFO - DAG(s) dict_keys(['example_xcom_args', 'example_xcom_args_with_operators']) retrieved from /home/airflow/.local/lib/python3.7/site-packages/airflow/example_dags/example_xcomargs.py
[2024-04-29T00:51:02.096+0000] {logging_mixin.py:117} INFO - [2024-04-29T00:51:02.096+0000] {dag.py:2573} INFO - Sync 2 DAGs
[2024-04-29T00:51:02.132+0000] {logging_mixin.py:117} INFO - [2024-04-29T00:51:02.131+0000] {dag.py:3328} INFO - Setting next_dagrun for example_xcom_args to None, run_after=None
[2024-04-29T00:51:02.136+0000] {logging_mixin.py:117} INFO - [2024-04-29T00:51:02.136+0000] {dag.py:3328} INFO - Setting next_dagrun for example_xcom_args_with_operators to None, run_after=None
[2024-04-29T00:51:02.160+0000] {processor.py:178} INFO - Processing /home/airflow/.local/lib/python3.7/site-packages/airflow/example_dags/example_xcomargs.py took 0.151 seconds
[2024-04-29T00:51:32.257+0000] {processor.py:156} INFO - Started process (PID=10047) to work on /home/airflow/.local/lib/python3.7/site-packages/airflow/example_dags/example_xcomargs.py
[2024-04-29T00:51:32.258+0000] {processor.py:758} INFO - Processing file /home/airflow/.local/lib/python3.7/site-packages/airflow/example_dags/example_xcomargs.py for tasks to queue
[2024-04-29T00:51:32.258+0000] {logging_mixin.py:117} INFO - [2024-04-29T00:51:32.258+0000] {dagbag.py:525} INFO - Filling up the DagBag from /home/airflow/.local/lib/python3.7/site-packages/airflow/example_dags/example_xcomargs.py
[2024-04-29T00:51:32.289+0000] {processor.py:768} INFO - DAG(s) dict_keys(['example_xcom_args_with_operators', 'example_xcom_args']) retrieved from /home/airflow/.local/lib/python3.7/site-packages/airflow/example_dags/example_xcomargs.py
[2024-04-29T00:51:32.345+0000] {logging_mixin.py:117} INFO - [2024-04-29T00:51:32.344+0000] {dag.py:2573} INFO - Sync 2 DAGs
[2024-04-29T00:51:32.378+0000] {logging_mixin.py:117} INFO - [2024-04-29T00:51:32.378+0000] {dag.py:3328} INFO - Setting next_dagrun for example_xcom_args to None, run_after=None
[2024-04-29T00:51:32.382+0000] {logging_mixin.py:117} INFO - [2024-04-29T00:51:32.382+0000] {dag.py:3328} INFO - Setting next_dagrun for example_xcom_args_with_operators to None, run_after=None
[2024-04-29T00:51:32.404+0000] {processor.py:178} INFO - Processing /home/airflow/.local/lib/python3.7/site-packages/airflow/example_dags/example_xcomargs.py took 0.150 seconds
[2024-04-29T00:52:02.629+0000] {processor.py:156} INFO - Started process (PID=10261) to work on /home/airflow/.local/lib/python3.7/site-packages/airflow/example_dags/example_xcomargs.py
[2024-04-29T00:52:02.630+0000] {processor.py:758} INFO - Processing file /home/airflow/.local/lib/python3.7/site-packages/airflow/example_dags/example_xcomargs.py for tasks to queue
[2024-04-29T00:52:02.630+0000] {logging_mixin.py:117} INFO - [2024-04-29T00:52:02.630+0000] {dagbag.py:525} INFO - Filling up the DagBag from /home/airflow/.local/lib/python3.7/site-packages/airflow/example_dags/example_xcomargs.py
[2024-04-29T00:52:02.660+0000] {processor.py:768} INFO - DAG(s) dict_keys(['example_xcom_args_with_operators', 'example_xcom_args']) retrieved from /home/airflow/.local/lib/python3.7/site-packages/airflow/example_dags/example_xcomargs.py
[2024-04-29T00:52:02.715+0000] {logging_mixin.py:117} INFO - [2024-04-29T00:52:02.714+0000] {dag.py:2573} INFO - Sync 2 DAGs
[2024-04-29T00:52:02.746+0000] {logging_mixin.py:117} INFO - [2024-04-29T00:52:02.746+0000] {dag.py:3328} INFO - Setting next_dagrun for example_xcom_args to None, run_after=None
[2024-04-29T00:52:02.750+0000] {logging_mixin.py:117} INFO - [2024-04-29T00:52:02.750+0000] {dag.py:3328} INFO - Setting next_dagrun for example_xcom_args_with_operators to None, run_after=None
[2024-04-29T00:52:02.774+0000] {processor.py:178} INFO - Processing /home/airflow/.local/lib/python3.7/site-packages/airflow/example_dags/example_xcomargs.py took 0.148 seconds
[2024-04-29T00:52:33.404+0000] {processor.py:156} INFO - Started process (PID=10485) to work on /home/airflow/.local/lib/python3.7/site-packages/airflow/example_dags/example_xcomargs.py
[2024-04-29T00:52:33.405+0000] {processor.py:758} INFO - Processing file /home/airflow/.local/lib/python3.7/site-packages/airflow/example_dags/example_xcomargs.py for tasks to queue
[2024-04-29T00:52:33.405+0000] {logging_mixin.py:117} INFO - [2024-04-29T00:52:33.405+0000] {dagbag.py:525} INFO - Filling up the DagBag from /home/airflow/.local/lib/python3.7/site-packages/airflow/example_dags/example_xcomargs.py
[2024-04-29T00:52:33.437+0000] {processor.py:768} INFO - DAG(s) dict_keys(['example_xcom_args_with_operators', 'example_xcom_args']) retrieved from /home/airflow/.local/lib/python3.7/site-packages/airflow/example_dags/example_xcomargs.py
[2024-04-29T00:52:33.488+0000] {logging_mixin.py:117} INFO - [2024-04-29T00:52:33.488+0000] {dag.py:2573} INFO - Sync 2 DAGs
[2024-04-29T00:52:33.521+0000] {logging_mixin.py:117} INFO - [2024-04-29T00:52:33.520+0000] {dag.py:3328} INFO - Setting next_dagrun for example_xcom_args to None, run_after=None
[2024-04-29T00:52:33.525+0000] {logging_mixin.py:117} INFO - [2024-04-29T00:52:33.525+0000] {dag.py:3328} INFO - Setting next_dagrun for example_xcom_args_with_operators to None, run_after=None
[2024-04-29T00:52:33.569+0000] {processor.py:178} INFO - Processing /home/airflow/.local/lib/python3.7/site-packages/airflow/example_dags/example_xcomargs.py took 0.168 seconds
[2024-04-29T00:53:04.211+0000] {processor.py:156} INFO - Started process (PID=10709) to work on /home/airflow/.local/lib/python3.7/site-packages/airflow/example_dags/example_xcomargs.py
[2024-04-29T00:53:04.212+0000] {processor.py:758} INFO - Processing file /home/airflow/.local/lib/python3.7/site-packages/airflow/example_dags/example_xcomargs.py for tasks to queue
[2024-04-29T00:53:04.212+0000] {logging_mixin.py:117} INFO - [2024-04-29T00:53:04.212+0000] {dagbag.py:525} INFO - Filling up the DagBag from /home/airflow/.local/lib/python3.7/site-packages/airflow/example_dags/example_xcomargs.py
[2024-04-29T00:53:04.249+0000] {processor.py:768} INFO - DAG(s) dict_keys(['example_xcom_args', 'example_xcom_args_with_operators']) retrieved from /home/airflow/.local/lib/python3.7/site-packages/airflow/example_dags/example_xcomargs.py
[2024-04-29T00:53:04.297+0000] {logging_mixin.py:117} INFO - [2024-04-29T00:53:04.297+0000] {dag.py:2573} INFO - Sync 2 DAGs
[2024-04-29T00:53:04.331+0000] {logging_mixin.py:117} INFO - [2024-04-29T00:53:04.331+0000] {dag.py:3328} INFO - Setting next_dagrun for example_xcom_args to None, run_after=None
[2024-04-29T00:53:04.335+0000] {logging_mixin.py:117} INFO - [2024-04-29T00:53:04.335+0000] {dag.py:3328} INFO - Setting next_dagrun for example_xcom_args_with_operators to None, run_after=None
[2024-04-29T00:53:04.357+0000] {processor.py:178} INFO - Processing /home/airflow/.local/lib/python3.7/site-packages/airflow/example_dags/example_xcomargs.py took 0.149 seconds
[2024-04-29T00:53:34.568+0000] {processor.py:156} INFO - Started process (PID=10922) to work on /home/airflow/.local/lib/python3.7/site-packages/airflow/example_dags/example_xcomargs.py
[2024-04-29T00:53:34.569+0000] {processor.py:758} INFO - Processing file /home/airflow/.local/lib/python3.7/site-packages/airflow/example_dags/example_xcomargs.py for tasks to queue
[2024-04-29T00:53:34.569+0000] {logging_mixin.py:117} INFO - [2024-04-29T00:53:34.569+0000] {dagbag.py:525} INFO - Filling up the DagBag from /home/airflow/.local/lib/python3.7/site-packages/airflow/example_dags/example_xcomargs.py
[2024-04-29T00:53:34.601+0000] {processor.py:768} INFO - DAG(s) dict_keys(['example_xcom_args_with_operators', 'example_xcom_args']) retrieved from /home/airflow/.local/lib/python3.7/site-packages/airflow/example_dags/example_xcomargs.py
[2024-04-29T00:53:34.656+0000] {logging_mixin.py:117} INFO - [2024-04-29T00:53:34.656+0000] {dag.py:2573} INFO - Sync 2 DAGs
[2024-04-29T00:53:34.694+0000] {logging_mixin.py:117} INFO - [2024-04-29T00:53:34.694+0000] {dag.py:3328} INFO - Setting next_dagrun for example_xcom_args to None, run_after=None
[2024-04-29T00:53:34.698+0000] {logging_mixin.py:117} INFO - [2024-04-29T00:53:34.698+0000] {dag.py:3328} INFO - Setting next_dagrun for example_xcom_args_with_operators to None, run_after=None
[2024-04-29T00:53:34.728+0000] {processor.py:178} INFO - Processing /home/airflow/.local/lib/python3.7/site-packages/airflow/example_dags/example_xcomargs.py took 0.163 seconds
[2024-04-29T00:54:05.296+0000] {processor.py:156} INFO - Started process (PID=11146) to work on /home/airflow/.local/lib/python3.7/site-packages/airflow/example_dags/example_xcomargs.py
[2024-04-29T00:54:05.297+0000] {processor.py:758} INFO - Processing file /home/airflow/.local/lib/python3.7/site-packages/airflow/example_dags/example_xcomargs.py for tasks to queue
[2024-04-29T00:54:05.298+0000] {logging_mixin.py:117} INFO - [2024-04-29T00:54:05.298+0000] {dagbag.py:525} INFO - Filling up the DagBag from /home/airflow/.local/lib/python3.7/site-packages/airflow/example_dags/example_xcomargs.py
[2024-04-29T00:54:05.330+0000] {processor.py:768} INFO - DAG(s) dict_keys(['example_xcom_args', 'example_xcom_args_with_operators']) retrieved from /home/airflow/.local/lib/python3.7/site-packages/airflow/example_dags/example_xcomargs.py
[2024-04-29T00:54:05.384+0000] {logging_mixin.py:117} INFO - [2024-04-29T00:54:05.383+0000] {dag.py:2573} INFO - Sync 2 DAGs
[2024-04-29T00:54:05.416+0000] {logging_mixin.py:117} INFO - [2024-04-29T00:54:05.416+0000] {dag.py:3328} INFO - Setting next_dagrun for example_xcom_args to None, run_after=None
[2024-04-29T00:54:05.420+0000] {logging_mixin.py:117} INFO - [2024-04-29T00:54:05.420+0000] {dag.py:3328} INFO - Setting next_dagrun for example_xcom_args_with_operators to None, run_after=None
[2024-04-29T00:54:05.444+0000] {processor.py:178} INFO - Processing /home/airflow/.local/lib/python3.7/site-packages/airflow/example_dags/example_xcomargs.py took 0.151 seconds
[2024-04-29T00:54:36.186+0000] {processor.py:156} INFO - Started process (PID=11370) to work on /home/airflow/.local/lib/python3.7/site-packages/airflow/example_dags/example_xcomargs.py
[2024-04-29T00:54:36.187+0000] {processor.py:758} INFO - Processing file /home/airflow/.local/lib/python3.7/site-packages/airflow/example_dags/example_xcomargs.py for tasks to queue
[2024-04-29T00:54:36.188+0000] {logging_mixin.py:117} INFO - [2024-04-29T00:54:36.188+0000] {dagbag.py:525} INFO - Filling up the DagBag from /home/airflow/.local/lib/python3.7/site-packages/airflow/example_dags/example_xcomargs.py
[2024-04-29T00:54:36.281+0000] {processor.py:768} INFO - DAG(s) dict_keys(['example_xcom_args_with_operators', 'example_xcom_args']) retrieved from /home/airflow/.local/lib/python3.7/site-packages/airflow/example_dags/example_xcomargs.py
[2024-04-29T00:54:36.439+0000] {logging_mixin.py:117} INFO - [2024-04-29T00:54:36.439+0000] {dag.py:2573} INFO - Sync 2 DAGs
[2024-04-29T00:54:36.577+0000] {logging_mixin.py:117} INFO - [2024-04-29T00:54:36.576+0000] {dag.py:3328} INFO - Setting next_dagrun for example_xcom_args to None, run_after=None
[2024-04-29T00:54:36.593+0000] {logging_mixin.py:117} INFO - [2024-04-29T00:54:36.593+0000] {dag.py:3328} INFO - Setting next_dagrun for example_xcom_args_with_operators to None, run_after=None
[2024-04-29T00:54:36.645+0000] {processor.py:178} INFO - Processing /home/airflow/.local/lib/python3.7/site-packages/airflow/example_dags/example_xcomargs.py took 0.462 seconds
[2024-04-29T00:55:07.618+0000] {processor.py:156} INFO - Started process (PID=11584) to work on /home/airflow/.local/lib/python3.7/site-packages/airflow/example_dags/example_xcomargs.py
[2024-04-29T00:55:07.618+0000] {processor.py:758} INFO - Processing file /home/airflow/.local/lib/python3.7/site-packages/airflow/example_dags/example_xcomargs.py for tasks to queue
[2024-04-29T00:55:07.619+0000] {logging_mixin.py:117} INFO - [2024-04-29T00:55:07.619+0000] {dagbag.py:525} INFO - Filling up the DagBag from /home/airflow/.local/lib/python3.7/site-packages/airflow/example_dags/example_xcomargs.py
[2024-04-29T00:55:07.659+0000] {processor.py:768} INFO - DAG(s) dict_keys(['example_xcom_args', 'example_xcom_args_with_operators']) retrieved from /home/airflow/.local/lib/python3.7/site-packages/airflow/example_dags/example_xcomargs.py
[2024-04-29T00:55:07.713+0000] {logging_mixin.py:117} INFO - [2024-04-29T00:55:07.712+0000] {dag.py:2573} INFO - Sync 2 DAGs
[2024-04-29T00:55:07.747+0000] {logging_mixin.py:117} INFO - [2024-04-29T00:55:07.747+0000] {dag.py:3328} INFO - Setting next_dagrun for example_xcom_args to None, run_after=None
[2024-04-29T00:55:07.751+0000] {logging_mixin.py:117} INFO - [2024-04-29T00:55:07.751+0000] {dag.py:3328} INFO - Setting next_dagrun for example_xcom_args_with_operators to None, run_after=None
[2024-04-29T00:55:07.776+0000] {processor.py:178} INFO - Processing /home/airflow/.local/lib/python3.7/site-packages/airflow/example_dags/example_xcomargs.py took 0.162 seconds
