[2024-04-29T00:28:50.215+0000] {processor.py:156} INFO - Started process (PID=260) to work on /home/airflow/.local/lib/python3.7/site-packages/airflow/example_dags/example_branch_labels.py
[2024-04-29T00:28:50.217+0000] {processor.py:758} INFO - Processing file /home/airflow/.local/lib/python3.7/site-packages/airflow/example_dags/example_branch_labels.py for tasks to queue
[2024-04-29T00:28:50.217+0000] {logging_mixin.py:117} INFO - [2024-04-29T00:28:50.217+0000] {dagbag.py:525} INFO - Filling up the DagBag from /home/airflow/.local/lib/python3.7/site-packages/airflow/example_dags/example_branch_labels.py
[2024-04-29T00:28:50.307+0000] {processor.py:768} INFO - DAG(s) dict_keys(['example_branch_labels']) retrieved from /home/airflow/.local/lib/python3.7/site-packages/airflow/example_dags/example_branch_labels.py
[2024-04-29T00:28:50.445+0000] {logging_mixin.py:117} INFO - [2024-04-29T00:28:50.444+0000] {dag.py:2573} INFO - Sync 1 DAGs
[2024-04-29T00:28:50.535+0000] {logging_mixin.py:117} INFO - [2024-04-29T00:28:50.534+0000] {dag.py:3328} INFO - Setting next_dagrun for example_branch_labels to 2024-04-28T00:00:00+00:00, run_after=2024-04-29T00:00:00+00:00
[2024-04-29T00:28:50.589+0000] {processor.py:178} INFO - Processing /home/airflow/.local/lib/python3.7/site-packages/airflow/example_dags/example_branch_labels.py took 0.388 seconds
[2024-04-29T00:29:21.532+0000] {processor.py:156} INFO - Started process (PID=478) to work on /home/airflow/.local/lib/python3.7/site-packages/airflow/example_dags/example_branch_labels.py
[2024-04-29T00:29:21.533+0000] {processor.py:758} INFO - Processing file /home/airflow/.local/lib/python3.7/site-packages/airflow/example_dags/example_branch_labels.py for tasks to queue
[2024-04-29T00:29:21.534+0000] {logging_mixin.py:117} INFO - [2024-04-29T00:29:21.533+0000] {dagbag.py:525} INFO - Filling up the DagBag from /home/airflow/.local/lib/python3.7/site-packages/airflow/example_dags/example_branch_labels.py
[2024-04-29T00:29:21.552+0000] {processor.py:768} INFO - DAG(s) dict_keys(['example_branch_labels']) retrieved from /home/airflow/.local/lib/python3.7/site-packages/airflow/example_dags/example_branch_labels.py
[2024-04-29T00:29:21.601+0000] {logging_mixin.py:117} INFO - [2024-04-29T00:29:21.601+0000] {dag.py:2573} INFO - Sync 1 DAGs
[2024-04-29T00:29:21.638+0000] {logging_mixin.py:117} INFO - [2024-04-29T00:29:21.638+0000] {dag.py:3328} INFO - Setting next_dagrun for example_branch_labels to 2024-04-28T00:00:00+00:00, run_after=2024-04-29T00:00:00+00:00
[2024-04-29T00:29:21.663+0000] {processor.py:178} INFO - Processing /home/airflow/.local/lib/python3.7/site-packages/airflow/example_dags/example_branch_labels.py took 0.134 seconds
[2024-04-29T00:29:52.172+0000] {processor.py:156} INFO - Started process (PID=702) to work on /home/airflow/.local/lib/python3.7/site-packages/airflow/example_dags/example_branch_labels.py
[2024-04-29T00:29:52.172+0000] {processor.py:758} INFO - Processing file /home/airflow/.local/lib/python3.7/site-packages/airflow/example_dags/example_branch_labels.py for tasks to queue
[2024-04-29T00:29:52.173+0000] {logging_mixin.py:117} INFO - [2024-04-29T00:29:52.173+0000] {dagbag.py:525} INFO - Filling up the DagBag from /home/airflow/.local/lib/python3.7/site-packages/airflow/example_dags/example_branch_labels.py
[2024-04-29T00:29:52.193+0000] {processor.py:768} INFO - DAG(s) dict_keys(['example_branch_labels']) retrieved from /home/airflow/.local/lib/python3.7/site-packages/airflow/example_dags/example_branch_labels.py
[2024-04-29T00:29:52.260+0000] {logging_mixin.py:117} INFO - [2024-04-29T00:29:52.259+0000] {dag.py:2573} INFO - Sync 1 DAGs
[2024-04-29T00:29:52.297+0000] {logging_mixin.py:117} INFO - [2024-04-29T00:29:52.297+0000] {dag.py:3328} INFO - Setting next_dagrun for example_branch_labels to 2024-04-28T00:00:00+00:00, run_after=2024-04-29T00:00:00+00:00
[2024-04-29T00:29:52.341+0000] {processor.py:178} INFO - Processing /home/airflow/.local/lib/python3.7/site-packages/airflow/example_dags/example_branch_labels.py took 0.173 seconds
[2024-04-29T00:30:23.039+0000] {processor.py:156} INFO - Started process (PID=925) to work on /home/airflow/.local/lib/python3.7/site-packages/airflow/example_dags/example_branch_labels.py
[2024-04-29T00:30:23.040+0000] {processor.py:758} INFO - Processing file /home/airflow/.local/lib/python3.7/site-packages/airflow/example_dags/example_branch_labels.py for tasks to queue
[2024-04-29T00:30:23.040+0000] {logging_mixin.py:117} INFO - [2024-04-29T00:30:23.040+0000] {dagbag.py:525} INFO - Filling up the DagBag from /home/airflow/.local/lib/python3.7/site-packages/airflow/example_dags/example_branch_labels.py
[2024-04-29T00:30:23.061+0000] {processor.py:768} INFO - DAG(s) dict_keys(['example_branch_labels']) retrieved from /home/airflow/.local/lib/python3.7/site-packages/airflow/example_dags/example_branch_labels.py
[2024-04-29T00:30:23.227+0000] {logging_mixin.py:117} INFO - [2024-04-29T00:30:23.226+0000] {dag.py:2573} INFO - Sync 1 DAGs
[2024-04-29T00:30:23.279+0000] {logging_mixin.py:117} INFO - [2024-04-29T00:30:23.278+0000] {dag.py:3328} INFO - Setting next_dagrun for example_branch_labels to 2024-04-28T00:00:00+00:00, run_after=2024-04-29T00:00:00+00:00
[2024-04-29T00:30:23.311+0000] {processor.py:178} INFO - Processing /home/airflow/.local/lib/python3.7/site-packages/airflow/example_dags/example_branch_labels.py took 0.278 seconds
[2024-04-29T00:30:54.240+0000] {processor.py:156} INFO - Started process (PID=1148) to work on /home/airflow/.local/lib/python3.7/site-packages/airflow/example_dags/example_branch_labels.py
[2024-04-29T00:30:54.263+0000] {processor.py:758} INFO - Processing file /home/airflow/.local/lib/python3.7/site-packages/airflow/example_dags/example_branch_labels.py for tasks to queue
[2024-04-29T00:30:54.264+0000] {logging_mixin.py:117} INFO - [2024-04-29T00:30:54.263+0000] {dagbag.py:525} INFO - Filling up the DagBag from /home/airflow/.local/lib/python3.7/site-packages/airflow/example_dags/example_branch_labels.py
[2024-04-29T00:30:54.296+0000] {processor.py:768} INFO - DAG(s) dict_keys(['example_branch_labels']) retrieved from /home/airflow/.local/lib/python3.7/site-packages/airflow/example_dags/example_branch_labels.py
[2024-04-29T00:30:54.367+0000] {logging_mixin.py:117} INFO - [2024-04-29T00:30:54.366+0000] {dag.py:2573} INFO - Sync 1 DAGs
[2024-04-29T00:30:54.433+0000] {logging_mixin.py:117} INFO - [2024-04-29T00:30:54.433+0000] {dag.py:3328} INFO - Setting next_dagrun for example_branch_labels to 2024-04-28T00:00:00+00:00, run_after=2024-04-29T00:00:00+00:00
[2024-04-29T00:30:54.474+0000] {processor.py:178} INFO - Processing /home/airflow/.local/lib/python3.7/site-packages/airflow/example_dags/example_branch_labels.py took 0.237 seconds
[2024-04-29T00:31:24.726+0000] {processor.py:156} INFO - Started process (PID=1362) to work on /home/airflow/.local/lib/python3.7/site-packages/airflow/example_dags/example_branch_labels.py
[2024-04-29T00:31:24.726+0000] {processor.py:758} INFO - Processing file /home/airflow/.local/lib/python3.7/site-packages/airflow/example_dags/example_branch_labels.py for tasks to queue
[2024-04-29T00:31:24.727+0000] {logging_mixin.py:117} INFO - [2024-04-29T00:31:24.727+0000] {dagbag.py:525} INFO - Filling up the DagBag from /home/airflow/.local/lib/python3.7/site-packages/airflow/example_dags/example_branch_labels.py
[2024-04-29T00:31:24.752+0000] {processor.py:768} INFO - DAG(s) dict_keys(['example_branch_labels']) retrieved from /home/airflow/.local/lib/python3.7/site-packages/airflow/example_dags/example_branch_labels.py
[2024-04-29T00:31:24.832+0000] {logging_mixin.py:117} INFO - [2024-04-29T00:31:24.832+0000] {dag.py:2573} INFO - Sync 1 DAGs
[2024-04-29T00:31:24.896+0000] {logging_mixin.py:117} INFO - [2024-04-29T00:31:24.896+0000] {dag.py:3328} INFO - Setting next_dagrun for example_branch_labels to 2024-04-28T00:00:00+00:00, run_after=2024-04-29T00:00:00+00:00
[2024-04-29T00:31:25.113+0000] {processor.py:178} INFO - Processing /home/airflow/.local/lib/python3.7/site-packages/airflow/example_dags/example_branch_labels.py took 0.391 seconds
[2024-04-29T00:31:55.616+0000] {processor.py:156} INFO - Started process (PID=1585) to work on /home/airflow/.local/lib/python3.7/site-packages/airflow/example_dags/example_branch_labels.py
[2024-04-29T00:31:55.617+0000] {processor.py:758} INFO - Processing file /home/airflow/.local/lib/python3.7/site-packages/airflow/example_dags/example_branch_labels.py for tasks to queue
[2024-04-29T00:31:55.617+0000] {logging_mixin.py:117} INFO - [2024-04-29T00:31:55.617+0000] {dagbag.py:525} INFO - Filling up the DagBag from /home/airflow/.local/lib/python3.7/site-packages/airflow/example_dags/example_branch_labels.py
[2024-04-29T00:31:55.635+0000] {processor.py:768} INFO - DAG(s) dict_keys(['example_branch_labels']) retrieved from /home/airflow/.local/lib/python3.7/site-packages/airflow/example_dags/example_branch_labels.py
[2024-04-29T00:31:55.682+0000] {logging_mixin.py:117} INFO - [2024-04-29T00:31:55.682+0000] {dag.py:2573} INFO - Sync 1 DAGs
[2024-04-29T00:31:55.852+0000] {logging_mixin.py:117} INFO - [2024-04-29T00:31:55.852+0000] {dag.py:3328} INFO - Setting next_dagrun for example_branch_labels to 2024-04-28T00:00:00+00:00, run_after=2024-04-29T00:00:00+00:00
[2024-04-29T00:31:55.876+0000] {processor.py:178} INFO - Processing /home/airflow/.local/lib/python3.7/site-packages/airflow/example_dags/example_branch_labels.py took 0.264 seconds
[2024-04-29T00:32:26.164+0000] {processor.py:156} INFO - Started process (PID=1799) to work on /home/airflow/.local/lib/python3.7/site-packages/airflow/example_dags/example_branch_labels.py
[2024-04-29T00:32:26.164+0000] {processor.py:758} INFO - Processing file /home/airflow/.local/lib/python3.7/site-packages/airflow/example_dags/example_branch_labels.py for tasks to queue
[2024-04-29T00:32:26.165+0000] {logging_mixin.py:117} INFO - [2024-04-29T00:32:26.165+0000] {dagbag.py:525} INFO - Filling up the DagBag from /home/airflow/.local/lib/python3.7/site-packages/airflow/example_dags/example_branch_labels.py
[2024-04-29T00:32:26.180+0000] {processor.py:768} INFO - DAG(s) dict_keys(['example_branch_labels']) retrieved from /home/airflow/.local/lib/python3.7/site-packages/airflow/example_dags/example_branch_labels.py
[2024-04-29T00:32:26.327+0000] {logging_mixin.py:117} INFO - [2024-04-29T00:32:26.327+0000] {dag.py:2573} INFO - Sync 1 DAGs
[2024-04-29T00:32:26.349+0000] {logging_mixin.py:117} INFO - [2024-04-29T00:32:26.349+0000] {dag.py:3328} INFO - Setting next_dagrun for example_branch_labels to 2024-04-28T00:00:00+00:00, run_after=2024-04-29T00:00:00+00:00
[2024-04-29T00:32:26.369+0000] {processor.py:178} INFO - Processing /home/airflow/.local/lib/python3.7/site-packages/airflow/example_dags/example_branch_labels.py took 0.209 seconds
[2024-04-29T00:32:56.573+0000] {processor.py:156} INFO - Started process (PID=2021) to work on /home/airflow/.local/lib/python3.7/site-packages/airflow/example_dags/example_branch_labels.py
[2024-04-29T00:32:56.574+0000] {processor.py:758} INFO - Processing file /home/airflow/.local/lib/python3.7/site-packages/airflow/example_dags/example_branch_labels.py for tasks to queue
[2024-04-29T00:32:56.574+0000] {logging_mixin.py:117} INFO - [2024-04-29T00:32:56.574+0000] {dagbag.py:525} INFO - Filling up the DagBag from /home/airflow/.local/lib/python3.7/site-packages/airflow/example_dags/example_branch_labels.py
[2024-04-29T00:32:56.587+0000] {processor.py:768} INFO - DAG(s) dict_keys(['example_branch_labels']) retrieved from /home/airflow/.local/lib/python3.7/site-packages/airflow/example_dags/example_branch_labels.py
[2024-04-29T00:32:56.861+0000] {logging_mixin.py:117} INFO - [2024-04-29T00:32:56.861+0000] {dag.py:2573} INFO - Sync 1 DAGs
[2024-04-29T00:32:56.891+0000] {logging_mixin.py:117} INFO - [2024-04-29T00:32:56.891+0000] {dag.py:3328} INFO - Setting next_dagrun for example_branch_labels to 2024-04-28T00:00:00+00:00, run_after=2024-04-29T00:00:00+00:00
[2024-04-29T00:32:56.914+0000] {processor.py:178} INFO - Processing /home/airflow/.local/lib/python3.7/site-packages/airflow/example_dags/example_branch_labels.py took 0.344 seconds
[2024-04-29T00:33:27.244+0000] {processor.py:156} INFO - Started process (PID=2233) to work on /home/airflow/.local/lib/python3.7/site-packages/airflow/example_dags/example_branch_labels.py
[2024-04-29T00:33:27.245+0000] {processor.py:758} INFO - Processing file /home/airflow/.local/lib/python3.7/site-packages/airflow/example_dags/example_branch_labels.py for tasks to queue
[2024-04-29T00:33:27.246+0000] {logging_mixin.py:117} INFO - [2024-04-29T00:33:27.245+0000] {dagbag.py:525} INFO - Filling up the DagBag from /home/airflow/.local/lib/python3.7/site-packages/airflow/example_dags/example_branch_labels.py
[2024-04-29T00:33:27.264+0000] {processor.py:768} INFO - DAG(s) dict_keys(['example_branch_labels']) retrieved from /home/airflow/.local/lib/python3.7/site-packages/airflow/example_dags/example_branch_labels.py
[2024-04-29T00:33:27.421+0000] {logging_mixin.py:117} INFO - [2024-04-29T00:33:27.420+0000] {dag.py:2573} INFO - Sync 1 DAGs
[2024-04-29T00:33:27.484+0000] {logging_mixin.py:117} INFO - [2024-04-29T00:33:27.484+0000] {dag.py:3328} INFO - Setting next_dagrun for example_branch_labels to 2024-04-28T00:00:00+00:00, run_after=2024-04-29T00:00:00+00:00
[2024-04-29T00:33:27.789+0000] {processor.py:178} INFO - Processing /home/airflow/.local/lib/python3.7/site-packages/airflow/example_dags/example_branch_labels.py took 0.547 seconds
[2024-04-29T00:33:58.315+0000] {processor.py:156} INFO - Started process (PID=2457) to work on /home/airflow/.local/lib/python3.7/site-packages/airflow/example_dags/example_branch_labels.py
[2024-04-29T00:33:58.316+0000] {processor.py:758} INFO - Processing file /home/airflow/.local/lib/python3.7/site-packages/airflow/example_dags/example_branch_labels.py for tasks to queue
[2024-04-29T00:33:58.316+0000] {logging_mixin.py:117} INFO - [2024-04-29T00:33:58.316+0000] {dagbag.py:525} INFO - Filling up the DagBag from /home/airflow/.local/lib/python3.7/site-packages/airflow/example_dags/example_branch_labels.py
[2024-04-29T00:33:58.351+0000] {processor.py:768} INFO - DAG(s) dict_keys(['example_branch_labels']) retrieved from /home/airflow/.local/lib/python3.7/site-packages/airflow/example_dags/example_branch_labels.py
[2024-04-29T00:33:58.428+0000] {logging_mixin.py:117} INFO - [2024-04-29T00:33:58.428+0000] {dag.py:2573} INFO - Sync 1 DAGs
[2024-04-29T00:33:58.578+0000] {logging_mixin.py:117} INFO - [2024-04-29T00:33:58.578+0000] {dag.py:3328} INFO - Setting next_dagrun for example_branch_labels to 2024-04-28T00:00:00+00:00, run_after=2024-04-29T00:00:00+00:00
[2024-04-29T00:33:58.599+0000] {processor.py:178} INFO - Processing /home/airflow/.local/lib/python3.7/site-packages/airflow/example_dags/example_branch_labels.py took 0.288 seconds
[2024-04-29T00:34:29.649+0000] {processor.py:156} INFO - Started process (PID=2679) to work on /home/airflow/.local/lib/python3.7/site-packages/airflow/example_dags/example_branch_labels.py
[2024-04-29T00:34:29.650+0000] {processor.py:758} INFO - Processing file /home/airflow/.local/lib/python3.7/site-packages/airflow/example_dags/example_branch_labels.py for tasks to queue
[2024-04-29T00:34:29.651+0000] {logging_mixin.py:117} INFO - [2024-04-29T00:34:29.651+0000] {dagbag.py:525} INFO - Filling up the DagBag from /home/airflow/.local/lib/python3.7/site-packages/airflow/example_dags/example_branch_labels.py
[2024-04-29T00:34:29.669+0000] {processor.py:768} INFO - DAG(s) dict_keys(['example_branch_labels']) retrieved from /home/airflow/.local/lib/python3.7/site-packages/airflow/example_dags/example_branch_labels.py
[2024-04-29T00:34:30.063+0000] {logging_mixin.py:117} INFO - [2024-04-29T00:34:30.062+0000] {dag.py:2573} INFO - Sync 1 DAGs
[2024-04-29T00:34:30.124+0000] {logging_mixin.py:117} INFO - [2024-04-29T00:34:30.124+0000] {dag.py:3328} INFO - Setting next_dagrun for example_branch_labels to 2024-04-28T00:00:00+00:00, run_after=2024-04-29T00:00:00+00:00
[2024-04-29T00:34:30.162+0000] {processor.py:178} INFO - Processing /home/airflow/.local/lib/python3.7/site-packages/airflow/example_dags/example_branch_labels.py took 0.515 seconds
[2024-04-29T00:35:00.762+0000] {processor.py:156} INFO - Started process (PID=2891) to work on /home/airflow/.local/lib/python3.7/site-packages/airflow/example_dags/example_branch_labels.py
[2024-04-29T00:35:00.763+0000] {processor.py:758} INFO - Processing file /home/airflow/.local/lib/python3.7/site-packages/airflow/example_dags/example_branch_labels.py for tasks to queue
[2024-04-29T00:35:00.764+0000] {logging_mixin.py:117} INFO - [2024-04-29T00:35:00.764+0000] {dagbag.py:525} INFO - Filling up the DagBag from /home/airflow/.local/lib/python3.7/site-packages/airflow/example_dags/example_branch_labels.py
[2024-04-29T00:35:00.794+0000] {processor.py:768} INFO - DAG(s) dict_keys(['example_branch_labels']) retrieved from /home/airflow/.local/lib/python3.7/site-packages/airflow/example_dags/example_branch_labels.py
[2024-04-29T00:35:01.016+0000] {logging_mixin.py:117} INFO - [2024-04-29T00:35:01.016+0000] {dag.py:2573} INFO - Sync 1 DAGs
[2024-04-29T00:35:01.051+0000] {logging_mixin.py:117} INFO - [2024-04-29T00:35:01.051+0000] {dag.py:3328} INFO - Setting next_dagrun for example_branch_labels to 2024-04-28T00:00:00+00:00, run_after=2024-04-29T00:00:00+00:00
[2024-04-29T00:35:01.078+0000] {processor.py:178} INFO - Processing /home/airflow/.local/lib/python3.7/site-packages/airflow/example_dags/example_branch_labels.py took 0.320 seconds
[2024-04-29T00:35:31.492+0000] {processor.py:156} INFO - Started process (PID=3115) to work on /home/airflow/.local/lib/python3.7/site-packages/airflow/example_dags/example_branch_labels.py
[2024-04-29T00:35:31.493+0000] {processor.py:758} INFO - Processing file /home/airflow/.local/lib/python3.7/site-packages/airflow/example_dags/example_branch_labels.py for tasks to queue
[2024-04-29T00:35:31.494+0000] {logging_mixin.py:117} INFO - [2024-04-29T00:35:31.494+0000] {dagbag.py:525} INFO - Filling up the DagBag from /home/airflow/.local/lib/python3.7/site-packages/airflow/example_dags/example_branch_labels.py
[2024-04-29T00:35:31.512+0000] {processor.py:768} INFO - DAG(s) dict_keys(['example_branch_labels']) retrieved from /home/airflow/.local/lib/python3.7/site-packages/airflow/example_dags/example_branch_labels.py
[2024-04-29T00:35:31.557+0000] {logging_mixin.py:117} INFO - [2024-04-29T00:35:31.557+0000] {dag.py:2573} INFO - Sync 1 DAGs
[2024-04-29T00:35:31.598+0000] {logging_mixin.py:117} INFO - [2024-04-29T00:35:31.597+0000] {dag.py:3328} INFO - Setting next_dagrun for example_branch_labels to 2024-04-28T00:00:00+00:00, run_after=2024-04-29T00:00:00+00:00
[2024-04-29T00:35:31.767+0000] {processor.py:178} INFO - Processing /home/airflow/.local/lib/python3.7/site-packages/airflow/example_dags/example_branch_labels.py took 0.277 seconds
[2024-04-29T00:36:02.516+0000] {processor.py:156} INFO - Started process (PID=3339) to work on /home/airflow/.local/lib/python3.7/site-packages/airflow/example_dags/example_branch_labels.py
[2024-04-29T00:36:02.517+0000] {processor.py:758} INFO - Processing file /home/airflow/.local/lib/python3.7/site-packages/airflow/example_dags/example_branch_labels.py for tasks to queue
[2024-04-29T00:36:02.518+0000] {logging_mixin.py:117} INFO - [2024-04-29T00:36:02.518+0000] {dagbag.py:525} INFO - Filling up the DagBag from /home/airflow/.local/lib/python3.7/site-packages/airflow/example_dags/example_branch_labels.py
[2024-04-29T00:36:02.536+0000] {processor.py:768} INFO - DAG(s) dict_keys(['example_branch_labels']) retrieved from /home/airflow/.local/lib/python3.7/site-packages/airflow/example_dags/example_branch_labels.py
[2024-04-29T00:36:02.582+0000] {logging_mixin.py:117} INFO - [2024-04-29T00:36:02.582+0000] {dag.py:2573} INFO - Sync 1 DAGs
[2024-04-29T00:36:02.756+0000] {logging_mixin.py:117} INFO - [2024-04-29T00:36:02.756+0000] {dag.py:3328} INFO - Setting next_dagrun for example_branch_labels to 2024-04-28T00:00:00+00:00, run_after=2024-04-29T00:00:00+00:00
[2024-04-29T00:36:02.785+0000] {processor.py:178} INFO - Processing /home/airflow/.local/lib/python3.7/site-packages/airflow/example_dags/example_branch_labels.py took 0.271 seconds
[2024-04-29T00:36:33.037+0000] {processor.py:156} INFO - Started process (PID=3552) to work on /home/airflow/.local/lib/python3.7/site-packages/airflow/example_dags/example_branch_labels.py
[2024-04-29T00:36:33.038+0000] {processor.py:758} INFO - Processing file /home/airflow/.local/lib/python3.7/site-packages/airflow/example_dags/example_branch_labels.py for tasks to queue
[2024-04-29T00:36:33.038+0000] {logging_mixin.py:117} INFO - [2024-04-29T00:36:33.038+0000] {dagbag.py:525} INFO - Filling up the DagBag from /home/airflow/.local/lib/python3.7/site-packages/airflow/example_dags/example_branch_labels.py
[2024-04-29T00:36:33.055+0000] {processor.py:768} INFO - DAG(s) dict_keys(['example_branch_labels']) retrieved from /home/airflow/.local/lib/python3.7/site-packages/airflow/example_dags/example_branch_labels.py
[2024-04-29T00:36:33.247+0000] {logging_mixin.py:117} INFO - [2024-04-29T00:36:33.246+0000] {dag.py:2573} INFO - Sync 1 DAGs
[2024-04-29T00:36:33.283+0000] {logging_mixin.py:117} INFO - [2024-04-29T00:36:33.283+0000] {dag.py:3328} INFO - Setting next_dagrun for example_branch_labels to 2024-04-28T00:00:00+00:00, run_after=2024-04-29T00:00:00+00:00
[2024-04-29T00:36:33.326+0000] {processor.py:178} INFO - Processing /home/airflow/.local/lib/python3.7/site-packages/airflow/example_dags/example_branch_labels.py took 0.293 seconds
[2024-04-29T00:37:03.629+0000] {processor.py:156} INFO - Started process (PID=3774) to work on /home/airflow/.local/lib/python3.7/site-packages/airflow/example_dags/example_branch_labels.py
[2024-04-29T00:37:03.630+0000] {processor.py:758} INFO - Processing file /home/airflow/.local/lib/python3.7/site-packages/airflow/example_dags/example_branch_labels.py for tasks to queue
[2024-04-29T00:37:03.630+0000] {logging_mixin.py:117} INFO - [2024-04-29T00:37:03.630+0000] {dagbag.py:525} INFO - Filling up the DagBag from /home/airflow/.local/lib/python3.7/site-packages/airflow/example_dags/example_branch_labels.py
[2024-04-29T00:37:03.649+0000] {processor.py:768} INFO - DAG(s) dict_keys(['example_branch_labels']) retrieved from /home/airflow/.local/lib/python3.7/site-packages/airflow/example_dags/example_branch_labels.py
[2024-04-29T00:37:03.832+0000] {logging_mixin.py:117} INFO - [2024-04-29T00:37:03.832+0000] {dag.py:2573} INFO - Sync 1 DAGs
[2024-04-29T00:37:03.861+0000] {logging_mixin.py:117} INFO - [2024-04-29T00:37:03.861+0000] {dag.py:3328} INFO - Setting next_dagrun for example_branch_labels to 2024-04-28T00:00:00+00:00, run_after=2024-04-29T00:00:00+00:00
[2024-04-29T00:37:03.884+0000] {processor.py:178} INFO - Processing /home/airflow/.local/lib/python3.7/site-packages/airflow/example_dags/example_branch_labels.py took 0.258 seconds
[2024-04-29T00:37:34.257+0000] {processor.py:156} INFO - Started process (PID=3997) to work on /home/airflow/.local/lib/python3.7/site-packages/airflow/example_dags/example_branch_labels.py
[2024-04-29T00:37:34.258+0000] {processor.py:758} INFO - Processing file /home/airflow/.local/lib/python3.7/site-packages/airflow/example_dags/example_branch_labels.py for tasks to queue
[2024-04-29T00:37:34.258+0000] {logging_mixin.py:117} INFO - [2024-04-29T00:37:34.258+0000] {dagbag.py:525} INFO - Filling up the DagBag from /home/airflow/.local/lib/python3.7/site-packages/airflow/example_dags/example_branch_labels.py
[2024-04-29T00:37:34.530+0000] {processor.py:768} INFO - DAG(s) dict_keys(['example_branch_labels']) retrieved from /home/airflow/.local/lib/python3.7/site-packages/airflow/example_dags/example_branch_labels.py
[2024-04-29T00:37:34.572+0000] {logging_mixin.py:117} INFO - [2024-04-29T00:37:34.572+0000] {dag.py:2573} INFO - Sync 1 DAGs
[2024-04-29T00:37:34.605+0000] {logging_mixin.py:117} INFO - [2024-04-29T00:37:34.605+0000] {dag.py:3328} INFO - Setting next_dagrun for example_branch_labels to 2024-04-28T00:00:00+00:00, run_after=2024-04-29T00:00:00+00:00
[2024-04-29T00:37:34.628+0000] {processor.py:178} INFO - Processing /home/airflow/.local/lib/python3.7/site-packages/airflow/example_dags/example_branch_labels.py took 0.375 seconds
[2024-04-29T00:38:05.527+0000] {processor.py:156} INFO - Started process (PID=4210) to work on /home/airflow/.local/lib/python3.7/site-packages/airflow/example_dags/example_branch_labels.py
[2024-04-29T00:38:05.527+0000] {processor.py:758} INFO - Processing file /home/airflow/.local/lib/python3.7/site-packages/airflow/example_dags/example_branch_labels.py for tasks to queue
[2024-04-29T00:38:05.528+0000] {logging_mixin.py:117} INFO - [2024-04-29T00:38:05.528+0000] {dagbag.py:525} INFO - Filling up the DagBag from /home/airflow/.local/lib/python3.7/site-packages/airflow/example_dags/example_branch_labels.py
[2024-04-29T00:38:05.546+0000] {processor.py:768} INFO - DAG(s) dict_keys(['example_branch_labels']) retrieved from /home/airflow/.local/lib/python3.7/site-packages/airflow/example_dags/example_branch_labels.py
[2024-04-29T00:38:05.595+0000] {logging_mixin.py:117} INFO - [2024-04-29T00:38:05.595+0000] {dag.py:2573} INFO - Sync 1 DAGs
[2024-04-29T00:38:05.651+0000] {logging_mixin.py:117} INFO - [2024-04-29T00:38:05.651+0000] {dag.py:3328} INFO - Setting next_dagrun for example_branch_labels to 2024-04-28T00:00:00+00:00, run_after=2024-04-29T00:00:00+00:00
[2024-04-29T00:38:05.683+0000] {processor.py:178} INFO - Processing /home/airflow/.local/lib/python3.7/site-packages/airflow/example_dags/example_branch_labels.py took 0.159 seconds
[2024-04-29T00:38:36.177+0000] {processor.py:156} INFO - Started process (PID=4434) to work on /home/airflow/.local/lib/python3.7/site-packages/airflow/example_dags/example_branch_labels.py
[2024-04-29T00:38:36.178+0000] {processor.py:758} INFO - Processing file /home/airflow/.local/lib/python3.7/site-packages/airflow/example_dags/example_branch_labels.py for tasks to queue
[2024-04-29T00:38:36.179+0000] {logging_mixin.py:117} INFO - [2024-04-29T00:38:36.178+0000] {dagbag.py:525} INFO - Filling up the DagBag from /home/airflow/.local/lib/python3.7/site-packages/airflow/example_dags/example_branch_labels.py
[2024-04-29T00:38:36.197+0000] {processor.py:768} INFO - DAG(s) dict_keys(['example_branch_labels']) retrieved from /home/airflow/.local/lib/python3.7/site-packages/airflow/example_dags/example_branch_labels.py
[2024-04-29T00:38:36.247+0000] {logging_mixin.py:117} INFO - [2024-04-29T00:38:36.246+0000] {dag.py:2573} INFO - Sync 1 DAGs
[2024-04-29T00:38:36.282+0000] {logging_mixin.py:117} INFO - [2024-04-29T00:38:36.282+0000] {dag.py:3328} INFO - Setting next_dagrun for example_branch_labels to 2024-04-28T00:00:00+00:00, run_after=2024-04-29T00:00:00+00:00
[2024-04-29T00:38:36.308+0000] {processor.py:178} INFO - Processing /home/airflow/.local/lib/python3.7/site-packages/airflow/example_dags/example_branch_labels.py took 0.134 seconds
[2024-04-29T00:39:06.424+0000] {processor.py:156} INFO - Started process (PID=4653) to work on /home/airflow/.local/lib/python3.7/site-packages/airflow/example_dags/example_branch_labels.py
[2024-04-29T00:39:06.424+0000] {processor.py:758} INFO - Processing file /home/airflow/.local/lib/python3.7/site-packages/airflow/example_dags/example_branch_labels.py for tasks to queue
[2024-04-29T00:39:06.425+0000] {logging_mixin.py:117} INFO - [2024-04-29T00:39:06.425+0000] {dagbag.py:525} INFO - Filling up the DagBag from /home/airflow/.local/lib/python3.7/site-packages/airflow/example_dags/example_branch_labels.py
[2024-04-29T00:39:06.445+0000] {processor.py:768} INFO - DAG(s) dict_keys(['example_branch_labels']) retrieved from /home/airflow/.local/lib/python3.7/site-packages/airflow/example_dags/example_branch_labels.py
[2024-04-29T00:39:06.497+0000] {logging_mixin.py:117} INFO - [2024-04-29T00:39:06.496+0000] {dag.py:2573} INFO - Sync 1 DAGs
[2024-04-29T00:39:06.534+0000] {logging_mixin.py:117} INFO - [2024-04-29T00:39:06.534+0000] {dag.py:3328} INFO - Setting next_dagrun for example_branch_labels to 2024-04-28T00:00:00+00:00, run_after=2024-04-29T00:00:00+00:00
[2024-04-29T00:39:06.563+0000] {processor.py:178} INFO - Processing /home/airflow/.local/lib/python3.7/site-packages/airflow/example_dags/example_branch_labels.py took 0.143 seconds
[2024-04-29T00:39:36.661+0000] {processor.py:156} INFO - Started process (PID=4864) to work on /home/airflow/.local/lib/python3.7/site-packages/airflow/example_dags/example_branch_labels.py
[2024-04-29T00:39:36.662+0000] {processor.py:758} INFO - Processing file /home/airflow/.local/lib/python3.7/site-packages/airflow/example_dags/example_branch_labels.py for tasks to queue
[2024-04-29T00:39:36.663+0000] {logging_mixin.py:117} INFO - [2024-04-29T00:39:36.662+0000] {dagbag.py:525} INFO - Filling up the DagBag from /home/airflow/.local/lib/python3.7/site-packages/airflow/example_dags/example_branch_labels.py
[2024-04-29T00:39:36.693+0000] {processor.py:768} INFO - DAG(s) dict_keys(['example_branch_labels']) retrieved from /home/airflow/.local/lib/python3.7/site-packages/airflow/example_dags/example_branch_labels.py
[2024-04-29T00:39:36.735+0000] {logging_mixin.py:117} INFO - [2024-04-29T00:39:36.735+0000] {dag.py:2573} INFO - Sync 1 DAGs
[2024-04-29T00:39:36.758+0000] {logging_mixin.py:117} INFO - [2024-04-29T00:39:36.758+0000] {dag.py:3328} INFO - Setting next_dagrun for example_branch_labels to 2024-04-28T00:00:00+00:00, run_after=2024-04-29T00:00:00+00:00
[2024-04-29T00:39:36.778+0000] {processor.py:178} INFO - Processing /home/airflow/.local/lib/python3.7/site-packages/airflow/example_dags/example_branch_labels.py took 0.120 seconds
[2024-04-29T00:40:06.912+0000] {processor.py:156} INFO - Started process (PID=5088) to work on /home/airflow/.local/lib/python3.7/site-packages/airflow/example_dags/example_branch_labels.py
[2024-04-29T00:40:06.912+0000] {processor.py:758} INFO - Processing file /home/airflow/.local/lib/python3.7/site-packages/airflow/example_dags/example_branch_labels.py for tasks to queue
[2024-04-29T00:40:06.913+0000] {logging_mixin.py:117} INFO - [2024-04-29T00:40:06.913+0000] {dagbag.py:525} INFO - Filling up the DagBag from /home/airflow/.local/lib/python3.7/site-packages/airflow/example_dags/example_branch_labels.py
[2024-04-29T00:40:06.926+0000] {processor.py:768} INFO - DAG(s) dict_keys(['example_branch_labels']) retrieved from /home/airflow/.local/lib/python3.7/site-packages/airflow/example_dags/example_branch_labels.py
[2024-04-29T00:40:06.959+0000] {logging_mixin.py:117} INFO - [2024-04-29T00:40:06.959+0000] {dag.py:2573} INFO - Sync 1 DAGs
[2024-04-29T00:40:06.984+0000] {logging_mixin.py:117} INFO - [2024-04-29T00:40:06.984+0000] {dag.py:3328} INFO - Setting next_dagrun for example_branch_labels to 2024-04-28T00:00:00+00:00, run_after=2024-04-29T00:00:00+00:00
[2024-04-29T00:40:07.009+0000] {processor.py:178} INFO - Processing /home/airflow/.local/lib/python3.7/site-packages/airflow/example_dags/example_branch_labels.py took 0.099 seconds
[2024-04-29T00:40:37.552+0000] {processor.py:156} INFO - Started process (PID=5309) to work on /home/airflow/.local/lib/python3.7/site-packages/airflow/example_dags/example_branch_labels.py
[2024-04-29T00:40:37.552+0000] {processor.py:758} INFO - Processing file /home/airflow/.local/lib/python3.7/site-packages/airflow/example_dags/example_branch_labels.py for tasks to queue
[2024-04-29T00:40:37.553+0000] {logging_mixin.py:117} INFO - [2024-04-29T00:40:37.553+0000] {dagbag.py:525} INFO - Filling up the DagBag from /home/airflow/.local/lib/python3.7/site-packages/airflow/example_dags/example_branch_labels.py
[2024-04-29T00:40:37.574+0000] {processor.py:768} INFO - DAG(s) dict_keys(['example_branch_labels']) retrieved from /home/airflow/.local/lib/python3.7/site-packages/airflow/example_dags/example_branch_labels.py
[2024-04-29T00:40:37.622+0000] {logging_mixin.py:117} INFO - [2024-04-29T00:40:37.622+0000] {dag.py:2573} INFO - Sync 1 DAGs
[2024-04-29T00:40:37.662+0000] {logging_mixin.py:117} INFO - [2024-04-29T00:40:37.662+0000] {dag.py:3328} INFO - Setting next_dagrun for example_branch_labels to 2024-04-28T00:00:00+00:00, run_after=2024-04-29T00:00:00+00:00
[2024-04-29T00:40:37.690+0000] {processor.py:178} INFO - Processing /home/airflow/.local/lib/python3.7/site-packages/airflow/example_dags/example_branch_labels.py took 0.141 seconds
[2024-04-29T00:41:08.122+0000] {processor.py:156} INFO - Started process (PID=5523) to work on /home/airflow/.local/lib/python3.7/site-packages/airflow/example_dags/example_branch_labels.py
[2024-04-29T00:41:08.123+0000] {processor.py:758} INFO - Processing file /home/airflow/.local/lib/python3.7/site-packages/airflow/example_dags/example_branch_labels.py for tasks to queue
[2024-04-29T00:41:08.123+0000] {logging_mixin.py:117} INFO - [2024-04-29T00:41:08.123+0000] {dagbag.py:525} INFO - Filling up the DagBag from /home/airflow/.local/lib/python3.7/site-packages/airflow/example_dags/example_branch_labels.py
[2024-04-29T00:41:08.141+0000] {processor.py:768} INFO - DAG(s) dict_keys(['example_branch_labels']) retrieved from /home/airflow/.local/lib/python3.7/site-packages/airflow/example_dags/example_branch_labels.py
[2024-04-29T00:41:08.175+0000] {logging_mixin.py:117} INFO - [2024-04-29T00:41:08.175+0000] {dag.py:2573} INFO - Sync 1 DAGs
[2024-04-29T00:41:08.197+0000] {logging_mixin.py:117} INFO - [2024-04-29T00:41:08.197+0000] {dag.py:3328} INFO - Setting next_dagrun for example_branch_labels to 2024-04-28T00:00:00+00:00, run_after=2024-04-29T00:00:00+00:00
[2024-04-29T00:41:08.218+0000] {processor.py:178} INFO - Processing /home/airflow/.local/lib/python3.7/site-packages/airflow/example_dags/example_branch_labels.py took 0.100 seconds
[2024-04-29T00:41:38.488+0000] {processor.py:156} INFO - Started process (PID=5746) to work on /home/airflow/.local/lib/python3.7/site-packages/airflow/example_dags/example_branch_labels.py
[2024-04-29T00:41:38.499+0000] {processor.py:758} INFO - Processing file /home/airflow/.local/lib/python3.7/site-packages/airflow/example_dags/example_branch_labels.py for tasks to queue
[2024-04-29T00:41:38.499+0000] {logging_mixin.py:117} INFO - [2024-04-29T00:41:38.499+0000] {dagbag.py:525} INFO - Filling up the DagBag from /home/airflow/.local/lib/python3.7/site-packages/airflow/example_dags/example_branch_labels.py
[2024-04-29T00:41:38.545+0000] {processor.py:768} INFO - DAG(s) dict_keys(['example_branch_labels']) retrieved from /home/airflow/.local/lib/python3.7/site-packages/airflow/example_dags/example_branch_labels.py
[2024-04-29T00:41:38.621+0000] {logging_mixin.py:117} INFO - [2024-04-29T00:41:38.621+0000] {dag.py:2573} INFO - Sync 1 DAGs
[2024-04-29T00:41:38.649+0000] {logging_mixin.py:117} INFO - [2024-04-29T00:41:38.649+0000] {dag.py:3328} INFO - Setting next_dagrun for example_branch_labels to 2024-04-28T00:00:00+00:00, run_after=2024-04-29T00:00:00+00:00
[2024-04-29T00:41:38.674+0000] {processor.py:178} INFO - Processing /home/airflow/.local/lib/python3.7/site-packages/airflow/example_dags/example_branch_labels.py took 0.195 seconds
[2024-04-29T00:42:09.125+0000] {processor.py:156} INFO - Started process (PID=5969) to work on /home/airflow/.local/lib/python3.7/site-packages/airflow/example_dags/example_branch_labels.py
[2024-04-29T00:42:09.128+0000] {processor.py:758} INFO - Processing file /home/airflow/.local/lib/python3.7/site-packages/airflow/example_dags/example_branch_labels.py for tasks to queue
[2024-04-29T00:42:09.128+0000] {logging_mixin.py:117} INFO - [2024-04-29T00:42:09.128+0000] {dagbag.py:525} INFO - Filling up the DagBag from /home/airflow/.local/lib/python3.7/site-packages/airflow/example_dags/example_branch_labels.py
[2024-04-29T00:42:09.150+0000] {processor.py:768} INFO - DAG(s) dict_keys(['example_branch_labels']) retrieved from /home/airflow/.local/lib/python3.7/site-packages/airflow/example_dags/example_branch_labels.py
[2024-04-29T00:42:09.194+0000] {logging_mixin.py:117} INFO - [2024-04-29T00:42:09.193+0000] {dag.py:2573} INFO - Sync 1 DAGs
[2024-04-29T00:42:09.225+0000] {logging_mixin.py:117} INFO - [2024-04-29T00:42:09.224+0000] {dag.py:3328} INFO - Setting next_dagrun for example_branch_labels to 2024-04-28T00:00:00+00:00, run_after=2024-04-29T00:00:00+00:00
[2024-04-29T00:42:09.245+0000] {processor.py:178} INFO - Processing /home/airflow/.local/lib/python3.7/site-packages/airflow/example_dags/example_branch_labels.py took 0.126 seconds
[2024-04-29T00:42:39.510+0000] {processor.py:156} INFO - Started process (PID=6186) to work on /home/airflow/.local/lib/python3.7/site-packages/airflow/example_dags/example_branch_labels.py
[2024-04-29T00:42:39.511+0000] {processor.py:758} INFO - Processing file /home/airflow/.local/lib/python3.7/site-packages/airflow/example_dags/example_branch_labels.py for tasks to queue
[2024-04-29T00:42:39.511+0000] {logging_mixin.py:117} INFO - [2024-04-29T00:42:39.511+0000] {dagbag.py:525} INFO - Filling up the DagBag from /home/airflow/.local/lib/python3.7/site-packages/airflow/example_dags/example_branch_labels.py
[2024-04-29T00:42:39.524+0000] {processor.py:768} INFO - DAG(s) dict_keys(['example_branch_labels']) retrieved from /home/airflow/.local/lib/python3.7/site-packages/airflow/example_dags/example_branch_labels.py
[2024-04-29T00:42:39.557+0000] {logging_mixin.py:117} INFO - [2024-04-29T00:42:39.557+0000] {dag.py:2573} INFO - Sync 1 DAGs
[2024-04-29T00:42:39.579+0000] {logging_mixin.py:117} INFO - [2024-04-29T00:42:39.579+0000] {dag.py:3328} INFO - Setting next_dagrun for example_branch_labels to 2024-04-28T00:00:00+00:00, run_after=2024-04-29T00:00:00+00:00
[2024-04-29T00:42:39.605+0000] {processor.py:178} INFO - Processing /home/airflow/.local/lib/python3.7/site-packages/airflow/example_dags/example_branch_labels.py took 0.097 seconds
[2024-04-29T00:43:09.849+0000] {processor.py:156} INFO - Started process (PID=6407) to work on /home/airflow/.local/lib/python3.7/site-packages/airflow/example_dags/example_branch_labels.py
[2024-04-29T00:43:09.850+0000] {processor.py:758} INFO - Processing file /home/airflow/.local/lib/python3.7/site-packages/airflow/example_dags/example_branch_labels.py for tasks to queue
[2024-04-29T00:43:09.853+0000] {logging_mixin.py:117} INFO - [2024-04-29T00:43:09.853+0000] {dagbag.py:525} INFO - Filling up the DagBag from /home/airflow/.local/lib/python3.7/site-packages/airflow/example_dags/example_branch_labels.py
[2024-04-29T00:43:09.872+0000] {processor.py:768} INFO - DAG(s) dict_keys(['example_branch_labels']) retrieved from /home/airflow/.local/lib/python3.7/site-packages/airflow/example_dags/example_branch_labels.py
[2024-04-29T00:43:09.914+0000] {logging_mixin.py:117} INFO - [2024-04-29T00:43:09.914+0000] {dag.py:2573} INFO - Sync 1 DAGs
[2024-04-29T00:43:09.949+0000] {logging_mixin.py:117} INFO - [2024-04-29T00:43:09.949+0000] {dag.py:3328} INFO - Setting next_dagrun for example_branch_labels to 2024-04-28T00:00:00+00:00, run_after=2024-04-29T00:00:00+00:00
[2024-04-29T00:43:09.975+0000] {processor.py:178} INFO - Processing /home/airflow/.local/lib/python3.7/site-packages/airflow/example_dags/example_branch_labels.py took 0.130 seconds
[2024-04-29T00:43:40.532+0000] {processor.py:156} INFO - Started process (PID=6632) to work on /home/airflow/.local/lib/python3.7/site-packages/airflow/example_dags/example_branch_labels.py
[2024-04-29T00:43:40.533+0000] {processor.py:758} INFO - Processing file /home/airflow/.local/lib/python3.7/site-packages/airflow/example_dags/example_branch_labels.py for tasks to queue
[2024-04-29T00:43:40.534+0000] {logging_mixin.py:117} INFO - [2024-04-29T00:43:40.533+0000] {dagbag.py:525} INFO - Filling up the DagBag from /home/airflow/.local/lib/python3.7/site-packages/airflow/example_dags/example_branch_labels.py
[2024-04-29T00:43:40.565+0000] {processor.py:768} INFO - DAG(s) dict_keys(['example_branch_labels']) retrieved from /home/airflow/.local/lib/python3.7/site-packages/airflow/example_dags/example_branch_labels.py
[2024-04-29T00:43:40.677+0000] {logging_mixin.py:117} INFO - [2024-04-29T00:43:40.677+0000] {dag.py:2573} INFO - Sync 1 DAGs
[2024-04-29T00:43:40.742+0000] {logging_mixin.py:117} INFO - [2024-04-29T00:43:40.742+0000] {dag.py:3328} INFO - Setting next_dagrun for example_branch_labels to 2024-04-28T00:00:00+00:00, run_after=2024-04-29T00:00:00+00:00
[2024-04-29T00:43:40.775+0000] {processor.py:178} INFO - Processing /home/airflow/.local/lib/python3.7/site-packages/airflow/example_dags/example_branch_labels.py took 0.246 seconds
[2024-04-29T00:44:11.412+0000] {processor.py:156} INFO - Started process (PID=6843) to work on /home/airflow/.local/lib/python3.7/site-packages/airflow/example_dags/example_branch_labels.py
[2024-04-29T00:44:11.416+0000] {processor.py:758} INFO - Processing file /home/airflow/.local/lib/python3.7/site-packages/airflow/example_dags/example_branch_labels.py for tasks to queue
[2024-04-29T00:44:11.420+0000] {logging_mixin.py:117} INFO - [2024-04-29T00:44:11.420+0000] {dagbag.py:525} INFO - Filling up the DagBag from /home/airflow/.local/lib/python3.7/site-packages/airflow/example_dags/example_branch_labels.py
[2024-04-29T00:44:11.440+0000] {processor.py:768} INFO - DAG(s) dict_keys(['example_branch_labels']) retrieved from /home/airflow/.local/lib/python3.7/site-packages/airflow/example_dags/example_branch_labels.py
[2024-04-29T00:44:11.501+0000] {logging_mixin.py:117} INFO - [2024-04-29T00:44:11.501+0000] {dag.py:2573} INFO - Sync 1 DAGs
[2024-04-29T00:44:11.530+0000] {logging_mixin.py:117} INFO - [2024-04-29T00:44:11.530+0000] {dag.py:3328} INFO - Setting next_dagrun for example_branch_labels to 2024-04-28T00:00:00+00:00, run_after=2024-04-29T00:00:00+00:00
[2024-04-29T00:44:11.550+0000] {processor.py:178} INFO - Processing /home/airflow/.local/lib/python3.7/site-packages/airflow/example_dags/example_branch_labels.py took 0.143 seconds
[2024-04-29T00:44:41.705+0000] {processor.py:156} INFO - Started process (PID=7067) to work on /home/airflow/.local/lib/python3.7/site-packages/airflow/example_dags/example_branch_labels.py
[2024-04-29T00:44:41.705+0000] {processor.py:758} INFO - Processing file /home/airflow/.local/lib/python3.7/site-packages/airflow/example_dags/example_branch_labels.py for tasks to queue
[2024-04-29T00:44:41.706+0000] {logging_mixin.py:117} INFO - [2024-04-29T00:44:41.706+0000] {dagbag.py:525} INFO - Filling up the DagBag from /home/airflow/.local/lib/python3.7/site-packages/airflow/example_dags/example_branch_labels.py
[2024-04-29T00:44:41.723+0000] {processor.py:768} INFO - DAG(s) dict_keys(['example_branch_labels']) retrieved from /home/airflow/.local/lib/python3.7/site-packages/airflow/example_dags/example_branch_labels.py
[2024-04-29T00:44:41.771+0000] {logging_mixin.py:117} INFO - [2024-04-29T00:44:41.771+0000] {dag.py:2573} INFO - Sync 1 DAGs
[2024-04-29T00:44:41.806+0000] {logging_mixin.py:117} INFO - [2024-04-29T00:44:41.806+0000] {dag.py:3328} INFO - Setting next_dagrun for example_branch_labels to 2024-04-28T00:00:00+00:00, run_after=2024-04-29T00:00:00+00:00
[2024-04-29T00:44:41.833+0000] {processor.py:178} INFO - Processing /home/airflow/.local/lib/python3.7/site-packages/airflow/example_dags/example_branch_labels.py took 0.133 seconds
[2024-04-29T00:45:11.897+0000] {processor.py:156} INFO - Started process (PID=7286) to work on /home/airflow/.local/lib/python3.7/site-packages/airflow/example_dags/example_branch_labels.py
[2024-04-29T00:45:11.898+0000] {processor.py:758} INFO - Processing file /home/airflow/.local/lib/python3.7/site-packages/airflow/example_dags/example_branch_labels.py for tasks to queue
[2024-04-29T00:45:11.898+0000] {logging_mixin.py:117} INFO - [2024-04-29T00:45:11.898+0000] {dagbag.py:525} INFO - Filling up the DagBag from /home/airflow/.local/lib/python3.7/site-packages/airflow/example_dags/example_branch_labels.py
[2024-04-29T00:45:11.917+0000] {processor.py:768} INFO - DAG(s) dict_keys(['example_branch_labels']) retrieved from /home/airflow/.local/lib/python3.7/site-packages/airflow/example_dags/example_branch_labels.py
[2024-04-29T00:45:12.021+0000] {logging_mixin.py:117} INFO - [2024-04-29T00:45:12.021+0000] {dag.py:2573} INFO - Sync 1 DAGs
[2024-04-29T00:45:12.138+0000] {logging_mixin.py:117} INFO - [2024-04-29T00:45:12.128+0000] {dag.py:3328} INFO - Setting next_dagrun for example_branch_labels to 2024-04-28T00:00:00+00:00, run_after=2024-04-29T00:00:00+00:00
[2024-04-29T00:45:12.213+0000] {processor.py:178} INFO - Processing /home/airflow/.local/lib/python3.7/site-packages/airflow/example_dags/example_branch_labels.py took 0.320 seconds
[2024-04-29T00:45:43.258+0000] {processor.py:156} INFO - Started process (PID=7506) to work on /home/airflow/.local/lib/python3.7/site-packages/airflow/example_dags/example_branch_labels.py
[2024-04-29T00:45:43.259+0000] {processor.py:758} INFO - Processing file /home/airflow/.local/lib/python3.7/site-packages/airflow/example_dags/example_branch_labels.py for tasks to queue
[2024-04-29T00:45:43.260+0000] {logging_mixin.py:117} INFO - [2024-04-29T00:45:43.260+0000] {dagbag.py:525} INFO - Filling up the DagBag from /home/airflow/.local/lib/python3.7/site-packages/airflow/example_dags/example_branch_labels.py
[2024-04-29T00:45:43.278+0000] {processor.py:768} INFO - DAG(s) dict_keys(['example_branch_labels']) retrieved from /home/airflow/.local/lib/python3.7/site-packages/airflow/example_dags/example_branch_labels.py
[2024-04-29T00:45:43.344+0000] {logging_mixin.py:117} INFO - [2024-04-29T00:45:43.344+0000] {dag.py:2573} INFO - Sync 1 DAGs
[2024-04-29T00:45:43.410+0000] {logging_mixin.py:117} INFO - [2024-04-29T00:45:43.410+0000] {dag.py:3328} INFO - Setting next_dagrun for example_branch_labels to 2024-04-28T00:00:00+00:00, run_after=2024-04-29T00:00:00+00:00
[2024-04-29T00:45:43.440+0000] {processor.py:178} INFO - Processing /home/airflow/.local/lib/python3.7/site-packages/airflow/example_dags/example_branch_labels.py took 0.186 seconds
[2024-04-29T00:46:14.358+0000] {processor.py:156} INFO - Started process (PID=7730) to work on /home/airflow/.local/lib/python3.7/site-packages/airflow/example_dags/example_branch_labels.py
[2024-04-29T00:46:14.363+0000] {processor.py:758} INFO - Processing file /home/airflow/.local/lib/python3.7/site-packages/airflow/example_dags/example_branch_labels.py for tasks to queue
[2024-04-29T00:46:14.364+0000] {logging_mixin.py:117} INFO - [2024-04-29T00:46:14.364+0000] {dagbag.py:525} INFO - Filling up the DagBag from /home/airflow/.local/lib/python3.7/site-packages/airflow/example_dags/example_branch_labels.py
[2024-04-29T00:46:14.394+0000] {processor.py:768} INFO - DAG(s) dict_keys(['example_branch_labels']) retrieved from /home/airflow/.local/lib/python3.7/site-packages/airflow/example_dags/example_branch_labels.py
[2024-04-29T00:46:14.476+0000] {logging_mixin.py:117} INFO - [2024-04-29T00:46:14.476+0000] {dag.py:2573} INFO - Sync 1 DAGs
[2024-04-29T00:46:14.534+0000] {logging_mixin.py:117} INFO - [2024-04-29T00:46:14.534+0000] {dag.py:3328} INFO - Setting next_dagrun for example_branch_labels to 2024-04-28T00:00:00+00:00, run_after=2024-04-29T00:00:00+00:00
[2024-04-29T00:46:14.563+0000] {processor.py:178} INFO - Processing /home/airflow/.local/lib/python3.7/site-packages/airflow/example_dags/example_branch_labels.py took 0.209 seconds
[2024-04-29T00:46:44.752+0000] {processor.py:156} INFO - Started process (PID=7952) to work on /home/airflow/.local/lib/python3.7/site-packages/airflow/example_dags/example_branch_labels.py
[2024-04-29T00:46:44.753+0000] {processor.py:758} INFO - Processing file /home/airflow/.local/lib/python3.7/site-packages/airflow/example_dags/example_branch_labels.py for tasks to queue
[2024-04-29T00:46:44.754+0000] {logging_mixin.py:117} INFO - [2024-04-29T00:46:44.754+0000] {dagbag.py:525} INFO - Filling up the DagBag from /home/airflow/.local/lib/python3.7/site-packages/airflow/example_dags/example_branch_labels.py
[2024-04-29T00:46:44.791+0000] {processor.py:768} INFO - DAG(s) dict_keys(['example_branch_labels']) retrieved from /home/airflow/.local/lib/python3.7/site-packages/airflow/example_dags/example_branch_labels.py
[2024-04-29T00:46:44.848+0000] {logging_mixin.py:117} INFO - [2024-04-29T00:46:44.848+0000] {dag.py:2573} INFO - Sync 1 DAGs
[2024-04-29T00:46:44.905+0000] {logging_mixin.py:117} INFO - [2024-04-29T00:46:44.905+0000] {dag.py:3328} INFO - Setting next_dagrun for example_branch_labels to 2024-04-28T00:00:00+00:00, run_after=2024-04-29T00:00:00+00:00
[2024-04-29T00:46:44.946+0000] {processor.py:178} INFO - Processing /home/airflow/.local/lib/python3.7/site-packages/airflow/example_dags/example_branch_labels.py took 0.201 seconds
[2024-04-29T00:47:15.504+0000] {processor.py:156} INFO - Started process (PID=8168) to work on /home/airflow/.local/lib/python3.7/site-packages/airflow/example_dags/example_branch_labels.py
[2024-04-29T00:47:15.505+0000] {processor.py:758} INFO - Processing file /home/airflow/.local/lib/python3.7/site-packages/airflow/example_dags/example_branch_labels.py for tasks to queue
[2024-04-29T00:47:15.505+0000] {logging_mixin.py:117} INFO - [2024-04-29T00:47:15.505+0000] {dagbag.py:525} INFO - Filling up the DagBag from /home/airflow/.local/lib/python3.7/site-packages/airflow/example_dags/example_branch_labels.py
[2024-04-29T00:47:15.527+0000] {processor.py:768} INFO - DAG(s) dict_keys(['example_branch_labels']) retrieved from /home/airflow/.local/lib/python3.7/site-packages/airflow/example_dags/example_branch_labels.py
[2024-04-29T00:47:15.572+0000] {logging_mixin.py:117} INFO - [2024-04-29T00:47:15.572+0000] {dag.py:2573} INFO - Sync 1 DAGs
[2024-04-29T00:47:15.608+0000] {logging_mixin.py:117} INFO - [2024-04-29T00:47:15.607+0000] {dag.py:3328} INFO - Setting next_dagrun for example_branch_labels to 2024-04-28T00:00:00+00:00, run_after=2024-04-29T00:00:00+00:00
[2024-04-29T00:47:15.634+0000] {processor.py:178} INFO - Processing /home/airflow/.local/lib/python3.7/site-packages/airflow/example_dags/example_branch_labels.py took 0.134 seconds
[2024-04-29T00:47:45.773+0000] {processor.py:156} INFO - Started process (PID=8389) to work on /home/airflow/.local/lib/python3.7/site-packages/airflow/example_dags/example_branch_labels.py
[2024-04-29T00:47:45.774+0000] {processor.py:758} INFO - Processing file /home/airflow/.local/lib/python3.7/site-packages/airflow/example_dags/example_branch_labels.py for tasks to queue
[2024-04-29T00:47:45.774+0000] {logging_mixin.py:117} INFO - [2024-04-29T00:47:45.774+0000] {dagbag.py:525} INFO - Filling up the DagBag from /home/airflow/.local/lib/python3.7/site-packages/airflow/example_dags/example_branch_labels.py
[2024-04-29T00:47:45.788+0000] {processor.py:768} INFO - DAG(s) dict_keys(['example_branch_labels']) retrieved from /home/airflow/.local/lib/python3.7/site-packages/airflow/example_dags/example_branch_labels.py
[2024-04-29T00:47:45.821+0000] {logging_mixin.py:117} INFO - [2024-04-29T00:47:45.820+0000] {dag.py:2573} INFO - Sync 1 DAGs
[2024-04-29T00:47:45.844+0000] {logging_mixin.py:117} INFO - [2024-04-29T00:47:45.843+0000] {dag.py:3328} INFO - Setting next_dagrun for example_branch_labels to 2024-04-28T00:00:00+00:00, run_after=2024-04-29T00:00:00+00:00
[2024-04-29T00:47:45.864+0000] {processor.py:178} INFO - Processing /home/airflow/.local/lib/python3.7/site-packages/airflow/example_dags/example_branch_labels.py took 0.094 seconds
[2024-04-29T00:48:15.928+0000] {processor.py:156} INFO - Started process (PID=8608) to work on /home/airflow/.local/lib/python3.7/site-packages/airflow/example_dags/example_branch_labels.py
[2024-04-29T00:48:15.928+0000] {processor.py:758} INFO - Processing file /home/airflow/.local/lib/python3.7/site-packages/airflow/example_dags/example_branch_labels.py for tasks to queue
[2024-04-29T00:48:15.929+0000] {logging_mixin.py:117} INFO - [2024-04-29T00:48:15.929+0000] {dagbag.py:525} INFO - Filling up the DagBag from /home/airflow/.local/lib/python3.7/site-packages/airflow/example_dags/example_branch_labels.py
[2024-04-29T00:48:15.947+0000] {processor.py:768} INFO - DAG(s) dict_keys(['example_branch_labels']) retrieved from /home/airflow/.local/lib/python3.7/site-packages/airflow/example_dags/example_branch_labels.py
[2024-04-29T00:48:16.009+0000] {logging_mixin.py:117} INFO - [2024-04-29T00:48:16.009+0000] {dag.py:2573} INFO - Sync 1 DAGs
[2024-04-29T00:48:16.043+0000] {logging_mixin.py:117} INFO - [2024-04-29T00:48:16.042+0000] {dag.py:3328} INFO - Setting next_dagrun for example_branch_labels to 2024-04-28T00:00:00+00:00, run_after=2024-04-29T00:00:00+00:00
[2024-04-29T00:48:16.068+0000] {processor.py:178} INFO - Processing /home/airflow/.local/lib/python3.7/site-packages/airflow/example_dags/example_branch_labels.py took 0.144 seconds
[2024-04-29T00:48:46.486+0000] {processor.py:156} INFO - Started process (PID=8822) to work on /home/airflow/.local/lib/python3.7/site-packages/airflow/example_dags/example_branch_labels.py
[2024-04-29T00:48:46.489+0000] {processor.py:758} INFO - Processing file /home/airflow/.local/lib/python3.7/site-packages/airflow/example_dags/example_branch_labels.py for tasks to queue
[2024-04-29T00:48:46.491+0000] {logging_mixin.py:117} INFO - [2024-04-29T00:48:46.491+0000] {dagbag.py:525} INFO - Filling up the DagBag from /home/airflow/.local/lib/python3.7/site-packages/airflow/example_dags/example_branch_labels.py
[2024-04-29T00:48:46.512+0000] {processor.py:768} INFO - DAG(s) dict_keys(['example_branch_labels']) retrieved from /home/airflow/.local/lib/python3.7/site-packages/airflow/example_dags/example_branch_labels.py
[2024-04-29T00:48:46.572+0000] {logging_mixin.py:117} INFO - [2024-04-29T00:48:46.572+0000] {dag.py:2573} INFO - Sync 1 DAGs
[2024-04-29T00:48:46.622+0000] {logging_mixin.py:117} INFO - [2024-04-29T00:48:46.622+0000] {dag.py:3328} INFO - Setting next_dagrun for example_branch_labels to 2024-04-28T00:00:00+00:00, run_after=2024-04-29T00:00:00+00:00
[2024-04-29T00:48:46.644+0000] {processor.py:178} INFO - Processing /home/airflow/.local/lib/python3.7/site-packages/airflow/example_dags/example_branch_labels.py took 0.170 seconds
[2024-04-29T00:49:16.798+0000] {processor.py:156} INFO - Started process (PID=9042) to work on /home/airflow/.local/lib/python3.7/site-packages/airflow/example_dags/example_branch_labels.py
[2024-04-29T00:49:16.801+0000] {processor.py:758} INFO - Processing file /home/airflow/.local/lib/python3.7/site-packages/airflow/example_dags/example_branch_labels.py for tasks to queue
[2024-04-29T00:49:16.801+0000] {logging_mixin.py:117} INFO - [2024-04-29T00:49:16.801+0000] {dagbag.py:525} INFO - Filling up the DagBag from /home/airflow/.local/lib/python3.7/site-packages/airflow/example_dags/example_branch_labels.py
[2024-04-29T00:49:16.822+0000] {processor.py:768} INFO - DAG(s) dict_keys(['example_branch_labels']) retrieved from /home/airflow/.local/lib/python3.7/site-packages/airflow/example_dags/example_branch_labels.py
[2024-04-29T00:49:16.869+0000] {logging_mixin.py:117} INFO - [2024-04-29T00:49:16.869+0000] {dag.py:2573} INFO - Sync 1 DAGs
[2024-04-29T00:49:16.905+0000] {logging_mixin.py:117} INFO - [2024-04-29T00:49:16.904+0000] {dag.py:3328} INFO - Setting next_dagrun for example_branch_labels to 2024-04-28T00:00:00+00:00, run_after=2024-04-29T00:00:00+00:00
[2024-04-29T00:49:16.931+0000] {processor.py:178} INFO - Processing /home/airflow/.local/lib/python3.7/site-packages/airflow/example_dags/example_branch_labels.py took 0.136 seconds
[2024-04-29T00:49:47.307+0000] {processor.py:156} INFO - Started process (PID=9258) to work on /home/airflow/.local/lib/python3.7/site-packages/airflow/example_dags/example_branch_labels.py
[2024-04-29T00:49:47.308+0000] {processor.py:758} INFO - Processing file /home/airflow/.local/lib/python3.7/site-packages/airflow/example_dags/example_branch_labels.py for tasks to queue
[2024-04-29T00:49:47.309+0000] {logging_mixin.py:117} INFO - [2024-04-29T00:49:47.309+0000] {dagbag.py:525} INFO - Filling up the DagBag from /home/airflow/.local/lib/python3.7/site-packages/airflow/example_dags/example_branch_labels.py
[2024-04-29T00:49:47.328+0000] {processor.py:768} INFO - DAG(s) dict_keys(['example_branch_labels']) retrieved from /home/airflow/.local/lib/python3.7/site-packages/airflow/example_dags/example_branch_labels.py
[2024-04-29T00:49:47.379+0000] {logging_mixin.py:117} INFO - [2024-04-29T00:49:47.379+0000] {dag.py:2573} INFO - Sync 1 DAGs
[2024-04-29T00:49:47.421+0000] {logging_mixin.py:117} INFO - [2024-04-29T00:49:47.421+0000] {dag.py:3328} INFO - Setting next_dagrun for example_branch_labels to 2024-04-28T00:00:00+00:00, run_after=2024-04-29T00:00:00+00:00
[2024-04-29T00:49:47.464+0000] {processor.py:178} INFO - Processing /home/airflow/.local/lib/python3.7/site-packages/airflow/example_dags/example_branch_labels.py took 0.160 seconds
[2024-04-29T00:50:18.204+0000] {processor.py:156} INFO - Started process (PID=9481) to work on /home/airflow/.local/lib/python3.7/site-packages/airflow/example_dags/example_branch_labels.py
[2024-04-29T00:50:18.205+0000] {processor.py:758} INFO - Processing file /home/airflow/.local/lib/python3.7/site-packages/airflow/example_dags/example_branch_labels.py for tasks to queue
[2024-04-29T00:50:18.206+0000] {logging_mixin.py:117} INFO - [2024-04-29T00:50:18.205+0000] {dagbag.py:525} INFO - Filling up the DagBag from /home/airflow/.local/lib/python3.7/site-packages/airflow/example_dags/example_branch_labels.py
[2024-04-29T00:50:18.224+0000] {processor.py:768} INFO - DAG(s) dict_keys(['example_branch_labels']) retrieved from /home/airflow/.local/lib/python3.7/site-packages/airflow/example_dags/example_branch_labels.py
[2024-04-29T00:50:18.288+0000] {logging_mixin.py:117} INFO - [2024-04-29T00:50:18.288+0000] {dag.py:2573} INFO - Sync 1 DAGs
[2024-04-29T00:50:18.330+0000] {logging_mixin.py:117} INFO - [2024-04-29T00:50:18.330+0000] {dag.py:3328} INFO - Setting next_dagrun for example_branch_labels to 2024-04-28T00:00:00+00:00, run_after=2024-04-29T00:00:00+00:00
[2024-04-29T00:50:18.355+0000] {processor.py:178} INFO - Processing /home/airflow/.local/lib/python3.7/site-packages/airflow/example_dags/example_branch_labels.py took 0.154 seconds
[2024-04-29T00:50:49.125+0000] {processor.py:156} INFO - Started process (PID=9702) to work on /home/airflow/.local/lib/python3.7/site-packages/airflow/example_dags/example_branch_labels.py
[2024-04-29T00:50:49.126+0000] {processor.py:758} INFO - Processing file /home/airflow/.local/lib/python3.7/site-packages/airflow/example_dags/example_branch_labels.py for tasks to queue
[2024-04-29T00:50:49.127+0000] {logging_mixin.py:117} INFO - [2024-04-29T00:50:49.126+0000] {dagbag.py:525} INFO - Filling up the DagBag from /home/airflow/.local/lib/python3.7/site-packages/airflow/example_dags/example_branch_labels.py
[2024-04-29T00:50:49.157+0000] {processor.py:768} INFO - DAG(s) dict_keys(['example_branch_labels']) retrieved from /home/airflow/.local/lib/python3.7/site-packages/airflow/example_dags/example_branch_labels.py
[2024-04-29T00:50:49.228+0000] {logging_mixin.py:117} INFO - [2024-04-29T00:50:49.228+0000] {dag.py:2573} INFO - Sync 1 DAGs
[2024-04-29T00:50:49.261+0000] {logging_mixin.py:117} INFO - [2024-04-29T00:50:49.261+0000] {dag.py:3328} INFO - Setting next_dagrun for example_branch_labels to 2024-04-28T00:00:00+00:00, run_after=2024-04-29T00:00:00+00:00
[2024-04-29T00:50:49.292+0000] {processor.py:178} INFO - Processing /home/airflow/.local/lib/python3.7/site-packages/airflow/example_dags/example_branch_labels.py took 0.170 seconds
[2024-04-29T00:51:19.566+0000] {processor.py:156} INFO - Started process (PID=9924) to work on /home/airflow/.local/lib/python3.7/site-packages/airflow/example_dags/example_branch_labels.py
[2024-04-29T00:51:19.571+0000] {processor.py:758} INFO - Processing file /home/airflow/.local/lib/python3.7/site-packages/airflow/example_dags/example_branch_labels.py for tasks to queue
[2024-04-29T00:51:19.571+0000] {logging_mixin.py:117} INFO - [2024-04-29T00:51:19.571+0000] {dagbag.py:525} INFO - Filling up the DagBag from /home/airflow/.local/lib/python3.7/site-packages/airflow/example_dags/example_branch_labels.py
[2024-04-29T00:51:19.606+0000] {processor.py:768} INFO - DAG(s) dict_keys(['example_branch_labels']) retrieved from /home/airflow/.local/lib/python3.7/site-packages/airflow/example_dags/example_branch_labels.py
[2024-04-29T00:51:19.703+0000] {logging_mixin.py:117} INFO - [2024-04-29T00:51:19.703+0000] {dag.py:2573} INFO - Sync 1 DAGs
[2024-04-29T00:51:19.770+0000] {logging_mixin.py:117} INFO - [2024-04-29T00:51:19.770+0000] {dag.py:3328} INFO - Setting next_dagrun for example_branch_labels to 2024-04-28T00:00:00+00:00, run_after=2024-04-29T00:00:00+00:00
[2024-04-29T00:51:19.800+0000] {processor.py:178} INFO - Processing /home/airflow/.local/lib/python3.7/site-packages/airflow/example_dags/example_branch_labels.py took 0.236 seconds
[2024-04-29T00:51:49.935+0000] {processor.py:156} INFO - Started process (PID=10139) to work on /home/airflow/.local/lib/python3.7/site-packages/airflow/example_dags/example_branch_labels.py
[2024-04-29T00:51:49.936+0000] {processor.py:758} INFO - Processing file /home/airflow/.local/lib/python3.7/site-packages/airflow/example_dags/example_branch_labels.py for tasks to queue
[2024-04-29T00:51:49.937+0000] {logging_mixin.py:117} INFO - [2024-04-29T00:51:49.936+0000] {dagbag.py:525} INFO - Filling up the DagBag from /home/airflow/.local/lib/python3.7/site-packages/airflow/example_dags/example_branch_labels.py
[2024-04-29T00:51:49.989+0000] {processor.py:768} INFO - DAG(s) dict_keys(['example_branch_labels']) retrieved from /home/airflow/.local/lib/python3.7/site-packages/airflow/example_dags/example_branch_labels.py
[2024-04-29T00:51:50.127+0000] {logging_mixin.py:117} INFO - [2024-04-29T00:51:50.127+0000] {dag.py:2573} INFO - Sync 1 DAGs
[2024-04-29T00:51:50.198+0000] {logging_mixin.py:117} INFO - [2024-04-29T00:51:50.198+0000] {dag.py:3328} INFO - Setting next_dagrun for example_branch_labels to 2024-04-28T00:00:00+00:00, run_after=2024-04-29T00:00:00+00:00
[2024-04-29T00:51:50.229+0000] {processor.py:178} INFO - Processing /home/airflow/.local/lib/python3.7/site-packages/airflow/example_dags/example_branch_labels.py took 0.298 seconds
[2024-04-29T00:52:20.302+0000] {processor.py:156} INFO - Started process (PID=10364) to work on /home/airflow/.local/lib/python3.7/site-packages/airflow/example_dags/example_branch_labels.py
[2024-04-29T00:52:20.303+0000] {processor.py:758} INFO - Processing file /home/airflow/.local/lib/python3.7/site-packages/airflow/example_dags/example_branch_labels.py for tasks to queue
[2024-04-29T00:52:20.304+0000] {logging_mixin.py:117} INFO - [2024-04-29T00:52:20.304+0000] {dagbag.py:525} INFO - Filling up the DagBag from /home/airflow/.local/lib/python3.7/site-packages/airflow/example_dags/example_branch_labels.py
[2024-04-29T00:52:20.321+0000] {processor.py:768} INFO - DAG(s) dict_keys(['example_branch_labels']) retrieved from /home/airflow/.local/lib/python3.7/site-packages/airflow/example_dags/example_branch_labels.py
[2024-04-29T00:52:20.374+0000] {logging_mixin.py:117} INFO - [2024-04-29T00:52:20.374+0000] {dag.py:2573} INFO - Sync 1 DAGs
[2024-04-29T00:52:20.408+0000] {logging_mixin.py:117} INFO - [2024-04-29T00:52:20.408+0000] {dag.py:3328} INFO - Setting next_dagrun for example_branch_labels to 2024-04-28T00:00:00+00:00, run_after=2024-04-29T00:00:00+00:00
[2024-04-29T00:52:20.437+0000] {processor.py:178} INFO - Processing /home/airflow/.local/lib/python3.7/site-packages/airflow/example_dags/example_branch_labels.py took 0.139 seconds
[2024-04-29T00:52:50.988+0000] {processor.py:156} INFO - Started process (PID=10578) to work on /home/airflow/.local/lib/python3.7/site-packages/airflow/example_dags/example_branch_labels.py
[2024-04-29T00:52:50.989+0000] {processor.py:758} INFO - Processing file /home/airflow/.local/lib/python3.7/site-packages/airflow/example_dags/example_branch_labels.py for tasks to queue
[2024-04-29T00:52:50.989+0000] {logging_mixin.py:117} INFO - [2024-04-29T00:52:50.989+0000] {dagbag.py:525} INFO - Filling up the DagBag from /home/airflow/.local/lib/python3.7/site-packages/airflow/example_dags/example_branch_labels.py
[2024-04-29T00:52:51.007+0000] {processor.py:768} INFO - DAG(s) dict_keys(['example_branch_labels']) retrieved from /home/airflow/.local/lib/python3.7/site-packages/airflow/example_dags/example_branch_labels.py
[2024-04-29T00:52:51.059+0000] {logging_mixin.py:117} INFO - [2024-04-29T00:52:51.058+0000] {dag.py:2573} INFO - Sync 1 DAGs
[2024-04-29T00:52:51.096+0000] {logging_mixin.py:117} INFO - [2024-04-29T00:52:51.096+0000] {dag.py:3328} INFO - Setting next_dagrun for example_branch_labels to 2024-04-28T00:00:00+00:00, run_after=2024-04-29T00:00:00+00:00
[2024-04-29T00:52:51.123+0000] {processor.py:178} INFO - Processing /home/airflow/.local/lib/python3.7/site-packages/airflow/example_dags/example_branch_labels.py took 0.138 seconds
[2024-04-29T00:53:21.933+0000] {processor.py:156} INFO - Started process (PID=10800) to work on /home/airflow/.local/lib/python3.7/site-packages/airflow/example_dags/example_branch_labels.py
[2024-04-29T00:53:21.935+0000] {processor.py:758} INFO - Processing file /home/airflow/.local/lib/python3.7/site-packages/airflow/example_dags/example_branch_labels.py for tasks to queue
[2024-04-29T00:53:21.936+0000] {logging_mixin.py:117} INFO - [2024-04-29T00:53:21.936+0000] {dagbag.py:525} INFO - Filling up the DagBag from /home/airflow/.local/lib/python3.7/site-packages/airflow/example_dags/example_branch_labels.py
[2024-04-29T00:53:21.975+0000] {processor.py:768} INFO - DAG(s) dict_keys(['example_branch_labels']) retrieved from /home/airflow/.local/lib/python3.7/site-packages/airflow/example_dags/example_branch_labels.py
[2024-04-29T00:53:22.021+0000] {logging_mixin.py:117} INFO - [2024-04-29T00:53:22.021+0000] {dag.py:2573} INFO - Sync 1 DAGs
[2024-04-29T00:53:22.059+0000] {logging_mixin.py:117} INFO - [2024-04-29T00:53:22.059+0000] {dag.py:3328} INFO - Setting next_dagrun for example_branch_labels to 2024-04-28T00:00:00+00:00, run_after=2024-04-29T00:00:00+00:00
[2024-04-29T00:53:22.087+0000] {processor.py:178} INFO - Processing /home/airflow/.local/lib/python3.7/site-packages/airflow/example_dags/example_branch_labels.py took 0.163 seconds
[2024-04-29T00:53:52.315+0000] {processor.py:156} INFO - Started process (PID=11024) to work on /home/airflow/.local/lib/python3.7/site-packages/airflow/example_dags/example_branch_labels.py
[2024-04-29T00:53:52.316+0000] {processor.py:758} INFO - Processing file /home/airflow/.local/lib/python3.7/site-packages/airflow/example_dags/example_branch_labels.py for tasks to queue
[2024-04-29T00:53:52.316+0000] {logging_mixin.py:117} INFO - [2024-04-29T00:53:52.316+0000] {dagbag.py:525} INFO - Filling up the DagBag from /home/airflow/.local/lib/python3.7/site-packages/airflow/example_dags/example_branch_labels.py
[2024-04-29T00:53:52.335+0000] {processor.py:768} INFO - DAG(s) dict_keys(['example_branch_labels']) retrieved from /home/airflow/.local/lib/python3.7/site-packages/airflow/example_dags/example_branch_labels.py
[2024-04-29T00:53:52.381+0000] {logging_mixin.py:117} INFO - [2024-04-29T00:53:52.380+0000] {dag.py:2573} INFO - Sync 1 DAGs
[2024-04-29T00:53:52.418+0000] {logging_mixin.py:117} INFO - [2024-04-29T00:53:52.417+0000] {dag.py:3328} INFO - Setting next_dagrun for example_branch_labels to 2024-04-28T00:00:00+00:00, run_after=2024-04-29T00:00:00+00:00
[2024-04-29T00:53:52.446+0000] {processor.py:178} INFO - Processing /home/airflow/.local/lib/python3.7/site-packages/airflow/example_dags/example_branch_labels.py took 0.138 seconds
[2024-04-29T00:54:23.012+0000] {processor.py:156} INFO - Started process (PID=11247) to work on /home/airflow/.local/lib/python3.7/site-packages/airflow/example_dags/example_branch_labels.py
[2024-04-29T00:54:23.013+0000] {processor.py:758} INFO - Processing file /home/airflow/.local/lib/python3.7/site-packages/airflow/example_dags/example_branch_labels.py for tasks to queue
[2024-04-29T00:54:23.014+0000] {logging_mixin.py:117} INFO - [2024-04-29T00:54:23.014+0000] {dagbag.py:525} INFO - Filling up the DagBag from /home/airflow/.local/lib/python3.7/site-packages/airflow/example_dags/example_branch_labels.py
[2024-04-29T00:54:23.033+0000] {processor.py:768} INFO - DAG(s) dict_keys(['example_branch_labels']) retrieved from /home/airflow/.local/lib/python3.7/site-packages/airflow/example_dags/example_branch_labels.py
[2024-04-29T00:54:23.082+0000] {logging_mixin.py:117} INFO - [2024-04-29T00:54:23.082+0000] {dag.py:2573} INFO - Sync 1 DAGs
[2024-04-29T00:54:23.118+0000] {logging_mixin.py:117} INFO - [2024-04-29T00:54:23.117+0000] {dag.py:3328} INFO - Setting next_dagrun for example_branch_labels to 2024-04-28T00:00:00+00:00, run_after=2024-04-29T00:00:00+00:00
[2024-04-29T00:54:23.148+0000] {processor.py:178} INFO - Processing /home/airflow/.local/lib/python3.7/site-packages/airflow/example_dags/example_branch_labels.py took 0.141 seconds
[2024-04-29T00:54:53.422+0000] {processor.py:156} INFO - Started process (PID=11463) to work on /home/airflow/.local/lib/python3.7/site-packages/airflow/example_dags/example_branch_labels.py
[2024-04-29T00:54:53.423+0000] {processor.py:758} INFO - Processing file /home/airflow/.local/lib/python3.7/site-packages/airflow/example_dags/example_branch_labels.py for tasks to queue
[2024-04-29T00:54:53.423+0000] {logging_mixin.py:117} INFO - [2024-04-29T00:54:53.423+0000] {dagbag.py:525} INFO - Filling up the DagBag from /home/airflow/.local/lib/python3.7/site-packages/airflow/example_dags/example_branch_labels.py
[2024-04-29T00:54:53.441+0000] {processor.py:768} INFO - DAG(s) dict_keys(['example_branch_labels']) retrieved from /home/airflow/.local/lib/python3.7/site-packages/airflow/example_dags/example_branch_labels.py
[2024-04-29T00:54:53.494+0000] {logging_mixin.py:117} INFO - [2024-04-29T00:54:53.494+0000] {dag.py:2573} INFO - Sync 1 DAGs
[2024-04-29T00:54:53.529+0000] {logging_mixin.py:117} INFO - [2024-04-29T00:54:53.529+0000] {dag.py:3328} INFO - Setting next_dagrun for example_branch_labels to 2024-04-28T00:00:00+00:00, run_after=2024-04-29T00:00:00+00:00
[2024-04-29T00:54:53.552+0000] {processor.py:178} INFO - Processing /home/airflow/.local/lib/python3.7/site-packages/airflow/example_dags/example_branch_labels.py took 0.134 seconds
