[2024-04-29T00:28:56.149+0000] {processor.py:156} INFO - Started process (PID=357) to work on /home/airflow/.local/lib/python3.7/site-packages/airflow/example_dags/example_bash_operator.py
[2024-04-29T00:28:56.149+0000] {processor.py:758} INFO - Processing file /home/airflow/.local/lib/python3.7/site-packages/airflow/example_dags/example_bash_operator.py for tasks to queue
[2024-04-29T00:28:56.150+0000] {logging_mixin.py:117} INFO - [2024-04-29T00:28:56.150+0000] {dagbag.py:525} INFO - Filling up the DagBag from /home/airflow/.local/lib/python3.7/site-packages/airflow/example_dags/example_bash_operator.py
[2024-04-29T00:28:56.214+0000] {processor.py:768} INFO - DAG(s) dict_keys(['example_bash_operator']) retrieved from /home/airflow/.local/lib/python3.7/site-packages/airflow/example_dags/example_bash_operator.py
[2024-04-29T00:28:56.330+0000] {logging_mixin.py:117} INFO - [2024-04-29T00:28:56.329+0000] {dag.py:2573} INFO - Sync 1 DAGs
[2024-04-29T00:28:56.410+0000] {logging_mixin.py:117} INFO - [2024-04-29T00:28:56.410+0000] {dag.py:3328} INFO - Setting next_dagrun for example_bash_operator to 2024-04-28T00:00:00+00:00, run_after=2024-04-29T00:00:00+00:00
[2024-04-29T00:28:56.444+0000] {processor.py:178} INFO - Processing /home/airflow/.local/lib/python3.7/site-packages/airflow/example_dags/example_bash_operator.py took 0.298 seconds
[2024-04-29T00:29:26.505+0000] {processor.py:156} INFO - Started process (PID=580) to work on /home/airflow/.local/lib/python3.7/site-packages/airflow/example_dags/example_bash_operator.py
[2024-04-29T00:29:26.506+0000] {processor.py:758} INFO - Processing file /home/airflow/.local/lib/python3.7/site-packages/airflow/example_dags/example_bash_operator.py for tasks to queue
[2024-04-29T00:29:26.506+0000] {logging_mixin.py:117} INFO - [2024-04-29T00:29:26.506+0000] {dagbag.py:525} INFO - Filling up the DagBag from /home/airflow/.local/lib/python3.7/site-packages/airflow/example_dags/example_bash_operator.py
[2024-04-29T00:29:26.538+0000] {processor.py:768} INFO - DAG(s) dict_keys(['example_bash_operator']) retrieved from /home/airflow/.local/lib/python3.7/site-packages/airflow/example_dags/example_bash_operator.py
[2024-04-29T00:29:26.609+0000] {logging_mixin.py:117} INFO - [2024-04-29T00:29:26.609+0000] {dag.py:2573} INFO - Sync 1 DAGs
[2024-04-29T00:29:26.645+0000] {logging_mixin.py:117} INFO - [2024-04-29T00:29:26.644+0000] {dag.py:3328} INFO - Setting next_dagrun for example_bash_operator to 2024-04-28T00:00:00+00:00, run_after=2024-04-29T00:00:00+00:00
[2024-04-29T00:29:26.670+0000] {processor.py:178} INFO - Processing /home/airflow/.local/lib/python3.7/site-packages/airflow/example_dags/example_bash_operator.py took 0.169 seconds
[2024-04-29T00:29:57.010+0000] {processor.py:156} INFO - Started process (PID=795) to work on /home/airflow/.local/lib/python3.7/site-packages/airflow/example_dags/example_bash_operator.py
[2024-04-29T00:29:57.011+0000] {processor.py:758} INFO - Processing file /home/airflow/.local/lib/python3.7/site-packages/airflow/example_dags/example_bash_operator.py for tasks to queue
[2024-04-29T00:29:57.012+0000] {logging_mixin.py:117} INFO - [2024-04-29T00:29:57.012+0000] {dagbag.py:525} INFO - Filling up the DagBag from /home/airflow/.local/lib/python3.7/site-packages/airflow/example_dags/example_bash_operator.py
[2024-04-29T00:29:57.039+0000] {processor.py:768} INFO - DAG(s) dict_keys(['example_bash_operator']) retrieved from /home/airflow/.local/lib/python3.7/site-packages/airflow/example_dags/example_bash_operator.py
[2024-04-29T00:29:57.099+0000] {logging_mixin.py:117} INFO - [2024-04-29T00:29:57.098+0000] {dag.py:2573} INFO - Sync 1 DAGs
[2024-04-29T00:29:57.135+0000] {logging_mixin.py:117} INFO - [2024-04-29T00:29:57.135+0000] {dag.py:3328} INFO - Setting next_dagrun for example_bash_operator to 2024-04-28T00:00:00+00:00, run_after=2024-04-29T00:00:00+00:00
[2024-04-29T00:29:57.157+0000] {processor.py:178} INFO - Processing /home/airflow/.local/lib/python3.7/site-packages/airflow/example_dags/example_bash_operator.py took 0.150 seconds
[2024-04-29T00:30:28.015+0000] {processor.py:156} INFO - Started process (PID=1018) to work on /home/airflow/.local/lib/python3.7/site-packages/airflow/example_dags/example_bash_operator.py
[2024-04-29T00:30:28.016+0000] {processor.py:758} INFO - Processing file /home/airflow/.local/lib/python3.7/site-packages/airflow/example_dags/example_bash_operator.py for tasks to queue
[2024-04-29T00:30:28.016+0000] {logging_mixin.py:117} INFO - [2024-04-29T00:30:28.016+0000] {dagbag.py:525} INFO - Filling up the DagBag from /home/airflow/.local/lib/python3.7/site-packages/airflow/example_dags/example_bash_operator.py
[2024-04-29T00:30:28.066+0000] {processor.py:768} INFO - DAG(s) dict_keys(['example_bash_operator']) retrieved from /home/airflow/.local/lib/python3.7/site-packages/airflow/example_dags/example_bash_operator.py
[2024-04-29T00:30:28.138+0000] {logging_mixin.py:117} INFO - [2024-04-29T00:30:28.137+0000] {dag.py:2573} INFO - Sync 1 DAGs
[2024-04-29T00:30:28.173+0000] {logging_mixin.py:117} INFO - [2024-04-29T00:30:28.172+0000] {dag.py:3328} INFO - Setting next_dagrun for example_bash_operator to 2024-04-28T00:00:00+00:00, run_after=2024-04-29T00:00:00+00:00
[2024-04-29T00:30:28.198+0000] {processor.py:178} INFO - Processing /home/airflow/.local/lib/python3.7/site-packages/airflow/example_dags/example_bash_operator.py took 0.187 seconds
[2024-04-29T00:30:59.230+0000] {processor.py:156} INFO - Started process (PID=1241) to work on /home/airflow/.local/lib/python3.7/site-packages/airflow/example_dags/example_bash_operator.py
[2024-04-29T00:30:59.231+0000] {processor.py:758} INFO - Processing file /home/airflow/.local/lib/python3.7/site-packages/airflow/example_dags/example_bash_operator.py for tasks to queue
[2024-04-29T00:30:59.232+0000] {logging_mixin.py:117} INFO - [2024-04-29T00:30:59.232+0000] {dagbag.py:525} INFO - Filling up the DagBag from /home/airflow/.local/lib/python3.7/site-packages/airflow/example_dags/example_bash_operator.py
[2024-04-29T00:30:59.304+0000] {processor.py:768} INFO - DAG(s) dict_keys(['example_bash_operator']) retrieved from /home/airflow/.local/lib/python3.7/site-packages/airflow/example_dags/example_bash_operator.py
[2024-04-29T00:30:59.364+0000] {logging_mixin.py:117} INFO - [2024-04-29T00:30:59.363+0000] {dag.py:2573} INFO - Sync 1 DAGs
[2024-04-29T00:30:59.404+0000] {logging_mixin.py:117} INFO - [2024-04-29T00:30:59.404+0000] {dag.py:3328} INFO - Setting next_dagrun for example_bash_operator to 2024-04-28T00:00:00+00:00, run_after=2024-04-29T00:00:00+00:00
[2024-04-29T00:30:59.622+0000] {processor.py:178} INFO - Processing /home/airflow/.local/lib/python3.7/site-packages/airflow/example_dags/example_bash_operator.py took 0.396 seconds
[2024-04-29T00:31:31.912+0000] {processor.py:156} INFO - Started process (PID=1464) to work on /home/airflow/.local/lib/python3.7/site-packages/airflow/example_dags/example_bash_operator.py
[2024-04-29T00:31:31.923+0000] {processor.py:758} INFO - Processing file /home/airflow/.local/lib/python3.7/site-packages/airflow/example_dags/example_bash_operator.py for tasks to queue
[2024-04-29T00:31:31.927+0000] {logging_mixin.py:117} INFO - [2024-04-29T00:31:31.927+0000] {dagbag.py:525} INFO - Filling up the DagBag from /home/airflow/.local/lib/python3.7/site-packages/airflow/example_dags/example_bash_operator.py
[2024-04-29T00:31:32.017+0000] {processor.py:768} INFO - DAG(s) dict_keys(['example_bash_operator']) retrieved from /home/airflow/.local/lib/python3.7/site-packages/airflow/example_dags/example_bash_operator.py
[2024-04-29T00:31:32.233+0000] {logging_mixin.py:117} INFO - [2024-04-29T00:31:32.233+0000] {dag.py:2573} INFO - Sync 1 DAGs
[2024-04-29T00:31:32.662+0000] {logging_mixin.py:117} INFO - [2024-04-29T00:31:32.661+0000] {dag.py:3328} INFO - Setting next_dagrun for example_bash_operator to 2024-04-28T00:00:00+00:00, run_after=2024-04-29T00:00:00+00:00
[2024-04-29T00:31:32.723+0000] {processor.py:178} INFO - Processing /home/airflow/.local/lib/python3.7/site-packages/airflow/example_dags/example_bash_operator.py took 0.814 seconds
[2024-04-29T00:32:03.156+0000] {processor.py:156} INFO - Started process (PID=1688) to work on /home/airflow/.local/lib/python3.7/site-packages/airflow/example_dags/example_bash_operator.py
[2024-04-29T00:32:03.156+0000] {processor.py:758} INFO - Processing file /home/airflow/.local/lib/python3.7/site-packages/airflow/example_dags/example_bash_operator.py for tasks to queue
[2024-04-29T00:32:03.157+0000] {logging_mixin.py:117} INFO - [2024-04-29T00:32:03.157+0000] {dagbag.py:525} INFO - Filling up the DagBag from /home/airflow/.local/lib/python3.7/site-packages/airflow/example_dags/example_bash_operator.py
[2024-04-29T00:32:03.179+0000] {processor.py:768} INFO - DAG(s) dict_keys(['example_bash_operator']) retrieved from /home/airflow/.local/lib/python3.7/site-packages/airflow/example_dags/example_bash_operator.py
[2024-04-29T00:32:03.334+0000] {logging_mixin.py:117} INFO - [2024-04-29T00:32:03.334+0000] {dag.py:2573} INFO - Sync 1 DAGs
[2024-04-29T00:32:03.367+0000] {logging_mixin.py:117} INFO - [2024-04-29T00:32:03.367+0000] {dag.py:3328} INFO - Setting next_dagrun for example_bash_operator to 2024-04-28T00:00:00+00:00, run_after=2024-04-29T00:00:00+00:00
[2024-04-29T00:32:03.402+0000] {processor.py:178} INFO - Processing /home/airflow/.local/lib/python3.7/site-packages/airflow/example_dags/example_bash_operator.py took 0.250 seconds
[2024-04-29T00:32:33.917+0000] {processor.py:156} INFO - Started process (PID=1903) to work on /home/airflow/.local/lib/python3.7/site-packages/airflow/example_dags/example_bash_operator.py
[2024-04-29T00:32:33.918+0000] {processor.py:758} INFO - Processing file /home/airflow/.local/lib/python3.7/site-packages/airflow/example_dags/example_bash_operator.py for tasks to queue
[2024-04-29T00:32:33.918+0000] {logging_mixin.py:117} INFO - [2024-04-29T00:32:33.918+0000] {dagbag.py:525} INFO - Filling up the DagBag from /home/airflow/.local/lib/python3.7/site-packages/airflow/example_dags/example_bash_operator.py
[2024-04-29T00:32:33.936+0000] {processor.py:768} INFO - DAG(s) dict_keys(['example_bash_operator']) retrieved from /home/airflow/.local/lib/python3.7/site-packages/airflow/example_dags/example_bash_operator.py
[2024-04-29T00:32:34.083+0000] {logging_mixin.py:117} INFO - [2024-04-29T00:32:34.083+0000] {dag.py:2573} INFO - Sync 1 DAGs
[2024-04-29T00:32:34.104+0000] {logging_mixin.py:117} INFO - [2024-04-29T00:32:34.104+0000] {dag.py:3328} INFO - Setting next_dagrun for example_bash_operator to 2024-04-28T00:00:00+00:00, run_after=2024-04-29T00:00:00+00:00
[2024-04-29T00:32:34.123+0000] {processor.py:178} INFO - Processing /home/airflow/.local/lib/python3.7/site-packages/airflow/example_dags/example_bash_operator.py took 0.209 seconds
[2024-04-29T00:33:05.192+0000] {processor.py:156} INFO - Started process (PID=2116) to work on /home/airflow/.local/lib/python3.7/site-packages/airflow/example_dags/example_bash_operator.py
[2024-04-29T00:33:05.192+0000] {processor.py:758} INFO - Processing file /home/airflow/.local/lib/python3.7/site-packages/airflow/example_dags/example_bash_operator.py for tasks to queue
[2024-04-29T00:33:05.193+0000] {logging_mixin.py:117} INFO - [2024-04-29T00:33:05.193+0000] {dagbag.py:525} INFO - Filling up the DagBag from /home/airflow/.local/lib/python3.7/site-packages/airflow/example_dags/example_bash_operator.py
[2024-04-29T00:33:05.369+0000] {processor.py:768} INFO - DAG(s) dict_keys(['example_bash_operator']) retrieved from /home/airflow/.local/lib/python3.7/site-packages/airflow/example_dags/example_bash_operator.py
[2024-04-29T00:33:05.424+0000] {logging_mixin.py:117} INFO - [2024-04-29T00:33:05.424+0000] {dag.py:2573} INFO - Sync 1 DAGs
[2024-04-29T00:33:05.458+0000] {logging_mixin.py:117} INFO - [2024-04-29T00:33:05.457+0000] {dag.py:3328} INFO - Setting next_dagrun for example_bash_operator to 2024-04-28T00:00:00+00:00, run_after=2024-04-29T00:00:00+00:00
[2024-04-29T00:33:05.491+0000] {processor.py:178} INFO - Processing /home/airflow/.local/lib/python3.7/site-packages/airflow/example_dags/example_bash_operator.py took 0.303 seconds
[2024-04-29T00:33:35.624+0000] {processor.py:156} INFO - Started process (PID=2343) to work on /home/airflow/.local/lib/python3.7/site-packages/airflow/example_dags/example_bash_operator.py
[2024-04-29T00:33:35.625+0000] {processor.py:758} INFO - Processing file /home/airflow/.local/lib/python3.7/site-packages/airflow/example_dags/example_bash_operator.py for tasks to queue
[2024-04-29T00:33:35.626+0000] {logging_mixin.py:117} INFO - [2024-04-29T00:33:35.626+0000] {dagbag.py:525} INFO - Filling up the DagBag from /home/airflow/.local/lib/python3.7/site-packages/airflow/example_dags/example_bash_operator.py
[2024-04-29T00:33:35.650+0000] {processor.py:768} INFO - DAG(s) dict_keys(['example_bash_operator']) retrieved from /home/airflow/.local/lib/python3.7/site-packages/airflow/example_dags/example_bash_operator.py
[2024-04-29T00:33:35.711+0000] {logging_mixin.py:117} INFO - [2024-04-29T00:33:35.711+0000] {dag.py:2573} INFO - Sync 1 DAGs
[2024-04-29T00:33:35.843+0000] {logging_mixin.py:117} INFO - [2024-04-29T00:33:35.843+0000] {dag.py:3328} INFO - Setting next_dagrun for example_bash_operator to 2024-04-28T00:00:00+00:00, run_after=2024-04-29T00:00:00+00:00
[2024-04-29T00:33:35.889+0000] {processor.py:178} INFO - Processing /home/airflow/.local/lib/python3.7/site-packages/airflow/example_dags/example_bash_operator.py took 0.267 seconds
[2024-04-29T00:34:06.966+0000] {processor.py:156} INFO - Started process (PID=2560) to work on /home/airflow/.local/lib/python3.7/site-packages/airflow/example_dags/example_bash_operator.py
[2024-04-29T00:34:06.967+0000] {processor.py:758} INFO - Processing file /home/airflow/.local/lib/python3.7/site-packages/airflow/example_dags/example_bash_operator.py for tasks to queue
[2024-04-29T00:34:06.968+0000] {logging_mixin.py:117} INFO - [2024-04-29T00:34:06.968+0000] {dagbag.py:525} INFO - Filling up the DagBag from /home/airflow/.local/lib/python3.7/site-packages/airflow/example_dags/example_bash_operator.py
[2024-04-29T00:34:07.002+0000] {processor.py:768} INFO - DAG(s) dict_keys(['example_bash_operator']) retrieved from /home/airflow/.local/lib/python3.7/site-packages/airflow/example_dags/example_bash_operator.py
[2024-04-29T00:34:07.245+0000] {logging_mixin.py:117} INFO - [2024-04-29T00:34:07.245+0000] {dag.py:2573} INFO - Sync 1 DAGs
[2024-04-29T00:34:07.281+0000] {logging_mixin.py:117} INFO - [2024-04-29T00:34:07.281+0000] {dag.py:3328} INFO - Setting next_dagrun for example_bash_operator to 2024-04-28T00:00:00+00:00, run_after=2024-04-29T00:00:00+00:00
[2024-04-29T00:34:07.319+0000] {processor.py:178} INFO - Processing /home/airflow/.local/lib/python3.7/site-packages/airflow/example_dags/example_bash_operator.py took 0.357 seconds
[2024-04-29T00:34:37.770+0000] {processor.py:156} INFO - Started process (PID=2774) to work on /home/airflow/.local/lib/python3.7/site-packages/airflow/example_dags/example_bash_operator.py
[2024-04-29T00:34:37.771+0000] {processor.py:758} INFO - Processing file /home/airflow/.local/lib/python3.7/site-packages/airflow/example_dags/example_bash_operator.py for tasks to queue
[2024-04-29T00:34:37.773+0000] {logging_mixin.py:117} INFO - [2024-04-29T00:34:37.772+0000] {dagbag.py:525} INFO - Filling up the DagBag from /home/airflow/.local/lib/python3.7/site-packages/airflow/example_dags/example_bash_operator.py
[2024-04-29T00:34:37.807+0000] {processor.py:768} INFO - DAG(s) dict_keys(['example_bash_operator']) retrieved from /home/airflow/.local/lib/python3.7/site-packages/airflow/example_dags/example_bash_operator.py
[2024-04-29T00:34:38.047+0000] {logging_mixin.py:117} INFO - [2024-04-29T00:34:38.046+0000] {dag.py:2573} INFO - Sync 1 DAGs
[2024-04-29T00:34:38.082+0000] {logging_mixin.py:117} INFO - [2024-04-29T00:34:38.082+0000] {dag.py:3328} INFO - Setting next_dagrun for example_bash_operator to 2024-04-28T00:00:00+00:00, run_after=2024-04-29T00:00:00+00:00
[2024-04-29T00:34:38.116+0000] {processor.py:178} INFO - Processing /home/airflow/.local/lib/python3.7/site-packages/airflow/example_dags/example_bash_operator.py took 0.350 seconds
[2024-04-29T00:35:08.707+0000] {processor.py:156} INFO - Started process (PID=2995) to work on /home/airflow/.local/lib/python3.7/site-packages/airflow/example_dags/example_bash_operator.py
[2024-04-29T00:35:08.709+0000] {processor.py:758} INFO - Processing file /home/airflow/.local/lib/python3.7/site-packages/airflow/example_dags/example_bash_operator.py for tasks to queue
[2024-04-29T00:35:08.713+0000] {logging_mixin.py:117} INFO - [2024-04-29T00:35:08.713+0000] {dagbag.py:525} INFO - Filling up the DagBag from /home/airflow/.local/lib/python3.7/site-packages/airflow/example_dags/example_bash_operator.py
[2024-04-29T00:35:08.923+0000] {processor.py:768} INFO - DAG(s) dict_keys(['example_bash_operator']) retrieved from /home/airflow/.local/lib/python3.7/site-packages/airflow/example_dags/example_bash_operator.py
[2024-04-29T00:35:08.958+0000] {logging_mixin.py:117} INFO - [2024-04-29T00:35:08.957+0000] {dag.py:2573} INFO - Sync 1 DAGs
[2024-04-29T00:35:08.980+0000] {logging_mixin.py:117} INFO - [2024-04-29T00:35:08.980+0000] {dag.py:3328} INFO - Setting next_dagrun for example_bash_operator to 2024-04-28T00:00:00+00:00, run_after=2024-04-29T00:00:00+00:00
[2024-04-29T00:35:09.003+0000] {processor.py:178} INFO - Processing /home/airflow/.local/lib/python3.7/site-packages/airflow/example_dags/example_bash_operator.py took 0.300 seconds
[2024-04-29T00:35:39.467+0000] {processor.py:156} INFO - Started process (PID=3220) to work on /home/airflow/.local/lib/python3.7/site-packages/airflow/example_dags/example_bash_operator.py
[2024-04-29T00:35:39.468+0000] {processor.py:758} INFO - Processing file /home/airflow/.local/lib/python3.7/site-packages/airflow/example_dags/example_bash_operator.py for tasks to queue
[2024-04-29T00:35:39.468+0000] {logging_mixin.py:117} INFO - [2024-04-29T00:35:39.468+0000] {dagbag.py:525} INFO - Filling up the DagBag from /home/airflow/.local/lib/python3.7/site-packages/airflow/example_dags/example_bash_operator.py
[2024-04-29T00:35:39.494+0000] {processor.py:768} INFO - DAG(s) dict_keys(['example_bash_operator']) retrieved from /home/airflow/.local/lib/python3.7/site-packages/airflow/example_dags/example_bash_operator.py
[2024-04-29T00:35:39.550+0000] {logging_mixin.py:117} INFO - [2024-04-29T00:35:39.550+0000] {dag.py:2573} INFO - Sync 1 DAGs
[2024-04-29T00:35:39.690+0000] {logging_mixin.py:117} INFO - [2024-04-29T00:35:39.690+0000] {dag.py:3328} INFO - Setting next_dagrun for example_bash_operator to 2024-04-28T00:00:00+00:00, run_after=2024-04-29T00:00:00+00:00
[2024-04-29T00:35:39.709+0000] {processor.py:178} INFO - Processing /home/airflow/.local/lib/python3.7/site-packages/airflow/example_dags/example_bash_operator.py took 0.245 seconds
[2024-04-29T00:36:10.858+0000] {processor.py:156} INFO - Started process (PID=3444) to work on /home/airflow/.local/lib/python3.7/site-packages/airflow/example_dags/example_bash_operator.py
[2024-04-29T00:36:10.858+0000] {processor.py:758} INFO - Processing file /home/airflow/.local/lib/python3.7/site-packages/airflow/example_dags/example_bash_operator.py for tasks to queue
[2024-04-29T00:36:10.859+0000] {logging_mixin.py:117} INFO - [2024-04-29T00:36:10.859+0000] {dagbag.py:525} INFO - Filling up the DagBag from /home/airflow/.local/lib/python3.7/site-packages/airflow/example_dags/example_bash_operator.py
[2024-04-29T00:36:10.886+0000] {processor.py:768} INFO - DAG(s) dict_keys(['example_bash_operator']) retrieved from /home/airflow/.local/lib/python3.7/site-packages/airflow/example_dags/example_bash_operator.py
[2024-04-29T00:36:11.076+0000] {logging_mixin.py:117} INFO - [2024-04-29T00:36:11.076+0000] {dag.py:2573} INFO - Sync 1 DAGs
[2024-04-29T00:36:11.110+0000] {logging_mixin.py:117} INFO - [2024-04-29T00:36:11.110+0000] {dag.py:3328} INFO - Setting next_dagrun for example_bash_operator to 2024-04-28T00:00:00+00:00, run_after=2024-04-29T00:00:00+00:00
[2024-04-29T00:36:11.139+0000] {processor.py:178} INFO - Processing /home/airflow/.local/lib/python3.7/site-packages/airflow/example_dags/example_bash_operator.py took 0.285 seconds
[2024-04-29T00:36:41.390+0000] {processor.py:156} INFO - Started process (PID=3667) to work on /home/airflow/.local/lib/python3.7/site-packages/airflow/example_dags/example_bash_operator.py
[2024-04-29T00:36:41.390+0000] {processor.py:758} INFO - Processing file /home/airflow/.local/lib/python3.7/site-packages/airflow/example_dags/example_bash_operator.py for tasks to queue
[2024-04-29T00:36:41.391+0000] {logging_mixin.py:117} INFO - [2024-04-29T00:36:41.391+0000] {dagbag.py:525} INFO - Filling up the DagBag from /home/airflow/.local/lib/python3.7/site-packages/airflow/example_dags/example_bash_operator.py
[2024-04-29T00:36:41.412+0000] {processor.py:768} INFO - DAG(s) dict_keys(['example_bash_operator']) retrieved from /home/airflow/.local/lib/python3.7/site-packages/airflow/example_dags/example_bash_operator.py
[2024-04-29T00:36:41.553+0000] {logging_mixin.py:117} INFO - [2024-04-29T00:36:41.553+0000] {dag.py:2573} INFO - Sync 1 DAGs
[2024-04-29T00:36:41.574+0000] {logging_mixin.py:117} INFO - [2024-04-29T00:36:41.574+0000] {dag.py:3328} INFO - Setting next_dagrun for example_bash_operator to 2024-04-28T00:00:00+00:00, run_after=2024-04-29T00:00:00+00:00
[2024-04-29T00:36:41.593+0000] {processor.py:178} INFO - Processing /home/airflow/.local/lib/python3.7/site-packages/airflow/example_dags/example_bash_operator.py took 0.206 seconds
[2024-04-29T00:37:12.145+0000] {processor.py:156} INFO - Started process (PID=3886) to work on /home/airflow/.local/lib/python3.7/site-packages/airflow/example_dags/example_bash_operator.py
[2024-04-29T00:37:12.146+0000] {processor.py:758} INFO - Processing file /home/airflow/.local/lib/python3.7/site-packages/airflow/example_dags/example_bash_operator.py for tasks to queue
[2024-04-29T00:37:12.147+0000] {logging_mixin.py:117} INFO - [2024-04-29T00:37:12.147+0000] {dagbag.py:525} INFO - Filling up the DagBag from /home/airflow/.local/lib/python3.7/site-packages/airflow/example_dags/example_bash_operator.py
[2024-04-29T00:37:12.323+0000] {processor.py:768} INFO - DAG(s) dict_keys(['example_bash_operator']) retrieved from /home/airflow/.local/lib/python3.7/site-packages/airflow/example_dags/example_bash_operator.py
[2024-04-29T00:37:12.385+0000] {logging_mixin.py:117} INFO - [2024-04-29T00:37:12.385+0000] {dag.py:2573} INFO - Sync 1 DAGs
[2024-04-29T00:37:12.425+0000] {logging_mixin.py:117} INFO - [2024-04-29T00:37:12.425+0000] {dag.py:3328} INFO - Setting next_dagrun for example_bash_operator to 2024-04-28T00:00:00+00:00, run_after=2024-04-29T00:00:00+00:00
[2024-04-29T00:37:12.460+0000] {processor.py:178} INFO - Processing /home/airflow/.local/lib/python3.7/site-packages/airflow/example_dags/example_bash_operator.py took 0.318 seconds
[2024-04-29T00:37:42.701+0000] {processor.py:156} INFO - Started process (PID=4102) to work on /home/airflow/.local/lib/python3.7/site-packages/airflow/example_dags/example_bash_operator.py
[2024-04-29T00:37:42.701+0000] {processor.py:758} INFO - Processing file /home/airflow/.local/lib/python3.7/site-packages/airflow/example_dags/example_bash_operator.py for tasks to queue
[2024-04-29T00:37:42.702+0000] {logging_mixin.py:117} INFO - [2024-04-29T00:37:42.702+0000] {dagbag.py:525} INFO - Filling up the DagBag from /home/airflow/.local/lib/python3.7/site-packages/airflow/example_dags/example_bash_operator.py
[2024-04-29T00:37:42.824+0000] {processor.py:768} INFO - DAG(s) dict_keys(['example_bash_operator']) retrieved from /home/airflow/.local/lib/python3.7/site-packages/airflow/example_dags/example_bash_operator.py
[2024-04-29T00:37:42.858+0000] {logging_mixin.py:117} INFO - [2024-04-29T00:37:42.858+0000] {dag.py:2573} INFO - Sync 1 DAGs
[2024-04-29T00:37:42.880+0000] {logging_mixin.py:117} INFO - [2024-04-29T00:37:42.880+0000] {dag.py:3328} INFO - Setting next_dagrun for example_bash_operator to 2024-04-28T00:00:00+00:00, run_after=2024-04-29T00:00:00+00:00
[2024-04-29T00:37:42.900+0000] {processor.py:178} INFO - Processing /home/airflow/.local/lib/python3.7/site-packages/airflow/example_dags/example_bash_operator.py took 0.202 seconds
[2024-04-29T00:38:13.539+0000] {processor.py:156} INFO - Started process (PID=4319) to work on /home/airflow/.local/lib/python3.7/site-packages/airflow/example_dags/example_bash_operator.py
[2024-04-29T00:38:13.539+0000] {processor.py:758} INFO - Processing file /home/airflow/.local/lib/python3.7/site-packages/airflow/example_dags/example_bash_operator.py for tasks to queue
[2024-04-29T00:38:13.540+0000] {logging_mixin.py:117} INFO - [2024-04-29T00:38:13.540+0000] {dagbag.py:525} INFO - Filling up the DagBag from /home/airflow/.local/lib/python3.7/site-packages/airflow/example_dags/example_bash_operator.py
[2024-04-29T00:38:13.566+0000] {processor.py:768} INFO - DAG(s) dict_keys(['example_bash_operator']) retrieved from /home/airflow/.local/lib/python3.7/site-packages/airflow/example_dags/example_bash_operator.py
[2024-04-29T00:38:13.626+0000] {logging_mixin.py:117} INFO - [2024-04-29T00:38:13.625+0000] {dag.py:2573} INFO - Sync 1 DAGs
[2024-04-29T00:38:13.669+0000] {logging_mixin.py:117} INFO - [2024-04-29T00:38:13.669+0000] {dag.py:3328} INFO - Setting next_dagrun for example_bash_operator to 2024-04-28T00:00:00+00:00, run_after=2024-04-29T00:00:00+00:00
[2024-04-29T00:38:13.711+0000] {processor.py:178} INFO - Processing /home/airflow/.local/lib/python3.7/site-packages/airflow/example_dags/example_bash_operator.py took 0.176 seconds
[2024-04-29T00:38:44.052+0000] {processor.py:156} INFO - Started process (PID=4541) to work on /home/airflow/.local/lib/python3.7/site-packages/airflow/example_dags/example_bash_operator.py
[2024-04-29T00:38:44.053+0000] {processor.py:758} INFO - Processing file /home/airflow/.local/lib/python3.7/site-packages/airflow/example_dags/example_bash_operator.py for tasks to queue
[2024-04-29T00:38:44.054+0000] {logging_mixin.py:117} INFO - [2024-04-29T00:38:44.054+0000] {dagbag.py:525} INFO - Filling up the DagBag from /home/airflow/.local/lib/python3.7/site-packages/airflow/example_dags/example_bash_operator.py
[2024-04-29T00:38:44.084+0000] {processor.py:768} INFO - DAG(s) dict_keys(['example_bash_operator']) retrieved from /home/airflow/.local/lib/python3.7/site-packages/airflow/example_dags/example_bash_operator.py
[2024-04-29T00:38:44.159+0000] {logging_mixin.py:117} INFO - [2024-04-29T00:38:44.158+0000] {dag.py:2573} INFO - Sync 1 DAGs
[2024-04-29T00:38:44.229+0000] {logging_mixin.py:117} INFO - [2024-04-29T00:38:44.229+0000] {dag.py:3328} INFO - Setting next_dagrun for example_bash_operator to 2024-04-28T00:00:00+00:00, run_after=2024-04-29T00:00:00+00:00
[2024-04-29T00:38:44.307+0000] {processor.py:178} INFO - Processing /home/airflow/.local/lib/python3.7/site-packages/airflow/example_dags/example_bash_operator.py took 0.258 seconds
[2024-04-29T00:39:14.575+0000] {processor.py:156} INFO - Started process (PID=4760) to work on /home/airflow/.local/lib/python3.7/site-packages/airflow/example_dags/example_bash_operator.py
[2024-04-29T00:39:14.577+0000] {processor.py:758} INFO - Processing file /home/airflow/.local/lib/python3.7/site-packages/airflow/example_dags/example_bash_operator.py for tasks to queue
[2024-04-29T00:39:14.578+0000] {logging_mixin.py:117} INFO - [2024-04-29T00:39:14.578+0000] {dagbag.py:525} INFO - Filling up the DagBag from /home/airflow/.local/lib/python3.7/site-packages/airflow/example_dags/example_bash_operator.py
[2024-04-29T00:39:14.643+0000] {processor.py:768} INFO - DAG(s) dict_keys(['example_bash_operator']) retrieved from /home/airflow/.local/lib/python3.7/site-packages/airflow/example_dags/example_bash_operator.py
[2024-04-29T00:39:14.740+0000] {logging_mixin.py:117} INFO - [2024-04-29T00:39:14.740+0000] {dag.py:2573} INFO - Sync 1 DAGs
[2024-04-29T00:39:14.805+0000] {logging_mixin.py:117} INFO - [2024-04-29T00:39:14.805+0000] {dag.py:3328} INFO - Setting next_dagrun for example_bash_operator to 2024-04-28T00:00:00+00:00, run_after=2024-04-29T00:00:00+00:00
[2024-04-29T00:39:14.843+0000] {processor.py:178} INFO - Processing /home/airflow/.local/lib/python3.7/site-packages/airflow/example_dags/example_bash_operator.py took 0.270 seconds
[2024-04-29T00:39:45.740+0000] {processor.py:156} INFO - Started process (PID=4983) to work on /home/airflow/.local/lib/python3.7/site-packages/airflow/example_dags/example_bash_operator.py
[2024-04-29T00:39:45.740+0000] {processor.py:758} INFO - Processing file /home/airflow/.local/lib/python3.7/site-packages/airflow/example_dags/example_bash_operator.py for tasks to queue
[2024-04-29T00:39:45.741+0000] {logging_mixin.py:117} INFO - [2024-04-29T00:39:45.741+0000] {dagbag.py:525} INFO - Filling up the DagBag from /home/airflow/.local/lib/python3.7/site-packages/airflow/example_dags/example_bash_operator.py
[2024-04-29T00:39:45.773+0000] {processor.py:768} INFO - DAG(s) dict_keys(['example_bash_operator']) retrieved from /home/airflow/.local/lib/python3.7/site-packages/airflow/example_dags/example_bash_operator.py
[2024-04-29T00:39:45.832+0000] {logging_mixin.py:117} INFO - [2024-04-29T00:39:45.832+0000] {dag.py:2573} INFO - Sync 1 DAGs
[2024-04-29T00:39:45.865+0000] {logging_mixin.py:117} INFO - [2024-04-29T00:39:45.865+0000] {dag.py:3328} INFO - Setting next_dagrun for example_bash_operator to 2024-04-28T00:00:00+00:00, run_after=2024-04-29T00:00:00+00:00
[2024-04-29T00:39:45.890+0000] {processor.py:178} INFO - Processing /home/airflow/.local/lib/python3.7/site-packages/airflow/example_dags/example_bash_operator.py took 0.154 seconds
[2024-04-29T00:40:15.964+0000] {processor.py:156} INFO - Started process (PID=5205) to work on /home/airflow/.local/lib/python3.7/site-packages/airflow/example_dags/example_bash_operator.py
[2024-04-29T00:40:15.964+0000] {processor.py:758} INFO - Processing file /home/airflow/.local/lib/python3.7/site-packages/airflow/example_dags/example_bash_operator.py for tasks to queue
[2024-04-29T00:40:15.965+0000] {logging_mixin.py:117} INFO - [2024-04-29T00:40:15.965+0000] {dagbag.py:525} INFO - Filling up the DagBag from /home/airflow/.local/lib/python3.7/site-packages/airflow/example_dags/example_bash_operator.py
[2024-04-29T00:40:15.991+0000] {processor.py:768} INFO - DAG(s) dict_keys(['example_bash_operator']) retrieved from /home/airflow/.local/lib/python3.7/site-packages/airflow/example_dags/example_bash_operator.py
[2024-04-29T00:40:16.049+0000] {logging_mixin.py:117} INFO - [2024-04-29T00:40:16.049+0000] {dag.py:2573} INFO - Sync 1 DAGs
[2024-04-29T00:40:16.081+0000] {logging_mixin.py:117} INFO - [2024-04-29T00:40:16.081+0000] {dag.py:3328} INFO - Setting next_dagrun for example_bash_operator to 2024-04-28T00:00:00+00:00, run_after=2024-04-29T00:00:00+00:00
[2024-04-29T00:40:16.104+0000] {processor.py:178} INFO - Processing /home/airflow/.local/lib/python3.7/site-packages/airflow/example_dags/example_bash_operator.py took 0.144 seconds
[2024-04-29T00:40:46.877+0000] {processor.py:156} INFO - Started process (PID=5427) to work on /home/airflow/.local/lib/python3.7/site-packages/airflow/example_dags/example_bash_operator.py
[2024-04-29T00:40:46.878+0000] {processor.py:758} INFO - Processing file /home/airflow/.local/lib/python3.7/site-packages/airflow/example_dags/example_bash_operator.py for tasks to queue
[2024-04-29T00:40:46.881+0000] {logging_mixin.py:117} INFO - [2024-04-29T00:40:46.879+0000] {dagbag.py:525} INFO - Filling up the DagBag from /home/airflow/.local/lib/python3.7/site-packages/airflow/example_dags/example_bash_operator.py
[2024-04-29T00:40:46.940+0000] {processor.py:768} INFO - DAG(s) dict_keys(['example_bash_operator']) retrieved from /home/airflow/.local/lib/python3.7/site-packages/airflow/example_dags/example_bash_operator.py
[2024-04-29T00:40:47.122+0000] {logging_mixin.py:117} INFO - [2024-04-29T00:40:47.122+0000] {dag.py:2573} INFO - Sync 1 DAGs
[2024-04-29T00:40:47.209+0000] {logging_mixin.py:117} INFO - [2024-04-29T00:40:47.209+0000] {dag.py:3328} INFO - Setting next_dagrun for example_bash_operator to 2024-04-28T00:00:00+00:00, run_after=2024-04-29T00:00:00+00:00
[2024-04-29T00:40:47.291+0000] {processor.py:178} INFO - Processing /home/airflow/.local/lib/python3.7/site-packages/airflow/example_dags/example_bash_operator.py took 0.421 seconds
[2024-04-29T00:41:17.459+0000] {processor.py:156} INFO - Started process (PID=5642) to work on /home/airflow/.local/lib/python3.7/site-packages/airflow/example_dags/example_bash_operator.py
[2024-04-29T00:41:17.459+0000] {processor.py:758} INFO - Processing file /home/airflow/.local/lib/python3.7/site-packages/airflow/example_dags/example_bash_operator.py for tasks to queue
[2024-04-29T00:41:17.460+0000] {logging_mixin.py:117} INFO - [2024-04-29T00:41:17.460+0000] {dagbag.py:525} INFO - Filling up the DagBag from /home/airflow/.local/lib/python3.7/site-packages/airflow/example_dags/example_bash_operator.py
[2024-04-29T00:41:17.486+0000] {processor.py:768} INFO - DAG(s) dict_keys(['example_bash_operator']) retrieved from /home/airflow/.local/lib/python3.7/site-packages/airflow/example_dags/example_bash_operator.py
[2024-04-29T00:41:17.541+0000] {logging_mixin.py:117} INFO - [2024-04-29T00:41:17.541+0000] {dag.py:2573} INFO - Sync 1 DAGs
[2024-04-29T00:41:17.575+0000] {logging_mixin.py:117} INFO - [2024-04-29T00:41:17.575+0000] {dag.py:3328} INFO - Setting next_dagrun for example_bash_operator to 2024-04-28T00:00:00+00:00, run_after=2024-04-29T00:00:00+00:00
[2024-04-29T00:41:17.598+0000] {processor.py:178} INFO - Processing /home/airflow/.local/lib/python3.7/site-packages/airflow/example_dags/example_bash_operator.py took 0.142 seconds
[2024-04-29T00:41:47.933+0000] {processor.py:156} INFO - Started process (PID=5864) to work on /home/airflow/.local/lib/python3.7/site-packages/airflow/example_dags/example_bash_operator.py
[2024-04-29T00:41:47.934+0000] {processor.py:758} INFO - Processing file /home/airflow/.local/lib/python3.7/site-packages/airflow/example_dags/example_bash_operator.py for tasks to queue
[2024-04-29T00:41:47.937+0000] {logging_mixin.py:117} INFO - [2024-04-29T00:41:47.936+0000] {dagbag.py:525} INFO - Filling up the DagBag from /home/airflow/.local/lib/python3.7/site-packages/airflow/example_dags/example_bash_operator.py
[2024-04-29T00:41:47.980+0000] {processor.py:768} INFO - DAG(s) dict_keys(['example_bash_operator']) retrieved from /home/airflow/.local/lib/python3.7/site-packages/airflow/example_dags/example_bash_operator.py
[2024-04-29T00:41:48.130+0000] {logging_mixin.py:117} INFO - [2024-04-29T00:41:48.130+0000] {dag.py:2573} INFO - Sync 1 DAGs
[2024-04-29T00:41:48.232+0000] {logging_mixin.py:117} INFO - [2024-04-29T00:41:48.232+0000] {dag.py:3328} INFO - Setting next_dagrun for example_bash_operator to 2024-04-28T00:00:00+00:00, run_after=2024-04-29T00:00:00+00:00
[2024-04-29T00:41:48.293+0000] {processor.py:178} INFO - Processing /home/airflow/.local/lib/python3.7/site-packages/airflow/example_dags/example_bash_operator.py took 0.368 seconds
[2024-04-29T00:42:19.205+0000] {processor.py:156} INFO - Started process (PID=6088) to work on /home/airflow/.local/lib/python3.7/site-packages/airflow/example_dags/example_bash_operator.py
[2024-04-29T00:42:19.205+0000] {processor.py:758} INFO - Processing file /home/airflow/.local/lib/python3.7/site-packages/airflow/example_dags/example_bash_operator.py for tasks to queue
[2024-04-29T00:42:19.206+0000] {logging_mixin.py:117} INFO - [2024-04-29T00:42:19.206+0000] {dagbag.py:525} INFO - Filling up the DagBag from /home/airflow/.local/lib/python3.7/site-packages/airflow/example_dags/example_bash_operator.py
[2024-04-29T00:42:19.282+0000] {processor.py:768} INFO - DAG(s) dict_keys(['example_bash_operator']) retrieved from /home/airflow/.local/lib/python3.7/site-packages/airflow/example_dags/example_bash_operator.py
[2024-04-29T00:42:19.413+0000] {logging_mixin.py:117} INFO - [2024-04-29T00:42:19.412+0000] {dag.py:2573} INFO - Sync 1 DAGs
[2024-04-29T00:42:19.513+0000] {logging_mixin.py:117} INFO - [2024-04-29T00:42:19.513+0000] {dag.py:3328} INFO - Setting next_dagrun for example_bash_operator to 2024-04-28T00:00:00+00:00, run_after=2024-04-29T00:00:00+00:00
[2024-04-29T00:42:19.563+0000] {processor.py:178} INFO - Processing /home/airflow/.local/lib/python3.7/site-packages/airflow/example_dags/example_bash_operator.py took 0.361 seconds
[2024-04-29T00:42:49.673+0000] {processor.py:156} INFO - Started process (PID=6303) to work on /home/airflow/.local/lib/python3.7/site-packages/airflow/example_dags/example_bash_operator.py
[2024-04-29T00:42:49.674+0000] {processor.py:758} INFO - Processing file /home/airflow/.local/lib/python3.7/site-packages/airflow/example_dags/example_bash_operator.py for tasks to queue
[2024-04-29T00:42:49.675+0000] {logging_mixin.py:117} INFO - [2024-04-29T00:42:49.675+0000] {dagbag.py:525} INFO - Filling up the DagBag from /home/airflow/.local/lib/python3.7/site-packages/airflow/example_dags/example_bash_operator.py
[2024-04-29T00:42:49.703+0000] {processor.py:768} INFO - DAG(s) dict_keys(['example_bash_operator']) retrieved from /home/airflow/.local/lib/python3.7/site-packages/airflow/example_dags/example_bash_operator.py
[2024-04-29T00:42:49.758+0000] {logging_mixin.py:117} INFO - [2024-04-29T00:42:49.758+0000] {dag.py:2573} INFO - Sync 1 DAGs
[2024-04-29T00:42:49.794+0000] {logging_mixin.py:117} INFO - [2024-04-29T00:42:49.794+0000] {dag.py:3328} INFO - Setting next_dagrun for example_bash_operator to 2024-04-28T00:00:00+00:00, run_after=2024-04-29T00:00:00+00:00
[2024-04-29T00:42:49.818+0000] {processor.py:178} INFO - Processing /home/airflow/.local/lib/python3.7/site-packages/airflow/example_dags/example_bash_operator.py took 0.150 seconds
[2024-04-29T00:43:20.284+0000] {processor.py:156} INFO - Started process (PID=6525) to work on /home/airflow/.local/lib/python3.7/site-packages/airflow/example_dags/example_bash_operator.py
[2024-04-29T00:43:20.285+0000] {processor.py:758} INFO - Processing file /home/airflow/.local/lib/python3.7/site-packages/airflow/example_dags/example_bash_operator.py for tasks to queue
[2024-04-29T00:43:20.285+0000] {logging_mixin.py:117} INFO - [2024-04-29T00:43:20.285+0000] {dagbag.py:525} INFO - Filling up the DagBag from /home/airflow/.local/lib/python3.7/site-packages/airflow/example_dags/example_bash_operator.py
[2024-04-29T00:43:20.314+0000] {processor.py:768} INFO - DAG(s) dict_keys(['example_bash_operator']) retrieved from /home/airflow/.local/lib/python3.7/site-packages/airflow/example_dags/example_bash_operator.py
[2024-04-29T00:43:20.374+0000] {logging_mixin.py:117} INFO - [2024-04-29T00:43:20.373+0000] {dag.py:2573} INFO - Sync 1 DAGs
[2024-04-29T00:43:20.409+0000] {logging_mixin.py:117} INFO - [2024-04-29T00:43:20.409+0000] {dag.py:3328} INFO - Setting next_dagrun for example_bash_operator to 2024-04-28T00:00:00+00:00, run_after=2024-04-29T00:00:00+00:00
[2024-04-29T00:43:20.434+0000] {processor.py:178} INFO - Processing /home/airflow/.local/lib/python3.7/site-packages/airflow/example_dags/example_bash_operator.py took 0.153 seconds
[2024-04-29T00:43:51.201+0000] {processor.py:156} INFO - Started process (PID=6738) to work on /home/airflow/.local/lib/python3.7/site-packages/airflow/example_dags/example_bash_operator.py
[2024-04-29T00:43:51.201+0000] {processor.py:758} INFO - Processing file /home/airflow/.local/lib/python3.7/site-packages/airflow/example_dags/example_bash_operator.py for tasks to queue
[2024-04-29T00:43:51.202+0000] {logging_mixin.py:117} INFO - [2024-04-29T00:43:51.202+0000] {dagbag.py:525} INFO - Filling up the DagBag from /home/airflow/.local/lib/python3.7/site-packages/airflow/example_dags/example_bash_operator.py
[2024-04-29T00:43:51.236+0000] {processor.py:768} INFO - DAG(s) dict_keys(['example_bash_operator']) retrieved from /home/airflow/.local/lib/python3.7/site-packages/airflow/example_dags/example_bash_operator.py
[2024-04-29T00:43:51.347+0000] {logging_mixin.py:117} INFO - [2024-04-29T00:43:51.346+0000] {dag.py:2573} INFO - Sync 1 DAGs
[2024-04-29T00:43:51.387+0000] {logging_mixin.py:117} INFO - [2024-04-29T00:43:51.386+0000] {dag.py:3328} INFO - Setting next_dagrun for example_bash_operator to 2024-04-28T00:00:00+00:00, run_after=2024-04-29T00:00:00+00:00
[2024-04-29T00:43:51.411+0000] {processor.py:178} INFO - Processing /home/airflow/.local/lib/python3.7/site-packages/airflow/example_dags/example_bash_operator.py took 0.213 seconds
[2024-04-29T00:44:21.742+0000] {processor.py:156} INFO - Started process (PID=6963) to work on /home/airflow/.local/lib/python3.7/site-packages/airflow/example_dags/example_bash_operator.py
[2024-04-29T00:44:21.742+0000] {processor.py:758} INFO - Processing file /home/airflow/.local/lib/python3.7/site-packages/airflow/example_dags/example_bash_operator.py for tasks to queue
[2024-04-29T00:44:21.743+0000] {logging_mixin.py:117} INFO - [2024-04-29T00:44:21.743+0000] {dagbag.py:525} INFO - Filling up the DagBag from /home/airflow/.local/lib/python3.7/site-packages/airflow/example_dags/example_bash_operator.py
[2024-04-29T00:44:21.773+0000] {processor.py:768} INFO - DAG(s) dict_keys(['example_bash_operator']) retrieved from /home/airflow/.local/lib/python3.7/site-packages/airflow/example_dags/example_bash_operator.py
[2024-04-29T00:44:21.896+0000] {logging_mixin.py:117} INFO - [2024-04-29T00:44:21.892+0000] {dag.py:2573} INFO - Sync 1 DAGs
[2024-04-29T00:44:21.963+0000] {logging_mixin.py:117} INFO - [2024-04-29T00:44:21.963+0000] {dag.py:3328} INFO - Setting next_dagrun for example_bash_operator to 2024-04-28T00:00:00+00:00, run_after=2024-04-29T00:00:00+00:00
[2024-04-29T00:44:21.990+0000] {processor.py:178} INFO - Processing /home/airflow/.local/lib/python3.7/site-packages/airflow/example_dags/example_bash_operator.py took 0.251 seconds
[2024-04-29T00:44:52.287+0000] {processor.py:156} INFO - Started process (PID=7186) to work on /home/airflow/.local/lib/python3.7/site-packages/airflow/example_dags/example_bash_operator.py
[2024-04-29T00:44:52.288+0000] {processor.py:758} INFO - Processing file /home/airflow/.local/lib/python3.7/site-packages/airflow/example_dags/example_bash_operator.py for tasks to queue
[2024-04-29T00:44:52.289+0000] {logging_mixin.py:117} INFO - [2024-04-29T00:44:52.289+0000] {dagbag.py:525} INFO - Filling up the DagBag from /home/airflow/.local/lib/python3.7/site-packages/airflow/example_dags/example_bash_operator.py
[2024-04-29T00:44:52.321+0000] {processor.py:768} INFO - DAG(s) dict_keys(['example_bash_operator']) retrieved from /home/airflow/.local/lib/python3.7/site-packages/airflow/example_dags/example_bash_operator.py
[2024-04-29T00:44:52.378+0000] {logging_mixin.py:117} INFO - [2024-04-29T00:44:52.378+0000] {dag.py:2573} INFO - Sync 1 DAGs
[2024-04-29T00:44:52.419+0000] {logging_mixin.py:117} INFO - [2024-04-29T00:44:52.419+0000] {dag.py:3328} INFO - Setting next_dagrun for example_bash_operator to 2024-04-28T00:00:00+00:00, run_after=2024-04-29T00:00:00+00:00
[2024-04-29T00:44:52.461+0000] {processor.py:178} INFO - Processing /home/airflow/.local/lib/python3.7/site-packages/airflow/example_dags/example_bash_operator.py took 0.177 seconds
[2024-04-29T00:45:23.066+0000] {processor.py:156} INFO - Started process (PID=7410) to work on /home/airflow/.local/lib/python3.7/site-packages/airflow/example_dags/example_bash_operator.py
[2024-04-29T00:45:23.067+0000] {processor.py:758} INFO - Processing file /home/airflow/.local/lib/python3.7/site-packages/airflow/example_dags/example_bash_operator.py for tasks to queue
[2024-04-29T00:45:23.068+0000] {logging_mixin.py:117} INFO - [2024-04-29T00:45:23.068+0000] {dagbag.py:525} INFO - Filling up the DagBag from /home/airflow/.local/lib/python3.7/site-packages/airflow/example_dags/example_bash_operator.py
[2024-04-29T00:45:23.138+0000] {processor.py:768} INFO - DAG(s) dict_keys(['example_bash_operator']) retrieved from /home/airflow/.local/lib/python3.7/site-packages/airflow/example_dags/example_bash_operator.py
[2024-04-29T00:45:23.434+0000] {logging_mixin.py:117} INFO - [2024-04-29T00:45:23.433+0000] {dag.py:2573} INFO - Sync 1 DAGs
[2024-04-29T00:45:23.606+0000] {logging_mixin.py:117} INFO - [2024-04-29T00:45:23.606+0000] {dag.py:3328} INFO - Setting next_dagrun for example_bash_operator to 2024-04-28T00:00:00+00:00, run_after=2024-04-29T00:00:00+00:00
[2024-04-29T00:45:23.650+0000] {processor.py:178} INFO - Processing /home/airflow/.local/lib/python3.7/site-packages/airflow/example_dags/example_bash_operator.py took 0.591 seconds
[2024-04-29T00:45:54.463+0000] {processor.py:156} INFO - Started process (PID=7625) to work on /home/airflow/.local/lib/python3.7/site-packages/airflow/example_dags/example_bash_operator.py
[2024-04-29T00:45:54.464+0000] {processor.py:758} INFO - Processing file /home/airflow/.local/lib/python3.7/site-packages/airflow/example_dags/example_bash_operator.py for tasks to queue
[2024-04-29T00:45:54.464+0000] {logging_mixin.py:117} INFO - [2024-04-29T00:45:54.464+0000] {dagbag.py:525} INFO - Filling up the DagBag from /home/airflow/.local/lib/python3.7/site-packages/airflow/example_dags/example_bash_operator.py
[2024-04-29T00:45:54.491+0000] {processor.py:768} INFO - DAG(s) dict_keys(['example_bash_operator']) retrieved from /home/airflow/.local/lib/python3.7/site-packages/airflow/example_dags/example_bash_operator.py
[2024-04-29T00:45:54.548+0000] {logging_mixin.py:117} INFO - [2024-04-29T00:45:54.548+0000] {dag.py:2573} INFO - Sync 1 DAGs
[2024-04-29T00:45:54.587+0000] {logging_mixin.py:117} INFO - [2024-04-29T00:45:54.587+0000] {dag.py:3328} INFO - Setting next_dagrun for example_bash_operator to 2024-04-28T00:00:00+00:00, run_after=2024-04-29T00:00:00+00:00
[2024-04-29T00:45:54.614+0000] {processor.py:178} INFO - Processing /home/airflow/.local/lib/python3.7/site-packages/airflow/example_dags/example_bash_operator.py took 0.154 seconds
[2024-04-29T00:46:25.086+0000] {processor.py:156} INFO - Started process (PID=7850) to work on /home/airflow/.local/lib/python3.7/site-packages/airflow/example_dags/example_bash_operator.py
[2024-04-29T00:46:25.087+0000] {processor.py:758} INFO - Processing file /home/airflow/.local/lib/python3.7/site-packages/airflow/example_dags/example_bash_operator.py for tasks to queue
[2024-04-29T00:46:25.088+0000] {logging_mixin.py:117} INFO - [2024-04-29T00:46:25.087+0000] {dagbag.py:525} INFO - Filling up the DagBag from /home/airflow/.local/lib/python3.7/site-packages/airflow/example_dags/example_bash_operator.py
[2024-04-29T00:46:25.119+0000] {processor.py:768} INFO - DAG(s) dict_keys(['example_bash_operator']) retrieved from /home/airflow/.local/lib/python3.7/site-packages/airflow/example_dags/example_bash_operator.py
[2024-04-29T00:46:25.195+0000] {logging_mixin.py:117} INFO - [2024-04-29T00:46:25.195+0000] {dag.py:2573} INFO - Sync 1 DAGs
[2024-04-29T00:46:25.248+0000] {logging_mixin.py:117} INFO - [2024-04-29T00:46:25.248+0000] {dag.py:3328} INFO - Setting next_dagrun for example_bash_operator to 2024-04-28T00:00:00+00:00, run_after=2024-04-29T00:00:00+00:00
[2024-04-29T00:46:25.279+0000] {processor.py:178} INFO - Processing /home/airflow/.local/lib/python3.7/site-packages/airflow/example_dags/example_bash_operator.py took 0.196 seconds
[2024-04-29T00:46:55.659+0000] {processor.py:156} INFO - Started process (PID=8071) to work on /home/airflow/.local/lib/python3.7/site-packages/airflow/example_dags/example_bash_operator.py
[2024-04-29T00:46:55.661+0000] {processor.py:758} INFO - Processing file /home/airflow/.local/lib/python3.7/site-packages/airflow/example_dags/example_bash_operator.py for tasks to queue
[2024-04-29T00:46:55.662+0000] {logging_mixin.py:117} INFO - [2024-04-29T00:46:55.662+0000] {dagbag.py:525} INFO - Filling up the DagBag from /home/airflow/.local/lib/python3.7/site-packages/airflow/example_dags/example_bash_operator.py
[2024-04-29T00:46:55.711+0000] {processor.py:768} INFO - DAG(s) dict_keys(['example_bash_operator']) retrieved from /home/airflow/.local/lib/python3.7/site-packages/airflow/example_dags/example_bash_operator.py
[2024-04-29T00:46:55.787+0000] {logging_mixin.py:117} INFO - [2024-04-29T00:46:55.787+0000] {dag.py:2573} INFO - Sync 1 DAGs
[2024-04-29T00:46:55.825+0000] {logging_mixin.py:117} INFO - [2024-04-29T00:46:55.825+0000] {dag.py:3328} INFO - Setting next_dagrun for example_bash_operator to 2024-04-28T00:00:00+00:00, run_after=2024-04-29T00:00:00+00:00
[2024-04-29T00:46:55.854+0000] {processor.py:178} INFO - Processing /home/airflow/.local/lib/python3.7/site-packages/airflow/example_dags/example_bash_operator.py took 0.202 seconds
[2024-04-29T00:47:26.254+0000] {processor.py:156} INFO - Started process (PID=8287) to work on /home/airflow/.local/lib/python3.7/site-packages/airflow/example_dags/example_bash_operator.py
[2024-04-29T00:47:26.255+0000] {processor.py:758} INFO - Processing file /home/airflow/.local/lib/python3.7/site-packages/airflow/example_dags/example_bash_operator.py for tasks to queue
[2024-04-29T00:47:26.255+0000] {logging_mixin.py:117} INFO - [2024-04-29T00:47:26.255+0000] {dagbag.py:525} INFO - Filling up the DagBag from /home/airflow/.local/lib/python3.7/site-packages/airflow/example_dags/example_bash_operator.py
[2024-04-29T00:47:26.283+0000] {processor.py:768} INFO - DAG(s) dict_keys(['example_bash_operator']) retrieved from /home/airflow/.local/lib/python3.7/site-packages/airflow/example_dags/example_bash_operator.py
[2024-04-29T00:47:26.338+0000] {logging_mixin.py:117} INFO - [2024-04-29T00:47:26.338+0000] {dag.py:2573} INFO - Sync 1 DAGs
[2024-04-29T00:47:26.374+0000] {logging_mixin.py:117} INFO - [2024-04-29T00:47:26.374+0000] {dag.py:3328} INFO - Setting next_dagrun for example_bash_operator to 2024-04-28T00:00:00+00:00, run_after=2024-04-29T00:00:00+00:00
[2024-04-29T00:47:26.401+0000] {processor.py:178} INFO - Processing /home/airflow/.local/lib/python3.7/site-packages/airflow/example_dags/example_bash_operator.py took 0.151 seconds
[2024-04-29T00:47:56.994+0000] {processor.py:156} INFO - Started process (PID=8509) to work on /home/airflow/.local/lib/python3.7/site-packages/airflow/example_dags/example_bash_operator.py
[2024-04-29T00:47:56.994+0000] {processor.py:758} INFO - Processing file /home/airflow/.local/lib/python3.7/site-packages/airflow/example_dags/example_bash_operator.py for tasks to queue
[2024-04-29T00:47:56.995+0000] {logging_mixin.py:117} INFO - [2024-04-29T00:47:56.994+0000] {dagbag.py:525} INFO - Filling up the DagBag from /home/airflow/.local/lib/python3.7/site-packages/airflow/example_dags/example_bash_operator.py
[2024-04-29T00:47:57.033+0000] {processor.py:768} INFO - DAG(s) dict_keys(['example_bash_operator']) retrieved from /home/airflow/.local/lib/python3.7/site-packages/airflow/example_dags/example_bash_operator.py
[2024-04-29T00:47:57.125+0000] {logging_mixin.py:117} INFO - [2024-04-29T00:47:57.125+0000] {dag.py:2573} INFO - Sync 1 DAGs
[2024-04-29T00:47:57.215+0000] {logging_mixin.py:117} INFO - [2024-04-29T00:47:57.215+0000] {dag.py:3328} INFO - Setting next_dagrun for example_bash_operator to 2024-04-28T00:00:00+00:00, run_after=2024-04-29T00:00:00+00:00
[2024-04-29T00:47:57.262+0000] {processor.py:178} INFO - Processing /home/airflow/.local/lib/python3.7/site-packages/airflow/example_dags/example_bash_operator.py took 0.273 seconds
[2024-04-29T00:48:27.795+0000] {processor.py:156} INFO - Started process (PID=8732) to work on /home/airflow/.local/lib/python3.7/site-packages/airflow/example_dags/example_bash_operator.py
[2024-04-29T00:48:27.797+0000] {processor.py:758} INFO - Processing file /home/airflow/.local/lib/python3.7/site-packages/airflow/example_dags/example_bash_operator.py for tasks to queue
[2024-04-29T00:48:27.798+0000] {logging_mixin.py:117} INFO - [2024-04-29T00:48:27.797+0000] {dagbag.py:525} INFO - Filling up the DagBag from /home/airflow/.local/lib/python3.7/site-packages/airflow/example_dags/example_bash_operator.py
[2024-04-29T00:48:27.851+0000] {processor.py:768} INFO - DAG(s) dict_keys(['example_bash_operator']) retrieved from /home/airflow/.local/lib/python3.7/site-packages/airflow/example_dags/example_bash_operator.py
[2024-04-29T00:48:28.015+0000] {logging_mixin.py:117} INFO - [2024-04-29T00:48:28.015+0000] {dag.py:2573} INFO - Sync 1 DAGs
[2024-04-29T00:48:28.058+0000] {logging_mixin.py:117} INFO - [2024-04-29T00:48:28.058+0000] {dag.py:3328} INFO - Setting next_dagrun for example_bash_operator to 2024-04-28T00:00:00+00:00, run_after=2024-04-29T00:00:00+00:00
[2024-04-29T00:48:28.085+0000] {processor.py:178} INFO - Processing /home/airflow/.local/lib/python3.7/site-packages/airflow/example_dags/example_bash_operator.py took 0.295 seconds
[2024-04-29T00:48:59.128+0000] {processor.py:156} INFO - Started process (PID=8944) to work on /home/airflow/.local/lib/python3.7/site-packages/airflow/example_dags/example_bash_operator.py
[2024-04-29T00:48:59.129+0000] {processor.py:758} INFO - Processing file /home/airflow/.local/lib/python3.7/site-packages/airflow/example_dags/example_bash_operator.py for tasks to queue
[2024-04-29T00:48:59.129+0000] {logging_mixin.py:117} INFO - [2024-04-29T00:48:59.129+0000] {dagbag.py:525} INFO - Filling up the DagBag from /home/airflow/.local/lib/python3.7/site-packages/airflow/example_dags/example_bash_operator.py
[2024-04-29T00:48:59.168+0000] {processor.py:768} INFO - DAG(s) dict_keys(['example_bash_operator']) retrieved from /home/airflow/.local/lib/python3.7/site-packages/airflow/example_dags/example_bash_operator.py
[2024-04-29T00:48:59.233+0000] {logging_mixin.py:117} INFO - [2024-04-29T00:48:59.233+0000] {dag.py:2573} INFO - Sync 1 DAGs
[2024-04-29T00:48:59.266+0000] {logging_mixin.py:117} INFO - [2024-04-29T00:48:59.266+0000] {dag.py:3328} INFO - Setting next_dagrun for example_bash_operator to 2024-04-28T00:00:00+00:00, run_after=2024-04-29T00:00:00+00:00
[2024-04-29T00:48:59.300+0000] {processor.py:178} INFO - Processing /home/airflow/.local/lib/python3.7/site-packages/airflow/example_dags/example_bash_operator.py took 0.175 seconds
[2024-04-29T00:49:29.647+0000] {processor.py:156} INFO - Started process (PID=9168) to work on /home/airflow/.local/lib/python3.7/site-packages/airflow/example_dags/example_bash_operator.py
[2024-04-29T00:49:29.647+0000] {processor.py:758} INFO - Processing file /home/airflow/.local/lib/python3.7/site-packages/airflow/example_dags/example_bash_operator.py for tasks to queue
[2024-04-29T00:49:29.648+0000] {logging_mixin.py:117} INFO - [2024-04-29T00:49:29.648+0000] {dagbag.py:525} INFO - Filling up the DagBag from /home/airflow/.local/lib/python3.7/site-packages/airflow/example_dags/example_bash_operator.py
[2024-04-29T00:49:29.673+0000] {processor.py:768} INFO - DAG(s) dict_keys(['example_bash_operator']) retrieved from /home/airflow/.local/lib/python3.7/site-packages/airflow/example_dags/example_bash_operator.py
[2024-04-29T00:49:29.730+0000] {logging_mixin.py:117} INFO - [2024-04-29T00:49:29.730+0000] {dag.py:2573} INFO - Sync 1 DAGs
[2024-04-29T00:49:29.764+0000] {logging_mixin.py:117} INFO - [2024-04-29T00:49:29.764+0000] {dag.py:3328} INFO - Setting next_dagrun for example_bash_operator to 2024-04-28T00:00:00+00:00, run_after=2024-04-29T00:00:00+00:00
[2024-04-29T00:49:29.795+0000] {processor.py:178} INFO - Processing /home/airflow/.local/lib/python3.7/site-packages/airflow/example_dags/example_bash_operator.py took 0.152 seconds
[2024-04-29T00:50:00.525+0000] {processor.py:156} INFO - Started process (PID=9391) to work on /home/airflow/.local/lib/python3.7/site-packages/airflow/example_dags/example_bash_operator.py
[2024-04-29T00:50:00.526+0000] {processor.py:758} INFO - Processing file /home/airflow/.local/lib/python3.7/site-packages/airflow/example_dags/example_bash_operator.py for tasks to queue
[2024-04-29T00:50:00.526+0000] {logging_mixin.py:117} INFO - [2024-04-29T00:50:00.526+0000] {dagbag.py:525} INFO - Filling up the DagBag from /home/airflow/.local/lib/python3.7/site-packages/airflow/example_dags/example_bash_operator.py
[2024-04-29T00:50:00.554+0000] {processor.py:768} INFO - DAG(s) dict_keys(['example_bash_operator']) retrieved from /home/airflow/.local/lib/python3.7/site-packages/airflow/example_dags/example_bash_operator.py
[2024-04-29T00:50:00.611+0000] {logging_mixin.py:117} INFO - [2024-04-29T00:50:00.611+0000] {dag.py:2573} INFO - Sync 1 DAGs
[2024-04-29T00:50:00.645+0000] {logging_mixin.py:117} INFO - [2024-04-29T00:50:00.645+0000] {dag.py:3328} INFO - Setting next_dagrun for example_bash_operator to 2024-04-28T00:00:00+00:00, run_after=2024-04-29T00:00:00+00:00
[2024-04-29T00:50:00.669+0000] {processor.py:178} INFO - Processing /home/airflow/.local/lib/python3.7/site-packages/airflow/example_dags/example_bash_operator.py took 0.148 seconds
[2024-04-29T00:50:31.481+0000] {processor.py:156} INFO - Started process (PID=9606) to work on /home/airflow/.local/lib/python3.7/site-packages/airflow/example_dags/example_bash_operator.py
[2024-04-29T00:50:31.482+0000] {processor.py:758} INFO - Processing file /home/airflow/.local/lib/python3.7/site-packages/airflow/example_dags/example_bash_operator.py for tasks to queue
[2024-04-29T00:50:31.482+0000] {logging_mixin.py:117} INFO - [2024-04-29T00:50:31.482+0000] {dagbag.py:525} INFO - Filling up the DagBag from /home/airflow/.local/lib/python3.7/site-packages/airflow/example_dags/example_bash_operator.py
[2024-04-29T00:50:31.507+0000] {processor.py:768} INFO - DAG(s) dict_keys(['example_bash_operator']) retrieved from /home/airflow/.local/lib/python3.7/site-packages/airflow/example_dags/example_bash_operator.py
[2024-04-29T00:50:31.561+0000] {logging_mixin.py:117} INFO - [2024-04-29T00:50:31.560+0000] {dag.py:2573} INFO - Sync 1 DAGs
[2024-04-29T00:50:31.595+0000] {logging_mixin.py:117} INFO - [2024-04-29T00:50:31.595+0000] {dag.py:3328} INFO - Setting next_dagrun for example_bash_operator to 2024-04-28T00:00:00+00:00, run_after=2024-04-29T00:00:00+00:00
[2024-04-29T00:50:31.620+0000] {processor.py:178} INFO - Processing /home/airflow/.local/lib/python3.7/site-packages/airflow/example_dags/example_bash_operator.py took 0.142 seconds
[2024-04-29T00:51:02.028+0000] {processor.py:156} INFO - Started process (PID=9828) to work on /home/airflow/.local/lib/python3.7/site-packages/airflow/example_dags/example_bash_operator.py
[2024-04-29T00:51:02.028+0000] {processor.py:758} INFO - Processing file /home/airflow/.local/lib/python3.7/site-packages/airflow/example_dags/example_bash_operator.py for tasks to queue
[2024-04-29T00:51:02.029+0000] {logging_mixin.py:117} INFO - [2024-04-29T00:51:02.029+0000] {dagbag.py:525} INFO - Filling up the DagBag from /home/airflow/.local/lib/python3.7/site-packages/airflow/example_dags/example_bash_operator.py
[2024-04-29T00:51:02.055+0000] {processor.py:768} INFO - DAG(s) dict_keys(['example_bash_operator']) retrieved from /home/airflow/.local/lib/python3.7/site-packages/airflow/example_dags/example_bash_operator.py
[2024-04-29T00:51:02.116+0000] {logging_mixin.py:117} INFO - [2024-04-29T00:51:02.115+0000] {dag.py:2573} INFO - Sync 1 DAGs
[2024-04-29T00:51:02.150+0000] {logging_mixin.py:117} INFO - [2024-04-29T00:51:02.150+0000] {dag.py:3328} INFO - Setting next_dagrun for example_bash_operator to 2024-04-28T00:00:00+00:00, run_after=2024-04-29T00:00:00+00:00
[2024-04-29T00:51:02.178+0000] {processor.py:178} INFO - Processing /home/airflow/.local/lib/python3.7/site-packages/airflow/example_dags/example_bash_operator.py took 0.154 seconds
[2024-04-29T00:51:32.267+0000] {processor.py:156} INFO - Started process (PID=10050) to work on /home/airflow/.local/lib/python3.7/site-packages/airflow/example_dags/example_bash_operator.py
[2024-04-29T00:51:32.267+0000] {processor.py:758} INFO - Processing file /home/airflow/.local/lib/python3.7/site-packages/airflow/example_dags/example_bash_operator.py for tasks to queue
[2024-04-29T00:51:32.269+0000] {logging_mixin.py:117} INFO - [2024-04-29T00:51:32.269+0000] {dagbag.py:525} INFO - Filling up the DagBag from /home/airflow/.local/lib/python3.7/site-packages/airflow/example_dags/example_bash_operator.py
[2024-04-29T00:51:32.295+0000] {processor.py:768} INFO - DAG(s) dict_keys(['example_bash_operator']) retrieved from /home/airflow/.local/lib/python3.7/site-packages/airflow/example_dags/example_bash_operator.py
[2024-04-29T00:51:32.354+0000] {logging_mixin.py:117} INFO - [2024-04-29T00:51:32.354+0000] {dag.py:2573} INFO - Sync 1 DAGs
[2024-04-29T00:51:32.392+0000] {logging_mixin.py:117} INFO - [2024-04-29T00:51:32.391+0000] {dag.py:3328} INFO - Setting next_dagrun for example_bash_operator to 2024-04-28T00:00:00+00:00, run_after=2024-04-29T00:00:00+00:00
[2024-04-29T00:51:32.416+0000] {processor.py:178} INFO - Processing /home/airflow/.local/lib/python3.7/site-packages/airflow/example_dags/example_bash_operator.py took 0.152 seconds
[2024-04-29T00:52:02.629+0000] {processor.py:156} INFO - Started process (PID=10263) to work on /home/airflow/.local/lib/python3.7/site-packages/airflow/example_dags/example_bash_operator.py
[2024-04-29T00:52:02.630+0000] {processor.py:758} INFO - Processing file /home/airflow/.local/lib/python3.7/site-packages/airflow/example_dags/example_bash_operator.py for tasks to queue
[2024-04-29T00:52:02.630+0000] {logging_mixin.py:117} INFO - [2024-04-29T00:52:02.630+0000] {dagbag.py:525} INFO - Filling up the DagBag from /home/airflow/.local/lib/python3.7/site-packages/airflow/example_dags/example_bash_operator.py
[2024-04-29T00:52:02.656+0000] {processor.py:768} INFO - DAG(s) dict_keys(['example_bash_operator']) retrieved from /home/airflow/.local/lib/python3.7/site-packages/airflow/example_dags/example_bash_operator.py
[2024-04-29T00:52:02.716+0000] {logging_mixin.py:117} INFO - [2024-04-29T00:52:02.716+0000] {dag.py:2573} INFO - Sync 1 DAGs
[2024-04-29T00:52:02.748+0000] {logging_mixin.py:117} INFO - [2024-04-29T00:52:02.748+0000] {dag.py:3328} INFO - Setting next_dagrun for example_bash_operator to 2024-04-28T00:00:00+00:00, run_after=2024-04-29T00:00:00+00:00
[2024-04-29T00:52:02.786+0000] {processor.py:178} INFO - Processing /home/airflow/.local/lib/python3.7/site-packages/airflow/example_dags/example_bash_operator.py took 0.160 seconds
[2024-04-29T00:52:33.420+0000] {processor.py:156} INFO - Started process (PID=10488) to work on /home/airflow/.local/lib/python3.7/site-packages/airflow/example_dags/example_bash_operator.py
[2024-04-29T00:52:33.420+0000] {processor.py:758} INFO - Processing file /home/airflow/.local/lib/python3.7/site-packages/airflow/example_dags/example_bash_operator.py for tasks to queue
[2024-04-29T00:52:33.421+0000] {logging_mixin.py:117} INFO - [2024-04-29T00:52:33.421+0000] {dagbag.py:525} INFO - Filling up the DagBag from /home/airflow/.local/lib/python3.7/site-packages/airflow/example_dags/example_bash_operator.py
[2024-04-29T00:52:33.448+0000] {processor.py:768} INFO - DAG(s) dict_keys(['example_bash_operator']) retrieved from /home/airflow/.local/lib/python3.7/site-packages/airflow/example_dags/example_bash_operator.py
[2024-04-29T00:52:33.508+0000] {logging_mixin.py:117} INFO - [2024-04-29T00:52:33.508+0000] {dag.py:2573} INFO - Sync 1 DAGs
[2024-04-29T00:52:33.542+0000] {logging_mixin.py:117} INFO - [2024-04-29T00:52:33.542+0000] {dag.py:3328} INFO - Setting next_dagrun for example_bash_operator to 2024-04-28T00:00:00+00:00, run_after=2024-04-29T00:00:00+00:00
[2024-04-29T00:52:33.604+0000] {processor.py:178} INFO - Processing /home/airflow/.local/lib/python3.7/site-packages/airflow/example_dags/example_bash_operator.py took 0.187 seconds
[2024-04-29T00:53:04.220+0000] {processor.py:156} INFO - Started process (PID=10712) to work on /home/airflow/.local/lib/python3.7/site-packages/airflow/example_dags/example_bash_operator.py
[2024-04-29T00:53:04.221+0000] {processor.py:758} INFO - Processing file /home/airflow/.local/lib/python3.7/site-packages/airflow/example_dags/example_bash_operator.py for tasks to queue
[2024-04-29T00:53:04.222+0000] {logging_mixin.py:117} INFO - [2024-04-29T00:53:04.222+0000] {dagbag.py:525} INFO - Filling up the DagBag from /home/airflow/.local/lib/python3.7/site-packages/airflow/example_dags/example_bash_operator.py
[2024-04-29T00:53:04.249+0000] {processor.py:768} INFO - DAG(s) dict_keys(['example_bash_operator']) retrieved from /home/airflow/.local/lib/python3.7/site-packages/airflow/example_dags/example_bash_operator.py
[2024-04-29T00:53:04.306+0000] {logging_mixin.py:117} INFO - [2024-04-29T00:53:04.305+0000] {dag.py:2573} INFO - Sync 1 DAGs
[2024-04-29T00:53:04.340+0000] {logging_mixin.py:117} INFO - [2024-04-29T00:53:04.340+0000] {dag.py:3328} INFO - Setting next_dagrun for example_bash_operator to 2024-04-28T00:00:00+00:00, run_after=2024-04-29T00:00:00+00:00
[2024-04-29T00:53:04.364+0000] {processor.py:178} INFO - Processing /home/airflow/.local/lib/python3.7/site-packages/airflow/example_dags/example_bash_operator.py took 0.147 seconds
[2024-04-29T00:53:34.579+0000] {processor.py:156} INFO - Started process (PID=10925) to work on /home/airflow/.local/lib/python3.7/site-packages/airflow/example_dags/example_bash_operator.py
[2024-04-29T00:53:34.579+0000] {processor.py:758} INFO - Processing file /home/airflow/.local/lib/python3.7/site-packages/airflow/example_dags/example_bash_operator.py for tasks to queue
[2024-04-29T00:53:34.580+0000] {logging_mixin.py:117} INFO - [2024-04-29T00:53:34.580+0000] {dagbag.py:525} INFO - Filling up the DagBag from /home/airflow/.local/lib/python3.7/site-packages/airflow/example_dags/example_bash_operator.py
[2024-04-29T00:53:34.606+0000] {processor.py:768} INFO - DAG(s) dict_keys(['example_bash_operator']) retrieved from /home/airflow/.local/lib/python3.7/site-packages/airflow/example_dags/example_bash_operator.py
[2024-04-29T00:53:34.664+0000] {logging_mixin.py:117} INFO - [2024-04-29T00:53:34.664+0000] {dag.py:2573} INFO - Sync 1 DAGs
[2024-04-29T00:53:34.710+0000] {logging_mixin.py:117} INFO - [2024-04-29T00:53:34.710+0000] {dag.py:3328} INFO - Setting next_dagrun for example_bash_operator to 2024-04-28T00:00:00+00:00, run_after=2024-04-29T00:00:00+00:00
[2024-04-29T00:53:34.736+0000] {processor.py:178} INFO - Processing /home/airflow/.local/lib/python3.7/site-packages/airflow/example_dags/example_bash_operator.py took 0.161 seconds
[2024-04-29T00:54:05.306+0000] {processor.py:156} INFO - Started process (PID=11149) to work on /home/airflow/.local/lib/python3.7/site-packages/airflow/example_dags/example_bash_operator.py
[2024-04-29T00:54:05.310+0000] {processor.py:758} INFO - Processing file /home/airflow/.local/lib/python3.7/site-packages/airflow/example_dags/example_bash_operator.py for tasks to queue
[2024-04-29T00:54:05.313+0000] {logging_mixin.py:117} INFO - [2024-04-29T00:54:05.313+0000] {dagbag.py:525} INFO - Filling up the DagBag from /home/airflow/.local/lib/python3.7/site-packages/airflow/example_dags/example_bash_operator.py
[2024-04-29T00:54:05.339+0000] {processor.py:768} INFO - DAG(s) dict_keys(['example_bash_operator']) retrieved from /home/airflow/.local/lib/python3.7/site-packages/airflow/example_dags/example_bash_operator.py
[2024-04-29T00:54:05.396+0000] {logging_mixin.py:117} INFO - [2024-04-29T00:54:05.396+0000] {dag.py:2573} INFO - Sync 1 DAGs
[2024-04-29T00:54:05.431+0000] {logging_mixin.py:117} INFO - [2024-04-29T00:54:05.431+0000] {dag.py:3328} INFO - Setting next_dagrun for example_bash_operator to 2024-04-28T00:00:00+00:00, run_after=2024-04-29T00:00:00+00:00
[2024-04-29T00:54:05.454+0000] {processor.py:178} INFO - Processing /home/airflow/.local/lib/python3.7/site-packages/airflow/example_dags/example_bash_operator.py took 0.152 seconds
[2024-04-29T00:54:36.251+0000] {processor.py:156} INFO - Started process (PID=11373) to work on /home/airflow/.local/lib/python3.7/site-packages/airflow/example_dags/example_bash_operator.py
[2024-04-29T00:54:36.252+0000] {processor.py:758} INFO - Processing file /home/airflow/.local/lib/python3.7/site-packages/airflow/example_dags/example_bash_operator.py for tasks to queue
[2024-04-29T00:54:36.252+0000] {logging_mixin.py:117} INFO - [2024-04-29T00:54:36.252+0000] {dagbag.py:525} INFO - Filling up the DagBag from /home/airflow/.local/lib/python3.7/site-packages/airflow/example_dags/example_bash_operator.py
[2024-04-29T00:54:36.341+0000] {processor.py:768} INFO - DAG(s) dict_keys(['example_bash_operator']) retrieved from /home/airflow/.local/lib/python3.7/site-packages/airflow/example_dags/example_bash_operator.py
[2024-04-29T00:54:36.571+0000] {logging_mixin.py:117} INFO - [2024-04-29T00:54:36.570+0000] {dag.py:2573} INFO - Sync 1 DAGs
[2024-04-29T00:54:36.629+0000] {logging_mixin.py:117} INFO - [2024-04-29T00:54:36.629+0000] {dag.py:3328} INFO - Setting next_dagrun for example_bash_operator to 2024-04-28T00:00:00+00:00, run_after=2024-04-29T00:00:00+00:00
[2024-04-29T00:54:36.659+0000] {processor.py:178} INFO - Processing /home/airflow/.local/lib/python3.7/site-packages/airflow/example_dags/example_bash_operator.py took 0.411 seconds
[2024-04-29T00:55:07.627+0000] {processor.py:156} INFO - Started process (PID=11587) to work on /home/airflow/.local/lib/python3.7/site-packages/airflow/example_dags/example_bash_operator.py
[2024-04-29T00:55:07.628+0000] {processor.py:758} INFO - Processing file /home/airflow/.local/lib/python3.7/site-packages/airflow/example_dags/example_bash_operator.py for tasks to queue
[2024-04-29T00:55:07.628+0000] {logging_mixin.py:117} INFO - [2024-04-29T00:55:07.628+0000] {dagbag.py:525} INFO - Filling up the DagBag from /home/airflow/.local/lib/python3.7/site-packages/airflow/example_dags/example_bash_operator.py
[2024-04-29T00:55:07.656+0000] {processor.py:768} INFO - DAG(s) dict_keys(['example_bash_operator']) retrieved from /home/airflow/.local/lib/python3.7/site-packages/airflow/example_dags/example_bash_operator.py
[2024-04-29T00:55:07.721+0000] {logging_mixin.py:117} INFO - [2024-04-29T00:55:07.721+0000] {dag.py:2573} INFO - Sync 1 DAGs
[2024-04-29T00:55:07.762+0000] {logging_mixin.py:117} INFO - [2024-04-29T00:55:07.762+0000] {dag.py:3328} INFO - Setting next_dagrun for example_bash_operator to 2024-04-28T00:00:00+00:00, run_after=2024-04-29T00:00:00+00:00
[2024-04-29T00:55:07.799+0000] {processor.py:178} INFO - Processing /home/airflow/.local/lib/python3.7/site-packages/airflow/example_dags/example_bash_operator.py took 0.175 seconds
