[2024-04-29T00:28:47.824+0000] {processor.py:156} INFO - Started process (PID=235) to work on /home/airflow/.local/lib/python3.7/site-packages/airflow/example_dags/example_time_delta_sensor_async.py
[2024-04-29T00:28:47.826+0000] {processor.py:758} INFO - Processing file /home/airflow/.local/lib/python3.7/site-packages/airflow/example_dags/example_time_delta_sensor_async.py for tasks to queue
[2024-04-29T00:28:47.831+0000] {logging_mixin.py:117} INFO - [2024-04-29T00:28:47.827+0000] {dagbag.py:525} INFO - Filling up the DagBag from /home/airflow/.local/lib/python3.7/site-packages/airflow/example_dags/example_time_delta_sensor_async.py
[2024-04-29T00:28:47.878+0000] {processor.py:768} INFO - DAG(s) dict_keys(['example_time_delta_sensor_async']) retrieved from /home/airflow/.local/lib/python3.7/site-packages/airflow/example_dags/example_time_delta_sensor_async.py
[2024-04-29T00:28:49.235+0000] {logging_mixin.py:117} INFO - [2024-04-29T00:28:49.235+0000] {dag.py:2573} INFO - Sync 1 DAGs
[2024-04-29T00:28:49.424+0000] {logging_mixin.py:117} INFO - [2024-04-29T00:28:49.424+0000] {dag.py:3328} INFO - Setting next_dagrun for example_time_delta_sensor_async to None, run_after=None
[2024-04-29T00:28:49.530+0000] {processor.py:178} INFO - Processing /home/airflow/.local/lib/python3.7/site-packages/airflow/example_dags/example_time_delta_sensor_async.py took 1.719 seconds
[2024-04-29T00:29:20.005+0000] {processor.py:156} INFO - Started process (PID=458) to work on /home/airflow/.local/lib/python3.7/site-packages/airflow/example_dags/example_time_delta_sensor_async.py
[2024-04-29T00:29:20.006+0000] {processor.py:758} INFO - Processing file /home/airflow/.local/lib/python3.7/site-packages/airflow/example_dags/example_time_delta_sensor_async.py for tasks to queue
[2024-04-29T00:29:20.007+0000] {logging_mixin.py:117} INFO - [2024-04-29T00:29:20.007+0000] {dagbag.py:525} INFO - Filling up the DagBag from /home/airflow/.local/lib/python3.7/site-packages/airflow/example_dags/example_time_delta_sensor_async.py
[2024-04-29T00:29:20.033+0000] {processor.py:768} INFO - DAG(s) dict_keys(['example_time_delta_sensor_async']) retrieved from /home/airflow/.local/lib/python3.7/site-packages/airflow/example_dags/example_time_delta_sensor_async.py
[2024-04-29T00:29:20.352+0000] {logging_mixin.py:117} INFO - [2024-04-29T00:29:20.351+0000] {dag.py:2573} INFO - Sync 1 DAGs
[2024-04-29T00:29:20.384+0000] {logging_mixin.py:117} INFO - [2024-04-29T00:29:20.383+0000] {dag.py:3328} INFO - Setting next_dagrun for example_time_delta_sensor_async to None, run_after=None
[2024-04-29T00:29:20.414+0000] {processor.py:178} INFO - Processing /home/airflow/.local/lib/python3.7/site-packages/airflow/example_dags/example_time_delta_sensor_async.py took 0.412 seconds
[2024-04-29T00:29:50.495+0000] {processor.py:156} INFO - Started process (PID=685) to work on /home/airflow/.local/lib/python3.7/site-packages/airflow/example_dags/example_time_delta_sensor_async.py
[2024-04-29T00:29:50.496+0000] {processor.py:758} INFO - Processing file /home/airflow/.local/lib/python3.7/site-packages/airflow/example_dags/example_time_delta_sensor_async.py for tasks to queue
[2024-04-29T00:29:50.496+0000] {logging_mixin.py:117} INFO - [2024-04-29T00:29:50.496+0000] {dagbag.py:525} INFO - Filling up the DagBag from /home/airflow/.local/lib/python3.7/site-packages/airflow/example_dags/example_time_delta_sensor_async.py
[2024-04-29T00:29:50.514+0000] {processor.py:768} INFO - DAG(s) dict_keys(['example_time_delta_sensor_async']) retrieved from /home/airflow/.local/lib/python3.7/site-packages/airflow/example_dags/example_time_delta_sensor_async.py
[2024-04-29T00:29:51.075+0000] {logging_mixin.py:117} INFO - [2024-04-29T00:29:51.075+0000] {dag.py:2573} INFO - Sync 1 DAGs
[2024-04-29T00:29:51.109+0000] {logging_mixin.py:117} INFO - [2024-04-29T00:29:51.108+0000] {dag.py:3328} INFO - Setting next_dagrun for example_time_delta_sensor_async to None, run_after=None
[2024-04-29T00:29:51.137+0000] {processor.py:178} INFO - Processing /home/airflow/.local/lib/python3.7/site-packages/airflow/example_dags/example_time_delta_sensor_async.py took 0.645 seconds
[2024-04-29T00:30:21.651+0000] {processor.py:156} INFO - Started process (PID=905) to work on /home/airflow/.local/lib/python3.7/site-packages/airflow/example_dags/example_time_delta_sensor_async.py
[2024-04-29T00:30:21.658+0000] {processor.py:758} INFO - Processing file /home/airflow/.local/lib/python3.7/site-packages/airflow/example_dags/example_time_delta_sensor_async.py for tasks to queue
[2024-04-29T00:30:21.658+0000] {logging_mixin.py:117} INFO - [2024-04-29T00:30:21.658+0000] {dagbag.py:525} INFO - Filling up the DagBag from /home/airflow/.local/lib/python3.7/site-packages/airflow/example_dags/example_time_delta_sensor_async.py
[2024-04-29T00:30:21.682+0000] {processor.py:768} INFO - DAG(s) dict_keys(['example_time_delta_sensor_async']) retrieved from /home/airflow/.local/lib/python3.7/site-packages/airflow/example_dags/example_time_delta_sensor_async.py
[2024-04-29T00:30:21.942+0000] {logging_mixin.py:117} INFO - [2024-04-29T00:30:21.942+0000] {dag.py:2573} INFO - Sync 1 DAGs
[2024-04-29T00:30:21.970+0000] {logging_mixin.py:117} INFO - [2024-04-29T00:30:21.970+0000] {dag.py:3328} INFO - Setting next_dagrun for example_time_delta_sensor_async to None, run_after=None
[2024-04-29T00:30:21.997+0000] {processor.py:178} INFO - Processing /home/airflow/.local/lib/python3.7/site-packages/airflow/example_dags/example_time_delta_sensor_async.py took 0.349 seconds
[2024-04-29T00:30:52.617+0000] {processor.py:156} INFO - Started process (PID=1118) to work on /home/airflow/.local/lib/python3.7/site-packages/airflow/example_dags/example_time_delta_sensor_async.py
[2024-04-29T00:30:52.618+0000] {processor.py:758} INFO - Processing file /home/airflow/.local/lib/python3.7/site-packages/airflow/example_dags/example_time_delta_sensor_async.py for tasks to queue
[2024-04-29T00:30:52.619+0000] {logging_mixin.py:117} INFO - [2024-04-29T00:30:52.618+0000] {dagbag.py:525} INFO - Filling up the DagBag from /home/airflow/.local/lib/python3.7/site-packages/airflow/example_dags/example_time_delta_sensor_async.py
[2024-04-29T00:30:52.645+0000] {processor.py:768} INFO - DAG(s) dict_keys(['example_time_delta_sensor_async']) retrieved from /home/airflow/.local/lib/python3.7/site-packages/airflow/example_dags/example_time_delta_sensor_async.py
[2024-04-29T00:30:52.980+0000] {logging_mixin.py:117} INFO - [2024-04-29T00:30:52.980+0000] {dag.py:2573} INFO - Sync 1 DAGs
[2024-04-29T00:30:53.159+0000] {logging_mixin.py:117} INFO - [2024-04-29T00:30:53.159+0000] {dag.py:3328} INFO - Setting next_dagrun for example_time_delta_sensor_async to None, run_after=None
[2024-04-29T00:30:53.183+0000] {processor.py:178} INFO - Processing /home/airflow/.local/lib/python3.7/site-packages/airflow/example_dags/example_time_delta_sensor_async.py took 0.571 seconds
[2024-04-29T00:31:23.397+0000] {processor.py:156} INFO - Started process (PID=1345) to work on /home/airflow/.local/lib/python3.7/site-packages/airflow/example_dags/example_time_delta_sensor_async.py
[2024-04-29T00:31:23.397+0000] {processor.py:758} INFO - Processing file /home/airflow/.local/lib/python3.7/site-packages/airflow/example_dags/example_time_delta_sensor_async.py for tasks to queue
[2024-04-29T00:31:23.398+0000] {logging_mixin.py:117} INFO - [2024-04-29T00:31:23.398+0000] {dagbag.py:525} INFO - Filling up the DagBag from /home/airflow/.local/lib/python3.7/site-packages/airflow/example_dags/example_time_delta_sensor_async.py
[2024-04-29T00:31:23.416+0000] {processor.py:768} INFO - DAG(s) dict_keys(['example_time_delta_sensor_async']) retrieved from /home/airflow/.local/lib/python3.7/site-packages/airflow/example_dags/example_time_delta_sensor_async.py
[2024-04-29T00:31:23.862+0000] {logging_mixin.py:117} INFO - [2024-04-29T00:31:23.862+0000] {dag.py:2573} INFO - Sync 1 DAGs
[2024-04-29T00:31:24.271+0000] {logging_mixin.py:117} INFO - [2024-04-29T00:31:24.271+0000] {dag.py:3328} INFO - Setting next_dagrun for example_time_delta_sensor_async to None, run_after=None
[2024-04-29T00:31:24.323+0000] {processor.py:178} INFO - Processing /home/airflow/.local/lib/python3.7/site-packages/airflow/example_dags/example_time_delta_sensor_async.py took 0.929 seconds
[2024-04-29T00:31:54.645+0000] {processor.py:156} INFO - Started process (PID=1566) to work on /home/airflow/.local/lib/python3.7/site-packages/airflow/example_dags/example_time_delta_sensor_async.py
[2024-04-29T00:31:54.646+0000] {processor.py:758} INFO - Processing file /home/airflow/.local/lib/python3.7/site-packages/airflow/example_dags/example_time_delta_sensor_async.py for tasks to queue
[2024-04-29T00:31:54.647+0000] {logging_mixin.py:117} INFO - [2024-04-29T00:31:54.646+0000] {dagbag.py:525} INFO - Filling up the DagBag from /home/airflow/.local/lib/python3.7/site-packages/airflow/example_dags/example_time_delta_sensor_async.py
[2024-04-29T00:31:54.658+0000] {processor.py:768} INFO - DAG(s) dict_keys(['example_time_delta_sensor_async']) retrieved from /home/airflow/.local/lib/python3.7/site-packages/airflow/example_dags/example_time_delta_sensor_async.py
[2024-04-29T00:31:55.057+0000] {logging_mixin.py:117} INFO - [2024-04-29T00:31:55.057+0000] {dag.py:2573} INFO - Sync 1 DAGs
[2024-04-29T00:31:55.089+0000] {logging_mixin.py:117} INFO - [2024-04-29T00:31:55.089+0000] {dag.py:3328} INFO - Setting next_dagrun for example_time_delta_sensor_async to None, run_after=None
[2024-04-29T00:31:55.114+0000] {processor.py:178} INFO - Processing /home/airflow/.local/lib/python3.7/site-packages/airflow/example_dags/example_time_delta_sensor_async.py took 0.471 seconds
[2024-04-29T00:32:25.354+0000] {processor.py:156} INFO - Started process (PID=1789) to work on /home/airflow/.local/lib/python3.7/site-packages/airflow/example_dags/example_time_delta_sensor_async.py
[2024-04-29T00:32:25.355+0000] {processor.py:758} INFO - Processing file /home/airflow/.local/lib/python3.7/site-packages/airflow/example_dags/example_time_delta_sensor_async.py for tasks to queue
[2024-04-29T00:32:25.356+0000] {logging_mixin.py:117} INFO - [2024-04-29T00:32:25.355+0000] {dagbag.py:525} INFO - Filling up the DagBag from /home/airflow/.local/lib/python3.7/site-packages/airflow/example_dags/example_time_delta_sensor_async.py
[2024-04-29T00:32:25.368+0000] {processor.py:768} INFO - DAG(s) dict_keys(['example_time_delta_sensor_async']) retrieved from /home/airflow/.local/lib/python3.7/site-packages/airflow/example_dags/example_time_delta_sensor_async.py
[2024-04-29T00:32:25.696+0000] {logging_mixin.py:117} INFO - [2024-04-29T00:32:25.695+0000] {dag.py:2573} INFO - Sync 1 DAGs
[2024-04-29T00:32:25.733+0000] {logging_mixin.py:117} INFO - [2024-04-29T00:32:25.733+0000] {dag.py:3328} INFO - Setting next_dagrun for example_time_delta_sensor_async to None, run_after=None
[2024-04-29T00:32:25.799+0000] {processor.py:178} INFO - Processing /home/airflow/.local/lib/python3.7/site-packages/airflow/example_dags/example_time_delta_sensor_async.py took 0.451 seconds
[2024-04-29T00:32:55.966+0000] {processor.py:156} INFO - Started process (PID=2011) to work on /home/airflow/.local/lib/python3.7/site-packages/airflow/example_dags/example_time_delta_sensor_async.py
[2024-04-29T00:32:55.967+0000] {processor.py:758} INFO - Processing file /home/airflow/.local/lib/python3.7/site-packages/airflow/example_dags/example_time_delta_sensor_async.py for tasks to queue
[2024-04-29T00:32:55.968+0000] {logging_mixin.py:117} INFO - [2024-04-29T00:32:55.968+0000] {dagbag.py:525} INFO - Filling up the DagBag from /home/airflow/.local/lib/python3.7/site-packages/airflow/example_dags/example_time_delta_sensor_async.py
[2024-04-29T00:32:55.980+0000] {processor.py:768} INFO - DAG(s) dict_keys(['example_time_delta_sensor_async']) retrieved from /home/airflow/.local/lib/python3.7/site-packages/airflow/example_dags/example_time_delta_sensor_async.py
[2024-04-29T00:32:56.292+0000] {logging_mixin.py:117} INFO - [2024-04-29T00:32:56.292+0000] {dag.py:2573} INFO - Sync 1 DAGs
[2024-04-29T00:32:56.312+0000] {logging_mixin.py:117} INFO - [2024-04-29T00:32:56.312+0000] {dag.py:3328} INFO - Setting next_dagrun for example_time_delta_sensor_async to None, run_after=None
[2024-04-29T00:32:56.332+0000] {processor.py:178} INFO - Processing /home/airflow/.local/lib/python3.7/site-packages/airflow/example_dags/example_time_delta_sensor_async.py took 0.368 seconds
[2024-04-29T00:33:26.595+0000] {processor.py:156} INFO - Started process (PID=2215) to work on /home/airflow/.local/lib/python3.7/site-packages/airflow/example_dags/example_time_delta_sensor_async.py
[2024-04-29T00:33:26.596+0000] {processor.py:758} INFO - Processing file /home/airflow/.local/lib/python3.7/site-packages/airflow/example_dags/example_time_delta_sensor_async.py for tasks to queue
[2024-04-29T00:33:26.596+0000] {logging_mixin.py:117} INFO - [2024-04-29T00:33:26.596+0000] {dagbag.py:525} INFO - Filling up the DagBag from /home/airflow/.local/lib/python3.7/site-packages/airflow/example_dags/example_time_delta_sensor_async.py
[2024-04-29T00:33:26.613+0000] {processor.py:768} INFO - DAG(s) dict_keys(['example_time_delta_sensor_async']) retrieved from /home/airflow/.local/lib/python3.7/site-packages/airflow/example_dags/example_time_delta_sensor_async.py
[2024-04-29T00:33:26.896+0000] {logging_mixin.py:117} INFO - [2024-04-29T00:33:26.896+0000] {dag.py:2573} INFO - Sync 1 DAGs
[2024-04-29T00:33:27.064+0000] {logging_mixin.py:117} INFO - [2024-04-29T00:33:27.064+0000] {dag.py:3328} INFO - Setting next_dagrun for example_time_delta_sensor_async to None, run_after=None
[2024-04-29T00:33:27.090+0000] {processor.py:178} INFO - Processing /home/airflow/.local/lib/python3.7/site-packages/airflow/example_dags/example_time_delta_sensor_async.py took 0.499 seconds
[2024-04-29T00:33:57.502+0000] {processor.py:156} INFO - Started process (PID=2439) to work on /home/airflow/.local/lib/python3.7/site-packages/airflow/example_dags/example_time_delta_sensor_async.py
[2024-04-29T00:33:57.503+0000] {processor.py:758} INFO - Processing file /home/airflow/.local/lib/python3.7/site-packages/airflow/example_dags/example_time_delta_sensor_async.py for tasks to queue
[2024-04-29T00:33:57.504+0000] {logging_mixin.py:117} INFO - [2024-04-29T00:33:57.503+0000] {dagbag.py:525} INFO - Filling up the DagBag from /home/airflow/.local/lib/python3.7/site-packages/airflow/example_dags/example_time_delta_sensor_async.py
[2024-04-29T00:33:57.519+0000] {processor.py:768} INFO - DAG(s) dict_keys(['example_time_delta_sensor_async']) retrieved from /home/airflow/.local/lib/python3.7/site-packages/airflow/example_dags/example_time_delta_sensor_async.py
[2024-04-29T00:33:57.931+0000] {logging_mixin.py:117} INFO - [2024-04-29T00:33:57.931+0000] {dag.py:2573} INFO - Sync 1 DAGs
[2024-04-29T00:33:57.961+0000] {logging_mixin.py:117} INFO - [2024-04-29T00:33:57.961+0000] {dag.py:3328} INFO - Setting next_dagrun for example_time_delta_sensor_async to None, run_after=None
[2024-04-29T00:33:57.989+0000] {processor.py:178} INFO - Processing /home/airflow/.local/lib/python3.7/site-packages/airflow/example_dags/example_time_delta_sensor_async.py took 0.490 seconds
[2024-04-29T00:34:28.487+0000] {processor.py:156} INFO - Started process (PID=2661) to work on /home/airflow/.local/lib/python3.7/site-packages/airflow/example_dags/example_time_delta_sensor_async.py
[2024-04-29T00:34:28.488+0000] {processor.py:758} INFO - Processing file /home/airflow/.local/lib/python3.7/site-packages/airflow/example_dags/example_time_delta_sensor_async.py for tasks to queue
[2024-04-29T00:34:28.488+0000] {logging_mixin.py:117} INFO - [2024-04-29T00:34:28.488+0000] {dagbag.py:525} INFO - Filling up the DagBag from /home/airflow/.local/lib/python3.7/site-packages/airflow/example_dags/example_time_delta_sensor_async.py
[2024-04-29T00:34:28.520+0000] {processor.py:768} INFO - DAG(s) dict_keys(['example_time_delta_sensor_async']) retrieved from /home/airflow/.local/lib/python3.7/site-packages/airflow/example_dags/example_time_delta_sensor_async.py
[2024-04-29T00:34:29.169+0000] {logging_mixin.py:117} INFO - [2024-04-29T00:34:29.169+0000] {dag.py:2573} INFO - Sync 1 DAGs
[2024-04-29T00:34:29.199+0000] {logging_mixin.py:117} INFO - [2024-04-29T00:34:29.198+0000] {dag.py:3328} INFO - Setting next_dagrun for example_time_delta_sensor_async to None, run_after=None
[2024-04-29T00:34:29.232+0000] {processor.py:178} INFO - Processing /home/airflow/.local/lib/python3.7/site-packages/airflow/example_dags/example_time_delta_sensor_async.py took 0.748 seconds
[2024-04-29T00:35:00.229+0000] {processor.py:156} INFO - Started process (PID=2878) to work on /home/airflow/.local/lib/python3.7/site-packages/airflow/example_dags/example_time_delta_sensor_async.py
[2024-04-29T00:35:00.230+0000] {processor.py:758} INFO - Processing file /home/airflow/.local/lib/python3.7/site-packages/airflow/example_dags/example_time_delta_sensor_async.py for tasks to queue
[2024-04-29T00:35:00.231+0000] {logging_mixin.py:117} INFO - [2024-04-29T00:35:00.231+0000] {dagbag.py:525} INFO - Filling up the DagBag from /home/airflow/.local/lib/python3.7/site-packages/airflow/example_dags/example_time_delta_sensor_async.py
[2024-04-29T00:35:00.247+0000] {processor.py:768} INFO - DAG(s) dict_keys(['example_time_delta_sensor_async']) retrieved from /home/airflow/.local/lib/python3.7/site-packages/airflow/example_dags/example_time_delta_sensor_async.py
[2024-04-29T00:35:00.669+0000] {logging_mixin.py:117} INFO - [2024-04-29T00:35:00.669+0000] {dag.py:2573} INFO - Sync 1 DAGs
[2024-04-29T00:35:00.696+0000] {logging_mixin.py:117} INFO - [2024-04-29T00:35:00.696+0000] {dag.py:3328} INFO - Setting next_dagrun for example_time_delta_sensor_async to None, run_after=None
[2024-04-29T00:35:00.721+0000] {processor.py:178} INFO - Processing /home/airflow/.local/lib/python3.7/site-packages/airflow/example_dags/example_time_delta_sensor_async.py took 0.495 seconds
[2024-04-29T00:35:30.987+0000] {processor.py:156} INFO - Started process (PID=3102) to work on /home/airflow/.local/lib/python3.7/site-packages/airflow/example_dags/example_time_delta_sensor_async.py
[2024-04-29T00:35:30.988+0000] {processor.py:758} INFO - Processing file /home/airflow/.local/lib/python3.7/site-packages/airflow/example_dags/example_time_delta_sensor_async.py for tasks to queue
[2024-04-29T00:35:30.989+0000] {logging_mixin.py:117} INFO - [2024-04-29T00:35:30.989+0000] {dagbag.py:525} INFO - Filling up the DagBag from /home/airflow/.local/lib/python3.7/site-packages/airflow/example_dags/example_time_delta_sensor_async.py
[2024-04-29T00:35:31.004+0000] {processor.py:768} INFO - DAG(s) dict_keys(['example_time_delta_sensor_async']) retrieved from /home/airflow/.local/lib/python3.7/site-packages/airflow/example_dags/example_time_delta_sensor_async.py
[2024-04-29T00:35:31.254+0000] {logging_mixin.py:117} INFO - [2024-04-29T00:35:31.254+0000] {dag.py:2573} INFO - Sync 1 DAGs
[2024-04-29T00:35:31.428+0000] {logging_mixin.py:117} INFO - [2024-04-29T00:35:31.427+0000] {dag.py:3328} INFO - Setting next_dagrun for example_time_delta_sensor_async to None, run_after=None
[2024-04-29T00:35:31.452+0000] {processor.py:178} INFO - Processing /home/airflow/.local/lib/python3.7/site-packages/airflow/example_dags/example_time_delta_sensor_async.py took 0.468 seconds
[2024-04-29T00:36:01.698+0000] {processor.py:156} INFO - Started process (PID=3326) to work on /home/airflow/.local/lib/python3.7/site-packages/airflow/example_dags/example_time_delta_sensor_async.py
[2024-04-29T00:36:01.705+0000] {processor.py:758} INFO - Processing file /home/airflow/.local/lib/python3.7/site-packages/airflow/example_dags/example_time_delta_sensor_async.py for tasks to queue
[2024-04-29T00:36:01.706+0000] {logging_mixin.py:117} INFO - [2024-04-29T00:36:01.706+0000] {dagbag.py:525} INFO - Filling up the DagBag from /home/airflow/.local/lib/python3.7/site-packages/airflow/example_dags/example_time_delta_sensor_async.py
[2024-04-29T00:36:01.734+0000] {processor.py:768} INFO - DAG(s) dict_keys(['example_time_delta_sensor_async']) retrieved from /home/airflow/.local/lib/python3.7/site-packages/airflow/example_dags/example_time_delta_sensor_async.py
[2024-04-29T00:36:02.347+0000] {logging_mixin.py:117} INFO - [2024-04-29T00:36:02.347+0000] {dag.py:2573} INFO - Sync 1 DAGs
[2024-04-29T00:36:02.403+0000] {logging_mixin.py:117} INFO - [2024-04-29T00:36:02.403+0000] {dag.py:3328} INFO - Setting next_dagrun for example_time_delta_sensor_async to None, run_after=None
[2024-04-29T00:36:02.450+0000] {processor.py:178} INFO - Processing /home/airflow/.local/lib/python3.7/site-packages/airflow/example_dags/example_time_delta_sensor_async.py took 0.756 seconds
[2024-04-29T00:36:32.526+0000] {processor.py:156} INFO - Started process (PID=3539) to work on /home/airflow/.local/lib/python3.7/site-packages/airflow/example_dags/example_time_delta_sensor_async.py
[2024-04-29T00:36:32.527+0000] {processor.py:758} INFO - Processing file /home/airflow/.local/lib/python3.7/site-packages/airflow/example_dags/example_time_delta_sensor_async.py for tasks to queue
[2024-04-29T00:36:32.527+0000] {logging_mixin.py:117} INFO - [2024-04-29T00:36:32.527+0000] {dagbag.py:525} INFO - Filling up the DagBag from /home/airflow/.local/lib/python3.7/site-packages/airflow/example_dags/example_time_delta_sensor_async.py
[2024-04-29T00:36:32.544+0000] {processor.py:768} INFO - DAG(s) dict_keys(['example_time_delta_sensor_async']) retrieved from /home/airflow/.local/lib/python3.7/site-packages/airflow/example_dags/example_time_delta_sensor_async.py
[2024-04-29T00:36:32.941+0000] {logging_mixin.py:117} INFO - [2024-04-29T00:36:32.941+0000] {dag.py:2573} INFO - Sync 1 DAGs
[2024-04-29T00:36:32.971+0000] {logging_mixin.py:117} INFO - [2024-04-29T00:36:32.971+0000] {dag.py:3328} INFO - Setting next_dagrun for example_time_delta_sensor_async to None, run_after=None
[2024-04-29T00:36:32.996+0000] {processor.py:178} INFO - Processing /home/airflow/.local/lib/python3.7/site-packages/airflow/example_dags/example_time_delta_sensor_async.py took 0.473 seconds
[2024-04-29T00:37:03.081+0000] {processor.py:156} INFO - Started process (PID=3761) to work on /home/airflow/.local/lib/python3.7/site-packages/airflow/example_dags/example_time_delta_sensor_async.py
[2024-04-29T00:37:03.082+0000] {processor.py:758} INFO - Processing file /home/airflow/.local/lib/python3.7/site-packages/airflow/example_dags/example_time_delta_sensor_async.py for tasks to queue
[2024-04-29T00:37:03.083+0000] {logging_mixin.py:117} INFO - [2024-04-29T00:37:03.082+0000] {dagbag.py:525} INFO - Filling up the DagBag from /home/airflow/.local/lib/python3.7/site-packages/airflow/example_dags/example_time_delta_sensor_async.py
[2024-04-29T00:37:03.100+0000] {processor.py:768} INFO - DAG(s) dict_keys(['example_time_delta_sensor_async']) retrieved from /home/airflow/.local/lib/python3.7/site-packages/airflow/example_dags/example_time_delta_sensor_async.py
[2024-04-29T00:37:03.524+0000] {logging_mixin.py:117} INFO - [2024-04-29T00:37:03.524+0000] {dag.py:2573} INFO - Sync 1 DAGs
[2024-04-29T00:37:03.552+0000] {logging_mixin.py:117} INFO - [2024-04-29T00:37:03.552+0000] {dag.py:3328} INFO - Setting next_dagrun for example_time_delta_sensor_async to None, run_after=None
[2024-04-29T00:37:03.576+0000] {processor.py:178} INFO - Processing /home/airflow/.local/lib/python3.7/site-packages/airflow/example_dags/example_time_delta_sensor_async.py took 0.499 seconds
[2024-04-29T00:37:33.806+0000] {processor.py:156} INFO - Started process (PID=3989) to work on /home/airflow/.local/lib/python3.7/site-packages/airflow/example_dags/example_time_delta_sensor_async.py
[2024-04-29T00:37:33.807+0000] {processor.py:758} INFO - Processing file /home/airflow/.local/lib/python3.7/site-packages/airflow/example_dags/example_time_delta_sensor_async.py for tasks to queue
[2024-04-29T00:37:33.808+0000] {logging_mixin.py:117} INFO - [2024-04-29T00:37:33.808+0000] {dagbag.py:525} INFO - Filling up the DagBag from /home/airflow/.local/lib/python3.7/site-packages/airflow/example_dags/example_time_delta_sensor_async.py
[2024-04-29T00:37:34.027+0000] {processor.py:768} INFO - DAG(s) dict_keys(['example_time_delta_sensor_async']) retrieved from /home/airflow/.local/lib/python3.7/site-packages/airflow/example_dags/example_time_delta_sensor_async.py
[2024-04-29T00:37:34.321+0000] {logging_mixin.py:117} INFO - [2024-04-29T00:37:34.321+0000] {dag.py:2573} INFO - Sync 1 DAGs
[2024-04-29T00:37:34.383+0000] {logging_mixin.py:117} INFO - [2024-04-29T00:37:34.383+0000] {dag.py:3328} INFO - Setting next_dagrun for example_time_delta_sensor_async to None, run_after=None
[2024-04-29T00:37:34.443+0000] {processor.py:178} INFO - Processing /home/airflow/.local/lib/python3.7/site-packages/airflow/example_dags/example_time_delta_sensor_async.py took 0.640 seconds
[2024-04-29T00:38:05.513+0000] {processor.py:156} INFO - Started process (PID=4207) to work on /home/airflow/.local/lib/python3.7/site-packages/airflow/example_dags/example_time_delta_sensor_async.py
[2024-04-29T00:38:05.514+0000] {processor.py:758} INFO - Processing file /home/airflow/.local/lib/python3.7/site-packages/airflow/example_dags/example_time_delta_sensor_async.py for tasks to queue
[2024-04-29T00:38:05.514+0000] {logging_mixin.py:117} INFO - [2024-04-29T00:38:05.514+0000] {dagbag.py:525} INFO - Filling up the DagBag from /home/airflow/.local/lib/python3.7/site-packages/airflow/example_dags/example_time_delta_sensor_async.py
[2024-04-29T00:38:05.530+0000] {processor.py:768} INFO - DAG(s) dict_keys(['example_time_delta_sensor_async']) retrieved from /home/airflow/.local/lib/python3.7/site-packages/airflow/example_dags/example_time_delta_sensor_async.py
[2024-04-29T00:38:05.804+0000] {logging_mixin.py:117} INFO - [2024-04-29T00:38:05.804+0000] {dag.py:2573} INFO - Sync 1 DAGs
[2024-04-29T00:38:05.835+0000] {logging_mixin.py:117} INFO - [2024-04-29T00:38:05.835+0000] {dag.py:3328} INFO - Setting next_dagrun for example_time_delta_sensor_async to None, run_after=None
[2024-04-29T00:38:05.861+0000] {processor.py:178} INFO - Processing /home/airflow/.local/lib/python3.7/site-packages/airflow/example_dags/example_time_delta_sensor_async.py took 0.352 seconds
[2024-04-29T00:38:36.167+0000] {processor.py:156} INFO - Started process (PID=4431) to work on /home/airflow/.local/lib/python3.7/site-packages/airflow/example_dags/example_time_delta_sensor_async.py
[2024-04-29T00:38:36.168+0000] {processor.py:758} INFO - Processing file /home/airflow/.local/lib/python3.7/site-packages/airflow/example_dags/example_time_delta_sensor_async.py for tasks to queue
[2024-04-29T00:38:36.168+0000] {logging_mixin.py:117} INFO - [2024-04-29T00:38:36.168+0000] {dagbag.py:525} INFO - Filling up the DagBag from /home/airflow/.local/lib/python3.7/site-packages/airflow/example_dags/example_time_delta_sensor_async.py
[2024-04-29T00:38:36.184+0000] {processor.py:768} INFO - DAG(s) dict_keys(['example_time_delta_sensor_async']) retrieved from /home/airflow/.local/lib/python3.7/site-packages/airflow/example_dags/example_time_delta_sensor_async.py
[2024-04-29T00:38:36.444+0000] {logging_mixin.py:117} INFO - [2024-04-29T00:38:36.444+0000] {dag.py:2573} INFO - Sync 1 DAGs
[2024-04-29T00:38:36.474+0000] {logging_mixin.py:117} INFO - [2024-04-29T00:38:36.474+0000] {dag.py:3328} INFO - Setting next_dagrun for example_time_delta_sensor_async to None, run_after=None
[2024-04-29T00:38:36.498+0000] {processor.py:178} INFO - Processing /home/airflow/.local/lib/python3.7/site-packages/airflow/example_dags/example_time_delta_sensor_async.py took 0.334 seconds
[2024-04-29T00:39:06.628+0000] {processor.py:156} INFO - Started process (PID=4658) to work on /home/airflow/.local/lib/python3.7/site-packages/airflow/example_dags/example_time_delta_sensor_async.py
[2024-04-29T00:39:06.629+0000] {processor.py:758} INFO - Processing file /home/airflow/.local/lib/python3.7/site-packages/airflow/example_dags/example_time_delta_sensor_async.py for tasks to queue
[2024-04-29T00:39:06.629+0000] {logging_mixin.py:117} INFO - [2024-04-29T00:39:06.629+0000] {dagbag.py:525} INFO - Filling up the DagBag from /home/airflow/.local/lib/python3.7/site-packages/airflow/example_dags/example_time_delta_sensor_async.py
[2024-04-29T00:39:06.667+0000] {processor.py:768} INFO - DAG(s) dict_keys(['example_time_delta_sensor_async']) retrieved from /home/airflow/.local/lib/python3.7/site-packages/airflow/example_dags/example_time_delta_sensor_async.py
[2024-04-29T00:39:07.265+0000] {logging_mixin.py:117} INFO - [2024-04-29T00:39:07.264+0000] {dag.py:2573} INFO - Sync 1 DAGs
[2024-04-29T00:39:07.339+0000] {logging_mixin.py:117} INFO - [2024-04-29T00:39:07.339+0000] {dag.py:3328} INFO - Setting next_dagrun for example_time_delta_sensor_async to None, run_after=None
[2024-04-29T00:39:07.369+0000] {processor.py:178} INFO - Processing /home/airflow/.local/lib/python3.7/site-packages/airflow/example_dags/example_time_delta_sensor_async.py took 0.746 seconds
[2024-04-29T00:39:37.721+0000] {processor.py:156} INFO - Started process (PID=4880) to work on /home/airflow/.local/lib/python3.7/site-packages/airflow/example_dags/example_time_delta_sensor_async.py
[2024-04-29T00:39:37.722+0000] {processor.py:758} INFO - Processing file /home/airflow/.local/lib/python3.7/site-packages/airflow/example_dags/example_time_delta_sensor_async.py for tasks to queue
[2024-04-29T00:39:37.723+0000] {logging_mixin.py:117} INFO - [2024-04-29T00:39:37.722+0000] {dagbag.py:525} INFO - Filling up the DagBag from /home/airflow/.local/lib/python3.7/site-packages/airflow/example_dags/example_time_delta_sensor_async.py
[2024-04-29T00:39:37.748+0000] {processor.py:768} INFO - DAG(s) dict_keys(['example_time_delta_sensor_async']) retrieved from /home/airflow/.local/lib/python3.7/site-packages/airflow/example_dags/example_time_delta_sensor_async.py
[2024-04-29T00:39:38.285+0000] {logging_mixin.py:117} INFO - [2024-04-29T00:39:38.285+0000] {dag.py:2573} INFO - Sync 1 DAGs
[2024-04-29T00:39:38.346+0000] {logging_mixin.py:117} INFO - [2024-04-29T00:39:38.346+0000] {dag.py:3328} INFO - Setting next_dagrun for example_time_delta_sensor_async to None, run_after=None
[2024-04-29T00:39:38.375+0000] {processor.py:178} INFO - Processing /home/airflow/.local/lib/python3.7/site-packages/airflow/example_dags/example_time_delta_sensor_async.py took 0.657 seconds
[2024-04-29T00:40:08.927+0000] {processor.py:156} INFO - Started process (PID=5093) to work on /home/airflow/.local/lib/python3.7/site-packages/airflow/example_dags/example_time_delta_sensor_async.py
[2024-04-29T00:40:08.927+0000] {processor.py:758} INFO - Processing file /home/airflow/.local/lib/python3.7/site-packages/airflow/example_dags/example_time_delta_sensor_async.py for tasks to queue
[2024-04-29T00:40:08.928+0000] {logging_mixin.py:117} INFO - [2024-04-29T00:40:08.928+0000] {dagbag.py:525} INFO - Filling up the DagBag from /home/airflow/.local/lib/python3.7/site-packages/airflow/example_dags/example_time_delta_sensor_async.py
[2024-04-29T00:40:08.944+0000] {processor.py:768} INFO - DAG(s) dict_keys(['example_time_delta_sensor_async']) retrieved from /home/airflow/.local/lib/python3.7/site-packages/airflow/example_dags/example_time_delta_sensor_async.py
[2024-04-29T00:40:09.207+0000] {logging_mixin.py:117} INFO - [2024-04-29T00:40:09.207+0000] {dag.py:2573} INFO - Sync 1 DAGs
[2024-04-29T00:40:09.237+0000] {logging_mixin.py:117} INFO - [2024-04-29T00:40:09.237+0000] {dag.py:3328} INFO - Setting next_dagrun for example_time_delta_sensor_async to None, run_after=None
[2024-04-29T00:40:09.262+0000] {processor.py:178} INFO - Processing /home/airflow/.local/lib/python3.7/site-packages/airflow/example_dags/example_time_delta_sensor_async.py took 0.339 seconds
[2024-04-29T00:40:39.607+0000] {processor.py:156} INFO - Started process (PID=5316) to work on /home/airflow/.local/lib/python3.7/site-packages/airflow/example_dags/example_time_delta_sensor_async.py
[2024-04-29T00:40:39.608+0000] {processor.py:758} INFO - Processing file /home/airflow/.local/lib/python3.7/site-packages/airflow/example_dags/example_time_delta_sensor_async.py for tasks to queue
[2024-04-29T00:40:39.609+0000] {logging_mixin.py:117} INFO - [2024-04-29T00:40:39.609+0000] {dagbag.py:525} INFO - Filling up the DagBag from /home/airflow/.local/lib/python3.7/site-packages/airflow/example_dags/example_time_delta_sensor_async.py
[2024-04-29T00:40:39.644+0000] {processor.py:768} INFO - DAG(s) dict_keys(['example_time_delta_sensor_async']) retrieved from /home/airflow/.local/lib/python3.7/site-packages/airflow/example_dags/example_time_delta_sensor_async.py
[2024-04-29T00:40:40.215+0000] {logging_mixin.py:117} INFO - [2024-04-29T00:40:40.215+0000] {dag.py:2573} INFO - Sync 1 DAGs
[2024-04-29T00:40:40.297+0000] {logging_mixin.py:117} INFO - [2024-04-29T00:40:40.297+0000] {dag.py:3328} INFO - Setting next_dagrun for example_time_delta_sensor_async to None, run_after=None
[2024-04-29T00:40:40.346+0000] {processor.py:178} INFO - Processing /home/airflow/.local/lib/python3.7/site-packages/airflow/example_dags/example_time_delta_sensor_async.py took 0.742 seconds
[2024-04-29T00:41:10.529+0000] {processor.py:156} INFO - Started process (PID=5549) to work on /home/airflow/.local/lib/python3.7/site-packages/airflow/example_dags/example_time_delta_sensor_async.py
[2024-04-29T00:41:10.529+0000] {processor.py:758} INFO - Processing file /home/airflow/.local/lib/python3.7/site-packages/airflow/example_dags/example_time_delta_sensor_async.py for tasks to queue
[2024-04-29T00:41:10.530+0000] {logging_mixin.py:117} INFO - [2024-04-29T00:41:10.530+0000] {dagbag.py:525} INFO - Filling up the DagBag from /home/airflow/.local/lib/python3.7/site-packages/airflow/example_dags/example_time_delta_sensor_async.py
[2024-04-29T00:41:10.546+0000] {processor.py:768} INFO - DAG(s) dict_keys(['example_time_delta_sensor_async']) retrieved from /home/airflow/.local/lib/python3.7/site-packages/airflow/example_dags/example_time_delta_sensor_async.py
[2024-04-29T00:41:10.803+0000] {logging_mixin.py:117} INFO - [2024-04-29T00:41:10.802+0000] {dag.py:2573} INFO - Sync 1 DAGs
[2024-04-29T00:41:10.848+0000] {logging_mixin.py:117} INFO - [2024-04-29T00:41:10.848+0000] {dag.py:3328} INFO - Setting next_dagrun for example_time_delta_sensor_async to None, run_after=None
[2024-04-29T00:41:10.876+0000] {processor.py:178} INFO - Processing /home/airflow/.local/lib/python3.7/site-packages/airflow/example_dags/example_time_delta_sensor_async.py took 0.350 seconds
[2024-04-29T00:41:41.850+0000] {processor.py:156} INFO - Started process (PID=5763) to work on /home/airflow/.local/lib/python3.7/site-packages/airflow/example_dags/example_time_delta_sensor_async.py
[2024-04-29T00:41:41.851+0000] {processor.py:758} INFO - Processing file /home/airflow/.local/lib/python3.7/site-packages/airflow/example_dags/example_time_delta_sensor_async.py for tasks to queue
[2024-04-29T00:41:41.851+0000] {logging_mixin.py:117} INFO - [2024-04-29T00:41:41.851+0000] {dagbag.py:525} INFO - Filling up the DagBag from /home/airflow/.local/lib/python3.7/site-packages/airflow/example_dags/example_time_delta_sensor_async.py
[2024-04-29T00:41:41.863+0000] {processor.py:768} INFO - DAG(s) dict_keys(['example_time_delta_sensor_async']) retrieved from /home/airflow/.local/lib/python3.7/site-packages/airflow/example_dags/example_time_delta_sensor_async.py
[2024-04-29T00:41:42.054+0000] {logging_mixin.py:117} INFO - [2024-04-29T00:41:42.054+0000] {dag.py:2573} INFO - Sync 1 DAGs
[2024-04-29T00:41:42.076+0000] {logging_mixin.py:117} INFO - [2024-04-29T00:41:42.076+0000] {dag.py:3328} INFO - Setting next_dagrun for example_time_delta_sensor_async to None, run_after=None
[2024-04-29T00:41:42.096+0000] {processor.py:178} INFO - Processing /home/airflow/.local/lib/python3.7/site-packages/airflow/example_dags/example_time_delta_sensor_async.py took 0.248 seconds
[2024-04-29T00:42:12.342+0000] {processor.py:156} INFO - Started process (PID=5986) to work on /home/airflow/.local/lib/python3.7/site-packages/airflow/example_dags/example_time_delta_sensor_async.py
[2024-04-29T00:42:12.343+0000] {processor.py:758} INFO - Processing file /home/airflow/.local/lib/python3.7/site-packages/airflow/example_dags/example_time_delta_sensor_async.py for tasks to queue
[2024-04-29T00:42:12.343+0000] {logging_mixin.py:117} INFO - [2024-04-29T00:42:12.343+0000] {dagbag.py:525} INFO - Filling up the DagBag from /home/airflow/.local/lib/python3.7/site-packages/airflow/example_dags/example_time_delta_sensor_async.py
[2024-04-29T00:42:12.360+0000] {processor.py:768} INFO - DAG(s) dict_keys(['example_time_delta_sensor_async']) retrieved from /home/airflow/.local/lib/python3.7/site-packages/airflow/example_dags/example_time_delta_sensor_async.py
[2024-04-29T00:42:12.624+0000] {logging_mixin.py:117} INFO - [2024-04-29T00:42:12.624+0000] {dag.py:2573} INFO - Sync 1 DAGs
[2024-04-29T00:42:12.660+0000] {logging_mixin.py:117} INFO - [2024-04-29T00:42:12.660+0000] {dag.py:3328} INFO - Setting next_dagrun for example_time_delta_sensor_async to None, run_after=None
[2024-04-29T00:42:12.687+0000] {processor.py:178} INFO - Processing /home/airflow/.local/lib/python3.7/site-packages/airflow/example_dags/example_time_delta_sensor_async.py took 0.348 seconds
[2024-04-29T00:42:42.748+0000] {processor.py:156} INFO - Started process (PID=6212) to work on /home/airflow/.local/lib/python3.7/site-packages/airflow/example_dags/example_time_delta_sensor_async.py
[2024-04-29T00:42:42.749+0000] {processor.py:758} INFO - Processing file /home/airflow/.local/lib/python3.7/site-packages/airflow/example_dags/example_time_delta_sensor_async.py for tasks to queue
[2024-04-29T00:42:42.750+0000] {logging_mixin.py:117} INFO - [2024-04-29T00:42:42.750+0000] {dagbag.py:525} INFO - Filling up the DagBag from /home/airflow/.local/lib/python3.7/site-packages/airflow/example_dags/example_time_delta_sensor_async.py
[2024-04-29T00:42:42.782+0000] {processor.py:768} INFO - DAG(s) dict_keys(['example_time_delta_sensor_async']) retrieved from /home/airflow/.local/lib/python3.7/site-packages/airflow/example_dags/example_time_delta_sensor_async.py
[2024-04-29T00:42:43.277+0000] {logging_mixin.py:117} INFO - [2024-04-29T00:42:43.277+0000] {dag.py:2573} INFO - Sync 1 DAGs
[2024-04-29T00:42:43.313+0000] {logging_mixin.py:117} INFO - [2024-04-29T00:42:43.313+0000] {dag.py:3328} INFO - Setting next_dagrun for example_time_delta_sensor_async to None, run_after=None
[2024-04-29T00:42:43.354+0000] {processor.py:178} INFO - Processing /home/airflow/.local/lib/python3.7/site-packages/airflow/example_dags/example_time_delta_sensor_async.py took 0.609 seconds
[2024-04-29T00:43:14.113+0000] {processor.py:156} INFO - Started process (PID=6429) to work on /home/airflow/.local/lib/python3.7/site-packages/airflow/example_dags/example_time_delta_sensor_async.py
[2024-04-29T00:43:14.113+0000] {processor.py:758} INFO - Processing file /home/airflow/.local/lib/python3.7/site-packages/airflow/example_dags/example_time_delta_sensor_async.py for tasks to queue
[2024-04-29T00:43:14.115+0000] {logging_mixin.py:117} INFO - [2024-04-29T00:43:14.115+0000] {dagbag.py:525} INFO - Filling up the DagBag from /home/airflow/.local/lib/python3.7/site-packages/airflow/example_dags/example_time_delta_sensor_async.py
[2024-04-29T00:43:14.133+0000] {processor.py:768} INFO - DAG(s) dict_keys(['example_time_delta_sensor_async']) retrieved from /home/airflow/.local/lib/python3.7/site-packages/airflow/example_dags/example_time_delta_sensor_async.py
[2024-04-29T00:43:14.423+0000] {logging_mixin.py:117} INFO - [2024-04-29T00:43:14.423+0000] {dag.py:2573} INFO - Sync 1 DAGs
[2024-04-29T00:43:14.470+0000] {logging_mixin.py:117} INFO - [2024-04-29T00:43:14.469+0000] {dag.py:3328} INFO - Setting next_dagrun for example_time_delta_sensor_async to None, run_after=None
[2024-04-29T00:43:14.495+0000] {processor.py:178} INFO - Processing /home/airflow/.local/lib/python3.7/site-packages/airflow/example_dags/example_time_delta_sensor_async.py took 0.385 seconds
[2024-04-29T00:43:44.784+0000] {processor.py:156} INFO - Started process (PID=6652) to work on /home/airflow/.local/lib/python3.7/site-packages/airflow/example_dags/example_time_delta_sensor_async.py
[2024-04-29T00:43:44.784+0000] {processor.py:758} INFO - Processing file /home/airflow/.local/lib/python3.7/site-packages/airflow/example_dags/example_time_delta_sensor_async.py for tasks to queue
[2024-04-29T00:43:44.785+0000] {logging_mixin.py:117} INFO - [2024-04-29T00:43:44.785+0000] {dagbag.py:525} INFO - Filling up the DagBag from /home/airflow/.local/lib/python3.7/site-packages/airflow/example_dags/example_time_delta_sensor_async.py
[2024-04-29T00:43:44.802+0000] {processor.py:768} INFO - DAG(s) dict_keys(['example_time_delta_sensor_async']) retrieved from /home/airflow/.local/lib/python3.7/site-packages/airflow/example_dags/example_time_delta_sensor_async.py
[2024-04-29T00:43:45.066+0000] {logging_mixin.py:117} INFO - [2024-04-29T00:43:45.065+0000] {dag.py:2573} INFO - Sync 1 DAGs
[2024-04-29T00:43:45.096+0000] {logging_mixin.py:117} INFO - [2024-04-29T00:43:45.096+0000] {dag.py:3328} INFO - Setting next_dagrun for example_time_delta_sensor_async to None, run_after=None
[2024-04-29T00:43:45.120+0000] {processor.py:178} INFO - Processing /home/airflow/.local/lib/python3.7/site-packages/airflow/example_dags/example_time_delta_sensor_async.py took 0.339 seconds
[2024-04-29T00:44:15.225+0000] {processor.py:156} INFO - Started process (PID=6880) to work on /home/airflow/.local/lib/python3.7/site-packages/airflow/example_dags/example_time_delta_sensor_async.py
[2024-04-29T00:44:15.226+0000] {processor.py:758} INFO - Processing file /home/airflow/.local/lib/python3.7/site-packages/airflow/example_dags/example_time_delta_sensor_async.py for tasks to queue
[2024-04-29T00:44:15.227+0000] {logging_mixin.py:117} INFO - [2024-04-29T00:44:15.227+0000] {dagbag.py:525} INFO - Filling up the DagBag from /home/airflow/.local/lib/python3.7/site-packages/airflow/example_dags/example_time_delta_sensor_async.py
[2024-04-29T00:44:15.254+0000] {processor.py:768} INFO - DAG(s) dict_keys(['example_time_delta_sensor_async']) retrieved from /home/airflow/.local/lib/python3.7/site-packages/airflow/example_dags/example_time_delta_sensor_async.py
[2024-04-29T00:44:15.591+0000] {logging_mixin.py:117} INFO - [2024-04-29T00:44:15.590+0000] {dag.py:2573} INFO - Sync 1 DAGs
[2024-04-29T00:44:15.622+0000] {logging_mixin.py:117} INFO - [2024-04-29T00:44:15.622+0000] {dag.py:3328} INFO - Setting next_dagrun for example_time_delta_sensor_async to None, run_after=None
[2024-04-29T00:44:15.646+0000] {processor.py:178} INFO - Processing /home/airflow/.local/lib/python3.7/site-packages/airflow/example_dags/example_time_delta_sensor_async.py took 0.424 seconds
[2024-04-29T00:44:46.278+0000] {processor.py:156} INFO - Started process (PID=7094) to work on /home/airflow/.local/lib/python3.7/site-packages/airflow/example_dags/example_time_delta_sensor_async.py
[2024-04-29T00:44:46.279+0000] {processor.py:758} INFO - Processing file /home/airflow/.local/lib/python3.7/site-packages/airflow/example_dags/example_time_delta_sensor_async.py for tasks to queue
[2024-04-29T00:44:46.280+0000] {logging_mixin.py:117} INFO - [2024-04-29T00:44:46.280+0000] {dagbag.py:525} INFO - Filling up the DagBag from /home/airflow/.local/lib/python3.7/site-packages/airflow/example_dags/example_time_delta_sensor_async.py
[2024-04-29T00:44:46.304+0000] {processor.py:768} INFO - DAG(s) dict_keys(['example_time_delta_sensor_async']) retrieved from /home/airflow/.local/lib/python3.7/site-packages/airflow/example_dags/example_time_delta_sensor_async.py
[2024-04-29T00:44:46.716+0000] {logging_mixin.py:117} INFO - [2024-04-29T00:44:46.716+0000] {dag.py:2573} INFO - Sync 1 DAGs
[2024-04-29T00:44:46.745+0000] {logging_mixin.py:117} INFO - [2024-04-29T00:44:46.745+0000] {dag.py:3328} INFO - Setting next_dagrun for example_time_delta_sensor_async to None, run_after=None
[2024-04-29T00:44:46.771+0000] {processor.py:178} INFO - Processing /home/airflow/.local/lib/python3.7/site-packages/airflow/example_dags/example_time_delta_sensor_async.py took 0.495 seconds
[2024-04-29T00:45:16.925+0000] {processor.py:156} INFO - Started process (PID=7326) to work on /home/airflow/.local/lib/python3.7/site-packages/airflow/example_dags/example_time_delta_sensor_async.py
[2024-04-29T00:45:16.925+0000] {processor.py:758} INFO - Processing file /home/airflow/.local/lib/python3.7/site-packages/airflow/example_dags/example_time_delta_sensor_async.py for tasks to queue
[2024-04-29T00:45:16.926+0000] {logging_mixin.py:117} INFO - [2024-04-29T00:45:16.926+0000] {dagbag.py:525} INFO - Filling up the DagBag from /home/airflow/.local/lib/python3.7/site-packages/airflow/example_dags/example_time_delta_sensor_async.py
[2024-04-29T00:45:16.942+0000] {processor.py:768} INFO - DAG(s) dict_keys(['example_time_delta_sensor_async']) retrieved from /home/airflow/.local/lib/python3.7/site-packages/airflow/example_dags/example_time_delta_sensor_async.py
[2024-04-29T00:45:17.102+0000] {logging_mixin.py:117} INFO - [2024-04-29T00:45:17.102+0000] {dag.py:2573} INFO - Sync 1 DAGs
[2024-04-29T00:45:17.124+0000] {logging_mixin.py:117} INFO - [2024-04-29T00:45:17.124+0000] {dag.py:3328} INFO - Setting next_dagrun for example_time_delta_sensor_async to None, run_after=None
[2024-04-29T00:45:17.144+0000] {processor.py:178} INFO - Processing /home/airflow/.local/lib/python3.7/site-packages/airflow/example_dags/example_time_delta_sensor_async.py took 0.223 seconds
[2024-04-29T00:45:47.417+0000] {processor.py:156} INFO - Started process (PID=7552) to work on /home/airflow/.local/lib/python3.7/site-packages/airflow/example_dags/example_time_delta_sensor_async.py
[2024-04-29T00:45:47.418+0000] {processor.py:758} INFO - Processing file /home/airflow/.local/lib/python3.7/site-packages/airflow/example_dags/example_time_delta_sensor_async.py for tasks to queue
[2024-04-29T00:45:47.418+0000] {logging_mixin.py:117} INFO - [2024-04-29T00:45:47.418+0000] {dagbag.py:525} INFO - Filling up the DagBag from /home/airflow/.local/lib/python3.7/site-packages/airflow/example_dags/example_time_delta_sensor_async.py
[2024-04-29T00:45:47.435+0000] {processor.py:768} INFO - DAG(s) dict_keys(['example_time_delta_sensor_async']) retrieved from /home/airflow/.local/lib/python3.7/site-packages/airflow/example_dags/example_time_delta_sensor_async.py
[2024-04-29T00:45:47.677+0000] {logging_mixin.py:117} INFO - [2024-04-29T00:45:47.677+0000] {dag.py:2573} INFO - Sync 1 DAGs
[2024-04-29T00:45:47.699+0000] {logging_mixin.py:117} INFO - [2024-04-29T00:45:47.699+0000] {dag.py:3328} INFO - Setting next_dagrun for example_time_delta_sensor_async to None, run_after=None
[2024-04-29T00:45:47.720+0000] {processor.py:178} INFO - Processing /home/airflow/.local/lib/python3.7/site-packages/airflow/example_dags/example_time_delta_sensor_async.py took 0.305 seconds
[2024-04-29T00:46:17.785+0000] {processor.py:156} INFO - Started process (PID=7747) to work on /home/airflow/.local/lib/python3.7/site-packages/airflow/example_dags/example_time_delta_sensor_async.py
[2024-04-29T00:46:17.786+0000] {processor.py:758} INFO - Processing file /home/airflow/.local/lib/python3.7/site-packages/airflow/example_dags/example_time_delta_sensor_async.py for tasks to queue
[2024-04-29T00:46:17.787+0000] {logging_mixin.py:117} INFO - [2024-04-29T00:46:17.787+0000] {dagbag.py:525} INFO - Filling up the DagBag from /home/airflow/.local/lib/python3.7/site-packages/airflow/example_dags/example_time_delta_sensor_async.py
[2024-04-29T00:46:17.803+0000] {processor.py:768} INFO - DAG(s) dict_keys(['example_time_delta_sensor_async']) retrieved from /home/airflow/.local/lib/python3.7/site-packages/airflow/example_dags/example_time_delta_sensor_async.py
[2024-04-29T00:46:18.129+0000] {logging_mixin.py:117} INFO - [2024-04-29T00:46:18.129+0000] {dag.py:2573} INFO - Sync 1 DAGs
[2024-04-29T00:46:18.161+0000] {logging_mixin.py:117} INFO - [2024-04-29T00:46:18.161+0000] {dag.py:3328} INFO - Setting next_dagrun for example_time_delta_sensor_async to None, run_after=None
[2024-04-29T00:46:18.187+0000] {processor.py:178} INFO - Processing /home/airflow/.local/lib/python3.7/site-packages/airflow/example_dags/example_time_delta_sensor_async.py took 0.404 seconds
[2024-04-29T00:46:49.041+0000] {processor.py:156} INFO - Started process (PID=7976) to work on /home/airflow/.local/lib/python3.7/site-packages/airflow/example_dags/example_time_delta_sensor_async.py
[2024-04-29T00:46:49.042+0000] {processor.py:758} INFO - Processing file /home/airflow/.local/lib/python3.7/site-packages/airflow/example_dags/example_time_delta_sensor_async.py for tasks to queue
[2024-04-29T00:46:49.043+0000] {logging_mixin.py:117} INFO - [2024-04-29T00:46:49.043+0000] {dagbag.py:525} INFO - Filling up the DagBag from /home/airflow/.local/lib/python3.7/site-packages/airflow/example_dags/example_time_delta_sensor_async.py
[2024-04-29T00:46:49.059+0000] {processor.py:768} INFO - DAG(s) dict_keys(['example_time_delta_sensor_async']) retrieved from /home/airflow/.local/lib/python3.7/site-packages/airflow/example_dags/example_time_delta_sensor_async.py
[2024-04-29T00:46:49.330+0000] {logging_mixin.py:117} INFO - [2024-04-29T00:46:49.330+0000] {dag.py:2573} INFO - Sync 1 DAGs
[2024-04-29T00:46:49.360+0000] {logging_mixin.py:117} INFO - [2024-04-29T00:46:49.359+0000] {dag.py:3328} INFO - Setting next_dagrun for example_time_delta_sensor_async to None, run_after=None
[2024-04-29T00:46:49.387+0000] {processor.py:178} INFO - Processing /home/airflow/.local/lib/python3.7/site-packages/airflow/example_dags/example_time_delta_sensor_async.py took 0.349 seconds
[2024-04-29T00:47:19.896+0000] {processor.py:156} INFO - Started process (PID=8199) to work on /home/airflow/.local/lib/python3.7/site-packages/airflow/example_dags/example_time_delta_sensor_async.py
[2024-04-29T00:47:19.896+0000] {processor.py:758} INFO - Processing file /home/airflow/.local/lib/python3.7/site-packages/airflow/example_dags/example_time_delta_sensor_async.py for tasks to queue
[2024-04-29T00:47:19.897+0000] {logging_mixin.py:117} INFO - [2024-04-29T00:47:19.897+0000] {dagbag.py:525} INFO - Filling up the DagBag from /home/airflow/.local/lib/python3.7/site-packages/airflow/example_dags/example_time_delta_sensor_async.py
[2024-04-29T00:47:19.913+0000] {processor.py:768} INFO - DAG(s) dict_keys(['example_time_delta_sensor_async']) retrieved from /home/airflow/.local/lib/python3.7/site-packages/airflow/example_dags/example_time_delta_sensor_async.py
[2024-04-29T00:47:20.171+0000] {logging_mixin.py:117} INFO - [2024-04-29T00:47:20.171+0000] {dag.py:2573} INFO - Sync 1 DAGs
[2024-04-29T00:47:20.203+0000] {logging_mixin.py:117} INFO - [2024-04-29T00:47:20.203+0000] {dag.py:3328} INFO - Setting next_dagrun for example_time_delta_sensor_async to None, run_after=None
[2024-04-29T00:47:20.227+0000] {processor.py:178} INFO - Processing /home/airflow/.local/lib/python3.7/site-packages/airflow/example_dags/example_time_delta_sensor_async.py took 0.334 seconds
[2024-04-29T00:47:50.740+0000] {processor.py:156} INFO - Started process (PID=8414) to work on /home/airflow/.local/lib/python3.7/site-packages/airflow/example_dags/example_time_delta_sensor_async.py
[2024-04-29T00:47:50.740+0000] {processor.py:758} INFO - Processing file /home/airflow/.local/lib/python3.7/site-packages/airflow/example_dags/example_time_delta_sensor_async.py for tasks to queue
[2024-04-29T00:47:50.741+0000] {logging_mixin.py:117} INFO - [2024-04-29T00:47:50.741+0000] {dagbag.py:525} INFO - Filling up the DagBag from /home/airflow/.local/lib/python3.7/site-packages/airflow/example_dags/example_time_delta_sensor_async.py
[2024-04-29T00:47:50.757+0000] {processor.py:768} INFO - DAG(s) dict_keys(['example_time_delta_sensor_async']) retrieved from /home/airflow/.local/lib/python3.7/site-packages/airflow/example_dags/example_time_delta_sensor_async.py
[2024-04-29T00:47:51.018+0000] {logging_mixin.py:117} INFO - [2024-04-29T00:47:51.018+0000] {dag.py:2573} INFO - Sync 1 DAGs
[2024-04-29T00:47:51.069+0000] {logging_mixin.py:117} INFO - [2024-04-29T00:47:51.069+0000] {dag.py:3328} INFO - Setting next_dagrun for example_time_delta_sensor_async to None, run_after=None
[2024-04-29T00:47:51.115+0000] {processor.py:178} INFO - Processing /home/airflow/.local/lib/python3.7/site-packages/airflow/example_dags/example_time_delta_sensor_async.py took 0.379 seconds
[2024-04-29T00:48:21.377+0000] {processor.py:156} INFO - Started process (PID=8635) to work on /home/airflow/.local/lib/python3.7/site-packages/airflow/example_dags/example_time_delta_sensor_async.py
[2024-04-29T00:48:21.378+0000] {processor.py:758} INFO - Processing file /home/airflow/.local/lib/python3.7/site-packages/airflow/example_dags/example_time_delta_sensor_async.py for tasks to queue
[2024-04-29T00:48:21.378+0000] {logging_mixin.py:117} INFO - [2024-04-29T00:48:21.378+0000] {dagbag.py:525} INFO - Filling up the DagBag from /home/airflow/.local/lib/python3.7/site-packages/airflow/example_dags/example_time_delta_sensor_async.py
[2024-04-29T00:48:21.394+0000] {processor.py:768} INFO - DAG(s) dict_keys(['example_time_delta_sensor_async']) retrieved from /home/airflow/.local/lib/python3.7/site-packages/airflow/example_dags/example_time_delta_sensor_async.py
[2024-04-29T00:48:21.657+0000] {logging_mixin.py:117} INFO - [2024-04-29T00:48:21.657+0000] {dag.py:2573} INFO - Sync 1 DAGs
[2024-04-29T00:48:21.687+0000] {logging_mixin.py:117} INFO - [2024-04-29T00:48:21.687+0000] {dag.py:3328} INFO - Setting next_dagrun for example_time_delta_sensor_async to None, run_after=None
[2024-04-29T00:48:21.711+0000] {processor.py:178} INFO - Processing /home/airflow/.local/lib/python3.7/site-packages/airflow/example_dags/example_time_delta_sensor_async.py took 0.337 seconds
[2024-04-29T00:48:52.142+0000] {processor.py:156} INFO - Started process (PID=8858) to work on /home/airflow/.local/lib/python3.7/site-packages/airflow/example_dags/example_time_delta_sensor_async.py
[2024-04-29T00:48:52.143+0000] {processor.py:758} INFO - Processing file /home/airflow/.local/lib/python3.7/site-packages/airflow/example_dags/example_time_delta_sensor_async.py for tasks to queue
[2024-04-29T00:48:52.144+0000] {logging_mixin.py:117} INFO - [2024-04-29T00:48:52.144+0000] {dagbag.py:525} INFO - Filling up the DagBag from /home/airflow/.local/lib/python3.7/site-packages/airflow/example_dags/example_time_delta_sensor_async.py
[2024-04-29T00:48:52.160+0000] {processor.py:768} INFO - DAG(s) dict_keys(['example_time_delta_sensor_async']) retrieved from /home/airflow/.local/lib/python3.7/site-packages/airflow/example_dags/example_time_delta_sensor_async.py
[2024-04-29T00:48:52.610+0000] {logging_mixin.py:117} INFO - [2024-04-29T00:48:52.610+0000] {dag.py:2573} INFO - Sync 1 DAGs
[2024-04-29T00:48:52.644+0000] {logging_mixin.py:117} INFO - [2024-04-29T00:48:52.644+0000] {dag.py:3328} INFO - Setting next_dagrun for example_time_delta_sensor_async to None, run_after=None
[2024-04-29T00:48:52.675+0000] {processor.py:178} INFO - Processing /home/airflow/.local/lib/python3.7/site-packages/airflow/example_dags/example_time_delta_sensor_async.py took 0.535 seconds
[2024-04-29T00:49:23.484+0000] {processor.py:156} INFO - Started process (PID=9071) to work on /home/airflow/.local/lib/python3.7/site-packages/airflow/example_dags/example_time_delta_sensor_async.py
[2024-04-29T00:49:23.485+0000] {processor.py:758} INFO - Processing file /home/airflow/.local/lib/python3.7/site-packages/airflow/example_dags/example_time_delta_sensor_async.py for tasks to queue
[2024-04-29T00:49:23.485+0000] {logging_mixin.py:117} INFO - [2024-04-29T00:49:23.485+0000] {dagbag.py:525} INFO - Filling up the DagBag from /home/airflow/.local/lib/python3.7/site-packages/airflow/example_dags/example_time_delta_sensor_async.py
[2024-04-29T00:49:23.501+0000] {processor.py:768} INFO - DAG(s) dict_keys(['example_time_delta_sensor_async']) retrieved from /home/airflow/.local/lib/python3.7/site-packages/airflow/example_dags/example_time_delta_sensor_async.py
[2024-04-29T00:49:23.771+0000] {logging_mixin.py:117} INFO - [2024-04-29T00:49:23.771+0000] {dag.py:2573} INFO - Sync 1 DAGs
[2024-04-29T00:49:23.801+0000] {logging_mixin.py:117} INFO - [2024-04-29T00:49:23.801+0000] {dag.py:3328} INFO - Setting next_dagrun for example_time_delta_sensor_async to None, run_after=None
[2024-04-29T00:49:23.825+0000] {processor.py:178} INFO - Processing /home/airflow/.local/lib/python3.7/site-packages/airflow/example_dags/example_time_delta_sensor_async.py took 0.346 seconds
[2024-04-29T00:49:53.908+0000] {processor.py:156} INFO - Started process (PID=9294) to work on /home/airflow/.local/lib/python3.7/site-packages/airflow/example_dags/example_time_delta_sensor_async.py
[2024-04-29T00:49:53.908+0000] {processor.py:758} INFO - Processing file /home/airflow/.local/lib/python3.7/site-packages/airflow/example_dags/example_time_delta_sensor_async.py for tasks to queue
[2024-04-29T00:49:53.909+0000] {logging_mixin.py:117} INFO - [2024-04-29T00:49:53.909+0000] {dagbag.py:525} INFO - Filling up the DagBag from /home/airflow/.local/lib/python3.7/site-packages/airflow/example_dags/example_time_delta_sensor_async.py
[2024-04-29T00:49:53.925+0000] {processor.py:768} INFO - DAG(s) dict_keys(['example_time_delta_sensor_async']) retrieved from /home/airflow/.local/lib/python3.7/site-packages/airflow/example_dags/example_time_delta_sensor_async.py
[2024-04-29T00:49:54.203+0000] {logging_mixin.py:117} INFO - [2024-04-29T00:49:54.203+0000] {dag.py:2573} INFO - Sync 1 DAGs
[2024-04-29T00:49:54.232+0000] {logging_mixin.py:117} INFO - [2024-04-29T00:49:54.232+0000] {dag.py:3328} INFO - Setting next_dagrun for example_time_delta_sensor_async to None, run_after=None
[2024-04-29T00:49:54.261+0000] {processor.py:178} INFO - Processing /home/airflow/.local/lib/python3.7/site-packages/airflow/example_dags/example_time_delta_sensor_async.py took 0.356 seconds
[2024-04-29T00:50:24.876+0000] {processor.py:156} INFO - Started process (PID=9518) to work on /home/airflow/.local/lib/python3.7/site-packages/airflow/example_dags/example_time_delta_sensor_async.py
[2024-04-29T00:50:24.876+0000] {processor.py:758} INFO - Processing file /home/airflow/.local/lib/python3.7/site-packages/airflow/example_dags/example_time_delta_sensor_async.py for tasks to queue
[2024-04-29T00:50:24.877+0000] {logging_mixin.py:117} INFO - [2024-04-29T00:50:24.877+0000] {dagbag.py:525} INFO - Filling up the DagBag from /home/airflow/.local/lib/python3.7/site-packages/airflow/example_dags/example_time_delta_sensor_async.py
[2024-04-29T00:50:24.893+0000] {processor.py:768} INFO - DAG(s) dict_keys(['example_time_delta_sensor_async']) retrieved from /home/airflow/.local/lib/python3.7/site-packages/airflow/example_dags/example_time_delta_sensor_async.py
[2024-04-29T00:50:25.151+0000] {logging_mixin.py:117} INFO - [2024-04-29T00:50:25.151+0000] {dag.py:2573} INFO - Sync 1 DAGs
[2024-04-29T00:50:25.181+0000] {logging_mixin.py:117} INFO - [2024-04-29T00:50:25.181+0000] {dag.py:3328} INFO - Setting next_dagrun for example_time_delta_sensor_async to None, run_after=None
[2024-04-29T00:50:25.205+0000] {processor.py:178} INFO - Processing /home/airflow/.local/lib/python3.7/site-packages/airflow/example_dags/example_time_delta_sensor_async.py took 0.333 seconds
[2024-04-29T00:50:55.742+0000] {processor.py:156} INFO - Started process (PID=9738) to work on /home/airflow/.local/lib/python3.7/site-packages/airflow/example_dags/example_time_delta_sensor_async.py
[2024-04-29T00:50:55.743+0000] {processor.py:758} INFO - Processing file /home/airflow/.local/lib/python3.7/site-packages/airflow/example_dags/example_time_delta_sensor_async.py for tasks to queue
[2024-04-29T00:50:55.744+0000] {logging_mixin.py:117} INFO - [2024-04-29T00:50:55.744+0000] {dagbag.py:525} INFO - Filling up the DagBag from /home/airflow/.local/lib/python3.7/site-packages/airflow/example_dags/example_time_delta_sensor_async.py
[2024-04-29T00:50:55.779+0000] {processor.py:768} INFO - DAG(s) dict_keys(['example_time_delta_sensor_async']) retrieved from /home/airflow/.local/lib/python3.7/site-packages/airflow/example_dags/example_time_delta_sensor_async.py
[2024-04-29T00:50:56.115+0000] {logging_mixin.py:117} INFO - [2024-04-29T00:50:56.115+0000] {dag.py:2573} INFO - Sync 1 DAGs
[2024-04-29T00:50:56.193+0000] {logging_mixin.py:117} INFO - [2024-04-29T00:50:56.192+0000] {dag.py:3328} INFO - Setting next_dagrun for example_time_delta_sensor_async to None, run_after=None
[2024-04-29T00:50:56.277+0000] {processor.py:178} INFO - Processing /home/airflow/.local/lib/python3.7/site-packages/airflow/example_dags/example_time_delta_sensor_async.py took 0.539 seconds
[2024-04-29T00:51:26.391+0000] {processor.py:156} INFO - Started process (PID=9958) to work on /home/airflow/.local/lib/python3.7/site-packages/airflow/example_dags/example_time_delta_sensor_async.py
[2024-04-29T00:51:26.392+0000] {processor.py:758} INFO - Processing file /home/airflow/.local/lib/python3.7/site-packages/airflow/example_dags/example_time_delta_sensor_async.py for tasks to queue
[2024-04-29T00:51:26.392+0000] {logging_mixin.py:117} INFO - [2024-04-29T00:51:26.392+0000] {dagbag.py:525} INFO - Filling up the DagBag from /home/airflow/.local/lib/python3.7/site-packages/airflow/example_dags/example_time_delta_sensor_async.py
[2024-04-29T00:51:26.404+0000] {processor.py:768} INFO - DAG(s) dict_keys(['example_time_delta_sensor_async']) retrieved from /home/airflow/.local/lib/python3.7/site-packages/airflow/example_dags/example_time_delta_sensor_async.py
[2024-04-29T00:51:26.571+0000] {logging_mixin.py:117} INFO - [2024-04-29T00:51:26.571+0000] {dag.py:2573} INFO - Sync 1 DAGs
[2024-04-29T00:51:26.593+0000] {logging_mixin.py:117} INFO - [2024-04-29T00:51:26.593+0000] {dag.py:3328} INFO - Setting next_dagrun for example_time_delta_sensor_async to None, run_after=None
[2024-04-29T00:51:26.614+0000] {processor.py:178} INFO - Processing /home/airflow/.local/lib/python3.7/site-packages/airflow/example_dags/example_time_delta_sensor_async.py took 0.225 seconds
[2024-04-29T00:51:57.105+0000] {processor.py:156} INFO - Started process (PID=10176) to work on /home/airflow/.local/lib/python3.7/site-packages/airflow/example_dags/example_time_delta_sensor_async.py
[2024-04-29T00:51:57.106+0000] {processor.py:758} INFO - Processing file /home/airflow/.local/lib/python3.7/site-packages/airflow/example_dags/example_time_delta_sensor_async.py for tasks to queue
[2024-04-29T00:51:57.107+0000] {logging_mixin.py:117} INFO - [2024-04-29T00:51:57.106+0000] {dagbag.py:525} INFO - Filling up the DagBag from /home/airflow/.local/lib/python3.7/site-packages/airflow/example_dags/example_time_delta_sensor_async.py
[2024-04-29T00:51:57.123+0000] {processor.py:768} INFO - DAG(s) dict_keys(['example_time_delta_sensor_async']) retrieved from /home/airflow/.local/lib/python3.7/site-packages/airflow/example_dags/example_time_delta_sensor_async.py
[2024-04-29T00:51:57.392+0000] {logging_mixin.py:117} INFO - [2024-04-29T00:51:57.392+0000] {dag.py:2573} INFO - Sync 1 DAGs
[2024-04-29T00:51:57.422+0000] {logging_mixin.py:117} INFO - [2024-04-29T00:51:57.422+0000] {dag.py:3328} INFO - Setting next_dagrun for example_time_delta_sensor_async to None, run_after=None
[2024-04-29T00:51:57.447+0000] {processor.py:178} INFO - Processing /home/airflow/.local/lib/python3.7/site-packages/airflow/example_dags/example_time_delta_sensor_async.py took 0.344 seconds
[2024-04-29T00:52:27.892+0000] {processor.py:156} INFO - Started process (PID=10398) to work on /home/airflow/.local/lib/python3.7/site-packages/airflow/example_dags/example_time_delta_sensor_async.py
[2024-04-29T00:52:27.893+0000] {processor.py:758} INFO - Processing file /home/airflow/.local/lib/python3.7/site-packages/airflow/example_dags/example_time_delta_sensor_async.py for tasks to queue
[2024-04-29T00:52:27.893+0000] {logging_mixin.py:117} INFO - [2024-04-29T00:52:27.893+0000] {dagbag.py:525} INFO - Filling up the DagBag from /home/airflow/.local/lib/python3.7/site-packages/airflow/example_dags/example_time_delta_sensor_async.py
[2024-04-29T00:52:27.951+0000] {processor.py:768} INFO - DAG(s) dict_keys(['example_time_delta_sensor_async']) retrieved from /home/airflow/.local/lib/python3.7/site-packages/airflow/example_dags/example_time_delta_sensor_async.py
[2024-04-29T00:52:28.456+0000] {logging_mixin.py:117} INFO - [2024-04-29T00:52:28.455+0000] {dag.py:2573} INFO - Sync 1 DAGs
[2024-04-29T00:52:28.516+0000] {logging_mixin.py:117} INFO - [2024-04-29T00:52:28.516+0000] {dag.py:3328} INFO - Setting next_dagrun for example_time_delta_sensor_async to None, run_after=None
[2024-04-29T00:52:28.552+0000] {processor.py:178} INFO - Processing /home/airflow/.local/lib/python3.7/site-packages/airflow/example_dags/example_time_delta_sensor_async.py took 0.663 seconds
[2024-04-29T00:52:58.602+0000] {processor.py:156} INFO - Started process (PID=10615) to work on /home/airflow/.local/lib/python3.7/site-packages/airflow/example_dags/example_time_delta_sensor_async.py
[2024-04-29T00:52:58.602+0000] {processor.py:758} INFO - Processing file /home/airflow/.local/lib/python3.7/site-packages/airflow/example_dags/example_time_delta_sensor_async.py for tasks to queue
[2024-04-29T00:52:58.603+0000] {logging_mixin.py:117} INFO - [2024-04-29T00:52:58.603+0000] {dagbag.py:525} INFO - Filling up the DagBag from /home/airflow/.local/lib/python3.7/site-packages/airflow/example_dags/example_time_delta_sensor_async.py
[2024-04-29T00:52:58.619+0000] {processor.py:768} INFO - DAG(s) dict_keys(['example_time_delta_sensor_async']) retrieved from /home/airflow/.local/lib/python3.7/site-packages/airflow/example_dags/example_time_delta_sensor_async.py
[2024-04-29T00:52:58.912+0000] {logging_mixin.py:117} INFO - [2024-04-29T00:52:58.912+0000] {dag.py:2573} INFO - Sync 1 DAGs
[2024-04-29T00:52:58.941+0000] {logging_mixin.py:117} INFO - [2024-04-29T00:52:58.941+0000] {dag.py:3328} INFO - Setting next_dagrun for example_time_delta_sensor_async to None, run_after=None
[2024-04-29T00:52:58.966+0000] {processor.py:178} INFO - Processing /home/airflow/.local/lib/python3.7/site-packages/airflow/example_dags/example_time_delta_sensor_async.py took 0.367 seconds
[2024-04-29T00:53:29.111+0000] {processor.py:156} INFO - Started process (PID=10847) to work on /home/airflow/.local/lib/python3.7/site-packages/airflow/example_dags/example_time_delta_sensor_async.py
[2024-04-29T00:53:29.112+0000] {processor.py:758} INFO - Processing file /home/airflow/.local/lib/python3.7/site-packages/airflow/example_dags/example_time_delta_sensor_async.py for tasks to queue
[2024-04-29T00:53:29.112+0000] {logging_mixin.py:117} INFO - [2024-04-29T00:53:29.112+0000] {dagbag.py:525} INFO - Filling up the DagBag from /home/airflow/.local/lib/python3.7/site-packages/airflow/example_dags/example_time_delta_sensor_async.py
[2024-04-29T00:53:29.124+0000] {processor.py:768} INFO - DAG(s) dict_keys(['example_time_delta_sensor_async']) retrieved from /home/airflow/.local/lib/python3.7/site-packages/airflow/example_dags/example_time_delta_sensor_async.py
[2024-04-29T00:53:29.288+0000] {logging_mixin.py:117} INFO - [2024-04-29T00:53:29.288+0000] {dag.py:2573} INFO - Sync 1 DAGs
[2024-04-29T00:53:29.310+0000] {logging_mixin.py:117} INFO - [2024-04-29T00:53:29.310+0000] {dag.py:3328} INFO - Setting next_dagrun for example_time_delta_sensor_async to None, run_after=None
[2024-04-29T00:53:29.333+0000] {processor.py:178} INFO - Processing /home/airflow/.local/lib/python3.7/site-packages/airflow/example_dags/example_time_delta_sensor_async.py took 0.224 seconds
[2024-04-29T00:53:59.706+0000] {processor.py:156} INFO - Started process (PID=11061) to work on /home/airflow/.local/lib/python3.7/site-packages/airflow/example_dags/example_time_delta_sensor_async.py
[2024-04-29T00:53:59.707+0000] {processor.py:758} INFO - Processing file /home/airflow/.local/lib/python3.7/site-packages/airflow/example_dags/example_time_delta_sensor_async.py for tasks to queue
[2024-04-29T00:53:59.707+0000] {logging_mixin.py:117} INFO - [2024-04-29T00:53:59.707+0000] {dagbag.py:525} INFO - Filling up the DagBag from /home/airflow/.local/lib/python3.7/site-packages/airflow/example_dags/example_time_delta_sensor_async.py
[2024-04-29T00:53:59.724+0000] {processor.py:768} INFO - DAG(s) dict_keys(['example_time_delta_sensor_async']) retrieved from /home/airflow/.local/lib/python3.7/site-packages/airflow/example_dags/example_time_delta_sensor_async.py
[2024-04-29T00:54:00.053+0000] {logging_mixin.py:117} INFO - [2024-04-29T00:54:00.053+0000] {dag.py:2573} INFO - Sync 1 DAGs
[2024-04-29T00:54:00.111+0000] {logging_mixin.py:117} INFO - [2024-04-29T00:54:00.111+0000] {dag.py:3328} INFO - Setting next_dagrun for example_time_delta_sensor_async to None, run_after=None
[2024-04-29T00:54:00.170+0000] {processor.py:178} INFO - Processing /home/airflow/.local/lib/python3.7/site-packages/airflow/example_dags/example_time_delta_sensor_async.py took 0.468 seconds
[2024-04-29T00:54:30.459+0000] {processor.py:156} INFO - Started process (PID=11276) to work on /home/airflow/.local/lib/python3.7/site-packages/airflow/example_dags/example_time_delta_sensor_async.py
[2024-04-29T00:54:30.460+0000] {processor.py:758} INFO - Processing file /home/airflow/.local/lib/python3.7/site-packages/airflow/example_dags/example_time_delta_sensor_async.py for tasks to queue
[2024-04-29T00:54:30.461+0000] {logging_mixin.py:117} INFO - [2024-04-29T00:54:30.461+0000] {dagbag.py:525} INFO - Filling up the DagBag from /home/airflow/.local/lib/python3.7/site-packages/airflow/example_dags/example_time_delta_sensor_async.py
[2024-04-29T00:54:30.482+0000] {processor.py:768} INFO - DAG(s) dict_keys(['example_time_delta_sensor_async']) retrieved from /home/airflow/.local/lib/python3.7/site-packages/airflow/example_dags/example_time_delta_sensor_async.py
[2024-04-29T00:54:30.782+0000] {logging_mixin.py:117} INFO - [2024-04-29T00:54:30.782+0000] {dag.py:2573} INFO - Sync 1 DAGs
[2024-04-29T00:54:30.828+0000] {logging_mixin.py:117} INFO - [2024-04-29T00:54:30.828+0000] {dag.py:3328} INFO - Setting next_dagrun for example_time_delta_sensor_async to None, run_after=None
[2024-04-29T00:54:30.864+0000] {processor.py:178} INFO - Processing /home/airflow/.local/lib/python3.7/site-packages/airflow/example_dags/example_time_delta_sensor_async.py took 0.407 seconds
[2024-04-29T00:55:00.976+0000] {processor.py:156} INFO - Started process (PID=11499) to work on /home/airflow/.local/lib/python3.7/site-packages/airflow/example_dags/example_time_delta_sensor_async.py
[2024-04-29T00:55:00.977+0000] {processor.py:758} INFO - Processing file /home/airflow/.local/lib/python3.7/site-packages/airflow/example_dags/example_time_delta_sensor_async.py for tasks to queue
[2024-04-29T00:55:00.977+0000] {logging_mixin.py:117} INFO - [2024-04-29T00:55:00.977+0000] {dagbag.py:525} INFO - Filling up the DagBag from /home/airflow/.local/lib/python3.7/site-packages/airflow/example_dags/example_time_delta_sensor_async.py
[2024-04-29T00:55:00.996+0000] {processor.py:768} INFO - DAG(s) dict_keys(['example_time_delta_sensor_async']) retrieved from /home/airflow/.local/lib/python3.7/site-packages/airflow/example_dags/example_time_delta_sensor_async.py
[2024-04-29T00:55:01.287+0000] {logging_mixin.py:117} INFO - [2024-04-29T00:55:01.287+0000] {dag.py:2573} INFO - Sync 1 DAGs
[2024-04-29T00:55:01.320+0000] {logging_mixin.py:117} INFO - [2024-04-29T00:55:01.320+0000] {dag.py:3328} INFO - Setting next_dagrun for example_time_delta_sensor_async to None, run_after=None
[2024-04-29T00:55:01.371+0000] {processor.py:178} INFO - Processing /home/airflow/.local/lib/python3.7/site-packages/airflow/example_dags/example_time_delta_sensor_async.py took 0.398 seconds
