[2024-04-29T00:28:47.929+0000] {processor.py:156} INFO - Started process (PID=240) to work on /home/airflow/.local/lib/python3.7/site-packages/airflow/example_dags/example_local_kubernetes_executor.py
[2024-04-29T00:28:47.941+0000] {processor.py:758} INFO - Processing file /home/airflow/.local/lib/python3.7/site-packages/airflow/example_dags/example_local_kubernetes_executor.py for tasks to queue
[2024-04-29T00:28:47.942+0000] {logging_mixin.py:117} INFO - [2024-04-29T00:28:47.942+0000] {dagbag.py:525} INFO - Filling up the DagBag from /home/airflow/.local/lib/python3.7/site-packages/airflow/example_dags/example_local_kubernetes_executor.py
[2024-04-29T00:28:48.141+0000] {processor.py:768} INFO - DAG(s) dict_keys(['example_local_kubernetes_executor']) retrieved from /home/airflow/.local/lib/python3.7/site-packages/airflow/example_dags/example_local_kubernetes_executor.py
[2024-04-29T00:28:48.463+0000] {logging_mixin.py:117} INFO - [2024-04-29T00:28:48.462+0000] {dag.py:2573} INFO - Sync 1 DAGs
[2024-04-29T00:28:48.740+0000] {logging_mixin.py:117} INFO - [2024-04-29T00:28:48.740+0000] {dag.py:3328} INFO - Setting next_dagrun for example_local_kubernetes_executor to None, run_after=None
[2024-04-29T00:28:48.832+0000] {processor.py:178} INFO - Processing /home/airflow/.local/lib/python3.7/site-packages/airflow/example_dags/example_local_kubernetes_executor.py took 0.907 seconds
[2024-04-29T00:29:18.994+0000] {processor.py:156} INFO - Started process (PID=453) to work on /home/airflow/.local/lib/python3.7/site-packages/airflow/example_dags/example_local_kubernetes_executor.py
[2024-04-29T00:29:18.994+0000] {processor.py:758} INFO - Processing file /home/airflow/.local/lib/python3.7/site-packages/airflow/example_dags/example_local_kubernetes_executor.py for tasks to queue
[2024-04-29T00:29:18.995+0000] {logging_mixin.py:117} INFO - [2024-04-29T00:29:18.995+0000] {dagbag.py:525} INFO - Filling up the DagBag from /home/airflow/.local/lib/python3.7/site-packages/airflow/example_dags/example_local_kubernetes_executor.py
[2024-04-29T00:29:19.014+0000] {processor.py:768} INFO - DAG(s) dict_keys(['example_local_kubernetes_executor']) retrieved from /home/airflow/.local/lib/python3.7/site-packages/airflow/example_dags/example_local_kubernetes_executor.py
[2024-04-29T00:29:19.047+0000] {logging_mixin.py:117} INFO - [2024-04-29T00:29:19.047+0000] {dag.py:2573} INFO - Sync 1 DAGs
[2024-04-29T00:29:19.070+0000] {logging_mixin.py:117} INFO - [2024-04-29T00:29:19.070+0000] {dag.py:3328} INFO - Setting next_dagrun for example_local_kubernetes_executor to None, run_after=None
[2024-04-29T00:29:19.091+0000] {processor.py:178} INFO - Processing /home/airflow/.local/lib/python3.7/site-packages/airflow/example_dags/example_local_kubernetes_executor.py took 0.099 seconds
[2024-04-29T00:29:49.341+0000] {processor.py:156} INFO - Started process (PID=677) to work on /home/airflow/.local/lib/python3.7/site-packages/airflow/example_dags/example_local_kubernetes_executor.py
[2024-04-29T00:29:49.341+0000] {processor.py:758} INFO - Processing file /home/airflow/.local/lib/python3.7/site-packages/airflow/example_dags/example_local_kubernetes_executor.py for tasks to queue
[2024-04-29T00:29:49.342+0000] {logging_mixin.py:117} INFO - [2024-04-29T00:29:49.342+0000] {dagbag.py:525} INFO - Filling up the DagBag from /home/airflow/.local/lib/python3.7/site-packages/airflow/example_dags/example_local_kubernetes_executor.py
[2024-04-29T00:29:49.361+0000] {processor.py:768} INFO - DAG(s) dict_keys(['example_local_kubernetes_executor']) retrieved from /home/airflow/.local/lib/python3.7/site-packages/airflow/example_dags/example_local_kubernetes_executor.py
[2024-04-29T00:29:49.392+0000] {logging_mixin.py:117} INFO - [2024-04-29T00:29:49.392+0000] {dag.py:2573} INFO - Sync 1 DAGs
[2024-04-29T00:29:49.419+0000] {logging_mixin.py:117} INFO - [2024-04-29T00:29:49.419+0000] {dag.py:3328} INFO - Setting next_dagrun for example_local_kubernetes_executor to None, run_after=None
[2024-04-29T00:29:49.447+0000] {processor.py:178} INFO - Processing /home/airflow/.local/lib/python3.7/site-packages/airflow/example_dags/example_local_kubernetes_executor.py took 0.108 seconds
[2024-04-29T00:30:19.623+0000] {processor.py:156} INFO - Started process (PID=891) to work on /home/airflow/.local/lib/python3.7/site-packages/airflow/example_dags/example_local_kubernetes_executor.py
[2024-04-29T00:30:19.624+0000] {processor.py:758} INFO - Processing file /home/airflow/.local/lib/python3.7/site-packages/airflow/example_dags/example_local_kubernetes_executor.py for tasks to queue
[2024-04-29T00:30:19.624+0000] {logging_mixin.py:117} INFO - [2024-04-29T00:30:19.624+0000] {dagbag.py:525} INFO - Filling up the DagBag from /home/airflow/.local/lib/python3.7/site-packages/airflow/example_dags/example_local_kubernetes_executor.py
[2024-04-29T00:30:19.643+0000] {processor.py:768} INFO - DAG(s) dict_keys(['example_local_kubernetes_executor']) retrieved from /home/airflow/.local/lib/python3.7/site-packages/airflow/example_dags/example_local_kubernetes_executor.py
[2024-04-29T00:30:19.677+0000] {logging_mixin.py:117} INFO - [2024-04-29T00:30:19.677+0000] {dag.py:2573} INFO - Sync 1 DAGs
[2024-04-29T00:30:19.697+0000] {logging_mixin.py:117} INFO - [2024-04-29T00:30:19.697+0000] {dag.py:3328} INFO - Setting next_dagrun for example_local_kubernetes_executor to None, run_after=None
[2024-04-29T00:30:19.718+0000] {processor.py:178} INFO - Processing /home/airflow/.local/lib/python3.7/site-packages/airflow/example_dags/example_local_kubernetes_executor.py took 0.097 seconds
[2024-04-29T00:30:50.460+0000] {processor.py:156} INFO - Started process (PID=1113) to work on /home/airflow/.local/lib/python3.7/site-packages/airflow/example_dags/example_local_kubernetes_executor.py
[2024-04-29T00:30:50.461+0000] {processor.py:758} INFO - Processing file /home/airflow/.local/lib/python3.7/site-packages/airflow/example_dags/example_local_kubernetes_executor.py for tasks to queue
[2024-04-29T00:30:50.461+0000] {logging_mixin.py:117} INFO - [2024-04-29T00:30:50.461+0000] {dagbag.py:525} INFO - Filling up the DagBag from /home/airflow/.local/lib/python3.7/site-packages/airflow/example_dags/example_local_kubernetes_executor.py
[2024-04-29T00:30:50.482+0000] {processor.py:768} INFO - DAG(s) dict_keys(['example_local_kubernetes_executor']) retrieved from /home/airflow/.local/lib/python3.7/site-packages/airflow/example_dags/example_local_kubernetes_executor.py
[2024-04-29T00:30:50.514+0000] {logging_mixin.py:117} INFO - [2024-04-29T00:30:50.513+0000] {dag.py:2573} INFO - Sync 1 DAGs
[2024-04-29T00:30:50.535+0000] {logging_mixin.py:117} INFO - [2024-04-29T00:30:50.535+0000] {dag.py:3328} INFO - Setting next_dagrun for example_local_kubernetes_executor to None, run_after=None
[2024-04-29T00:30:50.718+0000] {processor.py:178} INFO - Processing /home/airflow/.local/lib/python3.7/site-packages/airflow/example_dags/example_local_kubernetes_executor.py took 0.260 seconds
[2024-04-29T00:31:21.030+0000] {processor.py:156} INFO - Started process (PID=1337) to work on /home/airflow/.local/lib/python3.7/site-packages/airflow/example_dags/example_local_kubernetes_executor.py
[2024-04-29T00:31:21.032+0000] {processor.py:758} INFO - Processing file /home/airflow/.local/lib/python3.7/site-packages/airflow/example_dags/example_local_kubernetes_executor.py for tasks to queue
[2024-04-29T00:31:21.033+0000] {logging_mixin.py:117} INFO - [2024-04-29T00:31:21.033+0000] {dagbag.py:525} INFO - Filling up the DagBag from /home/airflow/.local/lib/python3.7/site-packages/airflow/example_dags/example_local_kubernetes_executor.py
[2024-04-29T00:31:21.065+0000] {processor.py:768} INFO - DAG(s) dict_keys(['example_local_kubernetes_executor']) retrieved from /home/airflow/.local/lib/python3.7/site-packages/airflow/example_dags/example_local_kubernetes_executor.py
[2024-04-29T00:31:21.108+0000] {logging_mixin.py:117} INFO - [2024-04-29T00:31:21.108+0000] {dag.py:2573} INFO - Sync 1 DAGs
[2024-04-29T00:31:21.272+0000] {logging_mixin.py:117} INFO - [2024-04-29T00:31:21.272+0000] {dag.py:3328} INFO - Setting next_dagrun for example_local_kubernetes_executor to None, run_after=None
[2024-04-29T00:31:21.296+0000] {processor.py:178} INFO - Processing /home/airflow/.local/lib/python3.7/site-packages/airflow/example_dags/example_local_kubernetes_executor.py took 0.272 seconds
[2024-04-29T00:31:51.970+0000] {processor.py:156} INFO - Started process (PID=1549) to work on /home/airflow/.local/lib/python3.7/site-packages/airflow/example_dags/example_local_kubernetes_executor.py
[2024-04-29T00:31:51.970+0000] {processor.py:758} INFO - Processing file /home/airflow/.local/lib/python3.7/site-packages/airflow/example_dags/example_local_kubernetes_executor.py for tasks to queue
[2024-04-29T00:31:51.971+0000] {logging_mixin.py:117} INFO - [2024-04-29T00:31:51.971+0000] {dagbag.py:525} INFO - Filling up the DagBag from /home/airflow/.local/lib/python3.7/site-packages/airflow/example_dags/example_local_kubernetes_executor.py
[2024-04-29T00:31:52.032+0000] {processor.py:768} INFO - DAG(s) dict_keys(['example_local_kubernetes_executor']) retrieved from /home/airflow/.local/lib/python3.7/site-packages/airflow/example_dags/example_local_kubernetes_executor.py
[2024-04-29T00:31:52.265+0000] {logging_mixin.py:117} INFO - [2024-04-29T00:31:52.264+0000] {dag.py:2573} INFO - Sync 1 DAGs
[2024-04-29T00:31:52.295+0000] {logging_mixin.py:117} INFO - [2024-04-29T00:31:52.295+0000] {dag.py:3328} INFO - Setting next_dagrun for example_local_kubernetes_executor to None, run_after=None
[2024-04-29T00:31:52.323+0000] {processor.py:178} INFO - Processing /home/airflow/.local/lib/python3.7/site-packages/airflow/example_dags/example_local_kubernetes_executor.py took 0.357 seconds
[2024-04-29T00:32:22.595+0000] {processor.py:156} INFO - Started process (PID=1772) to work on /home/airflow/.local/lib/python3.7/site-packages/airflow/example_dags/example_local_kubernetes_executor.py
[2024-04-29T00:32:22.596+0000] {processor.py:758} INFO - Processing file /home/airflow/.local/lib/python3.7/site-packages/airflow/example_dags/example_local_kubernetes_executor.py for tasks to queue
[2024-04-29T00:32:22.596+0000] {logging_mixin.py:117} INFO - [2024-04-29T00:32:22.596+0000] {dagbag.py:525} INFO - Filling up the DagBag from /home/airflow/.local/lib/python3.7/site-packages/airflow/example_dags/example_local_kubernetes_executor.py
[2024-04-29T00:32:22.623+0000] {processor.py:768} INFO - DAG(s) dict_keys(['example_local_kubernetes_executor']) retrieved from /home/airflow/.local/lib/python3.7/site-packages/airflow/example_dags/example_local_kubernetes_executor.py
[2024-04-29T00:32:22.847+0000] {logging_mixin.py:117} INFO - [2024-04-29T00:32:22.847+0000] {dag.py:2573} INFO - Sync 1 DAGs
[2024-04-29T00:32:22.866+0000] {logging_mixin.py:117} INFO - [2024-04-29T00:32:22.866+0000] {dag.py:3328} INFO - Setting next_dagrun for example_local_kubernetes_executor to None, run_after=None
[2024-04-29T00:32:22.885+0000] {processor.py:178} INFO - Processing /home/airflow/.local/lib/python3.7/site-packages/airflow/example_dags/example_local_kubernetes_executor.py took 0.293 seconds
[2024-04-29T00:32:53.498+0000] {processor.py:156} INFO - Started process (PID=1985) to work on /home/airflow/.local/lib/python3.7/site-packages/airflow/example_dags/example_local_kubernetes_executor.py
[2024-04-29T00:32:53.499+0000] {processor.py:758} INFO - Processing file /home/airflow/.local/lib/python3.7/site-packages/airflow/example_dags/example_local_kubernetes_executor.py for tasks to queue
[2024-04-29T00:32:53.499+0000] {logging_mixin.py:117} INFO - [2024-04-29T00:32:53.499+0000] {dagbag.py:525} INFO - Filling up the DagBag from /home/airflow/.local/lib/python3.7/site-packages/airflow/example_dags/example_local_kubernetes_executor.py
[2024-04-29T00:32:53.529+0000] {processor.py:768} INFO - DAG(s) dict_keys(['example_local_kubernetes_executor']) retrieved from /home/airflow/.local/lib/python3.7/site-packages/airflow/example_dags/example_local_kubernetes_executor.py
[2024-04-29T00:32:53.692+0000] {logging_mixin.py:117} INFO - [2024-04-29T00:32:53.692+0000] {dag.py:2573} INFO - Sync 1 DAGs
[2024-04-29T00:32:53.711+0000] {logging_mixin.py:117} INFO - [2024-04-29T00:32:53.711+0000] {dag.py:3328} INFO - Setting next_dagrun for example_local_kubernetes_executor to None, run_after=None
[2024-04-29T00:32:53.731+0000] {processor.py:178} INFO - Processing /home/airflow/.local/lib/python3.7/site-packages/airflow/example_dags/example_local_kubernetes_executor.py took 0.236 seconds
[2024-04-29T00:33:24.363+0000] {processor.py:156} INFO - Started process (PID=2208) to work on /home/airflow/.local/lib/python3.7/site-packages/airflow/example_dags/example_local_kubernetes_executor.py
[2024-04-29T00:33:24.364+0000] {processor.py:758} INFO - Processing file /home/airflow/.local/lib/python3.7/site-packages/airflow/example_dags/example_local_kubernetes_executor.py for tasks to queue
[2024-04-29T00:33:24.365+0000] {logging_mixin.py:117} INFO - [2024-04-29T00:33:24.364+0000] {dagbag.py:525} INFO - Filling up the DagBag from /home/airflow/.local/lib/python3.7/site-packages/airflow/example_dags/example_local_kubernetes_executor.py
[2024-04-29T00:33:24.532+0000] {processor.py:768} INFO - DAG(s) dict_keys(['example_local_kubernetes_executor']) retrieved from /home/airflow/.local/lib/python3.7/site-packages/airflow/example_dags/example_local_kubernetes_executor.py
[2024-04-29T00:33:24.569+0000] {logging_mixin.py:117} INFO - [2024-04-29T00:33:24.568+0000] {dag.py:2573} INFO - Sync 1 DAGs
[2024-04-29T00:33:24.591+0000] {logging_mixin.py:117} INFO - [2024-04-29T00:33:24.591+0000] {dag.py:3328} INFO - Setting next_dagrun for example_local_kubernetes_executor to None, run_after=None
[2024-04-29T00:33:24.611+0000] {processor.py:178} INFO - Processing /home/airflow/.local/lib/python3.7/site-packages/airflow/example_dags/example_local_kubernetes_executor.py took 0.251 seconds
[2024-04-29T00:33:55.329+0000] {processor.py:156} INFO - Started process (PID=2432) to work on /home/airflow/.local/lib/python3.7/site-packages/airflow/example_dags/example_local_kubernetes_executor.py
[2024-04-29T00:33:55.330+0000] {processor.py:758} INFO - Processing file /home/airflow/.local/lib/python3.7/site-packages/airflow/example_dags/example_local_kubernetes_executor.py for tasks to queue
[2024-04-29T00:33:55.331+0000] {logging_mixin.py:117} INFO - [2024-04-29T00:33:55.331+0000] {dagbag.py:525} INFO - Filling up the DagBag from /home/airflow/.local/lib/python3.7/site-packages/airflow/example_dags/example_local_kubernetes_executor.py
[2024-04-29T00:33:55.357+0000] {processor.py:768} INFO - DAG(s) dict_keys(['example_local_kubernetes_executor']) retrieved from /home/airflow/.local/lib/python3.7/site-packages/airflow/example_dags/example_local_kubernetes_executor.py
[2024-04-29T00:33:55.523+0000] {logging_mixin.py:117} INFO - [2024-04-29T00:33:55.523+0000] {dag.py:2573} INFO - Sync 1 DAGs
[2024-04-29T00:33:55.554+0000] {logging_mixin.py:117} INFO - [2024-04-29T00:33:55.553+0000] {dag.py:3328} INFO - Setting next_dagrun for example_local_kubernetes_executor to None, run_after=None
[2024-04-29T00:33:55.573+0000] {processor.py:178} INFO - Processing /home/airflow/.local/lib/python3.7/site-packages/airflow/example_dags/example_local_kubernetes_executor.py took 0.248 seconds
[2024-04-29T00:34:26.345+0000] {processor.py:156} INFO - Started process (PID=2645) to work on /home/airflow/.local/lib/python3.7/site-packages/airflow/example_dags/example_local_kubernetes_executor.py
[2024-04-29T00:34:26.345+0000] {processor.py:758} INFO - Processing file /home/airflow/.local/lib/python3.7/site-packages/airflow/example_dags/example_local_kubernetes_executor.py for tasks to queue
[2024-04-29T00:34:26.346+0000] {logging_mixin.py:117} INFO - [2024-04-29T00:34:26.346+0000] {dagbag.py:525} INFO - Filling up the DagBag from /home/airflow/.local/lib/python3.7/site-packages/airflow/example_dags/example_local_kubernetes_executor.py
[2024-04-29T00:34:26.376+0000] {processor.py:768} INFO - DAG(s) dict_keys(['example_local_kubernetes_executor']) retrieved from /home/airflow/.local/lib/python3.7/site-packages/airflow/example_dags/example_local_kubernetes_executor.py
[2024-04-29T00:34:26.528+0000] {logging_mixin.py:117} INFO - [2024-04-29T00:34:26.528+0000] {dag.py:2573} INFO - Sync 1 DAGs
[2024-04-29T00:34:26.548+0000] {logging_mixin.py:117} INFO - [2024-04-29T00:34:26.548+0000] {dag.py:3328} INFO - Setting next_dagrun for example_local_kubernetes_executor to None, run_after=None
[2024-04-29T00:34:26.567+0000] {processor.py:178} INFO - Processing /home/airflow/.local/lib/python3.7/site-packages/airflow/example_dags/example_local_kubernetes_executor.py took 0.228 seconds
[2024-04-29T00:34:56.935+0000] {processor.py:156} INFO - Started process (PID=2866) to work on /home/airflow/.local/lib/python3.7/site-packages/airflow/example_dags/example_local_kubernetes_executor.py
[2024-04-29T00:34:56.935+0000] {processor.py:758} INFO - Processing file /home/airflow/.local/lib/python3.7/site-packages/airflow/example_dags/example_local_kubernetes_executor.py for tasks to queue
[2024-04-29T00:34:56.936+0000] {logging_mixin.py:117} INFO - [2024-04-29T00:34:56.936+0000] {dagbag.py:525} INFO - Filling up the DagBag from /home/airflow/.local/lib/python3.7/site-packages/airflow/example_dags/example_local_kubernetes_executor.py
[2024-04-29T00:34:56.966+0000] {processor.py:768} INFO - DAG(s) dict_keys(['example_local_kubernetes_executor']) retrieved from /home/airflow/.local/lib/python3.7/site-packages/airflow/example_dags/example_local_kubernetes_executor.py
[2024-04-29T00:34:57.144+0000] {logging_mixin.py:117} INFO - [2024-04-29T00:34:57.144+0000] {dag.py:2573} INFO - Sync 1 DAGs
[2024-04-29T00:34:57.167+0000] {logging_mixin.py:117} INFO - [2024-04-29T00:34:57.167+0000] {dag.py:3328} INFO - Setting next_dagrun for example_local_kubernetes_executor to None, run_after=None
[2024-04-29T00:34:57.188+0000] {processor.py:178} INFO - Processing /home/airflow/.local/lib/python3.7/site-packages/airflow/example_dags/example_local_kubernetes_executor.py took 0.257 seconds
[2024-04-29T00:35:27.670+0000] {processor.py:156} INFO - Started process (PID=3090) to work on /home/airflow/.local/lib/python3.7/site-packages/airflow/example_dags/example_local_kubernetes_executor.py
[2024-04-29T00:35:27.670+0000] {processor.py:758} INFO - Processing file /home/airflow/.local/lib/python3.7/site-packages/airflow/example_dags/example_local_kubernetes_executor.py for tasks to queue
[2024-04-29T00:35:27.671+0000] {logging_mixin.py:117} INFO - [2024-04-29T00:35:27.671+0000] {dagbag.py:525} INFO - Filling up the DagBag from /home/airflow/.local/lib/python3.7/site-packages/airflow/example_dags/example_local_kubernetes_executor.py
[2024-04-29T00:35:27.700+0000] {processor.py:768} INFO - DAG(s) dict_keys(['example_local_kubernetes_executor']) retrieved from /home/airflow/.local/lib/python3.7/site-packages/airflow/example_dags/example_local_kubernetes_executor.py
[2024-04-29T00:35:27.759+0000] {logging_mixin.py:117} INFO - [2024-04-29T00:35:27.759+0000] {dag.py:2573} INFO - Sync 1 DAGs
[2024-04-29T00:35:27.925+0000] {logging_mixin.py:117} INFO - [2024-04-29T00:35:27.924+0000] {dag.py:3328} INFO - Setting next_dagrun for example_local_kubernetes_executor to None, run_after=None
[2024-04-29T00:35:27.944+0000] {processor.py:178} INFO - Processing /home/airflow/.local/lib/python3.7/site-packages/airflow/example_dags/example_local_kubernetes_executor.py took 0.279 seconds
[2024-04-29T00:35:58.347+0000] {processor.py:156} INFO - Started process (PID=3305) to work on /home/airflow/.local/lib/python3.7/site-packages/airflow/example_dags/example_local_kubernetes_executor.py
[2024-04-29T00:35:58.348+0000] {processor.py:758} INFO - Processing file /home/airflow/.local/lib/python3.7/site-packages/airflow/example_dags/example_local_kubernetes_executor.py for tasks to queue
[2024-04-29T00:35:58.349+0000] {logging_mixin.py:117} INFO - [2024-04-29T00:35:58.348+0000] {dagbag.py:525} INFO - Filling up the DagBag from /home/airflow/.local/lib/python3.7/site-packages/airflow/example_dags/example_local_kubernetes_executor.py
[2024-04-29T00:35:58.375+0000] {processor.py:768} INFO - DAG(s) dict_keys(['example_local_kubernetes_executor']) retrieved from /home/airflow/.local/lib/python3.7/site-packages/airflow/example_dags/example_local_kubernetes_executor.py
[2024-04-29T00:35:58.417+0000] {logging_mixin.py:117} INFO - [2024-04-29T00:35:58.417+0000] {dag.py:2573} INFO - Sync 1 DAGs
[2024-04-29T00:35:58.611+0000] {logging_mixin.py:117} INFO - [2024-04-29T00:35:58.611+0000] {dag.py:3328} INFO - Setting next_dagrun for example_local_kubernetes_executor to None, run_after=None
[2024-04-29T00:35:58.635+0000] {processor.py:178} INFO - Processing /home/airflow/.local/lib/python3.7/site-packages/airflow/example_dags/example_local_kubernetes_executor.py took 0.291 seconds
[2024-04-29T00:36:29.194+0000] {processor.py:156} INFO - Started process (PID=3527) to work on /home/airflow/.local/lib/python3.7/site-packages/airflow/example_dags/example_local_kubernetes_executor.py
[2024-04-29T00:36:29.195+0000] {processor.py:758} INFO - Processing file /home/airflow/.local/lib/python3.7/site-packages/airflow/example_dags/example_local_kubernetes_executor.py for tasks to queue
[2024-04-29T00:36:29.196+0000] {logging_mixin.py:117} INFO - [2024-04-29T00:36:29.196+0000] {dagbag.py:525} INFO - Filling up the DagBag from /home/airflow/.local/lib/python3.7/site-packages/airflow/example_dags/example_local_kubernetes_executor.py
[2024-04-29T00:36:29.256+0000] {processor.py:768} INFO - DAG(s) dict_keys(['example_local_kubernetes_executor']) retrieved from /home/airflow/.local/lib/python3.7/site-packages/airflow/example_dags/example_local_kubernetes_executor.py
[2024-04-29T00:36:29.445+0000] {logging_mixin.py:117} INFO - [2024-04-29T00:36:29.445+0000] {dag.py:2573} INFO - Sync 1 DAGs
[2024-04-29T00:36:29.464+0000] {logging_mixin.py:117} INFO - [2024-04-29T00:36:29.464+0000] {dag.py:3328} INFO - Setting next_dagrun for example_local_kubernetes_executor to None, run_after=None
[2024-04-29T00:36:29.484+0000] {processor.py:178} INFO - Processing /home/airflow/.local/lib/python3.7/site-packages/airflow/example_dags/example_local_kubernetes_executor.py took 0.293 seconds
[2024-04-29T00:36:59.665+0000] {processor.py:156} INFO - Started process (PID=3749) to work on /home/airflow/.local/lib/python3.7/site-packages/airflow/example_dags/example_local_kubernetes_executor.py
[2024-04-29T00:36:59.665+0000] {processor.py:758} INFO - Processing file /home/airflow/.local/lib/python3.7/site-packages/airflow/example_dags/example_local_kubernetes_executor.py for tasks to queue
[2024-04-29T00:36:59.666+0000] {logging_mixin.py:117} INFO - [2024-04-29T00:36:59.666+0000] {dagbag.py:525} INFO - Filling up the DagBag from /home/airflow/.local/lib/python3.7/site-packages/airflow/example_dags/example_local_kubernetes_executor.py
[2024-04-29T00:36:59.706+0000] {processor.py:768} INFO - DAG(s) dict_keys(['example_local_kubernetes_executor']) retrieved from /home/airflow/.local/lib/python3.7/site-packages/airflow/example_dags/example_local_kubernetes_executor.py
[2024-04-29T00:36:59.963+0000] {logging_mixin.py:117} INFO - [2024-04-29T00:36:59.963+0000] {dag.py:2573} INFO - Sync 1 DAGs
[2024-04-29T00:36:59.992+0000] {logging_mixin.py:117} INFO - [2024-04-29T00:36:59.992+0000] {dag.py:3328} INFO - Setting next_dagrun for example_local_kubernetes_executor to None, run_after=None
[2024-04-29T00:37:00.017+0000] {processor.py:178} INFO - Processing /home/airflow/.local/lib/python3.7/site-packages/airflow/example_dags/example_local_kubernetes_executor.py took 0.356 seconds
[2024-04-29T00:37:30.152+0000] {processor.py:156} INFO - Started process (PID=3963) to work on /home/airflow/.local/lib/python3.7/site-packages/airflow/example_dags/example_local_kubernetes_executor.py
[2024-04-29T00:37:30.153+0000] {processor.py:758} INFO - Processing file /home/airflow/.local/lib/python3.7/site-packages/airflow/example_dags/example_local_kubernetes_executor.py for tasks to queue
[2024-04-29T00:37:30.154+0000] {logging_mixin.py:117} INFO - [2024-04-29T00:37:30.154+0000] {dagbag.py:525} INFO - Filling up the DagBag from /home/airflow/.local/lib/python3.7/site-packages/airflow/example_dags/example_local_kubernetes_executor.py
[2024-04-29T00:37:30.382+0000] {processor.py:768} INFO - DAG(s) dict_keys(['example_local_kubernetes_executor']) retrieved from /home/airflow/.local/lib/python3.7/site-packages/airflow/example_dags/example_local_kubernetes_executor.py
[2024-04-29T00:37:30.422+0000] {logging_mixin.py:117} INFO - [2024-04-29T00:37:30.422+0000] {dag.py:2573} INFO - Sync 1 DAGs
[2024-04-29T00:37:30.467+0000] {logging_mixin.py:117} INFO - [2024-04-29T00:37:30.467+0000] {dag.py:3328} INFO - Setting next_dagrun for example_local_kubernetes_executor to None, run_after=None
[2024-04-29T00:37:30.493+0000] {processor.py:178} INFO - Processing /home/airflow/.local/lib/python3.7/site-packages/airflow/example_dags/example_local_kubernetes_executor.py took 0.343 seconds
[2024-04-29T00:38:01.106+0000] {processor.py:156} INFO - Started process (PID=4185) to work on /home/airflow/.local/lib/python3.7/site-packages/airflow/example_dags/example_local_kubernetes_executor.py
[2024-04-29T00:38:01.107+0000] {processor.py:758} INFO - Processing file /home/airflow/.local/lib/python3.7/site-packages/airflow/example_dags/example_local_kubernetes_executor.py for tasks to queue
[2024-04-29T00:38:01.108+0000] {logging_mixin.py:117} INFO - [2024-04-29T00:38:01.107+0000] {dagbag.py:525} INFO - Filling up the DagBag from /home/airflow/.local/lib/python3.7/site-packages/airflow/example_dags/example_local_kubernetes_executor.py
[2024-04-29T00:38:01.135+0000] {processor.py:768} INFO - DAG(s) dict_keys(['example_local_kubernetes_executor']) retrieved from /home/airflow/.local/lib/python3.7/site-packages/airflow/example_dags/example_local_kubernetes_executor.py
[2024-04-29T00:38:01.182+0000] {logging_mixin.py:117} INFO - [2024-04-29T00:38:01.182+0000] {dag.py:2573} INFO - Sync 1 DAGs
[2024-04-29T00:38:01.215+0000] {logging_mixin.py:117} INFO - [2024-04-29T00:38:01.215+0000] {dag.py:3328} INFO - Setting next_dagrun for example_local_kubernetes_executor to None, run_after=None
[2024-04-29T00:38:01.241+0000] {processor.py:178} INFO - Processing /home/airflow/.local/lib/python3.7/site-packages/airflow/example_dags/example_local_kubernetes_executor.py took 0.139 seconds
[2024-04-29T00:38:31.772+0000] {processor.py:156} INFO - Started process (PID=4409) to work on /home/airflow/.local/lib/python3.7/site-packages/airflow/example_dags/example_local_kubernetes_executor.py
[2024-04-29T00:38:31.785+0000] {processor.py:758} INFO - Processing file /home/airflow/.local/lib/python3.7/site-packages/airflow/example_dags/example_local_kubernetes_executor.py for tasks to queue
[2024-04-29T00:38:31.787+0000] {logging_mixin.py:117} INFO - [2024-04-29T00:38:31.787+0000] {dagbag.py:525} INFO - Filling up the DagBag from /home/airflow/.local/lib/python3.7/site-packages/airflow/example_dags/example_local_kubernetes_executor.py
[2024-04-29T00:38:31.862+0000] {processor.py:768} INFO - DAG(s) dict_keys(['example_local_kubernetes_executor']) retrieved from /home/airflow/.local/lib/python3.7/site-packages/airflow/example_dags/example_local_kubernetes_executor.py
[2024-04-29T00:38:31.931+0000] {logging_mixin.py:117} INFO - [2024-04-29T00:38:31.931+0000] {dag.py:2573} INFO - Sync 1 DAGs
[2024-04-29T00:38:31.963+0000] {logging_mixin.py:117} INFO - [2024-04-29T00:38:31.963+0000] {dag.py:3328} INFO - Setting next_dagrun for example_local_kubernetes_executor to None, run_after=None
[2024-04-29T00:38:31.999+0000] {processor.py:178} INFO - Processing /home/airflow/.local/lib/python3.7/site-packages/airflow/example_dags/example_local_kubernetes_executor.py took 0.230 seconds
[2024-04-29T00:39:02.764+0000] {processor.py:156} INFO - Started process (PID=4622) to work on /home/airflow/.local/lib/python3.7/site-packages/airflow/example_dags/example_local_kubernetes_executor.py
[2024-04-29T00:39:02.765+0000] {processor.py:758} INFO - Processing file /home/airflow/.local/lib/python3.7/site-packages/airflow/example_dags/example_local_kubernetes_executor.py for tasks to queue
[2024-04-29T00:39:02.766+0000] {logging_mixin.py:117} INFO - [2024-04-29T00:39:02.765+0000] {dagbag.py:525} INFO - Filling up the DagBag from /home/airflow/.local/lib/python3.7/site-packages/airflow/example_dags/example_local_kubernetes_executor.py
[2024-04-29T00:39:02.799+0000] {processor.py:768} INFO - DAG(s) dict_keys(['example_local_kubernetes_executor']) retrieved from /home/airflow/.local/lib/python3.7/site-packages/airflow/example_dags/example_local_kubernetes_executor.py
[2024-04-29T00:39:02.844+0000] {logging_mixin.py:117} INFO - [2024-04-29T00:39:02.844+0000] {dag.py:2573} INFO - Sync 1 DAGs
[2024-04-29T00:39:02.878+0000] {logging_mixin.py:117} INFO - [2024-04-29T00:39:02.878+0000] {dag.py:3328} INFO - Setting next_dagrun for example_local_kubernetes_executor to None, run_after=None
[2024-04-29T00:39:02.903+0000] {processor.py:178} INFO - Processing /home/airflow/.local/lib/python3.7/site-packages/airflow/example_dags/example_local_kubernetes_executor.py took 0.143 seconds
[2024-04-29T00:39:33.015+0000] {processor.py:156} INFO - Started process (PID=4839) to work on /home/airflow/.local/lib/python3.7/site-packages/airflow/example_dags/example_local_kubernetes_executor.py
[2024-04-29T00:39:33.016+0000] {processor.py:758} INFO - Processing file /home/airflow/.local/lib/python3.7/site-packages/airflow/example_dags/example_local_kubernetes_executor.py for tasks to queue
[2024-04-29T00:39:33.017+0000] {logging_mixin.py:117} INFO - [2024-04-29T00:39:33.017+0000] {dagbag.py:525} INFO - Filling up the DagBag from /home/airflow/.local/lib/python3.7/site-packages/airflow/example_dags/example_local_kubernetes_executor.py
[2024-04-29T00:39:33.045+0000] {processor.py:768} INFO - DAG(s) dict_keys(['example_local_kubernetes_executor']) retrieved from /home/airflow/.local/lib/python3.7/site-packages/airflow/example_dags/example_local_kubernetes_executor.py
[2024-04-29T00:39:33.088+0000] {logging_mixin.py:117} INFO - [2024-04-29T00:39:33.088+0000] {dag.py:2573} INFO - Sync 1 DAGs
[2024-04-29T00:39:33.120+0000] {logging_mixin.py:117} INFO - [2024-04-29T00:39:33.120+0000] {dag.py:3328} INFO - Setting next_dagrun for example_local_kubernetes_executor to None, run_after=None
[2024-04-29T00:39:33.148+0000] {processor.py:178} INFO - Processing /home/airflow/.local/lib/python3.7/site-packages/airflow/example_dags/example_local_kubernetes_executor.py took 0.136 seconds
[2024-04-29T00:40:03.202+0000] {processor.py:156} INFO - Started process (PID=5061) to work on /home/airflow/.local/lib/python3.7/site-packages/airflow/example_dags/example_local_kubernetes_executor.py
[2024-04-29T00:40:03.206+0000] {processor.py:758} INFO - Processing file /home/airflow/.local/lib/python3.7/site-packages/airflow/example_dags/example_local_kubernetes_executor.py for tasks to queue
[2024-04-29T00:40:03.215+0000] {logging_mixin.py:117} INFO - [2024-04-29T00:40:03.207+0000] {dagbag.py:525} INFO - Filling up the DagBag from /home/airflow/.local/lib/python3.7/site-packages/airflow/example_dags/example_local_kubernetes_executor.py
[2024-04-29T00:40:03.273+0000] {processor.py:768} INFO - DAG(s) dict_keys(['example_local_kubernetes_executor']) retrieved from /home/airflow/.local/lib/python3.7/site-packages/airflow/example_dags/example_local_kubernetes_executor.py
[2024-04-29T00:40:03.335+0000] {logging_mixin.py:117} INFO - [2024-04-29T00:40:03.335+0000] {dag.py:2573} INFO - Sync 1 DAGs
[2024-04-29T00:40:03.363+0000] {logging_mixin.py:117} INFO - [2024-04-29T00:40:03.363+0000] {dag.py:3328} INFO - Setting next_dagrun for example_local_kubernetes_executor to None, run_after=None
[2024-04-29T00:40:03.388+0000] {processor.py:178} INFO - Processing /home/airflow/.local/lib/python3.7/site-packages/airflow/example_dags/example_local_kubernetes_executor.py took 0.197 seconds
[2024-04-29T00:40:34.066+0000] {processor.py:156} INFO - Started process (PID=5274) to work on /home/airflow/.local/lib/python3.7/site-packages/airflow/example_dags/example_local_kubernetes_executor.py
[2024-04-29T00:40:34.066+0000] {processor.py:758} INFO - Processing file /home/airflow/.local/lib/python3.7/site-packages/airflow/example_dags/example_local_kubernetes_executor.py for tasks to queue
[2024-04-29T00:40:34.067+0000] {logging_mixin.py:117} INFO - [2024-04-29T00:40:34.067+0000] {dagbag.py:525} INFO - Filling up the DagBag from /home/airflow/.local/lib/python3.7/site-packages/airflow/example_dags/example_local_kubernetes_executor.py
[2024-04-29T00:40:34.097+0000] {processor.py:768} INFO - DAG(s) dict_keys(['example_local_kubernetes_executor']) retrieved from /home/airflow/.local/lib/python3.7/site-packages/airflow/example_dags/example_local_kubernetes_executor.py
[2024-04-29T00:40:34.142+0000] {logging_mixin.py:117} INFO - [2024-04-29T00:40:34.142+0000] {dag.py:2573} INFO - Sync 1 DAGs
[2024-04-29T00:40:34.174+0000] {logging_mixin.py:117} INFO - [2024-04-29T00:40:34.174+0000] {dag.py:3328} INFO - Setting next_dagrun for example_local_kubernetes_executor to None, run_after=None
[2024-04-29T00:40:34.197+0000] {processor.py:178} INFO - Processing /home/airflow/.local/lib/python3.7/site-packages/airflow/example_dags/example_local_kubernetes_executor.py took 0.135 seconds
[2024-04-29T00:41:04.558+0000] {processor.py:156} INFO - Started process (PID=5498) to work on /home/airflow/.local/lib/python3.7/site-packages/airflow/example_dags/example_local_kubernetes_executor.py
[2024-04-29T00:41:04.558+0000] {processor.py:758} INFO - Processing file /home/airflow/.local/lib/python3.7/site-packages/airflow/example_dags/example_local_kubernetes_executor.py for tasks to queue
[2024-04-29T00:41:04.559+0000] {logging_mixin.py:117} INFO - [2024-04-29T00:41:04.559+0000] {dagbag.py:525} INFO - Filling up the DagBag from /home/airflow/.local/lib/python3.7/site-packages/airflow/example_dags/example_local_kubernetes_executor.py
[2024-04-29T00:41:04.588+0000] {processor.py:768} INFO - DAG(s) dict_keys(['example_local_kubernetes_executor']) retrieved from /home/airflow/.local/lib/python3.7/site-packages/airflow/example_dags/example_local_kubernetes_executor.py
[2024-04-29T00:41:04.631+0000] {logging_mixin.py:117} INFO - [2024-04-29T00:41:04.631+0000] {dag.py:2573} INFO - Sync 1 DAGs
[2024-04-29T00:41:04.666+0000] {logging_mixin.py:117} INFO - [2024-04-29T00:41:04.666+0000] {dag.py:3328} INFO - Setting next_dagrun for example_local_kubernetes_executor to None, run_after=None
[2024-04-29T00:41:04.698+0000] {processor.py:178} INFO - Processing /home/airflow/.local/lib/python3.7/site-packages/airflow/example_dags/example_local_kubernetes_executor.py took 0.144 seconds
[2024-04-29T00:41:34.864+0000] {processor.py:156} INFO - Started process (PID=5721) to work on /home/airflow/.local/lib/python3.7/site-packages/airflow/example_dags/example_local_kubernetes_executor.py
[2024-04-29T00:41:34.865+0000] {processor.py:758} INFO - Processing file /home/airflow/.local/lib/python3.7/site-packages/airflow/example_dags/example_local_kubernetes_executor.py for tasks to queue
[2024-04-29T00:41:34.865+0000] {logging_mixin.py:117} INFO - [2024-04-29T00:41:34.865+0000] {dagbag.py:525} INFO - Filling up the DagBag from /home/airflow/.local/lib/python3.7/site-packages/airflow/example_dags/example_local_kubernetes_executor.py
[2024-04-29T00:41:34.894+0000] {processor.py:768} INFO - DAG(s) dict_keys(['example_local_kubernetes_executor']) retrieved from /home/airflow/.local/lib/python3.7/site-packages/airflow/example_dags/example_local_kubernetes_executor.py
[2024-04-29T00:41:34.936+0000] {logging_mixin.py:117} INFO - [2024-04-29T00:41:34.936+0000] {dag.py:2573} INFO - Sync 1 DAGs
[2024-04-29T00:41:34.970+0000] {logging_mixin.py:117} INFO - [2024-04-29T00:41:34.970+0000] {dag.py:3328} INFO - Setting next_dagrun for example_local_kubernetes_executor to None, run_after=None
[2024-04-29T00:41:35.000+0000] {processor.py:178} INFO - Processing /home/airflow/.local/lib/python3.7/site-packages/airflow/example_dags/example_local_kubernetes_executor.py took 0.140 seconds
[2024-04-29T00:42:05.385+0000] {processor.py:156} INFO - Started process (PID=5935) to work on /home/airflow/.local/lib/python3.7/site-packages/airflow/example_dags/example_local_kubernetes_executor.py
[2024-04-29T00:42:05.385+0000] {processor.py:758} INFO - Processing file /home/airflow/.local/lib/python3.7/site-packages/airflow/example_dags/example_local_kubernetes_executor.py for tasks to queue
[2024-04-29T00:42:05.386+0000] {logging_mixin.py:117} INFO - [2024-04-29T00:42:05.386+0000] {dagbag.py:525} INFO - Filling up the DagBag from /home/airflow/.local/lib/python3.7/site-packages/airflow/example_dags/example_local_kubernetes_executor.py
[2024-04-29T00:42:05.416+0000] {processor.py:768} INFO - DAG(s) dict_keys(['example_local_kubernetes_executor']) retrieved from /home/airflow/.local/lib/python3.7/site-packages/airflow/example_dags/example_local_kubernetes_executor.py
[2024-04-29T00:42:05.487+0000] {logging_mixin.py:117} INFO - [2024-04-29T00:42:05.487+0000] {dag.py:2573} INFO - Sync 1 DAGs
[2024-04-29T00:42:05.523+0000] {logging_mixin.py:117} INFO - [2024-04-29T00:42:05.523+0000] {dag.py:3328} INFO - Setting next_dagrun for example_local_kubernetes_executor to None, run_after=None
[2024-04-29T00:42:05.546+0000] {processor.py:178} INFO - Processing /home/airflow/.local/lib/python3.7/site-packages/airflow/example_dags/example_local_kubernetes_executor.py took 0.164 seconds
[2024-04-29T00:42:36.000+0000] {processor.py:156} INFO - Started process (PID=6159) to work on /home/airflow/.local/lib/python3.7/site-packages/airflow/example_dags/example_local_kubernetes_executor.py
[2024-04-29T00:42:36.001+0000] {processor.py:758} INFO - Processing file /home/airflow/.local/lib/python3.7/site-packages/airflow/example_dags/example_local_kubernetes_executor.py for tasks to queue
[2024-04-29T00:42:36.002+0000] {logging_mixin.py:117} INFO - [2024-04-29T00:42:36.001+0000] {dagbag.py:525} INFO - Filling up the DagBag from /home/airflow/.local/lib/python3.7/site-packages/airflow/example_dags/example_local_kubernetes_executor.py
[2024-04-29T00:42:36.029+0000] {processor.py:768} INFO - DAG(s) dict_keys(['example_local_kubernetes_executor']) retrieved from /home/airflow/.local/lib/python3.7/site-packages/airflow/example_dags/example_local_kubernetes_executor.py
[2024-04-29T00:42:36.076+0000] {logging_mixin.py:117} INFO - [2024-04-29T00:42:36.076+0000] {dag.py:2573} INFO - Sync 1 DAGs
[2024-04-29T00:42:36.108+0000] {logging_mixin.py:117} INFO - [2024-04-29T00:42:36.108+0000] {dag.py:3328} INFO - Setting next_dagrun for example_local_kubernetes_executor to None, run_after=None
[2024-04-29T00:42:36.134+0000] {processor.py:178} INFO - Processing /home/airflow/.local/lib/python3.7/site-packages/airflow/example_dags/example_local_kubernetes_executor.py took 0.137 seconds
[2024-04-29T00:43:07.121+0000] {processor.py:156} INFO - Started process (PID=6382) to work on /home/airflow/.local/lib/python3.7/site-packages/airflow/example_dags/example_local_kubernetes_executor.py
[2024-04-29T00:43:07.122+0000] {processor.py:758} INFO - Processing file /home/airflow/.local/lib/python3.7/site-packages/airflow/example_dags/example_local_kubernetes_executor.py for tasks to queue
[2024-04-29T00:43:07.123+0000] {logging_mixin.py:117} INFO - [2024-04-29T00:43:07.123+0000] {dagbag.py:525} INFO - Filling up the DagBag from /home/airflow/.local/lib/python3.7/site-packages/airflow/example_dags/example_local_kubernetes_executor.py
[2024-04-29T00:43:07.170+0000] {processor.py:768} INFO - DAG(s) dict_keys(['example_local_kubernetes_executor']) retrieved from /home/airflow/.local/lib/python3.7/site-packages/airflow/example_dags/example_local_kubernetes_executor.py
[2024-04-29T00:43:07.237+0000] {logging_mixin.py:117} INFO - [2024-04-29T00:43:07.237+0000] {dag.py:2573} INFO - Sync 1 DAGs
[2024-04-29T00:43:07.295+0000] {logging_mixin.py:117} INFO - [2024-04-29T00:43:07.295+0000] {dag.py:3328} INFO - Setting next_dagrun for example_local_kubernetes_executor to None, run_after=None
[2024-04-29T00:43:07.320+0000] {processor.py:178} INFO - Processing /home/airflow/.local/lib/python3.7/site-packages/airflow/example_dags/example_local_kubernetes_executor.py took 0.203 seconds
[2024-04-29T00:43:37.704+0000] {processor.py:156} INFO - Started process (PID=6596) to work on /home/airflow/.local/lib/python3.7/site-packages/airflow/example_dags/example_local_kubernetes_executor.py
[2024-04-29T00:43:37.710+0000] {processor.py:758} INFO - Processing file /home/airflow/.local/lib/python3.7/site-packages/airflow/example_dags/example_local_kubernetes_executor.py for tasks to queue
[2024-04-29T00:43:37.711+0000] {logging_mixin.py:117} INFO - [2024-04-29T00:43:37.711+0000] {dagbag.py:525} INFO - Filling up the DagBag from /home/airflow/.local/lib/python3.7/site-packages/airflow/example_dags/example_local_kubernetes_executor.py
[2024-04-29T00:43:37.738+0000] {processor.py:768} INFO - DAG(s) dict_keys(['example_local_kubernetes_executor']) retrieved from /home/airflow/.local/lib/python3.7/site-packages/airflow/example_dags/example_local_kubernetes_executor.py
[2024-04-29T00:43:37.781+0000] {logging_mixin.py:117} INFO - [2024-04-29T00:43:37.781+0000] {dag.py:2573} INFO - Sync 1 DAGs
[2024-04-29T00:43:37.813+0000] {logging_mixin.py:117} INFO - [2024-04-29T00:43:37.813+0000] {dag.py:3328} INFO - Setting next_dagrun for example_local_kubernetes_executor to None, run_after=None
[2024-04-29T00:43:37.842+0000] {processor.py:178} INFO - Processing /home/airflow/.local/lib/python3.7/site-packages/airflow/example_dags/example_local_kubernetes_executor.py took 0.142 seconds
[2024-04-29T00:44:08.691+0000] {processor.py:156} INFO - Started process (PID=6818) to work on /home/airflow/.local/lib/python3.7/site-packages/airflow/example_dags/example_local_kubernetes_executor.py
[2024-04-29T00:44:08.692+0000] {processor.py:758} INFO - Processing file /home/airflow/.local/lib/python3.7/site-packages/airflow/example_dags/example_local_kubernetes_executor.py for tasks to queue
[2024-04-29T00:44:08.693+0000] {logging_mixin.py:117} INFO - [2024-04-29T00:44:08.693+0000] {dagbag.py:525} INFO - Filling up the DagBag from /home/airflow/.local/lib/python3.7/site-packages/airflow/example_dags/example_local_kubernetes_executor.py
[2024-04-29T00:44:08.721+0000] {processor.py:768} INFO - DAG(s) dict_keys(['example_local_kubernetes_executor']) retrieved from /home/airflow/.local/lib/python3.7/site-packages/airflow/example_dags/example_local_kubernetes_executor.py
[2024-04-29T00:44:08.765+0000] {logging_mixin.py:117} INFO - [2024-04-29T00:44:08.765+0000] {dag.py:2573} INFO - Sync 1 DAGs
[2024-04-29T00:44:08.798+0000] {logging_mixin.py:117} INFO - [2024-04-29T00:44:08.798+0000] {dag.py:3328} INFO - Setting next_dagrun for example_local_kubernetes_executor to None, run_after=None
[2024-04-29T00:44:08.825+0000] {processor.py:178} INFO - Processing /home/airflow/.local/lib/python3.7/site-packages/airflow/example_dags/example_local_kubernetes_executor.py took 0.137 seconds
[2024-04-29T00:44:39.201+0000] {processor.py:156} INFO - Started process (PID=7042) to work on /home/airflow/.local/lib/python3.7/site-packages/airflow/example_dags/example_local_kubernetes_executor.py
[2024-04-29T00:44:39.201+0000] {processor.py:758} INFO - Processing file /home/airflow/.local/lib/python3.7/site-packages/airflow/example_dags/example_local_kubernetes_executor.py for tasks to queue
[2024-04-29T00:44:39.202+0000] {logging_mixin.py:117} INFO - [2024-04-29T00:44:39.202+0000] {dagbag.py:525} INFO - Filling up the DagBag from /home/airflow/.local/lib/python3.7/site-packages/airflow/example_dags/example_local_kubernetes_executor.py
[2024-04-29T00:44:39.230+0000] {processor.py:768} INFO - DAG(s) dict_keys(['example_local_kubernetes_executor']) retrieved from /home/airflow/.local/lib/python3.7/site-packages/airflow/example_dags/example_local_kubernetes_executor.py
[2024-04-29T00:44:39.278+0000] {logging_mixin.py:117} INFO - [2024-04-29T00:44:39.277+0000] {dag.py:2573} INFO - Sync 1 DAGs
[2024-04-29T00:44:39.309+0000] {logging_mixin.py:117} INFO - [2024-04-29T00:44:39.309+0000] {dag.py:3328} INFO - Setting next_dagrun for example_local_kubernetes_executor to None, run_after=None
[2024-04-29T00:44:39.339+0000] {processor.py:178} INFO - Processing /home/airflow/.local/lib/python3.7/site-packages/airflow/example_dags/example_local_kubernetes_executor.py took 0.142 seconds
[2024-04-29T00:45:09.448+0000] {processor.py:156} INFO - Started process (PID=7256) to work on /home/airflow/.local/lib/python3.7/site-packages/airflow/example_dags/example_local_kubernetes_executor.py
[2024-04-29T00:45:09.449+0000] {processor.py:758} INFO - Processing file /home/airflow/.local/lib/python3.7/site-packages/airflow/example_dags/example_local_kubernetes_executor.py for tasks to queue
[2024-04-29T00:45:09.449+0000] {logging_mixin.py:117} INFO - [2024-04-29T00:45:09.449+0000] {dagbag.py:525} INFO - Filling up the DagBag from /home/airflow/.local/lib/python3.7/site-packages/airflow/example_dags/example_local_kubernetes_executor.py
[2024-04-29T00:45:09.478+0000] {processor.py:768} INFO - DAG(s) dict_keys(['example_local_kubernetes_executor']) retrieved from /home/airflow/.local/lib/python3.7/site-packages/airflow/example_dags/example_local_kubernetes_executor.py
[2024-04-29T00:45:09.520+0000] {logging_mixin.py:117} INFO - [2024-04-29T00:45:09.520+0000] {dag.py:2573} INFO - Sync 1 DAGs
[2024-04-29T00:45:09.558+0000] {logging_mixin.py:117} INFO - [2024-04-29T00:45:09.558+0000] {dag.py:3328} INFO - Setting next_dagrun for example_local_kubernetes_executor to None, run_after=None
[2024-04-29T00:45:09.588+0000] {processor.py:178} INFO - Processing /home/airflow/.local/lib/python3.7/site-packages/airflow/example_dags/example_local_kubernetes_executor.py took 0.143 seconds
[2024-04-29T00:45:39.749+0000] {processor.py:156} INFO - Started process (PID=7481) to work on /home/airflow/.local/lib/python3.7/site-packages/airflow/example_dags/example_local_kubernetes_executor.py
[2024-04-29T00:45:39.749+0000] {processor.py:758} INFO - Processing file /home/airflow/.local/lib/python3.7/site-packages/airflow/example_dags/example_local_kubernetes_executor.py for tasks to queue
[2024-04-29T00:45:39.750+0000] {logging_mixin.py:117} INFO - [2024-04-29T00:45:39.750+0000] {dagbag.py:525} INFO - Filling up the DagBag from /home/airflow/.local/lib/python3.7/site-packages/airflow/example_dags/example_local_kubernetes_executor.py
[2024-04-29T00:45:39.786+0000] {processor.py:768} INFO - DAG(s) dict_keys(['example_local_kubernetes_executor']) retrieved from /home/airflow/.local/lib/python3.7/site-packages/airflow/example_dags/example_local_kubernetes_executor.py
[2024-04-29T00:45:39.835+0000] {logging_mixin.py:117} INFO - [2024-04-29T00:45:39.835+0000] {dag.py:2573} INFO - Sync 1 DAGs
[2024-04-29T00:45:39.869+0000] {logging_mixin.py:117} INFO - [2024-04-29T00:45:39.868+0000] {dag.py:3328} INFO - Setting next_dagrun for example_local_kubernetes_executor to None, run_after=None
[2024-04-29T00:45:39.907+0000] {processor.py:178} INFO - Processing /home/airflow/.local/lib/python3.7/site-packages/airflow/example_dags/example_local_kubernetes_executor.py took 0.161 seconds
[2024-04-29T00:46:10.884+0000] {processor.py:156} INFO - Started process (PID=7705) to work on /home/airflow/.local/lib/python3.7/site-packages/airflow/example_dags/example_local_kubernetes_executor.py
[2024-04-29T00:46:10.885+0000] {processor.py:758} INFO - Processing file /home/airflow/.local/lib/python3.7/site-packages/airflow/example_dags/example_local_kubernetes_executor.py for tasks to queue
[2024-04-29T00:46:10.886+0000] {logging_mixin.py:117} INFO - [2024-04-29T00:46:10.886+0000] {dagbag.py:525} INFO - Filling up the DagBag from /home/airflow/.local/lib/python3.7/site-packages/airflow/example_dags/example_local_kubernetes_executor.py
[2024-04-29T00:46:10.914+0000] {processor.py:768} INFO - DAG(s) dict_keys(['example_local_kubernetes_executor']) retrieved from /home/airflow/.local/lib/python3.7/site-packages/airflow/example_dags/example_local_kubernetes_executor.py
[2024-04-29T00:46:10.962+0000] {logging_mixin.py:117} INFO - [2024-04-29T00:46:10.962+0000] {dag.py:2573} INFO - Sync 1 DAGs
[2024-04-29T00:46:11.003+0000] {logging_mixin.py:117} INFO - [2024-04-29T00:46:11.002+0000] {dag.py:3328} INFO - Setting next_dagrun for example_local_kubernetes_executor to None, run_after=None
[2024-04-29T00:46:11.041+0000] {processor.py:178} INFO - Processing /home/airflow/.local/lib/python3.7/site-packages/airflow/example_dags/example_local_kubernetes_executor.py took 0.160 seconds
[2024-04-29T00:46:41.408+0000] {processor.py:156} INFO - Started process (PID=7920) to work on /home/airflow/.local/lib/python3.7/site-packages/airflow/example_dags/example_local_kubernetes_executor.py
[2024-04-29T00:46:41.409+0000] {processor.py:758} INFO - Processing file /home/airflow/.local/lib/python3.7/site-packages/airflow/example_dags/example_local_kubernetes_executor.py for tasks to queue
[2024-04-29T00:46:41.409+0000] {logging_mixin.py:117} INFO - [2024-04-29T00:46:41.409+0000] {dagbag.py:525} INFO - Filling up the DagBag from /home/airflow/.local/lib/python3.7/site-packages/airflow/example_dags/example_local_kubernetes_executor.py
[2024-04-29T00:46:41.437+0000] {processor.py:768} INFO - DAG(s) dict_keys(['example_local_kubernetes_executor']) retrieved from /home/airflow/.local/lib/python3.7/site-packages/airflow/example_dags/example_local_kubernetes_executor.py
[2024-04-29T00:46:41.479+0000] {logging_mixin.py:117} INFO - [2024-04-29T00:46:41.479+0000] {dag.py:2573} INFO - Sync 1 DAGs
[2024-04-29T00:46:41.511+0000] {logging_mixin.py:117} INFO - [2024-04-29T00:46:41.511+0000] {dag.py:3328} INFO - Setting next_dagrun for example_local_kubernetes_executor to None, run_after=None
[2024-04-29T00:46:41.535+0000] {processor.py:178} INFO - Processing /home/airflow/.local/lib/python3.7/site-packages/airflow/example_dags/example_local_kubernetes_executor.py took 0.130 seconds
[2024-04-29T00:47:12.120+0000] {processor.py:156} INFO - Started process (PID=8143) to work on /home/airflow/.local/lib/python3.7/site-packages/airflow/example_dags/example_local_kubernetes_executor.py
[2024-04-29T00:47:12.120+0000] {processor.py:758} INFO - Processing file /home/airflow/.local/lib/python3.7/site-packages/airflow/example_dags/example_local_kubernetes_executor.py for tasks to queue
[2024-04-29T00:47:12.121+0000] {logging_mixin.py:117} INFO - [2024-04-29T00:47:12.121+0000] {dagbag.py:525} INFO - Filling up the DagBag from /home/airflow/.local/lib/python3.7/site-packages/airflow/example_dags/example_local_kubernetes_executor.py
[2024-04-29T00:47:12.148+0000] {processor.py:768} INFO - DAG(s) dict_keys(['example_local_kubernetes_executor']) retrieved from /home/airflow/.local/lib/python3.7/site-packages/airflow/example_dags/example_local_kubernetes_executor.py
[2024-04-29T00:47:12.194+0000] {logging_mixin.py:117} INFO - [2024-04-29T00:47:12.194+0000] {dag.py:2573} INFO - Sync 1 DAGs
[2024-04-29T00:47:12.226+0000] {logging_mixin.py:117} INFO - [2024-04-29T00:47:12.226+0000] {dag.py:3328} INFO - Setting next_dagrun for example_local_kubernetes_executor to None, run_after=None
[2024-04-29T00:47:12.250+0000] {processor.py:178} INFO - Processing /home/airflow/.local/lib/python3.7/site-packages/airflow/example_dags/example_local_kubernetes_executor.py took 0.133 seconds
[2024-04-29T00:47:42.577+0000] {processor.py:156} INFO - Started process (PID=8367) to work on /home/airflow/.local/lib/python3.7/site-packages/airflow/example_dags/example_local_kubernetes_executor.py
[2024-04-29T00:47:42.578+0000] {processor.py:758} INFO - Processing file /home/airflow/.local/lib/python3.7/site-packages/airflow/example_dags/example_local_kubernetes_executor.py for tasks to queue
[2024-04-29T00:47:42.578+0000] {logging_mixin.py:117} INFO - [2024-04-29T00:47:42.578+0000] {dagbag.py:525} INFO - Filling up the DagBag from /home/airflow/.local/lib/python3.7/site-packages/airflow/example_dags/example_local_kubernetes_executor.py
[2024-04-29T00:47:42.606+0000] {processor.py:768} INFO - DAG(s) dict_keys(['example_local_kubernetes_executor']) retrieved from /home/airflow/.local/lib/python3.7/site-packages/airflow/example_dags/example_local_kubernetes_executor.py
[2024-04-29T00:47:42.651+0000] {logging_mixin.py:117} INFO - [2024-04-29T00:47:42.650+0000] {dag.py:2573} INFO - Sync 1 DAGs
[2024-04-29T00:47:42.684+0000] {logging_mixin.py:117} INFO - [2024-04-29T00:47:42.684+0000] {dag.py:3328} INFO - Setting next_dagrun for example_local_kubernetes_executor to None, run_after=None
[2024-04-29T00:47:42.709+0000] {processor.py:178} INFO - Processing /home/airflow/.local/lib/python3.7/site-packages/airflow/example_dags/example_local_kubernetes_executor.py took 0.135 seconds
[2024-04-29T00:48:13.427+0000] {processor.py:156} INFO - Started process (PID=8579) to work on /home/airflow/.local/lib/python3.7/site-packages/airflow/example_dags/example_local_kubernetes_executor.py
[2024-04-29T00:48:13.428+0000] {processor.py:758} INFO - Processing file /home/airflow/.local/lib/python3.7/site-packages/airflow/example_dags/example_local_kubernetes_executor.py for tasks to queue
[2024-04-29T00:48:13.428+0000] {logging_mixin.py:117} INFO - [2024-04-29T00:48:13.428+0000] {dagbag.py:525} INFO - Filling up the DagBag from /home/airflow/.local/lib/python3.7/site-packages/airflow/example_dags/example_local_kubernetes_executor.py
[2024-04-29T00:48:13.457+0000] {processor.py:768} INFO - DAG(s) dict_keys(['example_local_kubernetes_executor']) retrieved from /home/airflow/.local/lib/python3.7/site-packages/airflow/example_dags/example_local_kubernetes_executor.py
[2024-04-29T00:48:13.530+0000] {logging_mixin.py:117} INFO - [2024-04-29T00:48:13.530+0000] {dag.py:2573} INFO - Sync 1 DAGs
[2024-04-29T00:48:13.562+0000] {logging_mixin.py:117} INFO - [2024-04-29T00:48:13.561+0000] {dag.py:3328} INFO - Setting next_dagrun for example_local_kubernetes_executor to None, run_after=None
[2024-04-29T00:48:13.585+0000] {processor.py:178} INFO - Processing /home/airflow/.local/lib/python3.7/site-packages/airflow/example_dags/example_local_kubernetes_executor.py took 0.161 seconds
[2024-04-29T00:48:44.164+0000] {processor.py:156} INFO - Started process (PID=8802) to work on /home/airflow/.local/lib/python3.7/site-packages/airflow/example_dags/example_local_kubernetes_executor.py
[2024-04-29T00:48:44.164+0000] {processor.py:758} INFO - Processing file /home/airflow/.local/lib/python3.7/site-packages/airflow/example_dags/example_local_kubernetes_executor.py for tasks to queue
[2024-04-29T00:48:44.165+0000] {logging_mixin.py:117} INFO - [2024-04-29T00:48:44.165+0000] {dagbag.py:525} INFO - Filling up the DagBag from /home/airflow/.local/lib/python3.7/site-packages/airflow/example_dags/example_local_kubernetes_executor.py
[2024-04-29T00:48:44.198+0000] {processor.py:768} INFO - DAG(s) dict_keys(['example_local_kubernetes_executor']) retrieved from /home/airflow/.local/lib/python3.7/site-packages/airflow/example_dags/example_local_kubernetes_executor.py
[2024-04-29T00:48:44.243+0000] {logging_mixin.py:117} INFO - [2024-04-29T00:48:44.243+0000] {dag.py:2573} INFO - Sync 1 DAGs
[2024-04-29T00:48:44.274+0000] {logging_mixin.py:117} INFO - [2024-04-29T00:48:44.274+0000] {dag.py:3328} INFO - Setting next_dagrun for example_local_kubernetes_executor to None, run_after=None
[2024-04-29T00:48:44.304+0000] {processor.py:178} INFO - Processing /home/airflow/.local/lib/python3.7/site-packages/airflow/example_dags/example_local_kubernetes_executor.py took 0.144 seconds
[2024-04-29T00:49:14.615+0000] {processor.py:156} INFO - Started process (PID=9026) to work on /home/airflow/.local/lib/python3.7/site-packages/airflow/example_dags/example_local_kubernetes_executor.py
[2024-04-29T00:49:14.615+0000] {processor.py:758} INFO - Processing file /home/airflow/.local/lib/python3.7/site-packages/airflow/example_dags/example_local_kubernetes_executor.py for tasks to queue
[2024-04-29T00:49:14.616+0000] {logging_mixin.py:117} INFO - [2024-04-29T00:49:14.616+0000] {dagbag.py:525} INFO - Filling up the DagBag from /home/airflow/.local/lib/python3.7/site-packages/airflow/example_dags/example_local_kubernetes_executor.py
[2024-04-29T00:49:14.644+0000] {processor.py:768} INFO - DAG(s) dict_keys(['example_local_kubernetes_executor']) retrieved from /home/airflow/.local/lib/python3.7/site-packages/airflow/example_dags/example_local_kubernetes_executor.py
[2024-04-29T00:49:14.676+0000] {logging_mixin.py:117} INFO - [2024-04-29T00:49:14.676+0000] {dag.py:2573} INFO - Sync 1 DAGs
[2024-04-29T00:49:14.700+0000] {logging_mixin.py:117} INFO - [2024-04-29T00:49:14.700+0000] {dag.py:3328} INFO - Setting next_dagrun for example_local_kubernetes_executor to None, run_after=None
[2024-04-29T00:49:14.724+0000] {processor.py:178} INFO - Processing /home/airflow/.local/lib/python3.7/site-packages/airflow/example_dags/example_local_kubernetes_executor.py took 0.113 seconds
[2024-04-29T00:49:45.024+0000] {processor.py:156} INFO - Started process (PID=9238) to work on /home/airflow/.local/lib/python3.7/site-packages/airflow/example_dags/example_local_kubernetes_executor.py
[2024-04-29T00:49:45.025+0000] {processor.py:758} INFO - Processing file /home/airflow/.local/lib/python3.7/site-packages/airflow/example_dags/example_local_kubernetes_executor.py for tasks to queue
[2024-04-29T00:49:45.025+0000] {logging_mixin.py:117} INFO - [2024-04-29T00:49:45.025+0000] {dagbag.py:525} INFO - Filling up the DagBag from /home/airflow/.local/lib/python3.7/site-packages/airflow/example_dags/example_local_kubernetes_executor.py
[2024-04-29T00:49:45.053+0000] {processor.py:768} INFO - DAG(s) dict_keys(['example_local_kubernetes_executor']) retrieved from /home/airflow/.local/lib/python3.7/site-packages/airflow/example_dags/example_local_kubernetes_executor.py
[2024-04-29T00:49:45.098+0000] {logging_mixin.py:117} INFO - [2024-04-29T00:49:45.097+0000] {dag.py:2573} INFO - Sync 1 DAGs
[2024-04-29T00:49:45.130+0000] {logging_mixin.py:117} INFO - [2024-04-29T00:49:45.129+0000] {dag.py:3328} INFO - Setting next_dagrun for example_local_kubernetes_executor to None, run_after=None
[2024-04-29T00:49:45.156+0000] {processor.py:178} INFO - Processing /home/airflow/.local/lib/python3.7/site-packages/airflow/example_dags/example_local_kubernetes_executor.py took 0.136 seconds
[2024-04-29T00:50:15.993+0000] {processor.py:156} INFO - Started process (PID=9463) to work on /home/airflow/.local/lib/python3.7/site-packages/airflow/example_dags/example_local_kubernetes_executor.py
[2024-04-29T00:50:15.994+0000] {processor.py:758} INFO - Processing file /home/airflow/.local/lib/python3.7/site-packages/airflow/example_dags/example_local_kubernetes_executor.py for tasks to queue
[2024-04-29T00:50:15.995+0000] {logging_mixin.py:117} INFO - [2024-04-29T00:50:15.995+0000] {dagbag.py:525} INFO - Filling up the DagBag from /home/airflow/.local/lib/python3.7/site-packages/airflow/example_dags/example_local_kubernetes_executor.py
[2024-04-29T00:50:16.023+0000] {processor.py:768} INFO - DAG(s) dict_keys(['example_local_kubernetes_executor']) retrieved from /home/airflow/.local/lib/python3.7/site-packages/airflow/example_dags/example_local_kubernetes_executor.py
[2024-04-29T00:50:16.066+0000] {logging_mixin.py:117} INFO - [2024-04-29T00:50:16.066+0000] {dag.py:2573} INFO - Sync 1 DAGs
[2024-04-29T00:50:16.097+0000] {logging_mixin.py:117} INFO - [2024-04-29T00:50:16.097+0000] {dag.py:3328} INFO - Setting next_dagrun for example_local_kubernetes_executor to None, run_after=None
[2024-04-29T00:50:16.122+0000] {processor.py:178} INFO - Processing /home/airflow/.local/lib/python3.7/site-packages/airflow/example_dags/example_local_kubernetes_executor.py took 0.132 seconds
[2024-04-29T00:50:46.815+0000] {processor.py:156} INFO - Started process (PID=9684) to work on /home/airflow/.local/lib/python3.7/site-packages/airflow/example_dags/example_local_kubernetes_executor.py
[2024-04-29T00:50:46.816+0000] {processor.py:758} INFO - Processing file /home/airflow/.local/lib/python3.7/site-packages/airflow/example_dags/example_local_kubernetes_executor.py for tasks to queue
[2024-04-29T00:50:46.816+0000] {logging_mixin.py:117} INFO - [2024-04-29T00:50:46.816+0000] {dagbag.py:525} INFO - Filling up the DagBag from /home/airflow/.local/lib/python3.7/site-packages/airflow/example_dags/example_local_kubernetes_executor.py
[2024-04-29T00:50:46.844+0000] {processor.py:768} INFO - DAG(s) dict_keys(['example_local_kubernetes_executor']) retrieved from /home/airflow/.local/lib/python3.7/site-packages/airflow/example_dags/example_local_kubernetes_executor.py
[2024-04-29T00:50:46.890+0000] {logging_mixin.py:117} INFO - [2024-04-29T00:50:46.890+0000] {dag.py:2573} INFO - Sync 1 DAGs
[2024-04-29T00:50:46.921+0000] {logging_mixin.py:117} INFO - [2024-04-29T00:50:46.921+0000] {dag.py:3328} INFO - Setting next_dagrun for example_local_kubernetes_executor to None, run_after=None
[2024-04-29T00:50:46.944+0000] {processor.py:178} INFO - Processing /home/airflow/.local/lib/python3.7/site-packages/airflow/example_dags/example_local_kubernetes_executor.py took 0.133 seconds
[2024-04-29T00:51:17.240+0000] {processor.py:156} INFO - Started process (PID=9897) to work on /home/airflow/.local/lib/python3.7/site-packages/airflow/example_dags/example_local_kubernetes_executor.py
[2024-04-29T00:51:17.241+0000] {processor.py:758} INFO - Processing file /home/airflow/.local/lib/python3.7/site-packages/airflow/example_dags/example_local_kubernetes_executor.py for tasks to queue
[2024-04-29T00:51:17.241+0000] {logging_mixin.py:117} INFO - [2024-04-29T00:51:17.241+0000] {dagbag.py:525} INFO - Filling up the DagBag from /home/airflow/.local/lib/python3.7/site-packages/airflow/example_dags/example_local_kubernetes_executor.py
[2024-04-29T00:51:17.272+0000] {processor.py:768} INFO - DAG(s) dict_keys(['example_local_kubernetes_executor']) retrieved from /home/airflow/.local/lib/python3.7/site-packages/airflow/example_dags/example_local_kubernetes_executor.py
[2024-04-29T00:51:17.320+0000] {logging_mixin.py:117} INFO - [2024-04-29T00:51:17.320+0000] {dag.py:2573} INFO - Sync 1 DAGs
[2024-04-29T00:51:17.353+0000] {logging_mixin.py:117} INFO - [2024-04-29T00:51:17.353+0000] {dag.py:3328} INFO - Setting next_dagrun for example_local_kubernetes_executor to None, run_after=None
[2024-04-29T00:51:17.378+0000] {processor.py:178} INFO - Processing /home/airflow/.local/lib/python3.7/site-packages/airflow/example_dags/example_local_kubernetes_executor.py took 0.142 seconds
[2024-04-29T00:51:47.625+0000] {processor.py:156} INFO - Started process (PID=10120) to work on /home/airflow/.local/lib/python3.7/site-packages/airflow/example_dags/example_local_kubernetes_executor.py
[2024-04-29T00:51:47.626+0000] {processor.py:758} INFO - Processing file /home/airflow/.local/lib/python3.7/site-packages/airflow/example_dags/example_local_kubernetes_executor.py for tasks to queue
[2024-04-29T00:51:47.626+0000] {logging_mixin.py:117} INFO - [2024-04-29T00:51:47.626+0000] {dagbag.py:525} INFO - Filling up the DagBag from /home/airflow/.local/lib/python3.7/site-packages/airflow/example_dags/example_local_kubernetes_executor.py
[2024-04-29T00:51:47.656+0000] {processor.py:768} INFO - DAG(s) dict_keys(['example_local_kubernetes_executor']) retrieved from /home/airflow/.local/lib/python3.7/site-packages/airflow/example_dags/example_local_kubernetes_executor.py
[2024-04-29T00:51:47.705+0000] {logging_mixin.py:117} INFO - [2024-04-29T00:51:47.705+0000] {dag.py:2573} INFO - Sync 1 DAGs
[2024-04-29T00:51:47.736+0000] {logging_mixin.py:117} INFO - [2024-04-29T00:51:47.736+0000] {dag.py:3328} INFO - Setting next_dagrun for example_local_kubernetes_executor to None, run_after=None
[2024-04-29T00:51:47.760+0000] {processor.py:178} INFO - Processing /home/airflow/.local/lib/python3.7/site-packages/airflow/example_dags/example_local_kubernetes_executor.py took 0.139 seconds
[2024-04-29T00:52:17.816+0000] {processor.py:156} INFO - Started process (PID=10344) to work on /home/airflow/.local/lib/python3.7/site-packages/airflow/example_dags/example_local_kubernetes_executor.py
[2024-04-29T00:52:17.816+0000] {processor.py:758} INFO - Processing file /home/airflow/.local/lib/python3.7/site-packages/airflow/example_dags/example_local_kubernetes_executor.py for tasks to queue
[2024-04-29T00:52:17.817+0000] {logging_mixin.py:117} INFO - [2024-04-29T00:52:17.817+0000] {dagbag.py:525} INFO - Filling up the DagBag from /home/airflow/.local/lib/python3.7/site-packages/airflow/example_dags/example_local_kubernetes_executor.py
[2024-04-29T00:52:17.845+0000] {processor.py:768} INFO - DAG(s) dict_keys(['example_local_kubernetes_executor']) retrieved from /home/airflow/.local/lib/python3.7/site-packages/airflow/example_dags/example_local_kubernetes_executor.py
[2024-04-29T00:52:17.890+0000] {logging_mixin.py:117} INFO - [2024-04-29T00:52:17.890+0000] {dag.py:2573} INFO - Sync 1 DAGs
[2024-04-29T00:52:17.923+0000] {logging_mixin.py:117} INFO - [2024-04-29T00:52:17.923+0000] {dag.py:3328} INFO - Setting next_dagrun for example_local_kubernetes_executor to None, run_after=None
[2024-04-29T00:52:17.949+0000] {processor.py:178} INFO - Processing /home/airflow/.local/lib/python3.7/site-packages/airflow/example_dags/example_local_kubernetes_executor.py took 0.137 seconds
[2024-04-29T00:52:48.706+0000] {processor.py:156} INFO - Started process (PID=10558) to work on /home/airflow/.local/lib/python3.7/site-packages/airflow/example_dags/example_local_kubernetes_executor.py
[2024-04-29T00:52:48.708+0000] {processor.py:758} INFO - Processing file /home/airflow/.local/lib/python3.7/site-packages/airflow/example_dags/example_local_kubernetes_executor.py for tasks to queue
[2024-04-29T00:52:48.708+0000] {logging_mixin.py:117} INFO - [2024-04-29T00:52:48.708+0000] {dagbag.py:525} INFO - Filling up the DagBag from /home/airflow/.local/lib/python3.7/site-packages/airflow/example_dags/example_local_kubernetes_executor.py
[2024-04-29T00:52:48.757+0000] {processor.py:768} INFO - DAG(s) dict_keys(['example_local_kubernetes_executor']) retrieved from /home/airflow/.local/lib/python3.7/site-packages/airflow/example_dags/example_local_kubernetes_executor.py
[2024-04-29T00:52:48.808+0000] {logging_mixin.py:117} INFO - [2024-04-29T00:52:48.808+0000] {dag.py:2573} INFO - Sync 1 DAGs
[2024-04-29T00:52:48.838+0000] {logging_mixin.py:117} INFO - [2024-04-29T00:52:48.838+0000] {dag.py:3328} INFO - Setting next_dagrun for example_local_kubernetes_executor to None, run_after=None
[2024-04-29T00:52:48.865+0000] {processor.py:178} INFO - Processing /home/airflow/.local/lib/python3.7/site-packages/airflow/example_dags/example_local_kubernetes_executor.py took 0.162 seconds
[2024-04-29T00:53:19.689+0000] {processor.py:156} INFO - Started process (PID=10784) to work on /home/airflow/.local/lib/python3.7/site-packages/airflow/example_dags/example_local_kubernetes_executor.py
[2024-04-29T00:53:19.689+0000] {processor.py:758} INFO - Processing file /home/airflow/.local/lib/python3.7/site-packages/airflow/example_dags/example_local_kubernetes_executor.py for tasks to queue
[2024-04-29T00:53:19.690+0000] {logging_mixin.py:117} INFO - [2024-04-29T00:53:19.690+0000] {dagbag.py:525} INFO - Filling up the DagBag from /home/airflow/.local/lib/python3.7/site-packages/airflow/example_dags/example_local_kubernetes_executor.py
[2024-04-29T00:53:19.749+0000] {processor.py:768} INFO - DAG(s) dict_keys(['example_local_kubernetes_executor']) retrieved from /home/airflow/.local/lib/python3.7/site-packages/airflow/example_dags/example_local_kubernetes_executor.py
[2024-04-29T00:53:19.816+0000] {logging_mixin.py:117} INFO - [2024-04-29T00:53:19.815+0000] {dag.py:2573} INFO - Sync 1 DAGs
[2024-04-29T00:53:19.848+0000] {logging_mixin.py:117} INFO - [2024-04-29T00:53:19.848+0000] {dag.py:3328} INFO - Setting next_dagrun for example_local_kubernetes_executor to None, run_after=None
[2024-04-29T00:53:19.874+0000] {processor.py:178} INFO - Processing /home/airflow/.local/lib/python3.7/site-packages/airflow/example_dags/example_local_kubernetes_executor.py took 0.188 seconds
[2024-04-29T00:53:49.995+0000] {processor.py:156} INFO - Started process (PID=11006) to work on /home/airflow/.local/lib/python3.7/site-packages/airflow/example_dags/example_local_kubernetes_executor.py
[2024-04-29T00:53:49.996+0000] {processor.py:758} INFO - Processing file /home/airflow/.local/lib/python3.7/site-packages/airflow/example_dags/example_local_kubernetes_executor.py for tasks to queue
[2024-04-29T00:53:49.996+0000] {logging_mixin.py:117} INFO - [2024-04-29T00:53:49.996+0000] {dagbag.py:525} INFO - Filling up the DagBag from /home/airflow/.local/lib/python3.7/site-packages/airflow/example_dags/example_local_kubernetes_executor.py
[2024-04-29T00:53:50.020+0000] {processor.py:768} INFO - DAG(s) dict_keys(['example_local_kubernetes_executor']) retrieved from /home/airflow/.local/lib/python3.7/site-packages/airflow/example_dags/example_local_kubernetes_executor.py
[2024-04-29T00:53:50.064+0000] {logging_mixin.py:117} INFO - [2024-04-29T00:53:50.063+0000] {dag.py:2573} INFO - Sync 1 DAGs
[2024-04-29T00:53:50.107+0000] {logging_mixin.py:117} INFO - [2024-04-29T00:53:50.107+0000] {dag.py:3328} INFO - Setting next_dagrun for example_local_kubernetes_executor to None, run_after=None
[2024-04-29T00:53:50.139+0000] {processor.py:178} INFO - Processing /home/airflow/.local/lib/python3.7/site-packages/airflow/example_dags/example_local_kubernetes_executor.py took 0.146 seconds
[2024-04-29T00:54:20.710+0000] {processor.py:156} INFO - Started process (PID=11219) to work on /home/airflow/.local/lib/python3.7/site-packages/airflow/example_dags/example_local_kubernetes_executor.py
[2024-04-29T00:54:20.711+0000] {processor.py:758} INFO - Processing file /home/airflow/.local/lib/python3.7/site-packages/airflow/example_dags/example_local_kubernetes_executor.py for tasks to queue
[2024-04-29T00:54:20.711+0000] {logging_mixin.py:117} INFO - [2024-04-29T00:54:20.711+0000] {dagbag.py:525} INFO - Filling up the DagBag from /home/airflow/.local/lib/python3.7/site-packages/airflow/example_dags/example_local_kubernetes_executor.py
[2024-04-29T00:54:20.740+0000] {processor.py:768} INFO - DAG(s) dict_keys(['example_local_kubernetes_executor']) retrieved from /home/airflow/.local/lib/python3.7/site-packages/airflow/example_dags/example_local_kubernetes_executor.py
[2024-04-29T00:54:20.787+0000] {logging_mixin.py:117} INFO - [2024-04-29T00:54:20.787+0000] {dag.py:2573} INFO - Sync 1 DAGs
[2024-04-29T00:54:20.817+0000] {logging_mixin.py:117} INFO - [2024-04-29T00:54:20.816+0000] {dag.py:3328} INFO - Setting next_dagrun for example_local_kubernetes_executor to None, run_after=None
[2024-04-29T00:54:20.842+0000] {processor.py:178} INFO - Processing /home/airflow/.local/lib/python3.7/site-packages/airflow/example_dags/example_local_kubernetes_executor.py took 0.136 seconds
[2024-04-29T00:54:51.091+0000] {processor.py:156} INFO - Started process (PID=11443) to work on /home/airflow/.local/lib/python3.7/site-packages/airflow/example_dags/example_local_kubernetes_executor.py
[2024-04-29T00:54:51.092+0000] {processor.py:758} INFO - Processing file /home/airflow/.local/lib/python3.7/site-packages/airflow/example_dags/example_local_kubernetes_executor.py for tasks to queue
[2024-04-29T00:54:51.093+0000] {logging_mixin.py:117} INFO - [2024-04-29T00:54:51.093+0000] {dagbag.py:525} INFO - Filling up the DagBag from /home/airflow/.local/lib/python3.7/site-packages/airflow/example_dags/example_local_kubernetes_executor.py
[2024-04-29T00:54:51.122+0000] {processor.py:768} INFO - DAG(s) dict_keys(['example_local_kubernetes_executor']) retrieved from /home/airflow/.local/lib/python3.7/site-packages/airflow/example_dags/example_local_kubernetes_executor.py
[2024-04-29T00:54:51.168+0000] {logging_mixin.py:117} INFO - [2024-04-29T00:54:51.168+0000] {dag.py:2573} INFO - Sync 1 DAGs
[2024-04-29T00:54:51.200+0000] {logging_mixin.py:117} INFO - [2024-04-29T00:54:51.200+0000] {dag.py:3328} INFO - Setting next_dagrun for example_local_kubernetes_executor to None, run_after=None
[2024-04-29T00:54:51.227+0000] {processor.py:178} INFO - Processing /home/airflow/.local/lib/python3.7/site-packages/airflow/example_dags/example_local_kubernetes_executor.py took 0.139 seconds
