[2024-04-29T00:28:52.437+0000] {processor.py:156} INFO - Started process (PID=303) to work on /home/airflow/.local/lib/python3.7/site-packages/airflow/example_dags/tutorial_taskflow_api.py
[2024-04-29T00:28:52.439+0000] {processor.py:758} INFO - Processing file /home/airflow/.local/lib/python3.7/site-packages/airflow/example_dags/tutorial_taskflow_api.py for tasks to queue
[2024-04-29T00:28:52.439+0000] {logging_mixin.py:117} INFO - [2024-04-29T00:28:52.439+0000] {dagbag.py:525} INFO - Filling up the DagBag from /home/airflow/.local/lib/python3.7/site-packages/airflow/example_dags/tutorial_taskflow_api.py
[2024-04-29T00:28:52.530+0000] {processor.py:768} INFO - DAG(s) dict_keys(['tutorial_taskflow_api']) retrieved from /home/airflow/.local/lib/python3.7/site-packages/airflow/example_dags/tutorial_taskflow_api.py
[2024-04-29T00:28:52.747+0000] {logging_mixin.py:117} INFO - [2024-04-29T00:28:52.747+0000] {dag.py:2573} INFO - Sync 1 DAGs
[2024-04-29T00:28:52.889+0000] {logging_mixin.py:117} INFO - [2024-04-29T00:28:52.889+0000] {dag.py:3328} INFO - Setting next_dagrun for tutorial_taskflow_api to None, run_after=None
[2024-04-29T00:28:52.971+0000] {processor.py:178} INFO - Processing /home/airflow/.local/lib/python3.7/site-packages/airflow/example_dags/tutorial_taskflow_api.py took 0.541 seconds
[2024-04-29T00:29:23.292+0000] {processor.py:156} INFO - Started process (PID=518) to work on /home/airflow/.local/lib/python3.7/site-packages/airflow/example_dags/tutorial_taskflow_api.py
[2024-04-29T00:29:23.292+0000] {processor.py:758} INFO - Processing file /home/airflow/.local/lib/python3.7/site-packages/airflow/example_dags/tutorial_taskflow_api.py for tasks to queue
[2024-04-29T00:29:23.293+0000] {logging_mixin.py:117} INFO - [2024-04-29T00:29:23.293+0000] {dagbag.py:525} INFO - Filling up the DagBag from /home/airflow/.local/lib/python3.7/site-packages/airflow/example_dags/tutorial_taskflow_api.py
[2024-04-29T00:29:23.320+0000] {processor.py:768} INFO - DAG(s) dict_keys(['tutorial_taskflow_api']) retrieved from /home/airflow/.local/lib/python3.7/site-packages/airflow/example_dags/tutorial_taskflow_api.py
[2024-04-29T00:29:23.366+0000] {logging_mixin.py:117} INFO - [2024-04-29T00:29:23.366+0000] {dag.py:2573} INFO - Sync 1 DAGs
[2024-04-29T00:29:23.470+0000] {logging_mixin.py:117} INFO - [2024-04-29T00:29:23.470+0000] {dag.py:3328} INFO - Setting next_dagrun for tutorial_taskflow_api to None, run_after=None
[2024-04-29T00:29:23.543+0000] {processor.py:178} INFO - Processing /home/airflow/.local/lib/python3.7/site-packages/airflow/example_dags/tutorial_taskflow_api.py took 0.255 seconds
[2024-04-29T00:29:54.008+0000] {processor.py:156} INFO - Started process (PID=740) to work on /home/airflow/.local/lib/python3.7/site-packages/airflow/example_dags/tutorial_taskflow_api.py
[2024-04-29T00:29:54.009+0000] {processor.py:758} INFO - Processing file /home/airflow/.local/lib/python3.7/site-packages/airflow/example_dags/tutorial_taskflow_api.py for tasks to queue
[2024-04-29T00:29:54.010+0000] {logging_mixin.py:117} INFO - [2024-04-29T00:29:54.010+0000] {dagbag.py:525} INFO - Filling up the DagBag from /home/airflow/.local/lib/python3.7/site-packages/airflow/example_dags/tutorial_taskflow_api.py
[2024-04-29T00:29:54.066+0000] {processor.py:768} INFO - DAG(s) dict_keys(['tutorial_taskflow_api']) retrieved from /home/airflow/.local/lib/python3.7/site-packages/airflow/example_dags/tutorial_taskflow_api.py
[2024-04-29T00:29:54.115+0000] {logging_mixin.py:117} INFO - [2024-04-29T00:29:54.115+0000] {dag.py:2573} INFO - Sync 1 DAGs
[2024-04-29T00:29:54.150+0000] {logging_mixin.py:117} INFO - [2024-04-29T00:29:54.150+0000] {dag.py:3328} INFO - Setting next_dagrun for tutorial_taskflow_api to None, run_after=None
[2024-04-29T00:29:54.177+0000] {processor.py:178} INFO - Processing /home/airflow/.local/lib/python3.7/site-packages/airflow/example_dags/tutorial_taskflow_api.py took 0.178 seconds
[2024-04-29T00:30:24.962+0000] {processor.py:156} INFO - Started process (PID=965) to work on /home/airflow/.local/lib/python3.7/site-packages/airflow/example_dags/tutorial_taskflow_api.py
[2024-04-29T00:30:24.962+0000] {processor.py:758} INFO - Processing file /home/airflow/.local/lib/python3.7/site-packages/airflow/example_dags/tutorial_taskflow_api.py for tasks to queue
[2024-04-29T00:30:24.963+0000] {logging_mixin.py:117} INFO - [2024-04-29T00:30:24.963+0000] {dagbag.py:525} INFO - Filling up the DagBag from /home/airflow/.local/lib/python3.7/site-packages/airflow/example_dags/tutorial_taskflow_api.py
[2024-04-29T00:30:24.997+0000] {processor.py:768} INFO - DAG(s) dict_keys(['tutorial_taskflow_api']) retrieved from /home/airflow/.local/lib/python3.7/site-packages/airflow/example_dags/tutorial_taskflow_api.py
[2024-04-29T00:30:25.050+0000] {logging_mixin.py:117} INFO - [2024-04-29T00:30:25.049+0000] {dag.py:2573} INFO - Sync 1 DAGs
[2024-04-29T00:30:25.084+0000] {logging_mixin.py:117} INFO - [2024-04-29T00:30:25.084+0000] {dag.py:3328} INFO - Setting next_dagrun for tutorial_taskflow_api to None, run_after=None
[2024-04-29T00:30:25.109+0000] {processor.py:178} INFO - Processing /home/airflow/.local/lib/python3.7/site-packages/airflow/example_dags/tutorial_taskflow_api.py took 0.151 seconds
[2024-04-29T00:30:55.920+0000] {processor.py:156} INFO - Started process (PID=1186) to work on /home/airflow/.local/lib/python3.7/site-packages/airflow/example_dags/tutorial_taskflow_api.py
[2024-04-29T00:30:55.920+0000] {processor.py:758} INFO - Processing file /home/airflow/.local/lib/python3.7/site-packages/airflow/example_dags/tutorial_taskflow_api.py for tasks to queue
[2024-04-29T00:30:55.921+0000] {logging_mixin.py:117} INFO - [2024-04-29T00:30:55.921+0000] {dagbag.py:525} INFO - Filling up the DagBag from /home/airflow/.local/lib/python3.7/site-packages/airflow/example_dags/tutorial_taskflow_api.py
[2024-04-29T00:30:55.947+0000] {processor.py:768} INFO - DAG(s) dict_keys(['tutorial_taskflow_api']) retrieved from /home/airflow/.local/lib/python3.7/site-packages/airflow/example_dags/tutorial_taskflow_api.py
[2024-04-29T00:30:55.992+0000] {logging_mixin.py:117} INFO - [2024-04-29T00:30:55.992+0000] {dag.py:2573} INFO - Sync 1 DAGs
[2024-04-29T00:30:56.027+0000] {logging_mixin.py:117} INFO - [2024-04-29T00:30:56.027+0000] {dag.py:3328} INFO - Setting next_dagrun for tutorial_taskflow_api to None, run_after=None
[2024-04-29T00:30:56.235+0000] {processor.py:178} INFO - Processing /home/airflow/.local/lib/python3.7/site-packages/airflow/example_dags/tutorial_taskflow_api.py took 0.319 seconds
[2024-04-29T00:31:27.078+0000] {processor.py:156} INFO - Started process (PID=1400) to work on /home/airflow/.local/lib/python3.7/site-packages/airflow/example_dags/tutorial_taskflow_api.py
[2024-04-29T00:31:27.079+0000] {processor.py:758} INFO - Processing file /home/airflow/.local/lib/python3.7/site-packages/airflow/example_dags/tutorial_taskflow_api.py for tasks to queue
[2024-04-29T00:31:27.082+0000] {logging_mixin.py:117} INFO - [2024-04-29T00:31:27.082+0000] {dagbag.py:525} INFO - Filling up the DagBag from /home/airflow/.local/lib/python3.7/site-packages/airflow/example_dags/tutorial_taskflow_api.py
[2024-04-29T00:31:27.165+0000] {processor.py:768} INFO - DAG(s) dict_keys(['tutorial_taskflow_api']) retrieved from /home/airflow/.local/lib/python3.7/site-packages/airflow/example_dags/tutorial_taskflow_api.py
[2024-04-29T00:31:27.258+0000] {logging_mixin.py:117} INFO - [2024-04-29T00:31:27.257+0000] {dag.py:2573} INFO - Sync 1 DAGs
[2024-04-29T00:31:27.547+0000] {logging_mixin.py:117} INFO - [2024-04-29T00:31:27.547+0000] {dag.py:3328} INFO - Setting next_dagrun for tutorial_taskflow_api to None, run_after=None
[2024-04-29T00:31:27.582+0000] {processor.py:178} INFO - Processing /home/airflow/.local/lib/python3.7/site-packages/airflow/example_dags/tutorial_taskflow_api.py took 0.507 seconds
[2024-04-29T00:31:58.314+0000] {processor.py:156} INFO - Started process (PID=1623) to work on /home/airflow/.local/lib/python3.7/site-packages/airflow/example_dags/tutorial_taskflow_api.py
[2024-04-29T00:31:58.315+0000] {processor.py:758} INFO - Processing file /home/airflow/.local/lib/python3.7/site-packages/airflow/example_dags/tutorial_taskflow_api.py for tasks to queue
[2024-04-29T00:31:58.316+0000] {logging_mixin.py:117} INFO - [2024-04-29T00:31:58.315+0000] {dagbag.py:525} INFO - Filling up the DagBag from /home/airflow/.local/lib/python3.7/site-packages/airflow/example_dags/tutorial_taskflow_api.py
[2024-04-29T00:31:58.344+0000] {processor.py:768} INFO - DAG(s) dict_keys(['tutorial_taskflow_api']) retrieved from /home/airflow/.local/lib/python3.7/site-packages/airflow/example_dags/tutorial_taskflow_api.py
[2024-04-29T00:31:58.532+0000] {logging_mixin.py:117} INFO - [2024-04-29T00:31:58.532+0000] {dag.py:2573} INFO - Sync 1 DAGs
[2024-04-29T00:31:58.559+0000] {logging_mixin.py:117} INFO - [2024-04-29T00:31:58.558+0000] {dag.py:3328} INFO - Setting next_dagrun for tutorial_taskflow_api to None, run_after=None
[2024-04-29T00:31:58.583+0000] {processor.py:178} INFO - Processing /home/airflow/.local/lib/python3.7/site-packages/airflow/example_dags/tutorial_taskflow_api.py took 0.272 seconds
[2024-04-29T00:32:29.317+0000] {processor.py:156} INFO - Started process (PID=1837) to work on /home/airflow/.local/lib/python3.7/site-packages/airflow/example_dags/tutorial_taskflow_api.py
[2024-04-29T00:32:29.318+0000] {processor.py:758} INFO - Processing file /home/airflow/.local/lib/python3.7/site-packages/airflow/example_dags/tutorial_taskflow_api.py for tasks to queue
[2024-04-29T00:32:29.319+0000] {logging_mixin.py:117} INFO - [2024-04-29T00:32:29.319+0000] {dagbag.py:525} INFO - Filling up the DagBag from /home/airflow/.local/lib/python3.7/site-packages/airflow/example_dags/tutorial_taskflow_api.py
[2024-04-29T00:32:29.355+0000] {processor.py:768} INFO - DAG(s) dict_keys(['tutorial_taskflow_api']) retrieved from /home/airflow/.local/lib/python3.7/site-packages/airflow/example_dags/tutorial_taskflow_api.py
[2024-04-29T00:32:29.547+0000] {logging_mixin.py:117} INFO - [2024-04-29T00:32:29.547+0000] {dag.py:2573} INFO - Sync 1 DAGs
[2024-04-29T00:32:29.599+0000] {logging_mixin.py:117} INFO - [2024-04-29T00:32:29.599+0000] {dag.py:3328} INFO - Setting next_dagrun for tutorial_taskflow_api to None, run_after=None
[2024-04-29T00:32:29.623+0000] {processor.py:178} INFO - Processing /home/airflow/.local/lib/python3.7/site-packages/airflow/example_dags/tutorial_taskflow_api.py took 0.309 seconds
[2024-04-29T00:32:59.726+0000] {processor.py:156} INFO - Started process (PID=2059) to work on /home/airflow/.local/lib/python3.7/site-packages/airflow/example_dags/tutorial_taskflow_api.py
[2024-04-29T00:32:59.726+0000] {processor.py:758} INFO - Processing file /home/airflow/.local/lib/python3.7/site-packages/airflow/example_dags/tutorial_taskflow_api.py for tasks to queue
[2024-04-29T00:32:59.727+0000] {logging_mixin.py:117} INFO - [2024-04-29T00:32:59.727+0000] {dagbag.py:525} INFO - Filling up the DagBag from /home/airflow/.local/lib/python3.7/site-packages/airflow/example_dags/tutorial_taskflow_api.py
[2024-04-29T00:32:59.890+0000] {processor.py:768} INFO - DAG(s) dict_keys(['tutorial_taskflow_api']) retrieved from /home/airflow/.local/lib/python3.7/site-packages/airflow/example_dags/tutorial_taskflow_api.py
[2024-04-29T00:32:59.929+0000] {logging_mixin.py:117} INFO - [2024-04-29T00:32:59.929+0000] {dag.py:2573} INFO - Sync 1 DAGs
[2024-04-29T00:32:59.960+0000] {logging_mixin.py:117} INFO - [2024-04-29T00:32:59.960+0000] {dag.py:3328} INFO - Setting next_dagrun for tutorial_taskflow_api to None, run_after=None
[2024-04-29T00:32:59.985+0000] {processor.py:178} INFO - Processing /home/airflow/.local/lib/python3.7/site-packages/airflow/example_dags/tutorial_taskflow_api.py took 0.263 seconds
[2024-04-29T00:33:31.993+0000] {processor.py:156} INFO - Started process (PID=2285) to work on /home/airflow/.local/lib/python3.7/site-packages/airflow/example_dags/tutorial_taskflow_api.py
[2024-04-29T00:33:31.994+0000] {processor.py:758} INFO - Processing file /home/airflow/.local/lib/python3.7/site-packages/airflow/example_dags/tutorial_taskflow_api.py for tasks to queue
[2024-04-29T00:33:31.994+0000] {logging_mixin.py:117} INFO - [2024-04-29T00:33:31.994+0000] {dagbag.py:525} INFO - Filling up the DagBag from /home/airflow/.local/lib/python3.7/site-packages/airflow/example_dags/tutorial_taskflow_api.py
[2024-04-29T00:33:32.056+0000] {processor.py:768} INFO - DAG(s) dict_keys(['tutorial_taskflow_api']) retrieved from /home/airflow/.local/lib/python3.7/site-packages/airflow/example_dags/tutorial_taskflow_api.py
[2024-04-29T00:33:32.194+0000] {logging_mixin.py:117} INFO - [2024-04-29T00:33:32.194+0000] {dag.py:2573} INFO - Sync 1 DAGs
[2024-04-29T00:33:32.500+0000] {logging_mixin.py:117} INFO - [2024-04-29T00:33:32.500+0000] {dag.py:3328} INFO - Setting next_dagrun for tutorial_taskflow_api to None, run_after=None
[2024-04-29T00:33:32.528+0000] {processor.py:178} INFO - Processing /home/airflow/.local/lib/python3.7/site-packages/airflow/example_dags/tutorial_taskflow_api.py took 0.538 seconds
[2024-04-29T00:34:02.798+0000] {processor.py:156} INFO - Started process (PID=2497) to work on /home/airflow/.local/lib/python3.7/site-packages/airflow/example_dags/tutorial_taskflow_api.py
[2024-04-29T00:34:02.799+0000] {processor.py:758} INFO - Processing file /home/airflow/.local/lib/python3.7/site-packages/airflow/example_dags/tutorial_taskflow_api.py for tasks to queue
[2024-04-29T00:34:02.799+0000] {logging_mixin.py:117} INFO - [2024-04-29T00:34:02.799+0000] {dagbag.py:525} INFO - Filling up the DagBag from /home/airflow/.local/lib/python3.7/site-packages/airflow/example_dags/tutorial_taskflow_api.py
[2024-04-29T00:34:02.825+0000] {processor.py:768} INFO - DAG(s) dict_keys(['tutorial_taskflow_api']) retrieved from /home/airflow/.local/lib/python3.7/site-packages/airflow/example_dags/tutorial_taskflow_api.py
[2024-04-29T00:34:03.053+0000] {logging_mixin.py:117} INFO - [2024-04-29T00:34:03.053+0000] {dag.py:2573} INFO - Sync 1 DAGs
[2024-04-29T00:34:03.080+0000] {logging_mixin.py:117} INFO - [2024-04-29T00:34:03.080+0000] {dag.py:3328} INFO - Setting next_dagrun for tutorial_taskflow_api to None, run_after=None
[2024-04-29T00:34:03.104+0000] {processor.py:178} INFO - Processing /home/airflow/.local/lib/python3.7/site-packages/airflow/example_dags/tutorial_taskflow_api.py took 0.309 seconds
[2024-04-29T00:34:34.058+0000] {processor.py:156} INFO - Started process (PID=2721) to work on /home/airflow/.local/lib/python3.7/site-packages/airflow/example_dags/tutorial_taskflow_api.py
[2024-04-29T00:34:34.058+0000] {processor.py:758} INFO - Processing file /home/airflow/.local/lib/python3.7/site-packages/airflow/example_dags/tutorial_taskflow_api.py for tasks to queue
[2024-04-29T00:34:34.059+0000] {logging_mixin.py:117} INFO - [2024-04-29T00:34:34.059+0000] {dagbag.py:525} INFO - Filling up the DagBag from /home/airflow/.local/lib/python3.7/site-packages/airflow/example_dags/tutorial_taskflow_api.py
[2024-04-29T00:34:34.086+0000] {processor.py:768} INFO - DAG(s) dict_keys(['tutorial_taskflow_api']) retrieved from /home/airflow/.local/lib/python3.7/site-packages/airflow/example_dags/tutorial_taskflow_api.py
[2024-04-29T00:34:34.268+0000] {logging_mixin.py:117} INFO - [2024-04-29T00:34:34.267+0000] {dag.py:2573} INFO - Sync 1 DAGs
[2024-04-29T00:34:34.324+0000] {logging_mixin.py:117} INFO - [2024-04-29T00:34:34.324+0000] {dag.py:3328} INFO - Setting next_dagrun for tutorial_taskflow_api to None, run_after=None
[2024-04-29T00:34:34.349+0000] {processor.py:178} INFO - Processing /home/airflow/.local/lib/python3.7/site-packages/airflow/example_dags/tutorial_taskflow_api.py took 0.294 seconds
[2024-04-29T00:35:04.778+0000] {processor.py:156} INFO - Started process (PID=2942) to work on /home/airflow/.local/lib/python3.7/site-packages/airflow/example_dags/tutorial_taskflow_api.py
[2024-04-29T00:35:04.778+0000] {processor.py:758} INFO - Processing file /home/airflow/.local/lib/python3.7/site-packages/airflow/example_dags/tutorial_taskflow_api.py for tasks to queue
[2024-04-29T00:35:04.779+0000] {logging_mixin.py:117} INFO - [2024-04-29T00:35:04.779+0000] {dagbag.py:525} INFO - Filling up the DagBag from /home/airflow/.local/lib/python3.7/site-packages/airflow/example_dags/tutorial_taskflow_api.py
[2024-04-29T00:35:04.948+0000] {processor.py:768} INFO - DAG(s) dict_keys(['tutorial_taskflow_api']) retrieved from /home/airflow/.local/lib/python3.7/site-packages/airflow/example_dags/tutorial_taskflow_api.py
[2024-04-29T00:35:04.988+0000] {logging_mixin.py:117} INFO - [2024-04-29T00:35:04.988+0000] {dag.py:2573} INFO - Sync 1 DAGs
[2024-04-29T00:35:05.021+0000] {logging_mixin.py:117} INFO - [2024-04-29T00:35:05.020+0000] {dag.py:3328} INFO - Setting next_dagrun for tutorial_taskflow_api to None, run_after=None
[2024-04-29T00:35:05.045+0000] {processor.py:178} INFO - Processing /home/airflow/.local/lib/python3.7/site-packages/airflow/example_dags/tutorial_taskflow_api.py took 0.269 seconds
[2024-04-29T00:35:35.640+0000] {processor.py:156} INFO - Started process (PID=3157) to work on /home/airflow/.local/lib/python3.7/site-packages/airflow/example_dags/tutorial_taskflow_api.py
[2024-04-29T00:35:35.640+0000] {processor.py:758} INFO - Processing file /home/airflow/.local/lib/python3.7/site-packages/airflow/example_dags/tutorial_taskflow_api.py for tasks to queue
[2024-04-29T00:35:35.640+0000] {logging_mixin.py:117} INFO - [2024-04-29T00:35:35.640+0000] {dagbag.py:525} INFO - Filling up the DagBag from /home/airflow/.local/lib/python3.7/site-packages/airflow/example_dags/tutorial_taskflow_api.py
[2024-04-29T00:35:35.668+0000] {processor.py:768} INFO - DAG(s) dict_keys(['tutorial_taskflow_api']) retrieved from /home/airflow/.local/lib/python3.7/site-packages/airflow/example_dags/tutorial_taskflow_api.py
[2024-04-29T00:35:35.715+0000] {logging_mixin.py:117} INFO - [2024-04-29T00:35:35.714+0000] {dag.py:2573} INFO - Sync 1 DAGs
[2024-04-29T00:35:35.851+0000] {logging_mixin.py:117} INFO - [2024-04-29T00:35:35.851+0000] {dag.py:3328} INFO - Setting next_dagrun for tutorial_taskflow_api to None, run_after=None
[2024-04-29T00:35:35.871+0000] {processor.py:178} INFO - Processing /home/airflow/.local/lib/python3.7/site-packages/airflow/example_dags/tutorial_taskflow_api.py took 0.234 seconds
[2024-04-29T00:36:06.751+0000] {processor.py:156} INFO - Started process (PID=3380) to work on /home/airflow/.local/lib/python3.7/site-packages/airflow/example_dags/tutorial_taskflow_api.py
[2024-04-29T00:36:06.752+0000] {processor.py:758} INFO - Processing file /home/airflow/.local/lib/python3.7/site-packages/airflow/example_dags/tutorial_taskflow_api.py for tasks to queue
[2024-04-29T00:36:06.754+0000] {logging_mixin.py:117} INFO - [2024-04-29T00:36:06.754+0000] {dagbag.py:525} INFO - Filling up the DagBag from /home/airflow/.local/lib/python3.7/site-packages/airflow/example_dags/tutorial_taskflow_api.py
[2024-04-29T00:36:06.788+0000] {processor.py:768} INFO - DAG(s) dict_keys(['tutorial_taskflow_api']) retrieved from /home/airflow/.local/lib/python3.7/site-packages/airflow/example_dags/tutorial_taskflow_api.py
[2024-04-29T00:36:06.970+0000] {logging_mixin.py:117} INFO - [2024-04-29T00:36:06.970+0000] {dag.py:2573} INFO - Sync 1 DAGs
[2024-04-29T00:36:07.000+0000] {logging_mixin.py:117} INFO - [2024-04-29T00:36:07.000+0000] {dag.py:3328} INFO - Setting next_dagrun for tutorial_taskflow_api to None, run_after=None
[2024-04-29T00:36:07.023+0000] {processor.py:178} INFO - Processing /home/airflow/.local/lib/python3.7/site-packages/airflow/example_dags/tutorial_taskflow_api.py took 0.275 seconds
[2024-04-29T00:36:37.248+0000] {processor.py:156} INFO - Started process (PID=3603) to work on /home/airflow/.local/lib/python3.7/site-packages/airflow/example_dags/tutorial_taskflow_api.py
[2024-04-29T00:36:37.249+0000] {processor.py:758} INFO - Processing file /home/airflow/.local/lib/python3.7/site-packages/airflow/example_dags/tutorial_taskflow_api.py for tasks to queue
[2024-04-29T00:36:37.249+0000] {logging_mixin.py:117} INFO - [2024-04-29T00:36:37.249+0000] {dagbag.py:525} INFO - Filling up the DagBag from /home/airflow/.local/lib/python3.7/site-packages/airflow/example_dags/tutorial_taskflow_api.py
[2024-04-29T00:36:37.269+0000] {processor.py:768} INFO - DAG(s) dict_keys(['tutorial_taskflow_api']) retrieved from /home/airflow/.local/lib/python3.7/site-packages/airflow/example_dags/tutorial_taskflow_api.py
[2024-04-29T00:36:37.407+0000] {logging_mixin.py:117} INFO - [2024-04-29T00:36:37.407+0000] {dag.py:2573} INFO - Sync 1 DAGs
[2024-04-29T00:36:37.436+0000] {logging_mixin.py:117} INFO - [2024-04-29T00:36:37.436+0000] {dag.py:3328} INFO - Setting next_dagrun for tutorial_taskflow_api to None, run_after=None
[2024-04-29T00:36:37.462+0000] {processor.py:178} INFO - Processing /home/airflow/.local/lib/python3.7/site-packages/airflow/example_dags/tutorial_taskflow_api.py took 0.217 seconds
[2024-04-29T00:37:07.732+0000] {processor.py:156} INFO - Started process (PID=3815) to work on /home/airflow/.local/lib/python3.7/site-packages/airflow/example_dags/tutorial_taskflow_api.py
[2024-04-29T00:37:07.735+0000] {processor.py:758} INFO - Processing file /home/airflow/.local/lib/python3.7/site-packages/airflow/example_dags/tutorial_taskflow_api.py for tasks to queue
[2024-04-29T00:37:07.735+0000] {logging_mixin.py:117} INFO - [2024-04-29T00:37:07.735+0000] {dagbag.py:525} INFO - Filling up the DagBag from /home/airflow/.local/lib/python3.7/site-packages/airflow/example_dags/tutorial_taskflow_api.py
[2024-04-29T00:37:07.919+0000] {processor.py:768} INFO - DAG(s) dict_keys(['tutorial_taskflow_api']) retrieved from /home/airflow/.local/lib/python3.7/site-packages/airflow/example_dags/tutorial_taskflow_api.py
[2024-04-29T00:37:07.963+0000] {logging_mixin.py:117} INFO - [2024-04-29T00:37:07.963+0000] {dag.py:2573} INFO - Sync 1 DAGs
[2024-04-29T00:37:07.995+0000] {logging_mixin.py:117} INFO - [2024-04-29T00:37:07.994+0000] {dag.py:3328} INFO - Setting next_dagrun for tutorial_taskflow_api to None, run_after=None
[2024-04-29T00:37:08.024+0000] {processor.py:178} INFO - Processing /home/airflow/.local/lib/python3.7/site-packages/airflow/example_dags/tutorial_taskflow_api.py took 0.295 seconds
[2024-04-29T00:37:38.481+0000] {processor.py:156} INFO - Started process (PID=4039) to work on /home/airflow/.local/lib/python3.7/site-packages/airflow/example_dags/tutorial_taskflow_api.py
[2024-04-29T00:37:38.481+0000] {processor.py:758} INFO - Processing file /home/airflow/.local/lib/python3.7/site-packages/airflow/example_dags/tutorial_taskflow_api.py for tasks to queue
[2024-04-29T00:37:38.482+0000] {logging_mixin.py:117} INFO - [2024-04-29T00:37:38.482+0000] {dagbag.py:525} INFO - Filling up the DagBag from /home/airflow/.local/lib/python3.7/site-packages/airflow/example_dags/tutorial_taskflow_api.py
[2024-04-29T00:37:38.646+0000] {processor.py:768} INFO - DAG(s) dict_keys(['tutorial_taskflow_api']) retrieved from /home/airflow/.local/lib/python3.7/site-packages/airflow/example_dags/tutorial_taskflow_api.py
[2024-04-29T00:37:38.685+0000] {logging_mixin.py:117} INFO - [2024-04-29T00:37:38.685+0000] {dag.py:2573} INFO - Sync 1 DAGs
[2024-04-29T00:37:38.718+0000] {logging_mixin.py:117} INFO - [2024-04-29T00:37:38.718+0000] {dag.py:3328} INFO - Setting next_dagrun for tutorial_taskflow_api to None, run_after=None
[2024-04-29T00:37:38.742+0000] {processor.py:178} INFO - Processing /home/airflow/.local/lib/python3.7/site-packages/airflow/example_dags/tutorial_taskflow_api.py took 0.265 seconds
[2024-04-29T00:38:09.477+0000] {processor.py:156} INFO - Started process (PID=4261) to work on /home/airflow/.local/lib/python3.7/site-packages/airflow/example_dags/tutorial_taskflow_api.py
[2024-04-29T00:38:09.477+0000] {processor.py:758} INFO - Processing file /home/airflow/.local/lib/python3.7/site-packages/airflow/example_dags/tutorial_taskflow_api.py for tasks to queue
[2024-04-29T00:38:09.478+0000] {logging_mixin.py:117} INFO - [2024-04-29T00:38:09.477+0000] {dagbag.py:525} INFO - Filling up the DagBag from /home/airflow/.local/lib/python3.7/site-packages/airflow/example_dags/tutorial_taskflow_api.py
[2024-04-29T00:38:09.504+0000] {processor.py:768} INFO - DAG(s) dict_keys(['tutorial_taskflow_api']) retrieved from /home/airflow/.local/lib/python3.7/site-packages/airflow/example_dags/tutorial_taskflow_api.py
[2024-04-29T00:38:09.554+0000] {logging_mixin.py:117} INFO - [2024-04-29T00:38:09.554+0000] {dag.py:2573} INFO - Sync 1 DAGs
[2024-04-29T00:38:09.590+0000] {logging_mixin.py:117} INFO - [2024-04-29T00:38:09.590+0000] {dag.py:3328} INFO - Setting next_dagrun for tutorial_taskflow_api to None, run_after=None
[2024-04-29T00:38:09.631+0000] {processor.py:178} INFO - Processing /home/airflow/.local/lib/python3.7/site-packages/airflow/example_dags/tutorial_taskflow_api.py took 0.157 seconds
[2024-04-29T00:38:39.893+0000] {processor.py:156} INFO - Started process (PID=4476) to work on /home/airflow/.local/lib/python3.7/site-packages/airflow/example_dags/tutorial_taskflow_api.py
[2024-04-29T00:38:39.893+0000] {processor.py:758} INFO - Processing file /home/airflow/.local/lib/python3.7/site-packages/airflow/example_dags/tutorial_taskflow_api.py for tasks to queue
[2024-04-29T00:38:39.894+0000] {logging_mixin.py:117} INFO - [2024-04-29T00:38:39.894+0000] {dagbag.py:525} INFO - Filling up the DagBag from /home/airflow/.local/lib/python3.7/site-packages/airflow/example_dags/tutorial_taskflow_api.py
[2024-04-29T00:38:39.916+0000] {processor.py:768} INFO - DAG(s) dict_keys(['tutorial_taskflow_api']) retrieved from /home/airflow/.local/lib/python3.7/site-packages/airflow/example_dags/tutorial_taskflow_api.py
[2024-04-29T00:38:39.963+0000] {logging_mixin.py:117} INFO - [2024-04-29T00:38:39.963+0000] {dag.py:2573} INFO - Sync 1 DAGs
[2024-04-29T00:38:39.997+0000] {logging_mixin.py:117} INFO - [2024-04-29T00:38:39.996+0000] {dag.py:3328} INFO - Setting next_dagrun for tutorial_taskflow_api to None, run_after=None
[2024-04-29T00:38:40.023+0000] {processor.py:178} INFO - Processing /home/airflow/.local/lib/python3.7/site-packages/airflow/example_dags/tutorial_taskflow_api.py took 0.132 seconds
[2024-04-29T00:39:10.188+0000] {processor.py:156} INFO - Started process (PID=4698) to work on /home/airflow/.local/lib/python3.7/site-packages/airflow/example_dags/tutorial_taskflow_api.py
[2024-04-29T00:39:10.191+0000] {processor.py:758} INFO - Processing file /home/airflow/.local/lib/python3.7/site-packages/airflow/example_dags/tutorial_taskflow_api.py for tasks to queue
[2024-04-29T00:39:10.192+0000] {logging_mixin.py:117} INFO - [2024-04-29T00:39:10.191+0000] {dagbag.py:525} INFO - Filling up the DagBag from /home/airflow/.local/lib/python3.7/site-packages/airflow/example_dags/tutorial_taskflow_api.py
[2024-04-29T00:39:10.243+0000] {processor.py:768} INFO - DAG(s) dict_keys(['tutorial_taskflow_api']) retrieved from /home/airflow/.local/lib/python3.7/site-packages/airflow/example_dags/tutorial_taskflow_api.py
[2024-04-29T00:39:10.348+0000] {logging_mixin.py:117} INFO - [2024-04-29T00:39:10.348+0000] {dag.py:2573} INFO - Sync 1 DAGs
[2024-04-29T00:39:10.384+0000] {logging_mixin.py:117} INFO - [2024-04-29T00:39:10.384+0000] {dag.py:3328} INFO - Setting next_dagrun for tutorial_taskflow_api to None, run_after=None
[2024-04-29T00:39:10.435+0000] {processor.py:178} INFO - Processing /home/airflow/.local/lib/python3.7/site-packages/airflow/example_dags/tutorial_taskflow_api.py took 0.259 seconds
[2024-04-29T00:39:40.773+0000] {processor.py:156} INFO - Started process (PID=4918) to work on /home/airflow/.local/lib/python3.7/site-packages/airflow/example_dags/tutorial_taskflow_api.py
[2024-04-29T00:39:40.774+0000] {processor.py:758} INFO - Processing file /home/airflow/.local/lib/python3.7/site-packages/airflow/example_dags/tutorial_taskflow_api.py for tasks to queue
[2024-04-29T00:39:40.774+0000] {logging_mixin.py:117} INFO - [2024-04-29T00:39:40.774+0000] {dagbag.py:525} INFO - Filling up the DagBag from /home/airflow/.local/lib/python3.7/site-packages/airflow/example_dags/tutorial_taskflow_api.py
[2024-04-29T00:39:40.801+0000] {processor.py:768} INFO - DAG(s) dict_keys(['tutorial_taskflow_api']) retrieved from /home/airflow/.local/lib/python3.7/site-packages/airflow/example_dags/tutorial_taskflow_api.py
[2024-04-29T00:39:40.848+0000] {logging_mixin.py:117} INFO - [2024-04-29T00:39:40.848+0000] {dag.py:2573} INFO - Sync 1 DAGs
[2024-04-29T00:39:40.886+0000] {logging_mixin.py:117} INFO - [2024-04-29T00:39:40.886+0000] {dag.py:3328} INFO - Setting next_dagrun for tutorial_taskflow_api to None, run_after=None
[2024-04-29T00:39:40.912+0000] {processor.py:178} INFO - Processing /home/airflow/.local/lib/python3.7/site-packages/airflow/example_dags/tutorial_taskflow_api.py took 0.141 seconds
[2024-04-29T00:40:11.663+0000] {processor.py:156} INFO - Started process (PID=5132) to work on /home/airflow/.local/lib/python3.7/site-packages/airflow/example_dags/tutorial_taskflow_api.py
[2024-04-29T00:40:11.664+0000] {processor.py:758} INFO - Processing file /home/airflow/.local/lib/python3.7/site-packages/airflow/example_dags/tutorial_taskflow_api.py for tasks to queue
[2024-04-29T00:40:11.664+0000] {logging_mixin.py:117} INFO - [2024-04-29T00:40:11.664+0000] {dagbag.py:525} INFO - Filling up the DagBag from /home/airflow/.local/lib/python3.7/site-packages/airflow/example_dags/tutorial_taskflow_api.py
[2024-04-29T00:40:11.693+0000] {processor.py:768} INFO - DAG(s) dict_keys(['tutorial_taskflow_api']) retrieved from /home/airflow/.local/lib/python3.7/site-packages/airflow/example_dags/tutorial_taskflow_api.py
[2024-04-29T00:40:11.741+0000] {logging_mixin.py:117} INFO - [2024-04-29T00:40:11.740+0000] {dag.py:2573} INFO - Sync 1 DAGs
[2024-04-29T00:40:11.791+0000] {logging_mixin.py:117} INFO - [2024-04-29T00:40:11.791+0000] {dag.py:3328} INFO - Setting next_dagrun for tutorial_taskflow_api to None, run_after=None
[2024-04-29T00:40:11.826+0000] {processor.py:178} INFO - Processing /home/airflow/.local/lib/python3.7/site-packages/airflow/example_dags/tutorial_taskflow_api.py took 0.165 seconds
[2024-04-29T00:40:42.309+0000] {processor.py:156} INFO - Started process (PID=5354) to work on /home/airflow/.local/lib/python3.7/site-packages/airflow/example_dags/tutorial_taskflow_api.py
[2024-04-29T00:40:42.310+0000] {processor.py:758} INFO - Processing file /home/airflow/.local/lib/python3.7/site-packages/airflow/example_dags/tutorial_taskflow_api.py for tasks to queue
[2024-04-29T00:40:42.311+0000] {logging_mixin.py:117} INFO - [2024-04-29T00:40:42.311+0000] {dagbag.py:525} INFO - Filling up the DagBag from /home/airflow/.local/lib/python3.7/site-packages/airflow/example_dags/tutorial_taskflow_api.py
[2024-04-29T00:40:42.375+0000] {processor.py:768} INFO - DAG(s) dict_keys(['tutorial_taskflow_api']) retrieved from /home/airflow/.local/lib/python3.7/site-packages/airflow/example_dags/tutorial_taskflow_api.py
[2024-04-29T00:40:42.476+0000] {logging_mixin.py:117} INFO - [2024-04-29T00:40:42.476+0000] {dag.py:2573} INFO - Sync 1 DAGs
[2024-04-29T00:40:42.539+0000] {logging_mixin.py:117} INFO - [2024-04-29T00:40:42.538+0000] {dag.py:3328} INFO - Setting next_dagrun for tutorial_taskflow_api to None, run_after=None
[2024-04-29T00:40:42.577+0000] {processor.py:178} INFO - Processing /home/airflow/.local/lib/python3.7/site-packages/airflow/example_dags/tutorial_taskflow_api.py took 0.272 seconds
[2024-04-29T00:41:13.311+0000] {processor.py:156} INFO - Started process (PID=5577) to work on /home/airflow/.local/lib/python3.7/site-packages/airflow/example_dags/tutorial_taskflow_api.py
[2024-04-29T00:41:13.311+0000] {processor.py:758} INFO - Processing file /home/airflow/.local/lib/python3.7/site-packages/airflow/example_dags/tutorial_taskflow_api.py for tasks to queue
[2024-04-29T00:41:13.312+0000] {logging_mixin.py:117} INFO - [2024-04-29T00:41:13.312+0000] {dagbag.py:525} INFO - Filling up the DagBag from /home/airflow/.local/lib/python3.7/site-packages/airflow/example_dags/tutorial_taskflow_api.py
[2024-04-29T00:41:13.341+0000] {processor.py:768} INFO - DAG(s) dict_keys(['tutorial_taskflow_api']) retrieved from /home/airflow/.local/lib/python3.7/site-packages/airflow/example_dags/tutorial_taskflow_api.py
[2024-04-29T00:41:13.386+0000] {logging_mixin.py:117} INFO - [2024-04-29T00:41:13.386+0000] {dag.py:2573} INFO - Sync 1 DAGs
[2024-04-29T00:41:13.417+0000] {logging_mixin.py:117} INFO - [2024-04-29T00:41:13.417+0000] {dag.py:3328} INFO - Setting next_dagrun for tutorial_taskflow_api to None, run_after=None
[2024-04-29T00:41:13.441+0000] {processor.py:178} INFO - Processing /home/airflow/.local/lib/python3.7/site-packages/airflow/example_dags/tutorial_taskflow_api.py took 0.138 seconds
[2024-04-29T00:41:43.580+0000] {processor.py:156} INFO - Started process (PID=5791) to work on /home/airflow/.local/lib/python3.7/site-packages/airflow/example_dags/tutorial_taskflow_api.py
[2024-04-29T00:41:43.581+0000] {processor.py:758} INFO - Processing file /home/airflow/.local/lib/python3.7/site-packages/airflow/example_dags/tutorial_taskflow_api.py for tasks to queue
[2024-04-29T00:41:43.581+0000] {logging_mixin.py:117} INFO - [2024-04-29T00:41:43.581+0000] {dagbag.py:525} INFO - Filling up the DagBag from /home/airflow/.local/lib/python3.7/site-packages/airflow/example_dags/tutorial_taskflow_api.py
[2024-04-29T00:41:43.608+0000] {processor.py:768} INFO - DAG(s) dict_keys(['tutorial_taskflow_api']) retrieved from /home/airflow/.local/lib/python3.7/site-packages/airflow/example_dags/tutorial_taskflow_api.py
[2024-04-29T00:41:43.654+0000] {logging_mixin.py:117} INFO - [2024-04-29T00:41:43.653+0000] {dag.py:2573} INFO - Sync 1 DAGs
[2024-04-29T00:41:43.688+0000] {logging_mixin.py:117} INFO - [2024-04-29T00:41:43.688+0000] {dag.py:3328} INFO - Setting next_dagrun for tutorial_taskflow_api to None, run_after=None
[2024-04-29T00:41:43.713+0000] {processor.py:178} INFO - Processing /home/airflow/.local/lib/python3.7/site-packages/airflow/example_dags/tutorial_taskflow_api.py took 0.137 seconds
[2024-04-29T00:42:13.944+0000] {processor.py:156} INFO - Started process (PID=6014) to work on /home/airflow/.local/lib/python3.7/site-packages/airflow/example_dags/tutorial_taskflow_api.py
[2024-04-29T00:42:13.944+0000] {processor.py:758} INFO - Processing file /home/airflow/.local/lib/python3.7/site-packages/airflow/example_dags/tutorial_taskflow_api.py for tasks to queue
[2024-04-29T00:42:13.945+0000] {logging_mixin.py:117} INFO - [2024-04-29T00:42:13.945+0000] {dagbag.py:525} INFO - Filling up the DagBag from /home/airflow/.local/lib/python3.7/site-packages/airflow/example_dags/tutorial_taskflow_api.py
[2024-04-29T00:42:13.979+0000] {processor.py:768} INFO - DAG(s) dict_keys(['tutorial_taskflow_api']) retrieved from /home/airflow/.local/lib/python3.7/site-packages/airflow/example_dags/tutorial_taskflow_api.py
[2024-04-29T00:42:14.028+0000] {logging_mixin.py:117} INFO - [2024-04-29T00:42:14.027+0000] {dag.py:2573} INFO - Sync 1 DAGs
[2024-04-29T00:42:14.057+0000] {logging_mixin.py:117} INFO - [2024-04-29T00:42:14.057+0000] {dag.py:3328} INFO - Setting next_dagrun for tutorial_taskflow_api to None, run_after=None
[2024-04-29T00:42:14.082+0000] {processor.py:178} INFO - Processing /home/airflow/.local/lib/python3.7/site-packages/airflow/example_dags/tutorial_taskflow_api.py took 0.142 seconds
[2024-04-29T00:42:44.605+0000] {processor.py:156} INFO - Started process (PID=6238) to work on /home/airflow/.local/lib/python3.7/site-packages/airflow/example_dags/tutorial_taskflow_api.py
[2024-04-29T00:42:44.606+0000] {processor.py:758} INFO - Processing file /home/airflow/.local/lib/python3.7/site-packages/airflow/example_dags/tutorial_taskflow_api.py for tasks to queue
[2024-04-29T00:42:44.606+0000] {logging_mixin.py:117} INFO - [2024-04-29T00:42:44.606+0000] {dagbag.py:525} INFO - Filling up the DagBag from /home/airflow/.local/lib/python3.7/site-packages/airflow/example_dags/tutorial_taskflow_api.py
[2024-04-29T00:42:44.633+0000] {processor.py:768} INFO - DAG(s) dict_keys(['tutorial_taskflow_api']) retrieved from /home/airflow/.local/lib/python3.7/site-packages/airflow/example_dags/tutorial_taskflow_api.py
[2024-04-29T00:42:44.720+0000] {logging_mixin.py:117} INFO - [2024-04-29T00:42:44.720+0000] {dag.py:2573} INFO - Sync 1 DAGs
[2024-04-29T00:42:44.763+0000] {logging_mixin.py:117} INFO - [2024-04-29T00:42:44.763+0000] {dag.py:3328} INFO - Setting next_dagrun for tutorial_taskflow_api to None, run_after=None
[2024-04-29T00:42:44.790+0000] {processor.py:178} INFO - Processing /home/airflow/.local/lib/python3.7/site-packages/airflow/example_dags/tutorial_taskflow_api.py took 0.188 seconds
[2024-04-29T00:43:15.586+0000] {processor.py:156} INFO - Started process (PID=6452) to work on /home/airflow/.local/lib/python3.7/site-packages/airflow/example_dags/tutorial_taskflow_api.py
[2024-04-29T00:43:15.586+0000] {processor.py:758} INFO - Processing file /home/airflow/.local/lib/python3.7/site-packages/airflow/example_dags/tutorial_taskflow_api.py for tasks to queue
[2024-04-29T00:43:15.587+0000] {logging_mixin.py:117} INFO - [2024-04-29T00:43:15.587+0000] {dagbag.py:525} INFO - Filling up the DagBag from /home/airflow/.local/lib/python3.7/site-packages/airflow/example_dags/tutorial_taskflow_api.py
[2024-04-29T00:43:15.616+0000] {processor.py:768} INFO - DAG(s) dict_keys(['tutorial_taskflow_api']) retrieved from /home/airflow/.local/lib/python3.7/site-packages/airflow/example_dags/tutorial_taskflow_api.py
[2024-04-29T00:43:15.664+0000] {logging_mixin.py:117} INFO - [2024-04-29T00:43:15.664+0000] {dag.py:2573} INFO - Sync 1 DAGs
[2024-04-29T00:43:15.695+0000] {logging_mixin.py:117} INFO - [2024-04-29T00:43:15.695+0000] {dag.py:3328} INFO - Setting next_dagrun for tutorial_taskflow_api to None, run_after=None
[2024-04-29T00:43:15.726+0000] {processor.py:178} INFO - Processing /home/airflow/.local/lib/python3.7/site-packages/airflow/example_dags/tutorial_taskflow_api.py took 0.144 seconds
[2024-04-29T00:43:46.166+0000] {processor.py:156} INFO - Started process (PID=6675) to work on /home/airflow/.local/lib/python3.7/site-packages/airflow/example_dags/tutorial_taskflow_api.py
[2024-04-29T00:43:46.167+0000] {processor.py:758} INFO - Processing file /home/airflow/.local/lib/python3.7/site-packages/airflow/example_dags/tutorial_taskflow_api.py for tasks to queue
[2024-04-29T00:43:46.167+0000] {logging_mixin.py:117} INFO - [2024-04-29T00:43:46.167+0000] {dagbag.py:525} INFO - Filling up the DagBag from /home/airflow/.local/lib/python3.7/site-packages/airflow/example_dags/tutorial_taskflow_api.py
[2024-04-29T00:43:46.194+0000] {processor.py:768} INFO - DAG(s) dict_keys(['tutorial_taskflow_api']) retrieved from /home/airflow/.local/lib/python3.7/site-packages/airflow/example_dags/tutorial_taskflow_api.py
[2024-04-29T00:43:46.243+0000] {logging_mixin.py:117} INFO - [2024-04-29T00:43:46.243+0000] {dag.py:2573} INFO - Sync 1 DAGs
[2024-04-29T00:43:46.277+0000] {logging_mixin.py:117} INFO - [2024-04-29T00:43:46.277+0000] {dag.py:3328} INFO - Setting next_dagrun for tutorial_taskflow_api to None, run_after=None
[2024-04-29T00:43:46.308+0000] {processor.py:178} INFO - Processing /home/airflow/.local/lib/python3.7/site-packages/airflow/example_dags/tutorial_taskflow_api.py took 0.145 seconds
[2024-04-29T00:44:16.694+0000] {processor.py:156} INFO - Started process (PID=6898) to work on /home/airflow/.local/lib/python3.7/site-packages/airflow/example_dags/tutorial_taskflow_api.py
[2024-04-29T00:44:16.694+0000] {processor.py:758} INFO - Processing file /home/airflow/.local/lib/python3.7/site-packages/airflow/example_dags/tutorial_taskflow_api.py for tasks to queue
[2024-04-29T00:44:16.695+0000] {logging_mixin.py:117} INFO - [2024-04-29T00:44:16.695+0000] {dagbag.py:525} INFO - Filling up the DagBag from /home/airflow/.local/lib/python3.7/site-packages/airflow/example_dags/tutorial_taskflow_api.py
[2024-04-29T00:44:16.736+0000] {processor.py:768} INFO - DAG(s) dict_keys(['tutorial_taskflow_api']) retrieved from /home/airflow/.local/lib/python3.7/site-packages/airflow/example_dags/tutorial_taskflow_api.py
[2024-04-29T00:44:16.829+0000] {logging_mixin.py:117} INFO - [2024-04-29T00:44:16.829+0000] {dag.py:2573} INFO - Sync 1 DAGs
[2024-04-29T00:44:16.866+0000] {logging_mixin.py:117} INFO - [2024-04-29T00:44:16.866+0000] {dag.py:3328} INFO - Setting next_dagrun for tutorial_taskflow_api to None, run_after=None
[2024-04-29T00:44:16.894+0000] {processor.py:178} INFO - Processing /home/airflow/.local/lib/python3.7/site-packages/airflow/example_dags/tutorial_taskflow_api.py took 0.203 seconds
[2024-04-29T00:44:47.800+0000] {processor.py:156} INFO - Started process (PID=7112) to work on /home/airflow/.local/lib/python3.7/site-packages/airflow/example_dags/tutorial_taskflow_api.py
[2024-04-29T00:44:47.801+0000] {processor.py:758} INFO - Processing file /home/airflow/.local/lib/python3.7/site-packages/airflow/example_dags/tutorial_taskflow_api.py for tasks to queue
[2024-04-29T00:44:47.801+0000] {logging_mixin.py:117} INFO - [2024-04-29T00:44:47.801+0000] {dagbag.py:525} INFO - Filling up the DagBag from /home/airflow/.local/lib/python3.7/site-packages/airflow/example_dags/tutorial_taskflow_api.py
[2024-04-29T00:44:47.831+0000] {processor.py:768} INFO - DAG(s) dict_keys(['tutorial_taskflow_api']) retrieved from /home/airflow/.local/lib/python3.7/site-packages/airflow/example_dags/tutorial_taskflow_api.py
[2024-04-29T00:44:47.876+0000] {logging_mixin.py:117} INFO - [2024-04-29T00:44:47.876+0000] {dag.py:2573} INFO - Sync 1 DAGs
[2024-04-29T00:44:47.908+0000] {logging_mixin.py:117} INFO - [2024-04-29T00:44:47.908+0000] {dag.py:3328} INFO - Setting next_dagrun for tutorial_taskflow_api to None, run_after=None
[2024-04-29T00:44:47.935+0000] {processor.py:178} INFO - Processing /home/airflow/.local/lib/python3.7/site-packages/airflow/example_dags/tutorial_taskflow_api.py took 0.137 seconds
[2024-04-29T00:45:17.979+0000] {processor.py:156} INFO - Started process (PID=7336) to work on /home/airflow/.local/lib/python3.7/site-packages/airflow/example_dags/tutorial_taskflow_api.py
[2024-04-29T00:45:17.980+0000] {processor.py:758} INFO - Processing file /home/airflow/.local/lib/python3.7/site-packages/airflow/example_dags/tutorial_taskflow_api.py for tasks to queue
[2024-04-29T00:45:17.981+0000] {logging_mixin.py:117} INFO - [2024-04-29T00:45:17.980+0000] {dagbag.py:525} INFO - Filling up the DagBag from /home/airflow/.local/lib/python3.7/site-packages/airflow/example_dags/tutorial_taskflow_api.py
[2024-04-29T00:45:18.013+0000] {processor.py:768} INFO - DAG(s) dict_keys(['tutorial_taskflow_api']) retrieved from /home/airflow/.local/lib/python3.7/site-packages/airflow/example_dags/tutorial_taskflow_api.py
[2024-04-29T00:45:18.060+0000] {logging_mixin.py:117} INFO - [2024-04-29T00:45:18.060+0000] {dag.py:2573} INFO - Sync 1 DAGs
[2024-04-29T00:45:18.092+0000] {logging_mixin.py:117} INFO - [2024-04-29T00:45:18.092+0000] {dag.py:3328} INFO - Setting next_dagrun for tutorial_taskflow_api to None, run_after=None
[2024-04-29T00:45:18.119+0000] {processor.py:178} INFO - Processing /home/airflow/.local/lib/python3.7/site-packages/airflow/example_dags/tutorial_taskflow_api.py took 0.143 seconds
[2024-04-29T00:45:48.439+0000] {processor.py:156} INFO - Started process (PID=7560) to work on /home/airflow/.local/lib/python3.7/site-packages/airflow/example_dags/tutorial_taskflow_api.py
[2024-04-29T00:45:48.440+0000] {processor.py:758} INFO - Processing file /home/airflow/.local/lib/python3.7/site-packages/airflow/example_dags/tutorial_taskflow_api.py for tasks to queue
[2024-04-29T00:45:48.440+0000] {logging_mixin.py:117} INFO - [2024-04-29T00:45:48.440+0000] {dagbag.py:525} INFO - Filling up the DagBag from /home/airflow/.local/lib/python3.7/site-packages/airflow/example_dags/tutorial_taskflow_api.py
[2024-04-29T00:45:48.476+0000] {processor.py:768} INFO - DAG(s) dict_keys(['tutorial_taskflow_api']) retrieved from /home/airflow/.local/lib/python3.7/site-packages/airflow/example_dags/tutorial_taskflow_api.py
[2024-04-29T00:45:48.525+0000] {logging_mixin.py:117} INFO - [2024-04-29T00:45:48.525+0000] {dag.py:2573} INFO - Sync 1 DAGs
[2024-04-29T00:45:48.566+0000] {logging_mixin.py:117} INFO - [2024-04-29T00:45:48.566+0000] {dag.py:3328} INFO - Setting next_dagrun for tutorial_taskflow_api to None, run_after=None
[2024-04-29T00:45:48.601+0000] {processor.py:178} INFO - Processing /home/airflow/.local/lib/python3.7/site-packages/airflow/example_dags/tutorial_taskflow_api.py took 0.165 seconds
[2024-04-29T00:46:19.403+0000] {processor.py:156} INFO - Started process (PID=7774) to work on /home/airflow/.local/lib/python3.7/site-packages/airflow/example_dags/tutorial_taskflow_api.py
[2024-04-29T00:46:19.405+0000] {processor.py:758} INFO - Processing file /home/airflow/.local/lib/python3.7/site-packages/airflow/example_dags/tutorial_taskflow_api.py for tasks to queue
[2024-04-29T00:46:19.412+0000] {logging_mixin.py:117} INFO - [2024-04-29T00:46:19.412+0000] {dagbag.py:525} INFO - Filling up the DagBag from /home/airflow/.local/lib/python3.7/site-packages/airflow/example_dags/tutorial_taskflow_api.py
[2024-04-29T00:46:19.479+0000] {processor.py:768} INFO - DAG(s) dict_keys(['tutorial_taskflow_api']) retrieved from /home/airflow/.local/lib/python3.7/site-packages/airflow/example_dags/tutorial_taskflow_api.py
[2024-04-29T00:46:19.534+0000] {logging_mixin.py:117} INFO - [2024-04-29T00:46:19.534+0000] {dag.py:2573} INFO - Sync 1 DAGs
[2024-04-29T00:46:19.569+0000] {logging_mixin.py:117} INFO - [2024-04-29T00:46:19.569+0000] {dag.py:3328} INFO - Setting next_dagrun for tutorial_taskflow_api to None, run_after=None
[2024-04-29T00:46:19.601+0000] {processor.py:178} INFO - Processing /home/airflow/.local/lib/python3.7/site-packages/airflow/example_dags/tutorial_taskflow_api.py took 0.202 seconds
[2024-04-29T00:46:50.436+0000] {processor.py:156} INFO - Started process (PID=7999) to work on /home/airflow/.local/lib/python3.7/site-packages/airflow/example_dags/tutorial_taskflow_api.py
[2024-04-29T00:46:50.437+0000] {processor.py:758} INFO - Processing file /home/airflow/.local/lib/python3.7/site-packages/airflow/example_dags/tutorial_taskflow_api.py for tasks to queue
[2024-04-29T00:46:50.438+0000] {logging_mixin.py:117} INFO - [2024-04-29T00:46:50.438+0000] {dagbag.py:525} INFO - Filling up the DagBag from /home/airflow/.local/lib/python3.7/site-packages/airflow/example_dags/tutorial_taskflow_api.py
[2024-04-29T00:46:50.466+0000] {processor.py:768} INFO - DAG(s) dict_keys(['tutorial_taskflow_api']) retrieved from /home/airflow/.local/lib/python3.7/site-packages/airflow/example_dags/tutorial_taskflow_api.py
[2024-04-29T00:46:50.512+0000] {logging_mixin.py:117} INFO - [2024-04-29T00:46:50.512+0000] {dag.py:2573} INFO - Sync 1 DAGs
[2024-04-29T00:46:50.542+0000] {logging_mixin.py:117} INFO - [2024-04-29T00:46:50.542+0000] {dag.py:3328} INFO - Setting next_dagrun for tutorial_taskflow_api to None, run_after=None
[2024-04-29T00:46:50.571+0000] {processor.py:178} INFO - Processing /home/airflow/.local/lib/python3.7/site-packages/airflow/example_dags/tutorial_taskflow_api.py took 0.137 seconds
[2024-04-29T00:47:21.273+0000] {processor.py:156} INFO - Started process (PID=8222) to work on /home/airflow/.local/lib/python3.7/site-packages/airflow/example_dags/tutorial_taskflow_api.py
[2024-04-29T00:47:21.274+0000] {processor.py:758} INFO - Processing file /home/airflow/.local/lib/python3.7/site-packages/airflow/example_dags/tutorial_taskflow_api.py for tasks to queue
[2024-04-29T00:47:21.275+0000] {logging_mixin.py:117} INFO - [2024-04-29T00:47:21.274+0000] {dagbag.py:525} INFO - Filling up the DagBag from /home/airflow/.local/lib/python3.7/site-packages/airflow/example_dags/tutorial_taskflow_api.py
[2024-04-29T00:47:21.303+0000] {processor.py:768} INFO - DAG(s) dict_keys(['tutorial_taskflow_api']) retrieved from /home/airflow/.local/lib/python3.7/site-packages/airflow/example_dags/tutorial_taskflow_api.py
[2024-04-29T00:47:21.348+0000] {logging_mixin.py:117} INFO - [2024-04-29T00:47:21.347+0000] {dag.py:2573} INFO - Sync 1 DAGs
[2024-04-29T00:47:21.380+0000] {logging_mixin.py:117} INFO - [2024-04-29T00:47:21.380+0000] {dag.py:3328} INFO - Setting next_dagrun for tutorial_taskflow_api to None, run_after=None
[2024-04-29T00:47:21.404+0000] {processor.py:178} INFO - Processing /home/airflow/.local/lib/python3.7/site-packages/airflow/example_dags/tutorial_taskflow_api.py took 0.134 seconds
[2024-04-29T00:47:52.192+0000] {processor.py:156} INFO - Started process (PID=8437) to work on /home/airflow/.local/lib/python3.7/site-packages/airflow/example_dags/tutorial_taskflow_api.py
[2024-04-29T00:47:52.193+0000] {processor.py:758} INFO - Processing file /home/airflow/.local/lib/python3.7/site-packages/airflow/example_dags/tutorial_taskflow_api.py for tasks to queue
[2024-04-29T00:47:52.193+0000] {logging_mixin.py:117} INFO - [2024-04-29T00:47:52.193+0000] {dagbag.py:525} INFO - Filling up the DagBag from /home/airflow/.local/lib/python3.7/site-packages/airflow/example_dags/tutorial_taskflow_api.py
[2024-04-29T00:47:52.222+0000] {processor.py:768} INFO - DAG(s) dict_keys(['tutorial_taskflow_api']) retrieved from /home/airflow/.local/lib/python3.7/site-packages/airflow/example_dags/tutorial_taskflow_api.py
[2024-04-29T00:47:52.268+0000] {logging_mixin.py:117} INFO - [2024-04-29T00:47:52.268+0000] {dag.py:2573} INFO - Sync 1 DAGs
[2024-04-29T00:47:52.298+0000] {logging_mixin.py:117} INFO - [2024-04-29T00:47:52.298+0000] {dag.py:3328} INFO - Setting next_dagrun for tutorial_taskflow_api to None, run_after=None
[2024-04-29T00:47:52.355+0000] {processor.py:178} INFO - Processing /home/airflow/.local/lib/python3.7/site-packages/airflow/example_dags/tutorial_taskflow_api.py took 0.166 seconds
[2024-04-29T00:48:22.755+0000] {processor.py:156} INFO - Started process (PID=8658) to work on /home/airflow/.local/lib/python3.7/site-packages/airflow/example_dags/tutorial_taskflow_api.py
[2024-04-29T00:48:22.756+0000] {processor.py:758} INFO - Processing file /home/airflow/.local/lib/python3.7/site-packages/airflow/example_dags/tutorial_taskflow_api.py for tasks to queue
[2024-04-29T00:48:22.756+0000] {logging_mixin.py:117} INFO - [2024-04-29T00:48:22.756+0000] {dagbag.py:525} INFO - Filling up the DagBag from /home/airflow/.local/lib/python3.7/site-packages/airflow/example_dags/tutorial_taskflow_api.py
[2024-04-29T00:48:22.784+0000] {processor.py:768} INFO - DAG(s) dict_keys(['tutorial_taskflow_api']) retrieved from /home/airflow/.local/lib/python3.7/site-packages/airflow/example_dags/tutorial_taskflow_api.py
[2024-04-29T00:48:22.830+0000] {logging_mixin.py:117} INFO - [2024-04-29T00:48:22.829+0000] {dag.py:2573} INFO - Sync 1 DAGs
[2024-04-29T00:48:22.862+0000] {logging_mixin.py:117} INFO - [2024-04-29T00:48:22.862+0000] {dag.py:3328} INFO - Setting next_dagrun for tutorial_taskflow_api to None, run_after=None
[2024-04-29T00:48:22.888+0000] {processor.py:178} INFO - Processing /home/airflow/.local/lib/python3.7/site-packages/airflow/example_dags/tutorial_taskflow_api.py took 0.136 seconds
[2024-04-29T00:48:52.929+0000] {processor.py:156} INFO - Started process (PID=8881) to work on /home/airflow/.local/lib/python3.7/site-packages/airflow/example_dags/tutorial_taskflow_api.py
[2024-04-29T00:48:52.930+0000] {processor.py:758} INFO - Processing file /home/airflow/.local/lib/python3.7/site-packages/airflow/example_dags/tutorial_taskflow_api.py for tasks to queue
[2024-04-29T00:48:52.931+0000] {logging_mixin.py:117} INFO - [2024-04-29T00:48:52.931+0000] {dagbag.py:525} INFO - Filling up the DagBag from /home/airflow/.local/lib/python3.7/site-packages/airflow/example_dags/tutorial_taskflow_api.py
[2024-04-29T00:48:52.958+0000] {processor.py:768} INFO - DAG(s) dict_keys(['tutorial_taskflow_api']) retrieved from /home/airflow/.local/lib/python3.7/site-packages/airflow/example_dags/tutorial_taskflow_api.py
[2024-04-29T00:48:53.005+0000] {logging_mixin.py:117} INFO - [2024-04-29T00:48:53.005+0000] {dag.py:2573} INFO - Sync 1 DAGs
[2024-04-29T00:48:53.034+0000] {logging_mixin.py:117} INFO - [2024-04-29T00:48:53.034+0000] {dag.py:3328} INFO - Setting next_dagrun for tutorial_taskflow_api to None, run_after=None
[2024-04-29T00:48:53.062+0000] {processor.py:178} INFO - Processing /home/airflow/.local/lib/python3.7/site-packages/airflow/example_dags/tutorial_taskflow_api.py took 0.136 seconds
[2024-04-29T00:49:24.040+0000] {processor.py:156} INFO - Started process (PID=9101) to work on /home/airflow/.local/lib/python3.7/site-packages/airflow/example_dags/tutorial_taskflow_api.py
[2024-04-29T00:49:24.041+0000] {processor.py:758} INFO - Processing file /home/airflow/.local/lib/python3.7/site-packages/airflow/example_dags/tutorial_taskflow_api.py for tasks to queue
[2024-04-29T00:49:24.041+0000] {logging_mixin.py:117} INFO - [2024-04-29T00:49:24.041+0000] {dagbag.py:525} INFO - Filling up the DagBag from /home/airflow/.local/lib/python3.7/site-packages/airflow/example_dags/tutorial_taskflow_api.py
[2024-04-29T00:49:24.070+0000] {processor.py:768} INFO - DAG(s) dict_keys(['tutorial_taskflow_api']) retrieved from /home/airflow/.local/lib/python3.7/site-packages/airflow/example_dags/tutorial_taskflow_api.py
[2024-04-29T00:49:24.130+0000] {logging_mixin.py:117} INFO - [2024-04-29T00:49:24.130+0000] {dag.py:2573} INFO - Sync 1 DAGs
[2024-04-29T00:49:24.164+0000] {logging_mixin.py:117} INFO - [2024-04-29T00:49:24.164+0000] {dag.py:3328} INFO - Setting next_dagrun for tutorial_taskflow_api to None, run_after=None
[2024-04-29T00:49:24.204+0000] {processor.py:178} INFO - Processing /home/airflow/.local/lib/python3.7/site-packages/airflow/example_dags/tutorial_taskflow_api.py took 0.167 seconds
[2024-04-29T00:49:54.448+0000] {processor.py:156} INFO - Started process (PID=9319) to work on /home/airflow/.local/lib/python3.7/site-packages/airflow/example_dags/tutorial_taskflow_api.py
[2024-04-29T00:49:54.448+0000] {processor.py:758} INFO - Processing file /home/airflow/.local/lib/python3.7/site-packages/airflow/example_dags/tutorial_taskflow_api.py for tasks to queue
[2024-04-29T00:49:54.449+0000] {logging_mixin.py:117} INFO - [2024-04-29T00:49:54.448+0000] {dagbag.py:525} INFO - Filling up the DagBag from /home/airflow/.local/lib/python3.7/site-packages/airflow/example_dags/tutorial_taskflow_api.py
[2024-04-29T00:49:54.468+0000] {processor.py:768} INFO - DAG(s) dict_keys(['tutorial_taskflow_api']) retrieved from /home/airflow/.local/lib/python3.7/site-packages/airflow/example_dags/tutorial_taskflow_api.py
[2024-04-29T00:49:54.502+0000] {logging_mixin.py:117} INFO - [2024-04-29T00:49:54.502+0000] {dag.py:2573} INFO - Sync 1 DAGs
[2024-04-29T00:49:54.523+0000] {logging_mixin.py:117} INFO - [2024-04-29T00:49:54.523+0000] {dag.py:3328} INFO - Setting next_dagrun for tutorial_taskflow_api to None, run_after=None
[2024-04-29T00:49:54.544+0000] {processor.py:178} INFO - Processing /home/airflow/.local/lib/python3.7/site-packages/airflow/example_dags/tutorial_taskflow_api.py took 0.099 seconds
[2024-04-29T00:50:25.389+0000] {processor.py:156} INFO - Started process (PID=9543) to work on /home/airflow/.local/lib/python3.7/site-packages/airflow/example_dags/tutorial_taskflow_api.py
[2024-04-29T00:50:25.390+0000] {processor.py:758} INFO - Processing file /home/airflow/.local/lib/python3.7/site-packages/airflow/example_dags/tutorial_taskflow_api.py for tasks to queue
[2024-04-29T00:50:25.390+0000] {logging_mixin.py:117} INFO - [2024-04-29T00:50:25.390+0000] {dagbag.py:525} INFO - Filling up the DagBag from /home/airflow/.local/lib/python3.7/site-packages/airflow/example_dags/tutorial_taskflow_api.py
[2024-04-29T00:50:25.409+0000] {processor.py:768} INFO - DAG(s) dict_keys(['tutorial_taskflow_api']) retrieved from /home/airflow/.local/lib/python3.7/site-packages/airflow/example_dags/tutorial_taskflow_api.py
[2024-04-29T00:50:25.441+0000] {logging_mixin.py:117} INFO - [2024-04-29T00:50:25.441+0000] {dag.py:2573} INFO - Sync 1 DAGs
[2024-04-29T00:50:25.461+0000] {logging_mixin.py:117} INFO - [2024-04-29T00:50:25.461+0000] {dag.py:3328} INFO - Setting next_dagrun for tutorial_taskflow_api to None, run_after=None
[2024-04-29T00:50:25.483+0000] {processor.py:178} INFO - Processing /home/airflow/.local/lib/python3.7/site-packages/airflow/example_dags/tutorial_taskflow_api.py took 0.096 seconds
[2024-04-29T00:50:56.608+0000] {processor.py:156} INFO - Started process (PID=9763) to work on /home/airflow/.local/lib/python3.7/site-packages/airflow/example_dags/tutorial_taskflow_api.py
[2024-04-29T00:50:56.608+0000] {processor.py:758} INFO - Processing file /home/airflow/.local/lib/python3.7/site-packages/airflow/example_dags/tutorial_taskflow_api.py for tasks to queue
[2024-04-29T00:50:56.609+0000] {logging_mixin.py:117} INFO - [2024-04-29T00:50:56.609+0000] {dagbag.py:525} INFO - Filling up the DagBag from /home/airflow/.local/lib/python3.7/site-packages/airflow/example_dags/tutorial_taskflow_api.py
[2024-04-29T00:50:56.641+0000] {processor.py:768} INFO - DAG(s) dict_keys(['tutorial_taskflow_api']) retrieved from /home/airflow/.local/lib/python3.7/site-packages/airflow/example_dags/tutorial_taskflow_api.py
[2024-04-29T00:50:56.694+0000] {logging_mixin.py:117} INFO - [2024-04-29T00:50:56.694+0000] {dag.py:2573} INFO - Sync 1 DAGs
[2024-04-29T00:50:56.758+0000] {logging_mixin.py:117} INFO - [2024-04-29T00:50:56.758+0000] {dag.py:3328} INFO - Setting next_dagrun for tutorial_taskflow_api to None, run_after=None
[2024-04-29T00:50:56.805+0000] {processor.py:178} INFO - Processing /home/airflow/.local/lib/python3.7/site-packages/airflow/example_dags/tutorial_taskflow_api.py took 0.201 seconds
[2024-04-29T00:51:26.974+0000] {processor.py:156} INFO - Started process (PID=9978) to work on /home/airflow/.local/lib/python3.7/site-packages/airflow/example_dags/tutorial_taskflow_api.py
[2024-04-29T00:51:26.975+0000] {processor.py:758} INFO - Processing file /home/airflow/.local/lib/python3.7/site-packages/airflow/example_dags/tutorial_taskflow_api.py for tasks to queue
[2024-04-29T00:51:26.975+0000] {logging_mixin.py:117} INFO - [2024-04-29T00:51:26.975+0000] {dagbag.py:525} INFO - Filling up the DagBag from /home/airflow/.local/lib/python3.7/site-packages/airflow/example_dags/tutorial_taskflow_api.py
[2024-04-29T00:51:26.995+0000] {processor.py:768} INFO - DAG(s) dict_keys(['tutorial_taskflow_api']) retrieved from /home/airflow/.local/lib/python3.7/site-packages/airflow/example_dags/tutorial_taskflow_api.py
[2024-04-29T00:51:27.029+0000] {logging_mixin.py:117} INFO - [2024-04-29T00:51:27.029+0000] {dag.py:2573} INFO - Sync 1 DAGs
[2024-04-29T00:51:27.050+0000] {logging_mixin.py:117} INFO - [2024-04-29T00:51:27.050+0000] {dag.py:3328} INFO - Setting next_dagrun for tutorial_taskflow_api to None, run_after=None
[2024-04-29T00:51:27.074+0000] {processor.py:178} INFO - Processing /home/airflow/.local/lib/python3.7/site-packages/airflow/example_dags/tutorial_taskflow_api.py took 0.102 seconds
[2024-04-29T00:51:57.641+0000] {processor.py:156} INFO - Started process (PID=10199) to work on /home/airflow/.local/lib/python3.7/site-packages/airflow/example_dags/tutorial_taskflow_api.py
[2024-04-29T00:51:57.641+0000] {processor.py:758} INFO - Processing file /home/airflow/.local/lib/python3.7/site-packages/airflow/example_dags/tutorial_taskflow_api.py for tasks to queue
[2024-04-29T00:51:57.642+0000] {logging_mixin.py:117} INFO - [2024-04-29T00:51:57.642+0000] {dagbag.py:525} INFO - Filling up the DagBag from /home/airflow/.local/lib/python3.7/site-packages/airflow/example_dags/tutorial_taskflow_api.py
[2024-04-29T00:51:57.671+0000] {processor.py:768} INFO - DAG(s) dict_keys(['tutorial_taskflow_api']) retrieved from /home/airflow/.local/lib/python3.7/site-packages/airflow/example_dags/tutorial_taskflow_api.py
[2024-04-29T00:51:57.718+0000] {logging_mixin.py:117} INFO - [2024-04-29T00:51:57.718+0000] {dag.py:2573} INFO - Sync 1 DAGs
[2024-04-29T00:51:57.793+0000] {logging_mixin.py:117} INFO - [2024-04-29T00:51:57.793+0000] {dag.py:3328} INFO - Setting next_dagrun for tutorial_taskflow_api to None, run_after=None
[2024-04-29T00:51:57.839+0000] {processor.py:178} INFO - Processing /home/airflow/.local/lib/python3.7/site-packages/airflow/example_dags/tutorial_taskflow_api.py took 0.201 seconds
[2024-04-29T00:52:29.084+0000] {processor.py:156} INFO - Started process (PID=10430) to work on /home/airflow/.local/lib/python3.7/site-packages/airflow/example_dags/tutorial_taskflow_api.py
[2024-04-29T00:52:29.085+0000] {processor.py:758} INFO - Processing file /home/airflow/.local/lib/python3.7/site-packages/airflow/example_dags/tutorial_taskflow_api.py for tasks to queue
[2024-04-29T00:52:29.093+0000] {logging_mixin.py:117} INFO - [2024-04-29T00:52:29.093+0000] {dagbag.py:525} INFO - Filling up the DagBag from /home/airflow/.local/lib/python3.7/site-packages/airflow/example_dags/tutorial_taskflow_api.py
[2024-04-29T00:52:29.184+0000] {processor.py:768} INFO - DAG(s) dict_keys(['tutorial_taskflow_api']) retrieved from /home/airflow/.local/lib/python3.7/site-packages/airflow/example_dags/tutorial_taskflow_api.py
[2024-04-29T00:52:29.275+0000] {logging_mixin.py:117} INFO - [2024-04-29T00:52:29.275+0000] {dag.py:2573} INFO - Sync 1 DAGs
[2024-04-29T00:52:29.335+0000] {logging_mixin.py:117} INFO - [2024-04-29T00:52:29.335+0000] {dag.py:3328} INFO - Setting next_dagrun for tutorial_taskflow_api to None, run_after=None
[2024-04-29T00:52:29.377+0000] {processor.py:178} INFO - Processing /home/airflow/.local/lib/python3.7/site-packages/airflow/example_dags/tutorial_taskflow_api.py took 0.296 seconds
[2024-04-29T00:53:00.246+0000] {processor.py:156} INFO - Started process (PID=10645) to work on /home/airflow/.local/lib/python3.7/site-packages/airflow/example_dags/tutorial_taskflow_api.py
[2024-04-29T00:53:00.247+0000] {processor.py:758} INFO - Processing file /home/airflow/.local/lib/python3.7/site-packages/airflow/example_dags/tutorial_taskflow_api.py for tasks to queue
[2024-04-29T00:53:00.253+0000] {logging_mixin.py:117} INFO - [2024-04-29T00:53:00.253+0000] {dagbag.py:525} INFO - Filling up the DagBag from /home/airflow/.local/lib/python3.7/site-packages/airflow/example_dags/tutorial_taskflow_api.py
[2024-04-29T00:53:00.307+0000] {processor.py:768} INFO - DAG(s) dict_keys(['tutorial_taskflow_api']) retrieved from /home/airflow/.local/lib/python3.7/site-packages/airflow/example_dags/tutorial_taskflow_api.py
[2024-04-29T00:53:00.355+0000] {logging_mixin.py:117} INFO - [2024-04-29T00:53:00.354+0000] {dag.py:2573} INFO - Sync 1 DAGs
[2024-04-29T00:53:00.384+0000] {logging_mixin.py:117} INFO - [2024-04-29T00:53:00.384+0000] {dag.py:3328} INFO - Setting next_dagrun for tutorial_taskflow_api to None, run_after=None
[2024-04-29T00:53:00.409+0000] {processor.py:178} INFO - Processing /home/airflow/.local/lib/python3.7/site-packages/airflow/example_dags/tutorial_taskflow_api.py took 0.167 seconds
[2024-04-29T00:53:30.578+0000] {processor.py:156} INFO - Started process (PID=10867) to work on /home/airflow/.local/lib/python3.7/site-packages/airflow/example_dags/tutorial_taskflow_api.py
[2024-04-29T00:53:30.579+0000] {processor.py:758} INFO - Processing file /home/airflow/.local/lib/python3.7/site-packages/airflow/example_dags/tutorial_taskflow_api.py for tasks to queue
[2024-04-29T00:53:30.579+0000] {logging_mixin.py:117} INFO - [2024-04-29T00:53:30.579+0000] {dagbag.py:525} INFO - Filling up the DagBag from /home/airflow/.local/lib/python3.7/site-packages/airflow/example_dags/tutorial_taskflow_api.py
[2024-04-29T00:53:30.605+0000] {processor.py:768} INFO - DAG(s) dict_keys(['tutorial_taskflow_api']) retrieved from /home/airflow/.local/lib/python3.7/site-packages/airflow/example_dags/tutorial_taskflow_api.py
[2024-04-29T00:53:30.649+0000] {logging_mixin.py:117} INFO - [2024-04-29T00:53:30.649+0000] {dag.py:2573} INFO - Sync 1 DAGs
[2024-04-29T00:53:30.686+0000] {logging_mixin.py:117} INFO - [2024-04-29T00:53:30.685+0000] {dag.py:3328} INFO - Setting next_dagrun for tutorial_taskflow_api to None, run_after=None
[2024-04-29T00:53:30.710+0000] {processor.py:178} INFO - Processing /home/airflow/.local/lib/python3.7/site-packages/airflow/example_dags/tutorial_taskflow_api.py took 0.138 seconds
[2024-04-29T00:54:00.815+0000] {processor.py:156} INFO - Started process (PID=11091) to work on /home/airflow/.local/lib/python3.7/site-packages/airflow/example_dags/tutorial_taskflow_api.py
[2024-04-29T00:54:00.816+0000] {processor.py:758} INFO - Processing file /home/airflow/.local/lib/python3.7/site-packages/airflow/example_dags/tutorial_taskflow_api.py for tasks to queue
[2024-04-29T00:54:00.818+0000] {logging_mixin.py:117} INFO - [2024-04-29T00:54:00.818+0000] {dagbag.py:525} INFO - Filling up the DagBag from /home/airflow/.local/lib/python3.7/site-packages/airflow/example_dags/tutorial_taskflow_api.py
[2024-04-29T00:54:00.889+0000] {processor.py:768} INFO - DAG(s) dict_keys(['tutorial_taskflow_api']) retrieved from /home/airflow/.local/lib/python3.7/site-packages/airflow/example_dags/tutorial_taskflow_api.py
[2024-04-29T00:54:00.980+0000] {logging_mixin.py:117} INFO - [2024-04-29T00:54:00.980+0000] {dag.py:2573} INFO - Sync 1 DAGs
[2024-04-29T00:54:01.051+0000] {logging_mixin.py:117} INFO - [2024-04-29T00:54:01.051+0000] {dag.py:3328} INFO - Setting next_dagrun for tutorial_taskflow_api to None, run_after=None
[2024-04-29T00:54:01.114+0000] {processor.py:178} INFO - Processing /home/airflow/.local/lib/python3.7/site-packages/airflow/example_dags/tutorial_taskflow_api.py took 0.302 seconds
[2024-04-29T00:54:31.238+0000] {processor.py:156} INFO - Started process (PID=11306) to work on /home/airflow/.local/lib/python3.7/site-packages/airflow/example_dags/tutorial_taskflow_api.py
[2024-04-29T00:54:31.239+0000] {processor.py:758} INFO - Processing file /home/airflow/.local/lib/python3.7/site-packages/airflow/example_dags/tutorial_taskflow_api.py for tasks to queue
[2024-04-29T00:54:31.240+0000] {logging_mixin.py:117} INFO - [2024-04-29T00:54:31.240+0000] {dagbag.py:525} INFO - Filling up the DagBag from /home/airflow/.local/lib/python3.7/site-packages/airflow/example_dags/tutorial_taskflow_api.py
[2024-04-29T00:54:31.267+0000] {processor.py:768} INFO - DAG(s) dict_keys(['tutorial_taskflow_api']) retrieved from /home/airflow/.local/lib/python3.7/site-packages/airflow/example_dags/tutorial_taskflow_api.py
[2024-04-29T00:54:31.320+0000] {logging_mixin.py:117} INFO - [2024-04-29T00:54:31.320+0000] {dag.py:2573} INFO - Sync 1 DAGs
[2024-04-29T00:54:31.371+0000] {logging_mixin.py:117} INFO - [2024-04-29T00:54:31.371+0000] {dag.py:3328} INFO - Setting next_dagrun for tutorial_taskflow_api to None, run_after=None
[2024-04-29T00:54:31.411+0000] {processor.py:178} INFO - Processing /home/airflow/.local/lib/python3.7/site-packages/airflow/example_dags/tutorial_taskflow_api.py took 0.177 seconds
[2024-04-29T00:55:01.584+0000] {processor.py:156} INFO - Started process (PID=11527) to work on /home/airflow/.local/lib/python3.7/site-packages/airflow/example_dags/tutorial_taskflow_api.py
[2024-04-29T00:55:01.585+0000] {processor.py:758} INFO - Processing file /home/airflow/.local/lib/python3.7/site-packages/airflow/example_dags/tutorial_taskflow_api.py for tasks to queue
[2024-04-29T00:55:01.585+0000] {logging_mixin.py:117} INFO - [2024-04-29T00:55:01.585+0000] {dagbag.py:525} INFO - Filling up the DagBag from /home/airflow/.local/lib/python3.7/site-packages/airflow/example_dags/tutorial_taskflow_api.py
[2024-04-29T00:55:01.615+0000] {processor.py:768} INFO - DAG(s) dict_keys(['tutorial_taskflow_api']) retrieved from /home/airflow/.local/lib/python3.7/site-packages/airflow/example_dags/tutorial_taskflow_api.py
[2024-04-29T00:55:01.664+0000] {logging_mixin.py:117} INFO - [2024-04-29T00:55:01.664+0000] {dag.py:2573} INFO - Sync 1 DAGs
[2024-04-29T00:55:01.697+0000] {logging_mixin.py:117} INFO - [2024-04-29T00:55:01.697+0000] {dag.py:3328} INFO - Setting next_dagrun for tutorial_taskflow_api to None, run_after=None
[2024-04-29T00:55:01.724+0000] {processor.py:178} INFO - Processing /home/airflow/.local/lib/python3.7/site-packages/airflow/example_dags/tutorial_taskflow_api.py took 0.144 seconds
