[2024-04-25T00:54:24.365+0000] {processor.py:156} INFO - Started process (PID=216) to work on /home/airflow/.local/lib/python3.7/site-packages/airflow/example_dags/example_complex.py
[2024-04-25T00:54:24.373+0000] {processor.py:758} INFO - Processing file /home/airflow/.local/lib/python3.7/site-packages/airflow/example_dags/example_complex.py for tasks to queue
[2024-04-25T00:54:24.380+0000] {logging_mixin.py:117} INFO - [2024-04-25T00:54:24.380+0000] {dagbag.py:525} INFO - Filling up the DagBag from /home/airflow/.local/lib/python3.7/site-packages/airflow/example_dags/example_complex.py
[2024-04-25T00:54:24.491+0000] {processor.py:768} INFO - DAG(s) dict_keys(['example_complex']) retrieved from /home/airflow/.local/lib/python3.7/site-packages/airflow/example_dags/example_complex.py
[2024-04-25T00:54:24.700+0000] {logging_mixin.py:117} INFO - [2024-04-25T00:54:24.700+0000] {dag.py:2573} INFO - Sync 1 DAGs
[2024-04-25T00:54:24.752+0000] {logging_mixin.py:117} INFO - [2024-04-25T00:54:24.751+0000] {dag.py:3328} INFO - Setting next_dagrun for example_complex to None, run_after=None
[2024-04-25T00:54:24.818+0000] {processor.py:178} INFO - Processing /home/airflow/.local/lib/python3.7/site-packages/airflow/example_dags/example_complex.py took 0.457 seconds
[2024-04-25T00:54:54.906+0000] {processor.py:156} INFO - Started process (PID=427) to work on /home/airflow/.local/lib/python3.7/site-packages/airflow/example_dags/example_complex.py
[2024-04-25T00:54:54.906+0000] {processor.py:758} INFO - Processing file /home/airflow/.local/lib/python3.7/site-packages/airflow/example_dags/example_complex.py for tasks to queue
[2024-04-25T00:54:54.907+0000] {logging_mixin.py:117} INFO - [2024-04-25T00:54:54.907+0000] {dagbag.py:525} INFO - Filling up the DagBag from /home/airflow/.local/lib/python3.7/site-packages/airflow/example_dags/example_complex.py
[2024-04-25T00:54:54.924+0000] {processor.py:768} INFO - DAG(s) dict_keys(['example_complex']) retrieved from /home/airflow/.local/lib/python3.7/site-packages/airflow/example_dags/example_complex.py
[2024-04-25T00:54:54.966+0000] {logging_mixin.py:117} INFO - [2024-04-25T00:54:54.965+0000] {dag.py:2573} INFO - Sync 1 DAGs
[2024-04-25T00:54:54.993+0000] {logging_mixin.py:117} INFO - [2024-04-25T00:54:54.993+0000] {dag.py:3328} INFO - Setting next_dagrun for example_complex to None, run_after=None
[2024-04-25T00:54:55.015+0000] {processor.py:178} INFO - Processing /home/airflow/.local/lib/python3.7/site-packages/airflow/example_dags/example_complex.py took 0.111 seconds
[2024-04-25T00:55:25.954+0000] {processor.py:156} INFO - Started process (PID=642) to work on /home/airflow/.local/lib/python3.7/site-packages/airflow/example_dags/example_complex.py
[2024-04-25T00:55:25.955+0000] {processor.py:758} INFO - Processing file /home/airflow/.local/lib/python3.7/site-packages/airflow/example_dags/example_complex.py for tasks to queue
[2024-04-25T00:55:25.956+0000] {logging_mixin.py:117} INFO - [2024-04-25T00:55:25.956+0000] {dagbag.py:525} INFO - Filling up the DagBag from /home/airflow/.local/lib/python3.7/site-packages/airflow/example_dags/example_complex.py
[2024-04-25T00:55:25.985+0000] {processor.py:768} INFO - DAG(s) dict_keys(['example_complex']) retrieved from /home/airflow/.local/lib/python3.7/site-packages/airflow/example_dags/example_complex.py
[2024-04-25T00:55:26.039+0000] {logging_mixin.py:117} INFO - [2024-04-25T00:55:26.039+0000] {dag.py:2573} INFO - Sync 1 DAGs
[2024-04-25T00:55:26.071+0000] {logging_mixin.py:117} INFO - [2024-04-25T00:55:26.071+0000] {dag.py:3328} INFO - Setting next_dagrun for example_complex to None, run_after=None
[2024-04-25T00:55:26.104+0000] {processor.py:178} INFO - Processing /home/airflow/.local/lib/python3.7/site-packages/airflow/example_dags/example_complex.py took 0.153 seconds
[2024-04-25T00:55:56.997+0000] {processor.py:156} INFO - Started process (PID=861) to work on /home/airflow/.local/lib/python3.7/site-packages/airflow/example_dags/example_complex.py
[2024-04-25T00:55:56.998+0000] {processor.py:758} INFO - Processing file /home/airflow/.local/lib/python3.7/site-packages/airflow/example_dags/example_complex.py for tasks to queue
[2024-04-25T00:55:56.998+0000] {logging_mixin.py:117} INFO - [2024-04-25T00:55:56.998+0000] {dagbag.py:525} INFO - Filling up the DagBag from /home/airflow/.local/lib/python3.7/site-packages/airflow/example_dags/example_complex.py
[2024-04-25T00:55:57.027+0000] {processor.py:768} INFO - DAG(s) dict_keys(['example_complex']) retrieved from /home/airflow/.local/lib/python3.7/site-packages/airflow/example_dags/example_complex.py
[2024-04-25T00:55:57.086+0000] {logging_mixin.py:117} INFO - [2024-04-25T00:55:57.086+0000] {dag.py:2573} INFO - Sync 1 DAGs
[2024-04-25T00:55:57.131+0000] {logging_mixin.py:117} INFO - [2024-04-25T00:55:57.131+0000] {dag.py:3328} INFO - Setting next_dagrun for example_complex to None, run_after=None
[2024-04-25T00:55:57.171+0000] {processor.py:178} INFO - Processing /home/airflow/.local/lib/python3.7/site-packages/airflow/example_dags/example_complex.py took 0.178 seconds
[2024-04-25T00:56:28.703+0000] {processor.py:156} INFO - Started process (PID=1078) to work on /home/airflow/.local/lib/python3.7/site-packages/airflow/example_dags/example_complex.py
[2024-04-25T00:56:28.709+0000] {processor.py:758} INFO - Processing file /home/airflow/.local/lib/python3.7/site-packages/airflow/example_dags/example_complex.py for tasks to queue
[2024-04-25T00:56:28.710+0000] {logging_mixin.py:117} INFO - [2024-04-25T00:56:28.710+0000] {dagbag.py:525} INFO - Filling up the DagBag from /home/airflow/.local/lib/python3.7/site-packages/airflow/example_dags/example_complex.py
[2024-04-25T00:56:28.768+0000] {processor.py:768} INFO - DAG(s) dict_keys(['example_complex']) retrieved from /home/airflow/.local/lib/python3.7/site-packages/airflow/example_dags/example_complex.py
[2024-04-25T00:56:28.883+0000] {logging_mixin.py:117} INFO - [2024-04-25T00:56:28.882+0000] {dag.py:2573} INFO - Sync 1 DAGs
[2024-04-25T00:56:28.915+0000] {logging_mixin.py:117} INFO - [2024-04-25T00:56:28.914+0000] {dag.py:3328} INFO - Setting next_dagrun for example_complex to None, run_after=None
[2024-04-25T00:56:28.953+0000] {processor.py:178} INFO - Processing /home/airflow/.local/lib/python3.7/site-packages/airflow/example_dags/example_complex.py took 0.254 seconds
[2024-04-25T00:56:59.272+0000] {processor.py:156} INFO - Started process (PID=1286) to work on /home/airflow/.local/lib/python3.7/site-packages/airflow/example_dags/example_complex.py
[2024-04-25T00:56:59.277+0000] {processor.py:758} INFO - Processing file /home/airflow/.local/lib/python3.7/site-packages/airflow/example_dags/example_complex.py for tasks to queue
[2024-04-25T00:56:59.278+0000] {logging_mixin.py:117} INFO - [2024-04-25T00:56:59.278+0000] {dagbag.py:525} INFO - Filling up the DagBag from /home/airflow/.local/lib/python3.7/site-packages/airflow/example_dags/example_complex.py
[2024-04-25T00:56:59.339+0000] {processor.py:768} INFO - DAG(s) dict_keys(['example_complex']) retrieved from /home/airflow/.local/lib/python3.7/site-packages/airflow/example_dags/example_complex.py
[2024-04-25T00:56:59.395+0000] {logging_mixin.py:117} INFO - [2024-04-25T00:56:59.395+0000] {dag.py:2573} INFO - Sync 1 DAGs
[2024-04-25T00:56:59.569+0000] {logging_mixin.py:117} INFO - [2024-04-25T00:56:59.569+0000] {dag.py:3328} INFO - Setting next_dagrun for example_complex to None, run_after=None
[2024-04-25T00:56:59.603+0000] {processor.py:178} INFO - Processing /home/airflow/.local/lib/python3.7/site-packages/airflow/example_dags/example_complex.py took 0.334 seconds
[2024-04-25T00:57:30.370+0000] {processor.py:156} INFO - Started process (PID=1503) to work on /home/airflow/.local/lib/python3.7/site-packages/airflow/example_dags/example_complex.py
[2024-04-25T00:57:30.370+0000] {processor.py:758} INFO - Processing file /home/airflow/.local/lib/python3.7/site-packages/airflow/example_dags/example_complex.py for tasks to queue
[2024-04-25T00:57:30.371+0000] {logging_mixin.py:117} INFO - [2024-04-25T00:57:30.371+0000] {dagbag.py:525} INFO - Filling up the DagBag from /home/airflow/.local/lib/python3.7/site-packages/airflow/example_dags/example_complex.py
[2024-04-25T00:57:30.413+0000] {processor.py:768} INFO - DAG(s) dict_keys(['example_complex']) retrieved from /home/airflow/.local/lib/python3.7/site-packages/airflow/example_dags/example_complex.py
[2024-04-25T00:57:30.476+0000] {logging_mixin.py:117} INFO - [2024-04-25T00:57:30.475+0000] {dag.py:2573} INFO - Sync 1 DAGs
[2024-04-25T00:57:30.728+0000] {logging_mixin.py:117} INFO - [2024-04-25T00:57:30.727+0000] {dag.py:3328} INFO - Setting next_dagrun for example_complex to None, run_after=None
[2024-04-25T00:57:30.754+0000] {processor.py:178} INFO - Processing /home/airflow/.local/lib/python3.7/site-packages/airflow/example_dags/example_complex.py took 0.389 seconds
[2024-04-25T00:58:00.870+0000] {processor.py:156} INFO - Started process (PID=1709) to work on /home/airflow/.local/lib/python3.7/site-packages/airflow/example_dags/example_complex.py
[2024-04-25T00:58:00.871+0000] {processor.py:758} INFO - Processing file /home/airflow/.local/lib/python3.7/site-packages/airflow/example_dags/example_complex.py for tasks to queue
[2024-04-25T00:58:00.872+0000] {logging_mixin.py:117} INFO - [2024-04-25T00:58:00.872+0000] {dagbag.py:525} INFO - Filling up the DagBag from /home/airflow/.local/lib/python3.7/site-packages/airflow/example_dags/example_complex.py
[2024-04-25T00:58:00.933+0000] {processor.py:768} INFO - DAG(s) dict_keys(['example_complex']) retrieved from /home/airflow/.local/lib/python3.7/site-packages/airflow/example_dags/example_complex.py
[2024-04-25T00:58:01.246+0000] {logging_mixin.py:117} INFO - [2024-04-25T00:58:01.245+0000] {dag.py:2573} INFO - Sync 1 DAGs
[2024-04-25T00:58:01.326+0000] {logging_mixin.py:117} INFO - [2024-04-25T00:58:01.326+0000] {dag.py:3328} INFO - Setting next_dagrun for example_complex to None, run_after=None
[2024-04-25T00:58:01.419+0000] {processor.py:178} INFO - Processing /home/airflow/.local/lib/python3.7/site-packages/airflow/example_dags/example_complex.py took 0.553 seconds
[2024-04-25T00:58:31.558+0000] {processor.py:156} INFO - Started process (PID=1924) to work on /home/airflow/.local/lib/python3.7/site-packages/airflow/example_dags/example_complex.py
[2024-04-25T00:58:31.559+0000] {processor.py:758} INFO - Processing file /home/airflow/.local/lib/python3.7/site-packages/airflow/example_dags/example_complex.py for tasks to queue
[2024-04-25T00:58:31.560+0000] {logging_mixin.py:117} INFO - [2024-04-25T00:58:31.560+0000] {dagbag.py:525} INFO - Filling up the DagBag from /home/airflow/.local/lib/python3.7/site-packages/airflow/example_dags/example_complex.py
[2024-04-25T00:58:31.602+0000] {processor.py:768} INFO - DAG(s) dict_keys(['example_complex']) retrieved from /home/airflow/.local/lib/python3.7/site-packages/airflow/example_dags/example_complex.py
[2024-04-25T00:58:31.922+0000] {logging_mixin.py:117} INFO - [2024-04-25T00:58:31.921+0000] {dag.py:2573} INFO - Sync 1 DAGs
[2024-04-25T00:58:31.951+0000] {logging_mixin.py:117} INFO - [2024-04-25T00:58:31.951+0000] {dag.py:3328} INFO - Setting next_dagrun for example_complex to None, run_after=None
[2024-04-25T00:58:31.981+0000] {processor.py:178} INFO - Processing /home/airflow/.local/lib/python3.7/site-packages/airflow/example_dags/example_complex.py took 0.427 seconds
[2024-04-25T00:59:03.643+0000] {processor.py:156} INFO - Started process (PID=2148) to work on /home/airflow/.local/lib/python3.7/site-packages/airflow/example_dags/example_complex.py
[2024-04-25T00:59:03.643+0000] {processor.py:758} INFO - Processing file /home/airflow/.local/lib/python3.7/site-packages/airflow/example_dags/example_complex.py for tasks to queue
[2024-04-25T00:59:03.644+0000] {logging_mixin.py:117} INFO - [2024-04-25T00:59:03.644+0000] {dagbag.py:525} INFO - Filling up the DagBag from /home/airflow/.local/lib/python3.7/site-packages/airflow/example_dags/example_complex.py
[2024-04-25T00:59:03.810+0000] {processor.py:768} INFO - DAG(s) dict_keys(['example_complex']) retrieved from /home/airflow/.local/lib/python3.7/site-packages/airflow/example_dags/example_complex.py
[2024-04-25T00:59:03.860+0000] {logging_mixin.py:117} INFO - [2024-04-25T00:59:03.859+0000] {dag.py:2573} INFO - Sync 1 DAGs
[2024-04-25T00:59:03.906+0000] {logging_mixin.py:117} INFO - [2024-04-25T00:59:03.906+0000] {dag.py:3328} INFO - Setting next_dagrun for example_complex to None, run_after=None
[2024-04-25T00:59:03.930+0000] {processor.py:178} INFO - Processing /home/airflow/.local/lib/python3.7/site-packages/airflow/example_dags/example_complex.py took 0.291 seconds
[2024-04-25T00:59:34.892+0000] {processor.py:156} INFO - Started process (PID=2362) to work on /home/airflow/.local/lib/python3.7/site-packages/airflow/example_dags/example_complex.py
[2024-04-25T00:59:34.893+0000] {processor.py:758} INFO - Processing file /home/airflow/.local/lib/python3.7/site-packages/airflow/example_dags/example_complex.py for tasks to queue
[2024-04-25T00:59:34.895+0000] {logging_mixin.py:117} INFO - [2024-04-25T00:59:34.894+0000] {dagbag.py:525} INFO - Filling up the DagBag from /home/airflow/.local/lib/python3.7/site-packages/airflow/example_dags/example_complex.py
[2024-04-25T00:59:34.991+0000] {processor.py:768} INFO - DAG(s) dict_keys(['example_complex']) retrieved from /home/airflow/.local/lib/python3.7/site-packages/airflow/example_dags/example_complex.py
[2024-04-25T00:59:35.198+0000] {logging_mixin.py:117} INFO - [2024-04-25T00:59:35.197+0000] {dag.py:2573} INFO - Sync 1 DAGs
[2024-04-25T00:59:35.734+0000] {logging_mixin.py:117} INFO - [2024-04-25T00:59:35.733+0000] {dag.py:3328} INFO - Setting next_dagrun for example_complex to None, run_after=None
[2024-04-25T00:59:35.785+0000] {processor.py:178} INFO - Processing /home/airflow/.local/lib/python3.7/site-packages/airflow/example_dags/example_complex.py took 0.896 seconds
[2024-04-25T01:00:06.250+0000] {processor.py:156} INFO - Started process (PID=2575) to work on /home/airflow/.local/lib/python3.7/site-packages/airflow/example_dags/example_complex.py
[2024-04-25T01:00:06.251+0000] {processor.py:758} INFO - Processing file /home/airflow/.local/lib/python3.7/site-packages/airflow/example_dags/example_complex.py for tasks to queue
[2024-04-25T01:00:06.252+0000] {logging_mixin.py:117} INFO - [2024-04-25T01:00:06.252+0000] {dagbag.py:525} INFO - Filling up the DagBag from /home/airflow/.local/lib/python3.7/site-packages/airflow/example_dags/example_complex.py
[2024-04-25T01:00:06.278+0000] {processor.py:768} INFO - DAG(s) dict_keys(['example_complex']) retrieved from /home/airflow/.local/lib/python3.7/site-packages/airflow/example_dags/example_complex.py
[2024-04-25T01:00:06.531+0000] {logging_mixin.py:117} INFO - [2024-04-25T01:00:06.531+0000] {dag.py:2573} INFO - Sync 1 DAGs
[2024-04-25T01:00:06.560+0000] {logging_mixin.py:117} INFO - [2024-04-25T01:00:06.560+0000] {dag.py:3328} INFO - Setting next_dagrun for example_complex to None, run_after=None
[2024-04-25T01:00:06.584+0000] {processor.py:178} INFO - Processing /home/airflow/.local/lib/python3.7/site-packages/airflow/example_dags/example_complex.py took 0.339 seconds
[2024-04-25T01:00:37.361+0000] {processor.py:156} INFO - Started process (PID=2794) to work on /home/airflow/.local/lib/python3.7/site-packages/airflow/example_dags/example_complex.py
[2024-04-25T01:00:37.362+0000] {processor.py:758} INFO - Processing file /home/airflow/.local/lib/python3.7/site-packages/airflow/example_dags/example_complex.py for tasks to queue
[2024-04-25T01:00:37.363+0000] {logging_mixin.py:117} INFO - [2024-04-25T01:00:37.363+0000] {dagbag.py:525} INFO - Filling up the DagBag from /home/airflow/.local/lib/python3.7/site-packages/airflow/example_dags/example_complex.py
[2024-04-25T01:00:37.390+0000] {processor.py:768} INFO - DAG(s) dict_keys(['example_complex']) retrieved from /home/airflow/.local/lib/python3.7/site-packages/airflow/example_dags/example_complex.py
[2024-04-25T01:00:37.621+0000] {logging_mixin.py:117} INFO - [2024-04-25T01:00:37.621+0000] {dag.py:2573} INFO - Sync 1 DAGs
[2024-04-25T01:00:37.647+0000] {logging_mixin.py:117} INFO - [2024-04-25T01:00:37.647+0000] {dag.py:3328} INFO - Setting next_dagrun for example_complex to None, run_after=None
[2024-04-25T01:00:37.670+0000] {processor.py:178} INFO - Processing /home/airflow/.local/lib/python3.7/site-packages/airflow/example_dags/example_complex.py took 0.312 seconds
[2024-04-25T01:01:08.056+0000] {processor.py:156} INFO - Started process (PID=3002) to work on /home/airflow/.local/lib/python3.7/site-packages/airflow/example_dags/example_complex.py
[2024-04-25T01:01:08.057+0000] {processor.py:758} INFO - Processing file /home/airflow/.local/lib/python3.7/site-packages/airflow/example_dags/example_complex.py for tasks to queue
[2024-04-25T01:01:08.057+0000] {logging_mixin.py:117} INFO - [2024-04-25T01:01:08.057+0000] {dagbag.py:525} INFO - Filling up the DagBag from /home/airflow/.local/lib/python3.7/site-packages/airflow/example_dags/example_complex.py
[2024-04-25T01:01:08.206+0000] {processor.py:768} INFO - DAG(s) dict_keys(['example_complex']) retrieved from /home/airflow/.local/lib/python3.7/site-packages/airflow/example_dags/example_complex.py
[2024-04-25T01:01:08.239+0000] {logging_mixin.py:117} INFO - [2024-04-25T01:01:08.238+0000] {dag.py:2573} INFO - Sync 1 DAGs
[2024-04-25T01:01:08.257+0000] {logging_mixin.py:117} INFO - [2024-04-25T01:01:08.257+0000] {dag.py:3328} INFO - Setting next_dagrun for example_complex to None, run_after=None
[2024-04-25T01:01:08.285+0000] {processor.py:178} INFO - Processing /home/airflow/.local/lib/python3.7/site-packages/airflow/example_dags/example_complex.py took 0.231 seconds
[2024-04-25T01:01:38.834+0000] {processor.py:156} INFO - Started process (PID=3218) to work on /home/airflow/.local/lib/python3.7/site-packages/airflow/example_dags/example_complex.py
[2024-04-25T01:01:38.836+0000] {processor.py:758} INFO - Processing file /home/airflow/.local/lib/python3.7/site-packages/airflow/example_dags/example_complex.py for tasks to queue
[2024-04-25T01:01:38.837+0000] {logging_mixin.py:117} INFO - [2024-04-25T01:01:38.836+0000] {dagbag.py:525} INFO - Filling up the DagBag from /home/airflow/.local/lib/python3.7/site-packages/airflow/example_dags/example_complex.py
[2024-04-25T01:01:38.877+0000] {processor.py:768} INFO - DAG(s) dict_keys(['example_complex']) retrieved from /home/airflow/.local/lib/python3.7/site-packages/airflow/example_dags/example_complex.py
[2024-04-25T01:01:38.963+0000] {logging_mixin.py:117} INFO - [2024-04-25T01:01:38.963+0000] {dag.py:2573} INFO - Sync 1 DAGs
[2024-04-25T01:01:39.173+0000] {logging_mixin.py:117} INFO - [2024-04-25T01:01:39.173+0000] {dag.py:3328} INFO - Setting next_dagrun for example_complex to None, run_after=None
[2024-04-25T01:01:39.202+0000] {processor.py:178} INFO - Processing /home/airflow/.local/lib/python3.7/site-packages/airflow/example_dags/example_complex.py took 0.371 seconds
[2024-04-25T01:02:09.835+0000] {processor.py:156} INFO - Started process (PID=3438) to work on /home/airflow/.local/lib/python3.7/site-packages/airflow/example_dags/example_complex.py
[2024-04-25T01:02:09.836+0000] {processor.py:758} INFO - Processing file /home/airflow/.local/lib/python3.7/site-packages/airflow/example_dags/example_complex.py for tasks to queue
[2024-04-25T01:02:09.837+0000] {logging_mixin.py:117} INFO - [2024-04-25T01:02:09.837+0000] {dagbag.py:525} INFO - Filling up the DagBag from /home/airflow/.local/lib/python3.7/site-packages/airflow/example_dags/example_complex.py
[2024-04-25T01:02:09.876+0000] {processor.py:768} INFO - DAG(s) dict_keys(['example_complex']) retrieved from /home/airflow/.local/lib/python3.7/site-packages/airflow/example_dags/example_complex.py
[2024-04-25T01:02:10.306+0000] {logging_mixin.py:117} INFO - [2024-04-25T01:02:10.305+0000] {dag.py:2573} INFO - Sync 1 DAGs
[2024-04-25T01:02:10.372+0000] {logging_mixin.py:117} INFO - [2024-04-25T01:02:10.372+0000] {dag.py:3328} INFO - Setting next_dagrun for example_complex to None, run_after=None
[2024-04-25T01:02:10.416+0000] {processor.py:178} INFO - Processing /home/airflow/.local/lib/python3.7/site-packages/airflow/example_dags/example_complex.py took 0.585 seconds
[2024-04-25T01:02:40.539+0000] {processor.py:156} INFO - Started process (PID=3646) to work on /home/airflow/.local/lib/python3.7/site-packages/airflow/example_dags/example_complex.py
[2024-04-25T01:02:40.540+0000] {processor.py:758} INFO - Processing file /home/airflow/.local/lib/python3.7/site-packages/airflow/example_dags/example_complex.py for tasks to queue
[2024-04-25T01:02:40.544+0000] {logging_mixin.py:117} INFO - [2024-04-25T01:02:40.544+0000] {dagbag.py:525} INFO - Filling up the DagBag from /home/airflow/.local/lib/python3.7/site-packages/airflow/example_dags/example_complex.py
[2024-04-25T01:02:40.594+0000] {processor.py:768} INFO - DAG(s) dict_keys(['example_complex']) retrieved from /home/airflow/.local/lib/python3.7/site-packages/airflow/example_dags/example_complex.py
[2024-04-25T01:02:41.000+0000] {logging_mixin.py:117} INFO - [2024-04-25T01:02:41.000+0000] {dag.py:2573} INFO - Sync 1 DAGs
[2024-04-25T01:02:41.058+0000] {logging_mixin.py:117} INFO - [2024-04-25T01:02:41.057+0000] {dag.py:3328} INFO - Setting next_dagrun for example_complex to None, run_after=None
[2024-04-25T01:02:41.110+0000] {processor.py:178} INFO - Processing /home/airflow/.local/lib/python3.7/site-packages/airflow/example_dags/example_complex.py took 0.574 seconds
[2024-04-25T01:03:11.276+0000] {processor.py:156} INFO - Started process (PID=3865) to work on /home/airflow/.local/lib/python3.7/site-packages/airflow/example_dags/example_complex.py
[2024-04-25T01:03:11.277+0000] {processor.py:758} INFO - Processing file /home/airflow/.local/lib/python3.7/site-packages/airflow/example_dags/example_complex.py for tasks to queue
[2024-04-25T01:03:11.278+0000] {logging_mixin.py:117} INFO - [2024-04-25T01:03:11.278+0000] {dagbag.py:525} INFO - Filling up the DagBag from /home/airflow/.local/lib/python3.7/site-packages/airflow/example_dags/example_complex.py
[2024-04-25T01:03:11.473+0000] {processor.py:768} INFO - DAG(s) dict_keys(['example_complex']) retrieved from /home/airflow/.local/lib/python3.7/site-packages/airflow/example_dags/example_complex.py
[2024-04-25T01:03:11.519+0000] {logging_mixin.py:117} INFO - [2024-04-25T01:03:11.519+0000] {dag.py:2573} INFO - Sync 1 DAGs
[2024-04-25T01:03:11.549+0000] {logging_mixin.py:117} INFO - [2024-04-25T01:03:11.549+0000] {dag.py:3328} INFO - Setting next_dagrun for example_complex to None, run_after=None
[2024-04-25T01:03:11.577+0000] {processor.py:178} INFO - Processing /home/airflow/.local/lib/python3.7/site-packages/airflow/example_dags/example_complex.py took 0.305 seconds
[2024-04-25T01:03:42.485+0000] {processor.py:156} INFO - Started process (PID=4080) to work on /home/airflow/.local/lib/python3.7/site-packages/airflow/example_dags/example_complex.py
[2024-04-25T01:03:42.486+0000] {processor.py:758} INFO - Processing file /home/airflow/.local/lib/python3.7/site-packages/airflow/example_dags/example_complex.py for tasks to queue
[2024-04-25T01:03:42.486+0000] {logging_mixin.py:117} INFO - [2024-04-25T01:03:42.486+0000] {dagbag.py:525} INFO - Filling up the DagBag from /home/airflow/.local/lib/python3.7/site-packages/airflow/example_dags/example_complex.py
[2024-04-25T01:03:42.512+0000] {processor.py:768} INFO - DAG(s) dict_keys(['example_complex']) retrieved from /home/airflow/.local/lib/python3.7/site-packages/airflow/example_dags/example_complex.py
[2024-04-25T01:03:42.573+0000] {logging_mixin.py:117} INFO - [2024-04-25T01:03:42.573+0000] {dag.py:2573} INFO - Sync 1 DAGs
[2024-04-25T01:03:42.604+0000] {logging_mixin.py:117} INFO - [2024-04-25T01:03:42.604+0000] {dag.py:3328} INFO - Setting next_dagrun for example_complex to None, run_after=None
[2024-04-25T01:03:42.629+0000] {processor.py:178} INFO - Processing /home/airflow/.local/lib/python3.7/site-packages/airflow/example_dags/example_complex.py took 0.147 seconds
[2024-04-25T01:04:13.336+0000] {processor.py:156} INFO - Started process (PID=4288) to work on /home/airflow/.local/lib/python3.7/site-packages/airflow/example_dags/example_complex.py
[2024-04-25T01:04:13.337+0000] {processor.py:758} INFO - Processing file /home/airflow/.local/lib/python3.7/site-packages/airflow/example_dags/example_complex.py for tasks to queue
[2024-04-25T01:04:13.339+0000] {logging_mixin.py:117} INFO - [2024-04-25T01:04:13.338+0000] {dagbag.py:525} INFO - Filling up the DagBag from /home/airflow/.local/lib/python3.7/site-packages/airflow/example_dags/example_complex.py
[2024-04-25T01:04:13.365+0000] {processor.py:768} INFO - DAG(s) dict_keys(['example_complex']) retrieved from /home/airflow/.local/lib/python3.7/site-packages/airflow/example_dags/example_complex.py
[2024-04-25T01:04:13.448+0000] {logging_mixin.py:117} INFO - [2024-04-25T01:04:13.448+0000] {dag.py:2573} INFO - Sync 1 DAGs
[2024-04-25T01:04:13.481+0000] {logging_mixin.py:117} INFO - [2024-04-25T01:04:13.481+0000] {dag.py:3328} INFO - Setting next_dagrun for example_complex to None, run_after=None
[2024-04-25T01:04:13.508+0000] {processor.py:178} INFO - Processing /home/airflow/.local/lib/python3.7/site-packages/airflow/example_dags/example_complex.py took 0.175 seconds
[2024-04-25T01:04:43.881+0000] {processor.py:156} INFO - Started process (PID=4507) to work on /home/airflow/.local/lib/python3.7/site-packages/airflow/example_dags/example_complex.py
[2024-04-25T01:04:43.882+0000] {processor.py:758} INFO - Processing file /home/airflow/.local/lib/python3.7/site-packages/airflow/example_dags/example_complex.py for tasks to queue
[2024-04-25T01:04:43.883+0000] {logging_mixin.py:117} INFO - [2024-04-25T01:04:43.883+0000] {dagbag.py:525} INFO - Filling up the DagBag from /home/airflow/.local/lib/python3.7/site-packages/airflow/example_dags/example_complex.py
[2024-04-25T01:04:43.908+0000] {processor.py:768} INFO - DAG(s) dict_keys(['example_complex']) retrieved from /home/airflow/.local/lib/python3.7/site-packages/airflow/example_dags/example_complex.py
[2024-04-25T01:04:43.965+0000] {logging_mixin.py:117} INFO - [2024-04-25T01:04:43.965+0000] {dag.py:2573} INFO - Sync 1 DAGs
[2024-04-25T01:04:44.010+0000] {logging_mixin.py:117} INFO - [2024-04-25T01:04:44.009+0000] {dag.py:3328} INFO - Setting next_dagrun for example_complex to None, run_after=None
[2024-04-25T01:04:44.051+0000] {processor.py:178} INFO - Processing /home/airflow/.local/lib/python3.7/site-packages/airflow/example_dags/example_complex.py took 0.173 seconds
[2024-04-25T01:05:14.521+0000] {processor.py:156} INFO - Started process (PID=4725) to work on /home/airflow/.local/lib/python3.7/site-packages/airflow/example_dags/example_complex.py
[2024-04-25T01:05:14.523+0000] {processor.py:758} INFO - Processing file /home/airflow/.local/lib/python3.7/site-packages/airflow/example_dags/example_complex.py for tasks to queue
[2024-04-25T01:05:14.524+0000] {logging_mixin.py:117} INFO - [2024-04-25T01:05:14.524+0000] {dagbag.py:525} INFO - Filling up the DagBag from /home/airflow/.local/lib/python3.7/site-packages/airflow/example_dags/example_complex.py
[2024-04-25T01:05:14.572+0000] {processor.py:768} INFO - DAG(s) dict_keys(['example_complex']) retrieved from /home/airflow/.local/lib/python3.7/site-packages/airflow/example_dags/example_complex.py
[2024-04-25T01:05:14.682+0000] {logging_mixin.py:117} INFO - [2024-04-25T01:05:14.681+0000] {dag.py:2573} INFO - Sync 1 DAGs
[2024-04-25T01:05:14.745+0000] {logging_mixin.py:117} INFO - [2024-04-25T01:05:14.741+0000] {dag.py:3328} INFO - Setting next_dagrun for example_complex to None, run_after=None
[2024-04-25T01:05:14.778+0000] {processor.py:178} INFO - Processing /home/airflow/.local/lib/python3.7/site-packages/airflow/example_dags/example_complex.py took 0.272 seconds
[2024-04-25T01:05:45.810+0000] {processor.py:156} INFO - Started process (PID=4934) to work on /home/airflow/.local/lib/python3.7/site-packages/airflow/example_dags/example_complex.py
[2024-04-25T01:05:45.811+0000] {processor.py:758} INFO - Processing file /home/airflow/.local/lib/python3.7/site-packages/airflow/example_dags/example_complex.py for tasks to queue
[2024-04-25T01:05:45.812+0000] {logging_mixin.py:117} INFO - [2024-04-25T01:05:45.812+0000] {dagbag.py:525} INFO - Filling up the DagBag from /home/airflow/.local/lib/python3.7/site-packages/airflow/example_dags/example_complex.py
[2024-04-25T01:05:45.839+0000] {processor.py:768} INFO - DAG(s) dict_keys(['example_complex']) retrieved from /home/airflow/.local/lib/python3.7/site-packages/airflow/example_dags/example_complex.py
[2024-04-25T01:05:45.896+0000] {logging_mixin.py:117} INFO - [2024-04-25T01:05:45.895+0000] {dag.py:2573} INFO - Sync 1 DAGs
[2024-04-25T01:05:45.936+0000] {logging_mixin.py:117} INFO - [2024-04-25T01:05:45.936+0000] {dag.py:3328} INFO - Setting next_dagrun for example_complex to None, run_after=None
[2024-04-25T01:05:45.965+0000] {processor.py:178} INFO - Processing /home/airflow/.local/lib/python3.7/site-packages/airflow/example_dags/example_complex.py took 0.158 seconds
[2024-04-25T01:06:16.693+0000] {processor.py:156} INFO - Started process (PID=5153) to work on /home/airflow/.local/lib/python3.7/site-packages/airflow/example_dags/example_complex.py
[2024-04-25T01:06:16.694+0000] {processor.py:758} INFO - Processing file /home/airflow/.local/lib/python3.7/site-packages/airflow/example_dags/example_complex.py for tasks to queue
[2024-04-25T01:06:16.694+0000] {logging_mixin.py:117} INFO - [2024-04-25T01:06:16.694+0000] {dagbag.py:525} INFO - Filling up the DagBag from /home/airflow/.local/lib/python3.7/site-packages/airflow/example_dags/example_complex.py
[2024-04-25T01:06:16.712+0000] {processor.py:768} INFO - DAG(s) dict_keys(['example_complex']) retrieved from /home/airflow/.local/lib/python3.7/site-packages/airflow/example_dags/example_complex.py
[2024-04-25T01:06:16.749+0000] {logging_mixin.py:117} INFO - [2024-04-25T01:06:16.749+0000] {dag.py:2573} INFO - Sync 1 DAGs
[2024-04-25T01:06:16.769+0000] {logging_mixin.py:117} INFO - [2024-04-25T01:06:16.769+0000] {dag.py:3328} INFO - Setting next_dagrun for example_complex to None, run_after=None
[2024-04-25T01:06:16.791+0000] {processor.py:178} INFO - Processing /home/airflow/.local/lib/python3.7/site-packages/airflow/example_dags/example_complex.py took 0.100 seconds
[2024-04-25T01:06:47.593+0000] {processor.py:156} INFO - Started process (PID=5368) to work on /home/airflow/.local/lib/python3.7/site-packages/airflow/example_dags/example_complex.py
[2024-04-25T01:06:47.594+0000] {processor.py:758} INFO - Processing file /home/airflow/.local/lib/python3.7/site-packages/airflow/example_dags/example_complex.py for tasks to queue
[2024-04-25T01:06:47.595+0000] {logging_mixin.py:117} INFO - [2024-04-25T01:06:47.594+0000] {dagbag.py:525} INFO - Filling up the DagBag from /home/airflow/.local/lib/python3.7/site-packages/airflow/example_dags/example_complex.py
[2024-04-25T01:06:47.623+0000] {processor.py:768} INFO - DAG(s) dict_keys(['example_complex']) retrieved from /home/airflow/.local/lib/python3.7/site-packages/airflow/example_dags/example_complex.py
[2024-04-25T01:06:47.680+0000] {logging_mixin.py:117} INFO - [2024-04-25T01:06:47.680+0000] {dag.py:2573} INFO - Sync 1 DAGs
[2024-04-25T01:06:47.711+0000] {logging_mixin.py:117} INFO - [2024-04-25T01:06:47.711+0000] {dag.py:3328} INFO - Setting next_dagrun for example_complex to None, run_after=None
[2024-04-25T01:06:47.739+0000] {processor.py:178} INFO - Processing /home/airflow/.local/lib/python3.7/site-packages/airflow/example_dags/example_complex.py took 0.149 seconds
[2024-04-25T01:07:18.271+0000] {processor.py:156} INFO - Started process (PID=5579) to work on /home/airflow/.local/lib/python3.7/site-packages/airflow/example_dags/example_complex.py
[2024-04-25T01:07:18.271+0000] {processor.py:758} INFO - Processing file /home/airflow/.local/lib/python3.7/site-packages/airflow/example_dags/example_complex.py for tasks to queue
[2024-04-25T01:07:18.272+0000] {logging_mixin.py:117} INFO - [2024-04-25T01:07:18.272+0000] {dagbag.py:525} INFO - Filling up the DagBag from /home/airflow/.local/lib/python3.7/site-packages/airflow/example_dags/example_complex.py
[2024-04-25T01:07:18.301+0000] {processor.py:768} INFO - DAG(s) dict_keys(['example_complex']) retrieved from /home/airflow/.local/lib/python3.7/site-packages/airflow/example_dags/example_complex.py
[2024-04-25T01:07:18.357+0000] {logging_mixin.py:117} INFO - [2024-04-25T01:07:18.357+0000] {dag.py:2573} INFO - Sync 1 DAGs
[2024-04-25T01:07:18.391+0000] {logging_mixin.py:117} INFO - [2024-04-25T01:07:18.391+0000] {dag.py:3328} INFO - Setting next_dagrun for example_complex to None, run_after=None
[2024-04-25T01:07:18.418+0000] {processor.py:178} INFO - Processing /home/airflow/.local/lib/python3.7/site-packages/airflow/example_dags/example_complex.py took 0.151 seconds
[2024-04-25T01:07:49.303+0000] {processor.py:156} INFO - Started process (PID=5799) to work on /home/airflow/.local/lib/python3.7/site-packages/airflow/example_dags/example_complex.py
[2024-04-25T01:07:49.304+0000] {processor.py:758} INFO - Processing file /home/airflow/.local/lib/python3.7/site-packages/airflow/example_dags/example_complex.py for tasks to queue
[2024-04-25T01:07:49.304+0000] {logging_mixin.py:117} INFO - [2024-04-25T01:07:49.304+0000] {dagbag.py:525} INFO - Filling up the DagBag from /home/airflow/.local/lib/python3.7/site-packages/airflow/example_dags/example_complex.py
[2024-04-25T01:07:49.368+0000] {processor.py:768} INFO - DAG(s) dict_keys(['example_complex']) retrieved from /home/airflow/.local/lib/python3.7/site-packages/airflow/example_dags/example_complex.py
[2024-04-25T01:07:49.481+0000] {logging_mixin.py:117} INFO - [2024-04-25T01:07:49.481+0000] {dag.py:2573} INFO - Sync 1 DAGs
[2024-04-25T01:07:49.522+0000] {logging_mixin.py:117} INFO - [2024-04-25T01:07:49.522+0000] {dag.py:3328} INFO - Setting next_dagrun for example_complex to None, run_after=None
[2024-04-25T01:07:49.570+0000] {processor.py:178} INFO - Processing /home/airflow/.local/lib/python3.7/site-packages/airflow/example_dags/example_complex.py took 0.277 seconds
[2024-04-25T01:08:19.980+0000] {processor.py:156} INFO - Started process (PID=6019) to work on /home/airflow/.local/lib/python3.7/site-packages/airflow/example_dags/example_complex.py
[2024-04-25T01:08:19.982+0000] {processor.py:758} INFO - Processing file /home/airflow/.local/lib/python3.7/site-packages/airflow/example_dags/example_complex.py for tasks to queue
[2024-04-25T01:08:19.983+0000] {logging_mixin.py:117} INFO - [2024-04-25T01:08:19.983+0000] {dagbag.py:525} INFO - Filling up the DagBag from /home/airflow/.local/lib/python3.7/site-packages/airflow/example_dags/example_complex.py
[2024-04-25T01:08:20.010+0000] {processor.py:768} INFO - DAG(s) dict_keys(['example_complex']) retrieved from /home/airflow/.local/lib/python3.7/site-packages/airflow/example_dags/example_complex.py
[2024-04-25T01:08:20.075+0000] {logging_mixin.py:117} INFO - [2024-04-25T01:08:20.074+0000] {dag.py:2573} INFO - Sync 1 DAGs
[2024-04-25T01:08:20.107+0000] {logging_mixin.py:117} INFO - [2024-04-25T01:08:20.107+0000] {dag.py:3328} INFO - Setting next_dagrun for example_complex to None, run_after=None
[2024-04-25T01:08:20.134+0000] {processor.py:178} INFO - Processing /home/airflow/.local/lib/python3.7/site-packages/airflow/example_dags/example_complex.py took 0.157 seconds
[2024-04-25T01:08:51.405+0000] {processor.py:156} INFO - Started process (PID=6235) to work on /home/airflow/.local/lib/python3.7/site-packages/airflow/example_dags/example_complex.py
[2024-04-25T01:08:51.406+0000] {processor.py:758} INFO - Processing file /home/airflow/.local/lib/python3.7/site-packages/airflow/example_dags/example_complex.py for tasks to queue
[2024-04-25T01:08:51.407+0000] {logging_mixin.py:117} INFO - [2024-04-25T01:08:51.407+0000] {dagbag.py:525} INFO - Filling up the DagBag from /home/airflow/.local/lib/python3.7/site-packages/airflow/example_dags/example_complex.py
[2024-04-25T01:08:51.457+0000] {processor.py:768} INFO - DAG(s) dict_keys(['example_complex']) retrieved from /home/airflow/.local/lib/python3.7/site-packages/airflow/example_dags/example_complex.py
[2024-04-25T01:08:51.554+0000] {logging_mixin.py:117} INFO - [2024-04-25T01:08:51.553+0000] {dag.py:2573} INFO - Sync 1 DAGs
[2024-04-25T01:08:51.616+0000] {logging_mixin.py:117} INFO - [2024-04-25T01:08:51.616+0000] {dag.py:3328} INFO - Setting next_dagrun for example_complex to None, run_after=None
[2024-04-25T01:08:51.671+0000] {processor.py:178} INFO - Processing /home/airflow/.local/lib/python3.7/site-packages/airflow/example_dags/example_complex.py took 0.270 seconds
[2024-04-25T01:09:22.110+0000] {processor.py:156} INFO - Started process (PID=6443) to work on /home/airflow/.local/lib/python3.7/site-packages/airflow/example_dags/example_complex.py
[2024-04-25T01:09:22.110+0000] {processor.py:758} INFO - Processing file /home/airflow/.local/lib/python3.7/site-packages/airflow/example_dags/example_complex.py for tasks to queue
[2024-04-25T01:09:22.111+0000] {logging_mixin.py:117} INFO - [2024-04-25T01:09:22.111+0000] {dagbag.py:525} INFO - Filling up the DagBag from /home/airflow/.local/lib/python3.7/site-packages/airflow/example_dags/example_complex.py
[2024-04-25T01:09:22.140+0000] {processor.py:768} INFO - DAG(s) dict_keys(['example_complex']) retrieved from /home/airflow/.local/lib/python3.7/site-packages/airflow/example_dags/example_complex.py
[2024-04-25T01:09:22.192+0000] {logging_mixin.py:117} INFO - [2024-04-25T01:09:22.192+0000] {dag.py:2573} INFO - Sync 1 DAGs
[2024-04-25T01:09:22.225+0000] {logging_mixin.py:117} INFO - [2024-04-25T01:09:22.225+0000] {dag.py:3328} INFO - Setting next_dagrun for example_complex to None, run_after=None
[2024-04-25T01:09:22.262+0000] {processor.py:178} INFO - Processing /home/airflow/.local/lib/python3.7/site-packages/airflow/example_dags/example_complex.py took 0.156 seconds
[2024-04-25T01:09:52.638+0000] {processor.py:156} INFO - Started process (PID=6662) to work on /home/airflow/.local/lib/python3.7/site-packages/airflow/example_dags/example_complex.py
[2024-04-25T01:09:52.639+0000] {processor.py:758} INFO - Processing file /home/airflow/.local/lib/python3.7/site-packages/airflow/example_dags/example_complex.py for tasks to queue
[2024-04-25T01:09:52.640+0000] {logging_mixin.py:117} INFO - [2024-04-25T01:09:52.639+0000] {dagbag.py:525} INFO - Filling up the DagBag from /home/airflow/.local/lib/python3.7/site-packages/airflow/example_dags/example_complex.py
[2024-04-25T01:09:52.675+0000] {processor.py:768} INFO - DAG(s) dict_keys(['example_complex']) retrieved from /home/airflow/.local/lib/python3.7/site-packages/airflow/example_dags/example_complex.py
[2024-04-25T01:09:52.795+0000] {logging_mixin.py:117} INFO - [2024-04-25T01:09:52.795+0000] {dag.py:2573} INFO - Sync 1 DAGs
[2024-04-25T01:09:52.825+0000] {logging_mixin.py:117} INFO - [2024-04-25T01:09:52.825+0000] {dag.py:3328} INFO - Setting next_dagrun for example_complex to None, run_after=None
[2024-04-25T01:09:52.851+0000] {processor.py:178} INFO - Processing /home/airflow/.local/lib/python3.7/site-packages/airflow/example_dags/example_complex.py took 0.217 seconds
[2024-04-25T01:10:24.515+0000] {processor.py:156} INFO - Started process (PID=6884) to work on /home/airflow/.local/lib/python3.7/site-packages/airflow/example_dags/example_complex.py
[2024-04-25T01:10:24.516+0000] {processor.py:758} INFO - Processing file /home/airflow/.local/lib/python3.7/site-packages/airflow/example_dags/example_complex.py for tasks to queue
[2024-04-25T01:10:24.517+0000] {logging_mixin.py:117} INFO - [2024-04-25T01:10:24.517+0000] {dagbag.py:525} INFO - Filling up the DagBag from /home/airflow/.local/lib/python3.7/site-packages/airflow/example_dags/example_complex.py
[2024-04-25T01:10:24.555+0000] {processor.py:768} INFO - DAG(s) dict_keys(['example_complex']) retrieved from /home/airflow/.local/lib/python3.7/site-packages/airflow/example_dags/example_complex.py
[2024-04-25T01:10:24.674+0000] {logging_mixin.py:117} INFO - [2024-04-25T01:10:24.673+0000] {dag.py:2573} INFO - Sync 1 DAGs
[2024-04-25T01:10:24.722+0000] {logging_mixin.py:117} INFO - [2024-04-25T01:10:24.722+0000] {dag.py:3328} INFO - Setting next_dagrun for example_complex to None, run_after=None
[2024-04-25T01:10:24.765+0000] {processor.py:178} INFO - Processing /home/airflow/.local/lib/python3.7/site-packages/airflow/example_dags/example_complex.py took 0.254 seconds
[2024-04-25T01:10:54.924+0000] {processor.py:156} INFO - Started process (PID=7092) to work on /home/airflow/.local/lib/python3.7/site-packages/airflow/example_dags/example_complex.py
[2024-04-25T01:10:54.925+0000] {processor.py:758} INFO - Processing file /home/airflow/.local/lib/python3.7/site-packages/airflow/example_dags/example_complex.py for tasks to queue
[2024-04-25T01:10:54.926+0000] {logging_mixin.py:117} INFO - [2024-04-25T01:10:54.925+0000] {dagbag.py:525} INFO - Filling up the DagBag from /home/airflow/.local/lib/python3.7/site-packages/airflow/example_dags/example_complex.py
[2024-04-25T01:10:54.954+0000] {processor.py:768} INFO - DAG(s) dict_keys(['example_complex']) retrieved from /home/airflow/.local/lib/python3.7/site-packages/airflow/example_dags/example_complex.py
[2024-04-25T01:10:55.007+0000] {logging_mixin.py:117} INFO - [2024-04-25T01:10:55.006+0000] {dag.py:2573} INFO - Sync 1 DAGs
[2024-04-25T01:10:55.039+0000] {logging_mixin.py:117} INFO - [2024-04-25T01:10:55.038+0000] {dag.py:3328} INFO - Setting next_dagrun for example_complex to None, run_after=None
[2024-04-25T01:10:55.066+0000] {processor.py:178} INFO - Processing /home/airflow/.local/lib/python3.7/site-packages/airflow/example_dags/example_complex.py took 0.146 seconds
[2024-04-25T01:11:25.534+0000] {processor.py:156} INFO - Started process (PID=7314) to work on /home/airflow/.local/lib/python3.7/site-packages/airflow/example_dags/example_complex.py
[2024-04-25T01:11:25.535+0000] {processor.py:758} INFO - Processing file /home/airflow/.local/lib/python3.7/site-packages/airflow/example_dags/example_complex.py for tasks to queue
[2024-04-25T01:11:25.536+0000] {logging_mixin.py:117} INFO - [2024-04-25T01:11:25.536+0000] {dagbag.py:525} INFO - Filling up the DagBag from /home/airflow/.local/lib/python3.7/site-packages/airflow/example_dags/example_complex.py
[2024-04-25T01:11:25.565+0000] {processor.py:768} INFO - DAG(s) dict_keys(['example_complex']) retrieved from /home/airflow/.local/lib/python3.7/site-packages/airflow/example_dags/example_complex.py
[2024-04-25T01:11:25.623+0000] {logging_mixin.py:117} INFO - [2024-04-25T01:11:25.623+0000] {dag.py:2573} INFO - Sync 1 DAGs
[2024-04-25T01:11:25.657+0000] {logging_mixin.py:117} INFO - [2024-04-25T01:11:25.657+0000] {dag.py:3328} INFO - Setting next_dagrun for example_complex to None, run_after=None
[2024-04-25T01:11:25.684+0000] {processor.py:178} INFO - Processing /home/airflow/.local/lib/python3.7/site-packages/airflow/example_dags/example_complex.py took 0.152 seconds
[2024-04-25T01:11:56.295+0000] {processor.py:156} INFO - Started process (PID=7531) to work on /home/airflow/.local/lib/python3.7/site-packages/airflow/example_dags/example_complex.py
[2024-04-25T01:11:56.298+0000] {processor.py:758} INFO - Processing file /home/airflow/.local/lib/python3.7/site-packages/airflow/example_dags/example_complex.py for tasks to queue
[2024-04-25T01:11:56.301+0000] {logging_mixin.py:117} INFO - [2024-04-25T01:11:56.301+0000] {dagbag.py:525} INFO - Filling up the DagBag from /home/airflow/.local/lib/python3.7/site-packages/airflow/example_dags/example_complex.py
[2024-04-25T01:11:56.359+0000] {processor.py:768} INFO - DAG(s) dict_keys(['example_complex']) retrieved from /home/airflow/.local/lib/python3.7/site-packages/airflow/example_dags/example_complex.py
[2024-04-25T01:11:56.470+0000] {logging_mixin.py:117} INFO - [2024-04-25T01:11:56.469+0000] {dag.py:2573} INFO - Sync 1 DAGs
[2024-04-25T01:11:56.519+0000] {logging_mixin.py:117} INFO - [2024-04-25T01:11:56.519+0000] {dag.py:3328} INFO - Setting next_dagrun for example_complex to None, run_after=None
[2024-04-25T01:11:56.552+0000] {processor.py:178} INFO - Processing /home/airflow/.local/lib/python3.7/site-packages/airflow/example_dags/example_complex.py took 0.260 seconds
[2024-04-25T01:12:27.300+0000] {processor.py:156} INFO - Started process (PID=7741) to work on /home/airflow/.local/lib/python3.7/site-packages/airflow/example_dags/example_complex.py
[2024-04-25T01:12:27.301+0000] {processor.py:758} INFO - Processing file /home/airflow/.local/lib/python3.7/site-packages/airflow/example_dags/example_complex.py for tasks to queue
[2024-04-25T01:12:27.302+0000] {logging_mixin.py:117} INFO - [2024-04-25T01:12:27.302+0000] {dagbag.py:525} INFO - Filling up the DagBag from /home/airflow/.local/lib/python3.7/site-packages/airflow/example_dags/example_complex.py
[2024-04-25T01:12:27.330+0000] {processor.py:768} INFO - DAG(s) dict_keys(['example_complex']) retrieved from /home/airflow/.local/lib/python3.7/site-packages/airflow/example_dags/example_complex.py
[2024-04-25T01:12:27.413+0000] {logging_mixin.py:117} INFO - [2024-04-25T01:12:27.413+0000] {dag.py:2573} INFO - Sync 1 DAGs
[2024-04-25T01:12:27.443+0000] {logging_mixin.py:117} INFO - [2024-04-25T01:12:27.443+0000] {dag.py:3328} INFO - Setting next_dagrun for example_complex to None, run_after=None
[2024-04-25T01:12:27.470+0000] {processor.py:178} INFO - Processing /home/airflow/.local/lib/python3.7/site-packages/airflow/example_dags/example_complex.py took 0.173 seconds
[2024-04-25T01:12:57.845+0000] {processor.py:156} INFO - Started process (PID=7958) to work on /home/airflow/.local/lib/python3.7/site-packages/airflow/example_dags/example_complex.py
[2024-04-25T01:12:57.846+0000] {processor.py:758} INFO - Processing file /home/airflow/.local/lib/python3.7/site-packages/airflow/example_dags/example_complex.py for tasks to queue
[2024-04-25T01:12:57.847+0000] {logging_mixin.py:117} INFO - [2024-04-25T01:12:57.847+0000] {dagbag.py:525} INFO - Filling up the DagBag from /home/airflow/.local/lib/python3.7/site-packages/airflow/example_dags/example_complex.py
[2024-04-25T01:12:57.899+0000] {processor.py:768} INFO - DAG(s) dict_keys(['example_complex']) retrieved from /home/airflow/.local/lib/python3.7/site-packages/airflow/example_dags/example_complex.py
[2024-04-25T01:12:57.953+0000] {logging_mixin.py:117} INFO - [2024-04-25T01:12:57.953+0000] {dag.py:2573} INFO - Sync 1 DAGs
[2024-04-25T01:12:57.984+0000] {logging_mixin.py:117} INFO - [2024-04-25T01:12:57.983+0000] {dag.py:3328} INFO - Setting next_dagrun for example_complex to None, run_after=None
[2024-04-25T01:12:58.007+0000] {processor.py:178} INFO - Processing /home/airflow/.local/lib/python3.7/site-packages/airflow/example_dags/example_complex.py took 0.168 seconds
[2024-04-25T01:13:29.168+0000] {processor.py:156} INFO - Started process (PID=8175) to work on /home/airflow/.local/lib/python3.7/site-packages/airflow/example_dags/example_complex.py
[2024-04-25T01:13:29.169+0000] {processor.py:758} INFO - Processing file /home/airflow/.local/lib/python3.7/site-packages/airflow/example_dags/example_complex.py for tasks to queue
[2024-04-25T01:13:29.170+0000] {logging_mixin.py:117} INFO - [2024-04-25T01:13:29.170+0000] {dagbag.py:525} INFO - Filling up the DagBag from /home/airflow/.local/lib/python3.7/site-packages/airflow/example_dags/example_complex.py
[2024-04-25T01:13:29.197+0000] {processor.py:768} INFO - DAG(s) dict_keys(['example_complex']) retrieved from /home/airflow/.local/lib/python3.7/site-packages/airflow/example_dags/example_complex.py
[2024-04-25T01:13:29.256+0000] {logging_mixin.py:117} INFO - [2024-04-25T01:13:29.256+0000] {dag.py:2573} INFO - Sync 1 DAGs
[2024-04-25T01:13:29.289+0000] {logging_mixin.py:117} INFO - [2024-04-25T01:13:29.289+0000] {dag.py:3328} INFO - Setting next_dagrun for example_complex to None, run_after=None
[2024-04-25T01:13:29.316+0000] {processor.py:178} INFO - Processing /home/airflow/.local/lib/python3.7/site-packages/airflow/example_dags/example_complex.py took 0.152 seconds
[2024-04-25T01:14:00.054+0000] {processor.py:156} INFO - Started process (PID=8383) to work on /home/airflow/.local/lib/python3.7/site-packages/airflow/example_dags/example_complex.py
[2024-04-25T01:14:00.055+0000] {processor.py:758} INFO - Processing file /home/airflow/.local/lib/python3.7/site-packages/airflow/example_dags/example_complex.py for tasks to queue
[2024-04-25T01:14:00.056+0000] {logging_mixin.py:117} INFO - [2024-04-25T01:14:00.056+0000] {dagbag.py:525} INFO - Filling up the DagBag from /home/airflow/.local/lib/python3.7/site-packages/airflow/example_dags/example_complex.py
[2024-04-25T01:14:00.082+0000] {processor.py:768} INFO - DAG(s) dict_keys(['example_complex']) retrieved from /home/airflow/.local/lib/python3.7/site-packages/airflow/example_dags/example_complex.py
[2024-04-25T01:14:00.138+0000] {logging_mixin.py:117} INFO - [2024-04-25T01:14:00.138+0000] {dag.py:2573} INFO - Sync 1 DAGs
[2024-04-25T01:14:00.175+0000] {logging_mixin.py:117} INFO - [2024-04-25T01:14:00.175+0000] {dag.py:3328} INFO - Setting next_dagrun for example_complex to None, run_after=None
[2024-04-25T01:14:00.204+0000] {processor.py:178} INFO - Processing /home/airflow/.local/lib/python3.7/site-packages/airflow/example_dags/example_complex.py took 0.153 seconds
[2024-04-25T01:14:31.341+0000] {processor.py:156} INFO - Started process (PID=8601) to work on /home/airflow/.local/lib/python3.7/site-packages/airflow/example_dags/example_complex.py
[2024-04-25T01:14:31.341+0000] {processor.py:758} INFO - Processing file /home/airflow/.local/lib/python3.7/site-packages/airflow/example_dags/example_complex.py for tasks to queue
[2024-04-25T01:14:31.342+0000] {logging_mixin.py:117} INFO - [2024-04-25T01:14:31.342+0000] {dagbag.py:525} INFO - Filling up the DagBag from /home/airflow/.local/lib/python3.7/site-packages/airflow/example_dags/example_complex.py
[2024-04-25T01:14:31.361+0000] {processor.py:768} INFO - DAG(s) dict_keys(['example_complex']) retrieved from /home/airflow/.local/lib/python3.7/site-packages/airflow/example_dags/example_complex.py
[2024-04-25T01:14:31.398+0000] {logging_mixin.py:117} INFO - [2024-04-25T01:14:31.398+0000] {dag.py:2573} INFO - Sync 1 DAGs
[2024-04-25T01:14:31.418+0000] {logging_mixin.py:117} INFO - [2024-04-25T01:14:31.418+0000] {dag.py:3328} INFO - Setting next_dagrun for example_complex to None, run_after=None
[2024-04-25T01:14:31.440+0000] {processor.py:178} INFO - Processing /home/airflow/.local/lib/python3.7/site-packages/airflow/example_dags/example_complex.py took 0.101 seconds
[2024-04-25T01:15:02.094+0000] {processor.py:156} INFO - Started process (PID=8817) to work on /home/airflow/.local/lib/python3.7/site-packages/airflow/example_dags/example_complex.py
[2024-04-25T01:15:02.100+0000] {processor.py:758} INFO - Processing file /home/airflow/.local/lib/python3.7/site-packages/airflow/example_dags/example_complex.py for tasks to queue
[2024-04-25T01:15:02.103+0000] {logging_mixin.py:117} INFO - [2024-04-25T01:15:02.103+0000] {dagbag.py:525} INFO - Filling up the DagBag from /home/airflow/.local/lib/python3.7/site-packages/airflow/example_dags/example_complex.py
[2024-04-25T01:15:02.134+0000] {processor.py:768} INFO - DAG(s) dict_keys(['example_complex']) retrieved from /home/airflow/.local/lib/python3.7/site-packages/airflow/example_dags/example_complex.py
[2024-04-25T01:15:02.190+0000] {logging_mixin.py:117} INFO - [2024-04-25T01:15:02.190+0000] {dag.py:2573} INFO - Sync 1 DAGs
[2024-04-25T01:15:02.225+0000] {logging_mixin.py:117} INFO - [2024-04-25T01:15:02.225+0000] {dag.py:3328} INFO - Setting next_dagrun for example_complex to None, run_after=None
[2024-04-25T01:15:02.253+0000] {processor.py:178} INFO - Processing /home/airflow/.local/lib/python3.7/site-packages/airflow/example_dags/example_complex.py took 0.162 seconds
[2024-04-25T01:15:33.067+0000] {processor.py:156} INFO - Started process (PID=9027) to work on /home/airflow/.local/lib/python3.7/site-packages/airflow/example_dags/example_complex.py
[2024-04-25T01:15:33.072+0000] {processor.py:758} INFO - Processing file /home/airflow/.local/lib/python3.7/site-packages/airflow/example_dags/example_complex.py for tasks to queue
[2024-04-25T01:15:33.073+0000] {logging_mixin.py:117} INFO - [2024-04-25T01:15:33.073+0000] {dagbag.py:525} INFO - Filling up the DagBag from /home/airflow/.local/lib/python3.7/site-packages/airflow/example_dags/example_complex.py
[2024-04-25T01:15:33.103+0000] {processor.py:768} INFO - DAG(s) dict_keys(['example_complex']) retrieved from /home/airflow/.local/lib/python3.7/site-packages/airflow/example_dags/example_complex.py
[2024-04-25T01:15:33.155+0000] {logging_mixin.py:117} INFO - [2024-04-25T01:15:33.155+0000] {dag.py:2573} INFO - Sync 1 DAGs
[2024-04-25T01:15:33.188+0000] {logging_mixin.py:117} INFO - [2024-04-25T01:15:33.188+0000] {dag.py:3328} INFO - Setting next_dagrun for example_complex to None, run_after=None
[2024-04-25T01:15:33.217+0000] {processor.py:178} INFO - Processing /home/airflow/.local/lib/python3.7/site-packages/airflow/example_dags/example_complex.py took 0.153 seconds
[2024-04-25T01:16:03.887+0000] {processor.py:156} INFO - Started process (PID=9246) to work on /home/airflow/.local/lib/python3.7/site-packages/airflow/example_dags/example_complex.py
[2024-04-25T01:16:03.887+0000] {processor.py:758} INFO - Processing file /home/airflow/.local/lib/python3.7/site-packages/airflow/example_dags/example_complex.py for tasks to queue
[2024-04-25T01:16:03.888+0000] {logging_mixin.py:117} INFO - [2024-04-25T01:16:03.888+0000] {dagbag.py:525} INFO - Filling up the DagBag from /home/airflow/.local/lib/python3.7/site-packages/airflow/example_dags/example_complex.py
[2024-04-25T01:16:03.914+0000] {processor.py:768} INFO - DAG(s) dict_keys(['example_complex']) retrieved from /home/airflow/.local/lib/python3.7/site-packages/airflow/example_dags/example_complex.py
[2024-04-25T01:16:03.968+0000] {logging_mixin.py:117} INFO - [2024-04-25T01:16:03.968+0000] {dag.py:2573} INFO - Sync 1 DAGs
[2024-04-25T01:16:03.999+0000] {logging_mixin.py:117} INFO - [2024-04-25T01:16:03.999+0000] {dag.py:3328} INFO - Setting next_dagrun for example_complex to None, run_after=None
[2024-04-25T01:16:04.026+0000] {processor.py:178} INFO - Processing /home/airflow/.local/lib/python3.7/site-packages/airflow/example_dags/example_complex.py took 0.143 seconds
[2024-04-25T01:16:34.357+0000] {processor.py:156} INFO - Started process (PID=9464) to work on /home/airflow/.local/lib/python3.7/site-packages/airflow/example_dags/example_complex.py
[2024-04-25T01:16:34.358+0000] {processor.py:758} INFO - Processing file /home/airflow/.local/lib/python3.7/site-packages/airflow/example_dags/example_complex.py for tasks to queue
[2024-04-25T01:16:34.359+0000] {logging_mixin.py:117} INFO - [2024-04-25T01:16:34.358+0000] {dagbag.py:525} INFO - Filling up the DagBag from /home/airflow/.local/lib/python3.7/site-packages/airflow/example_dags/example_complex.py
[2024-04-25T01:16:34.398+0000] {processor.py:768} INFO - DAG(s) dict_keys(['example_complex']) retrieved from /home/airflow/.local/lib/python3.7/site-packages/airflow/example_dags/example_complex.py
[2024-04-25T01:16:34.463+0000] {logging_mixin.py:117} INFO - [2024-04-25T01:16:34.463+0000] {dag.py:2573} INFO - Sync 1 DAGs
[2024-04-25T01:16:34.512+0000] {logging_mixin.py:117} INFO - [2024-04-25T01:16:34.512+0000] {dag.py:3328} INFO - Setting next_dagrun for example_complex to None, run_after=None
[2024-04-25T01:16:34.540+0000] {processor.py:178} INFO - Processing /home/airflow/.local/lib/python3.7/site-packages/airflow/example_dags/example_complex.py took 0.187 seconds
[2024-04-25T01:17:04.708+0000] {processor.py:156} INFO - Started process (PID=9669) to work on /home/airflow/.local/lib/python3.7/site-packages/airflow/example_dags/example_complex.py
[2024-04-25T01:17:04.709+0000] {processor.py:758} INFO - Processing file /home/airflow/.local/lib/python3.7/site-packages/airflow/example_dags/example_complex.py for tasks to queue
[2024-04-25T01:17:04.710+0000] {logging_mixin.py:117} INFO - [2024-04-25T01:17:04.709+0000] {dagbag.py:525} INFO - Filling up the DagBag from /home/airflow/.local/lib/python3.7/site-packages/airflow/example_dags/example_complex.py
[2024-04-25T01:17:04.740+0000] {processor.py:768} INFO - DAG(s) dict_keys(['example_complex']) retrieved from /home/airflow/.local/lib/python3.7/site-packages/airflow/example_dags/example_complex.py
[2024-04-25T01:17:04.826+0000] {logging_mixin.py:117} INFO - [2024-04-25T01:17:04.826+0000] {dag.py:2573} INFO - Sync 1 DAGs
[2024-04-25T01:17:04.861+0000] {logging_mixin.py:117} INFO - [2024-04-25T01:17:04.861+0000] {dag.py:3328} INFO - Setting next_dagrun for example_complex to None, run_after=None
[2024-04-25T01:17:04.892+0000] {processor.py:178} INFO - Processing /home/airflow/.local/lib/python3.7/site-packages/airflow/example_dags/example_complex.py took 0.188 seconds
[2024-04-25T01:17:36.220+0000] {processor.py:156} INFO - Started process (PID=9892) to work on /home/airflow/.local/lib/python3.7/site-packages/airflow/example_dags/example_complex.py
[2024-04-25T01:17:36.220+0000] {processor.py:758} INFO - Processing file /home/airflow/.local/lib/python3.7/site-packages/airflow/example_dags/example_complex.py for tasks to queue
[2024-04-25T01:17:36.221+0000] {logging_mixin.py:117} INFO - [2024-04-25T01:17:36.221+0000] {dagbag.py:525} INFO - Filling up the DagBag from /home/airflow/.local/lib/python3.7/site-packages/airflow/example_dags/example_complex.py
[2024-04-25T01:17:36.250+0000] {processor.py:768} INFO - DAG(s) dict_keys(['example_complex']) retrieved from /home/airflow/.local/lib/python3.7/site-packages/airflow/example_dags/example_complex.py
[2024-04-25T01:17:36.308+0000] {logging_mixin.py:117} INFO - [2024-04-25T01:17:36.308+0000] {dag.py:2573} INFO - Sync 1 DAGs
[2024-04-25T01:17:36.344+0000] {logging_mixin.py:117} INFO - [2024-04-25T01:17:36.344+0000] {dag.py:3328} INFO - Setting next_dagrun for example_complex to None, run_after=None
[2024-04-25T01:17:36.369+0000] {processor.py:178} INFO - Processing /home/airflow/.local/lib/python3.7/site-packages/airflow/example_dags/example_complex.py took 0.153 seconds
[2024-04-25T01:18:07.094+0000] {processor.py:156} INFO - Started process (PID=10109) to work on /home/airflow/.local/lib/python3.7/site-packages/airflow/example_dags/example_complex.py
[2024-04-25T01:18:07.096+0000] {processor.py:758} INFO - Processing file /home/airflow/.local/lib/python3.7/site-packages/airflow/example_dags/example_complex.py for tasks to queue
[2024-04-25T01:18:07.097+0000] {logging_mixin.py:117} INFO - [2024-04-25T01:18:07.096+0000] {dagbag.py:525} INFO - Filling up the DagBag from /home/airflow/.local/lib/python3.7/site-packages/airflow/example_dags/example_complex.py
[2024-04-25T01:18:07.125+0000] {processor.py:768} INFO - DAG(s) dict_keys(['example_complex']) retrieved from /home/airflow/.local/lib/python3.7/site-packages/airflow/example_dags/example_complex.py
[2024-04-25T01:18:07.186+0000] {logging_mixin.py:117} INFO - [2024-04-25T01:18:07.185+0000] {dag.py:2573} INFO - Sync 1 DAGs
[2024-04-25T01:18:07.218+0000] {logging_mixin.py:117} INFO - [2024-04-25T01:18:07.218+0000] {dag.py:3328} INFO - Setting next_dagrun for example_complex to None, run_after=None
[2024-04-25T01:18:07.244+0000] {processor.py:178} INFO - Processing /home/airflow/.local/lib/python3.7/site-packages/airflow/example_dags/example_complex.py took 0.154 seconds
[2024-04-25T01:18:38.308+0000] {processor.py:156} INFO - Started process (PID=10318) to work on /home/airflow/.local/lib/python3.7/site-packages/airflow/example_dags/example_complex.py
[2024-04-25T01:18:38.309+0000] {processor.py:758} INFO - Processing file /home/airflow/.local/lib/python3.7/site-packages/airflow/example_dags/example_complex.py for tasks to queue
[2024-04-25T01:18:38.310+0000] {logging_mixin.py:117} INFO - [2024-04-25T01:18:38.310+0000] {dagbag.py:525} INFO - Filling up the DagBag from /home/airflow/.local/lib/python3.7/site-packages/airflow/example_dags/example_complex.py
[2024-04-25T01:18:38.342+0000] {processor.py:768} INFO - DAG(s) dict_keys(['example_complex']) retrieved from /home/airflow/.local/lib/python3.7/site-packages/airflow/example_dags/example_complex.py
[2024-04-25T01:18:38.403+0000] {logging_mixin.py:117} INFO - [2024-04-25T01:18:38.403+0000] {dag.py:2573} INFO - Sync 1 DAGs
[2024-04-25T01:18:38.434+0000] {logging_mixin.py:117} INFO - [2024-04-25T01:18:38.434+0000] {dag.py:3328} INFO - Setting next_dagrun for example_complex to None, run_after=None
[2024-04-25T01:18:38.460+0000] {processor.py:178} INFO - Processing /home/airflow/.local/lib/python3.7/site-packages/airflow/example_dags/example_complex.py took 0.155 seconds
[2024-04-25T01:19:09.637+0000] {processor.py:156} INFO - Started process (PID=10535) to work on /home/airflow/.local/lib/python3.7/site-packages/airflow/example_dags/example_complex.py
[2024-04-25T01:19:09.638+0000] {processor.py:758} INFO - Processing file /home/airflow/.local/lib/python3.7/site-packages/airflow/example_dags/example_complex.py for tasks to queue
[2024-04-25T01:19:09.639+0000] {logging_mixin.py:117} INFO - [2024-04-25T01:19:09.639+0000] {dagbag.py:525} INFO - Filling up the DagBag from /home/airflow/.local/lib/python3.7/site-packages/airflow/example_dags/example_complex.py
[2024-04-25T01:19:09.670+0000] {processor.py:768} INFO - DAG(s) dict_keys(['example_complex']) retrieved from /home/airflow/.local/lib/python3.7/site-packages/airflow/example_dags/example_complex.py
[2024-04-25T01:19:09.725+0000] {logging_mixin.py:117} INFO - [2024-04-25T01:19:09.725+0000] {dag.py:2573} INFO - Sync 1 DAGs
[2024-04-25T01:19:09.757+0000] {logging_mixin.py:117} INFO - [2024-04-25T01:19:09.757+0000] {dag.py:3328} INFO - Setting next_dagrun for example_complex to None, run_after=None
[2024-04-25T01:19:09.786+0000] {processor.py:178} INFO - Processing /home/airflow/.local/lib/python3.7/site-packages/airflow/example_dags/example_complex.py took 0.154 seconds
[2024-04-25T01:19:40.252+0000] {processor.py:156} INFO - Started process (PID=10753) to work on /home/airflow/.local/lib/python3.7/site-packages/airflow/example_dags/example_complex.py
[2024-04-25T01:19:40.253+0000] {processor.py:758} INFO - Processing file /home/airflow/.local/lib/python3.7/site-packages/airflow/example_dags/example_complex.py for tasks to queue
[2024-04-25T01:19:40.254+0000] {logging_mixin.py:117} INFO - [2024-04-25T01:19:40.254+0000] {dagbag.py:525} INFO - Filling up the DagBag from /home/airflow/.local/lib/python3.7/site-packages/airflow/example_dags/example_complex.py
[2024-04-25T01:19:40.302+0000] {processor.py:768} INFO - DAG(s) dict_keys(['example_complex']) retrieved from /home/airflow/.local/lib/python3.7/site-packages/airflow/example_dags/example_complex.py
[2024-04-25T01:19:40.400+0000] {logging_mixin.py:117} INFO - [2024-04-25T01:19:40.400+0000] {dag.py:2573} INFO - Sync 1 DAGs
[2024-04-25T01:19:40.461+0000] {logging_mixin.py:117} INFO - [2024-04-25T01:19:40.461+0000] {dag.py:3328} INFO - Setting next_dagrun for example_complex to None, run_after=None
[2024-04-25T01:19:40.504+0000] {processor.py:178} INFO - Processing /home/airflow/.local/lib/python3.7/site-packages/airflow/example_dags/example_complex.py took 0.256 seconds
[2024-04-25T01:20:10.924+0000] {processor.py:156} INFO - Started process (PID=10964) to work on /home/airflow/.local/lib/python3.7/site-packages/airflow/example_dags/example_complex.py
[2024-04-25T01:20:10.925+0000] {processor.py:758} INFO - Processing file /home/airflow/.local/lib/python3.7/site-packages/airflow/example_dags/example_complex.py for tasks to queue
[2024-04-25T01:20:10.926+0000] {logging_mixin.py:117} INFO - [2024-04-25T01:20:10.926+0000] {dagbag.py:525} INFO - Filling up the DagBag from /home/airflow/.local/lib/python3.7/site-packages/airflow/example_dags/example_complex.py
[2024-04-25T01:20:10.962+0000] {processor.py:768} INFO - DAG(s) dict_keys(['example_complex']) retrieved from /home/airflow/.local/lib/python3.7/site-packages/airflow/example_dags/example_complex.py
[2024-04-25T01:20:11.030+0000] {logging_mixin.py:117} INFO - [2024-04-25T01:20:11.030+0000] {dag.py:2573} INFO - Sync 1 DAGs
[2024-04-25T01:20:11.062+0000] {logging_mixin.py:117} INFO - [2024-04-25T01:20:11.062+0000] {dag.py:3328} INFO - Setting next_dagrun for example_complex to None, run_after=None
[2024-04-25T01:20:11.089+0000] {processor.py:178} INFO - Processing /home/airflow/.local/lib/python3.7/site-packages/airflow/example_dags/example_complex.py took 0.168 seconds
[2024-04-25T01:20:41.870+0000] {processor.py:156} INFO - Started process (PID=11180) to work on /home/airflow/.local/lib/python3.7/site-packages/airflow/example_dags/example_complex.py
[2024-04-25T01:20:41.871+0000] {processor.py:758} INFO - Processing file /home/airflow/.local/lib/python3.7/site-packages/airflow/example_dags/example_complex.py for tasks to queue
[2024-04-25T01:20:41.872+0000] {logging_mixin.py:117} INFO - [2024-04-25T01:20:41.872+0000] {dagbag.py:525} INFO - Filling up the DagBag from /home/airflow/.local/lib/python3.7/site-packages/airflow/example_dags/example_complex.py
[2024-04-25T01:20:41.897+0000] {processor.py:768} INFO - DAG(s) dict_keys(['example_complex']) retrieved from /home/airflow/.local/lib/python3.7/site-packages/airflow/example_dags/example_complex.py
[2024-04-25T01:20:41.951+0000] {logging_mixin.py:117} INFO - [2024-04-25T01:20:41.951+0000] {dag.py:2573} INFO - Sync 1 DAGs
[2024-04-25T01:20:41.989+0000] {logging_mixin.py:117} INFO - [2024-04-25T01:20:41.988+0000] {dag.py:3328} INFO - Setting next_dagrun for example_complex to None, run_after=None
[2024-04-25T01:20:42.015+0000] {processor.py:178} INFO - Processing /home/airflow/.local/lib/python3.7/site-packages/airflow/example_dags/example_complex.py took 0.149 seconds
[2024-04-25T01:21:12.506+0000] {processor.py:156} INFO - Started process (PID=11400) to work on /home/airflow/.local/lib/python3.7/site-packages/airflow/example_dags/example_complex.py
[2024-04-25T01:21:12.507+0000] {processor.py:758} INFO - Processing file /home/airflow/.local/lib/python3.7/site-packages/airflow/example_dags/example_complex.py for tasks to queue
[2024-04-25T01:21:12.508+0000] {logging_mixin.py:117} INFO - [2024-04-25T01:21:12.508+0000] {dagbag.py:525} INFO - Filling up the DagBag from /home/airflow/.local/lib/python3.7/site-packages/airflow/example_dags/example_complex.py
[2024-04-25T01:21:12.534+0000] {processor.py:768} INFO - DAG(s) dict_keys(['example_complex']) retrieved from /home/airflow/.local/lib/python3.7/site-packages/airflow/example_dags/example_complex.py
[2024-04-25T01:21:12.592+0000] {logging_mixin.py:117} INFO - [2024-04-25T01:21:12.592+0000] {dag.py:2573} INFO - Sync 1 DAGs
[2024-04-25T01:21:12.625+0000] {logging_mixin.py:117} INFO - [2024-04-25T01:21:12.625+0000] {dag.py:3328} INFO - Setting next_dagrun for example_complex to None, run_after=None
[2024-04-25T01:21:12.658+0000] {processor.py:178} INFO - Processing /home/airflow/.local/lib/python3.7/site-packages/airflow/example_dags/example_complex.py took 0.156 seconds
[2024-04-25T01:21:43.205+0000] {processor.py:156} INFO - Started process (PID=11611) to work on /home/airflow/.local/lib/python3.7/site-packages/airflow/example_dags/example_complex.py
[2024-04-25T01:21:43.206+0000] {processor.py:758} INFO - Processing file /home/airflow/.local/lib/python3.7/site-packages/airflow/example_dags/example_complex.py for tasks to queue
[2024-04-25T01:21:43.207+0000] {logging_mixin.py:117} INFO - [2024-04-25T01:21:43.207+0000] {dagbag.py:525} INFO - Filling up the DagBag from /home/airflow/.local/lib/python3.7/site-packages/airflow/example_dags/example_complex.py
[2024-04-25T01:21:43.234+0000] {processor.py:768} INFO - DAG(s) dict_keys(['example_complex']) retrieved from /home/airflow/.local/lib/python3.7/site-packages/airflow/example_dags/example_complex.py
[2024-04-25T01:21:43.291+0000] {logging_mixin.py:117} INFO - [2024-04-25T01:21:43.291+0000] {dag.py:2573} INFO - Sync 1 DAGs
[2024-04-25T01:21:43.323+0000] {logging_mixin.py:117} INFO - [2024-04-25T01:21:43.323+0000] {dag.py:3328} INFO - Setting next_dagrun for example_complex to None, run_after=None
[2024-04-25T01:21:43.348+0000] {processor.py:178} INFO - Processing /home/airflow/.local/lib/python3.7/site-packages/airflow/example_dags/example_complex.py took 0.148 seconds
[2024-04-25T01:22:14.773+0000] {processor.py:156} INFO - Started process (PID=11829) to work on /home/airflow/.local/lib/python3.7/site-packages/airflow/example_dags/example_complex.py
[2024-04-25T01:22:14.774+0000] {processor.py:758} INFO - Processing file /home/airflow/.local/lib/python3.7/site-packages/airflow/example_dags/example_complex.py for tasks to queue
[2024-04-25T01:22:14.775+0000] {logging_mixin.py:117} INFO - [2024-04-25T01:22:14.775+0000] {dagbag.py:525} INFO - Filling up the DagBag from /home/airflow/.local/lib/python3.7/site-packages/airflow/example_dags/example_complex.py
[2024-04-25T01:22:14.801+0000] {processor.py:768} INFO - DAG(s) dict_keys(['example_complex']) retrieved from /home/airflow/.local/lib/python3.7/site-packages/airflow/example_dags/example_complex.py
[2024-04-25T01:22:14.858+0000] {logging_mixin.py:117} INFO - [2024-04-25T01:22:14.858+0000] {dag.py:2573} INFO - Sync 1 DAGs
[2024-04-25T01:22:14.887+0000] {logging_mixin.py:117} INFO - [2024-04-25T01:22:14.887+0000] {dag.py:3328} INFO - Setting next_dagrun for example_complex to None, run_after=None
[2024-04-25T01:22:14.914+0000] {processor.py:178} INFO - Processing /home/airflow/.local/lib/python3.7/site-packages/airflow/example_dags/example_complex.py took 0.147 seconds
[2024-04-25T01:22:45.722+0000] {processor.py:156} INFO - Started process (PID=12046) to work on /home/airflow/.local/lib/python3.7/site-packages/airflow/example_dags/example_complex.py
[2024-04-25T01:22:45.722+0000] {processor.py:758} INFO - Processing file /home/airflow/.local/lib/python3.7/site-packages/airflow/example_dags/example_complex.py for tasks to queue
[2024-04-25T01:22:45.723+0000] {logging_mixin.py:117} INFO - [2024-04-25T01:22:45.723+0000] {dagbag.py:525} INFO - Filling up the DagBag from /home/airflow/.local/lib/python3.7/site-packages/airflow/example_dags/example_complex.py
[2024-04-25T01:22:45.741+0000] {processor.py:768} INFO - DAG(s) dict_keys(['example_complex']) retrieved from /home/airflow/.local/lib/python3.7/site-packages/airflow/example_dags/example_complex.py
[2024-04-25T01:22:45.779+0000] {logging_mixin.py:117} INFO - [2024-04-25T01:22:45.779+0000] {dag.py:2573} INFO - Sync 1 DAGs
[2024-04-25T01:22:45.798+0000] {logging_mixin.py:117} INFO - [2024-04-25T01:22:45.798+0000] {dag.py:3328} INFO - Setting next_dagrun for example_complex to None, run_after=None
[2024-04-25T01:22:45.818+0000] {processor.py:178} INFO - Processing /home/airflow/.local/lib/python3.7/site-packages/airflow/example_dags/example_complex.py took 0.099 seconds
[2024-04-25T01:23:16.415+0000] {processor.py:156} INFO - Started process (PID=12262) to work on /home/airflow/.local/lib/python3.7/site-packages/airflow/example_dags/example_complex.py
[2024-04-25T01:23:16.416+0000] {processor.py:758} INFO - Processing file /home/airflow/.local/lib/python3.7/site-packages/airflow/example_dags/example_complex.py for tasks to queue
[2024-04-25T01:23:16.418+0000] {logging_mixin.py:117} INFO - [2024-04-25T01:23:16.418+0000] {dagbag.py:525} INFO - Filling up the DagBag from /home/airflow/.local/lib/python3.7/site-packages/airflow/example_dags/example_complex.py
[2024-04-25T01:23:16.453+0000] {processor.py:768} INFO - DAG(s) dict_keys(['example_complex']) retrieved from /home/airflow/.local/lib/python3.7/site-packages/airflow/example_dags/example_complex.py
[2024-04-25T01:23:16.532+0000] {logging_mixin.py:117} INFO - [2024-04-25T01:23:16.532+0000] {dag.py:2573} INFO - Sync 1 DAGs
[2024-04-25T01:23:16.568+0000] {logging_mixin.py:117} INFO - [2024-04-25T01:23:16.568+0000] {dag.py:3328} INFO - Setting next_dagrun for example_complex to None, run_after=None
[2024-04-25T01:23:16.646+0000] {processor.py:178} INFO - Processing /home/airflow/.local/lib/python3.7/site-packages/airflow/example_dags/example_complex.py took 0.235 seconds
[2024-04-25T01:23:47.279+0000] {processor.py:156} INFO - Started process (PID=12471) to work on /home/airflow/.local/lib/python3.7/site-packages/airflow/example_dags/example_complex.py
[2024-04-25T01:23:47.280+0000] {processor.py:758} INFO - Processing file /home/airflow/.local/lib/python3.7/site-packages/airflow/example_dags/example_complex.py for tasks to queue
[2024-04-25T01:23:47.282+0000] {logging_mixin.py:117} INFO - [2024-04-25T01:23:47.282+0000] {dagbag.py:525} INFO - Filling up the DagBag from /home/airflow/.local/lib/python3.7/site-packages/airflow/example_dags/example_complex.py
[2024-04-25T01:23:47.308+0000] {processor.py:768} INFO - DAG(s) dict_keys(['example_complex']) retrieved from /home/airflow/.local/lib/python3.7/site-packages/airflow/example_dags/example_complex.py
[2024-04-25T01:23:47.364+0000] {logging_mixin.py:117} INFO - [2024-04-25T01:23:47.364+0000] {dag.py:2573} INFO - Sync 1 DAGs
[2024-04-25T01:23:47.399+0000] {logging_mixin.py:117} INFO - [2024-04-25T01:23:47.399+0000] {dag.py:3328} INFO - Setting next_dagrun for example_complex to None, run_after=None
[2024-04-25T01:23:47.425+0000] {processor.py:178} INFO - Processing /home/airflow/.local/lib/python3.7/site-packages/airflow/example_dags/example_complex.py took 0.150 seconds
[2024-04-25T01:24:17.884+0000] {processor.py:156} INFO - Started process (PID=12689) to work on /home/airflow/.local/lib/python3.7/site-packages/airflow/example_dags/example_complex.py
[2024-04-25T01:24:17.886+0000] {processor.py:758} INFO - Processing file /home/airflow/.local/lib/python3.7/site-packages/airflow/example_dags/example_complex.py for tasks to queue
[2024-04-25T01:24:17.886+0000] {logging_mixin.py:117} INFO - [2024-04-25T01:24:17.886+0000] {dagbag.py:525} INFO - Filling up the DagBag from /home/airflow/.local/lib/python3.7/site-packages/airflow/example_dags/example_complex.py
[2024-04-25T01:24:17.912+0000] {processor.py:768} INFO - DAG(s) dict_keys(['example_complex']) retrieved from /home/airflow/.local/lib/python3.7/site-packages/airflow/example_dags/example_complex.py
[2024-04-25T01:24:17.968+0000] {logging_mixin.py:117} INFO - [2024-04-25T01:24:17.968+0000] {dag.py:2573} INFO - Sync 1 DAGs
[2024-04-25T01:24:18.003+0000] {logging_mixin.py:117} INFO - [2024-04-25T01:24:18.003+0000] {dag.py:3328} INFO - Setting next_dagrun for example_complex to None, run_after=None
[2024-04-25T01:24:18.029+0000] {processor.py:178} INFO - Processing /home/airflow/.local/lib/python3.7/site-packages/airflow/example_dags/example_complex.py took 0.148 seconds
[2024-04-25T01:24:49.891+0000] {processor.py:156} INFO - Started process (PID=12907) to work on /home/airflow/.local/lib/python3.7/site-packages/airflow/example_dags/example_complex.py
[2024-04-25T01:24:49.894+0000] {processor.py:758} INFO - Processing file /home/airflow/.local/lib/python3.7/site-packages/airflow/example_dags/example_complex.py for tasks to queue
[2024-04-25T01:24:49.910+0000] {logging_mixin.py:117} INFO - [2024-04-25T01:24:49.910+0000] {dagbag.py:525} INFO - Filling up the DagBag from /home/airflow/.local/lib/python3.7/site-packages/airflow/example_dags/example_complex.py
[2024-04-25T01:24:49.976+0000] {processor.py:768} INFO - DAG(s) dict_keys(['example_complex']) retrieved from /home/airflow/.local/lib/python3.7/site-packages/airflow/example_dags/example_complex.py
[2024-04-25T01:24:50.067+0000] {logging_mixin.py:117} INFO - [2024-04-25T01:24:50.067+0000] {dag.py:2573} INFO - Sync 1 DAGs
[2024-04-25T01:24:50.107+0000] {logging_mixin.py:117} INFO - [2024-04-25T01:24:50.107+0000] {dag.py:3328} INFO - Setting next_dagrun for example_complex to None, run_after=None
[2024-04-25T01:24:50.142+0000] {processor.py:178} INFO - Processing /home/airflow/.local/lib/python3.7/site-packages/airflow/example_dags/example_complex.py took 0.268 seconds
[2024-04-25T01:25:20.452+0000] {processor.py:156} INFO - Started process (PID=13116) to work on /home/airflow/.local/lib/python3.7/site-packages/airflow/example_dags/example_complex.py
[2024-04-25T01:25:20.453+0000] {processor.py:758} INFO - Processing file /home/airflow/.local/lib/python3.7/site-packages/airflow/example_dags/example_complex.py for tasks to queue
[2024-04-25T01:25:20.454+0000] {logging_mixin.py:117} INFO - [2024-04-25T01:25:20.453+0000] {dagbag.py:525} INFO - Filling up the DagBag from /home/airflow/.local/lib/python3.7/site-packages/airflow/example_dags/example_complex.py
[2024-04-25T01:25:20.483+0000] {processor.py:768} INFO - DAG(s) dict_keys(['example_complex']) retrieved from /home/airflow/.local/lib/python3.7/site-packages/airflow/example_dags/example_complex.py
[2024-04-25T01:25:20.540+0000] {logging_mixin.py:117} INFO - [2024-04-25T01:25:20.539+0000] {dag.py:2573} INFO - Sync 1 DAGs
[2024-04-25T01:25:20.571+0000] {logging_mixin.py:117} INFO - [2024-04-25T01:25:20.571+0000] {dag.py:3328} INFO - Setting next_dagrun for example_complex to None, run_after=None
[2024-04-25T01:25:20.604+0000] {processor.py:178} INFO - Processing /home/airflow/.local/lib/python3.7/site-packages/airflow/example_dags/example_complex.py took 0.156 seconds
[2024-04-25T01:25:50.943+0000] {processor.py:156} INFO - Started process (PID=13333) to work on /home/airflow/.local/lib/python3.7/site-packages/airflow/example_dags/example_complex.py
[2024-04-25T01:25:50.945+0000] {processor.py:758} INFO - Processing file /home/airflow/.local/lib/python3.7/site-packages/airflow/example_dags/example_complex.py for tasks to queue
[2024-04-25T01:25:50.946+0000] {logging_mixin.py:117} INFO - [2024-04-25T01:25:50.946+0000] {dagbag.py:525} INFO - Filling up the DagBag from /home/airflow/.local/lib/python3.7/site-packages/airflow/example_dags/example_complex.py
[2024-04-25T01:25:50.977+0000] {processor.py:768} INFO - DAG(s) dict_keys(['example_complex']) retrieved from /home/airflow/.local/lib/python3.7/site-packages/airflow/example_dags/example_complex.py
[2024-04-25T01:25:51.053+0000] {logging_mixin.py:117} INFO - [2024-04-25T01:25:51.053+0000] {dag.py:2573} INFO - Sync 1 DAGs
[2024-04-25T01:25:51.095+0000] {logging_mixin.py:117} INFO - [2024-04-25T01:25:51.095+0000] {dag.py:3328} INFO - Setting next_dagrun for example_complex to None, run_after=None
[2024-04-25T01:25:51.124+0000] {processor.py:178} INFO - Processing /home/airflow/.local/lib/python3.7/site-packages/airflow/example_dags/example_complex.py took 0.190 seconds
[2024-04-25T01:26:22.294+0000] {processor.py:156} INFO - Started process (PID=13551) to work on /home/airflow/.local/lib/python3.7/site-packages/airflow/example_dags/example_complex.py
[2024-04-25T01:26:22.295+0000] {processor.py:758} INFO - Processing file /home/airflow/.local/lib/python3.7/site-packages/airflow/example_dags/example_complex.py for tasks to queue
[2024-04-25T01:26:22.295+0000] {logging_mixin.py:117} INFO - [2024-04-25T01:26:22.295+0000] {dagbag.py:525} INFO - Filling up the DagBag from /home/airflow/.local/lib/python3.7/site-packages/airflow/example_dags/example_complex.py
[2024-04-25T01:26:22.345+0000] {processor.py:768} INFO - DAG(s) dict_keys(['example_complex']) retrieved from /home/airflow/.local/lib/python3.7/site-packages/airflow/example_dags/example_complex.py
[2024-04-25T01:26:22.445+0000] {logging_mixin.py:117} INFO - [2024-04-25T01:26:22.445+0000] {dag.py:2573} INFO - Sync 1 DAGs
[2024-04-25T01:26:22.498+0000] {logging_mixin.py:117} INFO - [2024-04-25T01:26:22.498+0000] {dag.py:3328} INFO - Setting next_dagrun for example_complex to None, run_after=None
[2024-04-25T01:26:22.537+0000] {processor.py:178} INFO - Processing /home/airflow/.local/lib/python3.7/site-packages/airflow/example_dags/example_complex.py took 0.247 seconds
