[2024-04-25T00:54:26.299+0000] {processor.py:156} INFO - Started process (PID=266) to work on /home/airflow/.local/lib/python3.7/site-packages/airflow/example_dags/example_python_operator.py
[2024-04-25T00:54:26.300+0000] {processor.py:758} INFO - Processing file /home/airflow/.local/lib/python3.7/site-packages/airflow/example_dags/example_python_operator.py for tasks to queue
[2024-04-25T00:54:26.301+0000] {logging_mixin.py:117} INFO - [2024-04-25T00:54:26.301+0000] {dagbag.py:525} INFO - Filling up the DagBag from /home/airflow/.local/lib/python3.7/site-packages/airflow/example_dags/example_python_operator.py
[2024-04-25T00:54:26.343+0000] {processor.py:768} INFO - DAG(s) dict_keys(['example_python_operator']) retrieved from /home/airflow/.local/lib/python3.7/site-packages/airflow/example_dags/example_python_operator.py
[2024-04-25T00:54:26.392+0000] {logging_mixin.py:117} INFO - [2024-04-25T00:54:26.392+0000] {dag.py:2573} INFO - Sync 1 DAGs
[2024-04-25T00:54:26.428+0000] {logging_mixin.py:117} INFO - [2024-04-25T00:54:26.428+0000] {dag.py:3328} INFO - Setting next_dagrun for example_python_operator to None, run_after=None
[2024-04-25T00:54:26.463+0000] {processor.py:178} INFO - Processing /home/airflow/.local/lib/python3.7/site-packages/airflow/example_dags/example_python_operator.py took 0.169 seconds
[2024-04-25T00:54:57.467+0000] {processor.py:156} INFO - Started process (PID=483) to work on /home/airflow/.local/lib/python3.7/site-packages/airflow/example_dags/example_python_operator.py
[2024-04-25T00:54:57.469+0000] {processor.py:758} INFO - Processing file /home/airflow/.local/lib/python3.7/site-packages/airflow/example_dags/example_python_operator.py for tasks to queue
[2024-04-25T00:54:57.470+0000] {logging_mixin.py:117} INFO - [2024-04-25T00:54:57.470+0000] {dagbag.py:525} INFO - Filling up the DagBag from /home/airflow/.local/lib/python3.7/site-packages/airflow/example_dags/example_python_operator.py
[2024-04-25T00:54:57.519+0000] {processor.py:768} INFO - DAG(s) dict_keys(['example_python_operator']) retrieved from /home/airflow/.local/lib/python3.7/site-packages/airflow/example_dags/example_python_operator.py
[2024-04-25T00:54:57.569+0000] {logging_mixin.py:117} INFO - [2024-04-25T00:54:57.569+0000] {dag.py:2573} INFO - Sync 1 DAGs
[2024-04-25T00:54:57.601+0000] {logging_mixin.py:117} INFO - [2024-04-25T00:54:57.601+0000] {dag.py:3328} INFO - Setting next_dagrun for example_python_operator to None, run_after=None
[2024-04-25T00:54:57.648+0000] {processor.py:178} INFO - Processing /home/airflow/.local/lib/python3.7/site-packages/airflow/example_dags/example_python_operator.py took 0.184 seconds
[2024-04-25T00:55:27.982+0000] {processor.py:156} INFO - Started process (PID=692) to work on /home/airflow/.local/lib/python3.7/site-packages/airflow/example_dags/example_python_operator.py
[2024-04-25T00:55:27.983+0000] {processor.py:758} INFO - Processing file /home/airflow/.local/lib/python3.7/site-packages/airflow/example_dags/example_python_operator.py for tasks to queue
[2024-04-25T00:55:27.984+0000] {logging_mixin.py:117} INFO - [2024-04-25T00:55:27.984+0000] {dagbag.py:525} INFO - Filling up the DagBag from /home/airflow/.local/lib/python3.7/site-packages/airflow/example_dags/example_python_operator.py
[2024-04-25T00:55:28.017+0000] {processor.py:768} INFO - DAG(s) dict_keys(['example_python_operator']) retrieved from /home/airflow/.local/lib/python3.7/site-packages/airflow/example_dags/example_python_operator.py
[2024-04-25T00:55:28.068+0000] {logging_mixin.py:117} INFO - [2024-04-25T00:55:28.068+0000] {dag.py:2573} INFO - Sync 1 DAGs
[2024-04-25T00:55:28.097+0000] {logging_mixin.py:117} INFO - [2024-04-25T00:55:28.097+0000] {dag.py:3328} INFO - Setting next_dagrun for example_python_operator to None, run_after=None
[2024-04-25T00:55:28.122+0000] {processor.py:178} INFO - Processing /home/airflow/.local/lib/python3.7/site-packages/airflow/example_dags/example_python_operator.py took 0.144 seconds
[2024-04-25T00:55:59.011+0000] {processor.py:156} INFO - Started process (PID=911) to work on /home/airflow/.local/lib/python3.7/site-packages/airflow/example_dags/example_python_operator.py
[2024-04-25T00:55:59.012+0000] {processor.py:758} INFO - Processing file /home/airflow/.local/lib/python3.7/site-packages/airflow/example_dags/example_python_operator.py for tasks to queue
[2024-04-25T00:55:59.013+0000] {logging_mixin.py:117} INFO - [2024-04-25T00:55:59.013+0000] {dagbag.py:525} INFO - Filling up the DagBag from /home/airflow/.local/lib/python3.7/site-packages/airflow/example_dags/example_python_operator.py
[2024-04-25T00:55:59.045+0000] {processor.py:768} INFO - DAG(s) dict_keys(['example_python_operator']) retrieved from /home/airflow/.local/lib/python3.7/site-packages/airflow/example_dags/example_python_operator.py
[2024-04-25T00:55:59.087+0000] {logging_mixin.py:117} INFO - [2024-04-25T00:55:59.086+0000] {dag.py:2573} INFO - Sync 1 DAGs
[2024-04-25T00:55:59.118+0000] {logging_mixin.py:117} INFO - [2024-04-25T00:55:59.118+0000] {dag.py:3328} INFO - Setting next_dagrun for example_python_operator to None, run_after=None
[2024-04-25T00:55:59.143+0000] {processor.py:178} INFO - Processing /home/airflow/.local/lib/python3.7/site-packages/airflow/example_dags/example_python_operator.py took 0.135 seconds
[2024-04-25T00:56:30.892+0000] {processor.py:156} INFO - Started process (PID=1128) to work on /home/airflow/.local/lib/python3.7/site-packages/airflow/example_dags/example_python_operator.py
[2024-04-25T00:56:30.894+0000] {processor.py:758} INFO - Processing file /home/airflow/.local/lib/python3.7/site-packages/airflow/example_dags/example_python_operator.py for tasks to queue
[2024-04-25T00:56:30.895+0000] {logging_mixin.py:117} INFO - [2024-04-25T00:56:30.894+0000] {dagbag.py:525} INFO - Filling up the DagBag from /home/airflow/.local/lib/python3.7/site-packages/airflow/example_dags/example_python_operator.py
[2024-04-25T00:56:30.922+0000] {processor.py:768} INFO - DAG(s) dict_keys(['example_python_operator']) retrieved from /home/airflow/.local/lib/python3.7/site-packages/airflow/example_dags/example_python_operator.py
[2024-04-25T00:56:30.969+0000] {logging_mixin.py:117} INFO - [2024-04-25T00:56:30.969+0000] {dag.py:2573} INFO - Sync 1 DAGs
[2024-04-25T00:56:31.004+0000] {logging_mixin.py:117} INFO - [2024-04-25T00:56:31.003+0000] {dag.py:3328} INFO - Setting next_dagrun for example_python_operator to None, run_after=None
[2024-04-25T00:56:31.181+0000] {processor.py:178} INFO - Processing /home/airflow/.local/lib/python3.7/site-packages/airflow/example_dags/example_python_operator.py took 0.293 seconds
[2024-04-25T00:57:01.666+0000] {processor.py:156} INFO - Started process (PID=1338) to work on /home/airflow/.local/lib/python3.7/site-packages/airflow/example_dags/example_python_operator.py
[2024-04-25T00:57:01.667+0000] {processor.py:758} INFO - Processing file /home/airflow/.local/lib/python3.7/site-packages/airflow/example_dags/example_python_operator.py for tasks to queue
[2024-04-25T00:57:01.668+0000] {logging_mixin.py:117} INFO - [2024-04-25T00:57:01.668+0000] {dagbag.py:525} INFO - Filling up the DagBag from /home/airflow/.local/lib/python3.7/site-packages/airflow/example_dags/example_python_operator.py
[2024-04-25T00:57:01.699+0000] {processor.py:768} INFO - DAG(s) dict_keys(['example_python_operator']) retrieved from /home/airflow/.local/lib/python3.7/site-packages/airflow/example_dags/example_python_operator.py
[2024-04-25T00:57:01.747+0000] {logging_mixin.py:117} INFO - [2024-04-25T00:57:01.747+0000] {dag.py:2573} INFO - Sync 1 DAGs
[2024-04-25T00:57:01.931+0000] {logging_mixin.py:117} INFO - [2024-04-25T00:57:01.931+0000] {dag.py:3328} INFO - Setting next_dagrun for example_python_operator to None, run_after=None
[2024-04-25T00:57:01.954+0000] {processor.py:178} INFO - Processing /home/airflow/.local/lib/python3.7/site-packages/airflow/example_dags/example_python_operator.py took 0.291 seconds
[2024-04-25T00:57:32.489+0000] {processor.py:156} INFO - Started process (PID=1553) to work on /home/airflow/.local/lib/python3.7/site-packages/airflow/example_dags/example_python_operator.py
[2024-04-25T00:57:32.489+0000] {processor.py:758} INFO - Processing file /home/airflow/.local/lib/python3.7/site-packages/airflow/example_dags/example_python_operator.py for tasks to queue
[2024-04-25T00:57:32.490+0000] {logging_mixin.py:117} INFO - [2024-04-25T00:57:32.490+0000] {dagbag.py:525} INFO - Filling up the DagBag from /home/airflow/.local/lib/python3.7/site-packages/airflow/example_dags/example_python_operator.py
[2024-04-25T00:57:32.523+0000] {processor.py:768} INFO - DAG(s) dict_keys(['example_python_operator']) retrieved from /home/airflow/.local/lib/python3.7/site-packages/airflow/example_dags/example_python_operator.py
[2024-04-25T00:57:32.725+0000] {logging_mixin.py:117} INFO - [2024-04-25T00:57:32.725+0000] {dag.py:2573} INFO - Sync 1 DAGs
[2024-04-25T00:57:32.751+0000] {logging_mixin.py:117} INFO - [2024-04-25T00:57:32.751+0000] {dag.py:3328} INFO - Setting next_dagrun for example_python_operator to None, run_after=None
[2024-04-25T00:57:32.775+0000] {processor.py:178} INFO - Processing /home/airflow/.local/lib/python3.7/site-packages/airflow/example_dags/example_python_operator.py took 0.290 seconds
[2024-04-25T00:58:04.158+0000] {processor.py:156} INFO - Started process (PID=1770) to work on /home/airflow/.local/lib/python3.7/site-packages/airflow/example_dags/example_python_operator.py
[2024-04-25T00:58:04.160+0000] {processor.py:758} INFO - Processing file /home/airflow/.local/lib/python3.7/site-packages/airflow/example_dags/example_python_operator.py for tasks to queue
[2024-04-25T00:58:04.160+0000] {logging_mixin.py:117} INFO - [2024-04-25T00:58:04.160+0000] {dagbag.py:525} INFO - Filling up the DagBag from /home/airflow/.local/lib/python3.7/site-packages/airflow/example_dags/example_python_operator.py
[2024-04-25T00:58:04.191+0000] {processor.py:768} INFO - DAG(s) dict_keys(['example_python_operator']) retrieved from /home/airflow/.local/lib/python3.7/site-packages/airflow/example_dags/example_python_operator.py
[2024-04-25T00:58:04.375+0000] {logging_mixin.py:117} INFO - [2024-04-25T00:58:04.375+0000] {dag.py:2573} INFO - Sync 1 DAGs
[2024-04-25T00:58:04.402+0000] {logging_mixin.py:117} INFO - [2024-04-25T00:58:04.402+0000] {dag.py:3328} INFO - Setting next_dagrun for example_python_operator to None, run_after=None
[2024-04-25T00:58:04.427+0000] {processor.py:178} INFO - Processing /home/airflow/.local/lib/python3.7/site-packages/airflow/example_dags/example_python_operator.py took 0.272 seconds
[2024-04-25T00:58:34.719+0000] {processor.py:156} INFO - Started process (PID=1979) to work on /home/airflow/.local/lib/python3.7/site-packages/airflow/example_dags/example_python_operator.py
[2024-04-25T00:58:34.720+0000] {processor.py:758} INFO - Processing file /home/airflow/.local/lib/python3.7/site-packages/airflow/example_dags/example_python_operator.py for tasks to queue
[2024-04-25T00:58:34.721+0000] {logging_mixin.py:117} INFO - [2024-04-25T00:58:34.721+0000] {dagbag.py:525} INFO - Filling up the DagBag from /home/airflow/.local/lib/python3.7/site-packages/airflow/example_dags/example_python_operator.py
[2024-04-25T00:58:34.910+0000] {processor.py:768} INFO - DAG(s) dict_keys(['example_python_operator']) retrieved from /home/airflow/.local/lib/python3.7/site-packages/airflow/example_dags/example_python_operator.py
[2024-04-25T00:58:34.951+0000] {logging_mixin.py:117} INFO - [2024-04-25T00:58:34.951+0000] {dag.py:2573} INFO - Sync 1 DAGs
[2024-04-25T00:58:34.979+0000] {logging_mixin.py:117} INFO - [2024-04-25T00:58:34.979+0000] {dag.py:3328} INFO - Setting next_dagrun for example_python_operator to None, run_after=None
[2024-04-25T00:58:35.002+0000] {processor.py:178} INFO - Processing /home/airflow/.local/lib/python3.7/site-packages/airflow/example_dags/example_python_operator.py took 0.287 seconds
[2024-04-25T00:59:05.691+0000] {processor.py:156} INFO - Started process (PID=2196) to work on /home/airflow/.local/lib/python3.7/site-packages/airflow/example_dags/example_python_operator.py
[2024-04-25T00:59:05.692+0000] {processor.py:758} INFO - Processing file /home/airflow/.local/lib/python3.7/site-packages/airflow/example_dags/example_python_operator.py for tasks to queue
[2024-04-25T00:59:05.693+0000] {logging_mixin.py:117} INFO - [2024-04-25T00:59:05.693+0000] {dagbag.py:525} INFO - Filling up the DagBag from /home/airflow/.local/lib/python3.7/site-packages/airflow/example_dags/example_python_operator.py
[2024-04-25T00:59:05.722+0000] {processor.py:768} INFO - DAG(s) dict_keys(['example_python_operator']) retrieved from /home/airflow/.local/lib/python3.7/site-packages/airflow/example_dags/example_python_operator.py
[2024-04-25T00:59:05.770+0000] {logging_mixin.py:117} INFO - [2024-04-25T00:59:05.769+0000] {dag.py:2573} INFO - Sync 1 DAGs
[2024-04-25T00:59:05.953+0000] {logging_mixin.py:117} INFO - [2024-04-25T00:59:05.953+0000] {dag.py:3328} INFO - Setting next_dagrun for example_python_operator to None, run_after=None
[2024-04-25T00:59:05.981+0000] {processor.py:178} INFO - Processing /home/airflow/.local/lib/python3.7/site-packages/airflow/example_dags/example_python_operator.py took 0.293 seconds
[2024-04-25T00:59:38.412+0000] {processor.py:156} INFO - Started process (PID=2416) to work on /home/airflow/.local/lib/python3.7/site-packages/airflow/example_dags/example_python_operator.py
[2024-04-25T00:59:38.413+0000] {processor.py:758} INFO - Processing file /home/airflow/.local/lib/python3.7/site-packages/airflow/example_dags/example_python_operator.py for tasks to queue
[2024-04-25T00:59:38.414+0000] {logging_mixin.py:117} INFO - [2024-04-25T00:59:38.413+0000] {dagbag.py:525} INFO - Filling up the DagBag from /home/airflow/.local/lib/python3.7/site-packages/airflow/example_dags/example_python_operator.py
[2024-04-25T00:59:38.447+0000] {processor.py:768} INFO - DAG(s) dict_keys(['example_python_operator']) retrieved from /home/airflow/.local/lib/python3.7/site-packages/airflow/example_dags/example_python_operator.py
[2024-04-25T00:59:38.799+0000] {logging_mixin.py:117} INFO - [2024-04-25T00:59:38.799+0000] {dag.py:2573} INFO - Sync 1 DAGs
[2024-04-25T00:59:38.841+0000] {logging_mixin.py:117} INFO - [2024-04-25T00:59:38.841+0000] {dag.py:3328} INFO - Setting next_dagrun for example_python_operator to None, run_after=None
[2024-04-25T00:59:38.889+0000] {processor.py:178} INFO - Processing /home/airflow/.local/lib/python3.7/site-packages/airflow/example_dags/example_python_operator.py took 0.479 seconds
[2024-04-25T01:00:09.333+0000] {processor.py:156} INFO - Started process (PID=2625) to work on /home/airflow/.local/lib/python3.7/site-packages/airflow/example_dags/example_python_operator.py
[2024-04-25T01:00:09.334+0000] {processor.py:758} INFO - Processing file /home/airflow/.local/lib/python3.7/site-packages/airflow/example_dags/example_python_operator.py for tasks to queue
[2024-04-25T01:00:09.335+0000] {logging_mixin.py:117} INFO - [2024-04-25T01:00:09.335+0000] {dagbag.py:525} INFO - Filling up the DagBag from /home/airflow/.local/lib/python3.7/site-packages/airflow/example_dags/example_python_operator.py
[2024-04-25T01:00:09.367+0000] {processor.py:768} INFO - DAG(s) dict_keys(['example_python_operator']) retrieved from /home/airflow/.local/lib/python3.7/site-packages/airflow/example_dags/example_python_operator.py
[2024-04-25T01:00:09.666+0000] {logging_mixin.py:117} INFO - [2024-04-25T01:00:09.666+0000] {dag.py:2573} INFO - Sync 1 DAGs
[2024-04-25T01:00:09.710+0000] {logging_mixin.py:117} INFO - [2024-04-25T01:00:09.710+0000] {dag.py:3328} INFO - Setting next_dagrun for example_python_operator to None, run_after=None
[2024-04-25T01:00:09.756+0000] {processor.py:178} INFO - Processing /home/airflow/.local/lib/python3.7/site-packages/airflow/example_dags/example_python_operator.py took 0.426 seconds
[2024-04-25T01:00:40.298+0000] {processor.py:156} INFO - Started process (PID=2842) to work on /home/airflow/.local/lib/python3.7/site-packages/airflow/example_dags/example_python_operator.py
[2024-04-25T01:00:40.302+0000] {processor.py:758} INFO - Processing file /home/airflow/.local/lib/python3.7/site-packages/airflow/example_dags/example_python_operator.py for tasks to queue
[2024-04-25T01:00:40.303+0000] {logging_mixin.py:117} INFO - [2024-04-25T01:00:40.302+0000] {dagbag.py:525} INFO - Filling up the DagBag from /home/airflow/.local/lib/python3.7/site-packages/airflow/example_dags/example_python_operator.py
[2024-04-25T01:00:40.781+0000] {processor.py:768} INFO - DAG(s) dict_keys(['example_python_operator']) retrieved from /home/airflow/.local/lib/python3.7/site-packages/airflow/example_dags/example_python_operator.py
[2024-04-25T01:00:40.868+0000] {logging_mixin.py:117} INFO - [2024-04-25T01:00:40.868+0000] {dag.py:2573} INFO - Sync 1 DAGs
[2024-04-25T01:00:40.924+0000] {logging_mixin.py:117} INFO - [2024-04-25T01:00:40.924+0000] {dag.py:3328} INFO - Setting next_dagrun for example_python_operator to None, run_after=None
[2024-04-25T01:00:40.972+0000] {processor.py:178} INFO - Processing /home/airflow/.local/lib/python3.7/site-packages/airflow/example_dags/example_python_operator.py took 0.677 seconds
[2024-04-25T01:01:11.190+0000] {processor.py:156} INFO - Started process (PID=3061) to work on /home/airflow/.local/lib/python3.7/site-packages/airflow/example_dags/example_python_operator.py
[2024-04-25T01:01:11.191+0000] {processor.py:758} INFO - Processing file /home/airflow/.local/lib/python3.7/site-packages/airflow/example_dags/example_python_operator.py for tasks to queue
[2024-04-25T01:01:11.192+0000] {logging_mixin.py:117} INFO - [2024-04-25T01:01:11.192+0000] {dagbag.py:525} INFO - Filling up the DagBag from /home/airflow/.local/lib/python3.7/site-packages/airflow/example_dags/example_python_operator.py
[2024-04-25T01:01:11.230+0000] {processor.py:768} INFO - DAG(s) dict_keys(['example_python_operator']) retrieved from /home/airflow/.local/lib/python3.7/site-packages/airflow/example_dags/example_python_operator.py
[2024-04-25T01:01:11.277+0000] {logging_mixin.py:117} INFO - [2024-04-25T01:01:11.277+0000] {dag.py:2573} INFO - Sync 1 DAGs
[2024-04-25T01:01:11.464+0000] {logging_mixin.py:117} INFO - [2024-04-25T01:01:11.463+0000] {dag.py:3328} INFO - Setting next_dagrun for example_python_operator to None, run_after=None
[2024-04-25T01:01:11.502+0000] {processor.py:178} INFO - Processing /home/airflow/.local/lib/python3.7/site-packages/airflow/example_dags/example_python_operator.py took 0.316 seconds
[2024-04-25T01:01:41.591+0000] {processor.py:156} INFO - Started process (PID=3268) to work on /home/airflow/.local/lib/python3.7/site-packages/airflow/example_dags/example_python_operator.py
[2024-04-25T01:01:41.591+0000] {processor.py:758} INFO - Processing file /home/airflow/.local/lib/python3.7/site-packages/airflow/example_dags/example_python_operator.py for tasks to queue
[2024-04-25T01:01:41.592+0000] {logging_mixin.py:117} INFO - [2024-04-25T01:01:41.592+0000] {dagbag.py:525} INFO - Filling up the DagBag from /home/airflow/.local/lib/python3.7/site-packages/airflow/example_dags/example_python_operator.py
[2024-04-25T01:01:41.626+0000] {processor.py:768} INFO - DAG(s) dict_keys(['example_python_operator']) retrieved from /home/airflow/.local/lib/python3.7/site-packages/airflow/example_dags/example_python_operator.py
[2024-04-25T01:01:41.682+0000] {logging_mixin.py:117} INFO - [2024-04-25T01:01:41.682+0000] {dag.py:2573} INFO - Sync 1 DAGs
[2024-04-25T01:01:41.961+0000] {logging_mixin.py:117} INFO - [2024-04-25T01:01:41.961+0000] {dag.py:3328} INFO - Setting next_dagrun for example_python_operator to None, run_after=None
[2024-04-25T01:01:41.994+0000] {processor.py:178} INFO - Processing /home/airflow/.local/lib/python3.7/site-packages/airflow/example_dags/example_python_operator.py took 0.418 seconds
[2024-04-25T01:02:14.799+0000] {processor.py:156} INFO - Started process (PID=3488) to work on /home/airflow/.local/lib/python3.7/site-packages/airflow/example_dags/example_python_operator.py
[2024-04-25T01:02:14.800+0000] {processor.py:758} INFO - Processing file /home/airflow/.local/lib/python3.7/site-packages/airflow/example_dags/example_python_operator.py for tasks to queue
[2024-04-25T01:02:14.801+0000] {logging_mixin.py:117} INFO - [2024-04-25T01:02:14.801+0000] {dagbag.py:525} INFO - Filling up the DagBag from /home/airflow/.local/lib/python3.7/site-packages/airflow/example_dags/example_python_operator.py
[2024-04-25T01:02:14.909+0000] {processor.py:768} INFO - DAG(s) dict_keys(['example_python_operator']) retrieved from /home/airflow/.local/lib/python3.7/site-packages/airflow/example_dags/example_python_operator.py
[2024-04-25T01:02:15.440+0000] {logging_mixin.py:117} INFO - [2024-04-25T01:02:15.439+0000] {dag.py:2573} INFO - Sync 1 DAGs
[2024-04-25T01:02:15.510+0000] {logging_mixin.py:117} INFO - [2024-04-25T01:02:15.509+0000] {dag.py:3328} INFO - Setting next_dagrun for example_python_operator to None, run_after=None
[2024-04-25T01:02:15.588+0000] {processor.py:178} INFO - Processing /home/airflow/.local/lib/python3.7/site-packages/airflow/example_dags/example_python_operator.py took 0.798 seconds
[2024-04-25T01:02:46.133+0000] {processor.py:156} INFO - Started process (PID=3706) to work on /home/airflow/.local/lib/python3.7/site-packages/airflow/example_dags/example_python_operator.py
[2024-04-25T01:02:46.134+0000] {processor.py:758} INFO - Processing file /home/airflow/.local/lib/python3.7/site-packages/airflow/example_dags/example_python_operator.py for tasks to queue
[2024-04-25T01:02:46.135+0000] {logging_mixin.py:117} INFO - [2024-04-25T01:02:46.135+0000] {dagbag.py:525} INFO - Filling up the DagBag from /home/airflow/.local/lib/python3.7/site-packages/airflow/example_dags/example_python_operator.py
[2024-04-25T01:02:46.168+0000] {processor.py:768} INFO - DAG(s) dict_keys(['example_python_operator']) retrieved from /home/airflow/.local/lib/python3.7/site-packages/airflow/example_dags/example_python_operator.py
[2024-04-25T01:02:46.400+0000] {logging_mixin.py:117} INFO - [2024-04-25T01:02:46.400+0000] {dag.py:2573} INFO - Sync 1 DAGs
[2024-04-25T01:02:46.426+0000] {logging_mixin.py:117} INFO - [2024-04-25T01:02:46.426+0000] {dag.py:3328} INFO - Setting next_dagrun for example_python_operator to None, run_after=None
[2024-04-25T01:02:46.454+0000] {processor.py:178} INFO - Processing /home/airflow/.local/lib/python3.7/site-packages/airflow/example_dags/example_python_operator.py took 0.323 seconds
[2024-04-25T01:03:17.034+0000] {processor.py:156} INFO - Started process (PID=3915) to work on /home/airflow/.local/lib/python3.7/site-packages/airflow/example_dags/example_python_operator.py
[2024-04-25T01:03:17.036+0000] {processor.py:758} INFO - Processing file /home/airflow/.local/lib/python3.7/site-packages/airflow/example_dags/example_python_operator.py for tasks to queue
[2024-04-25T01:03:17.037+0000] {logging_mixin.py:117} INFO - [2024-04-25T01:03:17.036+0000] {dagbag.py:525} INFO - Filling up the DagBag from /home/airflow/.local/lib/python3.7/site-packages/airflow/example_dags/example_python_operator.py
[2024-04-25T01:03:17.211+0000] {processor.py:768} INFO - DAG(s) dict_keys(['example_python_operator']) retrieved from /home/airflow/.local/lib/python3.7/site-packages/airflow/example_dags/example_python_operator.py
[2024-04-25T01:03:17.259+0000] {logging_mixin.py:117} INFO - [2024-04-25T01:03:17.258+0000] {dag.py:2573} INFO - Sync 1 DAGs
[2024-04-25T01:03:17.317+0000] {logging_mixin.py:117} INFO - [2024-04-25T01:03:17.317+0000] {dag.py:3328} INFO - Setting next_dagrun for example_python_operator to None, run_after=None
[2024-04-25T01:03:17.354+0000] {processor.py:178} INFO - Processing /home/airflow/.local/lib/python3.7/site-packages/airflow/example_dags/example_python_operator.py took 0.322 seconds
[2024-04-25T01:03:48.140+0000] {processor.py:156} INFO - Started process (PID=4132) to work on /home/airflow/.local/lib/python3.7/site-packages/airflow/example_dags/example_python_operator.py
[2024-04-25T01:03:48.142+0000] {processor.py:758} INFO - Processing file /home/airflow/.local/lib/python3.7/site-packages/airflow/example_dags/example_python_operator.py for tasks to queue
[2024-04-25T01:03:48.142+0000] {logging_mixin.py:117} INFO - [2024-04-25T01:03:48.142+0000] {dagbag.py:525} INFO - Filling up the DagBag from /home/airflow/.local/lib/python3.7/site-packages/airflow/example_dags/example_python_operator.py
[2024-04-25T01:03:48.175+0000] {processor.py:768} INFO - DAG(s) dict_keys(['example_python_operator']) retrieved from /home/airflow/.local/lib/python3.7/site-packages/airflow/example_dags/example_python_operator.py
[2024-04-25T01:03:48.222+0000] {logging_mixin.py:117} INFO - [2024-04-25T01:03:48.222+0000] {dag.py:2573} INFO - Sync 1 DAGs
[2024-04-25T01:03:48.262+0000] {logging_mixin.py:117} INFO - [2024-04-25T01:03:48.262+0000] {dag.py:3328} INFO - Setting next_dagrun for example_python_operator to None, run_after=None
[2024-04-25T01:03:48.293+0000] {processor.py:178} INFO - Processing /home/airflow/.local/lib/python3.7/site-packages/airflow/example_dags/example_python_operator.py took 0.155 seconds
[2024-04-25T01:04:18.411+0000] {processor.py:156} INFO - Started process (PID=4349) to work on /home/airflow/.local/lib/python3.7/site-packages/airflow/example_dags/example_python_operator.py
[2024-04-25T01:04:18.412+0000] {processor.py:758} INFO - Processing file /home/airflow/.local/lib/python3.7/site-packages/airflow/example_dags/example_python_operator.py for tasks to queue
[2024-04-25T01:04:18.413+0000] {logging_mixin.py:117} INFO - [2024-04-25T01:04:18.413+0000] {dagbag.py:525} INFO - Filling up the DagBag from /home/airflow/.local/lib/python3.7/site-packages/airflow/example_dags/example_python_operator.py
[2024-04-25T01:04:18.448+0000] {processor.py:768} INFO - DAG(s) dict_keys(['example_python_operator']) retrieved from /home/airflow/.local/lib/python3.7/site-packages/airflow/example_dags/example_python_operator.py
[2024-04-25T01:04:18.497+0000] {logging_mixin.py:117} INFO - [2024-04-25T01:04:18.497+0000] {dag.py:2573} INFO - Sync 1 DAGs
[2024-04-25T01:04:18.534+0000] {logging_mixin.py:117} INFO - [2024-04-25T01:04:18.534+0000] {dag.py:3328} INFO - Setting next_dagrun for example_python_operator to None, run_after=None
[2024-04-25T01:04:18.559+0000] {processor.py:178} INFO - Processing /home/airflow/.local/lib/python3.7/site-packages/airflow/example_dags/example_python_operator.py took 0.151 seconds
[2024-04-25T01:04:49.191+0000] {processor.py:156} INFO - Started process (PID=4569) to work on /home/airflow/.local/lib/python3.7/site-packages/airflow/example_dags/example_python_operator.py
[2024-04-25T01:04:49.198+0000] {processor.py:758} INFO - Processing file /home/airflow/.local/lib/python3.7/site-packages/airflow/example_dags/example_python_operator.py for tasks to queue
[2024-04-25T01:04:49.199+0000] {logging_mixin.py:117} INFO - [2024-04-25T01:04:49.199+0000] {dagbag.py:525} INFO - Filling up the DagBag from /home/airflow/.local/lib/python3.7/site-packages/airflow/example_dags/example_python_operator.py
[2024-04-25T01:04:49.263+0000] {processor.py:768} INFO - DAG(s) dict_keys(['example_python_operator']) retrieved from /home/airflow/.local/lib/python3.7/site-packages/airflow/example_dags/example_python_operator.py
[2024-04-25T01:04:49.338+0000] {logging_mixin.py:117} INFO - [2024-04-25T01:04:49.338+0000] {dag.py:2573} INFO - Sync 1 DAGs
[2024-04-25T01:04:49.372+0000] {logging_mixin.py:117} INFO - [2024-04-25T01:04:49.372+0000] {dag.py:3328} INFO - Setting next_dagrun for example_python_operator to None, run_after=None
[2024-04-25T01:04:49.414+0000] {processor.py:178} INFO - Processing /home/airflow/.local/lib/python3.7/site-packages/airflow/example_dags/example_python_operator.py took 0.227 seconds
[2024-04-25T01:05:19.882+0000] {processor.py:156} INFO - Started process (PID=4777) to work on /home/airflow/.local/lib/python3.7/site-packages/airflow/example_dags/example_python_operator.py
[2024-04-25T01:05:19.885+0000] {processor.py:758} INFO - Processing file /home/airflow/.local/lib/python3.7/site-packages/airflow/example_dags/example_python_operator.py for tasks to queue
[2024-04-25T01:05:19.886+0000] {logging_mixin.py:117} INFO - [2024-04-25T01:05:19.885+0000] {dagbag.py:525} INFO - Filling up the DagBag from /home/airflow/.local/lib/python3.7/site-packages/airflow/example_dags/example_python_operator.py
[2024-04-25T01:05:19.921+0000] {processor.py:768} INFO - DAG(s) dict_keys(['example_python_operator']) retrieved from /home/airflow/.local/lib/python3.7/site-packages/airflow/example_dags/example_python_operator.py
[2024-04-25T01:05:19.972+0000] {logging_mixin.py:117} INFO - [2024-04-25T01:05:19.972+0000] {dag.py:2573} INFO - Sync 1 DAGs
[2024-04-25T01:05:20.003+0000] {logging_mixin.py:117} INFO - [2024-04-25T01:05:20.003+0000] {dag.py:3328} INFO - Setting next_dagrun for example_python_operator to None, run_after=None
[2024-04-25T01:05:20.026+0000] {processor.py:178} INFO - Processing /home/airflow/.local/lib/python3.7/site-packages/airflow/example_dags/example_python_operator.py took 0.150 seconds
[2024-04-25T01:05:50.949+0000] {processor.py:156} INFO - Started process (PID=4995) to work on /home/airflow/.local/lib/python3.7/site-packages/airflow/example_dags/example_python_operator.py
[2024-04-25T01:05:50.950+0000] {processor.py:758} INFO - Processing file /home/airflow/.local/lib/python3.7/site-packages/airflow/example_dags/example_python_operator.py for tasks to queue
[2024-04-25T01:05:50.951+0000] {logging_mixin.py:117} INFO - [2024-04-25T01:05:50.951+0000] {dagbag.py:525} INFO - Filling up the DagBag from /home/airflow/.local/lib/python3.7/site-packages/airflow/example_dags/example_python_operator.py
[2024-04-25T01:05:50.988+0000] {processor.py:768} INFO - DAG(s) dict_keys(['example_python_operator']) retrieved from /home/airflow/.local/lib/python3.7/site-packages/airflow/example_dags/example_python_operator.py
[2024-04-25T01:05:51.034+0000] {logging_mixin.py:117} INFO - [2024-04-25T01:05:51.034+0000] {dag.py:2573} INFO - Sync 1 DAGs
[2024-04-25T01:05:51.062+0000] {logging_mixin.py:117} INFO - [2024-04-25T01:05:51.062+0000] {dag.py:3328} INFO - Setting next_dagrun for example_python_operator to None, run_after=None
[2024-04-25T01:05:51.092+0000] {processor.py:178} INFO - Processing /home/airflow/.local/lib/python3.7/site-packages/airflow/example_dags/example_python_operator.py took 0.146 seconds
[2024-04-25T01:06:21.763+0000] {processor.py:156} INFO - Started process (PID=5210) to work on /home/airflow/.local/lib/python3.7/site-packages/airflow/example_dags/example_python_operator.py
[2024-04-25T01:06:21.776+0000] {processor.py:758} INFO - Processing file /home/airflow/.local/lib/python3.7/site-packages/airflow/example_dags/example_python_operator.py for tasks to queue
[2024-04-25T01:06:21.777+0000] {logging_mixin.py:117} INFO - [2024-04-25T01:06:21.777+0000] {dagbag.py:525} INFO - Filling up the DagBag from /home/airflow/.local/lib/python3.7/site-packages/airflow/example_dags/example_python_operator.py
[2024-04-25T01:06:21.924+0000] {processor.py:768} INFO - DAG(s) dict_keys(['example_python_operator']) retrieved from /home/airflow/.local/lib/python3.7/site-packages/airflow/example_dags/example_python_operator.py
[2024-04-25T01:06:22.051+0000] {logging_mixin.py:117} INFO - [2024-04-25T01:06:22.051+0000] {dag.py:2573} INFO - Sync 1 DAGs
[2024-04-25T01:06:22.136+0000] {logging_mixin.py:117} INFO - [2024-04-25T01:06:22.135+0000] {dag.py:3328} INFO - Setting next_dagrun for example_python_operator to None, run_after=None
[2024-04-25T01:06:22.189+0000] {processor.py:178} INFO - Processing /home/airflow/.local/lib/python3.7/site-packages/airflow/example_dags/example_python_operator.py took 0.433 seconds
[2024-04-25T01:06:52.624+0000] {processor.py:156} INFO - Started process (PID=5420) to work on /home/airflow/.local/lib/python3.7/site-packages/airflow/example_dags/example_python_operator.py
[2024-04-25T01:06:52.625+0000] {processor.py:758} INFO - Processing file /home/airflow/.local/lib/python3.7/site-packages/airflow/example_dags/example_python_operator.py for tasks to queue
[2024-04-25T01:06:52.626+0000] {logging_mixin.py:117} INFO - [2024-04-25T01:06:52.626+0000] {dagbag.py:525} INFO - Filling up the DagBag from /home/airflow/.local/lib/python3.7/site-packages/airflow/example_dags/example_python_operator.py
[2024-04-25T01:06:52.659+0000] {processor.py:768} INFO - DAG(s) dict_keys(['example_python_operator']) retrieved from /home/airflow/.local/lib/python3.7/site-packages/airflow/example_dags/example_python_operator.py
[2024-04-25T01:06:52.707+0000] {logging_mixin.py:117} INFO - [2024-04-25T01:06:52.707+0000] {dag.py:2573} INFO - Sync 1 DAGs
[2024-04-25T01:06:52.737+0000] {logging_mixin.py:117} INFO - [2024-04-25T01:06:52.737+0000] {dag.py:3328} INFO - Setting next_dagrun for example_python_operator to None, run_after=None
[2024-04-25T01:06:52.761+0000] {processor.py:178} INFO - Processing /home/airflow/.local/lib/python3.7/site-packages/airflow/example_dags/example_python_operator.py took 0.141 seconds
[2024-04-25T01:07:23.404+0000] {processor.py:156} INFO - Started process (PID=5639) to work on /home/airflow/.local/lib/python3.7/site-packages/airflow/example_dags/example_python_operator.py
[2024-04-25T01:07:23.405+0000] {processor.py:758} INFO - Processing file /home/airflow/.local/lib/python3.7/site-packages/airflow/example_dags/example_python_operator.py for tasks to queue
[2024-04-25T01:07:23.406+0000] {logging_mixin.py:117} INFO - [2024-04-25T01:07:23.406+0000] {dagbag.py:525} INFO - Filling up the DagBag from /home/airflow/.local/lib/python3.7/site-packages/airflow/example_dags/example_python_operator.py
[2024-04-25T01:07:23.443+0000] {processor.py:768} INFO - DAG(s) dict_keys(['example_python_operator']) retrieved from /home/airflow/.local/lib/python3.7/site-packages/airflow/example_dags/example_python_operator.py
[2024-04-25T01:07:23.497+0000] {logging_mixin.py:117} INFO - [2024-04-25T01:07:23.497+0000] {dag.py:2573} INFO - Sync 1 DAGs
[2024-04-25T01:07:23.532+0000] {logging_mixin.py:117} INFO - [2024-04-25T01:07:23.532+0000] {dag.py:3328} INFO - Setting next_dagrun for example_python_operator to None, run_after=None
[2024-04-25T01:07:23.558+0000] {processor.py:178} INFO - Processing /home/airflow/.local/lib/python3.7/site-packages/airflow/example_dags/example_python_operator.py took 0.157 seconds
[2024-04-25T01:07:53.900+0000] {processor.py:156} INFO - Started process (PID=5859) to work on /home/airflow/.local/lib/python3.7/site-packages/airflow/example_dags/example_python_operator.py
[2024-04-25T01:07:53.901+0000] {processor.py:758} INFO - Processing file /home/airflow/.local/lib/python3.7/site-packages/airflow/example_dags/example_python_operator.py for tasks to queue
[2024-04-25T01:07:53.902+0000] {logging_mixin.py:117} INFO - [2024-04-25T01:07:53.902+0000] {dagbag.py:525} INFO - Filling up the DagBag from /home/airflow/.local/lib/python3.7/site-packages/airflow/example_dags/example_python_operator.py
[2024-04-25T01:07:53.942+0000] {processor.py:768} INFO - DAG(s) dict_keys(['example_python_operator']) retrieved from /home/airflow/.local/lib/python3.7/site-packages/airflow/example_dags/example_python_operator.py
[2024-04-25T01:07:54.029+0000] {logging_mixin.py:117} INFO - [2024-04-25T01:07:54.029+0000] {dag.py:2573} INFO - Sync 1 DAGs
[2024-04-25T01:07:54.059+0000] {logging_mixin.py:117} INFO - [2024-04-25T01:07:54.059+0000] {dag.py:3328} INFO - Setting next_dagrun for example_python_operator to None, run_after=None
[2024-04-25T01:07:54.092+0000] {processor.py:178} INFO - Processing /home/airflow/.local/lib/python3.7/site-packages/airflow/example_dags/example_python_operator.py took 0.195 seconds
[2024-04-25T01:08:24.831+0000] {processor.py:156} INFO - Started process (PID=6069) to work on /home/airflow/.local/lib/python3.7/site-packages/airflow/example_dags/example_python_operator.py
[2024-04-25T01:08:24.832+0000] {processor.py:758} INFO - Processing file /home/airflow/.local/lib/python3.7/site-packages/airflow/example_dags/example_python_operator.py for tasks to queue
[2024-04-25T01:08:24.833+0000] {logging_mixin.py:117} INFO - [2024-04-25T01:08:24.833+0000] {dagbag.py:525} INFO - Filling up the DagBag from /home/airflow/.local/lib/python3.7/site-packages/airflow/example_dags/example_python_operator.py
[2024-04-25T01:08:24.868+0000] {processor.py:768} INFO - DAG(s) dict_keys(['example_python_operator']) retrieved from /home/airflow/.local/lib/python3.7/site-packages/airflow/example_dags/example_python_operator.py
[2024-04-25T01:08:24.922+0000] {logging_mixin.py:117} INFO - [2024-04-25T01:08:24.922+0000] {dag.py:2573} INFO - Sync 1 DAGs
[2024-04-25T01:08:24.950+0000] {logging_mixin.py:117} INFO - [2024-04-25T01:08:24.950+0000] {dag.py:3328} INFO - Setting next_dagrun for example_python_operator to None, run_after=None
[2024-04-25T01:08:24.976+0000] {processor.py:178} INFO - Processing /home/airflow/.local/lib/python3.7/site-packages/airflow/example_dags/example_python_operator.py took 0.149 seconds
[2024-04-25T01:08:55.681+0000] {processor.py:156} INFO - Started process (PID=6287) to work on /home/airflow/.local/lib/python3.7/site-packages/airflow/example_dags/example_python_operator.py
[2024-04-25T01:08:55.682+0000] {processor.py:758} INFO - Processing file /home/airflow/.local/lib/python3.7/site-packages/airflow/example_dags/example_python_operator.py for tasks to queue
[2024-04-25T01:08:55.683+0000] {logging_mixin.py:117} INFO - [2024-04-25T01:08:55.683+0000] {dagbag.py:525} INFO - Filling up the DagBag from /home/airflow/.local/lib/python3.7/site-packages/airflow/example_dags/example_python_operator.py
[2024-04-25T01:08:55.757+0000] {processor.py:768} INFO - DAG(s) dict_keys(['example_python_operator']) retrieved from /home/airflow/.local/lib/python3.7/site-packages/airflow/example_dags/example_python_operator.py
[2024-04-25T01:08:55.832+0000] {logging_mixin.py:117} INFO - [2024-04-25T01:08:55.832+0000] {dag.py:2573} INFO - Sync 1 DAGs
[2024-04-25T01:08:55.863+0000] {logging_mixin.py:117} INFO - [2024-04-25T01:08:55.863+0000] {dag.py:3328} INFO - Setting next_dagrun for example_python_operator to None, run_after=None
[2024-04-25T01:08:55.896+0000] {processor.py:178} INFO - Processing /home/airflow/.local/lib/python3.7/site-packages/airflow/example_dags/example_python_operator.py took 0.218 seconds
[2024-04-25T01:09:26.554+0000] {processor.py:156} INFO - Started process (PID=6504) to work on /home/airflow/.local/lib/python3.7/site-packages/airflow/example_dags/example_python_operator.py
[2024-04-25T01:09:26.556+0000] {processor.py:758} INFO - Processing file /home/airflow/.local/lib/python3.7/site-packages/airflow/example_dags/example_python_operator.py for tasks to queue
[2024-04-25T01:09:26.556+0000] {logging_mixin.py:117} INFO - [2024-04-25T01:09:26.556+0000] {dagbag.py:525} INFO - Filling up the DagBag from /home/airflow/.local/lib/python3.7/site-packages/airflow/example_dags/example_python_operator.py
[2024-04-25T01:09:26.616+0000] {processor.py:768} INFO - DAG(s) dict_keys(['example_python_operator']) retrieved from /home/airflow/.local/lib/python3.7/site-packages/airflow/example_dags/example_python_operator.py
[2024-04-25T01:09:26.663+0000] {logging_mixin.py:117} INFO - [2024-04-25T01:09:26.663+0000] {dag.py:2573} INFO - Sync 1 DAGs
[2024-04-25T01:09:26.694+0000] {logging_mixin.py:117} INFO - [2024-04-25T01:09:26.694+0000] {dag.py:3328} INFO - Setting next_dagrun for example_python_operator to None, run_after=None
[2024-04-25T01:09:26.716+0000] {processor.py:178} INFO - Processing /home/airflow/.local/lib/python3.7/site-packages/airflow/example_dags/example_python_operator.py took 0.166 seconds
[2024-04-25T01:09:57.443+0000] {processor.py:156} INFO - Started process (PID=6714) to work on /home/airflow/.local/lib/python3.7/site-packages/airflow/example_dags/example_python_operator.py
[2024-04-25T01:09:57.444+0000] {processor.py:758} INFO - Processing file /home/airflow/.local/lib/python3.7/site-packages/airflow/example_dags/example_python_operator.py for tasks to queue
[2024-04-25T01:09:57.445+0000] {logging_mixin.py:117} INFO - [2024-04-25T01:09:57.445+0000] {dagbag.py:525} INFO - Filling up the DagBag from /home/airflow/.local/lib/python3.7/site-packages/airflow/example_dags/example_python_operator.py
[2024-04-25T01:09:57.477+0000] {processor.py:768} INFO - DAG(s) dict_keys(['example_python_operator']) retrieved from /home/airflow/.local/lib/python3.7/site-packages/airflow/example_dags/example_python_operator.py
[2024-04-25T01:09:57.526+0000] {logging_mixin.py:117} INFO - [2024-04-25T01:09:57.526+0000] {dag.py:2573} INFO - Sync 1 DAGs
[2024-04-25T01:09:57.559+0000] {logging_mixin.py:117} INFO - [2024-04-25T01:09:57.558+0000] {dag.py:3328} INFO - Setting next_dagrun for example_python_operator to None, run_after=None
[2024-04-25T01:09:57.589+0000] {processor.py:178} INFO - Processing /home/airflow/.local/lib/python3.7/site-packages/airflow/example_dags/example_python_operator.py took 0.149 seconds
[2024-04-25T01:10:27.725+0000] {processor.py:156} INFO - Started process (PID=6939) to work on /home/airflow/.local/lib/python3.7/site-packages/airflow/example_dags/example_python_operator.py
[2024-04-25T01:10:27.726+0000] {processor.py:758} INFO - Processing file /home/airflow/.local/lib/python3.7/site-packages/airflow/example_dags/example_python_operator.py for tasks to queue
[2024-04-25T01:10:27.726+0000] {logging_mixin.py:117} INFO - [2024-04-25T01:10:27.726+0000] {dagbag.py:525} INFO - Filling up the DagBag from /home/airflow/.local/lib/python3.7/site-packages/airflow/example_dags/example_python_operator.py
[2024-04-25T01:10:27.751+0000] {processor.py:768} INFO - DAG(s) dict_keys(['example_python_operator']) retrieved from /home/airflow/.local/lib/python3.7/site-packages/airflow/example_dags/example_python_operator.py
[2024-04-25T01:10:27.784+0000] {logging_mixin.py:117} INFO - [2024-04-25T01:10:27.784+0000] {dag.py:2573} INFO - Sync 1 DAGs
[2024-04-25T01:10:27.804+0000] {logging_mixin.py:117} INFO - [2024-04-25T01:10:27.803+0000] {dag.py:3328} INFO - Setting next_dagrun for example_python_operator to None, run_after=None
[2024-04-25T01:10:27.824+0000] {processor.py:178} INFO - Processing /home/airflow/.local/lib/python3.7/site-packages/airflow/example_dags/example_python_operator.py took 0.102 seconds
[2024-04-25T01:10:57.889+0000] {processor.py:156} INFO - Started process (PID=7149) to work on /home/airflow/.local/lib/python3.7/site-packages/airflow/example_dags/example_python_operator.py
[2024-04-25T01:10:57.890+0000] {processor.py:758} INFO - Processing file /home/airflow/.local/lib/python3.7/site-packages/airflow/example_dags/example_python_operator.py for tasks to queue
[2024-04-25T01:10:57.891+0000] {logging_mixin.py:117} INFO - [2024-04-25T01:10:57.890+0000] {dagbag.py:525} INFO - Filling up the DagBag from /home/airflow/.local/lib/python3.7/site-packages/airflow/example_dags/example_python_operator.py
[2024-04-25T01:10:57.945+0000] {processor.py:768} INFO - DAG(s) dict_keys(['example_python_operator']) retrieved from /home/airflow/.local/lib/python3.7/site-packages/airflow/example_dags/example_python_operator.py
[2024-04-25T01:10:57.996+0000] {logging_mixin.py:117} INFO - [2024-04-25T01:10:57.996+0000] {dag.py:2573} INFO - Sync 1 DAGs
[2024-04-25T01:10:58.030+0000] {logging_mixin.py:117} INFO - [2024-04-25T01:10:58.030+0000] {dag.py:3328} INFO - Setting next_dagrun for example_python_operator to None, run_after=None
[2024-04-25T01:10:58.061+0000] {processor.py:178} INFO - Processing /home/airflow/.local/lib/python3.7/site-packages/airflow/example_dags/example_python_operator.py took 0.175 seconds
[2024-04-25T01:11:28.352+0000] {processor.py:156} INFO - Started process (PID=7359) to work on /home/airflow/.local/lib/python3.7/site-packages/airflow/example_dags/example_python_operator.py
[2024-04-25T01:11:28.354+0000] {processor.py:758} INFO - Processing file /home/airflow/.local/lib/python3.7/site-packages/airflow/example_dags/example_python_operator.py for tasks to queue
[2024-04-25T01:11:28.355+0000] {logging_mixin.py:117} INFO - [2024-04-25T01:11:28.355+0000] {dagbag.py:525} INFO - Filling up the DagBag from /home/airflow/.local/lib/python3.7/site-packages/airflow/example_dags/example_python_operator.py
[2024-04-25T01:11:28.386+0000] {processor.py:768} INFO - DAG(s) dict_keys(['example_python_operator']) retrieved from /home/airflow/.local/lib/python3.7/site-packages/airflow/example_dags/example_python_operator.py
[2024-04-25T01:11:28.435+0000] {logging_mixin.py:117} INFO - [2024-04-25T01:11:28.435+0000] {dag.py:2573} INFO - Sync 1 DAGs
[2024-04-25T01:11:28.466+0000] {logging_mixin.py:117} INFO - [2024-04-25T01:11:28.466+0000] {dag.py:3328} INFO - Setting next_dagrun for example_python_operator to None, run_after=None
[2024-04-25T01:11:28.491+0000] {processor.py:178} INFO - Processing /home/airflow/.local/lib/python3.7/site-packages/airflow/example_dags/example_python_operator.py took 0.143 seconds
[2024-04-25T01:11:59.404+0000] {processor.py:156} INFO - Started process (PID=7581) to work on /home/airflow/.local/lib/python3.7/site-packages/airflow/example_dags/example_python_operator.py
[2024-04-25T01:11:59.405+0000] {processor.py:758} INFO - Processing file /home/airflow/.local/lib/python3.7/site-packages/airflow/example_dags/example_python_operator.py for tasks to queue
[2024-04-25T01:11:59.406+0000] {logging_mixin.py:117} INFO - [2024-04-25T01:11:59.406+0000] {dagbag.py:525} INFO - Filling up the DagBag from /home/airflow/.local/lib/python3.7/site-packages/airflow/example_dags/example_python_operator.py
[2024-04-25T01:11:59.440+0000] {processor.py:768} INFO - DAG(s) dict_keys(['example_python_operator']) retrieved from /home/airflow/.local/lib/python3.7/site-packages/airflow/example_dags/example_python_operator.py
[2024-04-25T01:11:59.499+0000] {logging_mixin.py:117} INFO - [2024-04-25T01:11:59.499+0000] {dag.py:2573} INFO - Sync 1 DAGs
[2024-04-25T01:11:59.531+0000] {logging_mixin.py:117} INFO - [2024-04-25T01:11:59.531+0000] {dag.py:3328} INFO - Setting next_dagrun for example_python_operator to None, run_after=None
[2024-04-25T01:11:59.557+0000] {processor.py:178} INFO - Processing /home/airflow/.local/lib/python3.7/site-packages/airflow/example_dags/example_python_operator.py took 0.157 seconds
[2024-04-25T01:12:30.084+0000] {processor.py:156} INFO - Started process (PID=7799) to work on /home/airflow/.local/lib/python3.7/site-packages/airflow/example_dags/example_python_operator.py
[2024-04-25T01:12:30.093+0000] {processor.py:758} INFO - Processing file /home/airflow/.local/lib/python3.7/site-packages/airflow/example_dags/example_python_operator.py for tasks to queue
[2024-04-25T01:12:30.102+0000] {logging_mixin.py:117} INFO - [2024-04-25T01:12:30.101+0000] {dagbag.py:525} INFO - Filling up the DagBag from /home/airflow/.local/lib/python3.7/site-packages/airflow/example_dags/example_python_operator.py
[2024-04-25T01:12:30.189+0000] {processor.py:768} INFO - DAG(s) dict_keys(['example_python_operator']) retrieved from /home/airflow/.local/lib/python3.7/site-packages/airflow/example_dags/example_python_operator.py
[2024-04-25T01:12:30.302+0000] {logging_mixin.py:117} INFO - [2024-04-25T01:12:30.301+0000] {dag.py:2573} INFO - Sync 1 DAGs
[2024-04-25T01:12:30.366+0000] {logging_mixin.py:117} INFO - [2024-04-25T01:12:30.366+0000] {dag.py:3328} INFO - Setting next_dagrun for example_python_operator to None, run_after=None
[2024-04-25T01:12:30.464+0000] {processor.py:178} INFO - Processing /home/airflow/.local/lib/python3.7/site-packages/airflow/example_dags/example_python_operator.py took 0.383 seconds
[2024-04-25T01:13:00.667+0000] {processor.py:156} INFO - Started process (PID=8005) to work on /home/airflow/.local/lib/python3.7/site-packages/airflow/example_dags/example_python_operator.py
[2024-04-25T01:13:00.668+0000] {processor.py:758} INFO - Processing file /home/airflow/.local/lib/python3.7/site-packages/airflow/example_dags/example_python_operator.py for tasks to queue
[2024-04-25T01:13:00.668+0000] {logging_mixin.py:117} INFO - [2024-04-25T01:13:00.668+0000] {dagbag.py:525} INFO - Filling up the DagBag from /home/airflow/.local/lib/python3.7/site-packages/airflow/example_dags/example_python_operator.py
[2024-04-25T01:13:00.690+0000] {processor.py:768} INFO - DAG(s) dict_keys(['example_python_operator']) retrieved from /home/airflow/.local/lib/python3.7/site-packages/airflow/example_dags/example_python_operator.py
[2024-04-25T01:13:00.724+0000] {logging_mixin.py:117} INFO - [2024-04-25T01:13:00.723+0000] {dag.py:2573} INFO - Sync 1 DAGs
[2024-04-25T01:13:00.744+0000] {logging_mixin.py:117} INFO - [2024-04-25T01:13:00.744+0000] {dag.py:3328} INFO - Setting next_dagrun for example_python_operator to None, run_after=None
[2024-04-25T01:13:00.765+0000] {processor.py:178} INFO - Processing /home/airflow/.local/lib/python3.7/site-packages/airflow/example_dags/example_python_operator.py took 0.101 seconds
[2024-04-25T01:13:31.071+0000] {processor.py:156} INFO - Started process (PID=8222) to work on /home/airflow/.local/lib/python3.7/site-packages/airflow/example_dags/example_python_operator.py
[2024-04-25T01:13:31.072+0000] {processor.py:758} INFO - Processing file /home/airflow/.local/lib/python3.7/site-packages/airflow/example_dags/example_python_operator.py for tasks to queue
[2024-04-25T01:13:31.072+0000] {logging_mixin.py:117} INFO - [2024-04-25T01:13:31.072+0000] {dagbag.py:525} INFO - Filling up the DagBag from /home/airflow/.local/lib/python3.7/site-packages/airflow/example_dags/example_python_operator.py
[2024-04-25T01:13:31.093+0000] {processor.py:768} INFO - DAG(s) dict_keys(['example_python_operator']) retrieved from /home/airflow/.local/lib/python3.7/site-packages/airflow/example_dags/example_python_operator.py
[2024-04-25T01:13:31.148+0000] {logging_mixin.py:117} INFO - [2024-04-25T01:13:31.148+0000] {dag.py:2573} INFO - Sync 1 DAGs
[2024-04-25T01:13:31.184+0000] {logging_mixin.py:117} INFO - [2024-04-25T01:13:31.184+0000] {dag.py:3328} INFO - Setting next_dagrun for example_python_operator to None, run_after=None
[2024-04-25T01:13:31.210+0000] {processor.py:178} INFO - Processing /home/airflow/.local/lib/python3.7/site-packages/airflow/example_dags/example_python_operator.py took 0.142 seconds
[2024-04-25T01:14:01.953+0000] {processor.py:156} INFO - Started process (PID=8430) to work on /home/airflow/.local/lib/python3.7/site-packages/airflow/example_dags/example_python_operator.py
[2024-04-25T01:14:01.955+0000] {processor.py:758} INFO - Processing file /home/airflow/.local/lib/python3.7/site-packages/airflow/example_dags/example_python_operator.py for tasks to queue
[2024-04-25T01:14:01.956+0000] {logging_mixin.py:117} INFO - [2024-04-25T01:14:01.956+0000] {dagbag.py:525} INFO - Filling up the DagBag from /home/airflow/.local/lib/python3.7/site-packages/airflow/example_dags/example_python_operator.py
[2024-04-25T01:14:01.987+0000] {processor.py:768} INFO - DAG(s) dict_keys(['example_python_operator']) retrieved from /home/airflow/.local/lib/python3.7/site-packages/airflow/example_dags/example_python_operator.py
[2024-04-25T01:14:02.037+0000] {logging_mixin.py:117} INFO - [2024-04-25T01:14:02.037+0000] {dag.py:2573} INFO - Sync 1 DAGs
[2024-04-25T01:14:02.066+0000] {logging_mixin.py:117} INFO - [2024-04-25T01:14:02.066+0000] {dag.py:3328} INFO - Setting next_dagrun for example_python_operator to None, run_after=None
[2024-04-25T01:14:02.093+0000] {processor.py:178} INFO - Processing /home/airflow/.local/lib/python3.7/site-packages/airflow/example_dags/example_python_operator.py took 0.143 seconds
[2024-04-25T01:14:32.373+0000] {processor.py:156} INFO - Started process (PID=8644) to work on /home/airflow/.local/lib/python3.7/site-packages/airflow/example_dags/example_python_operator.py
[2024-04-25T01:14:32.374+0000] {processor.py:758} INFO - Processing file /home/airflow/.local/lib/python3.7/site-packages/airflow/example_dags/example_python_operator.py for tasks to queue
[2024-04-25T01:14:32.375+0000] {logging_mixin.py:117} INFO - [2024-04-25T01:14:32.375+0000] {dagbag.py:525} INFO - Filling up the DagBag from /home/airflow/.local/lib/python3.7/site-packages/airflow/example_dags/example_python_operator.py
[2024-04-25T01:14:32.403+0000] {processor.py:768} INFO - DAG(s) dict_keys(['example_python_operator']) retrieved from /home/airflow/.local/lib/python3.7/site-packages/airflow/example_dags/example_python_operator.py
[2024-04-25T01:14:32.437+0000] {logging_mixin.py:117} INFO - [2024-04-25T01:14:32.437+0000] {dag.py:2573} INFO - Sync 1 DAGs
[2024-04-25T01:14:32.459+0000] {logging_mixin.py:117} INFO - [2024-04-25T01:14:32.459+0000] {dag.py:3328} INFO - Setting next_dagrun for example_python_operator to None, run_after=None
[2024-04-25T01:14:32.479+0000] {processor.py:178} INFO - Processing /home/airflow/.local/lib/python3.7/site-packages/airflow/example_dags/example_python_operator.py took 0.111 seconds
[2024-04-25T01:15:02.962+0000] {processor.py:156} INFO - Started process (PID=8862) to work on /home/airflow/.local/lib/python3.7/site-packages/airflow/example_dags/example_python_operator.py
[2024-04-25T01:15:02.963+0000] {processor.py:758} INFO - Processing file /home/airflow/.local/lib/python3.7/site-packages/airflow/example_dags/example_python_operator.py for tasks to queue
[2024-04-25T01:15:02.964+0000] {logging_mixin.py:117} INFO - [2024-04-25T01:15:02.964+0000] {dagbag.py:525} INFO - Filling up the DagBag from /home/airflow/.local/lib/python3.7/site-packages/airflow/example_dags/example_python_operator.py
[2024-04-25T01:15:02.996+0000] {processor.py:768} INFO - DAG(s) dict_keys(['example_python_operator']) retrieved from /home/airflow/.local/lib/python3.7/site-packages/airflow/example_dags/example_python_operator.py
[2024-04-25T01:15:03.043+0000] {logging_mixin.py:117} INFO - [2024-04-25T01:15:03.043+0000] {dag.py:2573} INFO - Sync 1 DAGs
[2024-04-25T01:15:03.074+0000] {logging_mixin.py:117} INFO - [2024-04-25T01:15:03.074+0000] {dag.py:3328} INFO - Setting next_dagrun for example_python_operator to None, run_after=None
[2024-04-25T01:15:03.098+0000] {processor.py:178} INFO - Processing /home/airflow/.local/lib/python3.7/site-packages/airflow/example_dags/example_python_operator.py took 0.140 seconds
[2024-04-25T01:15:34.119+0000] {processor.py:156} INFO - Started process (PID=9079) to work on /home/airflow/.local/lib/python3.7/site-packages/airflow/example_dags/example_python_operator.py
[2024-04-25T01:15:34.126+0000] {processor.py:758} INFO - Processing file /home/airflow/.local/lib/python3.7/site-packages/airflow/example_dags/example_python_operator.py for tasks to queue
[2024-04-25T01:15:34.127+0000] {logging_mixin.py:117} INFO - [2024-04-25T01:15:34.127+0000] {dagbag.py:525} INFO - Filling up the DagBag from /home/airflow/.local/lib/python3.7/site-packages/airflow/example_dags/example_python_operator.py
[2024-04-25T01:15:34.188+0000] {processor.py:768} INFO - DAG(s) dict_keys(['example_python_operator']) retrieved from /home/airflow/.local/lib/python3.7/site-packages/airflow/example_dags/example_python_operator.py
[2024-04-25T01:15:34.267+0000] {logging_mixin.py:117} INFO - [2024-04-25T01:15:34.267+0000] {dag.py:2573} INFO - Sync 1 DAGs
[2024-04-25T01:15:34.298+0000] {logging_mixin.py:117} INFO - [2024-04-25T01:15:34.298+0000] {dag.py:3328} INFO - Setting next_dagrun for example_python_operator to None, run_after=None
[2024-04-25T01:15:34.323+0000] {processor.py:178} INFO - Processing /home/airflow/.local/lib/python3.7/site-packages/airflow/example_dags/example_python_operator.py took 0.207 seconds
[2024-04-25T01:16:04.672+0000] {processor.py:156} INFO - Started process (PID=9291) to work on /home/airflow/.local/lib/python3.7/site-packages/airflow/example_dags/example_python_operator.py
[2024-04-25T01:16:04.673+0000] {processor.py:758} INFO - Processing file /home/airflow/.local/lib/python3.7/site-packages/airflow/example_dags/example_python_operator.py for tasks to queue
[2024-04-25T01:16:04.674+0000] {logging_mixin.py:117} INFO - [2024-04-25T01:16:04.674+0000] {dagbag.py:525} INFO - Filling up the DagBag from /home/airflow/.local/lib/python3.7/site-packages/airflow/example_dags/example_python_operator.py
[2024-04-25T01:16:04.708+0000] {processor.py:768} INFO - DAG(s) dict_keys(['example_python_operator']) retrieved from /home/airflow/.local/lib/python3.7/site-packages/airflow/example_dags/example_python_operator.py
[2024-04-25T01:16:04.791+0000] {logging_mixin.py:117} INFO - [2024-04-25T01:16:04.791+0000] {dag.py:2573} INFO - Sync 1 DAGs
[2024-04-25T01:16:04.867+0000] {logging_mixin.py:117} INFO - [2024-04-25T01:16:04.867+0000] {dag.py:3328} INFO - Setting next_dagrun for example_python_operator to None, run_after=None
[2024-04-25T01:16:04.906+0000] {processor.py:178} INFO - Processing /home/airflow/.local/lib/python3.7/site-packages/airflow/example_dags/example_python_operator.py took 0.238 seconds
[2024-04-25T01:16:35.919+0000] {processor.py:156} INFO - Started process (PID=9511) to work on /home/airflow/.local/lib/python3.7/site-packages/airflow/example_dags/example_python_operator.py
[2024-04-25T01:16:35.920+0000] {processor.py:758} INFO - Processing file /home/airflow/.local/lib/python3.7/site-packages/airflow/example_dags/example_python_operator.py for tasks to queue
[2024-04-25T01:16:35.921+0000] {logging_mixin.py:117} INFO - [2024-04-25T01:16:35.921+0000] {dagbag.py:525} INFO - Filling up the DagBag from /home/airflow/.local/lib/python3.7/site-packages/airflow/example_dags/example_python_operator.py
[2024-04-25T01:16:36.082+0000] {processor.py:768} INFO - DAG(s) dict_keys(['example_python_operator']) retrieved from /home/airflow/.local/lib/python3.7/site-packages/airflow/example_dags/example_python_operator.py
[2024-04-25T01:16:36.198+0000] {logging_mixin.py:117} INFO - [2024-04-25T01:16:36.198+0000] {dag.py:2573} INFO - Sync 1 DAGs
[2024-04-25T01:16:36.230+0000] {logging_mixin.py:117} INFO - [2024-04-25T01:16:36.230+0000] {dag.py:3328} INFO - Setting next_dagrun for example_python_operator to None, run_after=None
[2024-04-25T01:16:36.259+0000] {processor.py:178} INFO - Processing /home/airflow/.local/lib/python3.7/site-packages/airflow/example_dags/example_python_operator.py took 0.344 seconds
[2024-04-25T01:17:06.637+0000] {processor.py:156} INFO - Started process (PID=9727) to work on /home/airflow/.local/lib/python3.7/site-packages/airflow/example_dags/example_python_operator.py
[2024-04-25T01:17:06.638+0000] {processor.py:758} INFO - Processing file /home/airflow/.local/lib/python3.7/site-packages/airflow/example_dags/example_python_operator.py for tasks to queue
[2024-04-25T01:17:06.639+0000] {logging_mixin.py:117} INFO - [2024-04-25T01:17:06.639+0000] {dagbag.py:525} INFO - Filling up the DagBag from /home/airflow/.local/lib/python3.7/site-packages/airflow/example_dags/example_python_operator.py
[2024-04-25T01:17:06.686+0000] {processor.py:768} INFO - DAG(s) dict_keys(['example_python_operator']) retrieved from /home/airflow/.local/lib/python3.7/site-packages/airflow/example_dags/example_python_operator.py
[2024-04-25T01:17:06.758+0000] {logging_mixin.py:117} INFO - [2024-04-25T01:17:06.757+0000] {dag.py:2573} INFO - Sync 1 DAGs
[2024-04-25T01:17:06.823+0000] {logging_mixin.py:117} INFO - [2024-04-25T01:17:06.823+0000] {dag.py:3328} INFO - Setting next_dagrun for example_python_operator to None, run_after=None
[2024-04-25T01:17:06.897+0000] {processor.py:178} INFO - Processing /home/airflow/.local/lib/python3.7/site-packages/airflow/example_dags/example_python_operator.py took 0.263 seconds
[2024-04-25T01:17:37.168+0000] {processor.py:156} INFO - Started process (PID=9937) to work on /home/airflow/.local/lib/python3.7/site-packages/airflow/example_dags/example_python_operator.py
[2024-04-25T01:17:37.169+0000] {processor.py:758} INFO - Processing file /home/airflow/.local/lib/python3.7/site-packages/airflow/example_dags/example_python_operator.py for tasks to queue
[2024-04-25T01:17:37.169+0000] {logging_mixin.py:117} INFO - [2024-04-25T01:17:37.169+0000] {dagbag.py:525} INFO - Filling up the DagBag from /home/airflow/.local/lib/python3.7/site-packages/airflow/example_dags/example_python_operator.py
[2024-04-25T01:17:37.230+0000] {processor.py:768} INFO - DAG(s) dict_keys(['example_python_operator']) retrieved from /home/airflow/.local/lib/python3.7/site-packages/airflow/example_dags/example_python_operator.py
[2024-04-25T01:17:37.307+0000] {logging_mixin.py:117} INFO - [2024-04-25T01:17:37.307+0000] {dag.py:2573} INFO - Sync 1 DAGs
[2024-04-25T01:17:37.340+0000] {logging_mixin.py:117} INFO - [2024-04-25T01:17:37.340+0000] {dag.py:3328} INFO - Setting next_dagrun for example_python_operator to None, run_after=None
[2024-04-25T01:17:37.366+0000] {processor.py:178} INFO - Processing /home/airflow/.local/lib/python3.7/site-packages/airflow/example_dags/example_python_operator.py took 0.204 seconds
[2024-04-25T01:18:07.872+0000] {processor.py:156} INFO - Started process (PID=10154) to work on /home/airflow/.local/lib/python3.7/site-packages/airflow/example_dags/example_python_operator.py
[2024-04-25T01:18:07.873+0000] {processor.py:758} INFO - Processing file /home/airflow/.local/lib/python3.7/site-packages/airflow/example_dags/example_python_operator.py for tasks to queue
[2024-04-25T01:18:07.874+0000] {logging_mixin.py:117} INFO - [2024-04-25T01:18:07.874+0000] {dagbag.py:525} INFO - Filling up the DagBag from /home/airflow/.local/lib/python3.7/site-packages/airflow/example_dags/example_python_operator.py
[2024-04-25T01:18:07.906+0000] {processor.py:768} INFO - DAG(s) dict_keys(['example_python_operator']) retrieved from /home/airflow/.local/lib/python3.7/site-packages/airflow/example_dags/example_python_operator.py
[2024-04-25T01:18:07.956+0000] {logging_mixin.py:117} INFO - [2024-04-25T01:18:07.956+0000] {dag.py:2573} INFO - Sync 1 DAGs
[2024-04-25T01:18:07.984+0000] {logging_mixin.py:117} INFO - [2024-04-25T01:18:07.984+0000] {dag.py:3328} INFO - Setting next_dagrun for example_python_operator to None, run_after=None
[2024-04-25T01:18:08.013+0000] {processor.py:178} INFO - Processing /home/airflow/.local/lib/python3.7/site-packages/airflow/example_dags/example_python_operator.py took 0.145 seconds
[2024-04-25T01:18:39.314+0000] {processor.py:156} INFO - Started process (PID=10365) to work on /home/airflow/.local/lib/python3.7/site-packages/airflow/example_dags/example_python_operator.py
[2024-04-25T01:18:39.315+0000] {processor.py:758} INFO - Processing file /home/airflow/.local/lib/python3.7/site-packages/airflow/example_dags/example_python_operator.py for tasks to queue
[2024-04-25T01:18:39.316+0000] {logging_mixin.py:117} INFO - [2024-04-25T01:18:39.315+0000] {dagbag.py:525} INFO - Filling up the DagBag from /home/airflow/.local/lib/python3.7/site-packages/airflow/example_dags/example_python_operator.py
[2024-04-25T01:18:39.348+0000] {processor.py:768} INFO - DAG(s) dict_keys(['example_python_operator']) retrieved from /home/airflow/.local/lib/python3.7/site-packages/airflow/example_dags/example_python_operator.py
[2024-04-25T01:18:39.399+0000] {logging_mixin.py:117} INFO - [2024-04-25T01:18:39.398+0000] {dag.py:2573} INFO - Sync 1 DAGs
[2024-04-25T01:18:39.429+0000] {logging_mixin.py:117} INFO - [2024-04-25T01:18:39.429+0000] {dag.py:3328} INFO - Setting next_dagrun for example_python_operator to None, run_after=None
[2024-04-25T01:18:39.470+0000] {processor.py:178} INFO - Processing /home/airflow/.local/lib/python3.7/site-packages/airflow/example_dags/example_python_operator.py took 0.160 seconds
[2024-04-25T01:19:10.572+0000] {processor.py:156} INFO - Started process (PID=10580) to work on /home/airflow/.local/lib/python3.7/site-packages/airflow/example_dags/example_python_operator.py
[2024-04-25T01:19:10.572+0000] {processor.py:758} INFO - Processing file /home/airflow/.local/lib/python3.7/site-packages/airflow/example_dags/example_python_operator.py for tasks to queue
[2024-04-25T01:19:10.573+0000] {logging_mixin.py:117} INFO - [2024-04-25T01:19:10.573+0000] {dagbag.py:525} INFO - Filling up the DagBag from /home/airflow/.local/lib/python3.7/site-packages/airflow/example_dags/example_python_operator.py
[2024-04-25T01:19:10.605+0000] {processor.py:768} INFO - DAG(s) dict_keys(['example_python_operator']) retrieved from /home/airflow/.local/lib/python3.7/site-packages/airflow/example_dags/example_python_operator.py
[2024-04-25T01:19:10.654+0000] {logging_mixin.py:117} INFO - [2024-04-25T01:19:10.653+0000] {dag.py:2573} INFO - Sync 1 DAGs
[2024-04-25T01:19:10.698+0000] {logging_mixin.py:117} INFO - [2024-04-25T01:19:10.698+0000] {dag.py:3328} INFO - Setting next_dagrun for example_python_operator to None, run_after=None
[2024-04-25T01:19:10.724+0000] {processor.py:178} INFO - Processing /home/airflow/.local/lib/python3.7/site-packages/airflow/example_dags/example_python_operator.py took 0.155 seconds
[2024-04-25T01:19:41.748+0000] {processor.py:156} INFO - Started process (PID=10800) to work on /home/airflow/.local/lib/python3.7/site-packages/airflow/example_dags/example_python_operator.py
[2024-04-25T01:19:41.748+0000] {processor.py:758} INFO - Processing file /home/airflow/.local/lib/python3.7/site-packages/airflow/example_dags/example_python_operator.py for tasks to queue
[2024-04-25T01:19:41.749+0000] {logging_mixin.py:117} INFO - [2024-04-25T01:19:41.749+0000] {dagbag.py:525} INFO - Filling up the DagBag from /home/airflow/.local/lib/python3.7/site-packages/airflow/example_dags/example_python_operator.py
[2024-04-25T01:19:41.771+0000] {processor.py:768} INFO - DAG(s) dict_keys(['example_python_operator']) retrieved from /home/airflow/.local/lib/python3.7/site-packages/airflow/example_dags/example_python_operator.py
[2024-04-25T01:19:41.805+0000] {logging_mixin.py:117} INFO - [2024-04-25T01:19:41.805+0000] {dag.py:2573} INFO - Sync 1 DAGs
[2024-04-25T01:19:41.824+0000] {logging_mixin.py:117} INFO - [2024-04-25T01:19:41.824+0000] {dag.py:3328} INFO - Setting next_dagrun for example_python_operator to None, run_after=None
[2024-04-25T01:19:41.847+0000] {processor.py:178} INFO - Processing /home/airflow/.local/lib/python3.7/site-packages/airflow/example_dags/example_python_operator.py took 0.101 seconds
[2024-04-25T01:20:13.057+0000] {processor.py:156} INFO - Started process (PID=11016) to work on /home/airflow/.local/lib/python3.7/site-packages/airflow/example_dags/example_python_operator.py
[2024-04-25T01:20:13.058+0000] {processor.py:758} INFO - Processing file /home/airflow/.local/lib/python3.7/site-packages/airflow/example_dags/example_python_operator.py for tasks to queue
[2024-04-25T01:20:13.059+0000] {logging_mixin.py:117} INFO - [2024-04-25T01:20:13.059+0000] {dagbag.py:525} INFO - Filling up the DagBag from /home/airflow/.local/lib/python3.7/site-packages/airflow/example_dags/example_python_operator.py
[2024-04-25T01:20:13.091+0000] {processor.py:768} INFO - DAG(s) dict_keys(['example_python_operator']) retrieved from /home/airflow/.local/lib/python3.7/site-packages/airflow/example_dags/example_python_operator.py
[2024-04-25T01:20:13.139+0000] {logging_mixin.py:117} INFO - [2024-04-25T01:20:13.139+0000] {dag.py:2573} INFO - Sync 1 DAGs
[2024-04-25T01:20:13.166+0000] {logging_mixin.py:117} INFO - [2024-04-25T01:20:13.166+0000] {dag.py:3328} INFO - Setting next_dagrun for example_python_operator to None, run_after=None
[2024-04-25T01:20:13.199+0000] {processor.py:178} INFO - Processing /home/airflow/.local/lib/python3.7/site-packages/airflow/example_dags/example_python_operator.py took 0.145 seconds
[2024-04-25T01:20:43.747+0000] {processor.py:156} INFO - Started process (PID=11225) to work on /home/airflow/.local/lib/python3.7/site-packages/airflow/example_dags/example_python_operator.py
[2024-04-25T01:20:43.748+0000] {processor.py:758} INFO - Processing file /home/airflow/.local/lib/python3.7/site-packages/airflow/example_dags/example_python_operator.py for tasks to queue
[2024-04-25T01:20:43.749+0000] {logging_mixin.py:117} INFO - [2024-04-25T01:20:43.749+0000] {dagbag.py:525} INFO - Filling up the DagBag from /home/airflow/.local/lib/python3.7/site-packages/airflow/example_dags/example_python_operator.py
[2024-04-25T01:20:43.782+0000] {processor.py:768} INFO - DAG(s) dict_keys(['example_python_operator']) retrieved from /home/airflow/.local/lib/python3.7/site-packages/airflow/example_dags/example_python_operator.py
[2024-04-25T01:20:43.835+0000] {logging_mixin.py:117} INFO - [2024-04-25T01:20:43.835+0000] {dag.py:2573} INFO - Sync 1 DAGs
[2024-04-25T01:20:43.878+0000] {logging_mixin.py:117} INFO - [2024-04-25T01:20:43.877+0000] {dag.py:3328} INFO - Setting next_dagrun for example_python_operator to None, run_after=None
[2024-04-25T01:20:43.916+0000] {processor.py:178} INFO - Processing /home/airflow/.local/lib/python3.7/site-packages/airflow/example_dags/example_python_operator.py took 0.172 seconds
[2024-04-25T01:21:14.406+0000] {processor.py:156} INFO - Started process (PID=11447) to work on /home/airflow/.local/lib/python3.7/site-packages/airflow/example_dags/example_python_operator.py
[2024-04-25T01:21:14.407+0000] {processor.py:758} INFO - Processing file /home/airflow/.local/lib/python3.7/site-packages/airflow/example_dags/example_python_operator.py for tasks to queue
[2024-04-25T01:21:14.408+0000] {logging_mixin.py:117} INFO - [2024-04-25T01:21:14.408+0000] {dagbag.py:525} INFO - Filling up the DagBag from /home/airflow/.local/lib/python3.7/site-packages/airflow/example_dags/example_python_operator.py
[2024-04-25T01:21:14.430+0000] {processor.py:768} INFO - DAG(s) dict_keys(['example_python_operator']) retrieved from /home/airflow/.local/lib/python3.7/site-packages/airflow/example_dags/example_python_operator.py
[2024-04-25T01:21:14.463+0000] {logging_mixin.py:117} INFO - [2024-04-25T01:21:14.463+0000] {dag.py:2573} INFO - Sync 1 DAGs
[2024-04-25T01:21:14.483+0000] {logging_mixin.py:117} INFO - [2024-04-25T01:21:14.483+0000] {dag.py:3328} INFO - Setting next_dagrun for example_python_operator to None, run_after=None
[2024-04-25T01:21:14.504+0000] {processor.py:178} INFO - Processing /home/airflow/.local/lib/python3.7/site-packages/airflow/example_dags/example_python_operator.py took 0.100 seconds
[2024-04-25T01:21:45.183+0000] {processor.py:156} INFO - Started process (PID=11664) to work on /home/airflow/.local/lib/python3.7/site-packages/airflow/example_dags/example_python_operator.py
[2024-04-25T01:21:45.184+0000] {processor.py:758} INFO - Processing file /home/airflow/.local/lib/python3.7/site-packages/airflow/example_dags/example_python_operator.py for tasks to queue
[2024-04-25T01:21:45.185+0000] {logging_mixin.py:117} INFO - [2024-04-25T01:21:45.184+0000] {dagbag.py:525} INFO - Filling up the DagBag from /home/airflow/.local/lib/python3.7/site-packages/airflow/example_dags/example_python_operator.py
[2024-04-25T01:21:45.252+0000] {processor.py:768} INFO - DAG(s) dict_keys(['example_python_operator']) retrieved from /home/airflow/.local/lib/python3.7/site-packages/airflow/example_dags/example_python_operator.py
[2024-04-25T01:21:45.302+0000] {logging_mixin.py:117} INFO - [2024-04-25T01:21:45.302+0000] {dag.py:2573} INFO - Sync 1 DAGs
[2024-04-25T01:21:45.333+0000] {logging_mixin.py:117} INFO - [2024-04-25T01:21:45.333+0000] {dag.py:3328} INFO - Setting next_dagrun for example_python_operator to None, run_after=None
[2024-04-25T01:21:45.362+0000] {processor.py:178} INFO - Processing /home/airflow/.local/lib/python3.7/site-packages/airflow/example_dags/example_python_operator.py took 0.182 seconds
[2024-04-25T01:22:16.044+0000] {processor.py:156} INFO - Started process (PID=11874) to work on /home/airflow/.local/lib/python3.7/site-packages/airflow/example_dags/example_python_operator.py
[2024-04-25T01:22:16.045+0000] {processor.py:758} INFO - Processing file /home/airflow/.local/lib/python3.7/site-packages/airflow/example_dags/example_python_operator.py for tasks to queue
[2024-04-25T01:22:16.046+0000] {logging_mixin.py:117} INFO - [2024-04-25T01:22:16.046+0000] {dagbag.py:525} INFO - Filling up the DagBag from /home/airflow/.local/lib/python3.7/site-packages/airflow/example_dags/example_python_operator.py
[2024-04-25T01:22:16.080+0000] {processor.py:768} INFO - DAG(s) dict_keys(['example_python_operator']) retrieved from /home/airflow/.local/lib/python3.7/site-packages/airflow/example_dags/example_python_operator.py
[2024-04-25T01:22:16.131+0000] {logging_mixin.py:117} INFO - [2024-04-25T01:22:16.131+0000] {dag.py:2573} INFO - Sync 1 DAGs
[2024-04-25T01:22:16.163+0000] {logging_mixin.py:117} INFO - [2024-04-25T01:22:16.162+0000] {dag.py:3328} INFO - Setting next_dagrun for example_python_operator to None, run_after=None
[2024-04-25T01:22:16.188+0000] {processor.py:178} INFO - Processing /home/airflow/.local/lib/python3.7/site-packages/airflow/example_dags/example_python_operator.py took 0.148 seconds
[2024-04-25T01:22:46.561+0000] {processor.py:156} INFO - Started process (PID=12089) to work on /home/airflow/.local/lib/python3.7/site-packages/airflow/example_dags/example_python_operator.py
[2024-04-25T01:22:46.562+0000] {processor.py:758} INFO - Processing file /home/airflow/.local/lib/python3.7/site-packages/airflow/example_dags/example_python_operator.py for tasks to queue
[2024-04-25T01:22:46.563+0000] {logging_mixin.py:117} INFO - [2024-04-25T01:22:46.563+0000] {dagbag.py:525} INFO - Filling up the DagBag from /home/airflow/.local/lib/python3.7/site-packages/airflow/example_dags/example_python_operator.py
[2024-04-25T01:22:46.597+0000] {processor.py:768} INFO - DAG(s) dict_keys(['example_python_operator']) retrieved from /home/airflow/.local/lib/python3.7/site-packages/airflow/example_dags/example_python_operator.py
[2024-04-25T01:22:46.649+0000] {logging_mixin.py:117} INFO - [2024-04-25T01:22:46.649+0000] {dag.py:2573} INFO - Sync 1 DAGs
[2024-04-25T01:22:46.683+0000] {logging_mixin.py:117} INFO - [2024-04-25T01:22:46.683+0000] {dag.py:3328} INFO - Setting next_dagrun for example_python_operator to None, run_after=None
[2024-04-25T01:22:46.734+0000] {processor.py:178} INFO - Processing /home/airflow/.local/lib/python3.7/site-packages/airflow/example_dags/example_python_operator.py took 0.176 seconds
[2024-04-25T01:23:17.827+0000] {processor.py:156} INFO - Started process (PID=12307) to work on /home/airflow/.local/lib/python3.7/site-packages/airflow/example_dags/example_python_operator.py
[2024-04-25T01:23:17.827+0000] {processor.py:758} INFO - Processing file /home/airflow/.local/lib/python3.7/site-packages/airflow/example_dags/example_python_operator.py for tasks to queue
[2024-04-25T01:23:17.828+0000] {logging_mixin.py:117} INFO - [2024-04-25T01:23:17.828+0000] {dagbag.py:525} INFO - Filling up the DagBag from /home/airflow/.local/lib/python3.7/site-packages/airflow/example_dags/example_python_operator.py
[2024-04-25T01:23:17.859+0000] {processor.py:768} INFO - DAG(s) dict_keys(['example_python_operator']) retrieved from /home/airflow/.local/lib/python3.7/site-packages/airflow/example_dags/example_python_operator.py
[2024-04-25T01:23:17.907+0000] {logging_mixin.py:117} INFO - [2024-04-25T01:23:17.907+0000] {dag.py:2573} INFO - Sync 1 DAGs
[2024-04-25T01:23:17.953+0000] {logging_mixin.py:117} INFO - [2024-04-25T01:23:17.953+0000] {dag.py:3328} INFO - Setting next_dagrun for example_python_operator to None, run_after=None
[2024-04-25T01:23:17.997+0000] {processor.py:178} INFO - Processing /home/airflow/.local/lib/python3.7/site-packages/airflow/example_dags/example_python_operator.py took 0.173 seconds
[2024-04-25T01:23:48.433+0000] {processor.py:156} INFO - Started process (PID=12516) to work on /home/airflow/.local/lib/python3.7/site-packages/airflow/example_dags/example_python_operator.py
[2024-04-25T01:23:48.435+0000] {processor.py:758} INFO - Processing file /home/airflow/.local/lib/python3.7/site-packages/airflow/example_dags/example_python_operator.py for tasks to queue
[2024-04-25T01:23:48.436+0000] {logging_mixin.py:117} INFO - [2024-04-25T01:23:48.436+0000] {dagbag.py:525} INFO - Filling up the DagBag from /home/airflow/.local/lib/python3.7/site-packages/airflow/example_dags/example_python_operator.py
[2024-04-25T01:23:48.466+0000] {processor.py:768} INFO - DAG(s) dict_keys(['example_python_operator']) retrieved from /home/airflow/.local/lib/python3.7/site-packages/airflow/example_dags/example_python_operator.py
[2024-04-25T01:23:48.518+0000] {logging_mixin.py:117} INFO - [2024-04-25T01:23:48.518+0000] {dag.py:2573} INFO - Sync 1 DAGs
[2024-04-25T01:23:48.552+0000] {logging_mixin.py:117} INFO - [2024-04-25T01:23:48.552+0000] {dag.py:3328} INFO - Setting next_dagrun for example_python_operator to None, run_after=None
[2024-04-25T01:23:48.576+0000] {processor.py:178} INFO - Processing /home/airflow/.local/lib/python3.7/site-packages/airflow/example_dags/example_python_operator.py took 0.147 seconds
[2024-04-25T01:24:18.694+0000] {processor.py:156} INFO - Started process (PID=12734) to work on /home/airflow/.local/lib/python3.7/site-packages/airflow/example_dags/example_python_operator.py
[2024-04-25T01:24:18.695+0000] {processor.py:758} INFO - Processing file /home/airflow/.local/lib/python3.7/site-packages/airflow/example_dags/example_python_operator.py for tasks to queue
[2024-04-25T01:24:18.695+0000] {logging_mixin.py:117} INFO - [2024-04-25T01:24:18.695+0000] {dagbag.py:525} INFO - Filling up the DagBag from /home/airflow/.local/lib/python3.7/site-packages/airflow/example_dags/example_python_operator.py
[2024-04-25T01:24:18.727+0000] {processor.py:768} INFO - DAG(s) dict_keys(['example_python_operator']) retrieved from /home/airflow/.local/lib/python3.7/site-packages/airflow/example_dags/example_python_operator.py
[2024-04-25T01:24:18.775+0000] {logging_mixin.py:117} INFO - [2024-04-25T01:24:18.775+0000] {dag.py:2573} INFO - Sync 1 DAGs
[2024-04-25T01:24:18.801+0000] {logging_mixin.py:117} INFO - [2024-04-25T01:24:18.801+0000] {dag.py:3328} INFO - Setting next_dagrun for example_python_operator to None, run_after=None
[2024-04-25T01:24:18.826+0000] {processor.py:178} INFO - Processing /home/airflow/.local/lib/python3.7/site-packages/airflow/example_dags/example_python_operator.py took 0.136 seconds
[2024-04-25T01:24:51.012+0000] {processor.py:156} INFO - Started process (PID=12952) to work on /home/airflow/.local/lib/python3.7/site-packages/airflow/example_dags/example_python_operator.py
[2024-04-25T01:24:51.013+0000] {processor.py:758} INFO - Processing file /home/airflow/.local/lib/python3.7/site-packages/airflow/example_dags/example_python_operator.py for tasks to queue
[2024-04-25T01:24:51.014+0000] {logging_mixin.py:117} INFO - [2024-04-25T01:24:51.014+0000] {dagbag.py:525} INFO - Filling up the DagBag from /home/airflow/.local/lib/python3.7/site-packages/airflow/example_dags/example_python_operator.py
[2024-04-25T01:24:51.077+0000] {processor.py:768} INFO - DAG(s) dict_keys(['example_python_operator']) retrieved from /home/airflow/.local/lib/python3.7/site-packages/airflow/example_dags/example_python_operator.py
[2024-04-25T01:24:51.188+0000] {logging_mixin.py:117} INFO - [2024-04-25T01:24:51.188+0000] {dag.py:2573} INFO - Sync 1 DAGs
[2024-04-25T01:24:51.243+0000] {logging_mixin.py:117} INFO - [2024-04-25T01:24:51.243+0000] {dag.py:3328} INFO - Setting next_dagrun for example_python_operator to None, run_after=None
[2024-04-25T01:24:51.313+0000] {processor.py:178} INFO - Processing /home/airflow/.local/lib/python3.7/site-packages/airflow/example_dags/example_python_operator.py took 0.304 seconds
[2024-04-25T01:25:21.479+0000] {processor.py:156} INFO - Started process (PID=13161) to work on /home/airflow/.local/lib/python3.7/site-packages/airflow/example_dags/example_python_operator.py
[2024-04-25T01:25:21.480+0000] {processor.py:758} INFO - Processing file /home/airflow/.local/lib/python3.7/site-packages/airflow/example_dags/example_python_operator.py for tasks to queue
[2024-04-25T01:25:21.481+0000] {logging_mixin.py:117} INFO - [2024-04-25T01:25:21.481+0000] {dagbag.py:525} INFO - Filling up the DagBag from /home/airflow/.local/lib/python3.7/site-packages/airflow/example_dags/example_python_operator.py
[2024-04-25T01:25:21.514+0000] {processor.py:768} INFO - DAG(s) dict_keys(['example_python_operator']) retrieved from /home/airflow/.local/lib/python3.7/site-packages/airflow/example_dags/example_python_operator.py
[2024-04-25T01:25:21.564+0000] {logging_mixin.py:117} INFO - [2024-04-25T01:25:21.564+0000] {dag.py:2573} INFO - Sync 1 DAGs
[2024-04-25T01:25:21.612+0000] {logging_mixin.py:117} INFO - [2024-04-25T01:25:21.612+0000] {dag.py:3328} INFO - Setting next_dagrun for example_python_operator to None, run_after=None
[2024-04-25T01:25:21.639+0000] {processor.py:178} INFO - Processing /home/airflow/.local/lib/python3.7/site-packages/airflow/example_dags/example_python_operator.py took 0.164 seconds
[2024-04-25T01:25:51.894+0000] {processor.py:156} INFO - Started process (PID=13378) to work on /home/airflow/.local/lib/python3.7/site-packages/airflow/example_dags/example_python_operator.py
[2024-04-25T01:25:51.895+0000] {processor.py:758} INFO - Processing file /home/airflow/.local/lib/python3.7/site-packages/airflow/example_dags/example_python_operator.py for tasks to queue
[2024-04-25T01:25:51.896+0000] {logging_mixin.py:117} INFO - [2024-04-25T01:25:51.896+0000] {dagbag.py:525} INFO - Filling up the DagBag from /home/airflow/.local/lib/python3.7/site-packages/airflow/example_dags/example_python_operator.py
[2024-04-25T01:25:51.929+0000] {processor.py:768} INFO - DAG(s) dict_keys(['example_python_operator']) retrieved from /home/airflow/.local/lib/python3.7/site-packages/airflow/example_dags/example_python_operator.py
[2024-04-25T01:25:51.980+0000] {logging_mixin.py:117} INFO - [2024-04-25T01:25:51.980+0000] {dag.py:2573} INFO - Sync 1 DAGs
[2024-04-25T01:25:52.008+0000] {logging_mixin.py:117} INFO - [2024-04-25T01:25:52.008+0000] {dag.py:3328} INFO - Setting next_dagrun for example_python_operator to None, run_after=None
[2024-04-25T01:25:52.034+0000] {processor.py:178} INFO - Processing /home/airflow/.local/lib/python3.7/site-packages/airflow/example_dags/example_python_operator.py took 0.143 seconds
[2024-04-25T01:26:23.285+0000] {processor.py:156} INFO - Started process (PID=13596) to work on /home/airflow/.local/lib/python3.7/site-packages/airflow/example_dags/example_python_operator.py
[2024-04-25T01:26:23.285+0000] {processor.py:758} INFO - Processing file /home/airflow/.local/lib/python3.7/site-packages/airflow/example_dags/example_python_operator.py for tasks to queue
[2024-04-25T01:26:23.286+0000] {logging_mixin.py:117} INFO - [2024-04-25T01:26:23.286+0000] {dagbag.py:525} INFO - Filling up the DagBag from /home/airflow/.local/lib/python3.7/site-packages/airflow/example_dags/example_python_operator.py
[2024-04-25T01:26:23.324+0000] {processor.py:768} INFO - DAG(s) dict_keys(['example_python_operator']) retrieved from /home/airflow/.local/lib/python3.7/site-packages/airflow/example_dags/example_python_operator.py
[2024-04-25T01:26:23.397+0000] {logging_mixin.py:117} INFO - [2024-04-25T01:26:23.397+0000] {dag.py:2573} INFO - Sync 1 DAGs
[2024-04-25T01:26:23.428+0000] {logging_mixin.py:117} INFO - [2024-04-25T01:26:23.428+0000] {dag.py:3328} INFO - Setting next_dagrun for example_python_operator to None, run_after=None
[2024-04-25T01:26:23.463+0000] {processor.py:178} INFO - Processing /home/airflow/.local/lib/python3.7/site-packages/airflow/example_dags/example_python_operator.py took 0.182 seconds
