[2024-04-25T00:54:23.009+0000] {processor.py:156} INFO - Started process (PID=186) to work on /home/airflow/.local/lib/python3.7/site-packages/airflow/example_dags/example_branch_day_of_week_operator.py
[2024-04-25T00:54:23.010+0000] {processor.py:758} INFO - Processing file /home/airflow/.local/lib/python3.7/site-packages/airflow/example_dags/example_branch_day_of_week_operator.py for tasks to queue
[2024-04-25T00:54:23.011+0000] {logging_mixin.py:117} INFO - [2024-04-25T00:54:23.010+0000] {dagbag.py:525} INFO - Filling up the DagBag from /home/airflow/.local/lib/python3.7/site-packages/airflow/example_dags/example_branch_day_of_week_operator.py
[2024-04-25T00:54:23.096+0000] {processor.py:768} INFO - DAG(s) dict_keys(['example_weekday_branch_operator']) retrieved from /home/airflow/.local/lib/python3.7/site-packages/airflow/example_dags/example_branch_day_of_week_operator.py
[2024-04-25T00:54:23.174+0000] {logging_mixin.py:117} INFO - [2024-04-25T00:54:23.174+0000] {dag.py:2573} INFO - Sync 1 DAGs
[2024-04-25T00:54:23.215+0000] {logging_mixin.py:117} INFO - [2024-04-25T00:54:23.215+0000] {dag.py:3328} INFO - Setting next_dagrun for example_weekday_branch_operator to 2024-04-24T00:00:00+00:00, run_after=2024-04-25T00:00:00+00:00
[2024-04-25T00:54:23.253+0000] {processor.py:178} INFO - Processing /home/airflow/.local/lib/python3.7/site-packages/airflow/example_dags/example_branch_day_of_week_operator.py took 0.249 seconds
[2024-04-25T00:54:54.008+0000] {processor.py:156} INFO - Started process (PID=395) to work on /home/airflow/.local/lib/python3.7/site-packages/airflow/example_dags/example_branch_day_of_week_operator.py
[2024-04-25T00:54:54.009+0000] {processor.py:758} INFO - Processing file /home/airflow/.local/lib/python3.7/site-packages/airflow/example_dags/example_branch_day_of_week_operator.py for tasks to queue
[2024-04-25T00:54:54.010+0000] {logging_mixin.py:117} INFO - [2024-04-25T00:54:54.010+0000] {dagbag.py:525} INFO - Filling up the DagBag from /home/airflow/.local/lib/python3.7/site-packages/airflow/example_dags/example_branch_day_of_week_operator.py
[2024-04-25T00:54:54.034+0000] {processor.py:768} INFO - DAG(s) dict_keys(['example_weekday_branch_operator']) retrieved from /home/airflow/.local/lib/python3.7/site-packages/airflow/example_dags/example_branch_day_of_week_operator.py
[2024-04-25T00:54:54.102+0000] {logging_mixin.py:117} INFO - [2024-04-25T00:54:54.102+0000] {dag.py:2573} INFO - Sync 1 DAGs
[2024-04-25T00:54:54.134+0000] {logging_mixin.py:117} INFO - [2024-04-25T00:54:54.134+0000] {dag.py:3328} INFO - Setting next_dagrun for example_weekday_branch_operator to 2024-04-24T00:00:00+00:00, run_after=2024-04-25T00:00:00+00:00
[2024-04-25T00:54:54.161+0000] {processor.py:178} INFO - Processing /home/airflow/.local/lib/python3.7/site-packages/airflow/example_dags/example_branch_day_of_week_operator.py took 0.156 seconds
[2024-04-25T00:55:25.072+0000] {processor.py:156} INFO - Started process (PID=612) to work on /home/airflow/.local/lib/python3.7/site-packages/airflow/example_dags/example_branch_day_of_week_operator.py
[2024-04-25T00:55:25.073+0000] {processor.py:758} INFO - Processing file /home/airflow/.local/lib/python3.7/site-packages/airflow/example_dags/example_branch_day_of_week_operator.py for tasks to queue
[2024-04-25T00:55:25.074+0000] {logging_mixin.py:117} INFO - [2024-04-25T00:55:25.074+0000] {dagbag.py:525} INFO - Filling up the DagBag from /home/airflow/.local/lib/python3.7/site-packages/airflow/example_dags/example_branch_day_of_week_operator.py
[2024-04-25T00:55:25.094+0000] {processor.py:768} INFO - DAG(s) dict_keys(['example_weekday_branch_operator']) retrieved from /home/airflow/.local/lib/python3.7/site-packages/airflow/example_dags/example_branch_day_of_week_operator.py
[2024-04-25T00:55:25.140+0000] {logging_mixin.py:117} INFO - [2024-04-25T00:55:25.140+0000] {dag.py:2573} INFO - Sync 1 DAGs
[2024-04-25T00:55:25.173+0000] {logging_mixin.py:117} INFO - [2024-04-25T00:55:25.173+0000] {dag.py:3328} INFO - Setting next_dagrun for example_weekday_branch_operator to 2024-04-24T00:00:00+00:00, run_after=2024-04-25T00:00:00+00:00
[2024-04-25T00:55:25.196+0000] {processor.py:178} INFO - Processing /home/airflow/.local/lib/python3.7/site-packages/airflow/example_dags/example_branch_day_of_week_operator.py took 0.127 seconds
[2024-04-25T00:55:56.151+0000] {processor.py:156} INFO - Started process (PID=833) to work on /home/airflow/.local/lib/python3.7/site-packages/airflow/example_dags/example_branch_day_of_week_operator.py
[2024-04-25T00:55:56.152+0000] {processor.py:758} INFO - Processing file /home/airflow/.local/lib/python3.7/site-packages/airflow/example_dags/example_branch_day_of_week_operator.py for tasks to queue
[2024-04-25T00:55:56.153+0000] {logging_mixin.py:117} INFO - [2024-04-25T00:55:56.152+0000] {dagbag.py:525} INFO - Filling up the DagBag from /home/airflow/.local/lib/python3.7/site-packages/airflow/example_dags/example_branch_day_of_week_operator.py
[2024-04-25T00:55:56.171+0000] {processor.py:768} INFO - DAG(s) dict_keys(['example_weekday_branch_operator']) retrieved from /home/airflow/.local/lib/python3.7/site-packages/airflow/example_dags/example_branch_day_of_week_operator.py
[2024-04-25T00:55:56.217+0000] {logging_mixin.py:117} INFO - [2024-04-25T00:55:56.217+0000] {dag.py:2573} INFO - Sync 1 DAGs
[2024-04-25T00:55:56.251+0000] {logging_mixin.py:117} INFO - [2024-04-25T00:55:56.250+0000] {dag.py:3328} INFO - Setting next_dagrun for example_weekday_branch_operator to 2024-04-24T00:00:00+00:00, run_after=2024-04-25T00:00:00+00:00
[2024-04-25T00:55:56.279+0000] {processor.py:178} INFO - Processing /home/airflow/.local/lib/python3.7/site-packages/airflow/example_dags/example_branch_day_of_week_operator.py took 0.132 seconds
[2024-04-25T00:56:27.014+0000] {processor.py:156} INFO - Started process (PID=1041) to work on /home/airflow/.local/lib/python3.7/site-packages/airflow/example_dags/example_branch_day_of_week_operator.py
[2024-04-25T00:56:27.014+0000] {processor.py:758} INFO - Processing file /home/airflow/.local/lib/python3.7/site-packages/airflow/example_dags/example_branch_day_of_week_operator.py for tasks to queue
[2024-04-25T00:56:27.015+0000] {logging_mixin.py:117} INFO - [2024-04-25T00:56:27.015+0000] {dagbag.py:525} INFO - Filling up the DagBag from /home/airflow/.local/lib/python3.7/site-packages/airflow/example_dags/example_branch_day_of_week_operator.py
[2024-04-25T00:56:27.035+0000] {processor.py:768} INFO - DAG(s) dict_keys(['example_weekday_branch_operator']) retrieved from /home/airflow/.local/lib/python3.7/site-packages/airflow/example_dags/example_branch_day_of_week_operator.py
[2024-04-25T00:56:27.085+0000] {logging_mixin.py:117} INFO - [2024-04-25T00:56:27.085+0000] {dag.py:2573} INFO - Sync 1 DAGs
[2024-04-25T00:56:27.122+0000] {logging_mixin.py:117} INFO - [2024-04-25T00:56:27.122+0000] {dag.py:3328} INFO - Setting next_dagrun for example_weekday_branch_operator to 2024-04-24T00:00:00+00:00, run_after=2024-04-25T00:00:00+00:00
[2024-04-25T00:56:27.148+0000] {processor.py:178} INFO - Processing /home/airflow/.local/lib/python3.7/site-packages/airflow/example_dags/example_branch_day_of_week_operator.py took 0.137 seconds
[2024-04-25T00:56:57.950+0000] {processor.py:156} INFO - Started process (PID=1256) to work on /home/airflow/.local/lib/python3.7/site-packages/airflow/example_dags/example_branch_day_of_week_operator.py
[2024-04-25T00:56:57.951+0000] {processor.py:758} INFO - Processing file /home/airflow/.local/lib/python3.7/site-packages/airflow/example_dags/example_branch_day_of_week_operator.py for tasks to queue
[2024-04-25T00:56:57.952+0000] {logging_mixin.py:117} INFO - [2024-04-25T00:56:57.952+0000] {dagbag.py:525} INFO - Filling up the DagBag from /home/airflow/.local/lib/python3.7/site-packages/airflow/example_dags/example_branch_day_of_week_operator.py
[2024-04-25T00:56:57.972+0000] {processor.py:768} INFO - DAG(s) dict_keys(['example_weekday_branch_operator']) retrieved from /home/airflow/.local/lib/python3.7/site-packages/airflow/example_dags/example_branch_day_of_week_operator.py
[2024-04-25T00:56:58.020+0000] {logging_mixin.py:117} INFO - [2024-04-25T00:56:58.020+0000] {dag.py:2573} INFO - Sync 1 DAGs
[2024-04-25T00:56:58.089+0000] {logging_mixin.py:117} INFO - [2024-04-25T00:56:58.089+0000] {dag.py:3328} INFO - Setting next_dagrun for example_weekday_branch_operator to 2024-04-24T00:00:00+00:00, run_after=2024-04-25T00:00:00+00:00
[2024-04-25T00:56:58.259+0000] {processor.py:178} INFO - Processing /home/airflow/.local/lib/python3.7/site-packages/airflow/example_dags/example_branch_day_of_week_operator.py took 0.313 seconds
[2024-04-25T00:57:29.028+0000] {processor.py:156} INFO - Started process (PID=1473) to work on /home/airflow/.local/lib/python3.7/site-packages/airflow/example_dags/example_branch_day_of_week_operator.py
[2024-04-25T00:57:29.029+0000] {processor.py:758} INFO - Processing file /home/airflow/.local/lib/python3.7/site-packages/airflow/example_dags/example_branch_day_of_week_operator.py for tasks to queue
[2024-04-25T00:57:29.029+0000] {logging_mixin.py:117} INFO - [2024-04-25T00:57:29.029+0000] {dagbag.py:525} INFO - Filling up the DagBag from /home/airflow/.local/lib/python3.7/site-packages/airflow/example_dags/example_branch_day_of_week_operator.py
[2024-04-25T00:57:29.049+0000] {processor.py:768} INFO - DAG(s) dict_keys(['example_weekday_branch_operator']) retrieved from /home/airflow/.local/lib/python3.7/site-packages/airflow/example_dags/example_branch_day_of_week_operator.py
[2024-04-25T00:57:29.095+0000] {logging_mixin.py:117} INFO - [2024-04-25T00:57:29.094+0000] {dag.py:2573} INFO - Sync 1 DAGs
[2024-04-25T00:57:29.303+0000] {logging_mixin.py:117} INFO - [2024-04-25T00:57:29.303+0000] {dag.py:3328} INFO - Setting next_dagrun for example_weekday_branch_operator to 2024-04-24T00:00:00+00:00, run_after=2024-04-25T00:00:00+00:00
[2024-04-25T00:57:29.328+0000] {processor.py:178} INFO - Processing /home/airflow/.local/lib/python3.7/site-packages/airflow/example_dags/example_branch_day_of_week_operator.py took 0.303 seconds
[2024-04-25T00:57:59.458+0000] {processor.py:156} INFO - Started process (PID=1681) to work on /home/airflow/.local/lib/python3.7/site-packages/airflow/example_dags/example_branch_day_of_week_operator.py
[2024-04-25T00:57:59.459+0000] {processor.py:758} INFO - Processing file /home/airflow/.local/lib/python3.7/site-packages/airflow/example_dags/example_branch_day_of_week_operator.py for tasks to queue
[2024-04-25T00:57:59.460+0000] {logging_mixin.py:117} INFO - [2024-04-25T00:57:59.460+0000] {dagbag.py:525} INFO - Filling up the DagBag from /home/airflow/.local/lib/python3.7/site-packages/airflow/example_dags/example_branch_day_of_week_operator.py
[2024-04-25T00:57:59.479+0000] {processor.py:768} INFO - DAG(s) dict_keys(['example_weekday_branch_operator']) retrieved from /home/airflow/.local/lib/python3.7/site-packages/airflow/example_dags/example_branch_day_of_week_operator.py
[2024-04-25T00:57:59.667+0000] {logging_mixin.py:117} INFO - [2024-04-25T00:57:59.667+0000] {dag.py:2573} INFO - Sync 1 DAGs
[2024-04-25T00:57:59.697+0000] {logging_mixin.py:117} INFO - [2024-04-25T00:57:59.697+0000] {dag.py:3328} INFO - Setting next_dagrun for example_weekday_branch_operator to 2024-04-24T00:00:00+00:00, run_after=2024-04-25T00:00:00+00:00
[2024-04-25T00:57:59.720+0000] {processor.py:178} INFO - Processing /home/airflow/.local/lib/python3.7/site-packages/airflow/example_dags/example_branch_day_of_week_operator.py took 0.265 seconds
[2024-04-25T00:58:30.100+0000] {processor.py:156} INFO - Started process (PID=1901) to work on /home/airflow/.local/lib/python3.7/site-packages/airflow/example_dags/example_branch_day_of_week_operator.py
[2024-04-25T00:58:30.101+0000] {processor.py:758} INFO - Processing file /home/airflow/.local/lib/python3.7/site-packages/airflow/example_dags/example_branch_day_of_week_operator.py for tasks to queue
[2024-04-25T00:58:30.102+0000] {logging_mixin.py:117} INFO - [2024-04-25T00:58:30.101+0000] {dagbag.py:525} INFO - Filling up the DagBag from /home/airflow/.local/lib/python3.7/site-packages/airflow/example_dags/example_branch_day_of_week_operator.py
[2024-04-25T00:58:30.120+0000] {processor.py:768} INFO - DAG(s) dict_keys(['example_weekday_branch_operator']) retrieved from /home/airflow/.local/lib/python3.7/site-packages/airflow/example_dags/example_branch_day_of_week_operator.py
[2024-04-25T00:58:30.336+0000] {logging_mixin.py:117} INFO - [2024-04-25T00:58:30.336+0000] {dag.py:2573} INFO - Sync 1 DAGs
[2024-04-25T00:58:30.364+0000] {logging_mixin.py:117} INFO - [2024-04-25T00:58:30.364+0000] {dag.py:3328} INFO - Setting next_dagrun for example_weekday_branch_operator to 2024-04-24T00:00:00+00:00, run_after=2024-04-25T00:00:00+00:00
[2024-04-25T00:58:30.388+0000] {processor.py:178} INFO - Processing /home/airflow/.local/lib/python3.7/site-packages/airflow/example_dags/example_branch_day_of_week_operator.py took 0.290 seconds
[2024-04-25T00:59:00.463+0000] {processor.py:156} INFO - Started process (PID=2113) to work on /home/airflow/.local/lib/python3.7/site-packages/airflow/example_dags/example_branch_day_of_week_operator.py
[2024-04-25T00:59:00.464+0000] {processor.py:758} INFO - Processing file /home/airflow/.local/lib/python3.7/site-packages/airflow/example_dags/example_branch_day_of_week_operator.py for tasks to queue
[2024-04-25T00:59:00.465+0000] {logging_mixin.py:117} INFO - [2024-04-25T00:59:00.465+0000] {dagbag.py:525} INFO - Filling up the DagBag from /home/airflow/.local/lib/python3.7/site-packages/airflow/example_dags/example_branch_day_of_week_operator.py
[2024-04-25T00:59:00.745+0000] {processor.py:768} INFO - DAG(s) dict_keys(['example_weekday_branch_operator']) retrieved from /home/airflow/.local/lib/python3.7/site-packages/airflow/example_dags/example_branch_day_of_week_operator.py
[2024-04-25T00:59:00.802+0000] {logging_mixin.py:117} INFO - [2024-04-25T00:59:00.801+0000] {dag.py:2573} INFO - Sync 1 DAGs
[2024-04-25T00:59:00.872+0000] {logging_mixin.py:117} INFO - [2024-04-25T00:59:00.872+0000] {dag.py:3328} INFO - Setting next_dagrun for example_weekday_branch_operator to 2024-04-24T00:00:00+00:00, run_after=2024-04-25T00:00:00+00:00
[2024-04-25T00:59:00.900+0000] {processor.py:178} INFO - Processing /home/airflow/.local/lib/python3.7/site-packages/airflow/example_dags/example_branch_day_of_week_operator.py took 0.441 seconds
[2024-04-25T00:59:31.658+0000] {processor.py:156} INFO - Started process (PID=2328) to work on /home/airflow/.local/lib/python3.7/site-packages/airflow/example_dags/example_branch_day_of_week_operator.py
[2024-04-25T00:59:31.659+0000] {processor.py:758} INFO - Processing file /home/airflow/.local/lib/python3.7/site-packages/airflow/example_dags/example_branch_day_of_week_operator.py for tasks to queue
[2024-04-25T00:59:31.659+0000] {logging_mixin.py:117} INFO - [2024-04-25T00:59:31.659+0000] {dagbag.py:525} INFO - Filling up the DagBag from /home/airflow/.local/lib/python3.7/site-packages/airflow/example_dags/example_branch_day_of_week_operator.py
[2024-04-25T00:59:31.673+0000] {processor.py:768} INFO - DAG(s) dict_keys(['example_weekday_branch_operator']) retrieved from /home/airflow/.local/lib/python3.7/site-packages/airflow/example_dags/example_branch_day_of_week_operator.py
[2024-04-25T00:59:31.706+0000] {logging_mixin.py:117} INFO - [2024-04-25T00:59:31.706+0000] {dag.py:2573} INFO - Sync 1 DAGs
[2024-04-25T00:59:31.880+0000] {logging_mixin.py:117} INFO - [2024-04-25T00:59:31.879+0000] {dag.py:3328} INFO - Setting next_dagrun for example_weekday_branch_operator to 2024-04-24T00:00:00+00:00, run_after=2024-04-25T00:00:00+00:00
[2024-04-25T00:59:31.899+0000] {processor.py:178} INFO - Processing /home/airflow/.local/lib/python3.7/site-packages/airflow/example_dags/example_branch_day_of_week_operator.py took 0.243 seconds
[2024-04-25T01:00:02.080+0000] {processor.py:156} INFO - Started process (PID=2545) to work on /home/airflow/.local/lib/python3.7/site-packages/airflow/example_dags/example_branch_day_of_week_operator.py
[2024-04-25T01:00:02.081+0000] {processor.py:758} INFO - Processing file /home/airflow/.local/lib/python3.7/site-packages/airflow/example_dags/example_branch_day_of_week_operator.py for tasks to queue
[2024-04-25T01:00:02.082+0000] {logging_mixin.py:117} INFO - [2024-04-25T01:00:02.082+0000] {dagbag.py:525} INFO - Filling up the DagBag from /home/airflow/.local/lib/python3.7/site-packages/airflow/example_dags/example_branch_day_of_week_operator.py
[2024-04-25T01:00:02.097+0000] {processor.py:768} INFO - DAG(s) dict_keys(['example_weekday_branch_operator']) retrieved from /home/airflow/.local/lib/python3.7/site-packages/airflow/example_dags/example_branch_day_of_week_operator.py
[2024-04-25T01:00:02.259+0000] {logging_mixin.py:117} INFO - [2024-04-25T01:00:02.259+0000] {dag.py:2573} INFO - Sync 1 DAGs
[2024-04-25T01:00:02.279+0000] {logging_mixin.py:117} INFO - [2024-04-25T01:00:02.279+0000] {dag.py:3328} INFO - Setting next_dagrun for example_weekday_branch_operator to 2024-04-24T00:00:00+00:00, run_after=2024-04-25T00:00:00+00:00
[2024-04-25T01:00:02.299+0000] {processor.py:178} INFO - Processing /home/airflow/.local/lib/python3.7/site-packages/airflow/example_dags/example_branch_day_of_week_operator.py took 0.221 seconds
[2024-04-25T01:00:32.963+0000] {processor.py:156} INFO - Started process (PID=2752) to work on /home/airflow/.local/lib/python3.7/site-packages/airflow/example_dags/example_branch_day_of_week_operator.py
[2024-04-25T01:00:32.964+0000] {processor.py:758} INFO - Processing file /home/airflow/.local/lib/python3.7/site-packages/airflow/example_dags/example_branch_day_of_week_operator.py for tasks to queue
[2024-04-25T01:00:32.965+0000] {logging_mixin.py:117} INFO - [2024-04-25T01:00:32.965+0000] {dagbag.py:525} INFO - Filling up the DagBag from /home/airflow/.local/lib/python3.7/site-packages/airflow/example_dags/example_branch_day_of_week_operator.py
[2024-04-25T01:00:32.985+0000] {processor.py:768} INFO - DAG(s) dict_keys(['example_weekday_branch_operator']) retrieved from /home/airflow/.local/lib/python3.7/site-packages/airflow/example_dags/example_branch_day_of_week_operator.py
[2024-04-25T01:00:33.195+0000] {logging_mixin.py:117} INFO - [2024-04-25T01:00:33.194+0000] {dag.py:2573} INFO - Sync 1 DAGs
[2024-04-25T01:00:33.226+0000] {logging_mixin.py:117} INFO - [2024-04-25T01:00:33.225+0000] {dag.py:3328} INFO - Setting next_dagrun for example_weekday_branch_operator to 2024-04-24T00:00:00+00:00, run_after=2024-04-25T00:00:00+00:00
[2024-04-25T01:00:33.253+0000] {processor.py:178} INFO - Processing /home/airflow/.local/lib/python3.7/site-packages/airflow/example_dags/example_branch_day_of_week_operator.py took 0.292 seconds
[2024-04-25T01:01:03.550+0000] {processor.py:156} INFO - Started process (PID=2972) to work on /home/airflow/.local/lib/python3.7/site-packages/airflow/example_dags/example_branch_day_of_week_operator.py
[2024-04-25T01:01:03.551+0000] {processor.py:758} INFO - Processing file /home/airflow/.local/lib/python3.7/site-packages/airflow/example_dags/example_branch_day_of_week_operator.py for tasks to queue
[2024-04-25T01:01:03.551+0000] {logging_mixin.py:117} INFO - [2024-04-25T01:01:03.551+0000] {dagbag.py:525} INFO - Filling up the DagBag from /home/airflow/.local/lib/python3.7/site-packages/airflow/example_dags/example_branch_day_of_week_operator.py
[2024-04-25T01:01:03.668+0000] {processor.py:768} INFO - DAG(s) dict_keys(['example_weekday_branch_operator']) retrieved from /home/airflow/.local/lib/python3.7/site-packages/airflow/example_dags/example_branch_day_of_week_operator.py
[2024-04-25T01:01:03.696+0000] {logging_mixin.py:117} INFO - [2024-04-25T01:01:03.696+0000] {dag.py:2573} INFO - Sync 1 DAGs
[2024-04-25T01:01:03.716+0000] {logging_mixin.py:117} INFO - [2024-04-25T01:01:03.716+0000] {dag.py:3328} INFO - Setting next_dagrun for example_weekday_branch_operator to 2024-04-24T00:00:00+00:00, run_after=2024-04-25T00:00:00+00:00
[2024-04-25T01:01:03.735+0000] {processor.py:178} INFO - Processing /home/airflow/.local/lib/python3.7/site-packages/airflow/example_dags/example_branch_day_of_week_operator.py took 0.187 seconds
[2024-04-25T01:01:34.528+0000] {processor.py:156} INFO - Started process (PID=3188) to work on /home/airflow/.local/lib/python3.7/site-packages/airflow/example_dags/example_branch_day_of_week_operator.py
[2024-04-25T01:01:34.528+0000] {processor.py:758} INFO - Processing file /home/airflow/.local/lib/python3.7/site-packages/airflow/example_dags/example_branch_day_of_week_operator.py for tasks to queue
[2024-04-25T01:01:34.529+0000] {logging_mixin.py:117} INFO - [2024-04-25T01:01:34.529+0000] {dagbag.py:525} INFO - Filling up the DagBag from /home/airflow/.local/lib/python3.7/site-packages/airflow/example_dags/example_branch_day_of_week_operator.py
[2024-04-25T01:01:34.548+0000] {processor.py:768} INFO - DAG(s) dict_keys(['example_weekday_branch_operator']) retrieved from /home/airflow/.local/lib/python3.7/site-packages/airflow/example_dags/example_branch_day_of_week_operator.py
[2024-04-25T01:01:34.594+0000] {logging_mixin.py:117} INFO - [2024-04-25T01:01:34.594+0000] {dag.py:2573} INFO - Sync 1 DAGs
[2024-04-25T01:01:34.764+0000] {logging_mixin.py:117} INFO - [2024-04-25T01:01:34.764+0000] {dag.py:3328} INFO - Setting next_dagrun for example_weekday_branch_operator to 2024-04-24T00:00:00+00:00, run_after=2024-04-25T00:00:00+00:00
[2024-04-25T01:01:34.787+0000] {processor.py:178} INFO - Processing /home/airflow/.local/lib/python3.7/site-packages/airflow/example_dags/example_branch_day_of_week_operator.py took 0.263 seconds
[2024-04-25T01:02:05.771+0000] {processor.py:156} INFO - Started process (PID=3397) to work on /home/airflow/.local/lib/python3.7/site-packages/airflow/example_dags/example_branch_day_of_week_operator.py
[2024-04-25T01:02:05.772+0000] {processor.py:758} INFO - Processing file /home/airflow/.local/lib/python3.7/site-packages/airflow/example_dags/example_branch_day_of_week_operator.py for tasks to queue
[2024-04-25T01:02:05.773+0000] {logging_mixin.py:117} INFO - [2024-04-25T01:02:05.773+0000] {dagbag.py:525} INFO - Filling up the DagBag from /home/airflow/.local/lib/python3.7/site-packages/airflow/example_dags/example_branch_day_of_week_operator.py
[2024-04-25T01:02:05.793+0000] {processor.py:768} INFO - DAG(s) dict_keys(['example_weekday_branch_operator']) retrieved from /home/airflow/.local/lib/python3.7/site-packages/airflow/example_dags/example_branch_day_of_week_operator.py
[2024-04-25T01:02:05.837+0000] {logging_mixin.py:117} INFO - [2024-04-25T01:02:05.837+0000] {dag.py:2573} INFO - Sync 1 DAGs
[2024-04-25T01:02:06.002+0000] {logging_mixin.py:117} INFO - [2024-04-25T01:02:06.001+0000] {dag.py:3328} INFO - Setting next_dagrun for example_weekday_branch_operator to 2024-04-24T00:00:00+00:00, run_after=2024-04-25T00:00:00+00:00
[2024-04-25T01:02:06.030+0000] {processor.py:178} INFO - Processing /home/airflow/.local/lib/python3.7/site-packages/airflow/example_dags/example_branch_day_of_week_operator.py took 0.262 seconds
[2024-04-25T01:02:36.197+0000] {processor.py:156} INFO - Started process (PID=3614) to work on /home/airflow/.local/lib/python3.7/site-packages/airflow/example_dags/example_branch_day_of_week_operator.py
[2024-04-25T01:02:36.198+0000] {processor.py:758} INFO - Processing file /home/airflow/.local/lib/python3.7/site-packages/airflow/example_dags/example_branch_day_of_week_operator.py for tasks to queue
[2024-04-25T01:02:36.199+0000] {logging_mixin.py:117} INFO - [2024-04-25T01:02:36.199+0000] {dagbag.py:525} INFO - Filling up the DagBag from /home/airflow/.local/lib/python3.7/site-packages/airflow/example_dags/example_branch_day_of_week_operator.py
[2024-04-25T01:02:36.219+0000] {processor.py:768} INFO - DAG(s) dict_keys(['example_weekday_branch_operator']) retrieved from /home/airflow/.local/lib/python3.7/site-packages/airflow/example_dags/example_branch_day_of_week_operator.py
[2024-04-25T01:02:36.434+0000] {logging_mixin.py:117} INFO - [2024-04-25T01:02:36.434+0000] {dag.py:2573} INFO - Sync 1 DAGs
[2024-04-25T01:02:36.468+0000] {logging_mixin.py:117} INFO - [2024-04-25T01:02:36.468+0000] {dag.py:3328} INFO - Setting next_dagrun for example_weekday_branch_operator to 2024-04-24T00:00:00+00:00, run_after=2024-04-25T00:00:00+00:00
[2024-04-25T01:02:36.492+0000] {processor.py:178} INFO - Processing /home/airflow/.local/lib/python3.7/site-packages/airflow/example_dags/example_branch_day_of_week_operator.py took 0.298 seconds
[2024-04-25T01:03:06.889+0000] {processor.py:156} INFO - Started process (PID=3833) to work on /home/airflow/.local/lib/python3.7/site-packages/airflow/example_dags/example_branch_day_of_week_operator.py
[2024-04-25T01:03:06.893+0000] {processor.py:758} INFO - Processing file /home/airflow/.local/lib/python3.7/site-packages/airflow/example_dags/example_branch_day_of_week_operator.py for tasks to queue
[2024-04-25T01:03:06.895+0000] {logging_mixin.py:117} INFO - [2024-04-25T01:03:06.894+0000] {dagbag.py:525} INFO - Filling up the DagBag from /home/airflow/.local/lib/python3.7/site-packages/airflow/example_dags/example_branch_day_of_week_operator.py
[2024-04-25T01:03:06.918+0000] {processor.py:768} INFO - DAG(s) dict_keys(['example_weekday_branch_operator']) retrieved from /home/airflow/.local/lib/python3.7/site-packages/airflow/example_dags/example_branch_day_of_week_operator.py
[2024-04-25T01:03:07.194+0000] {logging_mixin.py:117} INFO - [2024-04-25T01:03:07.193+0000] {dag.py:2573} INFO - Sync 1 DAGs
[2024-04-25T01:03:07.239+0000] {logging_mixin.py:117} INFO - [2024-04-25T01:03:07.238+0000] {dag.py:3328} INFO - Setting next_dagrun for example_weekday_branch_operator to 2024-04-24T00:00:00+00:00, run_after=2024-04-25T00:00:00+00:00
[2024-04-25T01:03:07.268+0000] {processor.py:178} INFO - Processing /home/airflow/.local/lib/python3.7/site-packages/airflow/example_dags/example_branch_day_of_week_operator.py took 0.383 seconds
[2024-04-25T01:03:37.522+0000] {processor.py:156} INFO - Started process (PID=4038) to work on /home/airflow/.local/lib/python3.7/site-packages/airflow/example_dags/example_branch_day_of_week_operator.py
[2024-04-25T01:03:37.523+0000] {processor.py:758} INFO - Processing file /home/airflow/.local/lib/python3.7/site-packages/airflow/example_dags/example_branch_day_of_week_operator.py for tasks to queue
[2024-04-25T01:03:37.524+0000] {logging_mixin.py:117} INFO - [2024-04-25T01:03:37.524+0000] {dagbag.py:525} INFO - Filling up the DagBag from /home/airflow/.local/lib/python3.7/site-packages/airflow/example_dags/example_branch_day_of_week_operator.py
[2024-04-25T01:03:37.538+0000] {processor.py:768} INFO - DAG(s) dict_keys(['example_weekday_branch_operator']) retrieved from /home/airflow/.local/lib/python3.7/site-packages/airflow/example_dags/example_branch_day_of_week_operator.py
[2024-04-25T01:03:37.577+0000] {logging_mixin.py:117} INFO - [2024-04-25T01:03:37.576+0000] {dag.py:2573} INFO - Sync 1 DAGs
[2024-04-25T01:03:37.611+0000] {logging_mixin.py:117} INFO - [2024-04-25T01:03:37.611+0000] {dag.py:3328} INFO - Setting next_dagrun for example_weekday_branch_operator to 2024-04-24T00:00:00+00:00, run_after=2024-04-25T00:00:00+00:00
[2024-04-25T01:03:37.640+0000] {processor.py:178} INFO - Processing /home/airflow/.local/lib/python3.7/site-packages/airflow/example_dags/example_branch_day_of_week_operator.py took 0.278 seconds
[2024-04-25T01:04:08.595+0000] {processor.py:156} INFO - Started process (PID=4258) to work on /home/airflow/.local/lib/python3.7/site-packages/airflow/example_dags/example_branch_day_of_week_operator.py
[2024-04-25T01:04:08.598+0000] {processor.py:758} INFO - Processing file /home/airflow/.local/lib/python3.7/site-packages/airflow/example_dags/example_branch_day_of_week_operator.py for tasks to queue
[2024-04-25T01:04:08.602+0000] {logging_mixin.py:117} INFO - [2024-04-25T01:04:08.602+0000] {dagbag.py:525} INFO - Filling up the DagBag from /home/airflow/.local/lib/python3.7/site-packages/airflow/example_dags/example_branch_day_of_week_operator.py
[2024-04-25T01:04:08.640+0000] {processor.py:768} INFO - DAG(s) dict_keys(['example_weekday_branch_operator']) retrieved from /home/airflow/.local/lib/python3.7/site-packages/airflow/example_dags/example_branch_day_of_week_operator.py
[2024-04-25T01:04:08.718+0000] {logging_mixin.py:117} INFO - [2024-04-25T01:04:08.718+0000] {dag.py:2573} INFO - Sync 1 DAGs
[2024-04-25T01:04:08.749+0000] {logging_mixin.py:117} INFO - [2024-04-25T01:04:08.749+0000] {dag.py:3328} INFO - Setting next_dagrun for example_weekday_branch_operator to 2024-04-24T00:00:00+00:00, run_after=2024-04-25T00:00:00+00:00
[2024-04-25T01:04:08.773+0000] {processor.py:178} INFO - Processing /home/airflow/.local/lib/python3.7/site-packages/airflow/example_dags/example_branch_day_of_week_operator.py took 0.182 seconds
[2024-04-25T01:04:38.856+0000] {processor.py:156} INFO - Started process (PID=4479) to work on /home/airflow/.local/lib/python3.7/site-packages/airflow/example_dags/example_branch_day_of_week_operator.py
[2024-04-25T01:04:38.857+0000] {processor.py:758} INFO - Processing file /home/airflow/.local/lib/python3.7/site-packages/airflow/example_dags/example_branch_day_of_week_operator.py for tasks to queue
[2024-04-25T01:04:38.858+0000] {logging_mixin.py:117} INFO - [2024-04-25T01:04:38.858+0000] {dagbag.py:525} INFO - Filling up the DagBag from /home/airflow/.local/lib/python3.7/site-packages/airflow/example_dags/example_branch_day_of_week_operator.py
[2024-04-25T01:04:38.872+0000] {processor.py:768} INFO - DAG(s) dict_keys(['example_weekday_branch_operator']) retrieved from /home/airflow/.local/lib/python3.7/site-packages/airflow/example_dags/example_branch_day_of_week_operator.py
[2024-04-25T01:04:38.906+0000] {logging_mixin.py:117} INFO - [2024-04-25T01:04:38.906+0000] {dag.py:2573} INFO - Sync 1 DAGs
[2024-04-25T01:04:38.936+0000] {logging_mixin.py:117} INFO - [2024-04-25T01:04:38.936+0000] {dag.py:3328} INFO - Setting next_dagrun for example_weekday_branch_operator to 2024-04-24T00:00:00+00:00, run_after=2024-04-25T00:00:00+00:00
[2024-04-25T01:04:38.957+0000] {processor.py:178} INFO - Processing /home/airflow/.local/lib/python3.7/site-packages/airflow/example_dags/example_branch_day_of_week_operator.py took 0.103 seconds
[2024-04-25T01:05:09.344+0000] {processor.py:156} INFO - Started process (PID=4686) to work on /home/airflow/.local/lib/python3.7/site-packages/airflow/example_dags/example_branch_day_of_week_operator.py
[2024-04-25T01:05:09.345+0000] {processor.py:758} INFO - Processing file /home/airflow/.local/lib/python3.7/site-packages/airflow/example_dags/example_branch_day_of_week_operator.py for tasks to queue
[2024-04-25T01:05:09.346+0000] {logging_mixin.py:117} INFO - [2024-04-25T01:05:09.346+0000] {dagbag.py:525} INFO - Filling up the DagBag from /home/airflow/.local/lib/python3.7/site-packages/airflow/example_dags/example_branch_day_of_week_operator.py
[2024-04-25T01:05:09.367+0000] {processor.py:768} INFO - DAG(s) dict_keys(['example_weekday_branch_operator']) retrieved from /home/airflow/.local/lib/python3.7/site-packages/airflow/example_dags/example_branch_day_of_week_operator.py
[2024-04-25T01:05:09.413+0000] {logging_mixin.py:117} INFO - [2024-04-25T01:05:09.413+0000] {dag.py:2573} INFO - Sync 1 DAGs
[2024-04-25T01:05:09.445+0000] {logging_mixin.py:117} INFO - [2024-04-25T01:05:09.445+0000] {dag.py:3328} INFO - Setting next_dagrun for example_weekday_branch_operator to 2024-04-24T00:00:00+00:00, run_after=2024-04-25T00:00:00+00:00
[2024-04-25T01:05:09.472+0000] {processor.py:178} INFO - Processing /home/airflow/.local/lib/python3.7/site-packages/airflow/example_dags/example_branch_day_of_week_operator.py took 0.131 seconds
[2024-04-25T01:05:40.095+0000] {processor.py:156} INFO - Started process (PID=4906) to work on /home/airflow/.local/lib/python3.7/site-packages/airflow/example_dags/example_branch_day_of_week_operator.py
[2024-04-25T01:05:40.096+0000] {processor.py:758} INFO - Processing file /home/airflow/.local/lib/python3.7/site-packages/airflow/example_dags/example_branch_day_of_week_operator.py for tasks to queue
[2024-04-25T01:05:40.097+0000] {logging_mixin.py:117} INFO - [2024-04-25T01:05:40.097+0000] {dagbag.py:525} INFO - Filling up the DagBag from /home/airflow/.local/lib/python3.7/site-packages/airflow/example_dags/example_branch_day_of_week_operator.py
[2024-04-25T01:05:40.123+0000] {processor.py:768} INFO - DAG(s) dict_keys(['example_weekday_branch_operator']) retrieved from /home/airflow/.local/lib/python3.7/site-packages/airflow/example_dags/example_branch_day_of_week_operator.py
[2024-04-25T01:05:40.163+0000] {logging_mixin.py:117} INFO - [2024-04-25T01:05:40.163+0000] {dag.py:2573} INFO - Sync 1 DAGs
[2024-04-25T01:05:40.185+0000] {logging_mixin.py:117} INFO - [2024-04-25T01:05:40.185+0000] {dag.py:3328} INFO - Setting next_dagrun for example_weekday_branch_operator to 2024-04-24T00:00:00+00:00, run_after=2024-04-25T00:00:00+00:00
[2024-04-25T01:05:40.205+0000] {processor.py:178} INFO - Processing /home/airflow/.local/lib/python3.7/site-packages/airflow/example_dags/example_branch_day_of_week_operator.py took 0.114 seconds
[2024-04-25T01:06:10.741+0000] {processor.py:156} INFO - Started process (PID=5121) to work on /home/airflow/.local/lib/python3.7/site-packages/airflow/example_dags/example_branch_day_of_week_operator.py
[2024-04-25T01:06:10.749+0000] {processor.py:758} INFO - Processing file /home/airflow/.local/lib/python3.7/site-packages/airflow/example_dags/example_branch_day_of_week_operator.py for tasks to queue
[2024-04-25T01:06:10.750+0000] {logging_mixin.py:117} INFO - [2024-04-25T01:06:10.750+0000] {dagbag.py:525} INFO - Filling up the DagBag from /home/airflow/.local/lib/python3.7/site-packages/airflow/example_dags/example_branch_day_of_week_operator.py
[2024-04-25T01:06:10.808+0000] {processor.py:768} INFO - DAG(s) dict_keys(['example_weekday_branch_operator']) retrieved from /home/airflow/.local/lib/python3.7/site-packages/airflow/example_dags/example_branch_day_of_week_operator.py
[2024-04-25T01:06:10.897+0000] {logging_mixin.py:117} INFO - [2024-04-25T01:06:10.897+0000] {dag.py:2573} INFO - Sync 1 DAGs
[2024-04-25T01:06:10.937+0000] {logging_mixin.py:117} INFO - [2024-04-25T01:06:10.937+0000] {dag.py:3328} INFO - Setting next_dagrun for example_weekday_branch_operator to 2024-04-24T00:00:00+00:00, run_after=2024-04-25T00:00:00+00:00
[2024-04-25T01:06:10.978+0000] {processor.py:178} INFO - Processing /home/airflow/.local/lib/python3.7/site-packages/airflow/example_dags/example_branch_day_of_week_operator.py took 0.242 seconds
[2024-04-25T01:06:41.699+0000] {processor.py:156} INFO - Started process (PID=5331) to work on /home/airflow/.local/lib/python3.7/site-packages/airflow/example_dags/example_branch_day_of_week_operator.py
[2024-04-25T01:06:41.700+0000] {processor.py:758} INFO - Processing file /home/airflow/.local/lib/python3.7/site-packages/airflow/example_dags/example_branch_day_of_week_operator.py for tasks to queue
[2024-04-25T01:06:41.701+0000] {logging_mixin.py:117} INFO - [2024-04-25T01:06:41.700+0000] {dagbag.py:525} INFO - Filling up the DagBag from /home/airflow/.local/lib/python3.7/site-packages/airflow/example_dags/example_branch_day_of_week_operator.py
[2024-04-25T01:06:41.714+0000] {processor.py:768} INFO - DAG(s) dict_keys(['example_weekday_branch_operator']) retrieved from /home/airflow/.local/lib/python3.7/site-packages/airflow/example_dags/example_branch_day_of_week_operator.py
[2024-04-25T01:06:41.745+0000] {logging_mixin.py:117} INFO - [2024-04-25T01:06:41.745+0000] {dag.py:2573} INFO - Sync 1 DAGs
[2024-04-25T01:06:41.766+0000] {logging_mixin.py:117} INFO - [2024-04-25T01:06:41.765+0000] {dag.py:3328} INFO - Setting next_dagrun for example_weekday_branch_operator to 2024-04-24T00:00:00+00:00, run_after=2024-04-25T00:00:00+00:00
[2024-04-25T01:06:41.785+0000] {processor.py:178} INFO - Processing /home/airflow/.local/lib/python3.7/site-packages/airflow/example_dags/example_branch_day_of_week_operator.py took 0.088 seconds
[2024-04-25T01:07:12.612+0000] {processor.py:156} INFO - Started process (PID=5549) to work on /home/airflow/.local/lib/python3.7/site-packages/airflow/example_dags/example_branch_day_of_week_operator.py
[2024-04-25T01:07:12.613+0000] {processor.py:758} INFO - Processing file /home/airflow/.local/lib/python3.7/site-packages/airflow/example_dags/example_branch_day_of_week_operator.py for tasks to queue
[2024-04-25T01:07:12.614+0000] {logging_mixin.py:117} INFO - [2024-04-25T01:07:12.613+0000] {dagbag.py:525} INFO - Filling up the DagBag from /home/airflow/.local/lib/python3.7/site-packages/airflow/example_dags/example_branch_day_of_week_operator.py
[2024-04-25T01:07:12.629+0000] {processor.py:768} INFO - DAG(s) dict_keys(['example_weekday_branch_operator']) retrieved from /home/airflow/.local/lib/python3.7/site-packages/airflow/example_dags/example_branch_day_of_week_operator.py
[2024-04-25T01:07:12.662+0000] {logging_mixin.py:117} INFO - [2024-04-25T01:07:12.662+0000] {dag.py:2573} INFO - Sync 1 DAGs
[2024-04-25T01:07:12.683+0000] {logging_mixin.py:117} INFO - [2024-04-25T01:07:12.683+0000] {dag.py:3328} INFO - Setting next_dagrun for example_weekday_branch_operator to 2024-04-24T00:00:00+00:00, run_after=2024-04-25T00:00:00+00:00
[2024-04-25T01:07:12.705+0000] {processor.py:178} INFO - Processing /home/airflow/.local/lib/python3.7/site-packages/airflow/example_dags/example_branch_day_of_week_operator.py took 0.095 seconds
[2024-04-25T01:07:43.512+0000] {processor.py:156} INFO - Started process (PID=5769) to work on /home/airflow/.local/lib/python3.7/site-packages/airflow/example_dags/example_branch_day_of_week_operator.py
[2024-04-25T01:07:43.514+0000] {processor.py:758} INFO - Processing file /home/airflow/.local/lib/python3.7/site-packages/airflow/example_dags/example_branch_day_of_week_operator.py for tasks to queue
[2024-04-25T01:07:43.515+0000] {logging_mixin.py:117} INFO - [2024-04-25T01:07:43.515+0000] {dagbag.py:525} INFO - Filling up the DagBag from /home/airflow/.local/lib/python3.7/site-packages/airflow/example_dags/example_branch_day_of_week_operator.py
[2024-04-25T01:07:43.535+0000] {processor.py:768} INFO - DAG(s) dict_keys(['example_weekday_branch_operator']) retrieved from /home/airflow/.local/lib/python3.7/site-packages/airflow/example_dags/example_branch_day_of_week_operator.py
[2024-04-25T01:07:43.570+0000] {logging_mixin.py:117} INFO - [2024-04-25T01:07:43.570+0000] {dag.py:2573} INFO - Sync 1 DAGs
[2024-04-25T01:07:43.599+0000] {logging_mixin.py:117} INFO - [2024-04-25T01:07:43.599+0000] {dag.py:3328} INFO - Setting next_dagrun for example_weekday_branch_operator to 2024-04-24T00:00:00+00:00, run_after=2024-04-25T00:00:00+00:00
[2024-04-25T01:07:43.643+0000] {processor.py:178} INFO - Processing /home/airflow/.local/lib/python3.7/site-packages/airflow/example_dags/example_branch_day_of_week_operator.py took 0.135 seconds
[2024-04-25T01:08:13.951+0000] {processor.py:156} INFO - Started process (PID=5977) to work on /home/airflow/.local/lib/python3.7/site-packages/airflow/example_dags/example_branch_day_of_week_operator.py
[2024-04-25T01:08:13.952+0000] {processor.py:758} INFO - Processing file /home/airflow/.local/lib/python3.7/site-packages/airflow/example_dags/example_branch_day_of_week_operator.py for tasks to queue
[2024-04-25T01:08:13.952+0000] {logging_mixin.py:117} INFO - [2024-04-25T01:08:13.952+0000] {dagbag.py:525} INFO - Filling up the DagBag from /home/airflow/.local/lib/python3.7/site-packages/airflow/example_dags/example_branch_day_of_week_operator.py
[2024-04-25T01:08:13.973+0000] {processor.py:768} INFO - DAG(s) dict_keys(['example_weekday_branch_operator']) retrieved from /home/airflow/.local/lib/python3.7/site-packages/airflow/example_dags/example_branch_day_of_week_operator.py
[2024-04-25T01:08:14.019+0000] {logging_mixin.py:117} INFO - [2024-04-25T01:08:14.019+0000] {dag.py:2573} INFO - Sync 1 DAGs
[2024-04-25T01:08:14.054+0000] {logging_mixin.py:117} INFO - [2024-04-25T01:08:14.054+0000] {dag.py:3328} INFO - Setting next_dagrun for example_weekday_branch_operator to 2024-04-24T00:00:00+00:00, run_after=2024-04-25T00:00:00+00:00
[2024-04-25T01:08:14.079+0000] {processor.py:178} INFO - Processing /home/airflow/.local/lib/python3.7/site-packages/airflow/example_dags/example_branch_day_of_week_operator.py took 0.132 seconds
[2024-04-25T01:08:44.294+0000] {processor.py:156} INFO - Started process (PID=6198) to work on /home/airflow/.local/lib/python3.7/site-packages/airflow/example_dags/example_branch_day_of_week_operator.py
[2024-04-25T01:08:44.294+0000] {processor.py:758} INFO - Processing file /home/airflow/.local/lib/python3.7/site-packages/airflow/example_dags/example_branch_day_of_week_operator.py for tasks to queue
[2024-04-25T01:08:44.295+0000] {logging_mixin.py:117} INFO - [2024-04-25T01:08:44.295+0000] {dagbag.py:525} INFO - Filling up the DagBag from /home/airflow/.local/lib/python3.7/site-packages/airflow/example_dags/example_branch_day_of_week_operator.py
[2024-04-25T01:08:44.312+0000] {processor.py:768} INFO - DAG(s) dict_keys(['example_weekday_branch_operator']) retrieved from /home/airflow/.local/lib/python3.7/site-packages/airflow/example_dags/example_branch_day_of_week_operator.py
[2024-04-25T01:08:44.345+0000] {logging_mixin.py:117} INFO - [2024-04-25T01:08:44.345+0000] {dag.py:2573} INFO - Sync 1 DAGs
[2024-04-25T01:08:44.366+0000] {logging_mixin.py:117} INFO - [2024-04-25T01:08:44.366+0000] {dag.py:3328} INFO - Setting next_dagrun for example_weekday_branch_operator to 2024-04-24T00:00:00+00:00, run_after=2024-04-25T00:00:00+00:00
[2024-04-25T01:08:44.386+0000] {processor.py:178} INFO - Processing /home/airflow/.local/lib/python3.7/site-packages/airflow/example_dags/example_branch_day_of_week_operator.py took 0.098 seconds
[2024-04-25T01:09:15.219+0000] {processor.py:156} INFO - Started process (PID=6413) to work on /home/airflow/.local/lib/python3.7/site-packages/airflow/example_dags/example_branch_day_of_week_operator.py
[2024-04-25T01:09:15.220+0000] {processor.py:758} INFO - Processing file /home/airflow/.local/lib/python3.7/site-packages/airflow/example_dags/example_branch_day_of_week_operator.py for tasks to queue
[2024-04-25T01:09:15.221+0000] {logging_mixin.py:117} INFO - [2024-04-25T01:09:15.221+0000] {dagbag.py:525} INFO - Filling up the DagBag from /home/airflow/.local/lib/python3.7/site-packages/airflow/example_dags/example_branch_day_of_week_operator.py
[2024-04-25T01:09:15.243+0000] {processor.py:768} INFO - DAG(s) dict_keys(['example_weekday_branch_operator']) retrieved from /home/airflow/.local/lib/python3.7/site-packages/airflow/example_dags/example_branch_day_of_week_operator.py
[2024-04-25T01:09:15.288+0000] {logging_mixin.py:117} INFO - [2024-04-25T01:09:15.288+0000] {dag.py:2573} INFO - Sync 1 DAGs
[2024-04-25T01:09:15.320+0000] {logging_mixin.py:117} INFO - [2024-04-25T01:09:15.320+0000] {dag.py:3328} INFO - Setting next_dagrun for example_weekday_branch_operator to 2024-04-24T00:00:00+00:00, run_after=2024-04-25T00:00:00+00:00
[2024-04-25T01:09:15.345+0000] {processor.py:178} INFO - Processing /home/airflow/.local/lib/python3.7/site-packages/airflow/example_dags/example_branch_day_of_week_operator.py took 0.129 seconds
[2024-04-25T01:09:45.610+0000] {processor.py:156} INFO - Started process (PID=6624) to work on /home/airflow/.local/lib/python3.7/site-packages/airflow/example_dags/example_branch_day_of_week_operator.py
[2024-04-25T01:09:45.610+0000] {processor.py:758} INFO - Processing file /home/airflow/.local/lib/python3.7/site-packages/airflow/example_dags/example_branch_day_of_week_operator.py for tasks to queue
[2024-04-25T01:09:45.611+0000] {logging_mixin.py:117} INFO - [2024-04-25T01:09:45.611+0000] {dagbag.py:525} INFO - Filling up the DagBag from /home/airflow/.local/lib/python3.7/site-packages/airflow/example_dags/example_branch_day_of_week_operator.py
[2024-04-25T01:09:45.627+0000] {processor.py:768} INFO - DAG(s) dict_keys(['example_weekday_branch_operator']) retrieved from /home/airflow/.local/lib/python3.7/site-packages/airflow/example_dags/example_branch_day_of_week_operator.py
[2024-04-25T01:09:45.659+0000] {logging_mixin.py:117} INFO - [2024-04-25T01:09:45.659+0000] {dag.py:2573} INFO - Sync 1 DAGs
[2024-04-25T01:09:45.681+0000] {logging_mixin.py:117} INFO - [2024-04-25T01:09:45.681+0000] {dag.py:3328} INFO - Setting next_dagrun for example_weekday_branch_operator to 2024-04-24T00:00:00+00:00, run_after=2024-04-25T00:00:00+00:00
[2024-04-25T01:09:45.703+0000] {processor.py:178} INFO - Processing /home/airflow/.local/lib/python3.7/site-packages/airflow/example_dags/example_branch_day_of_week_operator.py took 0.096 seconds
[2024-04-25T01:10:15.858+0000] {processor.py:156} INFO - Started process (PID=6844) to work on /home/airflow/.local/lib/python3.7/site-packages/airflow/example_dags/example_branch_day_of_week_operator.py
[2024-04-25T01:10:15.859+0000] {processor.py:758} INFO - Processing file /home/airflow/.local/lib/python3.7/site-packages/airflow/example_dags/example_branch_day_of_week_operator.py for tasks to queue
[2024-04-25T01:10:15.859+0000] {logging_mixin.py:117} INFO - [2024-04-25T01:10:15.859+0000] {dagbag.py:525} INFO - Filling up the DagBag from /home/airflow/.local/lib/python3.7/site-packages/airflow/example_dags/example_branch_day_of_week_operator.py
[2024-04-25T01:10:15.873+0000] {processor.py:768} INFO - DAG(s) dict_keys(['example_weekday_branch_operator']) retrieved from /home/airflow/.local/lib/python3.7/site-packages/airflow/example_dags/example_branch_day_of_week_operator.py
[2024-04-25T01:10:15.906+0000] {logging_mixin.py:117} INFO - [2024-04-25T01:10:15.905+0000] {dag.py:2573} INFO - Sync 1 DAGs
[2024-04-25T01:10:15.926+0000] {logging_mixin.py:117} INFO - [2024-04-25T01:10:15.926+0000] {dag.py:3328} INFO - Setting next_dagrun for example_weekday_branch_operator to 2024-04-24T00:00:00+00:00, run_after=2024-04-25T00:00:00+00:00
[2024-04-25T01:10:15.947+0000] {processor.py:178} INFO - Processing /home/airflow/.local/lib/python3.7/site-packages/airflow/example_dags/example_branch_day_of_week_operator.py took 0.091 seconds
[2024-04-25T01:10:46.160+0000] {processor.py:156} INFO - Started process (PID=7054) to work on /home/airflow/.local/lib/python3.7/site-packages/airflow/example_dags/example_branch_day_of_week_operator.py
[2024-04-25T01:10:46.161+0000] {processor.py:758} INFO - Processing file /home/airflow/.local/lib/python3.7/site-packages/airflow/example_dags/example_branch_day_of_week_operator.py for tasks to queue
[2024-04-25T01:10:46.161+0000] {logging_mixin.py:117} INFO - [2024-04-25T01:10:46.161+0000] {dagbag.py:525} INFO - Filling up the DagBag from /home/airflow/.local/lib/python3.7/site-packages/airflow/example_dags/example_branch_day_of_week_operator.py
[2024-04-25T01:10:46.176+0000] {processor.py:768} INFO - DAG(s) dict_keys(['example_weekday_branch_operator']) retrieved from /home/airflow/.local/lib/python3.7/site-packages/airflow/example_dags/example_branch_day_of_week_operator.py
[2024-04-25T01:10:46.208+0000] {logging_mixin.py:117} INFO - [2024-04-25T01:10:46.208+0000] {dag.py:2573} INFO - Sync 1 DAGs
[2024-04-25T01:10:46.237+0000] {logging_mixin.py:117} INFO - [2024-04-25T01:10:46.236+0000] {dag.py:3328} INFO - Setting next_dagrun for example_weekday_branch_operator to 2024-04-24T00:00:00+00:00, run_after=2024-04-25T00:00:00+00:00
[2024-04-25T01:10:46.275+0000] {processor.py:178} INFO - Processing /home/airflow/.local/lib/python3.7/site-packages/airflow/example_dags/example_branch_day_of_week_operator.py took 0.117 seconds
[2024-04-25T01:11:16.846+0000] {processor.py:156} INFO - Started process (PID=7273) to work on /home/airflow/.local/lib/python3.7/site-packages/airflow/example_dags/example_branch_day_of_week_operator.py
[2024-04-25T01:11:16.847+0000] {processor.py:758} INFO - Processing file /home/airflow/.local/lib/python3.7/site-packages/airflow/example_dags/example_branch_day_of_week_operator.py for tasks to queue
[2024-04-25T01:11:16.848+0000] {logging_mixin.py:117} INFO - [2024-04-25T01:11:16.848+0000] {dagbag.py:525} INFO - Filling up the DagBag from /home/airflow/.local/lib/python3.7/site-packages/airflow/example_dags/example_branch_day_of_week_operator.py
[2024-04-25T01:11:16.868+0000] {processor.py:768} INFO - DAG(s) dict_keys(['example_weekday_branch_operator']) retrieved from /home/airflow/.local/lib/python3.7/site-packages/airflow/example_dags/example_branch_day_of_week_operator.py
[2024-04-25T01:11:16.916+0000] {logging_mixin.py:117} INFO - [2024-04-25T01:11:16.916+0000] {dag.py:2573} INFO - Sync 1 DAGs
[2024-04-25T01:11:16.949+0000] {logging_mixin.py:117} INFO - [2024-04-25T01:11:16.949+0000] {dag.py:3328} INFO - Setting next_dagrun for example_weekday_branch_operator to 2024-04-24T00:00:00+00:00, run_after=2024-04-25T00:00:00+00:00
[2024-04-25T01:11:16.981+0000] {processor.py:178} INFO - Processing /home/airflow/.local/lib/python3.7/site-packages/airflow/example_dags/example_branch_day_of_week_operator.py took 0.139 seconds
[2024-04-25T01:11:47.148+0000] {processor.py:156} INFO - Started process (PID=7492) to work on /home/airflow/.local/lib/python3.7/site-packages/airflow/example_dags/example_branch_day_of_week_operator.py
[2024-04-25T01:11:47.149+0000] {processor.py:758} INFO - Processing file /home/airflow/.local/lib/python3.7/site-packages/airflow/example_dags/example_branch_day_of_week_operator.py for tasks to queue
[2024-04-25T01:11:47.150+0000] {logging_mixin.py:117} INFO - [2024-04-25T01:11:47.150+0000] {dagbag.py:525} INFO - Filling up the DagBag from /home/airflow/.local/lib/python3.7/site-packages/airflow/example_dags/example_branch_day_of_week_operator.py
[2024-04-25T01:11:47.170+0000] {processor.py:768} INFO - DAG(s) dict_keys(['example_weekday_branch_operator']) retrieved from /home/airflow/.local/lib/python3.7/site-packages/airflow/example_dags/example_branch_day_of_week_operator.py
[2024-04-25T01:11:47.283+0000] {logging_mixin.py:117} INFO - [2024-04-25T01:11:47.283+0000] {dag.py:2573} INFO - Sync 1 DAGs
[2024-04-25T01:11:47.328+0000] {logging_mixin.py:117} INFO - [2024-04-25T01:11:47.328+0000] {dag.py:3328} INFO - Setting next_dagrun for example_weekday_branch_operator to 2024-04-24T00:00:00+00:00, run_after=2024-04-25T00:00:00+00:00
[2024-04-25T01:11:47.363+0000] {processor.py:178} INFO - Processing /home/airflow/.local/lib/python3.7/site-packages/airflow/example_dags/example_branch_day_of_week_operator.py took 0.219 seconds
[2024-04-25T01:12:17.564+0000] {processor.py:156} INFO - Started process (PID=7703) to work on /home/airflow/.local/lib/python3.7/site-packages/airflow/example_dags/example_branch_day_of_week_operator.py
[2024-04-25T01:12:17.565+0000] {processor.py:758} INFO - Processing file /home/airflow/.local/lib/python3.7/site-packages/airflow/example_dags/example_branch_day_of_week_operator.py for tasks to queue
[2024-04-25T01:12:17.565+0000] {logging_mixin.py:117} INFO - [2024-04-25T01:12:17.565+0000] {dagbag.py:525} INFO - Filling up the DagBag from /home/airflow/.local/lib/python3.7/site-packages/airflow/example_dags/example_branch_day_of_week_operator.py
[2024-04-25T01:12:17.580+0000] {processor.py:768} INFO - DAG(s) dict_keys(['example_weekday_branch_operator']) retrieved from /home/airflow/.local/lib/python3.7/site-packages/airflow/example_dags/example_branch_day_of_week_operator.py
[2024-04-25T01:12:17.621+0000] {logging_mixin.py:117} INFO - [2024-04-25T01:12:17.621+0000] {dag.py:2573} INFO - Sync 1 DAGs
[2024-04-25T01:12:17.643+0000] {logging_mixin.py:117} INFO - [2024-04-25T01:12:17.643+0000] {dag.py:3328} INFO - Setting next_dagrun for example_weekday_branch_operator to 2024-04-24T00:00:00+00:00, run_after=2024-04-25T00:00:00+00:00
[2024-04-25T01:12:17.664+0000] {processor.py:178} INFO - Processing /home/airflow/.local/lib/python3.7/site-packages/airflow/example_dags/example_branch_day_of_week_operator.py took 0.103 seconds
[2024-04-25T01:12:48.102+0000] {processor.py:156} INFO - Started process (PID=7921) to work on /home/airflow/.local/lib/python3.7/site-packages/airflow/example_dags/example_branch_day_of_week_operator.py
[2024-04-25T01:12:48.103+0000] {processor.py:758} INFO - Processing file /home/airflow/.local/lib/python3.7/site-packages/airflow/example_dags/example_branch_day_of_week_operator.py for tasks to queue
[2024-04-25T01:12:48.104+0000] {logging_mixin.py:117} INFO - [2024-04-25T01:12:48.104+0000] {dagbag.py:525} INFO - Filling up the DagBag from /home/airflow/.local/lib/python3.7/site-packages/airflow/example_dags/example_branch_day_of_week_operator.py
[2024-04-25T01:12:48.119+0000] {processor.py:768} INFO - DAG(s) dict_keys(['example_weekday_branch_operator']) retrieved from /home/airflow/.local/lib/python3.7/site-packages/airflow/example_dags/example_branch_day_of_week_operator.py
[2024-04-25T01:12:48.153+0000] {logging_mixin.py:117} INFO - [2024-04-25T01:12:48.153+0000] {dag.py:2573} INFO - Sync 1 DAGs
[2024-04-25T01:12:48.177+0000] {logging_mixin.py:117} INFO - [2024-04-25T01:12:48.177+0000] {dag.py:3328} INFO - Setting next_dagrun for example_weekday_branch_operator to 2024-04-24T00:00:00+00:00, run_after=2024-04-25T00:00:00+00:00
[2024-04-25T01:12:48.198+0000] {processor.py:178} INFO - Processing /home/airflow/.local/lib/python3.7/site-packages/airflow/example_dags/example_branch_day_of_week_operator.py took 0.098 seconds
[2024-04-25T01:13:18.950+0000] {processor.py:156} INFO - Started process (PID=8136) to work on /home/airflow/.local/lib/python3.7/site-packages/airflow/example_dags/example_branch_day_of_week_operator.py
[2024-04-25T01:13:18.951+0000] {processor.py:758} INFO - Processing file /home/airflow/.local/lib/python3.7/site-packages/airflow/example_dags/example_branch_day_of_week_operator.py for tasks to queue
[2024-04-25T01:13:18.952+0000] {logging_mixin.py:117} INFO - [2024-04-25T01:13:18.952+0000] {dagbag.py:525} INFO - Filling up the DagBag from /home/airflow/.local/lib/python3.7/site-packages/airflow/example_dags/example_branch_day_of_week_operator.py
[2024-04-25T01:13:18.975+0000] {processor.py:768} INFO - DAG(s) dict_keys(['example_weekday_branch_operator']) retrieved from /home/airflow/.local/lib/python3.7/site-packages/airflow/example_dags/example_branch_day_of_week_operator.py
[2024-04-25T01:13:19.023+0000] {logging_mixin.py:117} INFO - [2024-04-25T01:13:19.023+0000] {dag.py:2573} INFO - Sync 1 DAGs
[2024-04-25T01:13:19.055+0000] {logging_mixin.py:117} INFO - [2024-04-25T01:13:19.055+0000] {dag.py:3328} INFO - Setting next_dagrun for example_weekday_branch_operator to 2024-04-24T00:00:00+00:00, run_after=2024-04-25T00:00:00+00:00
[2024-04-25T01:13:19.082+0000] {processor.py:178} INFO - Processing /home/airflow/.local/lib/python3.7/site-packages/airflow/example_dags/example_branch_day_of_week_operator.py took 0.137 seconds
[2024-04-25T01:13:49.349+0000] {processor.py:156} INFO - Started process (PID=8346) to work on /home/airflow/.local/lib/python3.7/site-packages/airflow/example_dags/example_branch_day_of_week_operator.py
[2024-04-25T01:13:49.350+0000] {processor.py:758} INFO - Processing file /home/airflow/.local/lib/python3.7/site-packages/airflow/example_dags/example_branch_day_of_week_operator.py for tasks to queue
[2024-04-25T01:13:49.350+0000] {logging_mixin.py:117} INFO - [2024-04-25T01:13:49.350+0000] {dagbag.py:525} INFO - Filling up the DagBag from /home/airflow/.local/lib/python3.7/site-packages/airflow/example_dags/example_branch_day_of_week_operator.py
[2024-04-25T01:13:49.364+0000] {processor.py:768} INFO - DAG(s) dict_keys(['example_weekday_branch_operator']) retrieved from /home/airflow/.local/lib/python3.7/site-packages/airflow/example_dags/example_branch_day_of_week_operator.py
[2024-04-25T01:13:49.397+0000] {logging_mixin.py:117} INFO - [2024-04-25T01:13:49.397+0000] {dag.py:2573} INFO - Sync 1 DAGs
[2024-04-25T01:13:49.418+0000] {logging_mixin.py:117} INFO - [2024-04-25T01:13:49.418+0000] {dag.py:3328} INFO - Setting next_dagrun for example_weekday_branch_operator to 2024-04-24T00:00:00+00:00, run_after=2024-04-25T00:00:00+00:00
[2024-04-25T01:13:49.439+0000] {processor.py:178} INFO - Processing /home/airflow/.local/lib/python3.7/site-packages/airflow/example_dags/example_branch_day_of_week_operator.py took 0.094 seconds
[2024-04-25T01:14:20.057+0000] {processor.py:156} INFO - Started process (PID=8560) to work on /home/airflow/.local/lib/python3.7/site-packages/airflow/example_dags/example_branch_day_of_week_operator.py
[2024-04-25T01:14:20.059+0000] {processor.py:758} INFO - Processing file /home/airflow/.local/lib/python3.7/site-packages/airflow/example_dags/example_branch_day_of_week_operator.py for tasks to queue
[2024-04-25T01:14:20.060+0000] {logging_mixin.py:117} INFO - [2024-04-25T01:14:20.060+0000] {dagbag.py:525} INFO - Filling up the DagBag from /home/airflow/.local/lib/python3.7/site-packages/airflow/example_dags/example_branch_day_of_week_operator.py
[2024-04-25T01:14:20.097+0000] {processor.py:768} INFO - DAG(s) dict_keys(['example_weekday_branch_operator']) retrieved from /home/airflow/.local/lib/python3.7/site-packages/airflow/example_dags/example_branch_day_of_week_operator.py
[2024-04-25T01:14:20.173+0000] {logging_mixin.py:117} INFO - [2024-04-25T01:14:20.172+0000] {dag.py:2573} INFO - Sync 1 DAGs
[2024-04-25T01:14:20.203+0000] {logging_mixin.py:117} INFO - [2024-04-25T01:14:20.202+0000] {dag.py:3328} INFO - Setting next_dagrun for example_weekday_branch_operator to 2024-04-24T00:00:00+00:00, run_after=2024-04-25T00:00:00+00:00
[2024-04-25T01:14:20.227+0000] {processor.py:178} INFO - Processing /home/airflow/.local/lib/python3.7/site-packages/airflow/example_dags/example_branch_day_of_week_operator.py took 0.173 seconds
[2024-04-25T01:14:50.262+0000] {processor.py:156} INFO - Started process (PID=8778) to work on /home/airflow/.local/lib/python3.7/site-packages/airflow/example_dags/example_branch_day_of_week_operator.py
[2024-04-25T01:14:50.263+0000] {processor.py:758} INFO - Processing file /home/airflow/.local/lib/python3.7/site-packages/airflow/example_dags/example_branch_day_of_week_operator.py for tasks to queue
[2024-04-25T01:14:50.264+0000] {logging_mixin.py:117} INFO - [2024-04-25T01:14:50.264+0000] {dagbag.py:525} INFO - Filling up the DagBag from /home/airflow/.local/lib/python3.7/site-packages/airflow/example_dags/example_branch_day_of_week_operator.py
[2024-04-25T01:14:50.285+0000] {processor.py:768} INFO - DAG(s) dict_keys(['example_weekday_branch_operator']) retrieved from /home/airflow/.local/lib/python3.7/site-packages/airflow/example_dags/example_branch_day_of_week_operator.py
[2024-04-25T01:14:50.332+0000] {logging_mixin.py:117} INFO - [2024-04-25T01:14:50.332+0000] {dag.py:2573} INFO - Sync 1 DAGs
[2024-04-25T01:14:50.364+0000] {logging_mixin.py:117} INFO - [2024-04-25T01:14:50.364+0000] {dag.py:3328} INFO - Setting next_dagrun for example_weekday_branch_operator to 2024-04-24T00:00:00+00:00, run_after=2024-04-25T00:00:00+00:00
[2024-04-25T01:14:50.389+0000] {processor.py:178} INFO - Processing /home/airflow/.local/lib/python3.7/site-packages/airflow/example_dags/example_branch_day_of_week_operator.py took 0.131 seconds
[2024-04-25T01:15:21.130+0000] {processor.py:156} INFO - Started process (PID=8987) to work on /home/airflow/.local/lib/python3.7/site-packages/airflow/example_dags/example_branch_day_of_week_operator.py
[2024-04-25T01:15:21.132+0000] {processor.py:758} INFO - Processing file /home/airflow/.local/lib/python3.7/site-packages/airflow/example_dags/example_branch_day_of_week_operator.py for tasks to queue
[2024-04-25T01:15:21.133+0000] {logging_mixin.py:117} INFO - [2024-04-25T01:15:21.133+0000] {dagbag.py:525} INFO - Filling up the DagBag from /home/airflow/.local/lib/python3.7/site-packages/airflow/example_dags/example_branch_day_of_week_operator.py
[2024-04-25T01:15:21.160+0000] {processor.py:768} INFO - DAG(s) dict_keys(['example_weekday_branch_operator']) retrieved from /home/airflow/.local/lib/python3.7/site-packages/airflow/example_dags/example_branch_day_of_week_operator.py
[2024-04-25T01:15:21.206+0000] {logging_mixin.py:117} INFO - [2024-04-25T01:15:21.206+0000] {dag.py:2573} INFO - Sync 1 DAGs
[2024-04-25T01:15:21.242+0000] {logging_mixin.py:117} INFO - [2024-04-25T01:15:21.241+0000] {dag.py:3328} INFO - Setting next_dagrun for example_weekday_branch_operator to 2024-04-24T00:00:00+00:00, run_after=2024-04-25T00:00:00+00:00
[2024-04-25T01:15:21.264+0000] {processor.py:178} INFO - Processing /home/airflow/.local/lib/python3.7/site-packages/airflow/example_dags/example_branch_day_of_week_operator.py took 0.146 seconds
[2024-04-25T01:15:51.950+0000] {processor.py:156} INFO - Started process (PID=9208) to work on /home/airflow/.local/lib/python3.7/site-packages/airflow/example_dags/example_branch_day_of_week_operator.py
[2024-04-25T01:15:51.952+0000] {processor.py:758} INFO - Processing file /home/airflow/.local/lib/python3.7/site-packages/airflow/example_dags/example_branch_day_of_week_operator.py for tasks to queue
[2024-04-25T01:15:51.953+0000] {logging_mixin.py:117} INFO - [2024-04-25T01:15:51.953+0000] {dagbag.py:525} INFO - Filling up the DagBag from /home/airflow/.local/lib/python3.7/site-packages/airflow/example_dags/example_branch_day_of_week_operator.py
[2024-04-25T01:15:51.973+0000] {processor.py:768} INFO - DAG(s) dict_keys(['example_weekday_branch_operator']) retrieved from /home/airflow/.local/lib/python3.7/site-packages/airflow/example_dags/example_branch_day_of_week_operator.py
[2024-04-25T01:15:52.018+0000] {logging_mixin.py:117} INFO - [2024-04-25T01:15:52.018+0000] {dag.py:2573} INFO - Sync 1 DAGs
[2024-04-25T01:15:52.050+0000] {logging_mixin.py:117} INFO - [2024-04-25T01:15:52.050+0000] {dag.py:3328} INFO - Setting next_dagrun for example_weekday_branch_operator to 2024-04-24T00:00:00+00:00, run_after=2024-04-25T00:00:00+00:00
[2024-04-25T01:15:52.075+0000] {processor.py:178} INFO - Processing /home/airflow/.local/lib/python3.7/site-packages/airflow/example_dags/example_branch_day_of_week_operator.py took 0.128 seconds
[2024-04-25T01:16:22.521+0000] {processor.py:156} INFO - Started process (PID=9427) to work on /home/airflow/.local/lib/python3.7/site-packages/airflow/example_dags/example_branch_day_of_week_operator.py
[2024-04-25T01:16:22.522+0000] {processor.py:758} INFO - Processing file /home/airflow/.local/lib/python3.7/site-packages/airflow/example_dags/example_branch_day_of_week_operator.py for tasks to queue
[2024-04-25T01:16:22.522+0000] {logging_mixin.py:117} INFO - [2024-04-25T01:16:22.522+0000] {dagbag.py:525} INFO - Filling up the DagBag from /home/airflow/.local/lib/python3.7/site-packages/airflow/example_dags/example_branch_day_of_week_operator.py
[2024-04-25T01:16:22.536+0000] {processor.py:768} INFO - DAG(s) dict_keys(['example_weekday_branch_operator']) retrieved from /home/airflow/.local/lib/python3.7/site-packages/airflow/example_dags/example_branch_day_of_week_operator.py
[2024-04-25T01:16:22.569+0000] {logging_mixin.py:117} INFO - [2024-04-25T01:16:22.569+0000] {dag.py:2573} INFO - Sync 1 DAGs
[2024-04-25T01:16:22.590+0000] {logging_mixin.py:117} INFO - [2024-04-25T01:16:22.590+0000] {dag.py:3328} INFO - Setting next_dagrun for example_weekday_branch_operator to 2024-04-24T00:00:00+00:00, run_after=2024-04-25T00:00:00+00:00
[2024-04-25T01:16:22.611+0000] {processor.py:178} INFO - Processing /home/airflow/.local/lib/python3.7/site-packages/airflow/example_dags/example_branch_day_of_week_operator.py took 0.092 seconds
[2024-04-25T01:16:53.391+0000] {processor.py:156} INFO - Started process (PID=9636) to work on /home/airflow/.local/lib/python3.7/site-packages/airflow/example_dags/example_branch_day_of_week_operator.py
[2024-04-25T01:16:53.392+0000] {processor.py:758} INFO - Processing file /home/airflow/.local/lib/python3.7/site-packages/airflow/example_dags/example_branch_day_of_week_operator.py for tasks to queue
[2024-04-25T01:16:53.392+0000] {logging_mixin.py:117} INFO - [2024-04-25T01:16:53.392+0000] {dagbag.py:525} INFO - Filling up the DagBag from /home/airflow/.local/lib/python3.7/site-packages/airflow/example_dags/example_branch_day_of_week_operator.py
[2024-04-25T01:16:53.407+0000] {processor.py:768} INFO - DAG(s) dict_keys(['example_weekday_branch_operator']) retrieved from /home/airflow/.local/lib/python3.7/site-packages/airflow/example_dags/example_branch_day_of_week_operator.py
[2024-04-25T01:16:53.449+0000] {logging_mixin.py:117} INFO - [2024-04-25T01:16:53.449+0000] {dag.py:2573} INFO - Sync 1 DAGs
[2024-04-25T01:16:53.472+0000] {logging_mixin.py:117} INFO - [2024-04-25T01:16:53.472+0000] {dag.py:3328} INFO - Setting next_dagrun for example_weekday_branch_operator to 2024-04-24T00:00:00+00:00, run_after=2024-04-25T00:00:00+00:00
[2024-04-25T01:16:53.494+0000] {processor.py:178} INFO - Processing /home/airflow/.local/lib/python3.7/site-packages/airflow/example_dags/example_branch_day_of_week_operator.py took 0.106 seconds
[2024-04-25T01:17:24.248+0000] {processor.py:156} INFO - Started process (PID=9851) to work on /home/airflow/.local/lib/python3.7/site-packages/airflow/example_dags/example_branch_day_of_week_operator.py
[2024-04-25T01:17:24.249+0000] {processor.py:758} INFO - Processing file /home/airflow/.local/lib/python3.7/site-packages/airflow/example_dags/example_branch_day_of_week_operator.py for tasks to queue
[2024-04-25T01:17:24.250+0000] {logging_mixin.py:117} INFO - [2024-04-25T01:17:24.250+0000] {dagbag.py:525} INFO - Filling up the DagBag from /home/airflow/.local/lib/python3.7/site-packages/airflow/example_dags/example_branch_day_of_week_operator.py
[2024-04-25T01:17:24.271+0000] {processor.py:768} INFO - DAG(s) dict_keys(['example_weekday_branch_operator']) retrieved from /home/airflow/.local/lib/python3.7/site-packages/airflow/example_dags/example_branch_day_of_week_operator.py
[2024-04-25T01:17:24.391+0000] {logging_mixin.py:117} INFO - [2024-04-25T01:17:24.391+0000] {dag.py:2573} INFO - Sync 1 DAGs
[2024-04-25T01:17:24.434+0000] {logging_mixin.py:117} INFO - [2024-04-25T01:17:24.434+0000] {dag.py:3328} INFO - Setting next_dagrun for example_weekday_branch_operator to 2024-04-24T00:00:00+00:00, run_after=2024-04-25T00:00:00+00:00
[2024-04-25T01:17:24.456+0000] {processor.py:178} INFO - Processing /home/airflow/.local/lib/python3.7/site-packages/airflow/example_dags/example_branch_day_of_week_operator.py took 0.212 seconds
[2024-04-25T01:17:54.674+0000] {processor.py:156} INFO - Started process (PID=10070) to work on /home/airflow/.local/lib/python3.7/site-packages/airflow/example_dags/example_branch_day_of_week_operator.py
[2024-04-25T01:17:54.675+0000] {processor.py:758} INFO - Processing file /home/airflow/.local/lib/python3.7/site-packages/airflow/example_dags/example_branch_day_of_week_operator.py for tasks to queue
[2024-04-25T01:17:54.676+0000] {logging_mixin.py:117} INFO - [2024-04-25T01:17:54.676+0000] {dagbag.py:525} INFO - Filling up the DagBag from /home/airflow/.local/lib/python3.7/site-packages/airflow/example_dags/example_branch_day_of_week_operator.py
[2024-04-25T01:17:54.714+0000] {processor.py:768} INFO - DAG(s) dict_keys(['example_weekday_branch_operator']) retrieved from /home/airflow/.local/lib/python3.7/site-packages/airflow/example_dags/example_branch_day_of_week_operator.py
[2024-04-25T01:17:54.814+0000] {logging_mixin.py:117} INFO - [2024-04-25T01:17:54.813+0000] {dag.py:2573} INFO - Sync 1 DAGs
[2024-04-25T01:17:54.904+0000] {logging_mixin.py:117} INFO - [2024-04-25T01:17:54.904+0000] {dag.py:3328} INFO - Setting next_dagrun for example_weekday_branch_operator to 2024-04-24T00:00:00+00:00, run_after=2024-04-25T00:00:00+00:00
[2024-04-25T01:17:54.950+0000] {processor.py:178} INFO - Processing /home/airflow/.local/lib/python3.7/site-packages/airflow/example_dags/example_branch_day_of_week_operator.py took 0.280 seconds
[2024-04-25T01:18:25.515+0000] {processor.py:156} INFO - Started process (PID=10280) to work on /home/airflow/.local/lib/python3.7/site-packages/airflow/example_dags/example_branch_day_of_week_operator.py
[2024-04-25T01:18:25.516+0000] {processor.py:758} INFO - Processing file /home/airflow/.local/lib/python3.7/site-packages/airflow/example_dags/example_branch_day_of_week_operator.py for tasks to queue
[2024-04-25T01:18:25.517+0000] {logging_mixin.py:117} INFO - [2024-04-25T01:18:25.516+0000] {dagbag.py:525} INFO - Filling up the DagBag from /home/airflow/.local/lib/python3.7/site-packages/airflow/example_dags/example_branch_day_of_week_operator.py
[2024-04-25T01:18:25.535+0000] {processor.py:768} INFO - DAG(s) dict_keys(['example_weekday_branch_operator']) retrieved from /home/airflow/.local/lib/python3.7/site-packages/airflow/example_dags/example_branch_day_of_week_operator.py
[2024-04-25T01:18:25.582+0000] {logging_mixin.py:117} INFO - [2024-04-25T01:18:25.581+0000] {dag.py:2573} INFO - Sync 1 DAGs
[2024-04-25T01:18:25.614+0000] {logging_mixin.py:117} INFO - [2024-04-25T01:18:25.613+0000] {dag.py:3328} INFO - Setting next_dagrun for example_weekday_branch_operator to 2024-04-24T00:00:00+00:00, run_after=2024-04-25T00:00:00+00:00
[2024-04-25T01:18:25.640+0000] {processor.py:178} INFO - Processing /home/airflow/.local/lib/python3.7/site-packages/airflow/example_dags/example_branch_day_of_week_operator.py took 0.128 seconds
[2024-04-25T01:18:55.719+0000] {processor.py:156} INFO - Started process (PID=10498) to work on /home/airflow/.local/lib/python3.7/site-packages/airflow/example_dags/example_branch_day_of_week_operator.py
[2024-04-25T01:18:55.720+0000] {processor.py:758} INFO - Processing file /home/airflow/.local/lib/python3.7/site-packages/airflow/example_dags/example_branch_day_of_week_operator.py for tasks to queue
[2024-04-25T01:18:55.720+0000] {logging_mixin.py:117} INFO - [2024-04-25T01:18:55.720+0000] {dagbag.py:525} INFO - Filling up the DagBag from /home/airflow/.local/lib/python3.7/site-packages/airflow/example_dags/example_branch_day_of_week_operator.py
[2024-04-25T01:18:55.734+0000] {processor.py:768} INFO - DAG(s) dict_keys(['example_weekday_branch_operator']) retrieved from /home/airflow/.local/lib/python3.7/site-packages/airflow/example_dags/example_branch_day_of_week_operator.py
[2024-04-25T01:18:55.777+0000] {logging_mixin.py:117} INFO - [2024-04-25T01:18:55.777+0000] {dag.py:2573} INFO - Sync 1 DAGs
[2024-04-25T01:18:55.808+0000] {logging_mixin.py:117} INFO - [2024-04-25T01:18:55.808+0000] {dag.py:3328} INFO - Setting next_dagrun for example_weekday_branch_operator to 2024-04-24T00:00:00+00:00, run_after=2024-04-25T00:00:00+00:00
[2024-04-25T01:18:55.841+0000] {processor.py:178} INFO - Processing /home/airflow/.local/lib/python3.7/site-packages/airflow/example_dags/example_branch_day_of_week_operator.py took 0.125 seconds
[2024-04-25T01:19:26.267+0000] {processor.py:156} INFO - Started process (PID=10712) to work on /home/airflow/.local/lib/python3.7/site-packages/airflow/example_dags/example_branch_day_of_week_operator.py
[2024-04-25T01:19:26.268+0000] {processor.py:758} INFO - Processing file /home/airflow/.local/lib/python3.7/site-packages/airflow/example_dags/example_branch_day_of_week_operator.py for tasks to queue
[2024-04-25T01:19:26.268+0000] {logging_mixin.py:117} INFO - [2024-04-25T01:19:26.268+0000] {dagbag.py:525} INFO - Filling up the DagBag from /home/airflow/.local/lib/python3.7/site-packages/airflow/example_dags/example_branch_day_of_week_operator.py
[2024-04-25T01:19:26.309+0000] {processor.py:768} INFO - DAG(s) dict_keys(['example_weekday_branch_operator']) retrieved from /home/airflow/.local/lib/python3.7/site-packages/airflow/example_dags/example_branch_day_of_week_operator.py
[2024-04-25T01:19:26.393+0000] {logging_mixin.py:117} INFO - [2024-04-25T01:19:26.393+0000] {dag.py:2573} INFO - Sync 1 DAGs
[2024-04-25T01:19:26.439+0000] {logging_mixin.py:117} INFO - [2024-04-25T01:19:26.439+0000] {dag.py:3328} INFO - Setting next_dagrun for example_weekday_branch_operator to 2024-04-24T00:00:00+00:00, run_after=2024-04-25T00:00:00+00:00
[2024-04-25T01:19:26.473+0000] {processor.py:178} INFO - Processing /home/airflow/.local/lib/python3.7/site-packages/airflow/example_dags/example_branch_day_of_week_operator.py took 0.209 seconds
[2024-04-25T01:19:57.094+0000] {processor.py:156} INFO - Started process (PID=10925) to work on /home/airflow/.local/lib/python3.7/site-packages/airflow/example_dags/example_branch_day_of_week_operator.py
[2024-04-25T01:19:57.094+0000] {processor.py:758} INFO - Processing file /home/airflow/.local/lib/python3.7/site-packages/airflow/example_dags/example_branch_day_of_week_operator.py for tasks to queue
[2024-04-25T01:19:57.095+0000] {logging_mixin.py:117} INFO - [2024-04-25T01:19:57.095+0000] {dagbag.py:525} INFO - Filling up the DagBag from /home/airflow/.local/lib/python3.7/site-packages/airflow/example_dags/example_branch_day_of_week_operator.py
[2024-04-25T01:19:57.110+0000] {processor.py:768} INFO - DAG(s) dict_keys(['example_weekday_branch_operator']) retrieved from /home/airflow/.local/lib/python3.7/site-packages/airflow/example_dags/example_branch_day_of_week_operator.py
[2024-04-25T01:19:57.145+0000] {logging_mixin.py:117} INFO - [2024-04-25T01:19:57.144+0000] {dag.py:2573} INFO - Sync 1 DAGs
[2024-04-25T01:19:57.166+0000] {logging_mixin.py:117} INFO - [2024-04-25T01:19:57.165+0000] {dag.py:3328} INFO - Setting next_dagrun for example_weekday_branch_operator to 2024-04-24T00:00:00+00:00, run_after=2024-04-25T00:00:00+00:00
[2024-04-25T01:19:57.187+0000] {processor.py:178} INFO - Processing /home/airflow/.local/lib/python3.7/site-packages/airflow/example_dags/example_branch_day_of_week_operator.py took 0.096 seconds
[2024-04-25T01:20:28.149+0000] {processor.py:156} INFO - Started process (PID=11142) to work on /home/airflow/.local/lib/python3.7/site-packages/airflow/example_dags/example_branch_day_of_week_operator.py
[2024-04-25T01:20:28.150+0000] {processor.py:758} INFO - Processing file /home/airflow/.local/lib/python3.7/site-packages/airflow/example_dags/example_branch_day_of_week_operator.py for tasks to queue
[2024-04-25T01:20:28.151+0000] {logging_mixin.py:117} INFO - [2024-04-25T01:20:28.151+0000] {dagbag.py:525} INFO - Filling up the DagBag from /home/airflow/.local/lib/python3.7/site-packages/airflow/example_dags/example_branch_day_of_week_operator.py
[2024-04-25T01:20:28.165+0000] {processor.py:768} INFO - DAG(s) dict_keys(['example_weekday_branch_operator']) retrieved from /home/airflow/.local/lib/python3.7/site-packages/airflow/example_dags/example_branch_day_of_week_operator.py
[2024-04-25T01:20:28.204+0000] {logging_mixin.py:117} INFO - [2024-04-25T01:20:28.203+0000] {dag.py:2573} INFO - Sync 1 DAGs
[2024-04-25T01:20:28.229+0000] {logging_mixin.py:117} INFO - [2024-04-25T01:20:28.228+0000] {dag.py:3328} INFO - Setting next_dagrun for example_weekday_branch_operator to 2024-04-24T00:00:00+00:00, run_after=2024-04-25T00:00:00+00:00
[2024-04-25T01:20:28.250+0000] {processor.py:178} INFO - Processing /home/airflow/.local/lib/python3.7/site-packages/airflow/example_dags/example_branch_day_of_week_operator.py took 0.103 seconds
[2024-04-25T01:20:58.592+0000] {processor.py:156} INFO - Started process (PID=11350) to work on /home/airflow/.local/lib/python3.7/site-packages/airflow/example_dags/example_branch_day_of_week_operator.py
[2024-04-25T01:20:58.592+0000] {processor.py:758} INFO - Processing file /home/airflow/.local/lib/python3.7/site-packages/airflow/example_dags/example_branch_day_of_week_operator.py for tasks to queue
[2024-04-25T01:20:58.593+0000] {logging_mixin.py:117} INFO - [2024-04-25T01:20:58.593+0000] {dagbag.py:525} INFO - Filling up the DagBag from /home/airflow/.local/lib/python3.7/site-packages/airflow/example_dags/example_branch_day_of_week_operator.py
[2024-04-25T01:20:58.624+0000] {processor.py:768} INFO - DAG(s) dict_keys(['example_weekday_branch_operator']) retrieved from /home/airflow/.local/lib/python3.7/site-packages/airflow/example_dags/example_branch_day_of_week_operator.py
[2024-04-25T01:20:58.758+0000] {logging_mixin.py:117} INFO - [2024-04-25T01:20:58.757+0000] {dag.py:2573} INFO - Sync 1 DAGs
[2024-04-25T01:20:58.828+0000] {logging_mixin.py:117} INFO - [2024-04-25T01:20:58.827+0000] {dag.py:3328} INFO - Setting next_dagrun for example_weekday_branch_operator to 2024-04-24T00:00:00+00:00, run_after=2024-04-25T00:00:00+00:00
[2024-04-25T01:20:58.871+0000] {processor.py:178} INFO - Processing /home/airflow/.local/lib/python3.7/site-packages/airflow/example_dags/example_branch_day_of_week_operator.py took 0.292 seconds
[2024-04-25T01:21:29.459+0000] {processor.py:156} INFO - Started process (PID=11571) to work on /home/airflow/.local/lib/python3.7/site-packages/airflow/example_dags/example_branch_day_of_week_operator.py
[2024-04-25T01:21:29.459+0000] {processor.py:758} INFO - Processing file /home/airflow/.local/lib/python3.7/site-packages/airflow/example_dags/example_branch_day_of_week_operator.py for tasks to queue
[2024-04-25T01:21:29.460+0000] {logging_mixin.py:117} INFO - [2024-04-25T01:21:29.460+0000] {dagbag.py:525} INFO - Filling up the DagBag from /home/airflow/.local/lib/python3.7/site-packages/airflow/example_dags/example_branch_day_of_week_operator.py
[2024-04-25T01:21:29.495+0000] {processor.py:768} INFO - DAG(s) dict_keys(['example_weekday_branch_operator']) retrieved from /home/airflow/.local/lib/python3.7/site-packages/airflow/example_dags/example_branch_day_of_week_operator.py
[2024-04-25T01:21:29.547+0000] {logging_mixin.py:117} INFO - [2024-04-25T01:21:29.546+0000] {dag.py:2573} INFO - Sync 1 DAGs
[2024-04-25T01:21:29.579+0000] {logging_mixin.py:117} INFO - [2024-04-25T01:21:29.579+0000] {dag.py:3328} INFO - Setting next_dagrun for example_weekday_branch_operator to 2024-04-24T00:00:00+00:00, run_after=2024-04-25T00:00:00+00:00
[2024-04-25T01:21:29.601+0000] {processor.py:178} INFO - Processing /home/airflow/.local/lib/python3.7/site-packages/airflow/example_dags/example_branch_day_of_week_operator.py took 0.147 seconds
[2024-04-25T01:21:59.708+0000] {processor.py:156} INFO - Started process (PID=11790) to work on /home/airflow/.local/lib/python3.7/site-packages/airflow/example_dags/example_branch_day_of_week_operator.py
[2024-04-25T01:21:59.708+0000] {processor.py:758} INFO - Processing file /home/airflow/.local/lib/python3.7/site-packages/airflow/example_dags/example_branch_day_of_week_operator.py for tasks to queue
[2024-04-25T01:21:59.709+0000] {logging_mixin.py:117} INFO - [2024-04-25T01:21:59.709+0000] {dagbag.py:525} INFO - Filling up the DagBag from /home/airflow/.local/lib/python3.7/site-packages/airflow/example_dags/example_branch_day_of_week_operator.py
[2024-04-25T01:21:59.722+0000] {processor.py:768} INFO - DAG(s) dict_keys(['example_weekday_branch_operator']) retrieved from /home/airflow/.local/lib/python3.7/site-packages/airflow/example_dags/example_branch_day_of_week_operator.py
[2024-04-25T01:21:59.756+0000] {logging_mixin.py:117} INFO - [2024-04-25T01:21:59.756+0000] {dag.py:2573} INFO - Sync 1 DAGs
[2024-04-25T01:21:59.777+0000] {logging_mixin.py:117} INFO - [2024-04-25T01:21:59.777+0000] {dag.py:3328} INFO - Setting next_dagrun for example_weekday_branch_operator to 2024-04-24T00:00:00+00:00, run_after=2024-04-25T00:00:00+00:00
[2024-04-25T01:21:59.799+0000] {processor.py:178} INFO - Processing /home/airflow/.local/lib/python3.7/site-packages/airflow/example_dags/example_branch_day_of_week_operator.py took 0.094 seconds
[2024-04-25T01:22:29.934+0000] {processor.py:156} INFO - Started process (PID=11997) to work on /home/airflow/.local/lib/python3.7/site-packages/airflow/example_dags/example_branch_day_of_week_operator.py
[2024-04-25T01:22:29.935+0000] {processor.py:758} INFO - Processing file /home/airflow/.local/lib/python3.7/site-packages/airflow/example_dags/example_branch_day_of_week_operator.py for tasks to queue
[2024-04-25T01:22:29.936+0000] {logging_mixin.py:117} INFO - [2024-04-25T01:22:29.936+0000] {dagbag.py:525} INFO - Filling up the DagBag from /home/airflow/.local/lib/python3.7/site-packages/airflow/example_dags/example_branch_day_of_week_operator.py
[2024-04-25T01:22:29.950+0000] {processor.py:768} INFO - DAG(s) dict_keys(['example_weekday_branch_operator']) retrieved from /home/airflow/.local/lib/python3.7/site-packages/airflow/example_dags/example_branch_day_of_week_operator.py
[2024-04-25T01:22:29.983+0000] {logging_mixin.py:117} INFO - [2024-04-25T01:22:29.983+0000] {dag.py:2573} INFO - Sync 1 DAGs
[2024-04-25T01:22:30.004+0000] {logging_mixin.py:117} INFO - [2024-04-25T01:22:30.003+0000] {dag.py:3328} INFO - Setting next_dagrun for example_weekday_branch_operator to 2024-04-24T00:00:00+00:00, run_after=2024-04-25T00:00:00+00:00
[2024-04-25T01:22:30.024+0000] {processor.py:178} INFO - Processing /home/airflow/.local/lib/python3.7/site-packages/airflow/example_dags/example_branch_day_of_week_operator.py took 0.092 seconds
[2024-04-25T01:23:00.324+0000] {processor.py:156} INFO - Started process (PID=12215) to work on /home/airflow/.local/lib/python3.7/site-packages/airflow/example_dags/example_branch_day_of_week_operator.py
[2024-04-25T01:23:00.325+0000] {processor.py:758} INFO - Processing file /home/airflow/.local/lib/python3.7/site-packages/airflow/example_dags/example_branch_day_of_week_operator.py for tasks to queue
[2024-04-25T01:23:00.326+0000] {logging_mixin.py:117} INFO - [2024-04-25T01:23:00.326+0000] {dagbag.py:525} INFO - Filling up the DagBag from /home/airflow/.local/lib/python3.7/site-packages/airflow/example_dags/example_branch_day_of_week_operator.py
[2024-04-25T01:23:00.340+0000] {processor.py:768} INFO - DAG(s) dict_keys(['example_weekday_branch_operator']) retrieved from /home/airflow/.local/lib/python3.7/site-packages/airflow/example_dags/example_branch_day_of_week_operator.py
[2024-04-25T01:23:00.373+0000] {logging_mixin.py:117} INFO - [2024-04-25T01:23:00.372+0000] {dag.py:2573} INFO - Sync 1 DAGs
[2024-04-25T01:23:00.394+0000] {logging_mixin.py:117} INFO - [2024-04-25T01:23:00.394+0000] {dag.py:3328} INFO - Setting next_dagrun for example_weekday_branch_operator to 2024-04-24T00:00:00+00:00, run_after=2024-04-25T00:00:00+00:00
[2024-04-25T01:23:00.419+0000] {processor.py:178} INFO - Processing /home/airflow/.local/lib/python3.7/site-packages/airflow/example_dags/example_branch_day_of_week_operator.py took 0.097 seconds
[2024-04-25T01:23:31.377+0000] {processor.py:156} INFO - Started process (PID=12433) to work on /home/airflow/.local/lib/python3.7/site-packages/airflow/example_dags/example_branch_day_of_week_operator.py
[2024-04-25T01:23:31.378+0000] {processor.py:758} INFO - Processing file /home/airflow/.local/lib/python3.7/site-packages/airflow/example_dags/example_branch_day_of_week_operator.py for tasks to queue
[2024-04-25T01:23:31.379+0000] {logging_mixin.py:117} INFO - [2024-04-25T01:23:31.379+0000] {dagbag.py:525} INFO - Filling up the DagBag from /home/airflow/.local/lib/python3.7/site-packages/airflow/example_dags/example_branch_day_of_week_operator.py
[2024-04-25T01:23:31.395+0000] {processor.py:768} INFO - DAG(s) dict_keys(['example_weekday_branch_operator']) retrieved from /home/airflow/.local/lib/python3.7/site-packages/airflow/example_dags/example_branch_day_of_week_operator.py
[2024-04-25T01:23:31.428+0000] {logging_mixin.py:117} INFO - [2024-04-25T01:23:31.428+0000] {dag.py:2573} INFO - Sync 1 DAGs
[2024-04-25T01:23:31.458+0000] {logging_mixin.py:117} INFO - [2024-04-25T01:23:31.457+0000] {dag.py:3328} INFO - Setting next_dagrun for example_weekday_branch_operator to 2024-04-24T00:00:00+00:00, run_after=2024-04-25T00:00:00+00:00
[2024-04-25T01:23:31.487+0000] {processor.py:178} INFO - Processing /home/airflow/.local/lib/python3.7/site-packages/airflow/example_dags/example_branch_day_of_week_operator.py took 0.112 seconds
[2024-04-25T01:24:02.099+0000] {processor.py:156} INFO - Started process (PID=12643) to work on /home/airflow/.local/lib/python3.7/site-packages/airflow/example_dags/example_branch_day_of_week_operator.py
[2024-04-25T01:24:02.100+0000] {processor.py:758} INFO - Processing file /home/airflow/.local/lib/python3.7/site-packages/airflow/example_dags/example_branch_day_of_week_operator.py for tasks to queue
[2024-04-25T01:24:02.100+0000] {logging_mixin.py:117} INFO - [2024-04-25T01:24:02.100+0000] {dagbag.py:525} INFO - Filling up the DagBag from /home/airflow/.local/lib/python3.7/site-packages/airflow/example_dags/example_branch_day_of_week_operator.py
[2024-04-25T01:24:02.114+0000] {processor.py:768} INFO - DAG(s) dict_keys(['example_weekday_branch_operator']) retrieved from /home/airflow/.local/lib/python3.7/site-packages/airflow/example_dags/example_branch_day_of_week_operator.py
[2024-04-25T01:24:02.149+0000] {logging_mixin.py:117} INFO - [2024-04-25T01:24:02.149+0000] {dag.py:2573} INFO - Sync 1 DAGs
[2024-04-25T01:24:02.174+0000] {logging_mixin.py:117} INFO - [2024-04-25T01:24:02.174+0000] {dag.py:3328} INFO - Setting next_dagrun for example_weekday_branch_operator to 2024-04-24T00:00:00+00:00, run_after=2024-04-25T00:00:00+00:00
[2024-04-25T01:24:02.201+0000] {processor.py:178} INFO - Processing /home/airflow/.local/lib/python3.7/site-packages/airflow/example_dags/example_branch_day_of_week_operator.py took 0.104 seconds
[2024-04-25T01:24:33.016+0000] {processor.py:156} INFO - Started process (PID=12861) to work on /home/airflow/.local/lib/python3.7/site-packages/airflow/example_dags/example_branch_day_of_week_operator.py
[2024-04-25T01:24:33.017+0000] {processor.py:758} INFO - Processing file /home/airflow/.local/lib/python3.7/site-packages/airflow/example_dags/example_branch_day_of_week_operator.py for tasks to queue
[2024-04-25T01:24:33.018+0000] {logging_mixin.py:117} INFO - [2024-04-25T01:24:33.018+0000] {dagbag.py:525} INFO - Filling up the DagBag from /home/airflow/.local/lib/python3.7/site-packages/airflow/example_dags/example_branch_day_of_week_operator.py
[2024-04-25T01:24:33.032+0000] {processor.py:768} INFO - DAG(s) dict_keys(['example_weekday_branch_operator']) retrieved from /home/airflow/.local/lib/python3.7/site-packages/airflow/example_dags/example_branch_day_of_week_operator.py
[2024-04-25T01:24:33.066+0000] {logging_mixin.py:117} INFO - [2024-04-25T01:24:33.066+0000] {dag.py:2573} INFO - Sync 1 DAGs
[2024-04-25T01:24:33.087+0000] {logging_mixin.py:117} INFO - [2024-04-25T01:24:33.087+0000] {dag.py:3328} INFO - Setting next_dagrun for example_weekday_branch_operator to 2024-04-24T00:00:00+00:00, run_after=2024-04-25T00:00:00+00:00
[2024-04-25T01:24:33.109+0000] {processor.py:178} INFO - Processing /home/airflow/.local/lib/python3.7/site-packages/airflow/example_dags/example_branch_day_of_week_operator.py took 0.096 seconds
[2024-04-25T01:25:03.471+0000] {processor.py:156} INFO - Started process (PID=13077) to work on /home/airflow/.local/lib/python3.7/site-packages/airflow/example_dags/example_branch_day_of_week_operator.py
[2024-04-25T01:25:03.472+0000] {processor.py:758} INFO - Processing file /home/airflow/.local/lib/python3.7/site-packages/airflow/example_dags/example_branch_day_of_week_operator.py for tasks to queue
[2024-04-25T01:25:03.472+0000] {logging_mixin.py:117} INFO - [2024-04-25T01:25:03.472+0000] {dagbag.py:525} INFO - Filling up the DagBag from /home/airflow/.local/lib/python3.7/site-packages/airflow/example_dags/example_branch_day_of_week_operator.py
[2024-04-25T01:25:03.487+0000] {processor.py:768} INFO - DAG(s) dict_keys(['example_weekday_branch_operator']) retrieved from /home/airflow/.local/lib/python3.7/site-packages/airflow/example_dags/example_branch_day_of_week_operator.py
[2024-04-25T01:25:03.526+0000] {logging_mixin.py:117} INFO - [2024-04-25T01:25:03.526+0000] {dag.py:2573} INFO - Sync 1 DAGs
[2024-04-25T01:25:03.547+0000] {logging_mixin.py:117} INFO - [2024-04-25T01:25:03.547+0000] {dag.py:3328} INFO - Setting next_dagrun for example_weekday_branch_operator to 2024-04-24T00:00:00+00:00, run_after=2024-04-25T00:00:00+00:00
[2024-04-25T01:25:03.567+0000] {processor.py:178} INFO - Processing /home/airflow/.local/lib/python3.7/site-packages/airflow/example_dags/example_branch_day_of_week_operator.py took 0.099 seconds
[2024-04-25T01:25:34.161+0000] {processor.py:156} INFO - Started process (PID=13286) to work on /home/airflow/.local/lib/python3.7/site-packages/airflow/example_dags/example_branch_day_of_week_operator.py
[2024-04-25T01:25:34.162+0000] {processor.py:758} INFO - Processing file /home/airflow/.local/lib/python3.7/site-packages/airflow/example_dags/example_branch_day_of_week_operator.py for tasks to queue
[2024-04-25T01:25:34.162+0000] {logging_mixin.py:117} INFO - [2024-04-25T01:25:34.162+0000] {dagbag.py:525} INFO - Filling up the DagBag from /home/airflow/.local/lib/python3.7/site-packages/airflow/example_dags/example_branch_day_of_week_operator.py
[2024-04-25T01:25:34.176+0000] {processor.py:768} INFO - DAG(s) dict_keys(['example_weekday_branch_operator']) retrieved from /home/airflow/.local/lib/python3.7/site-packages/airflow/example_dags/example_branch_day_of_week_operator.py
[2024-04-25T01:25:34.208+0000] {logging_mixin.py:117} INFO - [2024-04-25T01:25:34.208+0000] {dag.py:2573} INFO - Sync 1 DAGs
[2024-04-25T01:25:34.232+0000] {logging_mixin.py:117} INFO - [2024-04-25T01:25:34.232+0000] {dag.py:3328} INFO - Setting next_dagrun for example_weekday_branch_operator to 2024-04-24T00:00:00+00:00, run_after=2024-04-25T00:00:00+00:00
[2024-04-25T01:25:34.253+0000] {processor.py:178} INFO - Processing /home/airflow/.local/lib/python3.7/site-packages/airflow/example_dags/example_branch_day_of_week_operator.py took 0.094 seconds
[2024-04-25T01:26:04.865+0000] {processor.py:156} INFO - Started process (PID=13504) to work on /home/airflow/.local/lib/python3.7/site-packages/airflow/example_dags/example_branch_day_of_week_operator.py
[2024-04-25T01:26:04.866+0000] {processor.py:758} INFO - Processing file /home/airflow/.local/lib/python3.7/site-packages/airflow/example_dags/example_branch_day_of_week_operator.py for tasks to queue
[2024-04-25T01:26:04.867+0000] {logging_mixin.py:117} INFO - [2024-04-25T01:26:04.866+0000] {dagbag.py:525} INFO - Filling up the DagBag from /home/airflow/.local/lib/python3.7/site-packages/airflow/example_dags/example_branch_day_of_week_operator.py
[2024-04-25T01:26:04.883+0000] {processor.py:768} INFO - DAG(s) dict_keys(['example_weekday_branch_operator']) retrieved from /home/airflow/.local/lib/python3.7/site-packages/airflow/example_dags/example_branch_day_of_week_operator.py
[2024-04-25T01:26:04.916+0000] {logging_mixin.py:117} INFO - [2024-04-25T01:26:04.916+0000] {dag.py:2573} INFO - Sync 1 DAGs
[2024-04-25T01:26:04.938+0000] {logging_mixin.py:117} INFO - [2024-04-25T01:26:04.938+0000] {dag.py:3328} INFO - Setting next_dagrun for example_weekday_branch_operator to 2024-04-24T00:00:00+00:00, run_after=2024-04-25T00:00:00+00:00
[2024-04-25T01:26:04.957+0000] {processor.py:178} INFO - Processing /home/airflow/.local/lib/python3.7/site-packages/airflow/example_dags/example_branch_day_of_week_operator.py took 0.095 seconds
[2024-04-25T01:26:35.660+0000] {processor.py:156} INFO - Started process (PID=13720) to work on /home/airflow/.local/lib/python3.7/site-packages/airflow/example_dags/example_branch_day_of_week_operator.py
[2024-04-25T01:26:35.661+0000] {processor.py:758} INFO - Processing file /home/airflow/.local/lib/python3.7/site-packages/airflow/example_dags/example_branch_day_of_week_operator.py for tasks to queue
[2024-04-25T01:26:35.662+0000] {logging_mixin.py:117} INFO - [2024-04-25T01:26:35.662+0000] {dagbag.py:525} INFO - Filling up the DagBag from /home/airflow/.local/lib/python3.7/site-packages/airflow/example_dags/example_branch_day_of_week_operator.py
[2024-04-25T01:26:35.683+0000] {processor.py:768} INFO - DAG(s) dict_keys(['example_weekday_branch_operator']) retrieved from /home/airflow/.local/lib/python3.7/site-packages/airflow/example_dags/example_branch_day_of_week_operator.py
[2024-04-25T01:26:35.738+0000] {logging_mixin.py:117} INFO - [2024-04-25T01:26:35.738+0000] {dag.py:2573} INFO - Sync 1 DAGs
[2024-04-25T01:26:35.769+0000] {logging_mixin.py:117} INFO - [2024-04-25T01:26:35.768+0000] {dag.py:3328} INFO - Setting next_dagrun for example_weekday_branch_operator to 2024-04-24T00:00:00+00:00, run_after=2024-04-25T00:00:00+00:00
[2024-04-25T01:26:35.792+0000] {processor.py:178} INFO - Processing /home/airflow/.local/lib/python3.7/site-packages/airflow/example_dags/example_branch_day_of_week_operator.py took 0.136 seconds
