[2024-04-25T00:54:24.591+0000] {processor.py:156} INFO - Started process (PID=221) to work on /home/airflow/.local/lib/python3.7/site-packages/airflow/example_dags/example_short_circuit_decorator.py
[2024-04-25T00:54:24.591+0000] {processor.py:758} INFO - Processing file /home/airflow/.local/lib/python3.7/site-packages/airflow/example_dags/example_short_circuit_decorator.py for tasks to queue
[2024-04-25T00:54:24.592+0000] {logging_mixin.py:117} INFO - [2024-04-25T00:54:24.592+0000] {dagbag.py:525} INFO - Filling up the DagBag from /home/airflow/.local/lib/python3.7/site-packages/airflow/example_dags/example_short_circuit_decorator.py
[2024-04-25T00:54:24.694+0000] {processor.py:768} INFO - DAG(s) dict_keys(['example_short_circuit_decorator']) retrieved from /home/airflow/.local/lib/python3.7/site-packages/airflow/example_dags/example_short_circuit_decorator.py
[2024-04-25T00:54:24.780+0000] {logging_mixin.py:117} INFO - [2024-04-25T00:54:24.779+0000] {dag.py:2573} INFO - Sync 1 DAGs
[2024-04-25T00:54:24.839+0000] {logging_mixin.py:117} INFO - [2024-04-25T00:54:24.839+0000] {dag.py:3328} INFO - Setting next_dagrun for example_short_circuit_decorator to 2024-04-24T00:54:24.838914+00:00, run_after=2024-04-25T00:54:24.838914+00:00
[2024-04-25T00:54:24.890+0000] {processor.py:178} INFO - Processing /home/airflow/.local/lib/python3.7/site-packages/airflow/example_dags/example_short_circuit_decorator.py took 0.303 seconds
[2024-04-25T00:54:55.039+0000] {processor.py:156} INFO - Started process (PID=432) to work on /home/airflow/.local/lib/python3.7/site-packages/airflow/example_dags/example_short_circuit_decorator.py
[2024-04-25T00:54:55.039+0000] {processor.py:758} INFO - Processing file /home/airflow/.local/lib/python3.7/site-packages/airflow/example_dags/example_short_circuit_decorator.py for tasks to queue
[2024-04-25T00:54:55.040+0000] {logging_mixin.py:117} INFO - [2024-04-25T00:54:55.040+0000] {dagbag.py:525} INFO - Filling up the DagBag from /home/airflow/.local/lib/python3.7/site-packages/airflow/example_dags/example_short_circuit_decorator.py
[2024-04-25T00:54:55.061+0000] {processor.py:768} INFO - DAG(s) dict_keys(['example_short_circuit_decorator']) retrieved from /home/airflow/.local/lib/python3.7/site-packages/airflow/example_dags/example_short_circuit_decorator.py
[2024-04-25T00:54:55.097+0000] {logging_mixin.py:117} INFO - [2024-04-25T00:54:55.097+0000] {dag.py:2573} INFO - Sync 1 DAGs
[2024-04-25T00:54:55.117+0000] {logging_mixin.py:117} INFO - [2024-04-25T00:54:55.117+0000] {dag.py:3328} INFO - Setting next_dagrun for example_short_circuit_decorator to 2024-04-24T00:54:55.117132+00:00, run_after=2024-04-25T00:54:55.117132+00:00
[2024-04-25T00:54:55.136+0000] {processor.py:178} INFO - Processing /home/airflow/.local/lib/python3.7/site-packages/airflow/example_dags/example_short_circuit_decorator.py took 0.100 seconds
[2024-04-25T00:55:26.143+0000] {processor.py:156} INFO - Started process (PID=647) to work on /home/airflow/.local/lib/python3.7/site-packages/airflow/example_dags/example_short_circuit_decorator.py
[2024-04-25T00:55:26.144+0000] {processor.py:758} INFO - Processing file /home/airflow/.local/lib/python3.7/site-packages/airflow/example_dags/example_short_circuit_decorator.py for tasks to queue
[2024-04-25T00:55:26.147+0000] {logging_mixin.py:117} INFO - [2024-04-25T00:55:26.146+0000] {dagbag.py:525} INFO - Filling up the DagBag from /home/airflow/.local/lib/python3.7/site-packages/airflow/example_dags/example_short_circuit_decorator.py
[2024-04-25T00:55:26.175+0000] {processor.py:768} INFO - DAG(s) dict_keys(['example_short_circuit_decorator']) retrieved from /home/airflow/.local/lib/python3.7/site-packages/airflow/example_dags/example_short_circuit_decorator.py
[2024-04-25T00:55:26.211+0000] {logging_mixin.py:117} INFO - [2024-04-25T00:55:26.211+0000] {dag.py:2573} INFO - Sync 1 DAGs
[2024-04-25T00:55:26.230+0000] {logging_mixin.py:117} INFO - [2024-04-25T00:55:26.230+0000] {dag.py:3328} INFO - Setting next_dagrun for example_short_circuit_decorator to 2024-04-24T00:55:26.230077+00:00, run_after=2024-04-25T00:55:26.230077+00:00
[2024-04-25T00:55:26.250+0000] {processor.py:178} INFO - Processing /home/airflow/.local/lib/python3.7/site-packages/airflow/example_dags/example_short_circuit_decorator.py took 0.110 seconds
[2024-04-25T00:55:57.232+0000] {processor.py:156} INFO - Started process (PID=867) to work on /home/airflow/.local/lib/python3.7/site-packages/airflow/example_dags/example_short_circuit_decorator.py
[2024-04-25T00:55:57.233+0000] {processor.py:758} INFO - Processing file /home/airflow/.local/lib/python3.7/site-packages/airflow/example_dags/example_short_circuit_decorator.py for tasks to queue
[2024-04-25T00:55:57.234+0000] {logging_mixin.py:117} INFO - [2024-04-25T00:55:57.233+0000] {dagbag.py:525} INFO - Filling up the DagBag from /home/airflow/.local/lib/python3.7/site-packages/airflow/example_dags/example_short_circuit_decorator.py
[2024-04-25T00:55:57.258+0000] {processor.py:768} INFO - DAG(s) dict_keys(['example_short_circuit_decorator']) retrieved from /home/airflow/.local/lib/python3.7/site-packages/airflow/example_dags/example_short_circuit_decorator.py
[2024-04-25T00:55:57.292+0000] {logging_mixin.py:117} INFO - [2024-04-25T00:55:57.292+0000] {dag.py:2573} INFO - Sync 1 DAGs
[2024-04-25T00:55:57.312+0000] {logging_mixin.py:117} INFO - [2024-04-25T00:55:57.312+0000] {dag.py:3328} INFO - Setting next_dagrun for example_short_circuit_decorator to 2024-04-24T00:55:57.312123+00:00, run_after=2024-04-25T00:55:57.312123+00:00
[2024-04-25T00:55:57.333+0000] {processor.py:178} INFO - Processing /home/airflow/.local/lib/python3.7/site-packages/airflow/example_dags/example_short_circuit_decorator.py took 0.104 seconds
[2024-04-25T00:56:28.946+0000] {processor.py:156} INFO - Started process (PID=1083) to work on /home/airflow/.local/lib/python3.7/site-packages/airflow/example_dags/example_short_circuit_decorator.py
[2024-04-25T00:56:28.947+0000] {processor.py:758} INFO - Processing file /home/airflow/.local/lib/python3.7/site-packages/airflow/example_dags/example_short_circuit_decorator.py for tasks to queue
[2024-04-25T00:56:28.948+0000] {logging_mixin.py:117} INFO - [2024-04-25T00:56:28.948+0000] {dagbag.py:525} INFO - Filling up the DagBag from /home/airflow/.local/lib/python3.7/site-packages/airflow/example_dags/example_short_circuit_decorator.py
[2024-04-25T00:56:28.980+0000] {processor.py:768} INFO - DAG(s) dict_keys(['example_short_circuit_decorator']) retrieved from /home/airflow/.local/lib/python3.7/site-packages/airflow/example_dags/example_short_circuit_decorator.py
[2024-04-25T00:56:29.044+0000] {logging_mixin.py:117} INFO - [2024-04-25T00:56:29.044+0000] {dag.py:2573} INFO - Sync 1 DAGs
[2024-04-25T00:56:29.077+0000] {logging_mixin.py:117} INFO - [2024-04-25T00:56:29.075+0000] {dag.py:3328} INFO - Setting next_dagrun for example_short_circuit_decorator to 2024-04-24T00:56:29.074890+00:00, run_after=2024-04-25T00:56:29.074890+00:00
[2024-04-25T00:56:29.305+0000] {processor.py:178} INFO - Processing /home/airflow/.local/lib/python3.7/site-packages/airflow/example_dags/example_short_circuit_decorator.py took 0.362 seconds
[2024-04-25T00:56:59.642+0000] {processor.py:156} INFO - Started process (PID=1291) to work on /home/airflow/.local/lib/python3.7/site-packages/airflow/example_dags/example_short_circuit_decorator.py
[2024-04-25T00:56:59.643+0000] {processor.py:758} INFO - Processing file /home/airflow/.local/lib/python3.7/site-packages/airflow/example_dags/example_short_circuit_decorator.py for tasks to queue
[2024-04-25T00:56:59.644+0000] {logging_mixin.py:117} INFO - [2024-04-25T00:56:59.644+0000] {dagbag.py:525} INFO - Filling up the DagBag from /home/airflow/.local/lib/python3.7/site-packages/airflow/example_dags/example_short_circuit_decorator.py
[2024-04-25T00:56:59.672+0000] {processor.py:768} INFO - DAG(s) dict_keys(['example_short_circuit_decorator']) retrieved from /home/airflow/.local/lib/python3.7/site-packages/airflow/example_dags/example_short_circuit_decorator.py
[2024-04-25T00:56:59.707+0000] {logging_mixin.py:117} INFO - [2024-04-25T00:56:59.707+0000] {dag.py:2573} INFO - Sync 1 DAGs
[2024-04-25T00:56:59.841+0000] {logging_mixin.py:117} INFO - [2024-04-25T00:56:59.841+0000] {dag.py:3328} INFO - Setting next_dagrun for example_short_circuit_decorator to 2024-04-24T00:56:59.841566+00:00, run_after=2024-04-25T00:56:59.841566+00:00
[2024-04-25T00:56:59.861+0000] {processor.py:178} INFO - Processing /home/airflow/.local/lib/python3.7/site-packages/airflow/example_dags/example_short_circuit_decorator.py took 0.223 seconds
[2024-04-25T00:57:30.779+0000] {processor.py:156} INFO - Started process (PID=1510) to work on /home/airflow/.local/lib/python3.7/site-packages/airflow/example_dags/example_short_circuit_decorator.py
[2024-04-25T00:57:30.779+0000] {processor.py:758} INFO - Processing file /home/airflow/.local/lib/python3.7/site-packages/airflow/example_dags/example_short_circuit_decorator.py for tasks to queue
[2024-04-25T00:57:30.780+0000] {logging_mixin.py:117} INFO - [2024-04-25T00:57:30.780+0000] {dagbag.py:525} INFO - Filling up the DagBag from /home/airflow/.local/lib/python3.7/site-packages/airflow/example_dags/example_short_circuit_decorator.py
[2024-04-25T00:57:30.800+0000] {processor.py:768} INFO - DAG(s) dict_keys(['example_short_circuit_decorator']) retrieved from /home/airflow/.local/lib/python3.7/site-packages/airflow/example_dags/example_short_circuit_decorator.py
[2024-04-25T00:57:30.952+0000] {logging_mixin.py:117} INFO - [2024-04-25T00:57:30.952+0000] {dag.py:2573} INFO - Sync 1 DAGs
[2024-04-25T00:57:30.981+0000] {logging_mixin.py:117} INFO - [2024-04-25T00:57:30.980+0000] {dag.py:3328} INFO - Setting next_dagrun for example_short_circuit_decorator to 2024-04-24T00:57:30.980648+00:00, run_after=2024-04-25T00:57:30.980648+00:00
[2024-04-25T00:57:31.004+0000] {processor.py:178} INFO - Processing /home/airflow/.local/lib/python3.7/site-packages/airflow/example_dags/example_short_circuit_decorator.py took 0.228 seconds
[2024-04-25T00:58:01.511+0000] {processor.py:156} INFO - Started process (PID=1723) to work on /home/airflow/.local/lib/python3.7/site-packages/airflow/example_dags/example_short_circuit_decorator.py
[2024-04-25T00:58:01.511+0000] {processor.py:758} INFO - Processing file /home/airflow/.local/lib/python3.7/site-packages/airflow/example_dags/example_short_circuit_decorator.py for tasks to queue
[2024-04-25T00:58:01.512+0000] {logging_mixin.py:117} INFO - [2024-04-25T00:58:01.512+0000] {dagbag.py:525} INFO - Filling up the DagBag from /home/airflow/.local/lib/python3.7/site-packages/airflow/example_dags/example_short_circuit_decorator.py
[2024-04-25T00:58:01.559+0000] {processor.py:768} INFO - DAG(s) dict_keys(['example_short_circuit_decorator']) retrieved from /home/airflow/.local/lib/python3.7/site-packages/airflow/example_dags/example_short_circuit_decorator.py
[2024-04-25T00:58:01.870+0000] {logging_mixin.py:117} INFO - [2024-04-25T00:58:01.870+0000] {dag.py:2573} INFO - Sync 1 DAGs
[2024-04-25T00:58:01.902+0000] {logging_mixin.py:117} INFO - [2024-04-25T00:58:01.902+0000] {dag.py:3328} INFO - Setting next_dagrun for example_short_circuit_decorator to 2024-04-24T00:58:01.902248+00:00, run_after=2024-04-25T00:58:01.902248+00:00
[2024-04-25T00:58:01.938+0000] {processor.py:178} INFO - Processing /home/airflow/.local/lib/python3.7/site-packages/airflow/example_dags/example_short_circuit_decorator.py took 0.431 seconds
[2024-04-25T00:58:32.025+0000] {processor.py:156} INFO - Started process (PID=1934) to work on /home/airflow/.local/lib/python3.7/site-packages/airflow/example_dags/example_short_circuit_decorator.py
[2024-04-25T00:58:32.026+0000] {processor.py:758} INFO - Processing file /home/airflow/.local/lib/python3.7/site-packages/airflow/example_dags/example_short_circuit_decorator.py for tasks to queue
[2024-04-25T00:58:32.027+0000] {logging_mixin.py:117} INFO - [2024-04-25T00:58:32.026+0000] {dagbag.py:525} INFO - Filling up the DagBag from /home/airflow/.local/lib/python3.7/site-packages/airflow/example_dags/example_short_circuit_decorator.py
[2024-04-25T00:58:32.055+0000] {processor.py:768} INFO - DAG(s) dict_keys(['example_short_circuit_decorator']) retrieved from /home/airflow/.local/lib/python3.7/site-packages/airflow/example_dags/example_short_circuit_decorator.py
[2024-04-25T00:58:32.299+0000] {logging_mixin.py:117} INFO - [2024-04-25T00:58:32.299+0000] {dag.py:2573} INFO - Sync 1 DAGs
[2024-04-25T00:58:32.329+0000] {logging_mixin.py:117} INFO - [2024-04-25T00:58:32.329+0000] {dag.py:3328} INFO - Setting next_dagrun for example_short_circuit_decorator to 2024-04-24T00:58:32.328820+00:00, run_after=2024-04-25T00:58:32.328820+00:00
[2024-04-25T00:58:32.354+0000] {processor.py:178} INFO - Processing /home/airflow/.local/lib/python3.7/site-packages/airflow/example_dags/example_short_circuit_decorator.py took 0.332 seconds
[2024-04-25T00:59:03.660+0000] {processor.py:156} INFO - Started process (PID=2151) to work on /home/airflow/.local/lib/python3.7/site-packages/airflow/example_dags/example_short_circuit_decorator.py
[2024-04-25T00:59:03.660+0000] {processor.py:758} INFO - Processing file /home/airflow/.local/lib/python3.7/site-packages/airflow/example_dags/example_short_circuit_decorator.py for tasks to queue
[2024-04-25T00:59:03.661+0000] {logging_mixin.py:117} INFO - [2024-04-25T00:59:03.661+0000] {dagbag.py:525} INFO - Filling up the DagBag from /home/airflow/.local/lib/python3.7/site-packages/airflow/example_dags/example_short_circuit_decorator.py
[2024-04-25T00:59:03.830+0000] {processor.py:768} INFO - DAG(s) dict_keys(['example_short_circuit_decorator']) retrieved from /home/airflow/.local/lib/python3.7/site-packages/airflow/example_dags/example_short_circuit_decorator.py
[2024-04-25T00:59:03.872+0000] {logging_mixin.py:117} INFO - [2024-04-25T00:59:03.872+0000] {dag.py:2573} INFO - Sync 1 DAGs
[2024-04-25T00:59:03.910+0000] {logging_mixin.py:117} INFO - [2024-04-25T00:59:03.910+0000] {dag.py:3328} INFO - Setting next_dagrun for example_short_circuit_decorator to 2024-04-24T00:59:03.910398+00:00, run_after=2024-04-25T00:59:03.910398+00:00
[2024-04-25T00:59:03.936+0000] {processor.py:178} INFO - Processing /home/airflow/.local/lib/python3.7/site-packages/airflow/example_dags/example_short_circuit_decorator.py took 0.280 seconds
[2024-04-25T00:59:35.142+0000] {processor.py:156} INFO - Started process (PID=2367) to work on /home/airflow/.local/lib/python3.7/site-packages/airflow/example_dags/example_short_circuit_decorator.py
[2024-04-25T00:59:35.153+0000] {processor.py:758} INFO - Processing file /home/airflow/.local/lib/python3.7/site-packages/airflow/example_dags/example_short_circuit_decorator.py for tasks to queue
[2024-04-25T00:59:35.154+0000] {logging_mixin.py:117} INFO - [2024-04-25T00:59:35.154+0000] {dagbag.py:525} INFO - Filling up the DagBag from /home/airflow/.local/lib/python3.7/site-packages/airflow/example_dags/example_short_circuit_decorator.py
[2024-04-25T00:59:35.220+0000] {processor.py:768} INFO - DAG(s) dict_keys(['example_short_circuit_decorator']) retrieved from /home/airflow/.local/lib/python3.7/site-packages/airflow/example_dags/example_short_circuit_decorator.py
[2024-04-25T00:59:35.686+0000] {logging_mixin.py:117} INFO - [2024-04-25T00:59:35.685+0000] {dag.py:2573} INFO - Sync 1 DAGs
[2024-04-25T00:59:35.753+0000] {logging_mixin.py:117} INFO - [2024-04-25T00:59:35.752+0000] {dag.py:3328} INFO - Setting next_dagrun for example_short_circuit_decorator to 2024-04-24T00:59:35.752684+00:00, run_after=2024-04-25T00:59:35.752684+00:00
[2024-04-25T00:59:35.802+0000] {processor.py:178} INFO - Processing /home/airflow/.local/lib/python3.7/site-packages/airflow/example_dags/example_short_circuit_decorator.py took 0.673 seconds
[2024-04-25T01:00:06.273+0000] {processor.py:156} INFO - Started process (PID=2578) to work on /home/airflow/.local/lib/python3.7/site-packages/airflow/example_dags/example_short_circuit_decorator.py
[2024-04-25T01:00:06.274+0000] {processor.py:758} INFO - Processing file /home/airflow/.local/lib/python3.7/site-packages/airflow/example_dags/example_short_circuit_decorator.py for tasks to queue
[2024-04-25T01:00:06.276+0000] {logging_mixin.py:117} INFO - [2024-04-25T01:00:06.276+0000] {dagbag.py:525} INFO - Filling up the DagBag from /home/airflow/.local/lib/python3.7/site-packages/airflow/example_dags/example_short_circuit_decorator.py
[2024-04-25T01:00:06.307+0000] {processor.py:768} INFO - DAG(s) dict_keys(['example_short_circuit_decorator']) retrieved from /home/airflow/.local/lib/python3.7/site-packages/airflow/example_dags/example_short_circuit_decorator.py
[2024-04-25T01:00:06.535+0000] {logging_mixin.py:117} INFO - [2024-04-25T01:00:06.535+0000] {dag.py:2573} INFO - Sync 1 DAGs
[2024-04-25T01:00:06.564+0000] {logging_mixin.py:117} INFO - [2024-04-25T01:00:06.564+0000] {dag.py:3328} INFO - Setting next_dagrun for example_short_circuit_decorator to 2024-04-24T01:00:06.563975+00:00, run_after=2024-04-25T01:00:06.563975+00:00
[2024-04-25T01:00:06.590+0000] {processor.py:178} INFO - Processing /home/airflow/.local/lib/python3.7/site-packages/airflow/example_dags/example_short_circuit_decorator.py took 0.320 seconds
[2024-04-25T01:00:37.382+0000] {processor.py:156} INFO - Started process (PID=2797) to work on /home/airflow/.local/lib/python3.7/site-packages/airflow/example_dags/example_short_circuit_decorator.py
[2024-04-25T01:00:37.383+0000] {processor.py:758} INFO - Processing file /home/airflow/.local/lib/python3.7/site-packages/airflow/example_dags/example_short_circuit_decorator.py for tasks to queue
[2024-04-25T01:00:37.384+0000] {logging_mixin.py:117} INFO - [2024-04-25T01:00:37.384+0000] {dagbag.py:525} INFO - Filling up the DagBag from /home/airflow/.local/lib/python3.7/site-packages/airflow/example_dags/example_short_circuit_decorator.py
[2024-04-25T01:00:37.413+0000] {processor.py:768} INFO - DAG(s) dict_keys(['example_short_circuit_decorator']) retrieved from /home/airflow/.local/lib/python3.7/site-packages/airflow/example_dags/example_short_circuit_decorator.py
[2024-04-25T01:00:37.601+0000] {logging_mixin.py:117} INFO - [2024-04-25T01:00:37.600+0000] {dag.py:2573} INFO - Sync 1 DAGs
[2024-04-25T01:00:37.629+0000] {logging_mixin.py:117} INFO - [2024-04-25T01:00:37.628+0000] {dag.py:3328} INFO - Setting next_dagrun for example_short_circuit_decorator to 2024-04-24T01:00:37.628719+00:00, run_after=2024-04-25T01:00:37.628719+00:00
[2024-04-25T01:00:37.655+0000] {processor.py:178} INFO - Processing /home/airflow/.local/lib/python3.7/site-packages/airflow/example_dags/example_short_circuit_decorator.py took 0.276 seconds
[2024-04-25T01:01:08.311+0000] {processor.py:156} INFO - Started process (PID=3007) to work on /home/airflow/.local/lib/python3.7/site-packages/airflow/example_dags/example_short_circuit_decorator.py
[2024-04-25T01:01:08.312+0000] {processor.py:758} INFO - Processing file /home/airflow/.local/lib/python3.7/site-packages/airflow/example_dags/example_short_circuit_decorator.py for tasks to queue
[2024-04-25T01:01:08.312+0000] {logging_mixin.py:117} INFO - [2024-04-25T01:01:08.312+0000] {dagbag.py:525} INFO - Filling up the DagBag from /home/airflow/.local/lib/python3.7/site-packages/airflow/example_dags/example_short_circuit_decorator.py
[2024-04-25T01:01:08.442+0000] {processor.py:768} INFO - DAG(s) dict_keys(['example_short_circuit_decorator']) retrieved from /home/airflow/.local/lib/python3.7/site-packages/airflow/example_dags/example_short_circuit_decorator.py
[2024-04-25T01:01:08.476+0000] {logging_mixin.py:117} INFO - [2024-04-25T01:01:08.476+0000] {dag.py:2573} INFO - Sync 1 DAGs
[2024-04-25T01:01:08.511+0000] {logging_mixin.py:117} INFO - [2024-04-25T01:01:08.511+0000] {dag.py:3328} INFO - Setting next_dagrun for example_short_circuit_decorator to 2024-04-24T01:01:08.510803+00:00, run_after=2024-04-25T01:01:08.510803+00:00
[2024-04-25T01:01:08.535+0000] {processor.py:178} INFO - Processing /home/airflow/.local/lib/python3.7/site-packages/airflow/example_dags/example_short_circuit_decorator.py took 0.226 seconds
[2024-04-25T01:01:38.935+0000] {processor.py:156} INFO - Started process (PID=3223) to work on /home/airflow/.local/lib/python3.7/site-packages/airflow/example_dags/example_short_circuit_decorator.py
[2024-04-25T01:01:38.936+0000] {processor.py:758} INFO - Processing file /home/airflow/.local/lib/python3.7/site-packages/airflow/example_dags/example_short_circuit_decorator.py for tasks to queue
[2024-04-25T01:01:38.936+0000] {logging_mixin.py:117} INFO - [2024-04-25T01:01:38.936+0000] {dagbag.py:525} INFO - Filling up the DagBag from /home/airflow/.local/lib/python3.7/site-packages/airflow/example_dags/example_short_circuit_decorator.py
[2024-04-25T01:01:38.976+0000] {processor.py:768} INFO - DAG(s) dict_keys(['example_short_circuit_decorator']) retrieved from /home/airflow/.local/lib/python3.7/site-packages/airflow/example_dags/example_short_circuit_decorator.py
[2024-04-25T01:01:39.028+0000] {logging_mixin.py:117} INFO - [2024-04-25T01:01:39.028+0000] {dag.py:2573} INFO - Sync 1 DAGs
[2024-04-25T01:01:39.209+0000] {logging_mixin.py:117} INFO - [2024-04-25T01:01:39.208+0000] {dag.py:3328} INFO - Setting next_dagrun for example_short_circuit_decorator to 2024-04-24T01:01:39.208675+00:00, run_after=2024-04-25T01:01:39.208675+00:00
[2024-04-25T01:01:39.240+0000] {processor.py:178} INFO - Processing /home/airflow/.local/lib/python3.7/site-packages/airflow/example_dags/example_short_circuit_decorator.py took 0.308 seconds
[2024-04-25T01:02:09.905+0000] {processor.py:156} INFO - Started process (PID=3441) to work on /home/airflow/.local/lib/python3.7/site-packages/airflow/example_dags/example_short_circuit_decorator.py
[2024-04-25T01:02:09.907+0000] {processor.py:758} INFO - Processing file /home/airflow/.local/lib/python3.7/site-packages/airflow/example_dags/example_short_circuit_decorator.py for tasks to queue
[2024-04-25T01:02:09.908+0000] {logging_mixin.py:117} INFO - [2024-04-25T01:02:09.908+0000] {dagbag.py:525} INFO - Filling up the DagBag from /home/airflow/.local/lib/python3.7/site-packages/airflow/example_dags/example_short_circuit_decorator.py
[2024-04-25T01:02:09.974+0000] {processor.py:768} INFO - DAG(s) dict_keys(['example_short_circuit_decorator']) retrieved from /home/airflow/.local/lib/python3.7/site-packages/airflow/example_dags/example_short_circuit_decorator.py
[2024-04-25T01:02:10.362+0000] {logging_mixin.py:117} INFO - [2024-04-25T01:02:10.362+0000] {dag.py:2573} INFO - Sync 1 DAGs
[2024-04-25T01:02:10.402+0000] {logging_mixin.py:117} INFO - [2024-04-25T01:02:10.401+0000] {dag.py:3328} INFO - Setting next_dagrun for example_short_circuit_decorator to 2024-04-24T01:02:10.401572+00:00, run_after=2024-04-25T01:02:10.401572+00:00
[2024-04-25T01:02:10.448+0000] {processor.py:178} INFO - Processing /home/airflow/.local/lib/python3.7/site-packages/airflow/example_dags/example_short_circuit_decorator.py took 0.550 seconds
[2024-04-25T01:02:40.532+0000] {processor.py:156} INFO - Started process (PID=3649) to work on /home/airflow/.local/lib/python3.7/site-packages/airflow/example_dags/example_short_circuit_decorator.py
[2024-04-25T01:02:40.533+0000] {processor.py:758} INFO - Processing file /home/airflow/.local/lib/python3.7/site-packages/airflow/example_dags/example_short_circuit_decorator.py for tasks to queue
[2024-04-25T01:02:40.535+0000] {logging_mixin.py:117} INFO - [2024-04-25T01:02:40.534+0000] {dagbag.py:525} INFO - Filling up the DagBag from /home/airflow/.local/lib/python3.7/site-packages/airflow/example_dags/example_short_circuit_decorator.py
[2024-04-25T01:02:40.591+0000] {processor.py:768} INFO - DAG(s) dict_keys(['example_short_circuit_decorator']) retrieved from /home/airflow/.local/lib/python3.7/site-packages/airflow/example_dags/example_short_circuit_decorator.py
[2024-04-25T01:02:40.995+0000] {logging_mixin.py:117} INFO - [2024-04-25T01:02:40.995+0000] {dag.py:2573} INFO - Sync 1 DAGs
[2024-04-25T01:02:41.052+0000] {logging_mixin.py:117} INFO - [2024-04-25T01:02:41.052+0000] {dag.py:3328} INFO - Setting next_dagrun for example_short_circuit_decorator to 2024-04-24T01:02:41.051875+00:00, run_after=2024-04-25T01:02:41.051875+00:00
[2024-04-25T01:02:41.081+0000] {processor.py:178} INFO - Processing /home/airflow/.local/lib/python3.7/site-packages/airflow/example_dags/example_short_circuit_decorator.py took 0.552 seconds
[2024-04-25T01:03:11.294+0000] {processor.py:156} INFO - Started process (PID=3868) to work on /home/airflow/.local/lib/python3.7/site-packages/airflow/example_dags/example_short_circuit_decorator.py
[2024-04-25T01:03:11.294+0000] {processor.py:758} INFO - Processing file /home/airflow/.local/lib/python3.7/site-packages/airflow/example_dags/example_short_circuit_decorator.py for tasks to queue
[2024-04-25T01:03:11.295+0000] {logging_mixin.py:117} INFO - [2024-04-25T01:03:11.295+0000] {dagbag.py:525} INFO - Filling up the DagBag from /home/airflow/.local/lib/python3.7/site-packages/airflow/example_dags/example_short_circuit_decorator.py
[2024-04-25T01:03:11.507+0000] {processor.py:768} INFO - DAG(s) dict_keys(['example_short_circuit_decorator']) retrieved from /home/airflow/.local/lib/python3.7/site-packages/airflow/example_dags/example_short_circuit_decorator.py
[2024-04-25T01:03:11.551+0000] {logging_mixin.py:117} INFO - [2024-04-25T01:03:11.550+0000] {dag.py:2573} INFO - Sync 1 DAGs
[2024-04-25T01:03:11.579+0000] {logging_mixin.py:117} INFO - [2024-04-25T01:03:11.579+0000] {dag.py:3328} INFO - Setting next_dagrun for example_short_circuit_decorator to 2024-04-24T01:03:11.578948+00:00, run_after=2024-04-25T01:03:11.578948+00:00
[2024-04-25T01:03:11.602+0000] {processor.py:178} INFO - Processing /home/airflow/.local/lib/python3.7/site-packages/airflow/example_dags/example_short_circuit_decorator.py took 0.312 seconds
[2024-04-25T01:03:42.516+0000] {processor.py:156} INFO - Started process (PID=4085) to work on /home/airflow/.local/lib/python3.7/site-packages/airflow/example_dags/example_short_circuit_decorator.py
[2024-04-25T01:03:42.517+0000] {processor.py:758} INFO - Processing file /home/airflow/.local/lib/python3.7/site-packages/airflow/example_dags/example_short_circuit_decorator.py for tasks to queue
[2024-04-25T01:03:42.518+0000] {logging_mixin.py:117} INFO - [2024-04-25T01:03:42.518+0000] {dagbag.py:525} INFO - Filling up the DagBag from /home/airflow/.local/lib/python3.7/site-packages/airflow/example_dags/example_short_circuit_decorator.py
[2024-04-25T01:03:42.549+0000] {processor.py:768} INFO - DAG(s) dict_keys(['example_short_circuit_decorator']) retrieved from /home/airflow/.local/lib/python3.7/site-packages/airflow/example_dags/example_short_circuit_decorator.py
[2024-04-25T01:03:42.599+0000] {logging_mixin.py:117} INFO - [2024-04-25T01:03:42.599+0000] {dag.py:2573} INFO - Sync 1 DAGs
[2024-04-25T01:03:42.627+0000] {logging_mixin.py:117} INFO - [2024-04-25T01:03:42.627+0000] {dag.py:3328} INFO - Setting next_dagrun for example_short_circuit_decorator to 2024-04-24T01:03:42.626769+00:00, run_after=2024-04-25T01:03:42.626769+00:00
[2024-04-25T01:03:42.656+0000] {processor.py:178} INFO - Processing /home/airflow/.local/lib/python3.7/site-packages/airflow/example_dags/example_short_circuit_decorator.py took 0.144 seconds
[2024-04-25T01:04:13.399+0000] {processor.py:156} INFO - Started process (PID=4293) to work on /home/airflow/.local/lib/python3.7/site-packages/airflow/example_dags/example_short_circuit_decorator.py
[2024-04-25T01:04:13.400+0000] {processor.py:758} INFO - Processing file /home/airflow/.local/lib/python3.7/site-packages/airflow/example_dags/example_short_circuit_decorator.py for tasks to queue
[2024-04-25T01:04:13.402+0000] {logging_mixin.py:117} INFO - [2024-04-25T01:04:13.402+0000] {dagbag.py:525} INFO - Filling up the DagBag from /home/airflow/.local/lib/python3.7/site-packages/airflow/example_dags/example_short_circuit_decorator.py
[2024-04-25T01:04:13.439+0000] {processor.py:768} INFO - DAG(s) dict_keys(['example_short_circuit_decorator']) retrieved from /home/airflow/.local/lib/python3.7/site-packages/airflow/example_dags/example_short_circuit_decorator.py
[2024-04-25T01:04:13.495+0000] {logging_mixin.py:117} INFO - [2024-04-25T01:04:13.495+0000] {dag.py:2573} INFO - Sync 1 DAGs
[2024-04-25T01:04:13.524+0000] {logging_mixin.py:117} INFO - [2024-04-25T01:04:13.524+0000] {dag.py:3328} INFO - Setting next_dagrun for example_short_circuit_decorator to 2024-04-24T01:04:13.524413+00:00, run_after=2024-04-25T01:04:13.524413+00:00
[2024-04-25T01:04:13.547+0000] {processor.py:178} INFO - Processing /home/airflow/.local/lib/python3.7/site-packages/airflow/example_dags/example_short_circuit_decorator.py took 0.152 seconds
[2024-04-25T01:04:43.923+0000] {processor.py:156} INFO - Started process (PID=4512) to work on /home/airflow/.local/lib/python3.7/site-packages/airflow/example_dags/example_short_circuit_decorator.py
[2024-04-25T01:04:43.924+0000] {processor.py:758} INFO - Processing file /home/airflow/.local/lib/python3.7/site-packages/airflow/example_dags/example_short_circuit_decorator.py for tasks to queue
[2024-04-25T01:04:43.925+0000] {logging_mixin.py:117} INFO - [2024-04-25T01:04:43.925+0000] {dagbag.py:525} INFO - Filling up the DagBag from /home/airflow/.local/lib/python3.7/site-packages/airflow/example_dags/example_short_circuit_decorator.py
[2024-04-25T01:04:43.957+0000] {processor.py:768} INFO - DAG(s) dict_keys(['example_short_circuit_decorator']) retrieved from /home/airflow/.local/lib/python3.7/site-packages/airflow/example_dags/example_short_circuit_decorator.py
[2024-04-25T01:04:44.006+0000] {logging_mixin.py:117} INFO - [2024-04-25T01:04:44.006+0000] {dag.py:2573} INFO - Sync 1 DAGs
[2024-04-25T01:04:44.044+0000] {logging_mixin.py:117} INFO - [2024-04-25T01:04:44.043+0000] {dag.py:3328} INFO - Setting next_dagrun for example_short_circuit_decorator to 2024-04-24T01:04:44.043585+00:00, run_after=2024-04-25T01:04:44.043585+00:00
[2024-04-25T01:04:44.071+0000] {processor.py:178} INFO - Processing /home/airflow/.local/lib/python3.7/site-packages/airflow/example_dags/example_short_circuit_decorator.py took 0.151 seconds
[2024-04-25T01:05:14.658+0000] {processor.py:156} INFO - Started process (PID=4730) to work on /home/airflow/.local/lib/python3.7/site-packages/airflow/example_dags/example_short_circuit_decorator.py
[2024-04-25T01:05:14.659+0000] {processor.py:758} INFO - Processing file /home/airflow/.local/lib/python3.7/site-packages/airflow/example_dags/example_short_circuit_decorator.py for tasks to queue
[2024-04-25T01:05:14.660+0000] {logging_mixin.py:117} INFO - [2024-04-25T01:05:14.660+0000] {dagbag.py:525} INFO - Filling up the DagBag from /home/airflow/.local/lib/python3.7/site-packages/airflow/example_dags/example_short_circuit_decorator.py
[2024-04-25T01:05:14.710+0000] {processor.py:768} INFO - DAG(s) dict_keys(['example_short_circuit_decorator']) retrieved from /home/airflow/.local/lib/python3.7/site-packages/airflow/example_dags/example_short_circuit_decorator.py
[2024-04-25T01:05:14.810+0000] {logging_mixin.py:117} INFO - [2024-04-25T01:05:14.809+0000] {dag.py:2573} INFO - Sync 1 DAGs
[2024-04-25T01:05:14.850+0000] {logging_mixin.py:117} INFO - [2024-04-25T01:05:14.849+0000] {dag.py:3328} INFO - Setting next_dagrun for example_short_circuit_decorator to 2024-04-24T01:05:14.849724+00:00, run_after=2024-04-25T01:05:14.849724+00:00
[2024-04-25T01:05:14.876+0000] {processor.py:178} INFO - Processing /home/airflow/.local/lib/python3.7/site-packages/airflow/example_dags/example_short_circuit_decorator.py took 0.220 seconds
[2024-04-25T01:05:45.840+0000] {processor.py:156} INFO - Started process (PID=4939) to work on /home/airflow/.local/lib/python3.7/site-packages/airflow/example_dags/example_short_circuit_decorator.py
[2024-04-25T01:05:45.841+0000] {processor.py:758} INFO - Processing file /home/airflow/.local/lib/python3.7/site-packages/airflow/example_dags/example_short_circuit_decorator.py for tasks to queue
[2024-04-25T01:05:45.842+0000] {logging_mixin.py:117} INFO - [2024-04-25T01:05:45.841+0000] {dagbag.py:525} INFO - Filling up the DagBag from /home/airflow/.local/lib/python3.7/site-packages/airflow/example_dags/example_short_circuit_decorator.py
[2024-04-25T01:05:45.873+0000] {processor.py:768} INFO - DAG(s) dict_keys(['example_short_circuit_decorator']) retrieved from /home/airflow/.local/lib/python3.7/site-packages/airflow/example_dags/example_short_circuit_decorator.py
[2024-04-25T01:05:45.936+0000] {logging_mixin.py:117} INFO - [2024-04-25T01:05:45.935+0000] {dag.py:2573} INFO - Sync 1 DAGs
[2024-04-25T01:05:45.969+0000] {logging_mixin.py:117} INFO - [2024-04-25T01:05:45.969+0000] {dag.py:3328} INFO - Setting next_dagrun for example_short_circuit_decorator to 2024-04-24T01:05:45.968879+00:00, run_after=2024-04-25T01:05:45.968879+00:00
[2024-04-25T01:05:46.010+0000] {processor.py:178} INFO - Processing /home/airflow/.local/lib/python3.7/site-packages/airflow/example_dags/example_short_circuit_decorator.py took 0.174 seconds
[2024-04-25T01:06:16.815+0000] {processor.py:156} INFO - Started process (PID=5158) to work on /home/airflow/.local/lib/python3.7/site-packages/airflow/example_dags/example_short_circuit_decorator.py
[2024-04-25T01:06:16.816+0000] {processor.py:758} INFO - Processing file /home/airflow/.local/lib/python3.7/site-packages/airflow/example_dags/example_short_circuit_decorator.py for tasks to queue
[2024-04-25T01:06:16.817+0000] {logging_mixin.py:117} INFO - [2024-04-25T01:06:16.817+0000] {dagbag.py:525} INFO - Filling up the DagBag from /home/airflow/.local/lib/python3.7/site-packages/airflow/example_dags/example_short_circuit_decorator.py
[2024-04-25T01:06:16.849+0000] {processor.py:768} INFO - DAG(s) dict_keys(['example_short_circuit_decorator']) retrieved from /home/airflow/.local/lib/python3.7/site-packages/airflow/example_dags/example_short_circuit_decorator.py
[2024-04-25T01:06:16.923+0000] {logging_mixin.py:117} INFO - [2024-04-25T01:06:16.923+0000] {dag.py:2573} INFO - Sync 1 DAGs
[2024-04-25T01:06:16.952+0000] {logging_mixin.py:117} INFO - [2024-04-25T01:06:16.951+0000] {dag.py:3328} INFO - Setting next_dagrun for example_short_circuit_decorator to 2024-04-24T01:06:16.951597+00:00, run_after=2024-04-25T01:06:16.951597+00:00
[2024-04-25T01:06:16.981+0000] {processor.py:178} INFO - Processing /home/airflow/.local/lib/python3.7/site-packages/airflow/example_dags/example_short_circuit_decorator.py took 0.168 seconds
[2024-04-25T01:06:47.629+0000] {processor.py:156} INFO - Started process (PID=5373) to work on /home/airflow/.local/lib/python3.7/site-packages/airflow/example_dags/example_short_circuit_decorator.py
[2024-04-25T01:06:47.631+0000] {processor.py:758} INFO - Processing file /home/airflow/.local/lib/python3.7/site-packages/airflow/example_dags/example_short_circuit_decorator.py for tasks to queue
[2024-04-25T01:06:47.631+0000] {logging_mixin.py:117} INFO - [2024-04-25T01:06:47.631+0000] {dagbag.py:525} INFO - Filling up the DagBag from /home/airflow/.local/lib/python3.7/site-packages/airflow/example_dags/example_short_circuit_decorator.py
[2024-04-25T01:06:47.664+0000] {processor.py:768} INFO - DAG(s) dict_keys(['example_short_circuit_decorator']) retrieved from /home/airflow/.local/lib/python3.7/site-packages/airflow/example_dags/example_short_circuit_decorator.py
[2024-04-25T01:06:47.715+0000] {logging_mixin.py:117} INFO - [2024-04-25T01:06:47.714+0000] {dag.py:2573} INFO - Sync 1 DAGs
[2024-04-25T01:06:47.744+0000] {logging_mixin.py:117} INFO - [2024-04-25T01:06:47.744+0000] {dag.py:3328} INFO - Setting next_dagrun for example_short_circuit_decorator to 2024-04-24T01:06:47.744399+00:00, run_after=2024-04-25T01:06:47.744399+00:00
[2024-04-25T01:06:47.770+0000] {processor.py:178} INFO - Processing /home/airflow/.local/lib/python3.7/site-packages/airflow/example_dags/example_short_circuit_decorator.py took 0.144 seconds
[2024-04-25T01:07:18.288+0000] {processor.py:156} INFO - Started process (PID=5582) to work on /home/airflow/.local/lib/python3.7/site-packages/airflow/example_dags/example_short_circuit_decorator.py
[2024-04-25T01:07:18.288+0000] {processor.py:758} INFO - Processing file /home/airflow/.local/lib/python3.7/site-packages/airflow/example_dags/example_short_circuit_decorator.py for tasks to queue
[2024-04-25T01:07:18.290+0000] {logging_mixin.py:117} INFO - [2024-04-25T01:07:18.289+0000] {dagbag.py:525} INFO - Filling up the DagBag from /home/airflow/.local/lib/python3.7/site-packages/airflow/example_dags/example_short_circuit_decorator.py
[2024-04-25T01:07:18.320+0000] {processor.py:768} INFO - DAG(s) dict_keys(['example_short_circuit_decorator']) retrieved from /home/airflow/.local/lib/python3.7/site-packages/airflow/example_dags/example_short_circuit_decorator.py
[2024-04-25T01:07:18.369+0000] {logging_mixin.py:117} INFO - [2024-04-25T01:07:18.369+0000] {dag.py:2573} INFO - Sync 1 DAGs
[2024-04-25T01:07:18.402+0000] {logging_mixin.py:117} INFO - [2024-04-25T01:07:18.402+0000] {dag.py:3328} INFO - Setting next_dagrun for example_short_circuit_decorator to 2024-04-24T01:07:18.401793+00:00, run_after=2024-04-25T01:07:18.401793+00:00
[2024-04-25T01:07:18.425+0000] {processor.py:178} INFO - Processing /home/airflow/.local/lib/python3.7/site-packages/airflow/example_dags/example_short_circuit_decorator.py took 0.141 seconds
[2024-04-25T01:07:49.349+0000] {processor.py:156} INFO - Started process (PID=5802) to work on /home/airflow/.local/lib/python3.7/site-packages/airflow/example_dags/example_short_circuit_decorator.py
[2024-04-25T01:07:49.350+0000] {processor.py:758} INFO - Processing file /home/airflow/.local/lib/python3.7/site-packages/airflow/example_dags/example_short_circuit_decorator.py for tasks to queue
[2024-04-25T01:07:49.351+0000] {logging_mixin.py:117} INFO - [2024-04-25T01:07:49.351+0000] {dagbag.py:525} INFO - Filling up the DagBag from /home/airflow/.local/lib/python3.7/site-packages/airflow/example_dags/example_short_circuit_decorator.py
[2024-04-25T01:07:49.424+0000] {processor.py:768} INFO - DAG(s) dict_keys(['example_short_circuit_decorator']) retrieved from /home/airflow/.local/lib/python3.7/site-packages/airflow/example_dags/example_short_circuit_decorator.py
[2024-04-25T01:07:49.553+0000] {logging_mixin.py:117} INFO - [2024-04-25T01:07:49.553+0000] {dag.py:2573} INFO - Sync 1 DAGs
[2024-04-25T01:07:49.641+0000] {logging_mixin.py:117} INFO - [2024-04-25T01:07:49.641+0000] {dag.py:3328} INFO - Setting next_dagrun for example_short_circuit_decorator to 2024-04-24T01:07:49.641363+00:00, run_after=2024-04-25T01:07:49.641363+00:00
[2024-04-25T01:07:49.714+0000] {processor.py:178} INFO - Processing /home/airflow/.local/lib/python3.7/site-packages/airflow/example_dags/example_short_circuit_decorator.py took 0.373 seconds
[2024-04-25T01:08:20.014+0000] {processor.py:156} INFO - Started process (PID=6022) to work on /home/airflow/.local/lib/python3.7/site-packages/airflow/example_dags/example_short_circuit_decorator.py
[2024-04-25T01:08:20.017+0000] {processor.py:758} INFO - Processing file /home/airflow/.local/lib/python3.7/site-packages/airflow/example_dags/example_short_circuit_decorator.py for tasks to queue
[2024-04-25T01:08:20.018+0000] {logging_mixin.py:117} INFO - [2024-04-25T01:08:20.018+0000] {dagbag.py:525} INFO - Filling up the DagBag from /home/airflow/.local/lib/python3.7/site-packages/airflow/example_dags/example_short_circuit_decorator.py
[2024-04-25T01:08:20.062+0000] {processor.py:768} INFO - DAG(s) dict_keys(['example_short_circuit_decorator']) retrieved from /home/airflow/.local/lib/python3.7/site-packages/airflow/example_dags/example_short_circuit_decorator.py
[2024-04-25T01:08:20.120+0000] {logging_mixin.py:117} INFO - [2024-04-25T01:08:20.120+0000] {dag.py:2573} INFO - Sync 1 DAGs
[2024-04-25T01:08:20.156+0000] {logging_mixin.py:117} INFO - [2024-04-25T01:08:20.156+0000] {dag.py:3328} INFO - Setting next_dagrun for example_short_circuit_decorator to 2024-04-24T01:08:20.155918+00:00, run_after=2024-04-25T01:08:20.155918+00:00
[2024-04-25T01:08:20.214+0000] {processor.py:178} INFO - Processing /home/airflow/.local/lib/python3.7/site-packages/airflow/example_dags/example_short_circuit_decorator.py took 0.214 seconds
[2024-04-25T01:08:51.489+0000] {processor.py:156} INFO - Started process (PID=6240) to work on /home/airflow/.local/lib/python3.7/site-packages/airflow/example_dags/example_short_circuit_decorator.py
[2024-04-25T01:08:51.492+0000] {processor.py:758} INFO - Processing file /home/airflow/.local/lib/python3.7/site-packages/airflow/example_dags/example_short_circuit_decorator.py for tasks to queue
[2024-04-25T01:08:51.493+0000] {logging_mixin.py:117} INFO - [2024-04-25T01:08:51.493+0000] {dagbag.py:525} INFO - Filling up the DagBag from /home/airflow/.local/lib/python3.7/site-packages/airflow/example_dags/example_short_circuit_decorator.py
[2024-04-25T01:08:51.561+0000] {processor.py:768} INFO - DAG(s) dict_keys(['example_short_circuit_decorator']) retrieved from /home/airflow/.local/lib/python3.7/site-packages/airflow/example_dags/example_short_circuit_decorator.py
[2024-04-25T01:08:51.639+0000] {logging_mixin.py:117} INFO - [2024-04-25T01:08:51.639+0000] {dag.py:2573} INFO - Sync 1 DAGs
[2024-04-25T01:08:51.670+0000] {logging_mixin.py:117} INFO - [2024-04-25T01:08:51.670+0000] {dag.py:3328} INFO - Setting next_dagrun for example_short_circuit_decorator to 2024-04-24T01:08:51.669957+00:00, run_after=2024-04-25T01:08:51.669957+00:00
[2024-04-25T01:08:51.706+0000] {processor.py:178} INFO - Processing /home/airflow/.local/lib/python3.7/site-packages/airflow/example_dags/example_short_circuit_decorator.py took 0.221 seconds
[2024-04-25T01:09:22.240+0000] {processor.py:156} INFO - Started process (PID=6448) to work on /home/airflow/.local/lib/python3.7/site-packages/airflow/example_dags/example_short_circuit_decorator.py
[2024-04-25T01:09:22.241+0000] {processor.py:758} INFO - Processing file /home/airflow/.local/lib/python3.7/site-packages/airflow/example_dags/example_short_circuit_decorator.py for tasks to queue
[2024-04-25T01:09:22.243+0000] {logging_mixin.py:117} INFO - [2024-04-25T01:09:22.242+0000] {dagbag.py:525} INFO - Filling up the DagBag from /home/airflow/.local/lib/python3.7/site-packages/airflow/example_dags/example_short_circuit_decorator.py
[2024-04-25T01:09:22.305+0000] {processor.py:768} INFO - DAG(s) dict_keys(['example_short_circuit_decorator']) retrieved from /home/airflow/.local/lib/python3.7/site-packages/airflow/example_dags/example_short_circuit_decorator.py
[2024-04-25T01:09:22.385+0000] {logging_mixin.py:117} INFO - [2024-04-25T01:09:22.385+0000] {dag.py:2573} INFO - Sync 1 DAGs
[2024-04-25T01:09:22.452+0000] {logging_mixin.py:117} INFO - [2024-04-25T01:09:22.452+0000] {dag.py:3328} INFO - Setting next_dagrun for example_short_circuit_decorator to 2024-04-24T01:09:22.451965+00:00, run_after=2024-04-25T01:09:22.451965+00:00
[2024-04-25T01:09:22.488+0000] {processor.py:178} INFO - Processing /home/airflow/.local/lib/python3.7/site-packages/airflow/example_dags/example_short_circuit_decorator.py took 0.258 seconds
[2024-04-25T01:09:52.831+0000] {processor.py:156} INFO - Started process (PID=6667) to work on /home/airflow/.local/lib/python3.7/site-packages/airflow/example_dags/example_short_circuit_decorator.py
[2024-04-25T01:09:52.832+0000] {processor.py:758} INFO - Processing file /home/airflow/.local/lib/python3.7/site-packages/airflow/example_dags/example_short_circuit_decorator.py for tasks to queue
[2024-04-25T01:09:52.833+0000] {logging_mixin.py:117} INFO - [2024-04-25T01:09:52.833+0000] {dagbag.py:525} INFO - Filling up the DagBag from /home/airflow/.local/lib/python3.7/site-packages/airflow/example_dags/example_short_circuit_decorator.py
[2024-04-25T01:09:52.861+0000] {processor.py:768} INFO - DAG(s) dict_keys(['example_short_circuit_decorator']) retrieved from /home/airflow/.local/lib/python3.7/site-packages/airflow/example_dags/example_short_circuit_decorator.py
[2024-04-25T01:09:52.912+0000] {logging_mixin.py:117} INFO - [2024-04-25T01:09:52.912+0000] {dag.py:2573} INFO - Sync 1 DAGs
[2024-04-25T01:09:52.943+0000] {logging_mixin.py:117} INFO - [2024-04-25T01:09:52.943+0000] {dag.py:3328} INFO - Setting next_dagrun for example_short_circuit_decorator to 2024-04-24T01:09:52.942925+00:00, run_after=2024-04-25T01:09:52.942925+00:00
[2024-04-25T01:09:52.969+0000] {processor.py:178} INFO - Processing /home/airflow/.local/lib/python3.7/site-packages/airflow/example_dags/example_short_circuit_decorator.py took 0.142 seconds
[2024-04-25T01:10:24.578+0000] {processor.py:156} INFO - Started process (PID=6887) to work on /home/airflow/.local/lib/python3.7/site-packages/airflow/example_dags/example_short_circuit_decorator.py
[2024-04-25T01:10:24.579+0000] {processor.py:758} INFO - Processing file /home/airflow/.local/lib/python3.7/site-packages/airflow/example_dags/example_short_circuit_decorator.py for tasks to queue
[2024-04-25T01:10:24.580+0000] {logging_mixin.py:117} INFO - [2024-04-25T01:10:24.580+0000] {dagbag.py:525} INFO - Filling up the DagBag from /home/airflow/.local/lib/python3.7/site-packages/airflow/example_dags/example_short_circuit_decorator.py
[2024-04-25T01:10:24.653+0000] {processor.py:768} INFO - DAG(s) dict_keys(['example_short_circuit_decorator']) retrieved from /home/airflow/.local/lib/python3.7/site-packages/airflow/example_dags/example_short_circuit_decorator.py
[2024-04-25T01:10:24.735+0000] {logging_mixin.py:117} INFO - [2024-04-25T01:10:24.734+0000] {dag.py:2573} INFO - Sync 1 DAGs
[2024-04-25T01:10:24.764+0000] {logging_mixin.py:117} INFO - [2024-04-25T01:10:24.764+0000] {dag.py:3328} INFO - Setting next_dagrun for example_short_circuit_decorator to 2024-04-24T01:10:24.764437+00:00, run_after=2024-04-25T01:10:24.764437+00:00
[2024-04-25T01:10:24.799+0000] {processor.py:178} INFO - Processing /home/airflow/.local/lib/python3.7/site-packages/airflow/example_dags/example_short_circuit_decorator.py took 0.225 seconds
[2024-04-25T01:10:55.031+0000] {processor.py:156} INFO - Started process (PID=7097) to work on /home/airflow/.local/lib/python3.7/site-packages/airflow/example_dags/example_short_circuit_decorator.py
[2024-04-25T01:10:55.032+0000] {processor.py:758} INFO - Processing file /home/airflow/.local/lib/python3.7/site-packages/airflow/example_dags/example_short_circuit_decorator.py for tasks to queue
[2024-04-25T01:10:55.033+0000] {logging_mixin.py:117} INFO - [2024-04-25T01:10:55.033+0000] {dagbag.py:525} INFO - Filling up the DagBag from /home/airflow/.local/lib/python3.7/site-packages/airflow/example_dags/example_short_circuit_decorator.py
[2024-04-25T01:10:55.063+0000] {processor.py:768} INFO - DAG(s) dict_keys(['example_short_circuit_decorator']) retrieved from /home/airflow/.local/lib/python3.7/site-packages/airflow/example_dags/example_short_circuit_decorator.py
[2024-04-25T01:10:55.104+0000] {logging_mixin.py:117} INFO - [2024-04-25T01:10:55.104+0000] {dag.py:2573} INFO - Sync 1 DAGs
[2024-04-25T01:10:55.124+0000] {logging_mixin.py:117} INFO - [2024-04-25T01:10:55.124+0000] {dag.py:3328} INFO - Setting next_dagrun for example_short_circuit_decorator to 2024-04-24T01:10:55.124261+00:00, run_after=2024-04-25T01:10:55.124261+00:00
[2024-04-25T01:10:55.146+0000] {processor.py:178} INFO - Processing /home/airflow/.local/lib/python3.7/site-packages/airflow/example_dags/example_short_circuit_decorator.py took 0.118 seconds
[2024-04-25T01:11:25.551+0000] {processor.py:156} INFO - Started process (PID=7317) to work on /home/airflow/.local/lib/python3.7/site-packages/airflow/example_dags/example_short_circuit_decorator.py
[2024-04-25T01:11:25.552+0000] {processor.py:758} INFO - Processing file /home/airflow/.local/lib/python3.7/site-packages/airflow/example_dags/example_short_circuit_decorator.py for tasks to queue
[2024-04-25T01:11:25.553+0000] {logging_mixin.py:117} INFO - [2024-04-25T01:11:25.552+0000] {dagbag.py:525} INFO - Filling up the DagBag from /home/airflow/.local/lib/python3.7/site-packages/airflow/example_dags/example_short_circuit_decorator.py
[2024-04-25T01:11:25.583+0000] {processor.py:768} INFO - DAG(s) dict_keys(['example_short_circuit_decorator']) retrieved from /home/airflow/.local/lib/python3.7/site-packages/airflow/example_dags/example_short_circuit_decorator.py
[2024-04-25T01:11:25.632+0000] {logging_mixin.py:117} INFO - [2024-04-25T01:11:25.632+0000] {dag.py:2573} INFO - Sync 1 DAGs
[2024-04-25T01:11:25.664+0000] {logging_mixin.py:117} INFO - [2024-04-25T01:11:25.664+0000] {dag.py:3328} INFO - Setting next_dagrun for example_short_circuit_decorator to 2024-04-24T01:11:25.663897+00:00, run_after=2024-04-25T01:11:25.663897+00:00
[2024-04-25T01:11:25.695+0000] {processor.py:178} INFO - Processing /home/airflow/.local/lib/python3.7/site-packages/airflow/example_dags/example_short_circuit_decorator.py took 0.148 seconds
[2024-04-25T01:11:56.459+0000] {processor.py:156} INFO - Started process (PID=7536) to work on /home/airflow/.local/lib/python3.7/site-packages/airflow/example_dags/example_short_circuit_decorator.py
[2024-04-25T01:11:56.460+0000] {processor.py:758} INFO - Processing file /home/airflow/.local/lib/python3.7/site-packages/airflow/example_dags/example_short_circuit_decorator.py for tasks to queue
[2024-04-25T01:11:56.462+0000] {logging_mixin.py:117} INFO - [2024-04-25T01:11:56.462+0000] {dagbag.py:525} INFO - Filling up the DagBag from /home/airflow/.local/lib/python3.7/site-packages/airflow/example_dags/example_short_circuit_decorator.py
[2024-04-25T01:11:56.535+0000] {processor.py:768} INFO - DAG(s) dict_keys(['example_short_circuit_decorator']) retrieved from /home/airflow/.local/lib/python3.7/site-packages/airflow/example_dags/example_short_circuit_decorator.py
[2024-04-25T01:11:56.613+0000] {logging_mixin.py:117} INFO - [2024-04-25T01:11:56.613+0000] {dag.py:2573} INFO - Sync 1 DAGs
[2024-04-25T01:11:56.679+0000] {logging_mixin.py:117} INFO - [2024-04-25T01:11:56.678+0000] {dag.py:3328} INFO - Setting next_dagrun for example_short_circuit_decorator to 2024-04-24T01:11:56.677941+00:00, run_after=2024-04-25T01:11:56.677941+00:00
[2024-04-25T01:11:56.717+0000] {processor.py:178} INFO - Processing /home/airflow/.local/lib/python3.7/site-packages/airflow/example_dags/example_short_circuit_decorator.py took 0.261 seconds
[2024-04-25T01:12:27.336+0000] {processor.py:156} INFO - Started process (PID=7745) to work on /home/airflow/.local/lib/python3.7/site-packages/airflow/example_dags/example_short_circuit_decorator.py
[2024-04-25T01:12:27.337+0000] {processor.py:758} INFO - Processing file /home/airflow/.local/lib/python3.7/site-packages/airflow/example_dags/example_short_circuit_decorator.py for tasks to queue
[2024-04-25T01:12:27.337+0000] {logging_mixin.py:117} INFO - [2024-04-25T01:12:27.337+0000] {dagbag.py:525} INFO - Filling up the DagBag from /home/airflow/.local/lib/python3.7/site-packages/airflow/example_dags/example_short_circuit_decorator.py
[2024-04-25T01:12:27.368+0000] {processor.py:768} INFO - DAG(s) dict_keys(['example_short_circuit_decorator']) retrieved from /home/airflow/.local/lib/python3.7/site-packages/airflow/example_dags/example_short_circuit_decorator.py
[2024-04-25T01:12:27.423+0000] {logging_mixin.py:117} INFO - [2024-04-25T01:12:27.422+0000] {dag.py:2573} INFO - Sync 1 DAGs
[2024-04-25T01:12:27.454+0000] {logging_mixin.py:117} INFO - [2024-04-25T01:12:27.454+0000] {dag.py:3328} INFO - Setting next_dagrun for example_short_circuit_decorator to 2024-04-24T01:12:27.454523+00:00, run_after=2024-04-25T01:12:27.454523+00:00
[2024-04-25T01:12:27.485+0000] {processor.py:178} INFO - Processing /home/airflow/.local/lib/python3.7/site-packages/airflow/example_dags/example_short_circuit_decorator.py took 0.152 seconds
[2024-04-25T01:12:57.865+0000] {processor.py:156} INFO - Started process (PID=7963) to work on /home/airflow/.local/lib/python3.7/site-packages/airflow/example_dags/example_short_circuit_decorator.py
[2024-04-25T01:12:57.866+0000] {processor.py:758} INFO - Processing file /home/airflow/.local/lib/python3.7/site-packages/airflow/example_dags/example_short_circuit_decorator.py for tasks to queue
[2024-04-25T01:12:57.867+0000] {logging_mixin.py:117} INFO - [2024-04-25T01:12:57.867+0000] {dagbag.py:525} INFO - Filling up the DagBag from /home/airflow/.local/lib/python3.7/site-packages/airflow/example_dags/example_short_circuit_decorator.py
[2024-04-25T01:12:57.902+0000] {processor.py:768} INFO - DAG(s) dict_keys(['example_short_circuit_decorator']) retrieved from /home/airflow/.local/lib/python3.7/site-packages/airflow/example_dags/example_short_circuit_decorator.py
[2024-04-25T01:12:57.949+0000] {logging_mixin.py:117} INFO - [2024-04-25T01:12:57.948+0000] {dag.py:2573} INFO - Sync 1 DAGs
[2024-04-25T01:12:57.981+0000] {logging_mixin.py:117} INFO - [2024-04-25T01:12:57.981+0000] {dag.py:3328} INFO - Setting next_dagrun for example_short_circuit_decorator to 2024-04-24T01:12:57.981076+00:00, run_after=2024-04-25T01:12:57.981076+00:00
[2024-04-25T01:12:58.007+0000] {processor.py:178} INFO - Processing /home/airflow/.local/lib/python3.7/site-packages/airflow/example_dags/example_short_circuit_decorator.py took 0.146 seconds
[2024-04-25T01:13:29.200+0000] {processor.py:156} INFO - Started process (PID=8180) to work on /home/airflow/.local/lib/python3.7/site-packages/airflow/example_dags/example_short_circuit_decorator.py
[2024-04-25T01:13:29.201+0000] {processor.py:758} INFO - Processing file /home/airflow/.local/lib/python3.7/site-packages/airflow/example_dags/example_short_circuit_decorator.py for tasks to queue
[2024-04-25T01:13:29.202+0000] {logging_mixin.py:117} INFO - [2024-04-25T01:13:29.202+0000] {dagbag.py:525} INFO - Filling up the DagBag from /home/airflow/.local/lib/python3.7/site-packages/airflow/example_dags/example_short_circuit_decorator.py
[2024-04-25T01:13:29.234+0000] {processor.py:768} INFO - DAG(s) dict_keys(['example_short_circuit_decorator']) retrieved from /home/airflow/.local/lib/python3.7/site-packages/airflow/example_dags/example_short_circuit_decorator.py
[2024-04-25T01:13:29.284+0000] {logging_mixin.py:117} INFO - [2024-04-25T01:13:29.284+0000] {dag.py:2573} INFO - Sync 1 DAGs
[2024-04-25T01:13:29.315+0000] {logging_mixin.py:117} INFO - [2024-04-25T01:13:29.315+0000] {dag.py:3328} INFO - Setting next_dagrun for example_short_circuit_decorator to 2024-04-24T01:13:29.315397+00:00, run_after=2024-04-25T01:13:29.315397+00:00
[2024-04-25T01:13:29.340+0000] {processor.py:178} INFO - Processing /home/airflow/.local/lib/python3.7/site-packages/airflow/example_dags/example_short_circuit_decorator.py took 0.144 seconds
[2024-04-25T01:14:00.090+0000] {processor.py:156} INFO - Started process (PID=8388) to work on /home/airflow/.local/lib/python3.7/site-packages/airflow/example_dags/example_short_circuit_decorator.py
[2024-04-25T01:14:00.091+0000] {processor.py:758} INFO - Processing file /home/airflow/.local/lib/python3.7/site-packages/airflow/example_dags/example_short_circuit_decorator.py for tasks to queue
[2024-04-25T01:14:00.092+0000] {logging_mixin.py:117} INFO - [2024-04-25T01:14:00.092+0000] {dagbag.py:525} INFO - Filling up the DagBag from /home/airflow/.local/lib/python3.7/site-packages/airflow/example_dags/example_short_circuit_decorator.py
[2024-04-25T01:14:00.122+0000] {processor.py:768} INFO - DAG(s) dict_keys(['example_short_circuit_decorator']) retrieved from /home/airflow/.local/lib/python3.7/site-packages/airflow/example_dags/example_short_circuit_decorator.py
[2024-04-25T01:14:00.195+0000] {logging_mixin.py:117} INFO - [2024-04-25T01:14:00.195+0000] {dag.py:2573} INFO - Sync 1 DAGs
[2024-04-25T01:14:00.225+0000] {logging_mixin.py:117} INFO - [2024-04-25T01:14:00.224+0000] {dag.py:3328} INFO - Setting next_dagrun for example_short_circuit_decorator to 2024-04-24T01:14:00.224571+00:00, run_after=2024-04-25T01:14:00.224571+00:00
[2024-04-25T01:14:00.256+0000] {processor.py:178} INFO - Processing /home/airflow/.local/lib/python3.7/site-packages/airflow/example_dags/example_short_circuit_decorator.py took 0.169 seconds
[2024-04-25T01:14:31.464+0000] {processor.py:156} INFO - Started process (PID=8606) to work on /home/airflow/.local/lib/python3.7/site-packages/airflow/example_dags/example_short_circuit_decorator.py
[2024-04-25T01:14:31.465+0000] {processor.py:758} INFO - Processing file /home/airflow/.local/lib/python3.7/site-packages/airflow/example_dags/example_short_circuit_decorator.py for tasks to queue
[2024-04-25T01:14:31.466+0000] {logging_mixin.py:117} INFO - [2024-04-25T01:14:31.466+0000] {dagbag.py:525} INFO - Filling up the DagBag from /home/airflow/.local/lib/python3.7/site-packages/airflow/example_dags/example_short_circuit_decorator.py
[2024-04-25T01:14:31.503+0000] {processor.py:768} INFO - DAG(s) dict_keys(['example_short_circuit_decorator']) retrieved from /home/airflow/.local/lib/python3.7/site-packages/airflow/example_dags/example_short_circuit_decorator.py
[2024-04-25T01:14:31.588+0000] {logging_mixin.py:117} INFO - [2024-04-25T01:14:31.587+0000] {dag.py:2573} INFO - Sync 1 DAGs
[2024-04-25T01:14:31.624+0000] {logging_mixin.py:117} INFO - [2024-04-25T01:14:31.623+0000] {dag.py:3328} INFO - Setting next_dagrun for example_short_circuit_decorator to 2024-04-24T01:14:31.623564+00:00, run_after=2024-04-25T01:14:31.623564+00:00
[2024-04-25T01:14:31.651+0000] {processor.py:178} INFO - Processing /home/airflow/.local/lib/python3.7/site-packages/airflow/example_dags/example_short_circuit_decorator.py took 0.190 seconds
[2024-04-25T01:15:02.159+0000] {processor.py:156} INFO - Started process (PID=8822) to work on /home/airflow/.local/lib/python3.7/site-packages/airflow/example_dags/example_short_circuit_decorator.py
[2024-04-25T01:15:02.160+0000] {processor.py:758} INFO - Processing file /home/airflow/.local/lib/python3.7/site-packages/airflow/example_dags/example_short_circuit_decorator.py for tasks to queue
[2024-04-25T01:15:02.161+0000] {logging_mixin.py:117} INFO - [2024-04-25T01:15:02.161+0000] {dagbag.py:525} INFO - Filling up the DagBag from /home/airflow/.local/lib/python3.7/site-packages/airflow/example_dags/example_short_circuit_decorator.py
[2024-04-25T01:15:02.193+0000] {processor.py:768} INFO - DAG(s) dict_keys(['example_short_circuit_decorator']) retrieved from /home/airflow/.local/lib/python3.7/site-packages/airflow/example_dags/example_short_circuit_decorator.py
[2024-04-25T01:15:02.242+0000] {logging_mixin.py:117} INFO - [2024-04-25T01:15:02.242+0000] {dag.py:2573} INFO - Sync 1 DAGs
[2024-04-25T01:15:02.273+0000] {logging_mixin.py:117} INFO - [2024-04-25T01:15:02.272+0000] {dag.py:3328} INFO - Setting next_dagrun for example_short_circuit_decorator to 2024-04-24T01:15:02.272702+00:00, run_after=2024-04-25T01:15:02.272702+00:00
[2024-04-25T01:15:02.299+0000] {processor.py:178} INFO - Processing /home/airflow/.local/lib/python3.7/site-packages/airflow/example_dags/example_short_circuit_decorator.py took 0.144 seconds
[2024-04-25T01:15:33.157+0000] {processor.py:156} INFO - Started process (PID=9032) to work on /home/airflow/.local/lib/python3.7/site-packages/airflow/example_dags/example_short_circuit_decorator.py
[2024-04-25T01:15:33.159+0000] {processor.py:758} INFO - Processing file /home/airflow/.local/lib/python3.7/site-packages/airflow/example_dags/example_short_circuit_decorator.py for tasks to queue
[2024-04-25T01:15:33.160+0000] {logging_mixin.py:117} INFO - [2024-04-25T01:15:33.160+0000] {dagbag.py:525} INFO - Filling up the DagBag from /home/airflow/.local/lib/python3.7/site-packages/airflow/example_dags/example_short_circuit_decorator.py
[2024-04-25T01:15:33.193+0000] {processor.py:768} INFO - DAG(s) dict_keys(['example_short_circuit_decorator']) retrieved from /home/airflow/.local/lib/python3.7/site-packages/airflow/example_dags/example_short_circuit_decorator.py
[2024-04-25T01:15:33.244+0000] {logging_mixin.py:117} INFO - [2024-04-25T01:15:33.244+0000] {dag.py:2573} INFO - Sync 1 DAGs
[2024-04-25T01:15:33.288+0000] {logging_mixin.py:117} INFO - [2024-04-25T01:15:33.287+0000] {dag.py:3328} INFO - Setting next_dagrun for example_short_circuit_decorator to 2024-04-24T01:15:33.287512+00:00, run_after=2024-04-25T01:15:33.287512+00:00
[2024-04-25T01:15:33.336+0000] {processor.py:178} INFO - Processing /home/airflow/.local/lib/python3.7/site-packages/airflow/example_dags/example_short_circuit_decorator.py took 0.183 seconds
[2024-04-25T01:16:03.952+0000] {processor.py:156} INFO - Started process (PID=9251) to work on /home/airflow/.local/lib/python3.7/site-packages/airflow/example_dags/example_short_circuit_decorator.py
[2024-04-25T01:16:03.953+0000] {processor.py:758} INFO - Processing file /home/airflow/.local/lib/python3.7/site-packages/airflow/example_dags/example_short_circuit_decorator.py for tasks to queue
[2024-04-25T01:16:03.954+0000] {logging_mixin.py:117} INFO - [2024-04-25T01:16:03.954+0000] {dagbag.py:525} INFO - Filling up the DagBag from /home/airflow/.local/lib/python3.7/site-packages/airflow/example_dags/example_short_circuit_decorator.py
[2024-04-25T01:16:03.986+0000] {processor.py:768} INFO - DAG(s) dict_keys(['example_short_circuit_decorator']) retrieved from /home/airflow/.local/lib/python3.7/site-packages/airflow/example_dags/example_short_circuit_decorator.py
[2024-04-25T01:16:04.035+0000] {logging_mixin.py:117} INFO - [2024-04-25T01:16:04.035+0000] {dag.py:2573} INFO - Sync 1 DAGs
[2024-04-25T01:16:04.064+0000] {logging_mixin.py:117} INFO - [2024-04-25T01:16:04.064+0000] {dag.py:3328} INFO - Setting next_dagrun for example_short_circuit_decorator to 2024-04-24T01:16:04.064102+00:00, run_after=2024-04-25T01:16:04.064102+00:00
[2024-04-25T01:16:04.092+0000] {processor.py:178} INFO - Processing /home/airflow/.local/lib/python3.7/site-packages/airflow/example_dags/example_short_circuit_decorator.py took 0.143 seconds
[2024-04-25T01:16:34.580+0000] {processor.py:156} INFO - Started process (PID=9469) to work on /home/airflow/.local/lib/python3.7/site-packages/airflow/example_dags/example_short_circuit_decorator.py
[2024-04-25T01:16:34.581+0000] {processor.py:758} INFO - Processing file /home/airflow/.local/lib/python3.7/site-packages/airflow/example_dags/example_short_circuit_decorator.py for tasks to queue
[2024-04-25T01:16:34.582+0000] {logging_mixin.py:117} INFO - [2024-04-25T01:16:34.582+0000] {dagbag.py:525} INFO - Filling up the DagBag from /home/airflow/.local/lib/python3.7/site-packages/airflow/example_dags/example_short_circuit_decorator.py
[2024-04-25T01:16:34.612+0000] {processor.py:768} INFO - DAG(s) dict_keys(['example_short_circuit_decorator']) retrieved from /home/airflow/.local/lib/python3.7/site-packages/airflow/example_dags/example_short_circuit_decorator.py
[2024-04-25T01:16:34.667+0000] {logging_mixin.py:117} INFO - [2024-04-25T01:16:34.667+0000] {dag.py:2573} INFO - Sync 1 DAGs
[2024-04-25T01:16:34.699+0000] {logging_mixin.py:117} INFO - [2024-04-25T01:16:34.698+0000] {dag.py:3328} INFO - Setting next_dagrun for example_short_circuit_decorator to 2024-04-24T01:16:34.698514+00:00, run_after=2024-04-25T01:16:34.698514+00:00
[2024-04-25T01:16:34.725+0000] {processor.py:178} INFO - Processing /home/airflow/.local/lib/python3.7/site-packages/airflow/example_dags/example_short_circuit_decorator.py took 0.149 seconds
[2024-04-25T01:17:05.184+0000] {processor.py:156} INFO - Started process (PID=9679) to work on /home/airflow/.local/lib/python3.7/site-packages/airflow/example_dags/example_short_circuit_decorator.py
[2024-04-25T01:17:05.186+0000] {processor.py:758} INFO - Processing file /home/airflow/.local/lib/python3.7/site-packages/airflow/example_dags/example_short_circuit_decorator.py for tasks to queue
[2024-04-25T01:17:05.186+0000] {logging_mixin.py:117} INFO - [2024-04-25T01:17:05.186+0000] {dagbag.py:525} INFO - Filling up the DagBag from /home/airflow/.local/lib/python3.7/site-packages/airflow/example_dags/example_short_circuit_decorator.py
[2024-04-25T01:17:05.252+0000] {processor.py:768} INFO - DAG(s) dict_keys(['example_short_circuit_decorator']) retrieved from /home/airflow/.local/lib/python3.7/site-packages/airflow/example_dags/example_short_circuit_decorator.py
[2024-04-25T01:17:05.302+0000] {logging_mixin.py:117} INFO - [2024-04-25T01:17:05.302+0000] {dag.py:2573} INFO - Sync 1 DAGs
[2024-04-25T01:17:05.345+0000] {logging_mixin.py:117} INFO - [2024-04-25T01:17:05.345+0000] {dag.py:3328} INFO - Setting next_dagrun for example_short_circuit_decorator to 2024-04-24T01:17:05.345156+00:00, run_after=2024-04-25T01:17:05.345156+00:00
[2024-04-25T01:17:05.382+0000] {processor.py:178} INFO - Processing /home/airflow/.local/lib/python3.7/site-packages/airflow/example_dags/example_short_circuit_decorator.py took 0.201 seconds
[2024-04-25T01:17:36.236+0000] {processor.py:156} INFO - Started process (PID=9895) to work on /home/airflow/.local/lib/python3.7/site-packages/airflow/example_dags/example_short_circuit_decorator.py
[2024-04-25T01:17:36.237+0000] {processor.py:758} INFO - Processing file /home/airflow/.local/lib/python3.7/site-packages/airflow/example_dags/example_short_circuit_decorator.py for tasks to queue
[2024-04-25T01:17:36.239+0000] {logging_mixin.py:117} INFO - [2024-04-25T01:17:36.239+0000] {dagbag.py:525} INFO - Filling up the DagBag from /home/airflow/.local/lib/python3.7/site-packages/airflow/example_dags/example_short_circuit_decorator.py
[2024-04-25T01:17:36.270+0000] {processor.py:768} INFO - DAG(s) dict_keys(['example_short_circuit_decorator']) retrieved from /home/airflow/.local/lib/python3.7/site-packages/airflow/example_dags/example_short_circuit_decorator.py
[2024-04-25T01:17:36.321+0000] {logging_mixin.py:117} INFO - [2024-04-25T01:17:36.320+0000] {dag.py:2573} INFO - Sync 1 DAGs
[2024-04-25T01:17:36.354+0000] {logging_mixin.py:117} INFO - [2024-04-25T01:17:36.354+0000] {dag.py:3328} INFO - Setting next_dagrun for example_short_circuit_decorator to 2024-04-24T01:17:36.354126+00:00, run_after=2024-04-25T01:17:36.354126+00:00
[2024-04-25T01:17:36.377+0000] {processor.py:178} INFO - Processing /home/airflow/.local/lib/python3.7/site-packages/airflow/example_dags/example_short_circuit_decorator.py took 0.145 seconds
[2024-04-25T01:18:07.127+0000] {processor.py:156} INFO - Started process (PID=10114) to work on /home/airflow/.local/lib/python3.7/site-packages/airflow/example_dags/example_short_circuit_decorator.py
[2024-04-25T01:18:07.128+0000] {processor.py:758} INFO - Processing file /home/airflow/.local/lib/python3.7/site-packages/airflow/example_dags/example_short_circuit_decorator.py for tasks to queue
[2024-04-25T01:18:07.129+0000] {logging_mixin.py:117} INFO - [2024-04-25T01:18:07.129+0000] {dagbag.py:525} INFO - Filling up the DagBag from /home/airflow/.local/lib/python3.7/site-packages/airflow/example_dags/example_short_circuit_decorator.py
[2024-04-25T01:18:07.161+0000] {processor.py:768} INFO - DAG(s) dict_keys(['example_short_circuit_decorator']) retrieved from /home/airflow/.local/lib/python3.7/site-packages/airflow/example_dags/example_short_circuit_decorator.py
[2024-04-25T01:18:07.212+0000] {logging_mixin.py:117} INFO - [2024-04-25T01:18:07.212+0000] {dag.py:2573} INFO - Sync 1 DAGs
[2024-04-25T01:18:07.241+0000] {logging_mixin.py:117} INFO - [2024-04-25T01:18:07.241+0000] {dag.py:3328} INFO - Setting next_dagrun for example_short_circuit_decorator to 2024-04-24T01:18:07.241046+00:00, run_after=2024-04-25T01:18:07.241046+00:00
[2024-04-25T01:18:07.267+0000] {processor.py:178} INFO - Processing /home/airflow/.local/lib/python3.7/site-packages/airflow/example_dags/example_short_circuit_decorator.py took 0.143 seconds
[2024-04-25T01:18:38.336+0000] {processor.py:156} INFO - Started process (PID=10323) to work on /home/airflow/.local/lib/python3.7/site-packages/airflow/example_dags/example_short_circuit_decorator.py
[2024-04-25T01:18:38.337+0000] {processor.py:758} INFO - Processing file /home/airflow/.local/lib/python3.7/site-packages/airflow/example_dags/example_short_circuit_decorator.py for tasks to queue
[2024-04-25T01:18:38.338+0000] {logging_mixin.py:117} INFO - [2024-04-25T01:18:38.338+0000] {dagbag.py:525} INFO - Filling up the DagBag from /home/airflow/.local/lib/python3.7/site-packages/airflow/example_dags/example_short_circuit_decorator.py
[2024-04-25T01:18:38.371+0000] {processor.py:768} INFO - DAG(s) dict_keys(['example_short_circuit_decorator']) retrieved from /home/airflow/.local/lib/python3.7/site-packages/airflow/example_dags/example_short_circuit_decorator.py
[2024-04-25T01:18:38.421+0000] {logging_mixin.py:117} INFO - [2024-04-25T01:18:38.421+0000] {dag.py:2573} INFO - Sync 1 DAGs
[2024-04-25T01:18:38.450+0000] {logging_mixin.py:117} INFO - [2024-04-25T01:18:38.450+0000] {dag.py:3328} INFO - Setting next_dagrun for example_short_circuit_decorator to 2024-04-24T01:18:38.450538+00:00, run_after=2024-04-25T01:18:38.450538+00:00
[2024-04-25T01:18:38.475+0000] {processor.py:178} INFO - Processing /home/airflow/.local/lib/python3.7/site-packages/airflow/example_dags/example_short_circuit_decorator.py took 0.143 seconds
[2024-04-25T01:19:09.709+0000] {processor.py:156} INFO - Started process (PID=10540) to work on /home/airflow/.local/lib/python3.7/site-packages/airflow/example_dags/example_short_circuit_decorator.py
[2024-04-25T01:19:09.710+0000] {processor.py:758} INFO - Processing file /home/airflow/.local/lib/python3.7/site-packages/airflow/example_dags/example_short_circuit_decorator.py for tasks to queue
[2024-04-25T01:19:09.711+0000] {logging_mixin.py:117} INFO - [2024-04-25T01:19:09.711+0000] {dagbag.py:525} INFO - Filling up the DagBag from /home/airflow/.local/lib/python3.7/site-packages/airflow/example_dags/example_short_circuit_decorator.py
[2024-04-25T01:19:09.742+0000] {processor.py:768} INFO - DAG(s) dict_keys(['example_short_circuit_decorator']) retrieved from /home/airflow/.local/lib/python3.7/site-packages/airflow/example_dags/example_short_circuit_decorator.py
[2024-04-25T01:19:09.793+0000] {logging_mixin.py:117} INFO - [2024-04-25T01:19:09.793+0000] {dag.py:2573} INFO - Sync 1 DAGs
[2024-04-25T01:19:09.823+0000] {logging_mixin.py:117} INFO - [2024-04-25T01:19:09.822+0000] {dag.py:3328} INFO - Setting next_dagrun for example_short_circuit_decorator to 2024-04-24T01:19:09.822707+00:00, run_after=2024-04-25T01:19:09.822707+00:00
[2024-04-25T01:19:09.850+0000] {processor.py:178} INFO - Processing /home/airflow/.local/lib/python3.7/site-packages/airflow/example_dags/example_short_circuit_decorator.py took 0.144 seconds
[2024-04-25T01:19:40.319+0000] {processor.py:156} INFO - Started process (PID=10758) to work on /home/airflow/.local/lib/python3.7/site-packages/airflow/example_dags/example_short_circuit_decorator.py
[2024-04-25T01:19:40.323+0000] {processor.py:758} INFO - Processing file /home/airflow/.local/lib/python3.7/site-packages/airflow/example_dags/example_short_circuit_decorator.py for tasks to queue
[2024-04-25T01:19:40.324+0000] {logging_mixin.py:117} INFO - [2024-04-25T01:19:40.324+0000] {dagbag.py:525} INFO - Filling up the DagBag from /home/airflow/.local/lib/python3.7/site-packages/airflow/example_dags/example_short_circuit_decorator.py
[2024-04-25T01:19:40.368+0000] {processor.py:768} INFO - DAG(s) dict_keys(['example_short_circuit_decorator']) retrieved from /home/airflow/.local/lib/python3.7/site-packages/airflow/example_dags/example_short_circuit_decorator.py
[2024-04-25T01:19:40.466+0000] {logging_mixin.py:117} INFO - [2024-04-25T01:19:40.466+0000] {dag.py:2573} INFO - Sync 1 DAGs
[2024-04-25T01:19:40.520+0000] {logging_mixin.py:117} INFO - [2024-04-25T01:19:40.519+0000] {dag.py:3328} INFO - Setting next_dagrun for example_short_circuit_decorator to 2024-04-24T01:19:40.519597+00:00, run_after=2024-04-25T01:19:40.519597+00:00
[2024-04-25T01:19:40.573+0000] {processor.py:178} INFO - Processing /home/airflow/.local/lib/python3.7/site-packages/airflow/example_dags/example_short_circuit_decorator.py took 0.257 seconds
[2024-04-25T01:20:10.969+0000] {processor.py:156} INFO - Started process (PID=10967) to work on /home/airflow/.local/lib/python3.7/site-packages/airflow/example_dags/example_short_circuit_decorator.py
[2024-04-25T01:20:10.970+0000] {processor.py:758} INFO - Processing file /home/airflow/.local/lib/python3.7/site-packages/airflow/example_dags/example_short_circuit_decorator.py for tasks to queue
[2024-04-25T01:20:10.971+0000] {logging_mixin.py:117} INFO - [2024-04-25T01:20:10.971+0000] {dagbag.py:525} INFO - Filling up the DagBag from /home/airflow/.local/lib/python3.7/site-packages/airflow/example_dags/example_short_circuit_decorator.py
[2024-04-25T01:20:11.005+0000] {processor.py:768} INFO - DAG(s) dict_keys(['example_short_circuit_decorator']) retrieved from /home/airflow/.local/lib/python3.7/site-packages/airflow/example_dags/example_short_circuit_decorator.py
[2024-04-25T01:20:11.055+0000] {logging_mixin.py:117} INFO - [2024-04-25T01:20:11.055+0000] {dag.py:2573} INFO - Sync 1 DAGs
[2024-04-25T01:20:11.083+0000] {logging_mixin.py:117} INFO - [2024-04-25T01:20:11.083+0000] {dag.py:3328} INFO - Setting next_dagrun for example_short_circuit_decorator to 2024-04-24T01:20:11.083205+00:00, run_after=2024-04-25T01:20:11.083205+00:00
[2024-04-25T01:20:11.108+0000] {processor.py:178} INFO - Processing /home/airflow/.local/lib/python3.7/site-packages/airflow/example_dags/example_short_circuit_decorator.py took 0.142 seconds
[2024-04-25T01:20:41.938+0000] {processor.py:156} INFO - Started process (PID=11185) to work on /home/airflow/.local/lib/python3.7/site-packages/airflow/example_dags/example_short_circuit_decorator.py
[2024-04-25T01:20:41.940+0000] {processor.py:758} INFO - Processing file /home/airflow/.local/lib/python3.7/site-packages/airflow/example_dags/example_short_circuit_decorator.py for tasks to queue
[2024-04-25T01:20:41.941+0000] {logging_mixin.py:117} INFO - [2024-04-25T01:20:41.941+0000] {dagbag.py:525} INFO - Filling up the DagBag from /home/airflow/.local/lib/python3.7/site-packages/airflow/example_dags/example_short_circuit_decorator.py
[2024-04-25T01:20:41.973+0000] {processor.py:768} INFO - DAG(s) dict_keys(['example_short_circuit_decorator']) retrieved from /home/airflow/.local/lib/python3.7/site-packages/airflow/example_dags/example_short_circuit_decorator.py
[2024-04-25T01:20:42.028+0000] {logging_mixin.py:117} INFO - [2024-04-25T01:20:42.028+0000] {dag.py:2573} INFO - Sync 1 DAGs
[2024-04-25T01:20:42.060+0000] {logging_mixin.py:117} INFO - [2024-04-25T01:20:42.060+0000] {dag.py:3328} INFO - Setting next_dagrun for example_short_circuit_decorator to 2024-04-24T01:20:42.059884+00:00, run_after=2024-04-25T01:20:42.059884+00:00
[2024-04-25T01:20:42.086+0000] {processor.py:178} INFO - Processing /home/airflow/.local/lib/python3.7/site-packages/airflow/example_dags/example_short_circuit_decorator.py took 0.151 seconds
[2024-04-25T01:21:12.556+0000] {processor.py:156} INFO - Started process (PID=11405) to work on /home/airflow/.local/lib/python3.7/site-packages/airflow/example_dags/example_short_circuit_decorator.py
[2024-04-25T01:21:12.558+0000] {processor.py:758} INFO - Processing file /home/airflow/.local/lib/python3.7/site-packages/airflow/example_dags/example_short_circuit_decorator.py for tasks to queue
[2024-04-25T01:21:12.559+0000] {logging_mixin.py:117} INFO - [2024-04-25T01:21:12.559+0000] {dagbag.py:525} INFO - Filling up the DagBag from /home/airflow/.local/lib/python3.7/site-packages/airflow/example_dags/example_short_circuit_decorator.py
[2024-04-25T01:21:12.589+0000] {processor.py:768} INFO - DAG(s) dict_keys(['example_short_circuit_decorator']) retrieved from /home/airflow/.local/lib/python3.7/site-packages/airflow/example_dags/example_short_circuit_decorator.py
[2024-04-25T01:21:12.641+0000] {logging_mixin.py:117} INFO - [2024-04-25T01:21:12.640+0000] {dag.py:2573} INFO - Sync 1 DAGs
[2024-04-25T01:21:12.686+0000] {logging_mixin.py:117} INFO - [2024-04-25T01:21:12.686+0000] {dag.py:3328} INFO - Setting next_dagrun for example_short_circuit_decorator to 2024-04-24T01:21:12.685803+00:00, run_after=2024-04-25T01:21:12.685803+00:00
[2024-04-25T01:21:12.712+0000] {processor.py:178} INFO - Processing /home/airflow/.local/lib/python3.7/site-packages/airflow/example_dags/example_short_circuit_decorator.py took 0.160 seconds
[2024-04-25T01:21:43.228+0000] {processor.py:156} INFO - Started process (PID=11614) to work on /home/airflow/.local/lib/python3.7/site-packages/airflow/example_dags/example_short_circuit_decorator.py
[2024-04-25T01:21:43.229+0000] {processor.py:758} INFO - Processing file /home/airflow/.local/lib/python3.7/site-packages/airflow/example_dags/example_short_circuit_decorator.py for tasks to queue
[2024-04-25T01:21:43.230+0000] {logging_mixin.py:117} INFO - [2024-04-25T01:21:43.230+0000] {dagbag.py:525} INFO - Filling up the DagBag from /home/airflow/.local/lib/python3.7/site-packages/airflow/example_dags/example_short_circuit_decorator.py
[2024-04-25T01:21:43.260+0000] {processor.py:768} INFO - DAG(s) dict_keys(['example_short_circuit_decorator']) retrieved from /home/airflow/.local/lib/python3.7/site-packages/airflow/example_dags/example_short_circuit_decorator.py
[2024-04-25T01:21:43.308+0000] {logging_mixin.py:117} INFO - [2024-04-25T01:21:43.308+0000] {dag.py:2573} INFO - Sync 1 DAGs
[2024-04-25T01:21:43.338+0000] {logging_mixin.py:117} INFO - [2024-04-25T01:21:43.338+0000] {dag.py:3328} INFO - Setting next_dagrun for example_short_circuit_decorator to 2024-04-24T01:21:43.338080+00:00, run_after=2024-04-25T01:21:43.338080+00:00
[2024-04-25T01:21:43.364+0000] {processor.py:178} INFO - Processing /home/airflow/.local/lib/python3.7/site-packages/airflow/example_dags/example_short_circuit_decorator.py took 0.140 seconds
[2024-04-25T01:22:14.962+0000] {processor.py:156} INFO - Started process (PID=11834) to work on /home/airflow/.local/lib/python3.7/site-packages/airflow/example_dags/example_short_circuit_decorator.py
[2024-04-25T01:22:14.964+0000] {processor.py:758} INFO - Processing file /home/airflow/.local/lib/python3.7/site-packages/airflow/example_dags/example_short_circuit_decorator.py for tasks to queue
[2024-04-25T01:22:14.965+0000] {logging_mixin.py:117} INFO - [2024-04-25T01:22:14.964+0000] {dagbag.py:525} INFO - Filling up the DagBag from /home/airflow/.local/lib/python3.7/site-packages/airflow/example_dags/example_short_circuit_decorator.py
[2024-04-25T01:22:15.042+0000] {processor.py:768} INFO - DAG(s) dict_keys(['example_short_circuit_decorator']) retrieved from /home/airflow/.local/lib/python3.7/site-packages/airflow/example_dags/example_short_circuit_decorator.py
[2024-04-25T01:22:15.171+0000] {logging_mixin.py:117} INFO - [2024-04-25T01:22:15.171+0000] {dag.py:2573} INFO - Sync 1 DAGs
[2024-04-25T01:22:15.248+0000] {logging_mixin.py:117} INFO - [2024-04-25T01:22:15.248+0000] {dag.py:3328} INFO - Setting next_dagrun for example_short_circuit_decorator to 2024-04-24T01:22:15.248285+00:00, run_after=2024-04-25T01:22:15.248285+00:00
[2024-04-25T01:22:15.327+0000] {processor.py:178} INFO - Processing /home/airflow/.local/lib/python3.7/site-packages/airflow/example_dags/example_short_circuit_decorator.py took 0.368 seconds
[2024-04-25T01:22:45.847+0000] {processor.py:156} INFO - Started process (PID=12051) to work on /home/airflow/.local/lib/python3.7/site-packages/airflow/example_dags/example_short_circuit_decorator.py
[2024-04-25T01:22:45.848+0000] {processor.py:758} INFO - Processing file /home/airflow/.local/lib/python3.7/site-packages/airflow/example_dags/example_short_circuit_decorator.py for tasks to queue
[2024-04-25T01:22:45.849+0000] {logging_mixin.py:117} INFO - [2024-04-25T01:22:45.848+0000] {dagbag.py:525} INFO - Filling up the DagBag from /home/airflow/.local/lib/python3.7/site-packages/airflow/example_dags/example_short_circuit_decorator.py
[2024-04-25T01:22:45.890+0000] {processor.py:768} INFO - DAG(s) dict_keys(['example_short_circuit_decorator']) retrieved from /home/airflow/.local/lib/python3.7/site-packages/airflow/example_dags/example_short_circuit_decorator.py
[2024-04-25T01:22:46.009+0000] {logging_mixin.py:117} INFO - [2024-04-25T01:22:46.009+0000] {dag.py:2573} INFO - Sync 1 DAGs
[2024-04-25T01:22:46.044+0000] {logging_mixin.py:117} INFO - [2024-04-25T01:22:46.044+0000] {dag.py:3328} INFO - Setting next_dagrun for example_short_circuit_decorator to 2024-04-24T01:22:46.044418+00:00, run_after=2024-04-25T01:22:46.044418+00:00
[2024-04-25T01:22:46.073+0000] {processor.py:178} INFO - Processing /home/airflow/.local/lib/python3.7/site-packages/airflow/example_dags/example_short_circuit_decorator.py took 0.233 seconds
[2024-04-25T01:23:16.555+0000] {processor.py:156} INFO - Started process (PID=12267) to work on /home/airflow/.local/lib/python3.7/site-packages/airflow/example_dags/example_short_circuit_decorator.py
[2024-04-25T01:23:16.561+0000] {processor.py:758} INFO - Processing file /home/airflow/.local/lib/python3.7/site-packages/airflow/example_dags/example_short_circuit_decorator.py for tasks to queue
[2024-04-25T01:23:16.562+0000] {logging_mixin.py:117} INFO - [2024-04-25T01:23:16.562+0000] {dagbag.py:525} INFO - Filling up the DagBag from /home/airflow/.local/lib/python3.7/site-packages/airflow/example_dags/example_short_circuit_decorator.py
[2024-04-25T01:23:16.633+0000] {processor.py:768} INFO - DAG(s) dict_keys(['example_short_circuit_decorator']) retrieved from /home/airflow/.local/lib/python3.7/site-packages/airflow/example_dags/example_short_circuit_decorator.py
[2024-04-25T01:23:16.720+0000] {logging_mixin.py:117} INFO - [2024-04-25T01:23:16.720+0000] {dag.py:2573} INFO - Sync 1 DAGs
[2024-04-25T01:23:16.775+0000] {logging_mixin.py:117} INFO - [2024-04-25T01:23:16.775+0000] {dag.py:3328} INFO - Setting next_dagrun for example_short_circuit_decorator to 2024-04-24T01:23:16.775260+00:00, run_after=2024-04-25T01:23:16.775260+00:00
[2024-04-25T01:23:16.824+0000] {processor.py:178} INFO - Processing /home/airflow/.local/lib/python3.7/site-packages/airflow/example_dags/example_short_circuit_decorator.py took 0.272 seconds
[2024-04-25T01:23:47.339+0000] {processor.py:156} INFO - Started process (PID=12476) to work on /home/airflow/.local/lib/python3.7/site-packages/airflow/example_dags/example_short_circuit_decorator.py
[2024-04-25T01:23:47.339+0000] {processor.py:758} INFO - Processing file /home/airflow/.local/lib/python3.7/site-packages/airflow/example_dags/example_short_circuit_decorator.py for tasks to queue
[2024-04-25T01:23:47.340+0000] {logging_mixin.py:117} INFO - [2024-04-25T01:23:47.340+0000] {dagbag.py:525} INFO - Filling up the DagBag from /home/airflow/.local/lib/python3.7/site-packages/airflow/example_dags/example_short_circuit_decorator.py
[2024-04-25T01:23:47.375+0000] {processor.py:768} INFO - DAG(s) dict_keys(['example_short_circuit_decorator']) retrieved from /home/airflow/.local/lib/python3.7/site-packages/airflow/example_dags/example_short_circuit_decorator.py
[2024-04-25T01:23:47.422+0000] {logging_mixin.py:117} INFO - [2024-04-25T01:23:47.422+0000] {dag.py:2573} INFO - Sync 1 DAGs
[2024-04-25T01:23:47.454+0000] {logging_mixin.py:117} INFO - [2024-04-25T01:23:47.454+0000] {dag.py:3328} INFO - Setting next_dagrun for example_short_circuit_decorator to 2024-04-24T01:23:47.454501+00:00, run_after=2024-04-25T01:23:47.454501+00:00
[2024-04-25T01:23:47.484+0000] {processor.py:178} INFO - Processing /home/airflow/.local/lib/python3.7/site-packages/airflow/example_dags/example_short_circuit_decorator.py took 0.149 seconds
[2024-04-25T01:24:17.921+0000] {processor.py:156} INFO - Started process (PID=12694) to work on /home/airflow/.local/lib/python3.7/site-packages/airflow/example_dags/example_short_circuit_decorator.py
[2024-04-25T01:24:17.922+0000] {processor.py:758} INFO - Processing file /home/airflow/.local/lib/python3.7/site-packages/airflow/example_dags/example_short_circuit_decorator.py for tasks to queue
[2024-04-25T01:24:17.923+0000] {logging_mixin.py:117} INFO - [2024-04-25T01:24:17.923+0000] {dagbag.py:525} INFO - Filling up the DagBag from /home/airflow/.local/lib/python3.7/site-packages/airflow/example_dags/example_short_circuit_decorator.py
[2024-04-25T01:24:17.954+0000] {processor.py:768} INFO - DAG(s) dict_keys(['example_short_circuit_decorator']) retrieved from /home/airflow/.local/lib/python3.7/site-packages/airflow/example_dags/example_short_circuit_decorator.py
[2024-04-25T01:24:18.009+0000] {logging_mixin.py:117} INFO - [2024-04-25T01:24:18.008+0000] {dag.py:2573} INFO - Sync 1 DAGs
[2024-04-25T01:24:18.036+0000] {logging_mixin.py:117} INFO - [2024-04-25T01:24:18.036+0000] {dag.py:3328} INFO - Setting next_dagrun for example_short_circuit_decorator to 2024-04-24T01:24:18.036056+00:00, run_after=2024-04-25T01:24:18.036056+00:00
[2024-04-25T01:24:18.059+0000] {processor.py:178} INFO - Processing /home/airflow/.local/lib/python3.7/site-packages/airflow/example_dags/example_short_circuit_decorator.py took 0.141 seconds
[2024-04-25T01:24:49.988+0000] {processor.py:156} INFO - Started process (PID=12912) to work on /home/airflow/.local/lib/python3.7/site-packages/airflow/example_dags/example_short_circuit_decorator.py
[2024-04-25T01:24:49.998+0000] {processor.py:758} INFO - Processing file /home/airflow/.local/lib/python3.7/site-packages/airflow/example_dags/example_short_circuit_decorator.py for tasks to queue
[2024-04-25T01:24:49.999+0000] {logging_mixin.py:117} INFO - [2024-04-25T01:24:49.999+0000] {dagbag.py:525} INFO - Filling up the DagBag from /home/airflow/.local/lib/python3.7/site-packages/airflow/example_dags/example_short_circuit_decorator.py
[2024-04-25T01:24:50.087+0000] {processor.py:768} INFO - DAG(s) dict_keys(['example_short_circuit_decorator']) retrieved from /home/airflow/.local/lib/python3.7/site-packages/airflow/example_dags/example_short_circuit_decorator.py
[2024-04-25T01:24:50.154+0000] {logging_mixin.py:117} INFO - [2024-04-25T01:24:50.154+0000] {dag.py:2573} INFO - Sync 1 DAGs
[2024-04-25T01:24:50.184+0000] {logging_mixin.py:117} INFO - [2024-04-25T01:24:50.183+0000] {dag.py:3328} INFO - Setting next_dagrun for example_short_circuit_decorator to 2024-04-24T01:24:50.183652+00:00, run_after=2024-04-25T01:24:50.183652+00:00
[2024-04-25T01:24:50.216+0000] {processor.py:178} INFO - Processing /home/airflow/.local/lib/python3.7/site-packages/airflow/example_dags/example_short_circuit_decorator.py took 0.233 seconds
[2024-04-25T01:25:20.461+0000] {processor.py:156} INFO - Started process (PID=13119) to work on /home/airflow/.local/lib/python3.7/site-packages/airflow/example_dags/example_short_circuit_decorator.py
[2024-04-25T01:25:20.461+0000] {processor.py:758} INFO - Processing file /home/airflow/.local/lib/python3.7/site-packages/airflow/example_dags/example_short_circuit_decorator.py for tasks to queue
[2024-04-25T01:25:20.462+0000] {logging_mixin.py:117} INFO - [2024-04-25T01:25:20.462+0000] {dagbag.py:525} INFO - Filling up the DagBag from /home/airflow/.local/lib/python3.7/site-packages/airflow/example_dags/example_short_circuit_decorator.py
[2024-04-25T01:25:20.492+0000] {processor.py:768} INFO - DAG(s) dict_keys(['example_short_circuit_decorator']) retrieved from /home/airflow/.local/lib/python3.7/site-packages/airflow/example_dags/example_short_circuit_decorator.py
[2024-04-25T01:25:20.540+0000] {logging_mixin.py:117} INFO - [2024-04-25T01:25:20.540+0000] {dag.py:2573} INFO - Sync 1 DAGs
[2024-04-25T01:25:20.571+0000] {logging_mixin.py:117} INFO - [2024-04-25T01:25:20.571+0000] {dag.py:3328} INFO - Setting next_dagrun for example_short_circuit_decorator to 2024-04-24T01:25:20.571218+00:00, run_after=2024-04-25T01:25:20.571218+00:00
[2024-04-25T01:25:20.597+0000] {processor.py:178} INFO - Processing /home/airflow/.local/lib/python3.7/site-packages/airflow/example_dags/example_short_circuit_decorator.py took 0.140 seconds
[2024-04-25T01:25:51.043+0000] {processor.py:156} INFO - Started process (PID=13338) to work on /home/airflow/.local/lib/python3.7/site-packages/airflow/example_dags/example_short_circuit_decorator.py
[2024-04-25T01:25:51.050+0000] {processor.py:758} INFO - Processing file /home/airflow/.local/lib/python3.7/site-packages/airflow/example_dags/example_short_circuit_decorator.py for tasks to queue
[2024-04-25T01:25:51.051+0000] {logging_mixin.py:117} INFO - [2024-04-25T01:25:51.051+0000] {dagbag.py:525} INFO - Filling up the DagBag from /home/airflow/.local/lib/python3.7/site-packages/airflow/example_dags/example_short_circuit_decorator.py
[2024-04-25T01:25:51.098+0000] {processor.py:768} INFO - DAG(s) dict_keys(['example_short_circuit_decorator']) retrieved from /home/airflow/.local/lib/python3.7/site-packages/airflow/example_dags/example_short_circuit_decorator.py
[2024-04-25T01:25:51.142+0000] {logging_mixin.py:117} INFO - [2024-04-25T01:25:51.141+0000] {dag.py:2573} INFO - Sync 1 DAGs
[2024-04-25T01:25:51.178+0000] {logging_mixin.py:117} INFO - [2024-04-25T01:25:51.178+0000] {dag.py:3328} INFO - Setting next_dagrun for example_short_circuit_decorator to 2024-04-24T01:25:51.178086+00:00, run_after=2024-04-25T01:25:51.178086+00:00
[2024-04-25T01:25:51.204+0000] {processor.py:178} INFO - Processing /home/airflow/.local/lib/python3.7/site-packages/airflow/example_dags/example_short_circuit_decorator.py took 0.164 seconds
[2024-04-25T01:26:22.368+0000] {processor.py:156} INFO - Started process (PID=13556) to work on /home/airflow/.local/lib/python3.7/site-packages/airflow/example_dags/example_short_circuit_decorator.py
[2024-04-25T01:26:22.370+0000] {processor.py:758} INFO - Processing file /home/airflow/.local/lib/python3.7/site-packages/airflow/example_dags/example_short_circuit_decorator.py for tasks to queue
[2024-04-25T01:26:22.371+0000] {logging_mixin.py:117} INFO - [2024-04-25T01:26:22.371+0000] {dagbag.py:525} INFO - Filling up the DagBag from /home/airflow/.local/lib/python3.7/site-packages/airflow/example_dags/example_short_circuit_decorator.py
[2024-04-25T01:26:22.457+0000] {processor.py:768} INFO - DAG(s) dict_keys(['example_short_circuit_decorator']) retrieved from /home/airflow/.local/lib/python3.7/site-packages/airflow/example_dags/example_short_circuit_decorator.py
[2024-04-25T01:26:22.554+0000] {logging_mixin.py:117} INFO - [2024-04-25T01:26:22.554+0000] {dag.py:2573} INFO - Sync 1 DAGs
[2024-04-25T01:26:22.601+0000] {logging_mixin.py:117} INFO - [2024-04-25T01:26:22.601+0000] {dag.py:3328} INFO - Setting next_dagrun for example_short_circuit_decorator to 2024-04-24T01:26:22.601180+00:00, run_after=2024-04-25T01:26:22.601180+00:00
[2024-04-25T01:26:22.634+0000] {processor.py:178} INFO - Processing /home/airflow/.local/lib/python3.7/site-packages/airflow/example_dags/example_short_circuit_decorator.py took 0.269 seconds
