[2024-04-25T00:54:22.980+0000] {processor.py:156} INFO - Started process (PID=183) to work on /home/airflow/.local/lib/python3.7/site-packages/airflow/example_dags/example_branch_operator.py
[2024-04-25T00:54:22.989+0000] {processor.py:758} INFO - Processing file /home/airflow/.local/lib/python3.7/site-packages/airflow/example_dags/example_branch_operator.py for tasks to queue
[2024-04-25T00:54:22.990+0000] {logging_mixin.py:117} INFO - [2024-04-25T00:54:22.990+0000] {dagbag.py:525} INFO - Filling up the DagBag from /home/airflow/.local/lib/python3.7/site-packages/airflow/example_dags/example_branch_operator.py
[2024-04-25T00:54:23.037+0000] {processor.py:768} INFO - DAG(s) dict_keys(['example_branch_operator']) retrieved from /home/airflow/.local/lib/python3.7/site-packages/airflow/example_dags/example_branch_operator.py
[2024-04-25T00:54:23.139+0000] {logging_mixin.py:117} INFO - [2024-04-25T00:54:23.138+0000] {dag.py:2573} INFO - Sync 1 DAGs
[2024-04-25T00:54:23.200+0000] {logging_mixin.py:117} INFO - [2024-04-25T00:54:23.200+0000] {dag.py:3328} INFO - Setting next_dagrun for example_branch_operator to 2024-04-24T00:00:00+00:00, run_after=2024-04-25T00:00:00+00:00
[2024-04-25T00:54:23.252+0000] {processor.py:178} INFO - Processing /home/airflow/.local/lib/python3.7/site-packages/airflow/example_dags/example_branch_operator.py took 0.275 seconds
[2024-04-25T00:54:53.980+0000] {processor.py:156} INFO - Started process (PID=390) to work on /home/airflow/.local/lib/python3.7/site-packages/airflow/example_dags/example_branch_operator.py
[2024-04-25T00:54:53.981+0000] {processor.py:758} INFO - Processing file /home/airflow/.local/lib/python3.7/site-packages/airflow/example_dags/example_branch_operator.py for tasks to queue
[2024-04-25T00:54:53.982+0000] {logging_mixin.py:117} INFO - [2024-04-25T00:54:53.982+0000] {dagbag.py:525} INFO - Filling up the DagBag from /home/airflow/.local/lib/python3.7/site-packages/airflow/example_dags/example_branch_operator.py
[2024-04-25T00:54:54.007+0000] {processor.py:768} INFO - DAG(s) dict_keys(['example_branch_operator']) retrieved from /home/airflow/.local/lib/python3.7/site-packages/airflow/example_dags/example_branch_operator.py
[2024-04-25T00:54:54.057+0000] {logging_mixin.py:117} INFO - [2024-04-25T00:54:54.057+0000] {dag.py:2573} INFO - Sync 1 DAGs
[2024-04-25T00:54:54.109+0000] {logging_mixin.py:117} INFO - [2024-04-25T00:54:54.109+0000] {dag.py:3328} INFO - Setting next_dagrun for example_branch_operator to 2024-04-24T00:00:00+00:00, run_after=2024-04-25T00:00:00+00:00
[2024-04-25T00:54:54.135+0000] {processor.py:178} INFO - Processing /home/airflow/.local/lib/python3.7/site-packages/airflow/example_dags/example_branch_operator.py took 0.158 seconds
[2024-04-25T00:55:25.053+0000] {processor.py:156} INFO - Started process (PID=609) to work on /home/airflow/.local/lib/python3.7/site-packages/airflow/example_dags/example_branch_operator.py
[2024-04-25T00:55:25.054+0000] {processor.py:758} INFO - Processing file /home/airflow/.local/lib/python3.7/site-packages/airflow/example_dags/example_branch_operator.py for tasks to queue
[2024-04-25T00:55:25.055+0000] {logging_mixin.py:117} INFO - [2024-04-25T00:55:25.055+0000] {dagbag.py:525} INFO - Filling up the DagBag from /home/airflow/.local/lib/python3.7/site-packages/airflow/example_dags/example_branch_operator.py
[2024-04-25T00:55:25.075+0000] {processor.py:768} INFO - DAG(s) dict_keys(['example_branch_operator']) retrieved from /home/airflow/.local/lib/python3.7/site-packages/airflow/example_dags/example_branch_operator.py
[2024-04-25T00:55:25.132+0000] {logging_mixin.py:117} INFO - [2024-04-25T00:55:25.131+0000] {dag.py:2573} INFO - Sync 1 DAGs
[2024-04-25T00:55:25.163+0000] {logging_mixin.py:117} INFO - [2024-04-25T00:55:25.163+0000] {dag.py:3328} INFO - Setting next_dagrun for example_branch_operator to 2024-04-24T00:00:00+00:00, run_after=2024-04-25T00:00:00+00:00
[2024-04-25T00:55:25.188+0000] {processor.py:178} INFO - Processing /home/airflow/.local/lib/python3.7/site-packages/airflow/example_dags/example_branch_operator.py took 0.137 seconds
[2024-04-25T00:55:56.023+0000] {processor.py:156} INFO - Started process (PID=828) to work on /home/airflow/.local/lib/python3.7/site-packages/airflow/example_dags/example_branch_operator.py
[2024-04-25T00:55:56.023+0000] {processor.py:758} INFO - Processing file /home/airflow/.local/lib/python3.7/site-packages/airflow/example_dags/example_branch_operator.py for tasks to queue
[2024-04-25T00:55:56.025+0000] {logging_mixin.py:117} INFO - [2024-04-25T00:55:56.024+0000] {dagbag.py:525} INFO - Filling up the DagBag from /home/airflow/.local/lib/python3.7/site-packages/airflow/example_dags/example_branch_operator.py
[2024-04-25T00:55:56.041+0000] {processor.py:768} INFO - DAG(s) dict_keys(['example_branch_operator']) retrieved from /home/airflow/.local/lib/python3.7/site-packages/airflow/example_dags/example_branch_operator.py
[2024-04-25T00:55:56.075+0000] {logging_mixin.py:117} INFO - [2024-04-25T00:55:56.075+0000] {dag.py:2573} INFO - Sync 1 DAGs
[2024-04-25T00:55:56.097+0000] {logging_mixin.py:117} INFO - [2024-04-25T00:55:56.096+0000] {dag.py:3328} INFO - Setting next_dagrun for example_branch_operator to 2024-04-24T00:00:00+00:00, run_after=2024-04-25T00:00:00+00:00
[2024-04-25T00:55:56.123+0000] {processor.py:178} INFO - Processing /home/airflow/.local/lib/python3.7/site-packages/airflow/example_dags/example_branch_operator.py took 0.103 seconds
[2024-04-25T00:56:26.896+0000] {processor.py:156} INFO - Started process (PID=1036) to work on /home/airflow/.local/lib/python3.7/site-packages/airflow/example_dags/example_branch_operator.py
[2024-04-25T00:56:26.896+0000] {processor.py:758} INFO - Processing file /home/airflow/.local/lib/python3.7/site-packages/airflow/example_dags/example_branch_operator.py for tasks to queue
[2024-04-25T00:56:26.897+0000] {logging_mixin.py:117} INFO - [2024-04-25T00:56:26.897+0000] {dagbag.py:525} INFO - Filling up the DagBag from /home/airflow/.local/lib/python3.7/site-packages/airflow/example_dags/example_branch_operator.py
[2024-04-25T00:56:26.911+0000] {processor.py:768} INFO - DAG(s) dict_keys(['example_branch_operator']) retrieved from /home/airflow/.local/lib/python3.7/site-packages/airflow/example_dags/example_branch_operator.py
[2024-04-25T00:56:26.945+0000] {logging_mixin.py:117} INFO - [2024-04-25T00:56:26.945+0000] {dag.py:2573} INFO - Sync 1 DAGs
[2024-04-25T00:56:26.966+0000] {logging_mixin.py:117} INFO - [2024-04-25T00:56:26.966+0000] {dag.py:3328} INFO - Setting next_dagrun for example_branch_operator to 2024-04-24T00:00:00+00:00, run_after=2024-04-25T00:00:00+00:00
[2024-04-25T00:56:26.988+0000] {processor.py:178} INFO - Processing /home/airflow/.local/lib/python3.7/site-packages/airflow/example_dags/example_branch_operator.py took 0.095 seconds
[2024-04-25T00:56:57.935+0000] {processor.py:156} INFO - Started process (PID=1253) to work on /home/airflow/.local/lib/python3.7/site-packages/airflow/example_dags/example_branch_operator.py
[2024-04-25T00:56:57.935+0000] {processor.py:758} INFO - Processing file /home/airflow/.local/lib/python3.7/site-packages/airflow/example_dags/example_branch_operator.py for tasks to queue
[2024-04-25T00:56:57.936+0000] {logging_mixin.py:117} INFO - [2024-04-25T00:56:57.936+0000] {dagbag.py:525} INFO - Filling up the DagBag from /home/airflow/.local/lib/python3.7/site-packages/airflow/example_dags/example_branch_operator.py
[2024-04-25T00:56:57.957+0000] {processor.py:768} INFO - DAG(s) dict_keys(['example_branch_operator']) retrieved from /home/airflow/.local/lib/python3.7/site-packages/airflow/example_dags/example_branch_operator.py
[2024-04-25T00:56:58.008+0000] {logging_mixin.py:117} INFO - [2024-04-25T00:56:58.008+0000] {dag.py:2573} INFO - Sync 1 DAGs
[2024-04-25T00:56:58.209+0000] {logging_mixin.py:117} INFO - [2024-04-25T00:56:58.209+0000] {dag.py:3328} INFO - Setting next_dagrun for example_branch_operator to 2024-04-24T00:00:00+00:00, run_after=2024-04-25T00:00:00+00:00
[2024-04-25T00:56:58.236+0000] {processor.py:178} INFO - Processing /home/airflow/.local/lib/python3.7/site-packages/airflow/example_dags/example_branch_operator.py took 0.304 seconds
[2024-04-25T00:57:29.009+0000] {processor.py:156} INFO - Started process (PID=1470) to work on /home/airflow/.local/lib/python3.7/site-packages/airflow/example_dags/example_branch_operator.py
[2024-04-25T00:57:29.010+0000] {processor.py:758} INFO - Processing file /home/airflow/.local/lib/python3.7/site-packages/airflow/example_dags/example_branch_operator.py for tasks to queue
[2024-04-25T00:57:29.011+0000] {logging_mixin.py:117} INFO - [2024-04-25T00:57:29.011+0000] {dagbag.py:525} INFO - Filling up the DagBag from /home/airflow/.local/lib/python3.7/site-packages/airflow/example_dags/example_branch_operator.py
[2024-04-25T00:57:29.033+0000] {processor.py:768} INFO - DAG(s) dict_keys(['example_branch_operator']) retrieved from /home/airflow/.local/lib/python3.7/site-packages/airflow/example_dags/example_branch_operator.py
[2024-04-25T00:57:29.082+0000] {logging_mixin.py:117} INFO - [2024-04-25T00:57:29.082+0000] {dag.py:2573} INFO - Sync 1 DAGs
[2024-04-25T00:57:29.318+0000] {logging_mixin.py:117} INFO - [2024-04-25T00:57:29.318+0000] {dag.py:3328} INFO - Setting next_dagrun for example_branch_operator to 2024-04-24T00:00:00+00:00, run_after=2024-04-25T00:00:00+00:00
[2024-04-25T00:57:29.343+0000] {processor.py:178} INFO - Processing /home/airflow/.local/lib/python3.7/site-packages/airflow/example_dags/example_branch_operator.py took 0.337 seconds
[2024-04-25T00:57:59.438+0000] {processor.py:156} INFO - Started process (PID=1678) to work on /home/airflow/.local/lib/python3.7/site-packages/airflow/example_dags/example_branch_operator.py
[2024-04-25T00:57:59.439+0000] {processor.py:758} INFO - Processing file /home/airflow/.local/lib/python3.7/site-packages/airflow/example_dags/example_branch_operator.py for tasks to queue
[2024-04-25T00:57:59.440+0000] {logging_mixin.py:117} INFO - [2024-04-25T00:57:59.440+0000] {dagbag.py:525} INFO - Filling up the DagBag from /home/airflow/.local/lib/python3.7/site-packages/airflow/example_dags/example_branch_operator.py
[2024-04-25T00:57:59.461+0000] {processor.py:768} INFO - DAG(s) dict_keys(['example_branch_operator']) retrieved from /home/airflow/.local/lib/python3.7/site-packages/airflow/example_dags/example_branch_operator.py
[2024-04-25T00:57:59.670+0000] {logging_mixin.py:117} INFO - [2024-04-25T00:57:59.669+0000] {dag.py:2573} INFO - Sync 1 DAGs
[2024-04-25T00:57:59.700+0000] {logging_mixin.py:117} INFO - [2024-04-25T00:57:59.700+0000] {dag.py:3328} INFO - Setting next_dagrun for example_branch_operator to 2024-04-24T00:00:00+00:00, run_after=2024-04-25T00:00:00+00:00
[2024-04-25T00:57:59.728+0000] {processor.py:178} INFO - Processing /home/airflow/.local/lib/python3.7/site-packages/airflow/example_dags/example_branch_operator.py took 0.292 seconds
[2024-04-25T00:58:29.827+0000] {processor.py:156} INFO - Started process (PID=1896) to work on /home/airflow/.local/lib/python3.7/site-packages/airflow/example_dags/example_branch_operator.py
[2024-04-25T00:58:29.827+0000] {processor.py:758} INFO - Processing file /home/airflow/.local/lib/python3.7/site-packages/airflow/example_dags/example_branch_operator.py for tasks to queue
[2024-04-25T00:58:29.828+0000] {logging_mixin.py:117} INFO - [2024-04-25T00:58:29.828+0000] {dagbag.py:525} INFO - Filling up the DagBag from /home/airflow/.local/lib/python3.7/site-packages/airflow/example_dags/example_branch_operator.py
[2024-04-25T00:58:29.843+0000] {processor.py:768} INFO - DAG(s) dict_keys(['example_branch_operator']) retrieved from /home/airflow/.local/lib/python3.7/site-packages/airflow/example_dags/example_branch_operator.py
[2024-04-25T00:58:30.010+0000] {logging_mixin.py:117} INFO - [2024-04-25T00:58:30.010+0000] {dag.py:2573} INFO - Sync 1 DAGs
[2024-04-25T00:58:30.038+0000] {logging_mixin.py:117} INFO - [2024-04-25T00:58:30.038+0000] {dag.py:3328} INFO - Setting next_dagrun for example_branch_operator to 2024-04-24T00:00:00+00:00, run_after=2024-04-25T00:00:00+00:00
[2024-04-25T00:58:30.061+0000] {processor.py:178} INFO - Processing /home/airflow/.local/lib/python3.7/site-packages/airflow/example_dags/example_branch_operator.py took 0.236 seconds
[2024-04-25T00:59:00.389+0000] {processor.py:156} INFO - Started process (PID=2102) to work on /home/airflow/.local/lib/python3.7/site-packages/airflow/example_dags/example_branch_operator.py
[2024-04-25T00:59:00.391+0000] {processor.py:758} INFO - Processing file /home/airflow/.local/lib/python3.7/site-packages/airflow/example_dags/example_branch_operator.py for tasks to queue
[2024-04-25T00:59:00.392+0000] {logging_mixin.py:117} INFO - [2024-04-25T00:59:00.392+0000] {dagbag.py:525} INFO - Filling up the DagBag from /home/airflow/.local/lib/python3.7/site-packages/airflow/example_dags/example_branch_operator.py
[2024-04-25T00:59:00.692+0000] {processor.py:768} INFO - DAG(s) dict_keys(['example_branch_operator']) retrieved from /home/airflow/.local/lib/python3.7/site-packages/airflow/example_dags/example_branch_operator.py
[2024-04-25T00:59:00.763+0000] {logging_mixin.py:117} INFO - [2024-04-25T00:59:00.762+0000] {dag.py:2573} INFO - Sync 1 DAGs
[2024-04-25T00:59:00.844+0000] {logging_mixin.py:117} INFO - [2024-04-25T00:59:00.844+0000] {dag.py:3328} INFO - Setting next_dagrun for example_branch_operator to 2024-04-24T00:00:00+00:00, run_after=2024-04-25T00:00:00+00:00
[2024-04-25T00:59:00.878+0000] {processor.py:178} INFO - Processing /home/airflow/.local/lib/python3.7/site-packages/airflow/example_dags/example_branch_operator.py took 0.492 seconds
[2024-04-25T00:59:31.421+0000] {processor.py:156} INFO - Started process (PID=2323) to work on /home/airflow/.local/lib/python3.7/site-packages/airflow/example_dags/example_branch_operator.py
[2024-04-25T00:59:31.422+0000] {processor.py:758} INFO - Processing file /home/airflow/.local/lib/python3.7/site-packages/airflow/example_dags/example_branch_operator.py for tasks to queue
[2024-04-25T00:59:31.422+0000] {logging_mixin.py:117} INFO - [2024-04-25T00:59:31.422+0000] {dagbag.py:525} INFO - Filling up the DagBag from /home/airflow/.local/lib/python3.7/site-packages/airflow/example_dags/example_branch_operator.py
[2024-04-25T00:59:31.438+0000] {processor.py:768} INFO - DAG(s) dict_keys(['example_branch_operator']) retrieved from /home/airflow/.local/lib/python3.7/site-packages/airflow/example_dags/example_branch_operator.py
[2024-04-25T00:59:31.473+0000] {logging_mixin.py:117} INFO - [2024-04-25T00:59:31.473+0000] {dag.py:2573} INFO - Sync 1 DAGs
[2024-04-25T00:59:31.611+0000] {logging_mixin.py:117} INFO - [2024-04-25T00:59:31.611+0000] {dag.py:3328} INFO - Setting next_dagrun for example_branch_operator to 2024-04-24T00:00:00+00:00, run_after=2024-04-25T00:00:00+00:00
[2024-04-25T00:59:31.631+0000] {processor.py:178} INFO - Processing /home/airflow/.local/lib/python3.7/site-packages/airflow/example_dags/example_branch_operator.py took 0.212 seconds
[2024-04-25T01:00:01.846+0000] {processor.py:156} INFO - Started process (PID=2540) to work on /home/airflow/.local/lib/python3.7/site-packages/airflow/example_dags/example_branch_operator.py
[2024-04-25T01:00:01.847+0000] {processor.py:758} INFO - Processing file /home/airflow/.local/lib/python3.7/site-packages/airflow/example_dags/example_branch_operator.py for tasks to queue
[2024-04-25T01:00:01.847+0000] {logging_mixin.py:117} INFO - [2024-04-25T01:00:01.847+0000] {dagbag.py:525} INFO - Filling up the DagBag from /home/airflow/.local/lib/python3.7/site-packages/airflow/example_dags/example_branch_operator.py
[2024-04-25T01:00:01.862+0000] {processor.py:768} INFO - DAG(s) dict_keys(['example_branch_operator']) retrieved from /home/airflow/.local/lib/python3.7/site-packages/airflow/example_dags/example_branch_operator.py
[2024-04-25T01:00:02.008+0000] {logging_mixin.py:117} INFO - [2024-04-25T01:00:02.008+0000] {dag.py:2573} INFO - Sync 1 DAGs
[2024-04-25T01:00:02.030+0000] {logging_mixin.py:117} INFO - [2024-04-25T01:00:02.030+0000] {dag.py:3328} INFO - Setting next_dagrun for example_branch_operator to 2024-04-24T00:00:00+00:00, run_after=2024-04-25T00:00:00+00:00
[2024-04-25T01:00:02.051+0000] {processor.py:178} INFO - Processing /home/airflow/.local/lib/python3.7/site-packages/airflow/example_dags/example_branch_operator.py took 0.208 seconds
[2024-04-25T01:00:32.939+0000] {processor.py:156} INFO - Started process (PID=2749) to work on /home/airflow/.local/lib/python3.7/site-packages/airflow/example_dags/example_branch_operator.py
[2024-04-25T01:00:32.941+0000] {processor.py:758} INFO - Processing file /home/airflow/.local/lib/python3.7/site-packages/airflow/example_dags/example_branch_operator.py for tasks to queue
[2024-04-25T01:00:32.941+0000] {logging_mixin.py:117} INFO - [2024-04-25T01:00:32.941+0000] {dagbag.py:525} INFO - Filling up the DagBag from /home/airflow/.local/lib/python3.7/site-packages/airflow/example_dags/example_branch_operator.py
[2024-04-25T01:00:32.963+0000] {processor.py:768} INFO - DAG(s) dict_keys(['example_branch_operator']) retrieved from /home/airflow/.local/lib/python3.7/site-packages/airflow/example_dags/example_branch_operator.py
[2024-04-25T01:00:33.218+0000] {logging_mixin.py:117} INFO - [2024-04-25T01:00:33.218+0000] {dag.py:2573} INFO - Sync 1 DAGs
[2024-04-25T01:00:33.249+0000] {logging_mixin.py:117} INFO - [2024-04-25T01:00:33.248+0000] {dag.py:3328} INFO - Setting next_dagrun for example_branch_operator to 2024-04-24T00:00:00+00:00, run_after=2024-04-25T00:00:00+00:00
[2024-04-25T01:00:33.274+0000] {processor.py:178} INFO - Processing /home/airflow/.local/lib/python3.7/site-packages/airflow/example_dags/example_branch_operator.py took 0.338 seconds
[2024-04-25T01:01:03.318+0000] {processor.py:156} INFO - Started process (PID=2967) to work on /home/airflow/.local/lib/python3.7/site-packages/airflow/example_dags/example_branch_operator.py
[2024-04-25T01:01:03.319+0000] {processor.py:758} INFO - Processing file /home/airflow/.local/lib/python3.7/site-packages/airflow/example_dags/example_branch_operator.py for tasks to queue
[2024-04-25T01:01:03.319+0000] {logging_mixin.py:117} INFO - [2024-04-25T01:01:03.319+0000] {dagbag.py:525} INFO - Filling up the DagBag from /home/airflow/.local/lib/python3.7/site-packages/airflow/example_dags/example_branch_operator.py
[2024-04-25T01:01:03.452+0000] {processor.py:768} INFO - DAG(s) dict_keys(['example_branch_operator']) retrieved from /home/airflow/.local/lib/python3.7/site-packages/airflow/example_dags/example_branch_operator.py
[2024-04-25T01:01:03.484+0000] {logging_mixin.py:117} INFO - [2024-04-25T01:01:03.484+0000] {dag.py:2573} INFO - Sync 1 DAGs
[2024-04-25T01:01:03.505+0000] {logging_mixin.py:117} INFO - [2024-04-25T01:01:03.505+0000] {dag.py:3328} INFO - Setting next_dagrun for example_branch_operator to 2024-04-24T00:00:00+00:00, run_after=2024-04-25T00:00:00+00:00
[2024-04-25T01:01:03.525+0000] {processor.py:178} INFO - Processing /home/airflow/.local/lib/python3.7/site-packages/airflow/example_dags/example_branch_operator.py took 0.209 seconds
[2024-04-25T01:01:34.511+0000] {processor.py:156} INFO - Started process (PID=3185) to work on /home/airflow/.local/lib/python3.7/site-packages/airflow/example_dags/example_branch_operator.py
[2024-04-25T01:01:34.512+0000] {processor.py:758} INFO - Processing file /home/airflow/.local/lib/python3.7/site-packages/airflow/example_dags/example_branch_operator.py for tasks to queue
[2024-04-25T01:01:34.513+0000] {logging_mixin.py:117} INFO - [2024-04-25T01:01:34.513+0000] {dagbag.py:525} INFO - Filling up the DagBag from /home/airflow/.local/lib/python3.7/site-packages/airflow/example_dags/example_branch_operator.py
[2024-04-25T01:01:34.535+0000] {processor.py:768} INFO - DAG(s) dict_keys(['example_branch_operator']) retrieved from /home/airflow/.local/lib/python3.7/site-packages/airflow/example_dags/example_branch_operator.py
[2024-04-25T01:01:34.584+0000] {logging_mixin.py:117} INFO - [2024-04-25T01:01:34.584+0000] {dag.py:2573} INFO - Sync 1 DAGs
[2024-04-25T01:01:34.756+0000] {logging_mixin.py:117} INFO - [2024-04-25T01:01:34.755+0000] {dag.py:3328} INFO - Setting next_dagrun for example_branch_operator to 2024-04-24T00:00:00+00:00, run_after=2024-04-25T00:00:00+00:00
[2024-04-25T01:01:34.779+0000] {processor.py:178} INFO - Processing /home/airflow/.local/lib/python3.7/site-packages/airflow/example_dags/example_branch_operator.py took 0.270 seconds
[2024-04-25T01:02:05.730+0000] {processor.py:156} INFO - Started process (PID=3392) to work on /home/airflow/.local/lib/python3.7/site-packages/airflow/example_dags/example_branch_operator.py
[2024-04-25T01:02:05.731+0000] {processor.py:758} INFO - Processing file /home/airflow/.local/lib/python3.7/site-packages/airflow/example_dags/example_branch_operator.py for tasks to queue
[2024-04-25T01:02:05.731+0000] {logging_mixin.py:117} INFO - [2024-04-25T01:02:05.731+0000] {dagbag.py:525} INFO - Filling up the DagBag from /home/airflow/.local/lib/python3.7/site-packages/airflow/example_dags/example_branch_operator.py
[2024-04-25T01:02:05.751+0000] {processor.py:768} INFO - DAG(s) dict_keys(['example_branch_operator']) retrieved from /home/airflow/.local/lib/python3.7/site-packages/airflow/example_dags/example_branch_operator.py
[2024-04-25T01:02:05.947+0000] {logging_mixin.py:117} INFO - [2024-04-25T01:02:05.947+0000] {dag.py:2573} INFO - Sync 1 DAGs
[2024-04-25T01:02:05.974+0000] {logging_mixin.py:117} INFO - [2024-04-25T01:02:05.974+0000] {dag.py:3328} INFO - Setting next_dagrun for example_branch_operator to 2024-04-24T00:00:00+00:00, run_after=2024-04-25T00:00:00+00:00
[2024-04-25T01:02:05.998+0000] {processor.py:178} INFO - Processing /home/airflow/.local/lib/python3.7/site-packages/airflow/example_dags/example_branch_operator.py took 0.271 seconds
[2024-04-25T01:02:36.172+0000] {processor.py:156} INFO - Started process (PID=3611) to work on /home/airflow/.local/lib/python3.7/site-packages/airflow/example_dags/example_branch_operator.py
[2024-04-25T01:02:36.173+0000] {processor.py:758} INFO - Processing file /home/airflow/.local/lib/python3.7/site-packages/airflow/example_dags/example_branch_operator.py for tasks to queue
[2024-04-25T01:02:36.174+0000] {logging_mixin.py:117} INFO - [2024-04-25T01:02:36.174+0000] {dagbag.py:525} INFO - Filling up the DagBag from /home/airflow/.local/lib/python3.7/site-packages/airflow/example_dags/example_branch_operator.py
[2024-04-25T01:02:36.196+0000] {processor.py:768} INFO - DAG(s) dict_keys(['example_branch_operator']) retrieved from /home/airflow/.local/lib/python3.7/site-packages/airflow/example_dags/example_branch_operator.py
[2024-04-25T01:02:36.420+0000] {logging_mixin.py:117} INFO - [2024-04-25T01:02:36.420+0000] {dag.py:2573} INFO - Sync 1 DAGs
[2024-04-25T01:02:36.453+0000] {logging_mixin.py:117} INFO - [2024-04-25T01:02:36.452+0000] {dag.py:3328} INFO - Setting next_dagrun for example_branch_operator to 2024-04-24T00:00:00+00:00, run_after=2024-04-25T00:00:00+00:00
[2024-04-25T01:02:36.477+0000] {processor.py:178} INFO - Processing /home/airflow/.local/lib/python3.7/site-packages/airflow/example_dags/example_branch_operator.py took 0.308 seconds
[2024-04-25T01:03:06.813+0000] {processor.py:156} INFO - Started process (PID=3828) to work on /home/airflow/.local/lib/python3.7/site-packages/airflow/example_dags/example_branch_operator.py
[2024-04-25T01:03:06.818+0000] {processor.py:758} INFO - Processing file /home/airflow/.local/lib/python3.7/site-packages/airflow/example_dags/example_branch_operator.py for tasks to queue
[2024-04-25T01:03:06.822+0000] {logging_mixin.py:117} INFO - [2024-04-25T01:03:06.821+0000] {dagbag.py:525} INFO - Filling up the DagBag from /home/airflow/.local/lib/python3.7/site-packages/airflow/example_dags/example_branch_operator.py
[2024-04-25T01:03:07.206+0000] {processor.py:768} INFO - DAG(s) dict_keys(['example_branch_operator']) retrieved from /home/airflow/.local/lib/python3.7/site-packages/airflow/example_dags/example_branch_operator.py
[2024-04-25T01:03:07.252+0000] {logging_mixin.py:117} INFO - [2024-04-25T01:03:07.252+0000] {dag.py:2573} INFO - Sync 1 DAGs
[2024-04-25T01:03:07.280+0000] {logging_mixin.py:117} INFO - [2024-04-25T01:03:07.280+0000] {dag.py:3328} INFO - Setting next_dagrun for example_branch_operator to 2024-04-24T00:00:00+00:00, run_after=2024-04-25T00:00:00+00:00
[2024-04-25T01:03:07.328+0000] {processor.py:178} INFO - Processing /home/airflow/.local/lib/python3.7/site-packages/airflow/example_dags/example_branch_operator.py took 0.529 seconds
[2024-04-25T01:03:37.550+0000] {processor.py:156} INFO - Started process (PID=4041) to work on /home/airflow/.local/lib/python3.7/site-packages/airflow/example_dags/example_branch_operator.py
[2024-04-25T01:03:37.551+0000] {processor.py:758} INFO - Processing file /home/airflow/.local/lib/python3.7/site-packages/airflow/example_dags/example_branch_operator.py for tasks to queue
[2024-04-25T01:03:37.552+0000] {logging_mixin.py:117} INFO - [2024-04-25T01:03:37.552+0000] {dagbag.py:525} INFO - Filling up the DagBag from /home/airflow/.local/lib/python3.7/site-packages/airflow/example_dags/example_branch_operator.py
[2024-04-25T01:03:37.573+0000] {processor.py:768} INFO - DAG(s) dict_keys(['example_branch_operator']) retrieved from /home/airflow/.local/lib/python3.7/site-packages/airflow/example_dags/example_branch_operator.py
[2024-04-25T01:03:37.616+0000] {logging_mixin.py:117} INFO - [2024-04-25T01:03:37.616+0000] {dag.py:2573} INFO - Sync 1 DAGs
[2024-04-25T01:03:37.654+0000] {logging_mixin.py:117} INFO - [2024-04-25T01:03:37.654+0000] {dag.py:3328} INFO - Setting next_dagrun for example_branch_operator to 2024-04-24T00:00:00+00:00, run_after=2024-04-25T00:00:00+00:00
[2024-04-25T01:03:37.680+0000] {processor.py:178} INFO - Processing /home/airflow/.local/lib/python3.7/site-packages/airflow/example_dags/example_branch_operator.py took 0.283 seconds
[2024-04-25T01:04:08.446+0000] {processor.py:156} INFO - Started process (PID=4253) to work on /home/airflow/.local/lib/python3.7/site-packages/airflow/example_dags/example_branch_operator.py
[2024-04-25T01:04:08.447+0000] {processor.py:758} INFO - Processing file /home/airflow/.local/lib/python3.7/site-packages/airflow/example_dags/example_branch_operator.py for tasks to queue
[2024-04-25T01:04:08.458+0000] {logging_mixin.py:117} INFO - [2024-04-25T01:04:08.457+0000] {dagbag.py:525} INFO - Filling up the DagBag from /home/airflow/.local/lib/python3.7/site-packages/airflow/example_dags/example_branch_operator.py
[2024-04-25T01:04:08.480+0000] {processor.py:768} INFO - DAG(s) dict_keys(['example_branch_operator']) retrieved from /home/airflow/.local/lib/python3.7/site-packages/airflow/example_dags/example_branch_operator.py
[2024-04-25T01:04:08.562+0000] {logging_mixin.py:117} INFO - [2024-04-25T01:04:08.561+0000] {dag.py:2573} INFO - Sync 1 DAGs
[2024-04-25T01:04:08.612+0000] {logging_mixin.py:117} INFO - [2024-04-25T01:04:08.612+0000] {dag.py:3328} INFO - Setting next_dagrun for example_branch_operator to 2024-04-24T00:00:00+00:00, run_after=2024-04-25T00:00:00+00:00
[2024-04-25T01:04:08.654+0000] {processor.py:178} INFO - Processing /home/airflow/.local/lib/python3.7/site-packages/airflow/example_dags/example_branch_operator.py took 0.216 seconds
[2024-04-25T01:04:38.737+0000] {processor.py:156} INFO - Started process (PID=4474) to work on /home/airflow/.local/lib/python3.7/site-packages/airflow/example_dags/example_branch_operator.py
[2024-04-25T01:04:38.738+0000] {processor.py:758} INFO - Processing file /home/airflow/.local/lib/python3.7/site-packages/airflow/example_dags/example_branch_operator.py for tasks to queue
[2024-04-25T01:04:38.739+0000] {logging_mixin.py:117} INFO - [2024-04-25T01:04:38.739+0000] {dagbag.py:525} INFO - Filling up the DagBag from /home/airflow/.local/lib/python3.7/site-packages/airflow/example_dags/example_branch_operator.py
[2024-04-25T01:04:38.756+0000] {processor.py:768} INFO - DAG(s) dict_keys(['example_branch_operator']) retrieved from /home/airflow/.local/lib/python3.7/site-packages/airflow/example_dags/example_branch_operator.py
[2024-04-25T01:04:38.790+0000] {logging_mixin.py:117} INFO - [2024-04-25T01:04:38.790+0000] {dag.py:2573} INFO - Sync 1 DAGs
[2024-04-25T01:04:38.811+0000] {logging_mixin.py:117} INFO - [2024-04-25T01:04:38.811+0000] {dag.py:3328} INFO - Setting next_dagrun for example_branch_operator to 2024-04-24T00:00:00+00:00, run_after=2024-04-25T00:00:00+00:00
[2024-04-25T01:04:38.831+0000] {processor.py:178} INFO - Processing /home/airflow/.local/lib/python3.7/site-packages/airflow/example_dags/example_branch_operator.py took 0.097 seconds
[2024-04-25T01:05:09.326+0000] {processor.py:156} INFO - Started process (PID=4683) to work on /home/airflow/.local/lib/python3.7/site-packages/airflow/example_dags/example_branch_operator.py
[2024-04-25T01:05:09.327+0000] {processor.py:758} INFO - Processing file /home/airflow/.local/lib/python3.7/site-packages/airflow/example_dags/example_branch_operator.py for tasks to queue
[2024-04-25T01:05:09.328+0000] {logging_mixin.py:117} INFO - [2024-04-25T01:05:09.328+0000] {dagbag.py:525} INFO - Filling up the DagBag from /home/airflow/.local/lib/python3.7/site-packages/airflow/example_dags/example_branch_operator.py
[2024-04-25T01:05:09.350+0000] {processor.py:768} INFO - DAG(s) dict_keys(['example_branch_operator']) retrieved from /home/airflow/.local/lib/python3.7/site-packages/airflow/example_dags/example_branch_operator.py
[2024-04-25T01:05:09.398+0000] {logging_mixin.py:117} INFO - [2024-04-25T01:05:09.397+0000] {dag.py:2573} INFO - Sync 1 DAGs
[2024-04-25T01:05:09.431+0000] {logging_mixin.py:117} INFO - [2024-04-25T01:05:09.431+0000] {dag.py:3328} INFO - Setting next_dagrun for example_branch_operator to 2024-04-24T00:00:00+00:00, run_after=2024-04-25T00:00:00+00:00
[2024-04-25T01:05:09.456+0000] {processor.py:178} INFO - Processing /home/airflow/.local/lib/python3.7/site-packages/airflow/example_dags/example_branch_operator.py took 0.133 seconds
[2024-04-25T01:05:39.960+0000] {processor.py:156} INFO - Started process (PID=4901) to work on /home/airflow/.local/lib/python3.7/site-packages/airflow/example_dags/example_branch_operator.py
[2024-04-25T01:05:39.960+0000] {processor.py:758} INFO - Processing file /home/airflow/.local/lib/python3.7/site-packages/airflow/example_dags/example_branch_operator.py for tasks to queue
[2024-04-25T01:05:39.961+0000] {logging_mixin.py:117} INFO - [2024-04-25T01:05:39.961+0000] {dagbag.py:525} INFO - Filling up the DagBag from /home/airflow/.local/lib/python3.7/site-packages/airflow/example_dags/example_branch_operator.py
[2024-04-25T01:05:39.976+0000] {processor.py:768} INFO - DAG(s) dict_keys(['example_branch_operator']) retrieved from /home/airflow/.local/lib/python3.7/site-packages/airflow/example_dags/example_branch_operator.py
[2024-04-25T01:05:40.010+0000] {logging_mixin.py:117} INFO - [2024-04-25T01:05:40.010+0000] {dag.py:2573} INFO - Sync 1 DAGs
[2024-04-25T01:05:40.037+0000] {logging_mixin.py:117} INFO - [2024-04-25T01:05:40.035+0000] {dag.py:3328} INFO - Setting next_dagrun for example_branch_operator to 2024-04-24T00:00:00+00:00, run_after=2024-04-25T00:00:00+00:00
[2024-04-25T01:05:40.061+0000] {processor.py:178} INFO - Processing /home/airflow/.local/lib/python3.7/site-packages/airflow/example_dags/example_branch_operator.py took 0.104 seconds
[2024-04-25T01:06:10.609+0000] {processor.py:156} INFO - Started process (PID=5116) to work on /home/airflow/.local/lib/python3.7/site-packages/airflow/example_dags/example_branch_operator.py
[2024-04-25T01:06:10.610+0000] {processor.py:758} INFO - Processing file /home/airflow/.local/lib/python3.7/site-packages/airflow/example_dags/example_branch_operator.py for tasks to queue
[2024-04-25T01:06:10.611+0000] {logging_mixin.py:117} INFO - [2024-04-25T01:06:10.611+0000] {dagbag.py:525} INFO - Filling up the DagBag from /home/airflow/.local/lib/python3.7/site-packages/airflow/example_dags/example_branch_operator.py
[2024-04-25T01:06:10.663+0000] {processor.py:768} INFO - DAG(s) dict_keys(['example_branch_operator']) retrieved from /home/airflow/.local/lib/python3.7/site-packages/airflow/example_dags/example_branch_operator.py
[2024-04-25T01:06:10.810+0000] {logging_mixin.py:117} INFO - [2024-04-25T01:06:10.809+0000] {dag.py:2573} INFO - Sync 1 DAGs
[2024-04-25T01:06:10.880+0000] {logging_mixin.py:117} INFO - [2024-04-25T01:06:10.880+0000] {dag.py:3328} INFO - Setting next_dagrun for example_branch_operator to 2024-04-24T00:00:00+00:00, run_after=2024-04-25T00:00:00+00:00
[2024-04-25T01:06:11.009+0000] {processor.py:178} INFO - Processing /home/airflow/.local/lib/python3.7/site-packages/airflow/example_dags/example_branch_operator.py took 0.403 seconds
[2024-04-25T01:06:41.586+0000] {processor.py:156} INFO - Started process (PID=5326) to work on /home/airflow/.local/lib/python3.7/site-packages/airflow/example_dags/example_branch_operator.py
[2024-04-25T01:06:41.587+0000] {processor.py:758} INFO - Processing file /home/airflow/.local/lib/python3.7/site-packages/airflow/example_dags/example_branch_operator.py for tasks to queue
[2024-04-25T01:06:41.587+0000] {logging_mixin.py:117} INFO - [2024-04-25T01:06:41.587+0000] {dagbag.py:525} INFO - Filling up the DagBag from /home/airflow/.local/lib/python3.7/site-packages/airflow/example_dags/example_branch_operator.py
[2024-04-25T01:06:41.603+0000] {processor.py:768} INFO - DAG(s) dict_keys(['example_branch_operator']) retrieved from /home/airflow/.local/lib/python3.7/site-packages/airflow/example_dags/example_branch_operator.py
[2024-04-25T01:06:41.636+0000] {logging_mixin.py:117} INFO - [2024-04-25T01:06:41.636+0000] {dag.py:2573} INFO - Sync 1 DAGs
[2024-04-25T01:06:41.656+0000] {logging_mixin.py:117} INFO - [2024-04-25T01:06:41.656+0000] {dag.py:3328} INFO - Setting next_dagrun for example_branch_operator to 2024-04-24T00:00:00+00:00, run_after=2024-04-25T00:00:00+00:00
[2024-04-25T01:06:41.677+0000] {processor.py:178} INFO - Processing /home/airflow/.local/lib/python3.7/site-packages/airflow/example_dags/example_branch_operator.py took 0.094 seconds
[2024-04-25T01:07:12.482+0000] {processor.py:156} INFO - Started process (PID=5544) to work on /home/airflow/.local/lib/python3.7/site-packages/airflow/example_dags/example_branch_operator.py
[2024-04-25T01:07:12.483+0000] {processor.py:758} INFO - Processing file /home/airflow/.local/lib/python3.7/site-packages/airflow/example_dags/example_branch_operator.py for tasks to queue
[2024-04-25T01:07:12.484+0000] {logging_mixin.py:117} INFO - [2024-04-25T01:07:12.483+0000] {dagbag.py:525} INFO - Filling up the DagBag from /home/airflow/.local/lib/python3.7/site-packages/airflow/example_dags/example_branch_operator.py
[2024-04-25T01:07:12.508+0000] {processor.py:768} INFO - DAG(s) dict_keys(['example_branch_operator']) retrieved from /home/airflow/.local/lib/python3.7/site-packages/airflow/example_dags/example_branch_operator.py
[2024-04-25T01:07:12.543+0000] {logging_mixin.py:117} INFO - [2024-04-25T01:07:12.543+0000] {dag.py:2573} INFO - Sync 1 DAGs
[2024-04-25T01:07:12.566+0000] {logging_mixin.py:117} INFO - [2024-04-25T01:07:12.566+0000] {dag.py:3328} INFO - Setting next_dagrun for example_branch_operator to 2024-04-24T00:00:00+00:00, run_after=2024-04-25T00:00:00+00:00
[2024-04-25T01:07:12.587+0000] {processor.py:178} INFO - Processing /home/airflow/.local/lib/python3.7/site-packages/airflow/example_dags/example_branch_operator.py took 0.109 seconds
[2024-04-25T01:07:43.389+0000] {processor.py:156} INFO - Started process (PID=5764) to work on /home/airflow/.local/lib/python3.7/site-packages/airflow/example_dags/example_branch_operator.py
[2024-04-25T01:07:43.390+0000] {processor.py:758} INFO - Processing file /home/airflow/.local/lib/python3.7/site-packages/airflow/example_dags/example_branch_operator.py for tasks to queue
[2024-04-25T01:07:43.390+0000] {logging_mixin.py:117} INFO - [2024-04-25T01:07:43.390+0000] {dagbag.py:525} INFO - Filling up the DagBag from /home/airflow/.local/lib/python3.7/site-packages/airflow/example_dags/example_branch_operator.py
[2024-04-25T01:07:43.406+0000] {processor.py:768} INFO - DAG(s) dict_keys(['example_branch_operator']) retrieved from /home/airflow/.local/lib/python3.7/site-packages/airflow/example_dags/example_branch_operator.py
[2024-04-25T01:07:43.439+0000] {logging_mixin.py:117} INFO - [2024-04-25T01:07:43.439+0000] {dag.py:2573} INFO - Sync 1 DAGs
[2024-04-25T01:07:43.460+0000] {logging_mixin.py:117} INFO - [2024-04-25T01:07:43.460+0000] {dag.py:3328} INFO - Setting next_dagrun for example_branch_operator to 2024-04-24T00:00:00+00:00, run_after=2024-04-25T00:00:00+00:00
[2024-04-25T01:07:43.482+0000] {processor.py:178} INFO - Processing /home/airflow/.local/lib/python3.7/site-packages/airflow/example_dags/example_branch_operator.py took 0.095 seconds
[2024-04-25T01:08:13.938+0000] {processor.py:156} INFO - Started process (PID=5974) to work on /home/airflow/.local/lib/python3.7/site-packages/airflow/example_dags/example_branch_operator.py
[2024-04-25T01:08:13.938+0000] {processor.py:758} INFO - Processing file /home/airflow/.local/lib/python3.7/site-packages/airflow/example_dags/example_branch_operator.py for tasks to queue
[2024-04-25T01:08:13.939+0000] {logging_mixin.py:117} INFO - [2024-04-25T01:08:13.939+0000] {dagbag.py:525} INFO - Filling up the DagBag from /home/airflow/.local/lib/python3.7/site-packages/airflow/example_dags/example_branch_operator.py
[2024-04-25T01:08:13.962+0000] {processor.py:768} INFO - DAG(s) dict_keys(['example_branch_operator']) retrieved from /home/airflow/.local/lib/python3.7/site-packages/airflow/example_dags/example_branch_operator.py
[2024-04-25T01:08:14.011+0000] {logging_mixin.py:117} INFO - [2024-04-25T01:08:14.011+0000] {dag.py:2573} INFO - Sync 1 DAGs
[2024-04-25T01:08:14.044+0000] {logging_mixin.py:117} INFO - [2024-04-25T01:08:14.044+0000] {dag.py:3328} INFO - Setting next_dagrun for example_branch_operator to 2024-04-24T00:00:00+00:00, run_after=2024-04-25T00:00:00+00:00
[2024-04-25T01:08:14.067+0000] {processor.py:178} INFO - Processing /home/airflow/.local/lib/python3.7/site-packages/airflow/example_dags/example_branch_operator.py took 0.133 seconds
[2024-04-25T01:08:44.128+0000] {processor.py:156} INFO - Started process (PID=6193) to work on /home/airflow/.local/lib/python3.7/site-packages/airflow/example_dags/example_branch_operator.py
[2024-04-25T01:08:44.129+0000] {processor.py:758} INFO - Processing file /home/airflow/.local/lib/python3.7/site-packages/airflow/example_dags/example_branch_operator.py for tasks to queue
[2024-04-25T01:08:44.129+0000] {logging_mixin.py:117} INFO - [2024-04-25T01:08:44.129+0000] {dagbag.py:525} INFO - Filling up the DagBag from /home/airflow/.local/lib/python3.7/site-packages/airflow/example_dags/example_branch_operator.py
[2024-04-25T01:08:44.144+0000] {processor.py:768} INFO - DAG(s) dict_keys(['example_branch_operator']) retrieved from /home/airflow/.local/lib/python3.7/site-packages/airflow/example_dags/example_branch_operator.py
[2024-04-25T01:08:44.187+0000] {logging_mixin.py:117} INFO - [2024-04-25T01:08:44.187+0000] {dag.py:2573} INFO - Sync 1 DAGs
[2024-04-25T01:08:44.214+0000] {logging_mixin.py:117} INFO - [2024-04-25T01:08:44.214+0000] {dag.py:3328} INFO - Setting next_dagrun for example_branch_operator to 2024-04-24T00:00:00+00:00, run_after=2024-04-25T00:00:00+00:00
[2024-04-25T01:08:44.253+0000] {processor.py:178} INFO - Processing /home/airflow/.local/lib/python3.7/site-packages/airflow/example_dags/example_branch_operator.py took 0.127 seconds
[2024-04-25T01:09:15.191+0000] {processor.py:156} INFO - Started process (PID=6408) to work on /home/airflow/.local/lib/python3.7/site-packages/airflow/example_dags/example_branch_operator.py
[2024-04-25T01:09:15.191+0000] {processor.py:758} INFO - Processing file /home/airflow/.local/lib/python3.7/site-packages/airflow/example_dags/example_branch_operator.py for tasks to queue
[2024-04-25T01:09:15.192+0000] {logging_mixin.py:117} INFO - [2024-04-25T01:09:15.192+0000] {dagbag.py:525} INFO - Filling up the DagBag from /home/airflow/.local/lib/python3.7/site-packages/airflow/example_dags/example_branch_operator.py
[2024-04-25T01:09:15.214+0000] {processor.py:768} INFO - DAG(s) dict_keys(['example_branch_operator']) retrieved from /home/airflow/.local/lib/python3.7/site-packages/airflow/example_dags/example_branch_operator.py
[2024-04-25T01:09:15.264+0000] {logging_mixin.py:117} INFO - [2024-04-25T01:09:15.264+0000] {dag.py:2573} INFO - Sync 1 DAGs
[2024-04-25T01:09:15.305+0000] {logging_mixin.py:117} INFO - [2024-04-25T01:09:15.305+0000] {dag.py:3328} INFO - Setting next_dagrun for example_branch_operator to 2024-04-24T00:00:00+00:00, run_after=2024-04-25T00:00:00+00:00
[2024-04-25T01:09:15.332+0000] {processor.py:178} INFO - Processing /home/airflow/.local/lib/python3.7/site-packages/airflow/example_dags/example_branch_operator.py took 0.144 seconds
[2024-04-25T01:09:45.489+0000] {processor.py:156} INFO - Started process (PID=6619) to work on /home/airflow/.local/lib/python3.7/site-packages/airflow/example_dags/example_branch_operator.py
[2024-04-25T01:09:45.489+0000] {processor.py:758} INFO - Processing file /home/airflow/.local/lib/python3.7/site-packages/airflow/example_dags/example_branch_operator.py for tasks to queue
[2024-04-25T01:09:45.490+0000] {logging_mixin.py:117} INFO - [2024-04-25T01:09:45.490+0000] {dagbag.py:525} INFO - Filling up the DagBag from /home/airflow/.local/lib/python3.7/site-packages/airflow/example_dags/example_branch_operator.py
[2024-04-25T01:09:45.506+0000] {processor.py:768} INFO - DAG(s) dict_keys(['example_branch_operator']) retrieved from /home/airflow/.local/lib/python3.7/site-packages/airflow/example_dags/example_branch_operator.py
[2024-04-25T01:09:45.540+0000] {logging_mixin.py:117} INFO - [2024-04-25T01:09:45.540+0000] {dag.py:2573} INFO - Sync 1 DAGs
[2024-04-25T01:09:45.563+0000] {logging_mixin.py:117} INFO - [2024-04-25T01:09:45.562+0000] {dag.py:3328} INFO - Setting next_dagrun for example_branch_operator to 2024-04-24T00:00:00+00:00, run_after=2024-04-25T00:00:00+00:00
[2024-04-25T01:09:45.583+0000] {processor.py:178} INFO - Processing /home/airflow/.local/lib/python3.7/site-packages/airflow/example_dags/example_branch_operator.py took 0.097 seconds
[2024-04-25T01:10:15.742+0000] {processor.py:156} INFO - Started process (PID=6839) to work on /home/airflow/.local/lib/python3.7/site-packages/airflow/example_dags/example_branch_operator.py
[2024-04-25T01:10:15.743+0000] {processor.py:758} INFO - Processing file /home/airflow/.local/lib/python3.7/site-packages/airflow/example_dags/example_branch_operator.py for tasks to queue
[2024-04-25T01:10:15.743+0000] {logging_mixin.py:117} INFO - [2024-04-25T01:10:15.743+0000] {dagbag.py:525} INFO - Filling up the DagBag from /home/airflow/.local/lib/python3.7/site-packages/airflow/example_dags/example_branch_operator.py
[2024-04-25T01:10:15.759+0000] {processor.py:768} INFO - DAG(s) dict_keys(['example_branch_operator']) retrieved from /home/airflow/.local/lib/python3.7/site-packages/airflow/example_dags/example_branch_operator.py
[2024-04-25T01:10:15.792+0000] {logging_mixin.py:117} INFO - [2024-04-25T01:10:15.792+0000] {dag.py:2573} INFO - Sync 1 DAGs
[2024-04-25T01:10:15.814+0000] {logging_mixin.py:117} INFO - [2024-04-25T01:10:15.813+0000] {dag.py:3328} INFO - Setting next_dagrun for example_branch_operator to 2024-04-24T00:00:00+00:00, run_after=2024-04-25T00:00:00+00:00
[2024-04-25T01:10:15.834+0000] {processor.py:178} INFO - Processing /home/airflow/.local/lib/python3.7/site-packages/airflow/example_dags/example_branch_operator.py took 0.094 seconds
[2024-04-25T01:10:45.887+0000] {processor.py:156} INFO - Started process (PID=7045) to work on /home/airflow/.local/lib/python3.7/site-packages/airflow/example_dags/example_branch_operator.py
[2024-04-25T01:10:45.890+0000] {processor.py:758} INFO - Processing file /home/airflow/.local/lib/python3.7/site-packages/airflow/example_dags/example_branch_operator.py for tasks to queue
[2024-04-25T01:10:45.891+0000] {logging_mixin.py:117} INFO - [2024-04-25T01:10:45.891+0000] {dagbag.py:525} INFO - Filling up the DagBag from /home/airflow/.local/lib/python3.7/site-packages/airflow/example_dags/example_branch_operator.py
[2024-04-25T01:10:45.931+0000] {processor.py:768} INFO - DAG(s) dict_keys(['example_branch_operator']) retrieved from /home/airflow/.local/lib/python3.7/site-packages/airflow/example_dags/example_branch_operator.py
[2024-04-25T01:10:46.058+0000] {logging_mixin.py:117} INFO - [2024-04-25T01:10:46.057+0000] {dag.py:2573} INFO - Sync 1 DAGs
[2024-04-25T01:10:46.112+0000] {logging_mixin.py:117} INFO - [2024-04-25T01:10:46.112+0000] {dag.py:3328} INFO - Setting next_dagrun for example_branch_operator to 2024-04-24T00:00:00+00:00, run_after=2024-04-25T00:00:00+00:00
[2024-04-25T01:10:46.139+0000] {processor.py:178} INFO - Processing /home/airflow/.local/lib/python3.7/site-packages/airflow/example_dags/example_branch_operator.py took 0.254 seconds
[2024-04-25T01:11:16.826+0000] {processor.py:156} INFO - Started process (PID=7270) to work on /home/airflow/.local/lib/python3.7/site-packages/airflow/example_dags/example_branch_operator.py
[2024-04-25T01:11:16.827+0000] {processor.py:758} INFO - Processing file /home/airflow/.local/lib/python3.7/site-packages/airflow/example_dags/example_branch_operator.py for tasks to queue
[2024-04-25T01:11:16.828+0000] {logging_mixin.py:117} INFO - [2024-04-25T01:11:16.828+0000] {dagbag.py:525} INFO - Filling up the DagBag from /home/airflow/.local/lib/python3.7/site-packages/airflow/example_dags/example_branch_operator.py
[2024-04-25T01:11:16.850+0000] {processor.py:768} INFO - DAG(s) dict_keys(['example_branch_operator']) retrieved from /home/airflow/.local/lib/python3.7/site-packages/airflow/example_dags/example_branch_operator.py
[2024-04-25T01:11:16.899+0000] {logging_mixin.py:117} INFO - [2024-04-25T01:11:16.899+0000] {dag.py:2573} INFO - Sync 1 DAGs
[2024-04-25T01:11:16.957+0000] {logging_mixin.py:117} INFO - [2024-04-25T01:11:16.956+0000] {dag.py:3328} INFO - Setting next_dagrun for example_branch_operator to 2024-04-24T00:00:00+00:00, run_after=2024-04-25T00:00:00+00:00
[2024-04-25T01:11:16.990+0000] {processor.py:178} INFO - Processing /home/airflow/.local/lib/python3.7/site-packages/airflow/example_dags/example_branch_operator.py took 0.168 seconds
[2024-04-25T01:11:47.132+0000] {processor.py:156} INFO - Started process (PID=7489) to work on /home/airflow/.local/lib/python3.7/site-packages/airflow/example_dags/example_branch_operator.py
[2024-04-25T01:11:47.133+0000] {processor.py:758} INFO - Processing file /home/airflow/.local/lib/python3.7/site-packages/airflow/example_dags/example_branch_operator.py for tasks to queue
[2024-04-25T01:11:47.134+0000] {logging_mixin.py:117} INFO - [2024-04-25T01:11:47.134+0000] {dagbag.py:525} INFO - Filling up the DagBag from /home/airflow/.local/lib/python3.7/site-packages/airflow/example_dags/example_branch_operator.py
[2024-04-25T01:11:47.156+0000] {processor.py:768} INFO - DAG(s) dict_keys(['example_branch_operator']) retrieved from /home/airflow/.local/lib/python3.7/site-packages/airflow/example_dags/example_branch_operator.py
[2024-04-25T01:11:47.210+0000] {logging_mixin.py:117} INFO - [2024-04-25T01:11:47.208+0000] {dag.py:2573} INFO - Sync 1 DAGs
[2024-04-25T01:11:47.248+0000] {logging_mixin.py:117} INFO - [2024-04-25T01:11:47.248+0000] {dag.py:3328} INFO - Setting next_dagrun for example_branch_operator to 2024-04-24T00:00:00+00:00, run_after=2024-04-25T00:00:00+00:00
[2024-04-25T01:11:47.278+0000] {processor.py:178} INFO - Processing /home/airflow/.local/lib/python3.7/site-packages/airflow/example_dags/example_branch_operator.py took 0.150 seconds
[2024-04-25T01:12:17.447+0000] {processor.py:156} INFO - Started process (PID=7698) to work on /home/airflow/.local/lib/python3.7/site-packages/airflow/example_dags/example_branch_operator.py
[2024-04-25T01:12:17.447+0000] {processor.py:758} INFO - Processing file /home/airflow/.local/lib/python3.7/site-packages/airflow/example_dags/example_branch_operator.py for tasks to queue
[2024-04-25T01:12:17.448+0000] {logging_mixin.py:117} INFO - [2024-04-25T01:12:17.448+0000] {dagbag.py:525} INFO - Filling up the DagBag from /home/airflow/.local/lib/python3.7/site-packages/airflow/example_dags/example_branch_operator.py
[2024-04-25T01:12:17.466+0000] {processor.py:768} INFO - DAG(s) dict_keys(['example_branch_operator']) retrieved from /home/airflow/.local/lib/python3.7/site-packages/airflow/example_dags/example_branch_operator.py
[2024-04-25T01:12:17.500+0000] {logging_mixin.py:117} INFO - [2024-04-25T01:12:17.500+0000] {dag.py:2573} INFO - Sync 1 DAGs
[2024-04-25T01:12:17.521+0000] {logging_mixin.py:117} INFO - [2024-04-25T01:12:17.520+0000] {dag.py:3328} INFO - Setting next_dagrun for example_branch_operator to 2024-04-24T00:00:00+00:00, run_after=2024-04-25T00:00:00+00:00
[2024-04-25T01:12:17.540+0000] {processor.py:178} INFO - Processing /home/airflow/.local/lib/python3.7/site-packages/airflow/example_dags/example_branch_operator.py took 0.096 seconds
[2024-04-25T01:12:47.967+0000] {processor.py:156} INFO - Started process (PID=7916) to work on /home/airflow/.local/lib/python3.7/site-packages/airflow/example_dags/example_branch_operator.py
[2024-04-25T01:12:47.968+0000] {processor.py:758} INFO - Processing file /home/airflow/.local/lib/python3.7/site-packages/airflow/example_dags/example_branch_operator.py for tasks to queue
[2024-04-25T01:12:47.969+0000] {logging_mixin.py:117} INFO - [2024-04-25T01:12:47.969+0000] {dagbag.py:525} INFO - Filling up the DagBag from /home/airflow/.local/lib/python3.7/site-packages/airflow/example_dags/example_branch_operator.py
[2024-04-25T01:12:47.992+0000] {processor.py:768} INFO - DAG(s) dict_keys(['example_branch_operator']) retrieved from /home/airflow/.local/lib/python3.7/site-packages/airflow/example_dags/example_branch_operator.py
[2024-04-25T01:12:48.027+0000] {logging_mixin.py:117} INFO - [2024-04-25T01:12:48.027+0000] {dag.py:2573} INFO - Sync 1 DAGs
[2024-04-25T01:12:48.050+0000] {logging_mixin.py:117} INFO - [2024-04-25T01:12:48.050+0000] {dag.py:3328} INFO - Setting next_dagrun for example_branch_operator to 2024-04-24T00:00:00+00:00, run_after=2024-04-25T00:00:00+00:00
[2024-04-25T01:12:48.078+0000] {processor.py:178} INFO - Processing /home/airflow/.local/lib/python3.7/site-packages/airflow/example_dags/example_branch_operator.py took 0.116 seconds
[2024-04-25T01:13:18.924+0000] {processor.py:156} INFO - Started process (PID=8131) to work on /home/airflow/.local/lib/python3.7/site-packages/airflow/example_dags/example_branch_operator.py
[2024-04-25T01:13:18.925+0000] {processor.py:758} INFO - Processing file /home/airflow/.local/lib/python3.7/site-packages/airflow/example_dags/example_branch_operator.py for tasks to queue
[2024-04-25T01:13:18.925+0000] {logging_mixin.py:117} INFO - [2024-04-25T01:13:18.925+0000] {dagbag.py:525} INFO - Filling up the DagBag from /home/airflow/.local/lib/python3.7/site-packages/airflow/example_dags/example_branch_operator.py
[2024-04-25T01:13:18.947+0000] {processor.py:768} INFO - DAG(s) dict_keys(['example_branch_operator']) retrieved from /home/airflow/.local/lib/python3.7/site-packages/airflow/example_dags/example_branch_operator.py
[2024-04-25T01:13:18.998+0000] {logging_mixin.py:117} INFO - [2024-04-25T01:13:18.998+0000] {dag.py:2573} INFO - Sync 1 DAGs
[2024-04-25T01:13:19.036+0000] {logging_mixin.py:117} INFO - [2024-04-25T01:13:19.034+0000] {dag.py:3328} INFO - Setting next_dagrun for example_branch_operator to 2024-04-24T00:00:00+00:00, run_after=2024-04-25T00:00:00+00:00
[2024-04-25T01:13:19.063+0000] {processor.py:178} INFO - Processing /home/airflow/.local/lib/python3.7/site-packages/airflow/example_dags/example_branch_operator.py took 0.143 seconds
[2024-04-25T01:13:49.229+0000] {processor.py:156} INFO - Started process (PID=8341) to work on /home/airflow/.local/lib/python3.7/site-packages/airflow/example_dags/example_branch_operator.py
[2024-04-25T01:13:49.229+0000] {processor.py:758} INFO - Processing file /home/airflow/.local/lib/python3.7/site-packages/airflow/example_dags/example_branch_operator.py for tasks to queue
[2024-04-25T01:13:49.230+0000] {logging_mixin.py:117} INFO - [2024-04-25T01:13:49.230+0000] {dagbag.py:525} INFO - Filling up the DagBag from /home/airflow/.local/lib/python3.7/site-packages/airflow/example_dags/example_branch_operator.py
[2024-04-25T01:13:49.246+0000] {processor.py:768} INFO - DAG(s) dict_keys(['example_branch_operator']) retrieved from /home/airflow/.local/lib/python3.7/site-packages/airflow/example_dags/example_branch_operator.py
[2024-04-25T01:13:49.280+0000] {logging_mixin.py:117} INFO - [2024-04-25T01:13:49.280+0000] {dag.py:2573} INFO - Sync 1 DAGs
[2024-04-25T01:13:49.302+0000] {logging_mixin.py:117} INFO - [2024-04-25T01:13:49.302+0000] {dag.py:3328} INFO - Setting next_dagrun for example_branch_operator to 2024-04-24T00:00:00+00:00, run_after=2024-04-25T00:00:00+00:00
[2024-04-25T01:13:49.322+0000] {processor.py:178} INFO - Processing /home/airflow/.local/lib/python3.7/site-packages/airflow/example_dags/example_branch_operator.py took 0.097 seconds
[2024-04-25T01:14:20.018+0000] {processor.py:156} INFO - Started process (PID=8557) to work on /home/airflow/.local/lib/python3.7/site-packages/airflow/example_dags/example_branch_operator.py
[2024-04-25T01:14:20.019+0000] {processor.py:758} INFO - Processing file /home/airflow/.local/lib/python3.7/site-packages/airflow/example_dags/example_branch_operator.py for tasks to queue
[2024-04-25T01:14:20.020+0000] {logging_mixin.py:117} INFO - [2024-04-25T01:14:20.020+0000] {dagbag.py:525} INFO - Filling up the DagBag from /home/airflow/.local/lib/python3.7/site-packages/airflow/example_dags/example_branch_operator.py
[2024-04-25T01:14:20.044+0000] {processor.py:768} INFO - DAG(s) dict_keys(['example_branch_operator']) retrieved from /home/airflow/.local/lib/python3.7/site-packages/airflow/example_dags/example_branch_operator.py
[2024-04-25T01:14:20.145+0000] {logging_mixin.py:117} INFO - [2024-04-25T01:14:20.145+0000] {dag.py:2573} INFO - Sync 1 DAGs
[2024-04-25T01:14:20.179+0000] {logging_mixin.py:117} INFO - [2024-04-25T01:14:20.179+0000] {dag.py:3328} INFO - Setting next_dagrun for example_branch_operator to 2024-04-24T00:00:00+00:00, run_after=2024-04-25T00:00:00+00:00
[2024-04-25T01:14:20.205+0000] {processor.py:178} INFO - Processing /home/airflow/.local/lib/python3.7/site-packages/airflow/example_dags/example_branch_operator.py took 0.189 seconds
[2024-04-25T01:14:50.252+0000] {processor.py:156} INFO - Started process (PID=8775) to work on /home/airflow/.local/lib/python3.7/site-packages/airflow/example_dags/example_branch_operator.py
[2024-04-25T01:14:50.253+0000] {processor.py:758} INFO - Processing file /home/airflow/.local/lib/python3.7/site-packages/airflow/example_dags/example_branch_operator.py for tasks to queue
[2024-04-25T01:14:50.254+0000] {logging_mixin.py:117} INFO - [2024-04-25T01:14:50.253+0000] {dagbag.py:525} INFO - Filling up the DagBag from /home/airflow/.local/lib/python3.7/site-packages/airflow/example_dags/example_branch_operator.py
[2024-04-25T01:14:50.279+0000] {processor.py:768} INFO - DAG(s) dict_keys(['example_branch_operator']) retrieved from /home/airflow/.local/lib/python3.7/site-packages/airflow/example_dags/example_branch_operator.py
[2024-04-25T01:14:50.329+0000] {logging_mixin.py:117} INFO - [2024-04-25T01:14:50.329+0000] {dag.py:2573} INFO - Sync 1 DAGs
[2024-04-25T01:14:50.362+0000] {logging_mixin.py:117} INFO - [2024-04-25T01:14:50.362+0000] {dag.py:3328} INFO - Setting next_dagrun for example_branch_operator to 2024-04-24T00:00:00+00:00, run_after=2024-04-25T00:00:00+00:00
[2024-04-25T01:14:50.390+0000] {processor.py:178} INFO - Processing /home/airflow/.local/lib/python3.7/site-packages/airflow/example_dags/example_branch_operator.py took 0.141 seconds
[2024-04-25T01:15:21.067+0000] {processor.py:156} INFO - Started process (PID=8982) to work on /home/airflow/.local/lib/python3.7/site-packages/airflow/example_dags/example_branch_operator.py
[2024-04-25T01:15:21.083+0000] {processor.py:758} INFO - Processing file /home/airflow/.local/lib/python3.7/site-packages/airflow/example_dags/example_branch_operator.py for tasks to queue
[2024-04-25T01:15:21.084+0000] {logging_mixin.py:117} INFO - [2024-04-25T01:15:21.084+0000] {dagbag.py:525} INFO - Filling up the DagBag from /home/airflow/.local/lib/python3.7/site-packages/airflow/example_dags/example_branch_operator.py
[2024-04-25T01:15:21.124+0000] {processor.py:768} INFO - DAG(s) dict_keys(['example_branch_operator']) retrieved from /home/airflow/.local/lib/python3.7/site-packages/airflow/example_dags/example_branch_operator.py
[2024-04-25T01:15:21.176+0000] {logging_mixin.py:117} INFO - [2024-04-25T01:15:21.175+0000] {dag.py:2573} INFO - Sync 1 DAGs
[2024-04-25T01:15:21.210+0000] {logging_mixin.py:117} INFO - [2024-04-25T01:15:21.210+0000] {dag.py:3328} INFO - Setting next_dagrun for example_branch_operator to 2024-04-24T00:00:00+00:00, run_after=2024-04-25T00:00:00+00:00
[2024-04-25T01:15:21.235+0000] {processor.py:178} INFO - Processing /home/airflow/.local/lib/python3.7/site-packages/airflow/example_dags/example_branch_operator.py took 0.171 seconds
[2024-04-25T01:15:51.777+0000] {processor.py:156} INFO - Started process (PID=9203) to work on /home/airflow/.local/lib/python3.7/site-packages/airflow/example_dags/example_branch_operator.py
[2024-04-25T01:15:51.778+0000] {processor.py:758} INFO - Processing file /home/airflow/.local/lib/python3.7/site-packages/airflow/example_dags/example_branch_operator.py for tasks to queue
[2024-04-25T01:15:51.779+0000] {logging_mixin.py:117} INFO - [2024-04-25T01:15:51.778+0000] {dagbag.py:525} INFO - Filling up the DagBag from /home/airflow/.local/lib/python3.7/site-packages/airflow/example_dags/example_branch_operator.py
[2024-04-25T01:15:51.800+0000] {processor.py:768} INFO - DAG(s) dict_keys(['example_branch_operator']) retrieved from /home/airflow/.local/lib/python3.7/site-packages/airflow/example_dags/example_branch_operator.py
[2024-04-25T01:15:51.853+0000] {logging_mixin.py:117} INFO - [2024-04-25T01:15:51.852+0000] {dag.py:2573} INFO - Sync 1 DAGs
[2024-04-25T01:15:51.886+0000] {logging_mixin.py:117} INFO - [2024-04-25T01:15:51.886+0000] {dag.py:3328} INFO - Setting next_dagrun for example_branch_operator to 2024-04-24T00:00:00+00:00, run_after=2024-04-25T00:00:00+00:00
[2024-04-25T01:15:51.911+0000] {processor.py:178} INFO - Processing /home/airflow/.local/lib/python3.7/site-packages/airflow/example_dags/example_branch_operator.py took 0.137 seconds
[2024-04-25T01:16:22.404+0000] {processor.py:156} INFO - Started process (PID=9422) to work on /home/airflow/.local/lib/python3.7/site-packages/airflow/example_dags/example_branch_operator.py
[2024-04-25T01:16:22.405+0000] {processor.py:758} INFO - Processing file /home/airflow/.local/lib/python3.7/site-packages/airflow/example_dags/example_branch_operator.py for tasks to queue
[2024-04-25T01:16:22.406+0000] {logging_mixin.py:117} INFO - [2024-04-25T01:16:22.406+0000] {dagbag.py:525} INFO - Filling up the DagBag from /home/airflow/.local/lib/python3.7/site-packages/airflow/example_dags/example_branch_operator.py
[2024-04-25T01:16:22.421+0000] {processor.py:768} INFO - DAG(s) dict_keys(['example_branch_operator']) retrieved from /home/airflow/.local/lib/python3.7/site-packages/airflow/example_dags/example_branch_operator.py
[2024-04-25T01:16:22.456+0000] {logging_mixin.py:117} INFO - [2024-04-25T01:16:22.456+0000] {dag.py:2573} INFO - Sync 1 DAGs
[2024-04-25T01:16:22.478+0000] {logging_mixin.py:117} INFO - [2024-04-25T01:16:22.477+0000] {dag.py:3328} INFO - Setting next_dagrun for example_branch_operator to 2024-04-24T00:00:00+00:00, run_after=2024-04-25T00:00:00+00:00
[2024-04-25T01:16:22.498+0000] {processor.py:178} INFO - Processing /home/airflow/.local/lib/python3.7/site-packages/airflow/example_dags/example_branch_operator.py took 0.096 seconds
[2024-04-25T01:16:53.265+0000] {processor.py:156} INFO - Started process (PID=9631) to work on /home/airflow/.local/lib/python3.7/site-packages/airflow/example_dags/example_branch_operator.py
[2024-04-25T01:16:53.266+0000] {processor.py:758} INFO - Processing file /home/airflow/.local/lib/python3.7/site-packages/airflow/example_dags/example_branch_operator.py for tasks to queue
[2024-04-25T01:16:53.267+0000] {logging_mixin.py:117} INFO - [2024-04-25T01:16:53.267+0000] {dagbag.py:525} INFO - Filling up the DagBag from /home/airflow/.local/lib/python3.7/site-packages/airflow/example_dags/example_branch_operator.py
[2024-04-25T01:16:53.282+0000] {processor.py:768} INFO - DAG(s) dict_keys(['example_branch_operator']) retrieved from /home/airflow/.local/lib/python3.7/site-packages/airflow/example_dags/example_branch_operator.py
[2024-04-25T01:16:53.319+0000] {logging_mixin.py:117} INFO - [2024-04-25T01:16:53.319+0000] {dag.py:2573} INFO - Sync 1 DAGs
[2024-04-25T01:16:53.343+0000] {logging_mixin.py:117} INFO - [2024-04-25T01:16:53.343+0000] {dag.py:3328} INFO - Setting next_dagrun for example_branch_operator to 2024-04-24T00:00:00+00:00, run_after=2024-04-25T00:00:00+00:00
[2024-04-25T01:16:53.364+0000] {processor.py:178} INFO - Processing /home/airflow/.local/lib/python3.7/site-packages/airflow/example_dags/example_branch_operator.py took 0.102 seconds
[2024-04-25T01:17:24.231+0000] {processor.py:156} INFO - Started process (PID=9848) to work on /home/airflow/.local/lib/python3.7/site-packages/airflow/example_dags/example_branch_operator.py
[2024-04-25T01:17:24.233+0000] {processor.py:758} INFO - Processing file /home/airflow/.local/lib/python3.7/site-packages/airflow/example_dags/example_branch_operator.py for tasks to queue
[2024-04-25T01:17:24.234+0000] {logging_mixin.py:117} INFO - [2024-04-25T01:17:24.234+0000] {dagbag.py:525} INFO - Filling up the DagBag from /home/airflow/.local/lib/python3.7/site-packages/airflow/example_dags/example_branch_operator.py
[2024-04-25T01:17:24.274+0000] {processor.py:768} INFO - DAG(s) dict_keys(['example_branch_operator']) retrieved from /home/airflow/.local/lib/python3.7/site-packages/airflow/example_dags/example_branch_operator.py
[2024-04-25T01:17:24.324+0000] {logging_mixin.py:117} INFO - [2024-04-25T01:17:24.324+0000] {dag.py:2573} INFO - Sync 1 DAGs
[2024-04-25T01:17:24.360+0000] {logging_mixin.py:117} INFO - [2024-04-25T01:17:24.360+0000] {dag.py:3328} INFO - Setting next_dagrun for example_branch_operator to 2024-04-24T00:00:00+00:00, run_after=2024-04-25T00:00:00+00:00
[2024-04-25T01:17:24.412+0000] {processor.py:178} INFO - Processing /home/airflow/.local/lib/python3.7/site-packages/airflow/example_dags/example_branch_operator.py took 0.184 seconds
[2024-04-25T01:17:54.632+0000] {processor.py:156} INFO - Started process (PID=10067) to work on /home/airflow/.local/lib/python3.7/site-packages/airflow/example_dags/example_branch_operator.py
[2024-04-25T01:17:54.633+0000] {processor.py:758} INFO - Processing file /home/airflow/.local/lib/python3.7/site-packages/airflow/example_dags/example_branch_operator.py for tasks to queue
[2024-04-25T01:17:54.634+0000] {logging_mixin.py:117} INFO - [2024-04-25T01:17:54.634+0000] {dagbag.py:525} INFO - Filling up the DagBag from /home/airflow/.local/lib/python3.7/site-packages/airflow/example_dags/example_branch_operator.py
[2024-04-25T01:17:54.660+0000] {processor.py:768} INFO - DAG(s) dict_keys(['example_branch_operator']) retrieved from /home/airflow/.local/lib/python3.7/site-packages/airflow/example_dags/example_branch_operator.py
[2024-04-25T01:17:54.763+0000] {logging_mixin.py:117} INFO - [2024-04-25T01:17:54.763+0000] {dag.py:2573} INFO - Sync 1 DAGs
[2024-04-25T01:17:54.837+0000] {logging_mixin.py:117} INFO - [2024-04-25T01:17:54.837+0000] {dag.py:3328} INFO - Setting next_dagrun for example_branch_operator to 2024-04-24T00:00:00+00:00, run_after=2024-04-25T00:00:00+00:00
[2024-04-25T01:17:54.896+0000] {processor.py:178} INFO - Processing /home/airflow/.local/lib/python3.7/site-packages/airflow/example_dags/example_branch_operator.py took 0.267 seconds
[2024-04-25T01:18:25.287+0000] {processor.py:156} INFO - Started process (PID=10275) to work on /home/airflow/.local/lib/python3.7/site-packages/airflow/example_dags/example_branch_operator.py
[2024-04-25T01:18:25.287+0000] {processor.py:758} INFO - Processing file /home/airflow/.local/lib/python3.7/site-packages/airflow/example_dags/example_branch_operator.py for tasks to queue
[2024-04-25T01:18:25.288+0000] {logging_mixin.py:117} INFO - [2024-04-25T01:18:25.288+0000] {dagbag.py:525} INFO - Filling up the DagBag from /home/airflow/.local/lib/python3.7/site-packages/airflow/example_dags/example_branch_operator.py
[2024-04-25T01:18:25.342+0000] {processor.py:768} INFO - DAG(s) dict_keys(['example_branch_operator']) retrieved from /home/airflow/.local/lib/python3.7/site-packages/airflow/example_dags/example_branch_operator.py
[2024-04-25T01:18:25.415+0000] {logging_mixin.py:117} INFO - [2024-04-25T01:18:25.415+0000] {dag.py:2573} INFO - Sync 1 DAGs
[2024-04-25T01:18:25.450+0000] {logging_mixin.py:117} INFO - [2024-04-25T01:18:25.450+0000] {dag.py:3328} INFO - Setting next_dagrun for example_branch_operator to 2024-04-24T00:00:00+00:00, run_after=2024-04-25T00:00:00+00:00
[2024-04-25T01:18:25.476+0000] {processor.py:178} INFO - Processing /home/airflow/.local/lib/python3.7/site-packages/airflow/example_dags/example_branch_operator.py took 0.198 seconds
[2024-04-25T01:18:55.603+0000] {processor.py:156} INFO - Started process (PID=10493) to work on /home/airflow/.local/lib/python3.7/site-packages/airflow/example_dags/example_branch_operator.py
[2024-04-25T01:18:55.604+0000] {processor.py:758} INFO - Processing file /home/airflow/.local/lib/python3.7/site-packages/airflow/example_dags/example_branch_operator.py for tasks to queue
[2024-04-25T01:18:55.605+0000] {logging_mixin.py:117} INFO - [2024-04-25T01:18:55.604+0000] {dagbag.py:525} INFO - Filling up the DagBag from /home/airflow/.local/lib/python3.7/site-packages/airflow/example_dags/example_branch_operator.py
[2024-04-25T01:18:55.621+0000] {processor.py:768} INFO - DAG(s) dict_keys(['example_branch_operator']) retrieved from /home/airflow/.local/lib/python3.7/site-packages/airflow/example_dags/example_branch_operator.py
[2024-04-25T01:18:55.655+0000] {logging_mixin.py:117} INFO - [2024-04-25T01:18:55.655+0000] {dag.py:2573} INFO - Sync 1 DAGs
[2024-04-25T01:18:55.676+0000] {logging_mixin.py:117} INFO - [2024-04-25T01:18:55.676+0000] {dag.py:3328} INFO - Setting next_dagrun for example_branch_operator to 2024-04-24T00:00:00+00:00, run_after=2024-04-25T00:00:00+00:00
[2024-04-25T01:18:55.695+0000] {processor.py:178} INFO - Processing /home/airflow/.local/lib/python3.7/site-packages/airflow/example_dags/example_branch_operator.py took 0.095 seconds
[2024-04-25T01:19:26.214+0000] {processor.py:156} INFO - Started process (PID=10707) to work on /home/airflow/.local/lib/python3.7/site-packages/airflow/example_dags/example_branch_operator.py
[2024-04-25T01:19:26.214+0000] {processor.py:758} INFO - Processing file /home/airflow/.local/lib/python3.7/site-packages/airflow/example_dags/example_branch_operator.py for tasks to queue
[2024-04-25T01:19:26.215+0000] {logging_mixin.py:117} INFO - [2024-04-25T01:19:26.215+0000] {dagbag.py:525} INFO - Filling up the DagBag from /home/airflow/.local/lib/python3.7/site-packages/airflow/example_dags/example_branch_operator.py
[2024-04-25T01:19:26.240+0000] {processor.py:768} INFO - DAG(s) dict_keys(['example_branch_operator']) retrieved from /home/airflow/.local/lib/python3.7/site-packages/airflow/example_dags/example_branch_operator.py
[2024-04-25T01:19:26.322+0000] {logging_mixin.py:117} INFO - [2024-04-25T01:19:26.321+0000] {dag.py:2573} INFO - Sync 1 DAGs
[2024-04-25T01:19:26.387+0000] {logging_mixin.py:117} INFO - [2024-04-25T01:19:26.387+0000] {dag.py:3328} INFO - Setting next_dagrun for example_branch_operator to 2024-04-24T00:00:00+00:00, run_after=2024-04-25T00:00:00+00:00
[2024-04-25T01:19:26.420+0000] {processor.py:178} INFO - Processing /home/airflow/.local/lib/python3.7/site-packages/airflow/example_dags/example_branch_operator.py took 0.218 seconds
[2024-04-25T01:19:56.973+0000] {processor.py:156} INFO - Started process (PID=10920) to work on /home/airflow/.local/lib/python3.7/site-packages/airflow/example_dags/example_branch_operator.py
[2024-04-25T01:19:56.974+0000] {processor.py:758} INFO - Processing file /home/airflow/.local/lib/python3.7/site-packages/airflow/example_dags/example_branch_operator.py for tasks to queue
[2024-04-25T01:19:56.974+0000] {logging_mixin.py:117} INFO - [2024-04-25T01:19:56.974+0000] {dagbag.py:525} INFO - Filling up the DagBag from /home/airflow/.local/lib/python3.7/site-packages/airflow/example_dags/example_branch_operator.py
[2024-04-25T01:19:56.990+0000] {processor.py:768} INFO - DAG(s) dict_keys(['example_branch_operator']) retrieved from /home/airflow/.local/lib/python3.7/site-packages/airflow/example_dags/example_branch_operator.py
[2024-04-25T01:19:57.026+0000] {logging_mixin.py:117} INFO - [2024-04-25T01:19:57.026+0000] {dag.py:2573} INFO - Sync 1 DAGs
[2024-04-25T01:19:57.048+0000] {logging_mixin.py:117} INFO - [2024-04-25T01:19:57.047+0000] {dag.py:3328} INFO - Setting next_dagrun for example_branch_operator to 2024-04-24T00:00:00+00:00, run_after=2024-04-25T00:00:00+00:00
[2024-04-25T01:19:57.068+0000] {processor.py:178} INFO - Processing /home/airflow/.local/lib/python3.7/site-packages/airflow/example_dags/example_branch_operator.py took 0.098 seconds
[2024-04-25T01:20:28.031+0000] {processor.py:156} INFO - Started process (PID=11137) to work on /home/airflow/.local/lib/python3.7/site-packages/airflow/example_dags/example_branch_operator.py
[2024-04-25T01:20:28.032+0000] {processor.py:758} INFO - Processing file /home/airflow/.local/lib/python3.7/site-packages/airflow/example_dags/example_branch_operator.py for tasks to queue
[2024-04-25T01:20:28.033+0000] {logging_mixin.py:117} INFO - [2024-04-25T01:20:28.033+0000] {dagbag.py:525} INFO - Filling up the DagBag from /home/airflow/.local/lib/python3.7/site-packages/airflow/example_dags/example_branch_operator.py
[2024-04-25T01:20:28.048+0000] {processor.py:768} INFO - DAG(s) dict_keys(['example_branch_operator']) retrieved from /home/airflow/.local/lib/python3.7/site-packages/airflow/example_dags/example_branch_operator.py
[2024-04-25T01:20:28.082+0000] {logging_mixin.py:117} INFO - [2024-04-25T01:20:28.082+0000] {dag.py:2573} INFO - Sync 1 DAGs
[2024-04-25T01:20:28.103+0000] {logging_mixin.py:117} INFO - [2024-04-25T01:20:28.103+0000] {dag.py:3328} INFO - Setting next_dagrun for example_branch_operator to 2024-04-24T00:00:00+00:00, run_after=2024-04-25T00:00:00+00:00
[2024-04-25T01:20:28.124+0000] {processor.py:178} INFO - Processing /home/airflow/.local/lib/python3.7/site-packages/airflow/example_dags/example_branch_operator.py took 0.096 seconds
[2024-04-25T01:20:58.483+0000] {processor.py:156} INFO - Started process (PID=11345) to work on /home/airflow/.local/lib/python3.7/site-packages/airflow/example_dags/example_branch_operator.py
[2024-04-25T01:20:58.484+0000] {processor.py:758} INFO - Processing file /home/airflow/.local/lib/python3.7/site-packages/airflow/example_dags/example_branch_operator.py for tasks to queue
[2024-04-25T01:20:58.485+0000] {logging_mixin.py:117} INFO - [2024-04-25T01:20:58.484+0000] {dagbag.py:525} INFO - Filling up the DagBag from /home/airflow/.local/lib/python3.7/site-packages/airflow/example_dags/example_branch_operator.py
[2024-04-25T01:20:58.519+0000] {processor.py:768} INFO - DAG(s) dict_keys(['example_branch_operator']) retrieved from /home/airflow/.local/lib/python3.7/site-packages/airflow/example_dags/example_branch_operator.py
[2024-04-25T01:20:58.609+0000] {logging_mixin.py:117} INFO - [2024-04-25T01:20:58.609+0000] {dag.py:2573} INFO - Sync 1 DAGs
[2024-04-25T01:20:58.670+0000] {logging_mixin.py:117} INFO - [2024-04-25T01:20:58.670+0000] {dag.py:3328} INFO - Setting next_dagrun for example_branch_operator to 2024-04-24T00:00:00+00:00, run_after=2024-04-25T00:00:00+00:00
[2024-04-25T01:20:58.712+0000] {processor.py:178} INFO - Processing /home/airflow/.local/lib/python3.7/site-packages/airflow/example_dags/example_branch_operator.py took 0.233 seconds
[2024-04-25T01:21:29.335+0000] {processor.py:156} INFO - Started process (PID=11566) to work on /home/airflow/.local/lib/python3.7/site-packages/airflow/example_dags/example_branch_operator.py
[2024-04-25T01:21:29.335+0000] {processor.py:758} INFO - Processing file /home/airflow/.local/lib/python3.7/site-packages/airflow/example_dags/example_branch_operator.py for tasks to queue
[2024-04-25T01:21:29.336+0000] {logging_mixin.py:117} INFO - [2024-04-25T01:21:29.336+0000] {dagbag.py:525} INFO - Filling up the DagBag from /home/airflow/.local/lib/python3.7/site-packages/airflow/example_dags/example_branch_operator.py
[2024-04-25T01:21:29.351+0000] {processor.py:768} INFO - DAG(s) dict_keys(['example_branch_operator']) retrieved from /home/airflow/.local/lib/python3.7/site-packages/airflow/example_dags/example_branch_operator.py
[2024-04-25T01:21:29.386+0000] {logging_mixin.py:117} INFO - [2024-04-25T01:21:29.386+0000] {dag.py:2573} INFO - Sync 1 DAGs
[2024-04-25T01:21:29.408+0000] {logging_mixin.py:117} INFO - [2024-04-25T01:21:29.408+0000] {dag.py:3328} INFO - Setting next_dagrun for example_branch_operator to 2024-04-24T00:00:00+00:00, run_after=2024-04-25T00:00:00+00:00
[2024-04-25T01:21:29.431+0000] {processor.py:178} INFO - Processing /home/airflow/.local/lib/python3.7/site-packages/airflow/example_dags/example_branch_operator.py took 0.099 seconds
[2024-04-25T01:21:59.550+0000] {processor.py:156} INFO - Started process (PID=11785) to work on /home/airflow/.local/lib/python3.7/site-packages/airflow/example_dags/example_branch_operator.py
[2024-04-25T01:21:59.550+0000] {processor.py:758} INFO - Processing file /home/airflow/.local/lib/python3.7/site-packages/airflow/example_dags/example_branch_operator.py for tasks to queue
[2024-04-25T01:21:59.551+0000] {logging_mixin.py:117} INFO - [2024-04-25T01:21:59.551+0000] {dagbag.py:525} INFO - Filling up the DagBag from /home/airflow/.local/lib/python3.7/site-packages/airflow/example_dags/example_branch_operator.py
[2024-04-25T01:21:59.569+0000] {processor.py:768} INFO - DAG(s) dict_keys(['example_branch_operator']) retrieved from /home/airflow/.local/lib/python3.7/site-packages/airflow/example_dags/example_branch_operator.py
[2024-04-25T01:21:59.616+0000] {logging_mixin.py:117} INFO - [2024-04-25T01:21:59.615+0000] {dag.py:2573} INFO - Sync 1 DAGs
[2024-04-25T01:21:59.652+0000] {logging_mixin.py:117} INFO - [2024-04-25T01:21:59.652+0000] {dag.py:3328} INFO - Setting next_dagrun for example_branch_operator to 2024-04-24T00:00:00+00:00, run_after=2024-04-25T00:00:00+00:00
[2024-04-25T01:21:59.678+0000] {processor.py:178} INFO - Processing /home/airflow/.local/lib/python3.7/site-packages/airflow/example_dags/example_branch_operator.py took 0.131 seconds
[2024-04-25T01:22:29.819+0000] {processor.py:156} INFO - Started process (PID=11992) to work on /home/airflow/.local/lib/python3.7/site-packages/airflow/example_dags/example_branch_operator.py
[2024-04-25T01:22:29.819+0000] {processor.py:758} INFO - Processing file /home/airflow/.local/lib/python3.7/site-packages/airflow/example_dags/example_branch_operator.py for tasks to queue
[2024-04-25T01:22:29.820+0000] {logging_mixin.py:117} INFO - [2024-04-25T01:22:29.820+0000] {dagbag.py:525} INFO - Filling up the DagBag from /home/airflow/.local/lib/python3.7/site-packages/airflow/example_dags/example_branch_operator.py
[2024-04-25T01:22:29.835+0000] {processor.py:768} INFO - DAG(s) dict_keys(['example_branch_operator']) retrieved from /home/airflow/.local/lib/python3.7/site-packages/airflow/example_dags/example_branch_operator.py
[2024-04-25T01:22:29.869+0000] {logging_mixin.py:117} INFO - [2024-04-25T01:22:29.868+0000] {dag.py:2573} INFO - Sync 1 DAGs
[2024-04-25T01:22:29.889+0000] {logging_mixin.py:117} INFO - [2024-04-25T01:22:29.889+0000] {dag.py:3328} INFO - Setting next_dagrun for example_branch_operator to 2024-04-24T00:00:00+00:00, run_after=2024-04-25T00:00:00+00:00
[2024-04-25T01:22:29.909+0000] {processor.py:178} INFO - Processing /home/airflow/.local/lib/python3.7/site-packages/airflow/example_dags/example_branch_operator.py took 0.092 seconds
[2024-04-25T01:23:00.205+0000] {processor.py:156} INFO - Started process (PID=12210) to work on /home/airflow/.local/lib/python3.7/site-packages/airflow/example_dags/example_branch_operator.py
[2024-04-25T01:23:00.205+0000] {processor.py:758} INFO - Processing file /home/airflow/.local/lib/python3.7/site-packages/airflow/example_dags/example_branch_operator.py for tasks to queue
[2024-04-25T01:23:00.206+0000] {logging_mixin.py:117} INFO - [2024-04-25T01:23:00.206+0000] {dagbag.py:525} INFO - Filling up the DagBag from /home/airflow/.local/lib/python3.7/site-packages/airflow/example_dags/example_branch_operator.py
[2024-04-25T01:23:00.221+0000] {processor.py:768} INFO - DAG(s) dict_keys(['example_branch_operator']) retrieved from /home/airflow/.local/lib/python3.7/site-packages/airflow/example_dags/example_branch_operator.py
[2024-04-25T01:23:00.255+0000] {logging_mixin.py:117} INFO - [2024-04-25T01:23:00.255+0000] {dag.py:2573} INFO - Sync 1 DAGs
[2024-04-25T01:23:00.276+0000] {logging_mixin.py:117} INFO - [2024-04-25T01:23:00.276+0000] {dag.py:3328} INFO - Setting next_dagrun for example_branch_operator to 2024-04-24T00:00:00+00:00, run_after=2024-04-25T00:00:00+00:00
[2024-04-25T01:23:00.300+0000] {processor.py:178} INFO - Processing /home/airflow/.local/lib/python3.7/site-packages/airflow/example_dags/example_branch_operator.py took 0.098 seconds
[2024-04-25T01:23:31.235+0000] {processor.py:156} INFO - Started process (PID=12428) to work on /home/airflow/.local/lib/python3.7/site-packages/airflow/example_dags/example_branch_operator.py
[2024-04-25T01:23:31.236+0000] {processor.py:758} INFO - Processing file /home/airflow/.local/lib/python3.7/site-packages/airflow/example_dags/example_branch_operator.py for tasks to queue
[2024-04-25T01:23:31.237+0000] {logging_mixin.py:117} INFO - [2024-04-25T01:23:31.237+0000] {dagbag.py:525} INFO - Filling up the DagBag from /home/airflow/.local/lib/python3.7/site-packages/airflow/example_dags/example_branch_operator.py
[2024-04-25T01:23:31.266+0000] {processor.py:768} INFO - DAG(s) dict_keys(['example_branch_operator']) retrieved from /home/airflow/.local/lib/python3.7/site-packages/airflow/example_dags/example_branch_operator.py
[2024-04-25T01:23:31.309+0000] {logging_mixin.py:117} INFO - [2024-04-25T01:23:31.309+0000] {dag.py:2573} INFO - Sync 1 DAGs
[2024-04-25T01:23:31.332+0000] {logging_mixin.py:117} INFO - [2024-04-25T01:23:31.332+0000] {dag.py:3328} INFO - Setting next_dagrun for example_branch_operator to 2024-04-24T00:00:00+00:00, run_after=2024-04-25T00:00:00+00:00
[2024-04-25T01:23:31.352+0000] {processor.py:178} INFO - Processing /home/airflow/.local/lib/python3.7/site-packages/airflow/example_dags/example_branch_operator.py took 0.121 seconds
[2024-04-25T01:24:01.979+0000] {processor.py:156} INFO - Started process (PID=12638) to work on /home/airflow/.local/lib/python3.7/site-packages/airflow/example_dags/example_branch_operator.py
[2024-04-25T01:24:01.980+0000] {processor.py:758} INFO - Processing file /home/airflow/.local/lib/python3.7/site-packages/airflow/example_dags/example_branch_operator.py for tasks to queue
[2024-04-25T01:24:01.980+0000] {logging_mixin.py:117} INFO - [2024-04-25T01:24:01.980+0000] {dagbag.py:525} INFO - Filling up the DagBag from /home/airflow/.local/lib/python3.7/site-packages/airflow/example_dags/example_branch_operator.py
[2024-04-25T01:24:01.998+0000] {processor.py:768} INFO - DAG(s) dict_keys(['example_branch_operator']) retrieved from /home/airflow/.local/lib/python3.7/site-packages/airflow/example_dags/example_branch_operator.py
[2024-04-25T01:24:02.032+0000] {logging_mixin.py:117} INFO - [2024-04-25T01:24:02.032+0000] {dag.py:2573} INFO - Sync 1 DAGs
[2024-04-25T01:24:02.055+0000] {logging_mixin.py:117} INFO - [2024-04-25T01:24:02.055+0000] {dag.py:3328} INFO - Setting next_dagrun for example_branch_operator to 2024-04-24T00:00:00+00:00, run_after=2024-04-25T00:00:00+00:00
[2024-04-25T01:24:02.075+0000] {processor.py:178} INFO - Processing /home/airflow/.local/lib/python3.7/site-packages/airflow/example_dags/example_branch_operator.py took 0.098 seconds
[2024-04-25T01:24:32.896+0000] {processor.py:156} INFO - Started process (PID=12856) to work on /home/airflow/.local/lib/python3.7/site-packages/airflow/example_dags/example_branch_operator.py
[2024-04-25T01:24:32.897+0000] {processor.py:758} INFO - Processing file /home/airflow/.local/lib/python3.7/site-packages/airflow/example_dags/example_branch_operator.py for tasks to queue
[2024-04-25T01:24:32.897+0000] {logging_mixin.py:117} INFO - [2024-04-25T01:24:32.897+0000] {dagbag.py:525} INFO - Filling up the DagBag from /home/airflow/.local/lib/python3.7/site-packages/airflow/example_dags/example_branch_operator.py
[2024-04-25T01:24:32.913+0000] {processor.py:768} INFO - DAG(s) dict_keys(['example_branch_operator']) retrieved from /home/airflow/.local/lib/python3.7/site-packages/airflow/example_dags/example_branch_operator.py
[2024-04-25T01:24:32.947+0000] {logging_mixin.py:117} INFO - [2024-04-25T01:24:32.947+0000] {dag.py:2573} INFO - Sync 1 DAGs
[2024-04-25T01:24:32.971+0000] {logging_mixin.py:117} INFO - [2024-04-25T01:24:32.971+0000] {dag.py:3328} INFO - Setting next_dagrun for example_branch_operator to 2024-04-24T00:00:00+00:00, run_after=2024-04-25T00:00:00+00:00
[2024-04-25T01:24:32.991+0000] {processor.py:178} INFO - Processing /home/airflow/.local/lib/python3.7/site-packages/airflow/example_dags/example_branch_operator.py took 0.098 seconds
[2024-04-25T01:25:03.346+0000] {processor.py:156} INFO - Started process (PID=13072) to work on /home/airflow/.local/lib/python3.7/site-packages/airflow/example_dags/example_branch_operator.py
[2024-04-25T01:25:03.347+0000] {processor.py:758} INFO - Processing file /home/airflow/.local/lib/python3.7/site-packages/airflow/example_dags/example_branch_operator.py for tasks to queue
[2024-04-25T01:25:03.347+0000] {logging_mixin.py:117} INFO - [2024-04-25T01:25:03.347+0000] {dagbag.py:525} INFO - Filling up the DagBag from /home/airflow/.local/lib/python3.7/site-packages/airflow/example_dags/example_branch_operator.py
[2024-04-25T01:25:03.370+0000] {processor.py:768} INFO - DAG(s) dict_keys(['example_branch_operator']) retrieved from /home/airflow/.local/lib/python3.7/site-packages/airflow/example_dags/example_branch_operator.py
[2024-04-25T01:25:03.407+0000] {logging_mixin.py:117} INFO - [2024-04-25T01:25:03.407+0000] {dag.py:2573} INFO - Sync 1 DAGs
[2024-04-25T01:25:03.428+0000] {logging_mixin.py:117} INFO - [2024-04-25T01:25:03.427+0000] {dag.py:3328} INFO - Setting next_dagrun for example_branch_operator to 2024-04-24T00:00:00+00:00, run_after=2024-04-25T00:00:00+00:00
[2024-04-25T01:25:03.447+0000] {processor.py:178} INFO - Processing /home/airflow/.local/lib/python3.7/site-packages/airflow/example_dags/example_branch_operator.py took 0.104 seconds
[2024-04-25T01:25:33.996+0000] {processor.py:156} INFO - Started process (PID=13281) to work on /home/airflow/.local/lib/python3.7/site-packages/airflow/example_dags/example_branch_operator.py
[2024-04-25T01:25:33.997+0000] {processor.py:758} INFO - Processing file /home/airflow/.local/lib/python3.7/site-packages/airflow/example_dags/example_branch_operator.py for tasks to queue
[2024-04-25T01:25:33.998+0000] {logging_mixin.py:117} INFO - [2024-04-25T01:25:33.998+0000] {dagbag.py:525} INFO - Filling up the DagBag from /home/airflow/.local/lib/python3.7/site-packages/airflow/example_dags/example_branch_operator.py
[2024-04-25T01:25:34.019+0000] {processor.py:768} INFO - DAG(s) dict_keys(['example_branch_operator']) retrieved from /home/airflow/.local/lib/python3.7/site-packages/airflow/example_dags/example_branch_operator.py
[2024-04-25T01:25:34.070+0000] {logging_mixin.py:117} INFO - [2024-04-25T01:25:34.069+0000] {dag.py:2573} INFO - Sync 1 DAGs
[2024-04-25T01:25:34.101+0000] {logging_mixin.py:117} INFO - [2024-04-25T01:25:34.100+0000] {dag.py:3328} INFO - Setting next_dagrun for example_branch_operator to 2024-04-24T00:00:00+00:00, run_after=2024-04-25T00:00:00+00:00
[2024-04-25T01:25:34.127+0000] {processor.py:178} INFO - Processing /home/airflow/.local/lib/python3.7/site-packages/airflow/example_dags/example_branch_operator.py took 0.135 seconds
[2024-04-25T01:26:04.736+0000] {processor.py:156} INFO - Started process (PID=13499) to work on /home/airflow/.local/lib/python3.7/site-packages/airflow/example_dags/example_branch_operator.py
[2024-04-25T01:26:04.737+0000] {processor.py:758} INFO - Processing file /home/airflow/.local/lib/python3.7/site-packages/airflow/example_dags/example_branch_operator.py for tasks to queue
[2024-04-25T01:26:04.738+0000] {logging_mixin.py:117} INFO - [2024-04-25T01:26:04.738+0000] {dagbag.py:525} INFO - Filling up the DagBag from /home/airflow/.local/lib/python3.7/site-packages/airflow/example_dags/example_branch_operator.py
[2024-04-25T01:26:04.753+0000] {processor.py:768} INFO - DAG(s) dict_keys(['example_branch_operator']) retrieved from /home/airflow/.local/lib/python3.7/site-packages/airflow/example_dags/example_branch_operator.py
[2024-04-25T01:26:04.788+0000] {logging_mixin.py:117} INFO - [2024-04-25T01:26:04.788+0000] {dag.py:2573} INFO - Sync 1 DAGs
[2024-04-25T01:26:04.811+0000] {logging_mixin.py:117} INFO - [2024-04-25T01:26:04.811+0000] {dag.py:3328} INFO - Setting next_dagrun for example_branch_operator to 2024-04-24T00:00:00+00:00, run_after=2024-04-25T00:00:00+00:00
[2024-04-25T01:26:04.831+0000] {processor.py:178} INFO - Processing /home/airflow/.local/lib/python3.7/site-packages/airflow/example_dags/example_branch_operator.py took 0.097 seconds
[2024-04-25T01:26:35.641+0000] {processor.py:156} INFO - Started process (PID=13717) to work on /home/airflow/.local/lib/python3.7/site-packages/airflow/example_dags/example_branch_operator.py
[2024-04-25T01:26:35.642+0000] {processor.py:758} INFO - Processing file /home/airflow/.local/lib/python3.7/site-packages/airflow/example_dags/example_branch_operator.py for tasks to queue
[2024-04-25T01:26:35.643+0000] {logging_mixin.py:117} INFO - [2024-04-25T01:26:35.643+0000] {dagbag.py:525} INFO - Filling up the DagBag from /home/airflow/.local/lib/python3.7/site-packages/airflow/example_dags/example_branch_operator.py
[2024-04-25T01:26:35.665+0000] {processor.py:768} INFO - DAG(s) dict_keys(['example_branch_operator']) retrieved from /home/airflow/.local/lib/python3.7/site-packages/airflow/example_dags/example_branch_operator.py
[2024-04-25T01:26:35.739+0000] {logging_mixin.py:117} INFO - [2024-04-25T01:26:35.739+0000] {dag.py:2573} INFO - Sync 1 DAGs
[2024-04-25T01:26:35.772+0000] {logging_mixin.py:117} INFO - [2024-04-25T01:26:35.772+0000] {dag.py:3328} INFO - Setting next_dagrun for example_branch_operator to 2024-04-24T00:00:00+00:00, run_after=2024-04-25T00:00:00+00:00
[2024-04-25T01:26:35.800+0000] {processor.py:178} INFO - Processing /home/airflow/.local/lib/python3.7/site-packages/airflow/example_dags/example_branch_operator.py took 0.163 seconds
