[2024-04-25T00:54:23.286+0000] {processor.py:156} INFO - Started process (PID=193) to work on /home/airflow/.local/lib/python3.7/site-packages/airflow/example_dags/example_kubernetes_executor.py
[2024-04-25T00:54:23.287+0000] {processor.py:758} INFO - Processing file /home/airflow/.local/lib/python3.7/site-packages/airflow/example_dags/example_kubernetes_executor.py for tasks to queue
[2024-04-25T00:54:23.287+0000] {logging_mixin.py:117} INFO - [2024-04-25T00:54:23.287+0000] {dagbag.py:525} INFO - Filling up the DagBag from /home/airflow/.local/lib/python3.7/site-packages/airflow/example_dags/example_kubernetes_executor.py
[2024-04-25T00:54:23.328+0000] {processor.py:768} INFO - DAG(s) dict_keys(['example_kubernetes_executor']) retrieved from /home/airflow/.local/lib/python3.7/site-packages/airflow/example_dags/example_kubernetes_executor.py
[2024-04-25T00:54:23.367+0000] {logging_mixin.py:117} INFO - [2024-04-25T00:54:23.367+0000] {dag.py:2573} INFO - Sync 1 DAGs
[2024-04-25T00:54:23.392+0000] {logging_mixin.py:117} INFO - [2024-04-25T00:54:23.392+0000] {dag.py:3328} INFO - Setting next_dagrun for example_kubernetes_executor to None, run_after=None
[2024-04-25T00:54:23.415+0000] {processor.py:178} INFO - Processing /home/airflow/.local/lib/python3.7/site-packages/airflow/example_dags/example_kubernetes_executor.py took 0.132 seconds
[2024-04-25T00:54:54.168+0000] {processor.py:156} INFO - Started process (PID=400) to work on /home/airflow/.local/lib/python3.7/site-packages/airflow/example_dags/example_kubernetes_executor.py
[2024-04-25T00:54:54.169+0000] {processor.py:758} INFO - Processing file /home/airflow/.local/lib/python3.7/site-packages/airflow/example_dags/example_kubernetes_executor.py for tasks to queue
[2024-04-25T00:54:54.171+0000] {logging_mixin.py:117} INFO - [2024-04-25T00:54:54.170+0000] {dagbag.py:525} INFO - Filling up the DagBag from /home/airflow/.local/lib/python3.7/site-packages/airflow/example_dags/example_kubernetes_executor.py
[2024-04-25T00:54:54.209+0000] {processor.py:768} INFO - DAG(s) dict_keys(['example_kubernetes_executor']) retrieved from /home/airflow/.local/lib/python3.7/site-packages/airflow/example_dags/example_kubernetes_executor.py
[2024-04-25T00:54:54.259+0000] {logging_mixin.py:117} INFO - [2024-04-25T00:54:54.258+0000] {dag.py:2573} INFO - Sync 1 DAGs
[2024-04-25T00:54:54.290+0000] {logging_mixin.py:117} INFO - [2024-04-25T00:54:54.290+0000] {dag.py:3328} INFO - Setting next_dagrun for example_kubernetes_executor to None, run_after=None
[2024-04-25T00:54:54.316+0000] {processor.py:178} INFO - Processing /home/airflow/.local/lib/python3.7/site-packages/airflow/example_dags/example_kubernetes_executor.py took 0.151 seconds
[2024-04-25T00:55:25.217+0000] {processor.py:156} INFO - Started process (PID=619) to work on /home/airflow/.local/lib/python3.7/site-packages/airflow/example_dags/example_kubernetes_executor.py
[2024-04-25T00:55:25.218+0000] {processor.py:758} INFO - Processing file /home/airflow/.local/lib/python3.7/site-packages/airflow/example_dags/example_kubernetes_executor.py for tasks to queue
[2024-04-25T00:55:25.218+0000] {logging_mixin.py:117} INFO - [2024-04-25T00:55:25.218+0000] {dagbag.py:525} INFO - Filling up the DagBag from /home/airflow/.local/lib/python3.7/site-packages/airflow/example_dags/example_kubernetes_executor.py
[2024-04-25T00:55:25.242+0000] {processor.py:768} INFO - DAG(s) dict_keys(['example_kubernetes_executor']) retrieved from /home/airflow/.local/lib/python3.7/site-packages/airflow/example_dags/example_kubernetes_executor.py
[2024-04-25T00:55:25.274+0000] {logging_mixin.py:117} INFO - [2024-04-25T00:55:25.274+0000] {dag.py:2573} INFO - Sync 1 DAGs
[2024-04-25T00:55:25.303+0000] {logging_mixin.py:117} INFO - [2024-04-25T00:55:25.303+0000] {dag.py:3328} INFO - Setting next_dagrun for example_kubernetes_executor to None, run_after=None
[2024-04-25T00:55:25.323+0000] {processor.py:178} INFO - Processing /home/airflow/.local/lib/python3.7/site-packages/airflow/example_dags/example_kubernetes_executor.py took 0.108 seconds
[2024-04-25T00:55:56.160+0000] {processor.py:156} INFO - Started process (PID=836) to work on /home/airflow/.local/lib/python3.7/site-packages/airflow/example_dags/example_kubernetes_executor.py
[2024-04-25T00:55:56.161+0000] {processor.py:758} INFO - Processing file /home/airflow/.local/lib/python3.7/site-packages/airflow/example_dags/example_kubernetes_executor.py for tasks to queue
[2024-04-25T00:55:56.162+0000] {logging_mixin.py:117} INFO - [2024-04-25T00:55:56.161+0000] {dagbag.py:525} INFO - Filling up the DagBag from /home/airflow/.local/lib/python3.7/site-packages/airflow/example_dags/example_kubernetes_executor.py
[2024-04-25T00:55:56.198+0000] {processor.py:768} INFO - DAG(s) dict_keys(['example_kubernetes_executor']) retrieved from /home/airflow/.local/lib/python3.7/site-packages/airflow/example_dags/example_kubernetes_executor.py
[2024-04-25T00:55:56.247+0000] {logging_mixin.py:117} INFO - [2024-04-25T00:55:56.247+0000] {dag.py:2573} INFO - Sync 1 DAGs
[2024-04-25T00:55:56.275+0000] {logging_mixin.py:117} INFO - [2024-04-25T00:55:56.275+0000] {dag.py:3328} INFO - Setting next_dagrun for example_kubernetes_executor to None, run_after=None
[2024-04-25T00:55:56.301+0000] {processor.py:178} INFO - Processing /home/airflow/.local/lib/python3.7/site-packages/airflow/example_dags/example_kubernetes_executor.py took 0.145 seconds
[2024-04-25T00:56:27.023+0000] {processor.py:156} INFO - Started process (PID=1044) to work on /home/airflow/.local/lib/python3.7/site-packages/airflow/example_dags/example_kubernetes_executor.py
[2024-04-25T00:56:27.023+0000] {processor.py:758} INFO - Processing file /home/airflow/.local/lib/python3.7/site-packages/airflow/example_dags/example_kubernetes_executor.py for tasks to queue
[2024-04-25T00:56:27.024+0000] {logging_mixin.py:117} INFO - [2024-04-25T00:56:27.024+0000] {dagbag.py:525} INFO - Filling up the DagBag from /home/airflow/.local/lib/python3.7/site-packages/airflow/example_dags/example_kubernetes_executor.py
[2024-04-25T00:56:27.061+0000] {processor.py:768} INFO - DAG(s) dict_keys(['example_kubernetes_executor']) retrieved from /home/airflow/.local/lib/python3.7/site-packages/airflow/example_dags/example_kubernetes_executor.py
[2024-04-25T00:56:27.109+0000] {logging_mixin.py:117} INFO - [2024-04-25T00:56:27.109+0000] {dag.py:2573} INFO - Sync 1 DAGs
[2024-04-25T00:56:27.143+0000] {logging_mixin.py:117} INFO - [2024-04-25T00:56:27.143+0000] {dag.py:3328} INFO - Setting next_dagrun for example_kubernetes_executor to None, run_after=None
[2024-04-25T00:56:27.479+0000] {processor.py:178} INFO - Processing /home/airflow/.local/lib/python3.7/site-packages/airflow/example_dags/example_kubernetes_executor.py took 0.459 seconds
[2024-04-25T00:56:58.274+0000] {processor.py:156} INFO - Started process (PID=1261) to work on /home/airflow/.local/lib/python3.7/site-packages/airflow/example_dags/example_kubernetes_executor.py
[2024-04-25T00:56:58.275+0000] {processor.py:758} INFO - Processing file /home/airflow/.local/lib/python3.7/site-packages/airflow/example_dags/example_kubernetes_executor.py for tasks to queue
[2024-04-25T00:56:58.275+0000] {logging_mixin.py:117} INFO - [2024-04-25T00:56:58.275+0000] {dagbag.py:525} INFO - Filling up the DagBag from /home/airflow/.local/lib/python3.7/site-packages/airflow/example_dags/example_kubernetes_executor.py
[2024-04-25T00:56:58.310+0000] {processor.py:768} INFO - DAG(s) dict_keys(['example_kubernetes_executor']) retrieved from /home/airflow/.local/lib/python3.7/site-packages/airflow/example_dags/example_kubernetes_executor.py
[2024-04-25T00:56:58.376+0000] {logging_mixin.py:117} INFO - [2024-04-25T00:56:58.376+0000] {dag.py:2573} INFO - Sync 1 DAGs
[2024-04-25T00:56:58.586+0000] {logging_mixin.py:117} INFO - [2024-04-25T00:56:58.586+0000] {dag.py:3328} INFO - Setting next_dagrun for example_kubernetes_executor to None, run_after=None
[2024-04-25T00:56:58.611+0000] {processor.py:178} INFO - Processing /home/airflow/.local/lib/python3.7/site-packages/airflow/example_dags/example_kubernetes_executor.py took 0.341 seconds
[2024-04-25T00:57:29.361+0000] {processor.py:156} INFO - Started process (PID=1480) to work on /home/airflow/.local/lib/python3.7/site-packages/airflow/example_dags/example_kubernetes_executor.py
[2024-04-25T00:57:29.362+0000] {processor.py:758} INFO - Processing file /home/airflow/.local/lib/python3.7/site-packages/airflow/example_dags/example_kubernetes_executor.py for tasks to queue
[2024-04-25T00:57:29.363+0000] {logging_mixin.py:117} INFO - [2024-04-25T00:57:29.362+0000] {dagbag.py:525} INFO - Filling up the DagBag from /home/airflow/.local/lib/python3.7/site-packages/airflow/example_dags/example_kubernetes_executor.py
[2024-04-25T00:57:29.398+0000] {processor.py:768} INFO - DAG(s) dict_keys(['example_kubernetes_executor']) retrieved from /home/airflow/.local/lib/python3.7/site-packages/airflow/example_dags/example_kubernetes_executor.py
[2024-04-25T00:57:29.609+0000] {logging_mixin.py:117} INFO - [2024-04-25T00:57:29.609+0000] {dag.py:2573} INFO - Sync 1 DAGs
[2024-04-25T00:57:29.637+0000] {logging_mixin.py:117} INFO - [2024-04-25T00:57:29.637+0000] {dag.py:3328} INFO - Setting next_dagrun for example_kubernetes_executor to None, run_after=None
[2024-04-25T00:57:29.660+0000] {processor.py:178} INFO - Processing /home/airflow/.local/lib/python3.7/site-packages/airflow/example_dags/example_kubernetes_executor.py took 0.302 seconds
[2024-04-25T00:57:59.757+0000] {processor.py:156} INFO - Started process (PID=1688) to work on /home/airflow/.local/lib/python3.7/site-packages/airflow/example_dags/example_kubernetes_executor.py
[2024-04-25T00:57:59.757+0000] {processor.py:758} INFO - Processing file /home/airflow/.local/lib/python3.7/site-packages/airflow/example_dags/example_kubernetes_executor.py for tasks to queue
[2024-04-25T00:57:59.758+0000] {logging_mixin.py:117} INFO - [2024-04-25T00:57:59.758+0000] {dagbag.py:525} INFO - Filling up the DagBag from /home/airflow/.local/lib/python3.7/site-packages/airflow/example_dags/example_kubernetes_executor.py
[2024-04-25T00:57:59.782+0000] {processor.py:768} INFO - DAG(s) dict_keys(['example_kubernetes_executor']) retrieved from /home/airflow/.local/lib/python3.7/site-packages/airflow/example_dags/example_kubernetes_executor.py
[2024-04-25T00:57:59.926+0000] {logging_mixin.py:117} INFO - [2024-04-25T00:57:59.925+0000] {dag.py:2573} INFO - Sync 1 DAGs
[2024-04-25T00:57:59.943+0000] {logging_mixin.py:117} INFO - [2024-04-25T00:57:59.943+0000] {dag.py:3328} INFO - Setting next_dagrun for example_kubernetes_executor to None, run_after=None
[2024-04-25T00:57:59.963+0000] {processor.py:178} INFO - Processing /home/airflow/.local/lib/python3.7/site-packages/airflow/example_dags/example_kubernetes_executor.py took 0.209 seconds
[2024-04-25T00:58:30.438+0000] {processor.py:156} INFO - Started process (PID=1906) to work on /home/airflow/.local/lib/python3.7/site-packages/airflow/example_dags/example_kubernetes_executor.py
[2024-04-25T00:58:30.439+0000] {processor.py:758} INFO - Processing file /home/airflow/.local/lib/python3.7/site-packages/airflow/example_dags/example_kubernetes_executor.py for tasks to queue
[2024-04-25T00:58:30.440+0000] {logging_mixin.py:117} INFO - [2024-04-25T00:58:30.440+0000] {dagbag.py:525} INFO - Filling up the DagBag from /home/airflow/.local/lib/python3.7/site-packages/airflow/example_dags/example_kubernetes_executor.py
[2024-04-25T00:58:30.520+0000] {processor.py:768} INFO - DAG(s) dict_keys(['example_kubernetes_executor']) retrieved from /home/airflow/.local/lib/python3.7/site-packages/airflow/example_dags/example_kubernetes_executor.py
[2024-04-25T00:58:30.926+0000] {logging_mixin.py:117} INFO - [2024-04-25T00:58:30.925+0000] {dag.py:2573} INFO - Sync 1 DAGs
[2024-04-25T00:58:31.006+0000] {logging_mixin.py:117} INFO - [2024-04-25T00:58:31.006+0000] {dag.py:3328} INFO - Setting next_dagrun for example_kubernetes_executor to None, run_after=None
[2024-04-25T00:58:31.043+0000] {processor.py:178} INFO - Processing /home/airflow/.local/lib/python3.7/site-packages/airflow/example_dags/example_kubernetes_executor.py took 0.608 seconds
[2024-04-25T00:59:01.924+0000] {processor.py:156} INFO - Started process (PID=2123) to work on /home/airflow/.local/lib/python3.7/site-packages/airflow/example_dags/example_kubernetes_executor.py
[2024-04-25T00:59:01.924+0000] {processor.py:758} INFO - Processing file /home/airflow/.local/lib/python3.7/site-packages/airflow/example_dags/example_kubernetes_executor.py for tasks to queue
[2024-04-25T00:59:01.925+0000] {logging_mixin.py:117} INFO - [2024-04-25T00:59:01.925+0000] {dagbag.py:525} INFO - Filling up the DagBag from /home/airflow/.local/lib/python3.7/site-packages/airflow/example_dags/example_kubernetes_executor.py
[2024-04-25T00:59:02.136+0000] {processor.py:768} INFO - DAG(s) dict_keys(['example_kubernetes_executor']) retrieved from /home/airflow/.local/lib/python3.7/site-packages/airflow/example_dags/example_kubernetes_executor.py
[2024-04-25T00:59:02.175+0000] {logging_mixin.py:117} INFO - [2024-04-25T00:59:02.175+0000] {dag.py:2573} INFO - Sync 1 DAGs
[2024-04-25T00:59:02.201+0000] {logging_mixin.py:117} INFO - [2024-04-25T00:59:02.201+0000] {dag.py:3328} INFO - Setting next_dagrun for example_kubernetes_executor to None, run_after=None
[2024-04-25T00:59:02.246+0000] {processor.py:178} INFO - Processing /home/airflow/.local/lib/python3.7/site-packages/airflow/example_dags/example_kubernetes_executor.py took 0.325 seconds
[2024-04-25T00:59:32.667+0000] {processor.py:156} INFO - Started process (PID=2333) to work on /home/airflow/.local/lib/python3.7/site-packages/airflow/example_dags/example_kubernetes_executor.py
[2024-04-25T00:59:32.668+0000] {processor.py:758} INFO - Processing file /home/airflow/.local/lib/python3.7/site-packages/airflow/example_dags/example_kubernetes_executor.py for tasks to queue
[2024-04-25T00:59:32.669+0000] {logging_mixin.py:117} INFO - [2024-04-25T00:59:32.668+0000] {dagbag.py:525} INFO - Filling up the DagBag from /home/airflow/.local/lib/python3.7/site-packages/airflow/example_dags/example_kubernetes_executor.py
[2024-04-25T00:59:32.693+0000] {processor.py:768} INFO - DAG(s) dict_keys(['example_kubernetes_executor']) retrieved from /home/airflow/.local/lib/python3.7/site-packages/airflow/example_dags/example_kubernetes_executor.py
[2024-04-25T00:59:32.853+0000] {logging_mixin.py:117} INFO - [2024-04-25T00:59:32.852+0000] {dag.py:2573} INFO - Sync 1 DAGs
[2024-04-25T00:59:32.876+0000] {logging_mixin.py:117} INFO - [2024-04-25T00:59:32.876+0000] {dag.py:3328} INFO - Setting next_dagrun for example_kubernetes_executor to None, run_after=None
[2024-04-25T00:59:32.895+0000] {processor.py:178} INFO - Processing /home/airflow/.local/lib/python3.7/site-packages/airflow/example_dags/example_kubernetes_executor.py took 0.230 seconds
[2024-04-25T01:00:03.089+0000] {processor.py:156} INFO - Started process (PID=2550) to work on /home/airflow/.local/lib/python3.7/site-packages/airflow/example_dags/example_kubernetes_executor.py
[2024-04-25T01:00:03.090+0000] {processor.py:758} INFO - Processing file /home/airflow/.local/lib/python3.7/site-packages/airflow/example_dags/example_kubernetes_executor.py for tasks to queue
[2024-04-25T01:00:03.090+0000] {logging_mixin.py:117} INFO - [2024-04-25T01:00:03.090+0000] {dagbag.py:525} INFO - Filling up the DagBag from /home/airflow/.local/lib/python3.7/site-packages/airflow/example_dags/example_kubernetes_executor.py
[2024-04-25T01:00:03.113+0000] {processor.py:768} INFO - DAG(s) dict_keys(['example_kubernetes_executor']) retrieved from /home/airflow/.local/lib/python3.7/site-packages/airflow/example_dags/example_kubernetes_executor.py
[2024-04-25T01:00:03.339+0000] {logging_mixin.py:117} INFO - [2024-04-25T01:00:03.339+0000] {dag.py:2573} INFO - Sync 1 DAGs
[2024-04-25T01:00:03.368+0000] {logging_mixin.py:117} INFO - [2024-04-25T01:00:03.368+0000] {dag.py:3328} INFO - Setting next_dagrun for example_kubernetes_executor to None, run_after=None
[2024-04-25T01:00:03.393+0000] {processor.py:178} INFO - Processing /home/airflow/.local/lib/python3.7/site-packages/airflow/example_dags/example_kubernetes_executor.py took 0.307 seconds
[2024-04-25T01:00:34.293+0000] {processor.py:156} INFO - Started process (PID=2759) to work on /home/airflow/.local/lib/python3.7/site-packages/airflow/example_dags/example_kubernetes_executor.py
[2024-04-25T01:00:34.294+0000] {processor.py:758} INFO - Processing file /home/airflow/.local/lib/python3.7/site-packages/airflow/example_dags/example_kubernetes_executor.py for tasks to queue
[2024-04-25T01:00:34.295+0000] {logging_mixin.py:117} INFO - [2024-04-25T01:00:34.295+0000] {dagbag.py:525} INFO - Filling up the DagBag from /home/airflow/.local/lib/python3.7/site-packages/airflow/example_dags/example_kubernetes_executor.py
[2024-04-25T01:00:34.485+0000] {processor.py:768} INFO - DAG(s) dict_keys(['example_kubernetes_executor']) retrieved from /home/airflow/.local/lib/python3.7/site-packages/airflow/example_dags/example_kubernetes_executor.py
[2024-04-25T01:00:34.543+0000] {logging_mixin.py:117} INFO - [2024-04-25T01:00:34.543+0000] {dag.py:2573} INFO - Sync 1 DAGs
[2024-04-25T01:00:34.590+0000] {logging_mixin.py:117} INFO - [2024-04-25T01:00:34.590+0000] {dag.py:3328} INFO - Setting next_dagrun for example_kubernetes_executor to None, run_after=None
[2024-04-25T01:00:34.625+0000] {processor.py:178} INFO - Processing /home/airflow/.local/lib/python3.7/site-packages/airflow/example_dags/example_kubernetes_executor.py took 0.336 seconds
[2024-04-25T01:01:04.766+0000] {processor.py:156} INFO - Started process (PID=2977) to work on /home/airflow/.local/lib/python3.7/site-packages/airflow/example_dags/example_kubernetes_executor.py
[2024-04-25T01:01:04.767+0000] {processor.py:758} INFO - Processing file /home/airflow/.local/lib/python3.7/site-packages/airflow/example_dags/example_kubernetes_executor.py for tasks to queue
[2024-04-25T01:01:04.767+0000] {logging_mixin.py:117} INFO - [2024-04-25T01:01:04.767+0000] {dagbag.py:525} INFO - Filling up the DagBag from /home/airflow/.local/lib/python3.7/site-packages/airflow/example_dags/example_kubernetes_executor.py
[2024-04-25T01:01:04.906+0000] {processor.py:768} INFO - DAG(s) dict_keys(['example_kubernetes_executor']) retrieved from /home/airflow/.local/lib/python3.7/site-packages/airflow/example_dags/example_kubernetes_executor.py
[2024-04-25T01:01:04.935+0000] {logging_mixin.py:117} INFO - [2024-04-25T01:01:04.935+0000] {dag.py:2573} INFO - Sync 1 DAGs
[2024-04-25T01:01:04.954+0000] {logging_mixin.py:117} INFO - [2024-04-25T01:01:04.954+0000] {dag.py:3328} INFO - Setting next_dagrun for example_kubernetes_executor to None, run_after=None
[2024-04-25T01:01:04.974+0000] {processor.py:178} INFO - Processing /home/airflow/.local/lib/python3.7/site-packages/airflow/example_dags/example_kubernetes_executor.py took 0.210 seconds
[2024-04-25T01:01:35.820+0000] {processor.py:156} INFO - Started process (PID=3195) to work on /home/airflow/.local/lib/python3.7/site-packages/airflow/example_dags/example_kubernetes_executor.py
[2024-04-25T01:01:35.821+0000] {processor.py:758} INFO - Processing file /home/airflow/.local/lib/python3.7/site-packages/airflow/example_dags/example_kubernetes_executor.py for tasks to queue
[2024-04-25T01:01:35.821+0000] {logging_mixin.py:117} INFO - [2024-04-25T01:01:35.821+0000] {dagbag.py:525} INFO - Filling up the DagBag from /home/airflow/.local/lib/python3.7/site-packages/airflow/example_dags/example_kubernetes_executor.py
[2024-04-25T01:01:35.858+0000] {processor.py:768} INFO - DAG(s) dict_keys(['example_kubernetes_executor']) retrieved from /home/airflow/.local/lib/python3.7/site-packages/airflow/example_dags/example_kubernetes_executor.py
[2024-04-25T01:01:35.909+0000] {logging_mixin.py:117} INFO - [2024-04-25T01:01:35.909+0000] {dag.py:2573} INFO - Sync 1 DAGs
[2024-04-25T01:01:36.118+0000] {logging_mixin.py:117} INFO - [2024-04-25T01:01:36.118+0000] {dag.py:3328} INFO - Setting next_dagrun for example_kubernetes_executor to None, run_after=None
[2024-04-25T01:01:36.142+0000] {processor.py:178} INFO - Processing /home/airflow/.local/lib/python3.7/site-packages/airflow/example_dags/example_kubernetes_executor.py took 0.326 seconds
[2024-04-25T01:02:07.086+0000] {processor.py:156} INFO - Started process (PID=3413) to work on /home/airflow/.local/lib/python3.7/site-packages/airflow/example_dags/example_kubernetes_executor.py
[2024-04-25T01:02:07.087+0000] {processor.py:758} INFO - Processing file /home/airflow/.local/lib/python3.7/site-packages/airflow/example_dags/example_kubernetes_executor.py for tasks to queue
[2024-04-25T01:02:07.088+0000] {logging_mixin.py:117} INFO - [2024-04-25T01:02:07.088+0000] {dagbag.py:525} INFO - Filling up the DagBag from /home/airflow/.local/lib/python3.7/site-packages/airflow/example_dags/example_kubernetes_executor.py
[2024-04-25T01:02:07.190+0000] {processor.py:768} INFO - DAG(s) dict_keys(['example_kubernetes_executor']) retrieved from /home/airflow/.local/lib/python3.7/site-packages/airflow/example_dags/example_kubernetes_executor.py
[2024-04-25T01:02:07.807+0000] {logging_mixin.py:117} INFO - [2024-04-25T01:02:07.793+0000] {dag.py:2573} INFO - Sync 1 DAGs
[2024-04-25T01:02:07.912+0000] {logging_mixin.py:117} INFO - [2024-04-25T01:02:07.911+0000] {dag.py:3328} INFO - Setting next_dagrun for example_kubernetes_executor to None, run_after=None
[2024-04-25T01:02:08.022+0000] {processor.py:178} INFO - Processing /home/airflow/.local/lib/python3.7/site-packages/airflow/example_dags/example_kubernetes_executor.py took 0.938 seconds
[2024-04-25T01:02:38.528+0000] {processor.py:156} INFO - Started process (PID=3621) to work on /home/airflow/.local/lib/python3.7/site-packages/airflow/example_dags/example_kubernetes_executor.py
[2024-04-25T01:02:38.529+0000] {processor.py:758} INFO - Processing file /home/airflow/.local/lib/python3.7/site-packages/airflow/example_dags/example_kubernetes_executor.py for tasks to queue
[2024-04-25T01:02:38.530+0000] {logging_mixin.py:117} INFO - [2024-04-25T01:02:38.530+0000] {dagbag.py:525} INFO - Filling up the DagBag from /home/airflow/.local/lib/python3.7/site-packages/airflow/example_dags/example_kubernetes_executor.py
[2024-04-25T01:02:38.567+0000] {processor.py:768} INFO - DAG(s) dict_keys(['example_kubernetes_executor']) retrieved from /home/airflow/.local/lib/python3.7/site-packages/airflow/example_dags/example_kubernetes_executor.py
[2024-04-25T01:02:38.759+0000] {logging_mixin.py:117} INFO - [2024-04-25T01:02:38.759+0000] {dag.py:2573} INFO - Sync 1 DAGs
[2024-04-25T01:02:38.788+0000] {logging_mixin.py:117} INFO - [2024-04-25T01:02:38.787+0000] {dag.py:3328} INFO - Setting next_dagrun for example_kubernetes_executor to None, run_after=None
[2024-04-25T01:02:38.814+0000] {processor.py:178} INFO - Processing /home/airflow/.local/lib/python3.7/site-packages/airflow/example_dags/example_kubernetes_executor.py took 0.290 seconds
[2024-04-25T01:03:09.314+0000] {processor.py:156} INFO - Started process (PID=3840) to work on /home/airflow/.local/lib/python3.7/site-packages/airflow/example_dags/example_kubernetes_executor.py
[2024-04-25T01:03:09.316+0000] {processor.py:758} INFO - Processing file /home/airflow/.local/lib/python3.7/site-packages/airflow/example_dags/example_kubernetes_executor.py for tasks to queue
[2024-04-25T01:03:09.317+0000] {logging_mixin.py:117} INFO - [2024-04-25T01:03:09.317+0000] {dagbag.py:525} INFO - Filling up the DagBag from /home/airflow/.local/lib/python3.7/site-packages/airflow/example_dags/example_kubernetes_executor.py
[2024-04-25T01:03:09.532+0000] {processor.py:768} INFO - DAG(s) dict_keys(['example_kubernetes_executor']) retrieved from /home/airflow/.local/lib/python3.7/site-packages/airflow/example_dags/example_kubernetes_executor.py
[2024-04-25T01:03:09.576+0000] {logging_mixin.py:117} INFO - [2024-04-25T01:03:09.576+0000] {dag.py:2573} INFO - Sync 1 DAGs
[2024-04-25T01:03:09.605+0000] {logging_mixin.py:117} INFO - [2024-04-25T01:03:09.605+0000] {dag.py:3328} INFO - Setting next_dagrun for example_kubernetes_executor to None, run_after=None
[2024-04-25T01:03:09.645+0000] {processor.py:178} INFO - Processing /home/airflow/.local/lib/python3.7/site-packages/airflow/example_dags/example_kubernetes_executor.py took 0.334 seconds
[2024-04-25T01:03:39.840+0000] {processor.py:156} INFO - Started process (PID=4048) to work on /home/airflow/.local/lib/python3.7/site-packages/airflow/example_dags/example_kubernetes_executor.py
[2024-04-25T01:03:39.841+0000] {processor.py:758} INFO - Processing file /home/airflow/.local/lib/python3.7/site-packages/airflow/example_dags/example_kubernetes_executor.py for tasks to queue
[2024-04-25T01:03:39.842+0000] {logging_mixin.py:117} INFO - [2024-04-25T01:03:39.842+0000] {dagbag.py:525} INFO - Filling up the DagBag from /home/airflow/.local/lib/python3.7/site-packages/airflow/example_dags/example_kubernetes_executor.py
[2024-04-25T01:03:39.878+0000] {processor.py:768} INFO - DAG(s) dict_keys(['example_kubernetes_executor']) retrieved from /home/airflow/.local/lib/python3.7/site-packages/airflow/example_dags/example_kubernetes_executor.py
[2024-04-25T01:03:39.930+0000] {logging_mixin.py:117} INFO - [2024-04-25T01:03:39.930+0000] {dag.py:2573} INFO - Sync 1 DAGs
[2024-04-25T01:03:39.963+0000] {logging_mixin.py:117} INFO - [2024-04-25T01:03:39.963+0000] {dag.py:3328} INFO - Setting next_dagrun for example_kubernetes_executor to None, run_after=None
[2024-04-25T01:03:39.999+0000] {processor.py:178} INFO - Processing /home/airflow/.local/lib/python3.7/site-packages/airflow/example_dags/example_kubernetes_executor.py took 0.162 seconds
[2024-04-25T01:04:10.709+0000] {processor.py:156} INFO - Started process (PID=4265) to work on /home/airflow/.local/lib/python3.7/site-packages/airflow/example_dags/example_kubernetes_executor.py
[2024-04-25T01:04:10.710+0000] {processor.py:758} INFO - Processing file /home/airflow/.local/lib/python3.7/site-packages/airflow/example_dags/example_kubernetes_executor.py for tasks to queue
[2024-04-25T01:04:10.710+0000] {logging_mixin.py:117} INFO - [2024-04-25T01:04:10.710+0000] {dagbag.py:525} INFO - Filling up the DagBag from /home/airflow/.local/lib/python3.7/site-packages/airflow/example_dags/example_kubernetes_executor.py
[2024-04-25T01:04:10.746+0000] {processor.py:768} INFO - DAG(s) dict_keys(['example_kubernetes_executor']) retrieved from /home/airflow/.local/lib/python3.7/site-packages/airflow/example_dags/example_kubernetes_executor.py
[2024-04-25T01:04:10.800+0000] {logging_mixin.py:117} INFO - [2024-04-25T01:04:10.800+0000] {dag.py:2573} INFO - Sync 1 DAGs
[2024-04-25T01:04:10.831+0000] {logging_mixin.py:117} INFO - [2024-04-25T01:04:10.831+0000] {dag.py:3328} INFO - Setting next_dagrun for example_kubernetes_executor to None, run_after=None
[2024-04-25T01:04:10.858+0000] {processor.py:178} INFO - Processing /home/airflow/.local/lib/python3.7/site-packages/airflow/example_dags/example_kubernetes_executor.py took 0.152 seconds
[2024-04-25T01:04:40.989+0000] {processor.py:156} INFO - Started process (PID=4484) to work on /home/airflow/.local/lib/python3.7/site-packages/airflow/example_dags/example_kubernetes_executor.py
[2024-04-25T01:04:40.990+0000] {processor.py:758} INFO - Processing file /home/airflow/.local/lib/python3.7/site-packages/airflow/example_dags/example_kubernetes_executor.py for tasks to queue
[2024-04-25T01:04:40.991+0000] {logging_mixin.py:117} INFO - [2024-04-25T01:04:40.991+0000] {dagbag.py:525} INFO - Filling up the DagBag from /home/airflow/.local/lib/python3.7/site-packages/airflow/example_dags/example_kubernetes_executor.py
[2024-04-25T01:04:41.045+0000] {processor.py:768} INFO - DAG(s) dict_keys(['example_kubernetes_executor']) retrieved from /home/airflow/.local/lib/python3.7/site-packages/airflow/example_dags/example_kubernetes_executor.py
[2024-04-25T01:04:41.112+0000] {logging_mixin.py:117} INFO - [2024-04-25T01:04:41.111+0000] {dag.py:2573} INFO - Sync 1 DAGs
[2024-04-25T01:04:41.145+0000] {logging_mixin.py:117} INFO - [2024-04-25T01:04:41.144+0000] {dag.py:3328} INFO - Setting next_dagrun for example_kubernetes_executor to None, run_after=None
[2024-04-25T01:04:41.178+0000] {processor.py:178} INFO - Processing /home/airflow/.local/lib/python3.7/site-packages/airflow/example_dags/example_kubernetes_executor.py took 0.192 seconds
[2024-04-25T01:05:11.516+0000] {processor.py:156} INFO - Started process (PID=4700) to work on /home/airflow/.local/lib/python3.7/site-packages/airflow/example_dags/example_kubernetes_executor.py
[2024-04-25T01:05:11.518+0000] {processor.py:758} INFO - Processing file /home/airflow/.local/lib/python3.7/site-packages/airflow/example_dags/example_kubernetes_executor.py for tasks to queue
[2024-04-25T01:05:11.519+0000] {logging_mixin.py:117} INFO - [2024-04-25T01:05:11.519+0000] {dagbag.py:525} INFO - Filling up the DagBag from /home/airflow/.local/lib/python3.7/site-packages/airflow/example_dags/example_kubernetes_executor.py
[2024-04-25T01:05:11.601+0000] {processor.py:768} INFO - DAG(s) dict_keys(['example_kubernetes_executor']) retrieved from /home/airflow/.local/lib/python3.7/site-packages/airflow/example_dags/example_kubernetes_executor.py
[2024-04-25T01:05:11.666+0000] {logging_mixin.py:117} INFO - [2024-04-25T01:05:11.666+0000] {dag.py:2573} INFO - Sync 1 DAGs
[2024-04-25T01:05:11.761+0000] {logging_mixin.py:117} INFO - [2024-04-25T01:05:11.761+0000] {dag.py:3328} INFO - Setting next_dagrun for example_kubernetes_executor to None, run_after=None
[2024-04-25T01:05:11.823+0000] {processor.py:178} INFO - Processing /home/airflow/.local/lib/python3.7/site-packages/airflow/example_dags/example_kubernetes_executor.py took 0.310 seconds
[2024-04-25T01:05:42.105+0000] {processor.py:156} INFO - Started process (PID=4911) to work on /home/airflow/.local/lib/python3.7/site-packages/airflow/example_dags/example_kubernetes_executor.py
[2024-04-25T01:05:42.107+0000] {processor.py:758} INFO - Processing file /home/airflow/.local/lib/python3.7/site-packages/airflow/example_dags/example_kubernetes_executor.py for tasks to queue
[2024-04-25T01:05:42.107+0000] {logging_mixin.py:117} INFO - [2024-04-25T01:05:42.107+0000] {dagbag.py:525} INFO - Filling up the DagBag from /home/airflow/.local/lib/python3.7/site-packages/airflow/example_dags/example_kubernetes_executor.py
[2024-04-25T01:05:42.143+0000] {processor.py:768} INFO - DAG(s) dict_keys(['example_kubernetes_executor']) retrieved from /home/airflow/.local/lib/python3.7/site-packages/airflow/example_dags/example_kubernetes_executor.py
[2024-04-25T01:05:42.206+0000] {logging_mixin.py:117} INFO - [2024-04-25T01:05:42.206+0000] {dag.py:2573} INFO - Sync 1 DAGs
[2024-04-25T01:05:42.263+0000] {logging_mixin.py:117} INFO - [2024-04-25T01:05:42.262+0000] {dag.py:3328} INFO - Setting next_dagrun for example_kubernetes_executor to None, run_after=None
[2024-04-25T01:05:42.289+0000] {processor.py:178} INFO - Processing /home/airflow/.local/lib/python3.7/site-packages/airflow/example_dags/example_kubernetes_executor.py took 0.187 seconds
[2024-04-25T01:06:13.035+0000] {processor.py:156} INFO - Started process (PID=5128) to work on /home/airflow/.local/lib/python3.7/site-packages/airflow/example_dags/example_kubernetes_executor.py
[2024-04-25T01:06:13.037+0000] {processor.py:758} INFO - Processing file /home/airflow/.local/lib/python3.7/site-packages/airflow/example_dags/example_kubernetes_executor.py for tasks to queue
[2024-04-25T01:06:13.038+0000] {logging_mixin.py:117} INFO - [2024-04-25T01:06:13.038+0000] {dagbag.py:525} INFO - Filling up the DagBag from /home/airflow/.local/lib/python3.7/site-packages/airflow/example_dags/example_kubernetes_executor.py
[2024-04-25T01:06:13.075+0000] {processor.py:768} INFO - DAG(s) dict_keys(['example_kubernetes_executor']) retrieved from /home/airflow/.local/lib/python3.7/site-packages/airflow/example_dags/example_kubernetes_executor.py
[2024-04-25T01:06:13.126+0000] {logging_mixin.py:117} INFO - [2024-04-25T01:06:13.126+0000] {dag.py:2573} INFO - Sync 1 DAGs
[2024-04-25T01:06:13.158+0000] {logging_mixin.py:117} INFO - [2024-04-25T01:06:13.158+0000] {dag.py:3328} INFO - Setting next_dagrun for example_kubernetes_executor to None, run_after=None
[2024-04-25T01:06:13.184+0000] {processor.py:178} INFO - Processing /home/airflow/.local/lib/python3.7/site-packages/airflow/example_dags/example_kubernetes_executor.py took 0.153 seconds
[2024-04-25T01:06:43.729+0000] {processor.py:156} INFO - Started process (PID=5336) to work on /home/airflow/.local/lib/python3.7/site-packages/airflow/example_dags/example_kubernetes_executor.py
[2024-04-25T01:06:43.730+0000] {processor.py:758} INFO - Processing file /home/airflow/.local/lib/python3.7/site-packages/airflow/example_dags/example_kubernetes_executor.py for tasks to queue
[2024-04-25T01:06:43.731+0000] {logging_mixin.py:117} INFO - [2024-04-25T01:06:43.731+0000] {dagbag.py:525} INFO - Filling up the DagBag from /home/airflow/.local/lib/python3.7/site-packages/airflow/example_dags/example_kubernetes_executor.py
[2024-04-25T01:06:43.800+0000] {processor.py:768} INFO - DAG(s) dict_keys(['example_kubernetes_executor']) retrieved from /home/airflow/.local/lib/python3.7/site-packages/airflow/example_dags/example_kubernetes_executor.py
[2024-04-25T01:06:43.968+0000] {logging_mixin.py:117} INFO - [2024-04-25T01:06:43.968+0000] {dag.py:2573} INFO - Sync 1 DAGs
[2024-04-25T01:06:44.034+0000] {logging_mixin.py:117} INFO - [2024-04-25T01:06:44.034+0000] {dag.py:3328} INFO - Setting next_dagrun for example_kubernetes_executor to None, run_after=None
[2024-04-25T01:06:44.075+0000] {processor.py:178} INFO - Processing /home/airflow/.local/lib/python3.7/site-packages/airflow/example_dags/example_kubernetes_executor.py took 0.349 seconds
[2024-04-25T01:07:14.626+0000] {processor.py:156} INFO - Started process (PID=5554) to work on /home/airflow/.local/lib/python3.7/site-packages/airflow/example_dags/example_kubernetes_executor.py
[2024-04-25T01:07:14.627+0000] {processor.py:758} INFO - Processing file /home/airflow/.local/lib/python3.7/site-packages/airflow/example_dags/example_kubernetes_executor.py for tasks to queue
[2024-04-25T01:07:14.628+0000] {logging_mixin.py:117} INFO - [2024-04-25T01:07:14.628+0000] {dagbag.py:525} INFO - Filling up the DagBag from /home/airflow/.local/lib/python3.7/site-packages/airflow/example_dags/example_kubernetes_executor.py
[2024-04-25T01:07:14.666+0000] {processor.py:768} INFO - DAG(s) dict_keys(['example_kubernetes_executor']) retrieved from /home/airflow/.local/lib/python3.7/site-packages/airflow/example_dags/example_kubernetes_executor.py
[2024-04-25T01:07:14.714+0000] {logging_mixin.py:117} INFO - [2024-04-25T01:07:14.713+0000] {dag.py:2573} INFO - Sync 1 DAGs
[2024-04-25T01:07:14.746+0000] {logging_mixin.py:117} INFO - [2024-04-25T01:07:14.746+0000] {dag.py:3328} INFO - Setting next_dagrun for example_kubernetes_executor to None, run_after=None
[2024-04-25T01:07:14.773+0000] {processor.py:178} INFO - Processing /home/airflow/.local/lib/python3.7/site-packages/airflow/example_dags/example_kubernetes_executor.py took 0.149 seconds
[2024-04-25T01:07:45.522+0000] {processor.py:156} INFO - Started process (PID=5774) to work on /home/airflow/.local/lib/python3.7/site-packages/airflow/example_dags/example_kubernetes_executor.py
[2024-04-25T01:07:45.523+0000] {processor.py:758} INFO - Processing file /home/airflow/.local/lib/python3.7/site-packages/airflow/example_dags/example_kubernetes_executor.py for tasks to queue
[2024-04-25T01:07:45.524+0000] {logging_mixin.py:117} INFO - [2024-04-25T01:07:45.524+0000] {dagbag.py:525} INFO - Filling up the DagBag from /home/airflow/.local/lib/python3.7/site-packages/airflow/example_dags/example_kubernetes_executor.py
[2024-04-25T01:07:45.560+0000] {processor.py:768} INFO - DAG(s) dict_keys(['example_kubernetes_executor']) retrieved from /home/airflow/.local/lib/python3.7/site-packages/airflow/example_dags/example_kubernetes_executor.py
[2024-04-25T01:07:45.616+0000] {logging_mixin.py:117} INFO - [2024-04-25T01:07:45.616+0000] {dag.py:2573} INFO - Sync 1 DAGs
[2024-04-25T01:07:45.647+0000] {logging_mixin.py:117} INFO - [2024-04-25T01:07:45.647+0000] {dag.py:3328} INFO - Setting next_dagrun for example_kubernetes_executor to None, run_after=None
[2024-04-25T01:07:45.676+0000] {processor.py:178} INFO - Processing /home/airflow/.local/lib/python3.7/site-packages/airflow/example_dags/example_kubernetes_executor.py took 0.157 seconds
[2024-04-25T01:08:16.129+0000] {processor.py:156} INFO - Started process (PID=5994) to work on /home/airflow/.local/lib/python3.7/site-packages/airflow/example_dags/example_kubernetes_executor.py
[2024-04-25T01:08:16.130+0000] {processor.py:758} INFO - Processing file /home/airflow/.local/lib/python3.7/site-packages/airflow/example_dags/example_kubernetes_executor.py for tasks to queue
[2024-04-25T01:08:16.132+0000] {logging_mixin.py:117} INFO - [2024-04-25T01:08:16.132+0000] {dagbag.py:525} INFO - Filling up the DagBag from /home/airflow/.local/lib/python3.7/site-packages/airflow/example_dags/example_kubernetes_executor.py
[2024-04-25T01:08:16.191+0000] {processor.py:768} INFO - DAG(s) dict_keys(['example_kubernetes_executor']) retrieved from /home/airflow/.local/lib/python3.7/site-packages/airflow/example_dags/example_kubernetes_executor.py
[2024-04-25T01:08:16.301+0000] {logging_mixin.py:117} INFO - [2024-04-25T01:08:16.301+0000] {dag.py:2573} INFO - Sync 1 DAGs
[2024-04-25T01:08:16.371+0000] {logging_mixin.py:117} INFO - [2024-04-25T01:08:16.370+0000] {dag.py:3328} INFO - Setting next_dagrun for example_kubernetes_executor to None, run_after=None
[2024-04-25T01:08:16.419+0000] {processor.py:178} INFO - Processing /home/airflow/.local/lib/python3.7/site-packages/airflow/example_dags/example_kubernetes_executor.py took 0.293 seconds
[2024-04-25T01:08:47.307+0000] {processor.py:156} INFO - Started process (PID=6203) to work on /home/airflow/.local/lib/python3.7/site-packages/airflow/example_dags/example_kubernetes_executor.py
[2024-04-25T01:08:47.308+0000] {processor.py:758} INFO - Processing file /home/airflow/.local/lib/python3.7/site-packages/airflow/example_dags/example_kubernetes_executor.py for tasks to queue
[2024-04-25T01:08:47.309+0000] {logging_mixin.py:117} INFO - [2024-04-25T01:08:47.309+0000] {dagbag.py:525} INFO - Filling up the DagBag from /home/airflow/.local/lib/python3.7/site-packages/airflow/example_dags/example_kubernetes_executor.py
[2024-04-25T01:08:47.346+0000] {processor.py:768} INFO - DAG(s) dict_keys(['example_kubernetes_executor']) retrieved from /home/airflow/.local/lib/python3.7/site-packages/airflow/example_dags/example_kubernetes_executor.py
[2024-04-25T01:08:47.404+0000] {logging_mixin.py:117} INFO - [2024-04-25T01:08:47.404+0000] {dag.py:2573} INFO - Sync 1 DAGs
[2024-04-25T01:08:47.437+0000] {logging_mixin.py:117} INFO - [2024-04-25T01:08:47.437+0000] {dag.py:3328} INFO - Setting next_dagrun for example_kubernetes_executor to None, run_after=None
[2024-04-25T01:08:47.463+0000] {processor.py:178} INFO - Processing /home/airflow/.local/lib/python3.7/site-packages/airflow/example_dags/example_kubernetes_executor.py took 0.158 seconds
[2024-04-25T01:09:18.373+0000] {processor.py:156} INFO - Started process (PID=6420) to work on /home/airflow/.local/lib/python3.7/site-packages/airflow/example_dags/example_kubernetes_executor.py
[2024-04-25T01:09:18.374+0000] {processor.py:758} INFO - Processing file /home/airflow/.local/lib/python3.7/site-packages/airflow/example_dags/example_kubernetes_executor.py for tasks to queue
[2024-04-25T01:09:18.375+0000] {logging_mixin.py:117} INFO - [2024-04-25T01:09:18.375+0000] {dagbag.py:525} INFO - Filling up the DagBag from /home/airflow/.local/lib/python3.7/site-packages/airflow/example_dags/example_kubernetes_executor.py
[2024-04-25T01:09:18.411+0000] {processor.py:768} INFO - DAG(s) dict_keys(['example_kubernetes_executor']) retrieved from /home/airflow/.local/lib/python3.7/site-packages/airflow/example_dags/example_kubernetes_executor.py
[2024-04-25T01:09:18.463+0000] {logging_mixin.py:117} INFO - [2024-04-25T01:09:18.463+0000] {dag.py:2573} INFO - Sync 1 DAGs
[2024-04-25T01:09:18.533+0000] {logging_mixin.py:117} INFO - [2024-04-25T01:09:18.533+0000] {dag.py:3328} INFO - Setting next_dagrun for example_kubernetes_executor to None, run_after=None
[2024-04-25T01:09:18.600+0000] {processor.py:178} INFO - Processing /home/airflow/.local/lib/python3.7/site-packages/airflow/example_dags/example_kubernetes_executor.py took 0.230 seconds
[2024-04-25T01:09:48.753+0000] {processor.py:156} INFO - Started process (PID=6639) to work on /home/airflow/.local/lib/python3.7/site-packages/airflow/example_dags/example_kubernetes_executor.py
[2024-04-25T01:09:48.756+0000] {processor.py:758} INFO - Processing file /home/airflow/.local/lib/python3.7/site-packages/airflow/example_dags/example_kubernetes_executor.py for tasks to queue
[2024-04-25T01:09:48.758+0000] {logging_mixin.py:117} INFO - [2024-04-25T01:09:48.757+0000] {dagbag.py:525} INFO - Filling up the DagBag from /home/airflow/.local/lib/python3.7/site-packages/airflow/example_dags/example_kubernetes_executor.py
[2024-04-25T01:09:48.828+0000] {processor.py:768} INFO - DAG(s) dict_keys(['example_kubernetes_executor']) retrieved from /home/airflow/.local/lib/python3.7/site-packages/airflow/example_dags/example_kubernetes_executor.py
[2024-04-25T01:09:48.920+0000] {logging_mixin.py:117} INFO - [2024-04-25T01:09:48.919+0000] {dag.py:2573} INFO - Sync 1 DAGs
[2024-04-25T01:09:48.950+0000] {logging_mixin.py:117} INFO - [2024-04-25T01:09:48.950+0000] {dag.py:3328} INFO - Setting next_dagrun for example_kubernetes_executor to None, run_after=None
[2024-04-25T01:09:48.990+0000] {processor.py:178} INFO - Processing /home/airflow/.local/lib/python3.7/site-packages/airflow/example_dags/example_kubernetes_executor.py took 0.240 seconds
[2024-04-25T01:10:19.883+0000] {processor.py:156} INFO - Started process (PID=6849) to work on /home/airflow/.local/lib/python3.7/site-packages/airflow/example_dags/example_kubernetes_executor.py
[2024-04-25T01:10:19.884+0000] {processor.py:758} INFO - Processing file /home/airflow/.local/lib/python3.7/site-packages/airflow/example_dags/example_kubernetes_executor.py for tasks to queue
[2024-04-25T01:10:19.885+0000] {logging_mixin.py:117} INFO - [2024-04-25T01:10:19.885+0000] {dagbag.py:525} INFO - Filling up the DagBag from /home/airflow/.local/lib/python3.7/site-packages/airflow/example_dags/example_kubernetes_executor.py
[2024-04-25T01:10:19.922+0000] {processor.py:768} INFO - DAG(s) dict_keys(['example_kubernetes_executor']) retrieved from /home/airflow/.local/lib/python3.7/site-packages/airflow/example_dags/example_kubernetes_executor.py
[2024-04-25T01:10:19.972+0000] {logging_mixin.py:117} INFO - [2024-04-25T01:10:19.972+0000] {dag.py:2573} INFO - Sync 1 DAGs
[2024-04-25T01:10:20.008+0000] {logging_mixin.py:117} INFO - [2024-04-25T01:10:20.008+0000] {dag.py:3328} INFO - Setting next_dagrun for example_kubernetes_executor to None, run_after=None
[2024-04-25T01:10:20.035+0000] {processor.py:178} INFO - Processing /home/airflow/.local/lib/python3.7/site-packages/airflow/example_dags/example_kubernetes_executor.py took 0.155 seconds
[2024-04-25T01:10:50.195+0000] {processor.py:156} INFO - Started process (PID=7069) to work on /home/airflow/.local/lib/python3.7/site-packages/airflow/example_dags/example_kubernetes_executor.py
[2024-04-25T01:10:50.196+0000] {processor.py:758} INFO - Processing file /home/airflow/.local/lib/python3.7/site-packages/airflow/example_dags/example_kubernetes_executor.py for tasks to queue
[2024-04-25T01:10:50.202+0000] {logging_mixin.py:117} INFO - [2024-04-25T01:10:50.201+0000] {dagbag.py:525} INFO - Filling up the DagBag from /home/airflow/.local/lib/python3.7/site-packages/airflow/example_dags/example_kubernetes_executor.py
[2024-04-25T01:10:50.248+0000] {processor.py:768} INFO - DAG(s) dict_keys(['example_kubernetes_executor']) retrieved from /home/airflow/.local/lib/python3.7/site-packages/airflow/example_dags/example_kubernetes_executor.py
[2024-04-25T01:10:50.333+0000] {logging_mixin.py:117} INFO - [2024-04-25T01:10:50.332+0000] {dag.py:2573} INFO - Sync 1 DAGs
[2024-04-25T01:10:50.363+0000] {logging_mixin.py:117} INFO - [2024-04-25T01:10:50.363+0000] {dag.py:3328} INFO - Setting next_dagrun for example_kubernetes_executor to None, run_after=None
[2024-04-25T01:10:50.392+0000] {processor.py:178} INFO - Processing /home/airflow/.local/lib/python3.7/site-packages/airflow/example_dags/example_kubernetes_executor.py took 0.199 seconds
[2024-04-25T01:11:20.864+0000] {processor.py:156} INFO - Started process (PID=7280) to work on /home/airflow/.local/lib/python3.7/site-packages/airflow/example_dags/example_kubernetes_executor.py
[2024-04-25T01:11:20.865+0000] {processor.py:758} INFO - Processing file /home/airflow/.local/lib/python3.7/site-packages/airflow/example_dags/example_kubernetes_executor.py for tasks to queue
[2024-04-25T01:11:20.866+0000] {logging_mixin.py:117} INFO - [2024-04-25T01:11:20.865+0000] {dagbag.py:525} INFO - Filling up the DagBag from /home/airflow/.local/lib/python3.7/site-packages/airflow/example_dags/example_kubernetes_executor.py
[2024-04-25T01:11:20.901+0000] {processor.py:768} INFO - DAG(s) dict_keys(['example_kubernetes_executor']) retrieved from /home/airflow/.local/lib/python3.7/site-packages/airflow/example_dags/example_kubernetes_executor.py
[2024-04-25T01:11:20.948+0000] {logging_mixin.py:117} INFO - [2024-04-25T01:11:20.948+0000] {dag.py:2573} INFO - Sync 1 DAGs
[2024-04-25T01:11:20.979+0000] {logging_mixin.py:117} INFO - [2024-04-25T01:11:20.979+0000] {dag.py:3328} INFO - Setting next_dagrun for example_kubernetes_executor to None, run_after=None
[2024-04-25T01:11:21.023+0000] {processor.py:178} INFO - Processing /home/airflow/.local/lib/python3.7/site-packages/airflow/example_dags/example_kubernetes_executor.py took 0.162 seconds
[2024-04-25T01:11:51.373+0000] {processor.py:156} INFO - Started process (PID=7499) to work on /home/airflow/.local/lib/python3.7/site-packages/airflow/example_dags/example_kubernetes_executor.py
[2024-04-25T01:11:51.374+0000] {processor.py:758} INFO - Processing file /home/airflow/.local/lib/python3.7/site-packages/airflow/example_dags/example_kubernetes_executor.py for tasks to queue
[2024-04-25T01:11:51.376+0000] {logging_mixin.py:117} INFO - [2024-04-25T01:11:51.375+0000] {dagbag.py:525} INFO - Filling up the DagBag from /home/airflow/.local/lib/python3.7/site-packages/airflow/example_dags/example_kubernetes_executor.py
[2024-04-25T01:11:51.416+0000] {processor.py:768} INFO - DAG(s) dict_keys(['example_kubernetes_executor']) retrieved from /home/airflow/.local/lib/python3.7/site-packages/airflow/example_dags/example_kubernetes_executor.py
[2024-04-25T01:11:51.473+0000] {logging_mixin.py:117} INFO - [2024-04-25T01:11:51.472+0000] {dag.py:2573} INFO - Sync 1 DAGs
[2024-04-25T01:11:51.507+0000] {logging_mixin.py:117} INFO - [2024-04-25T01:11:51.506+0000] {dag.py:3328} INFO - Setting next_dagrun for example_kubernetes_executor to None, run_after=None
[2024-04-25T01:11:51.533+0000] {processor.py:178} INFO - Processing /home/airflow/.local/lib/python3.7/site-packages/airflow/example_dags/example_kubernetes_executor.py took 0.163 seconds
[2024-04-25T01:12:21.587+0000] {processor.py:156} INFO - Started process (PID=7717) to work on /home/airflow/.local/lib/python3.7/site-packages/airflow/example_dags/example_kubernetes_executor.py
[2024-04-25T01:12:21.588+0000] {processor.py:758} INFO - Processing file /home/airflow/.local/lib/python3.7/site-packages/airflow/example_dags/example_kubernetes_executor.py for tasks to queue
[2024-04-25T01:12:21.588+0000] {logging_mixin.py:117} INFO - [2024-04-25T01:12:21.588+0000] {dagbag.py:525} INFO - Filling up the DagBag from /home/airflow/.local/lib/python3.7/site-packages/airflow/example_dags/example_kubernetes_executor.py
[2024-04-25T01:12:21.621+0000] {processor.py:768} INFO - DAG(s) dict_keys(['example_kubernetes_executor']) retrieved from /home/airflow/.local/lib/python3.7/site-packages/airflow/example_dags/example_kubernetes_executor.py
[2024-04-25T01:12:21.653+0000] {logging_mixin.py:117} INFO - [2024-04-25T01:12:21.653+0000] {dag.py:2573} INFO - Sync 1 DAGs
[2024-04-25T01:12:21.674+0000] {logging_mixin.py:117} INFO - [2024-04-25T01:12:21.674+0000] {dag.py:3328} INFO - Setting next_dagrun for example_kubernetes_executor to None, run_after=None
[2024-04-25T01:12:21.694+0000] {processor.py:178} INFO - Processing /home/airflow/.local/lib/python3.7/site-packages/airflow/example_dags/example_kubernetes_executor.py took 0.109 seconds
[2024-04-25T01:12:52.127+0000] {processor.py:156} INFO - Started process (PID=7926) to work on /home/airflow/.local/lib/python3.7/site-packages/airflow/example_dags/example_kubernetes_executor.py
[2024-04-25T01:12:52.128+0000] {processor.py:758} INFO - Processing file /home/airflow/.local/lib/python3.7/site-packages/airflow/example_dags/example_kubernetes_executor.py for tasks to queue
[2024-04-25T01:12:52.129+0000] {logging_mixin.py:117} INFO - [2024-04-25T01:12:52.129+0000] {dagbag.py:525} INFO - Filling up the DagBag from /home/airflow/.local/lib/python3.7/site-packages/airflow/example_dags/example_kubernetes_executor.py
[2024-04-25T01:12:52.165+0000] {processor.py:768} INFO - DAG(s) dict_keys(['example_kubernetes_executor']) retrieved from /home/airflow/.local/lib/python3.7/site-packages/airflow/example_dags/example_kubernetes_executor.py
[2024-04-25T01:12:52.214+0000] {logging_mixin.py:117} INFO - [2024-04-25T01:12:52.214+0000] {dag.py:2573} INFO - Sync 1 DAGs
[2024-04-25T01:12:52.244+0000] {logging_mixin.py:117} INFO - [2024-04-25T01:12:52.244+0000] {dag.py:3328} INFO - Setting next_dagrun for example_kubernetes_executor to None, run_after=None
[2024-04-25T01:12:52.270+0000] {processor.py:178} INFO - Processing /home/airflow/.local/lib/python3.7/site-packages/airflow/example_dags/example_kubernetes_executor.py took 0.146 seconds
[2024-04-25T01:13:23.116+0000] {processor.py:156} INFO - Started process (PID=8143) to work on /home/airflow/.local/lib/python3.7/site-packages/airflow/example_dags/example_kubernetes_executor.py
[2024-04-25T01:13:23.117+0000] {processor.py:758} INFO - Processing file /home/airflow/.local/lib/python3.7/site-packages/airflow/example_dags/example_kubernetes_executor.py for tasks to queue
[2024-04-25T01:13:23.118+0000] {logging_mixin.py:117} INFO - [2024-04-25T01:13:23.118+0000] {dagbag.py:525} INFO - Filling up the DagBag from /home/airflow/.local/lib/python3.7/site-packages/airflow/example_dags/example_kubernetes_executor.py
[2024-04-25T01:13:23.156+0000] {processor.py:768} INFO - DAG(s) dict_keys(['example_kubernetes_executor']) retrieved from /home/airflow/.local/lib/python3.7/site-packages/airflow/example_dags/example_kubernetes_executor.py
[2024-04-25T01:13:23.206+0000] {logging_mixin.py:117} INFO - [2024-04-25T01:13:23.206+0000] {dag.py:2573} INFO - Sync 1 DAGs
[2024-04-25T01:13:23.238+0000] {logging_mixin.py:117} INFO - [2024-04-25T01:13:23.238+0000] {dag.py:3328} INFO - Setting next_dagrun for example_kubernetes_executor to None, run_after=None
[2024-04-25T01:13:23.264+0000] {processor.py:178} INFO - Processing /home/airflow/.local/lib/python3.7/site-packages/airflow/example_dags/example_kubernetes_executor.py took 0.150 seconds
[2024-04-25T01:13:53.382+0000] {processor.py:156} INFO - Started process (PID=8360) to work on /home/airflow/.local/lib/python3.7/site-packages/airflow/example_dags/example_kubernetes_executor.py
[2024-04-25T01:13:53.383+0000] {processor.py:758} INFO - Processing file /home/airflow/.local/lib/python3.7/site-packages/airflow/example_dags/example_kubernetes_executor.py for tasks to queue
[2024-04-25T01:13:53.384+0000] {logging_mixin.py:117} INFO - [2024-04-25T01:13:53.384+0000] {dagbag.py:525} INFO - Filling up the DagBag from /home/airflow/.local/lib/python3.7/site-packages/airflow/example_dags/example_kubernetes_executor.py
[2024-04-25T01:13:53.421+0000] {processor.py:768} INFO - DAG(s) dict_keys(['example_kubernetes_executor']) retrieved from /home/airflow/.local/lib/python3.7/site-packages/airflow/example_dags/example_kubernetes_executor.py
[2024-04-25T01:13:53.475+0000] {logging_mixin.py:117} INFO - [2024-04-25T01:13:53.474+0000] {dag.py:2573} INFO - Sync 1 DAGs
[2024-04-25T01:13:53.511+0000] {logging_mixin.py:117} INFO - [2024-04-25T01:13:53.510+0000] {dag.py:3328} INFO - Setting next_dagrun for example_kubernetes_executor to None, run_after=None
[2024-04-25T01:13:53.544+0000] {processor.py:178} INFO - Processing /home/airflow/.local/lib/python3.7/site-packages/airflow/example_dags/example_kubernetes_executor.py took 0.165 seconds
[2024-04-25T01:14:24.340+0000] {processor.py:156} INFO - Started process (PID=8567) to work on /home/airflow/.local/lib/python3.7/site-packages/airflow/example_dags/example_kubernetes_executor.py
[2024-04-25T01:14:24.346+0000] {processor.py:758} INFO - Processing file /home/airflow/.local/lib/python3.7/site-packages/airflow/example_dags/example_kubernetes_executor.py for tasks to queue
[2024-04-25T01:14:24.349+0000] {logging_mixin.py:117} INFO - [2024-04-25T01:14:24.349+0000] {dagbag.py:525} INFO - Filling up the DagBag from /home/airflow/.local/lib/python3.7/site-packages/airflow/example_dags/example_kubernetes_executor.py
[2024-04-25T01:14:24.460+0000] {processor.py:768} INFO - DAG(s) dict_keys(['example_kubernetes_executor']) retrieved from /home/airflow/.local/lib/python3.7/site-packages/airflow/example_dags/example_kubernetes_executor.py
[2024-04-25T01:14:24.602+0000] {logging_mixin.py:117} INFO - [2024-04-25T01:14:24.602+0000] {dag.py:2573} INFO - Sync 1 DAGs
[2024-04-25T01:14:24.674+0000] {logging_mixin.py:117} INFO - [2024-04-25T01:14:24.674+0000] {dag.py:3328} INFO - Setting next_dagrun for example_kubernetes_executor to None, run_after=None
[2024-04-25T01:14:24.723+0000] {processor.py:178} INFO - Processing /home/airflow/.local/lib/python3.7/site-packages/airflow/example_dags/example_kubernetes_executor.py took 0.392 seconds
[2024-04-25T01:14:55.293+0000] {processor.py:156} INFO - Started process (PID=8785) to work on /home/airflow/.local/lib/python3.7/site-packages/airflow/example_dags/example_kubernetes_executor.py
[2024-04-25T01:14:55.294+0000] {processor.py:758} INFO - Processing file /home/airflow/.local/lib/python3.7/site-packages/airflow/example_dags/example_kubernetes_executor.py for tasks to queue
[2024-04-25T01:14:55.295+0000] {logging_mixin.py:117} INFO - [2024-04-25T01:14:55.294+0000] {dagbag.py:525} INFO - Filling up the DagBag from /home/airflow/.local/lib/python3.7/site-packages/airflow/example_dags/example_kubernetes_executor.py
[2024-04-25T01:14:55.331+0000] {processor.py:768} INFO - DAG(s) dict_keys(['example_kubernetes_executor']) retrieved from /home/airflow/.local/lib/python3.7/site-packages/airflow/example_dags/example_kubernetes_executor.py
[2024-04-25T01:14:55.396+0000] {logging_mixin.py:117} INFO - [2024-04-25T01:14:55.395+0000] {dag.py:2573} INFO - Sync 1 DAGs
[2024-04-25T01:14:55.438+0000] {logging_mixin.py:117} INFO - [2024-04-25T01:14:55.438+0000] {dag.py:3328} INFO - Setting next_dagrun for example_kubernetes_executor to None, run_after=None
[2024-04-25T01:14:55.465+0000] {processor.py:178} INFO - Processing /home/airflow/.local/lib/python3.7/site-packages/airflow/example_dags/example_kubernetes_executor.py took 0.175 seconds
[2024-04-25T01:15:26.290+0000] {processor.py:156} INFO - Started process (PID=9004) to work on /home/airflow/.local/lib/python3.7/site-packages/airflow/example_dags/example_kubernetes_executor.py
[2024-04-25T01:15:26.291+0000] {processor.py:758} INFO - Processing file /home/airflow/.local/lib/python3.7/site-packages/airflow/example_dags/example_kubernetes_executor.py for tasks to queue
[2024-04-25T01:15:26.292+0000] {logging_mixin.py:117} INFO - [2024-04-25T01:15:26.292+0000] {dagbag.py:525} INFO - Filling up the DagBag from /home/airflow/.local/lib/python3.7/site-packages/airflow/example_dags/example_kubernetes_executor.py
[2024-04-25T01:15:26.328+0000] {processor.py:768} INFO - DAG(s) dict_keys(['example_kubernetes_executor']) retrieved from /home/airflow/.local/lib/python3.7/site-packages/airflow/example_dags/example_kubernetes_executor.py
[2024-04-25T01:15:26.381+0000] {logging_mixin.py:117} INFO - [2024-04-25T01:15:26.381+0000] {dag.py:2573} INFO - Sync 1 DAGs
[2024-04-25T01:15:26.424+0000] {logging_mixin.py:117} INFO - [2024-04-25T01:15:26.424+0000] {dag.py:3328} INFO - Setting next_dagrun for example_kubernetes_executor to None, run_after=None
[2024-04-25T01:15:26.454+0000] {processor.py:178} INFO - Processing /home/airflow/.local/lib/python3.7/site-packages/airflow/example_dags/example_kubernetes_executor.py took 0.167 seconds
[2024-04-25T01:15:56.996+0000] {processor.py:156} INFO - Started process (PID=9223) to work on /home/airflow/.local/lib/python3.7/site-packages/airflow/example_dags/example_kubernetes_executor.py
[2024-04-25T01:15:56.998+0000] {processor.py:758} INFO - Processing file /home/airflow/.local/lib/python3.7/site-packages/airflow/example_dags/example_kubernetes_executor.py for tasks to queue
[2024-04-25T01:15:56.999+0000] {logging_mixin.py:117} INFO - [2024-04-25T01:15:56.999+0000] {dagbag.py:525} INFO - Filling up the DagBag from /home/airflow/.local/lib/python3.7/site-packages/airflow/example_dags/example_kubernetes_executor.py
[2024-04-25T01:15:57.068+0000] {processor.py:768} INFO - DAG(s) dict_keys(['example_kubernetes_executor']) retrieved from /home/airflow/.local/lib/python3.7/site-packages/airflow/example_dags/example_kubernetes_executor.py
[2024-04-25T01:15:57.186+0000] {logging_mixin.py:117} INFO - [2024-04-25T01:15:57.185+0000] {dag.py:2573} INFO - Sync 1 DAGs
[2024-04-25T01:15:57.266+0000] {logging_mixin.py:117} INFO - [2024-04-25T01:15:57.266+0000] {dag.py:3328} INFO - Setting next_dagrun for example_kubernetes_executor to None, run_after=None
[2024-04-25T01:15:57.313+0000] {processor.py:178} INFO - Processing /home/airflow/.local/lib/python3.7/site-packages/airflow/example_dags/example_kubernetes_executor.py took 0.320 seconds
[2024-04-25T01:16:27.549+0000] {processor.py:156} INFO - Started process (PID=9432) to work on /home/airflow/.local/lib/python3.7/site-packages/airflow/example_dags/example_kubernetes_executor.py
[2024-04-25T01:16:27.550+0000] {processor.py:758} INFO - Processing file /home/airflow/.local/lib/python3.7/site-packages/airflow/example_dags/example_kubernetes_executor.py for tasks to queue
[2024-04-25T01:16:27.551+0000] {logging_mixin.py:117} INFO - [2024-04-25T01:16:27.551+0000] {dagbag.py:525} INFO - Filling up the DagBag from /home/airflow/.local/lib/python3.7/site-packages/airflow/example_dags/example_kubernetes_executor.py
[2024-04-25T01:16:27.590+0000] {processor.py:768} INFO - DAG(s) dict_keys(['example_kubernetes_executor']) retrieved from /home/airflow/.local/lib/python3.7/site-packages/airflow/example_dags/example_kubernetes_executor.py
[2024-04-25T01:16:27.639+0000] {logging_mixin.py:117} INFO - [2024-04-25T01:16:27.638+0000] {dag.py:2573} INFO - Sync 1 DAGs
[2024-04-25T01:16:27.671+0000] {logging_mixin.py:117} INFO - [2024-04-25T01:16:27.671+0000] {dag.py:3328} INFO - Setting next_dagrun for example_kubernetes_executor to None, run_after=None
[2024-04-25T01:16:27.698+0000] {processor.py:178} INFO - Processing /home/airflow/.local/lib/python3.7/site-packages/airflow/example_dags/example_kubernetes_executor.py took 0.151 seconds
[2024-04-25T01:16:58.421+0000] {processor.py:156} INFO - Started process (PID=9651) to work on /home/airflow/.local/lib/python3.7/site-packages/airflow/example_dags/example_kubernetes_executor.py
[2024-04-25T01:16:58.421+0000] {processor.py:758} INFO - Processing file /home/airflow/.local/lib/python3.7/site-packages/airflow/example_dags/example_kubernetes_executor.py for tasks to queue
[2024-04-25T01:16:58.422+0000] {logging_mixin.py:117} INFO - [2024-04-25T01:16:58.422+0000] {dagbag.py:525} INFO - Filling up the DagBag from /home/airflow/.local/lib/python3.7/site-packages/airflow/example_dags/example_kubernetes_executor.py
[2024-04-25T01:16:58.459+0000] {processor.py:768} INFO - DAG(s) dict_keys(['example_kubernetes_executor']) retrieved from /home/airflow/.local/lib/python3.7/site-packages/airflow/example_dags/example_kubernetes_executor.py
[2024-04-25T01:16:58.517+0000] {logging_mixin.py:117} INFO - [2024-04-25T01:16:58.517+0000] {dag.py:2573} INFO - Sync 1 DAGs
[2024-04-25T01:16:58.555+0000] {logging_mixin.py:117} INFO - [2024-04-25T01:16:58.555+0000] {dag.py:3328} INFO - Setting next_dagrun for example_kubernetes_executor to None, run_after=None
[2024-04-25T01:16:58.583+0000] {processor.py:178} INFO - Processing /home/airflow/.local/lib/python3.7/site-packages/airflow/example_dags/example_kubernetes_executor.py took 0.167 seconds
[2024-04-25T01:17:29.472+0000] {processor.py:156} INFO - Started process (PID=9858) to work on /home/airflow/.local/lib/python3.7/site-packages/airflow/example_dags/example_kubernetes_executor.py
[2024-04-25T01:17:29.473+0000] {processor.py:758} INFO - Processing file /home/airflow/.local/lib/python3.7/site-packages/airflow/example_dags/example_kubernetes_executor.py for tasks to queue
[2024-04-25T01:17:29.475+0000] {logging_mixin.py:117} INFO - [2024-04-25T01:17:29.474+0000] {dagbag.py:525} INFO - Filling up the DagBag from /home/airflow/.local/lib/python3.7/site-packages/airflow/example_dags/example_kubernetes_executor.py
[2024-04-25T01:17:29.511+0000] {processor.py:768} INFO - DAG(s) dict_keys(['example_kubernetes_executor']) retrieved from /home/airflow/.local/lib/python3.7/site-packages/airflow/example_dags/example_kubernetes_executor.py
[2024-04-25T01:17:29.560+0000] {logging_mixin.py:117} INFO - [2024-04-25T01:17:29.559+0000] {dag.py:2573} INFO - Sync 1 DAGs
[2024-04-25T01:17:29.615+0000] {logging_mixin.py:117} INFO - [2024-04-25T01:17:29.615+0000] {dag.py:3328} INFO - Setting next_dagrun for example_kubernetes_executor to None, run_after=None
[2024-04-25T01:17:29.642+0000] {processor.py:178} INFO - Processing /home/airflow/.local/lib/python3.7/site-packages/airflow/example_dags/example_kubernetes_executor.py took 0.175 seconds
[2024-04-25T01:17:59.975+0000] {processor.py:156} INFO - Started process (PID=10077) to work on /home/airflow/.local/lib/python3.7/site-packages/airflow/example_dags/example_kubernetes_executor.py
[2024-04-25T01:17:59.975+0000] {processor.py:758} INFO - Processing file /home/airflow/.local/lib/python3.7/site-packages/airflow/example_dags/example_kubernetes_executor.py for tasks to queue
[2024-04-25T01:17:59.976+0000] {logging_mixin.py:117} INFO - [2024-04-25T01:17:59.976+0000] {dagbag.py:525} INFO - Filling up the DagBag from /home/airflow/.local/lib/python3.7/site-packages/airflow/example_dags/example_kubernetes_executor.py
[2024-04-25T01:18:00.013+0000] {processor.py:768} INFO - DAG(s) dict_keys(['example_kubernetes_executor']) retrieved from /home/airflow/.local/lib/python3.7/site-packages/airflow/example_dags/example_kubernetes_executor.py
[2024-04-25T01:18:00.064+0000] {logging_mixin.py:117} INFO - [2024-04-25T01:18:00.064+0000] {dag.py:2573} INFO - Sync 1 DAGs
[2024-04-25T01:18:00.094+0000] {logging_mixin.py:117} INFO - [2024-04-25T01:18:00.093+0000] {dag.py:3328} INFO - Setting next_dagrun for example_kubernetes_executor to None, run_after=None
[2024-04-25T01:18:00.119+0000] {processor.py:178} INFO - Processing /home/airflow/.local/lib/python3.7/site-packages/airflow/example_dags/example_kubernetes_executor.py took 0.148 seconds
[2024-04-25T01:18:30.541+0000] {processor.py:156} INFO - Started process (PID=10295) to work on /home/airflow/.local/lib/python3.7/site-packages/airflow/example_dags/example_kubernetes_executor.py
[2024-04-25T01:18:30.542+0000] {processor.py:758} INFO - Processing file /home/airflow/.local/lib/python3.7/site-packages/airflow/example_dags/example_kubernetes_executor.py for tasks to queue
[2024-04-25T01:18:30.543+0000] {logging_mixin.py:117} INFO - [2024-04-25T01:18:30.543+0000] {dagbag.py:525} INFO - Filling up the DagBag from /home/airflow/.local/lib/python3.7/site-packages/airflow/example_dags/example_kubernetes_executor.py
[2024-04-25T01:18:30.579+0000] {processor.py:768} INFO - DAG(s) dict_keys(['example_kubernetes_executor']) retrieved from /home/airflow/.local/lib/python3.7/site-packages/airflow/example_dags/example_kubernetes_executor.py
[2024-04-25T01:18:30.628+0000] {logging_mixin.py:117} INFO - [2024-04-25T01:18:30.628+0000] {dag.py:2573} INFO - Sync 1 DAGs
[2024-04-25T01:18:30.658+0000] {logging_mixin.py:117} INFO - [2024-04-25T01:18:30.658+0000] {dag.py:3328} INFO - Setting next_dagrun for example_kubernetes_executor to None, run_after=None
[2024-04-25T01:18:30.689+0000] {processor.py:178} INFO - Processing /home/airflow/.local/lib/python3.7/site-packages/airflow/example_dags/example_kubernetes_executor.py took 0.152 seconds
[2024-04-25T01:19:00.748+0000] {processor.py:156} INFO - Started process (PID=10503) to work on /home/airflow/.local/lib/python3.7/site-packages/airflow/example_dags/example_kubernetes_executor.py
[2024-04-25T01:19:00.750+0000] {processor.py:758} INFO - Processing file /home/airflow/.local/lib/python3.7/site-packages/airflow/example_dags/example_kubernetes_executor.py for tasks to queue
[2024-04-25T01:19:00.751+0000] {logging_mixin.py:117} INFO - [2024-04-25T01:19:00.751+0000] {dagbag.py:525} INFO - Filling up the DagBag from /home/airflow/.local/lib/python3.7/site-packages/airflow/example_dags/example_kubernetes_executor.py
[2024-04-25T01:19:00.775+0000] {processor.py:768} INFO - DAG(s) dict_keys(['example_kubernetes_executor']) retrieved from /home/airflow/.local/lib/python3.7/site-packages/airflow/example_dags/example_kubernetes_executor.py
[2024-04-25T01:19:00.808+0000] {logging_mixin.py:117} INFO - [2024-04-25T01:19:00.807+0000] {dag.py:2573} INFO - Sync 1 DAGs
[2024-04-25T01:19:00.828+0000] {logging_mixin.py:117} INFO - [2024-04-25T01:19:00.828+0000] {dag.py:3328} INFO - Setting next_dagrun for example_kubernetes_executor to None, run_after=None
[2024-04-25T01:19:00.851+0000] {processor.py:178} INFO - Processing /home/airflow/.local/lib/python3.7/site-packages/airflow/example_dags/example_kubernetes_executor.py took 0.106 seconds
[2024-04-25T01:19:31.488+0000] {processor.py:156} INFO - Started process (PID=10721) to work on /home/airflow/.local/lib/python3.7/site-packages/airflow/example_dags/example_kubernetes_executor.py
[2024-04-25T01:19:31.490+0000] {processor.py:758} INFO - Processing file /home/airflow/.local/lib/python3.7/site-packages/airflow/example_dags/example_kubernetes_executor.py for tasks to queue
[2024-04-25T01:19:31.491+0000] {logging_mixin.py:117} INFO - [2024-04-25T01:19:31.491+0000] {dagbag.py:525} INFO - Filling up the DagBag from /home/airflow/.local/lib/python3.7/site-packages/airflow/example_dags/example_kubernetes_executor.py
[2024-04-25T01:19:31.530+0000] {processor.py:768} INFO - DAG(s) dict_keys(['example_kubernetes_executor']) retrieved from /home/airflow/.local/lib/python3.7/site-packages/airflow/example_dags/example_kubernetes_executor.py
[2024-04-25T01:19:31.580+0000] {logging_mixin.py:117} INFO - [2024-04-25T01:19:31.580+0000] {dag.py:2573} INFO - Sync 1 DAGs
[2024-04-25T01:19:31.609+0000] {logging_mixin.py:117} INFO - [2024-04-25T01:19:31.609+0000] {dag.py:3328} INFO - Setting next_dagrun for example_kubernetes_executor to None, run_after=None
[2024-04-25T01:19:31.634+0000] {processor.py:178} INFO - Processing /home/airflow/.local/lib/python3.7/site-packages/airflow/example_dags/example_kubernetes_executor.py took 0.149 seconds
[2024-04-25T01:20:02.125+0000] {processor.py:156} INFO - Started process (PID=10939) to work on /home/airflow/.local/lib/python3.7/site-packages/airflow/example_dags/example_kubernetes_executor.py
[2024-04-25T01:20:02.126+0000] {processor.py:758} INFO - Processing file /home/airflow/.local/lib/python3.7/site-packages/airflow/example_dags/example_kubernetes_executor.py for tasks to queue
[2024-04-25T01:20:02.127+0000] {logging_mixin.py:117} INFO - [2024-04-25T01:20:02.127+0000] {dagbag.py:525} INFO - Filling up the DagBag from /home/airflow/.local/lib/python3.7/site-packages/airflow/example_dags/example_kubernetes_executor.py
[2024-04-25T01:20:02.165+0000] {processor.py:768} INFO - DAG(s) dict_keys(['example_kubernetes_executor']) retrieved from /home/airflow/.local/lib/python3.7/site-packages/airflow/example_dags/example_kubernetes_executor.py
[2024-04-25T01:20:02.221+0000] {logging_mixin.py:117} INFO - [2024-04-25T01:20:02.221+0000] {dag.py:2573} INFO - Sync 1 DAGs
[2024-04-25T01:20:02.254+0000] {logging_mixin.py:117} INFO - [2024-04-25T01:20:02.254+0000] {dag.py:3328} INFO - Setting next_dagrun for example_kubernetes_executor to None, run_after=None
[2024-04-25T01:20:02.281+0000] {processor.py:178} INFO - Processing /home/airflow/.local/lib/python3.7/site-packages/airflow/example_dags/example_kubernetes_executor.py took 0.159 seconds
[2024-04-25T01:20:33.177+0000] {processor.py:156} INFO - Started process (PID=11147) to work on /home/airflow/.local/lib/python3.7/site-packages/airflow/example_dags/example_kubernetes_executor.py
[2024-04-25T01:20:33.178+0000] {processor.py:758} INFO - Processing file /home/airflow/.local/lib/python3.7/site-packages/airflow/example_dags/example_kubernetes_executor.py for tasks to queue
[2024-04-25T01:20:33.179+0000] {logging_mixin.py:117} INFO - [2024-04-25T01:20:33.179+0000] {dagbag.py:525} INFO - Filling up the DagBag from /home/airflow/.local/lib/python3.7/site-packages/airflow/example_dags/example_kubernetes_executor.py
[2024-04-25T01:20:33.216+0000] {processor.py:768} INFO - DAG(s) dict_keys(['example_kubernetes_executor']) retrieved from /home/airflow/.local/lib/python3.7/site-packages/airflow/example_dags/example_kubernetes_executor.py
[2024-04-25T01:20:33.267+0000] {logging_mixin.py:117} INFO - [2024-04-25T01:20:33.267+0000] {dag.py:2573} INFO - Sync 1 DAGs
[2024-04-25T01:20:33.304+0000] {logging_mixin.py:117} INFO - [2024-04-25T01:20:33.304+0000] {dag.py:3328} INFO - Setting next_dagrun for example_kubernetes_executor to None, run_after=None
[2024-04-25T01:20:33.330+0000] {processor.py:178} INFO - Processing /home/airflow/.local/lib/python3.7/site-packages/airflow/example_dags/example_kubernetes_executor.py took 0.157 seconds
[2024-04-25T01:21:03.835+0000] {processor.py:156} INFO - Started process (PID=11366) to work on /home/airflow/.local/lib/python3.7/site-packages/airflow/example_dags/example_kubernetes_executor.py
[2024-04-25T01:21:03.836+0000] {processor.py:758} INFO - Processing file /home/airflow/.local/lib/python3.7/site-packages/airflow/example_dags/example_kubernetes_executor.py for tasks to queue
[2024-04-25T01:21:03.837+0000] {logging_mixin.py:117} INFO - [2024-04-25T01:21:03.837+0000] {dagbag.py:525} INFO - Filling up the DagBag from /home/airflow/.local/lib/python3.7/site-packages/airflow/example_dags/example_kubernetes_executor.py
[2024-04-25T01:21:03.875+0000] {processor.py:768} INFO - DAG(s) dict_keys(['example_kubernetes_executor']) retrieved from /home/airflow/.local/lib/python3.7/site-packages/airflow/example_dags/example_kubernetes_executor.py
[2024-04-25T01:21:03.924+0000] {logging_mixin.py:117} INFO - [2024-04-25T01:21:03.924+0000] {dag.py:2573} INFO - Sync 1 DAGs
[2024-04-25T01:21:03.956+0000] {logging_mixin.py:117} INFO - [2024-04-25T01:21:03.956+0000] {dag.py:3328} INFO - Setting next_dagrun for example_kubernetes_executor to None, run_after=None
[2024-04-25T01:21:03.980+0000] {processor.py:178} INFO - Processing /home/airflow/.local/lib/python3.7/site-packages/airflow/example_dags/example_kubernetes_executor.py took 0.148 seconds
[2024-04-25T01:21:34.485+0000] {processor.py:156} INFO - Started process (PID=11586) to work on /home/airflow/.local/lib/python3.7/site-packages/airflow/example_dags/example_kubernetes_executor.py
[2024-04-25T01:21:34.486+0000] {processor.py:758} INFO - Processing file /home/airflow/.local/lib/python3.7/site-packages/airflow/example_dags/example_kubernetes_executor.py for tasks to queue
[2024-04-25T01:21:34.486+0000] {logging_mixin.py:117} INFO - [2024-04-25T01:21:34.486+0000] {dagbag.py:525} INFO - Filling up the DagBag from /home/airflow/.local/lib/python3.7/site-packages/airflow/example_dags/example_kubernetes_executor.py
[2024-04-25T01:21:34.523+0000] {processor.py:768} INFO - DAG(s) dict_keys(['example_kubernetes_executor']) retrieved from /home/airflow/.local/lib/python3.7/site-packages/airflow/example_dags/example_kubernetes_executor.py
[2024-04-25T01:21:34.581+0000] {logging_mixin.py:117} INFO - [2024-04-25T01:21:34.580+0000] {dag.py:2573} INFO - Sync 1 DAGs
[2024-04-25T01:21:34.614+0000] {logging_mixin.py:117} INFO - [2024-04-25T01:21:34.614+0000] {dag.py:3328} INFO - Setting next_dagrun for example_kubernetes_executor to None, run_after=None
[2024-04-25T01:21:34.646+0000] {processor.py:178} INFO - Processing /home/airflow/.local/lib/python3.7/site-packages/airflow/example_dags/example_kubernetes_executor.py took 0.165 seconds
[2024-04-25T01:22:04.734+0000] {processor.py:156} INFO - Started process (PID=11795) to work on /home/airflow/.local/lib/python3.7/site-packages/airflow/example_dags/example_kubernetes_executor.py
[2024-04-25T01:22:04.735+0000] {processor.py:758} INFO - Processing file /home/airflow/.local/lib/python3.7/site-packages/airflow/example_dags/example_kubernetes_executor.py for tasks to queue
[2024-04-25T01:22:04.736+0000] {logging_mixin.py:117} INFO - [2024-04-25T01:22:04.736+0000] {dagbag.py:525} INFO - Filling up the DagBag from /home/airflow/.local/lib/python3.7/site-packages/airflow/example_dags/example_kubernetes_executor.py
[2024-04-25T01:22:04.768+0000] {processor.py:768} INFO - DAG(s) dict_keys(['example_kubernetes_executor']) retrieved from /home/airflow/.local/lib/python3.7/site-packages/airflow/example_dags/example_kubernetes_executor.py
[2024-04-25T01:22:04.824+0000] {logging_mixin.py:117} INFO - [2024-04-25T01:22:04.824+0000] {dag.py:2573} INFO - Sync 1 DAGs
[2024-04-25T01:22:04.857+0000] {logging_mixin.py:117} INFO - [2024-04-25T01:22:04.856+0000] {dag.py:3328} INFO - Setting next_dagrun for example_kubernetes_executor to None, run_after=None
[2024-04-25T01:22:04.883+0000] {processor.py:178} INFO - Processing /home/airflow/.local/lib/python3.7/site-packages/airflow/example_dags/example_kubernetes_executor.py took 0.151 seconds
[2024-04-25T01:22:34.960+0000] {processor.py:156} INFO - Started process (PID=12011) to work on /home/airflow/.local/lib/python3.7/site-packages/airflow/example_dags/example_kubernetes_executor.py
[2024-04-25T01:22:34.961+0000] {processor.py:758} INFO - Processing file /home/airflow/.local/lib/python3.7/site-packages/airflow/example_dags/example_kubernetes_executor.py for tasks to queue
[2024-04-25T01:22:34.962+0000] {logging_mixin.py:117} INFO - [2024-04-25T01:22:34.961+0000] {dagbag.py:525} INFO - Filling up the DagBag from /home/airflow/.local/lib/python3.7/site-packages/airflow/example_dags/example_kubernetes_executor.py
[2024-04-25T01:22:34.986+0000] {processor.py:768} INFO - DAG(s) dict_keys(['example_kubernetes_executor']) retrieved from /home/airflow/.local/lib/python3.7/site-packages/airflow/example_dags/example_kubernetes_executor.py
[2024-04-25T01:22:35.020+0000] {logging_mixin.py:117} INFO - [2024-04-25T01:22:35.020+0000] {dag.py:2573} INFO - Sync 1 DAGs
[2024-04-25T01:22:35.041+0000] {logging_mixin.py:117} INFO - [2024-04-25T01:22:35.040+0000] {dag.py:3328} INFO - Setting next_dagrun for example_kubernetes_executor to None, run_after=None
[2024-04-25T01:22:35.065+0000] {processor.py:178} INFO - Processing /home/airflow/.local/lib/python3.7/site-packages/airflow/example_dags/example_kubernetes_executor.py took 0.108 seconds
[2024-04-25T01:23:05.370+0000] {processor.py:156} INFO - Started process (PID=12229) to work on /home/airflow/.local/lib/python3.7/site-packages/airflow/example_dags/example_kubernetes_executor.py
[2024-04-25T01:23:05.371+0000] {processor.py:758} INFO - Processing file /home/airflow/.local/lib/python3.7/site-packages/airflow/example_dags/example_kubernetes_executor.py for tasks to queue
[2024-04-25T01:23:05.372+0000] {logging_mixin.py:117} INFO - [2024-04-25T01:23:05.372+0000] {dagbag.py:525} INFO - Filling up the DagBag from /home/airflow/.local/lib/python3.7/site-packages/airflow/example_dags/example_kubernetes_executor.py
[2024-04-25T01:23:05.405+0000] {processor.py:768} INFO - DAG(s) dict_keys(['example_kubernetes_executor']) retrieved from /home/airflow/.local/lib/python3.7/site-packages/airflow/example_dags/example_kubernetes_executor.py
[2024-04-25T01:23:05.440+0000] {logging_mixin.py:117} INFO - [2024-04-25T01:23:05.440+0000] {dag.py:2573} INFO - Sync 1 DAGs
[2024-04-25T01:23:05.464+0000] {logging_mixin.py:117} INFO - [2024-04-25T01:23:05.464+0000] {dag.py:3328} INFO - Setting next_dagrun for example_kubernetes_executor to None, run_after=None
[2024-04-25T01:23:05.485+0000] {processor.py:178} INFO - Processing /home/airflow/.local/lib/python3.7/site-packages/airflow/example_dags/example_kubernetes_executor.py took 0.122 seconds
[2024-04-25T01:23:35.547+0000] {processor.py:156} INFO - Started process (PID=12438) to work on /home/airflow/.local/lib/python3.7/site-packages/airflow/example_dags/example_kubernetes_executor.py
[2024-04-25T01:23:35.548+0000] {processor.py:758} INFO - Processing file /home/airflow/.local/lib/python3.7/site-packages/airflow/example_dags/example_kubernetes_executor.py for tasks to queue
[2024-04-25T01:23:35.549+0000] {logging_mixin.py:117} INFO - [2024-04-25T01:23:35.549+0000] {dagbag.py:525} INFO - Filling up the DagBag from /home/airflow/.local/lib/python3.7/site-packages/airflow/example_dags/example_kubernetes_executor.py
[2024-04-25T01:23:35.575+0000] {processor.py:768} INFO - DAG(s) dict_keys(['example_kubernetes_executor']) retrieved from /home/airflow/.local/lib/python3.7/site-packages/airflow/example_dags/example_kubernetes_executor.py
[2024-04-25T01:23:35.608+0000] {logging_mixin.py:117} INFO - [2024-04-25T01:23:35.608+0000] {dag.py:2573} INFO - Sync 1 DAGs
[2024-04-25T01:23:35.630+0000] {logging_mixin.py:117} INFO - [2024-04-25T01:23:35.630+0000] {dag.py:3328} INFO - Setting next_dagrun for example_kubernetes_executor to None, run_after=None
[2024-04-25T01:23:35.651+0000] {processor.py:178} INFO - Processing /home/airflow/.local/lib/python3.7/site-packages/airflow/example_dags/example_kubernetes_executor.py took 0.106 seconds
[2024-04-25T01:24:06.124+0000] {processor.py:156} INFO - Started process (PID=12657) to work on /home/airflow/.local/lib/python3.7/site-packages/airflow/example_dags/example_kubernetes_executor.py
[2024-04-25T01:24:06.125+0000] {processor.py:758} INFO - Processing file /home/airflow/.local/lib/python3.7/site-packages/airflow/example_dags/example_kubernetes_executor.py for tasks to queue
[2024-04-25T01:24:06.126+0000] {logging_mixin.py:117} INFO - [2024-04-25T01:24:06.126+0000] {dagbag.py:525} INFO - Filling up the DagBag from /home/airflow/.local/lib/python3.7/site-packages/airflow/example_dags/example_kubernetes_executor.py
[2024-04-25T01:24:06.150+0000] {processor.py:768} INFO - DAG(s) dict_keys(['example_kubernetes_executor']) retrieved from /home/airflow/.local/lib/python3.7/site-packages/airflow/example_dags/example_kubernetes_executor.py
[2024-04-25T01:24:06.184+0000] {logging_mixin.py:117} INFO - [2024-04-25T01:24:06.184+0000] {dag.py:2573} INFO - Sync 1 DAGs
[2024-04-25T01:24:06.207+0000] {logging_mixin.py:117} INFO - [2024-04-25T01:24:06.207+0000] {dag.py:3328} INFO - Setting next_dagrun for example_kubernetes_executor to None, run_after=None
[2024-04-25T01:24:06.231+0000] {processor.py:178} INFO - Processing /home/airflow/.local/lib/python3.7/site-packages/airflow/example_dags/example_kubernetes_executor.py took 0.111 seconds
[2024-04-25T01:24:37.111+0000] {processor.py:156} INFO - Started process (PID=12875) to work on /home/airflow/.local/lib/python3.7/site-packages/airflow/example_dags/example_kubernetes_executor.py
[2024-04-25T01:24:37.112+0000] {processor.py:758} INFO - Processing file /home/airflow/.local/lib/python3.7/site-packages/airflow/example_dags/example_kubernetes_executor.py for tasks to queue
[2024-04-25T01:24:37.113+0000] {logging_mixin.py:117} INFO - [2024-04-25T01:24:37.113+0000] {dagbag.py:525} INFO - Filling up the DagBag from /home/airflow/.local/lib/python3.7/site-packages/airflow/example_dags/example_kubernetes_executor.py
[2024-04-25T01:24:37.205+0000] {processor.py:768} INFO - DAG(s) dict_keys(['example_kubernetes_executor']) retrieved from /home/airflow/.local/lib/python3.7/site-packages/airflow/example_dags/example_kubernetes_executor.py
[2024-04-25T01:24:37.294+0000] {logging_mixin.py:117} INFO - [2024-04-25T01:24:37.294+0000] {dag.py:2573} INFO - Sync 1 DAGs
[2024-04-25T01:24:37.323+0000] {logging_mixin.py:117} INFO - [2024-04-25T01:24:37.323+0000] {dag.py:3328} INFO - Setting next_dagrun for example_kubernetes_executor to None, run_after=None
[2024-04-25T01:24:37.356+0000] {processor.py:178} INFO - Processing /home/airflow/.local/lib/python3.7/site-packages/airflow/example_dags/example_kubernetes_executor.py took 0.248 seconds
[2024-04-25T01:25:07.503+0000] {processor.py:156} INFO - Started process (PID=13082) to work on /home/airflow/.local/lib/python3.7/site-packages/airflow/example_dags/example_kubernetes_executor.py
[2024-04-25T01:25:07.504+0000] {processor.py:758} INFO - Processing file /home/airflow/.local/lib/python3.7/site-packages/airflow/example_dags/example_kubernetes_executor.py for tasks to queue
[2024-04-25T01:25:07.505+0000] {logging_mixin.py:117} INFO - [2024-04-25T01:25:07.504+0000] {dagbag.py:525} INFO - Filling up the DagBag from /home/airflow/.local/lib/python3.7/site-packages/airflow/example_dags/example_kubernetes_executor.py
[2024-04-25T01:25:07.540+0000] {processor.py:768} INFO - DAG(s) dict_keys(['example_kubernetes_executor']) retrieved from /home/airflow/.local/lib/python3.7/site-packages/airflow/example_dags/example_kubernetes_executor.py
[2024-04-25T01:25:07.575+0000] {logging_mixin.py:117} INFO - [2024-04-25T01:25:07.575+0000] {dag.py:2573} INFO - Sync 1 DAGs
[2024-04-25T01:25:07.598+0000] {logging_mixin.py:117} INFO - [2024-04-25T01:25:07.598+0000] {dag.py:3328} INFO - Setting next_dagrun for example_kubernetes_executor to None, run_after=None
[2024-04-25T01:25:07.618+0000] {processor.py:178} INFO - Processing /home/airflow/.local/lib/python3.7/site-packages/airflow/example_dags/example_kubernetes_executor.py took 0.120 seconds
[2024-04-25T01:25:38.186+0000] {processor.py:156} INFO - Started process (PID=13300) to work on /home/airflow/.local/lib/python3.7/site-packages/airflow/example_dags/example_kubernetes_executor.py
[2024-04-25T01:25:38.187+0000] {processor.py:758} INFO - Processing file /home/airflow/.local/lib/python3.7/site-packages/airflow/example_dags/example_kubernetes_executor.py for tasks to queue
[2024-04-25T01:25:38.188+0000] {logging_mixin.py:117} INFO - [2024-04-25T01:25:38.187+0000] {dagbag.py:525} INFO - Filling up the DagBag from /home/airflow/.local/lib/python3.7/site-packages/airflow/example_dags/example_kubernetes_executor.py
[2024-04-25T01:25:38.212+0000] {processor.py:768} INFO - DAG(s) dict_keys(['example_kubernetes_executor']) retrieved from /home/airflow/.local/lib/python3.7/site-packages/airflow/example_dags/example_kubernetes_executor.py
[2024-04-25T01:25:38.271+0000] {logging_mixin.py:117} INFO - [2024-04-25T01:25:38.270+0000] {dag.py:2573} INFO - Sync 1 DAGs
[2024-04-25T01:25:38.301+0000] {logging_mixin.py:117} INFO - [2024-04-25T01:25:38.300+0000] {dag.py:3328} INFO - Setting next_dagrun for example_kubernetes_executor to None, run_after=None
[2024-04-25T01:25:38.321+0000] {processor.py:178} INFO - Processing /home/airflow/.local/lib/python3.7/site-packages/airflow/example_dags/example_kubernetes_executor.py took 0.138 seconds
[2024-04-25T01:26:08.888+0000] {processor.py:156} INFO - Started process (PID=13509) to work on /home/airflow/.local/lib/python3.7/site-packages/airflow/example_dags/example_kubernetes_executor.py
[2024-04-25T01:26:08.888+0000] {processor.py:758} INFO - Processing file /home/airflow/.local/lib/python3.7/site-packages/airflow/example_dags/example_kubernetes_executor.py for tasks to queue
[2024-04-25T01:26:08.889+0000] {logging_mixin.py:117} INFO - [2024-04-25T01:26:08.889+0000] {dagbag.py:525} INFO - Filling up the DagBag from /home/airflow/.local/lib/python3.7/site-packages/airflow/example_dags/example_kubernetes_executor.py
[2024-04-25T01:26:08.912+0000] {processor.py:768} INFO - DAG(s) dict_keys(['example_kubernetes_executor']) retrieved from /home/airflow/.local/lib/python3.7/site-packages/airflow/example_dags/example_kubernetes_executor.py
[2024-04-25T01:26:08.948+0000] {logging_mixin.py:117} INFO - [2024-04-25T01:26:08.948+0000] {dag.py:2573} INFO - Sync 1 DAGs
[2024-04-25T01:26:08.969+0000] {logging_mixin.py:117} INFO - [2024-04-25T01:26:08.969+0000] {dag.py:3328} INFO - Setting next_dagrun for example_kubernetes_executor to None, run_after=None
[2024-04-25T01:26:08.991+0000] {processor.py:178} INFO - Processing /home/airflow/.local/lib/python3.7/site-packages/airflow/example_dags/example_kubernetes_executor.py took 0.105 seconds
[2024-04-25T01:26:39.848+0000] {processor.py:156} INFO - Started process (PID=13727) to work on /home/airflow/.local/lib/python3.7/site-packages/airflow/example_dags/example_kubernetes_executor.py
[2024-04-25T01:26:39.849+0000] {processor.py:758} INFO - Processing file /home/airflow/.local/lib/python3.7/site-packages/airflow/example_dags/example_kubernetes_executor.py for tasks to queue
[2024-04-25T01:26:39.850+0000] {logging_mixin.py:117} INFO - [2024-04-25T01:26:39.849+0000] {dagbag.py:525} INFO - Filling up the DagBag from /home/airflow/.local/lib/python3.7/site-packages/airflow/example_dags/example_kubernetes_executor.py
[2024-04-25T01:26:39.872+0000] {processor.py:768} INFO - DAG(s) dict_keys(['example_kubernetes_executor']) retrieved from /home/airflow/.local/lib/python3.7/site-packages/airflow/example_dags/example_kubernetes_executor.py
[2024-04-25T01:26:39.905+0000] {logging_mixin.py:117} INFO - [2024-04-25T01:26:39.905+0000] {dag.py:2573} INFO - Sync 1 DAGs
[2024-04-25T01:26:39.924+0000] {logging_mixin.py:117} INFO - [2024-04-25T01:26:39.924+0000] {dag.py:3328} INFO - Setting next_dagrun for example_kubernetes_executor to None, run_after=None
[2024-04-25T01:26:39.945+0000] {processor.py:178} INFO - Processing /home/airflow/.local/lib/python3.7/site-packages/airflow/example_dags/example_kubernetes_executor.py took 0.099 seconds
