[2024-04-25T00:54:25.442+0000] {processor.py:156} INFO - Started process (PID=236) to work on /home/airflow/.local/lib/python3.7/site-packages/airflow/example_dags/example_short_circuit_operator.py
[2024-04-25T00:54:25.444+0000] {processor.py:758} INFO - Processing file /home/airflow/.local/lib/python3.7/site-packages/airflow/example_dags/example_short_circuit_operator.py for tasks to queue
[2024-04-25T00:54:25.444+0000] {logging_mixin.py:117} INFO - [2024-04-25T00:54:25.444+0000] {dagbag.py:525} INFO - Filling up the DagBag from /home/airflow/.local/lib/python3.7/site-packages/airflow/example_dags/example_short_circuit_operator.py
[2024-04-25T00:54:25.469+0000] {processor.py:768} INFO - DAG(s) dict_keys(['example_short_circuit_operator']) retrieved from /home/airflow/.local/lib/python3.7/site-packages/airflow/example_dags/example_short_circuit_operator.py
[2024-04-25T00:54:25.546+0000] {logging_mixin.py:117} INFO - [2024-04-25T00:54:25.546+0000] {dag.py:2573} INFO - Sync 1 DAGs
[2024-04-25T00:54:25.614+0000] {logging_mixin.py:117} INFO - [2024-04-25T00:54:25.614+0000] {dag.py:3328} INFO - Setting next_dagrun for example_short_circuit_operator to 2024-04-24T00:54:25.613903+00:00, run_after=2024-04-25T00:54:25.613903+00:00
[2024-04-25T00:54:25.655+0000] {processor.py:178} INFO - Processing /home/airflow/.local/lib/python3.7/site-packages/airflow/example_dags/example_short_circuit_operator.py took 0.216 seconds
[2024-04-25T00:54:56.523+0000] {processor.py:156} INFO - Started process (PID=451) to work on /home/airflow/.local/lib/python3.7/site-packages/airflow/example_dags/example_short_circuit_operator.py
[2024-04-25T00:54:56.524+0000] {processor.py:758} INFO - Processing file /home/airflow/.local/lib/python3.7/site-packages/airflow/example_dags/example_short_circuit_operator.py for tasks to queue
[2024-04-25T00:54:56.526+0000] {logging_mixin.py:117} INFO - [2024-04-25T00:54:56.526+0000] {dagbag.py:525} INFO - Filling up the DagBag from /home/airflow/.local/lib/python3.7/site-packages/airflow/example_dags/example_short_circuit_operator.py
[2024-04-25T00:54:56.570+0000] {processor.py:768} INFO - DAG(s) dict_keys(['example_short_circuit_operator']) retrieved from /home/airflow/.local/lib/python3.7/site-packages/airflow/example_dags/example_short_circuit_operator.py
[2024-04-25T00:54:56.678+0000] {logging_mixin.py:117} INFO - [2024-04-25T00:54:56.677+0000] {dag.py:2573} INFO - Sync 1 DAGs
[2024-04-25T00:54:56.744+0000] {logging_mixin.py:117} INFO - [2024-04-25T00:54:56.744+0000] {dag.py:3328} INFO - Setting next_dagrun for example_short_circuit_operator to 2024-04-24T00:54:56.743679+00:00, run_after=2024-04-25T00:54:56.743679+00:00
[2024-04-25T00:54:56.779+0000] {processor.py:178} INFO - Processing /home/airflow/.local/lib/python3.7/site-packages/airflow/example_dags/example_short_circuit_operator.py took 0.260 seconds
[2024-04-25T00:55:27.401+0000] {processor.py:156} INFO - Started process (PID=662) to work on /home/airflow/.local/lib/python3.7/site-packages/airflow/example_dags/example_short_circuit_operator.py
[2024-04-25T00:55:27.403+0000] {processor.py:758} INFO - Processing file /home/airflow/.local/lib/python3.7/site-packages/airflow/example_dags/example_short_circuit_operator.py for tasks to queue
[2024-04-25T00:55:27.404+0000] {logging_mixin.py:117} INFO - [2024-04-25T00:55:27.404+0000] {dagbag.py:525} INFO - Filling up the DagBag from /home/airflow/.local/lib/python3.7/site-packages/airflow/example_dags/example_short_circuit_operator.py
[2024-04-25T00:55:27.425+0000] {processor.py:768} INFO - DAG(s) dict_keys(['example_short_circuit_operator']) retrieved from /home/airflow/.local/lib/python3.7/site-packages/airflow/example_dags/example_short_circuit_operator.py
[2024-04-25T00:55:27.474+0000] {logging_mixin.py:117} INFO - [2024-04-25T00:55:27.474+0000] {dag.py:2573} INFO - Sync 1 DAGs
[2024-04-25T00:55:27.505+0000] {logging_mixin.py:117} INFO - [2024-04-25T00:55:27.505+0000] {dag.py:3328} INFO - Setting next_dagrun for example_short_circuit_operator to 2024-04-24T00:55:27.505492+00:00, run_after=2024-04-25T00:55:27.505492+00:00
[2024-04-25T00:55:27.530+0000] {processor.py:178} INFO - Processing /home/airflow/.local/lib/python3.7/site-packages/airflow/example_dags/example_short_circuit_operator.py took 0.132 seconds
[2024-04-25T00:55:58.450+0000] {processor.py:156} INFO - Started process (PID=881) to work on /home/airflow/.local/lib/python3.7/site-packages/airflow/example_dags/example_short_circuit_operator.py
[2024-04-25T00:55:58.451+0000] {processor.py:758} INFO - Processing file /home/airflow/.local/lib/python3.7/site-packages/airflow/example_dags/example_short_circuit_operator.py for tasks to queue
[2024-04-25T00:55:58.452+0000] {logging_mixin.py:117} INFO - [2024-04-25T00:55:58.451+0000] {dagbag.py:525} INFO - Filling up the DagBag from /home/airflow/.local/lib/python3.7/site-packages/airflow/example_dags/example_short_circuit_operator.py
[2024-04-25T00:55:58.472+0000] {processor.py:768} INFO - DAG(s) dict_keys(['example_short_circuit_operator']) retrieved from /home/airflow/.local/lib/python3.7/site-packages/airflow/example_dags/example_short_circuit_operator.py
[2024-04-25T00:55:58.524+0000] {logging_mixin.py:117} INFO - [2024-04-25T00:55:58.524+0000] {dag.py:2573} INFO - Sync 1 DAGs
[2024-04-25T00:55:58.556+0000] {logging_mixin.py:117} INFO - [2024-04-25T00:55:58.556+0000] {dag.py:3328} INFO - Setting next_dagrun for example_short_circuit_operator to 2024-04-24T00:55:58.555999+00:00, run_after=2024-04-25T00:55:58.555999+00:00
[2024-04-25T00:55:58.587+0000] {processor.py:178} INFO - Processing /home/airflow/.local/lib/python3.7/site-packages/airflow/example_dags/example_short_circuit_operator.py took 0.140 seconds
[2024-04-25T00:56:29.915+0000] {processor.py:156} INFO - Started process (PID=1098) to work on /home/airflow/.local/lib/python3.7/site-packages/airflow/example_dags/example_short_circuit_operator.py
[2024-04-25T00:56:29.915+0000] {processor.py:758} INFO - Processing file /home/airflow/.local/lib/python3.7/site-packages/airflow/example_dags/example_short_circuit_operator.py for tasks to queue
[2024-04-25T00:56:29.917+0000] {logging_mixin.py:117} INFO - [2024-04-25T00:56:29.917+0000] {dagbag.py:525} INFO - Filling up the DagBag from /home/airflow/.local/lib/python3.7/site-packages/airflow/example_dags/example_short_circuit_operator.py
[2024-04-25T00:56:29.957+0000] {processor.py:768} INFO - DAG(s) dict_keys(['example_short_circuit_operator']) retrieved from /home/airflow/.local/lib/python3.7/site-packages/airflow/example_dags/example_short_circuit_operator.py
[2024-04-25T00:56:30.091+0000] {logging_mixin.py:117} INFO - [2024-04-25T00:56:30.091+0000] {dag.py:2573} INFO - Sync 1 DAGs
[2024-04-25T00:56:30.157+0000] {logging_mixin.py:117} INFO - [2024-04-25T00:56:30.157+0000] {dag.py:3328} INFO - Setting next_dagrun for example_short_circuit_operator to 2024-04-24T00:56:30.157170+00:00, run_after=2024-04-25T00:56:30.157170+00:00
[2024-04-25T00:56:30.201+0000] {processor.py:178} INFO - Processing /home/airflow/.local/lib/python3.7/site-packages/airflow/example_dags/example_short_circuit_operator.py took 0.289 seconds
[2024-04-25T00:57:00.267+0000] {processor.py:156} INFO - Started process (PID=1306) to work on /home/airflow/.local/lib/python3.7/site-packages/airflow/example_dags/example_short_circuit_operator.py
[2024-04-25T00:57:00.267+0000] {processor.py:758} INFO - Processing file /home/airflow/.local/lib/python3.7/site-packages/airflow/example_dags/example_short_circuit_operator.py for tasks to queue
[2024-04-25T00:57:00.268+0000] {logging_mixin.py:117} INFO - [2024-04-25T00:57:00.268+0000] {dagbag.py:525} INFO - Filling up the DagBag from /home/airflow/.local/lib/python3.7/site-packages/airflow/example_dags/example_short_circuit_operator.py
[2024-04-25T00:57:00.288+0000] {processor.py:768} INFO - DAG(s) dict_keys(['example_short_circuit_operator']) retrieved from /home/airflow/.local/lib/python3.7/site-packages/airflow/example_dags/example_short_circuit_operator.py
[2024-04-25T00:57:00.350+0000] {logging_mixin.py:117} INFO - [2024-04-25T00:57:00.350+0000] {dag.py:2573} INFO - Sync 1 DAGs
[2024-04-25T00:57:00.547+0000] {logging_mixin.py:117} INFO - [2024-04-25T00:57:00.547+0000] {dag.py:3328} INFO - Setting next_dagrun for example_short_circuit_operator to 2024-04-24T00:57:00.547428+00:00, run_after=2024-04-25T00:57:00.547428+00:00
[2024-04-25T00:57:00.576+0000] {processor.py:178} INFO - Processing /home/airflow/.local/lib/python3.7/site-packages/airflow/example_dags/example_short_circuit_operator.py took 0.313 seconds
[2024-04-25T00:57:31.439+0000] {processor.py:156} INFO - Started process (PID=1523) to work on /home/airflow/.local/lib/python3.7/site-packages/airflow/example_dags/example_short_circuit_operator.py
[2024-04-25T00:57:31.440+0000] {processor.py:758} INFO - Processing file /home/airflow/.local/lib/python3.7/site-packages/airflow/example_dags/example_short_circuit_operator.py for tasks to queue
[2024-04-25T00:57:31.441+0000] {logging_mixin.py:117} INFO - [2024-04-25T00:57:31.441+0000] {dagbag.py:525} INFO - Filling up the DagBag from /home/airflow/.local/lib/python3.7/site-packages/airflow/example_dags/example_short_circuit_operator.py
[2024-04-25T00:57:31.470+0000] {processor.py:768} INFO - DAG(s) dict_keys(['example_short_circuit_operator']) retrieved from /home/airflow/.local/lib/python3.7/site-packages/airflow/example_dags/example_short_circuit_operator.py
[2024-04-25T00:57:31.544+0000] {logging_mixin.py:117} INFO - [2024-04-25T00:57:31.543+0000] {dag.py:2573} INFO - Sync 1 DAGs
[2024-04-25T00:57:31.715+0000] {logging_mixin.py:117} INFO - [2024-04-25T00:57:31.715+0000] {dag.py:3328} INFO - Setting next_dagrun for example_short_circuit_operator to 2024-04-24T00:57:31.715212+00:00, run_after=2024-04-25T00:57:31.715212+00:00
[2024-04-25T00:57:31.738+0000] {processor.py:178} INFO - Processing /home/airflow/.local/lib/python3.7/site-packages/airflow/example_dags/example_short_circuit_operator.py took 0.302 seconds
[2024-04-25T00:58:02.398+0000] {processor.py:156} INFO - Started process (PID=1740) to work on /home/airflow/.local/lib/python3.7/site-packages/airflow/example_dags/example_short_circuit_operator.py
[2024-04-25T00:58:02.399+0000] {processor.py:758} INFO - Processing file /home/airflow/.local/lib/python3.7/site-packages/airflow/example_dags/example_short_circuit_operator.py for tasks to queue
[2024-04-25T00:58:02.409+0000] {logging_mixin.py:117} INFO - [2024-04-25T00:58:02.409+0000] {dagbag.py:525} INFO - Filling up the DagBag from /home/airflow/.local/lib/python3.7/site-packages/airflow/example_dags/example_short_circuit_operator.py
[2024-04-25T00:58:02.437+0000] {processor.py:768} INFO - DAG(s) dict_keys(['example_short_circuit_operator']) retrieved from /home/airflow/.local/lib/python3.7/site-packages/airflow/example_dags/example_short_circuit_operator.py
[2024-04-25T00:58:02.817+0000] {logging_mixin.py:117} INFO - [2024-04-25T00:58:02.817+0000] {dag.py:2573} INFO - Sync 1 DAGs
[2024-04-25T00:58:02.913+0000] {logging_mixin.py:117} INFO - [2024-04-25T00:58:02.913+0000] {dag.py:3328} INFO - Setting next_dagrun for example_short_circuit_operator to 2024-04-24T00:58:02.913525+00:00, run_after=2024-04-25T00:58:02.913525+00:00
[2024-04-25T00:58:02.989+0000] {processor.py:178} INFO - Processing /home/airflow/.local/lib/python3.7/site-packages/airflow/example_dags/example_short_circuit_operator.py took 0.594 seconds
[2024-04-25T00:58:33.526+0000] {processor.py:156} INFO - Started process (PID=1949) to work on /home/airflow/.local/lib/python3.7/site-packages/airflow/example_dags/example_short_circuit_operator.py
[2024-04-25T00:58:33.527+0000] {processor.py:758} INFO - Processing file /home/airflow/.local/lib/python3.7/site-packages/airflow/example_dags/example_short_circuit_operator.py for tasks to queue
[2024-04-25T00:58:33.528+0000] {logging_mixin.py:117} INFO - [2024-04-25T00:58:33.528+0000] {dagbag.py:525} INFO - Filling up the DagBag from /home/airflow/.local/lib/python3.7/site-packages/airflow/example_dags/example_short_circuit_operator.py
[2024-04-25T00:58:33.576+0000] {processor.py:768} INFO - DAG(s) dict_keys(['example_short_circuit_operator']) retrieved from /home/airflow/.local/lib/python3.7/site-packages/airflow/example_dags/example_short_circuit_operator.py
[2024-04-25T00:58:33.819+0000] {logging_mixin.py:117} INFO - [2024-04-25T00:58:33.819+0000] {dag.py:2573} INFO - Sync 1 DAGs
[2024-04-25T00:58:33.847+0000] {logging_mixin.py:117} INFO - [2024-04-25T00:58:33.847+0000] {dag.py:3328} INFO - Setting next_dagrun for example_short_circuit_operator to 2024-04-24T00:58:33.847390+00:00, run_after=2024-04-25T00:58:33.847390+00:00
[2024-04-25T00:58:33.872+0000] {processor.py:178} INFO - Processing /home/airflow/.local/lib/python3.7/site-packages/airflow/example_dags/example_short_circuit_operator.py took 0.362 seconds
[2024-04-25T00:59:04.239+0000] {processor.py:156} INFO - Started process (PID=2164) to work on /home/airflow/.local/lib/python3.7/site-packages/airflow/example_dags/example_short_circuit_operator.py
[2024-04-25T00:59:04.242+0000] {processor.py:758} INFO - Processing file /home/airflow/.local/lib/python3.7/site-packages/airflow/example_dags/example_short_circuit_operator.py for tasks to queue
[2024-04-25T00:59:04.242+0000] {logging_mixin.py:117} INFO - [2024-04-25T00:59:04.242+0000] {dagbag.py:525} INFO - Filling up the DagBag from /home/airflow/.local/lib/python3.7/site-packages/airflow/example_dags/example_short_circuit_operator.py
[2024-04-25T00:59:04.449+0000] {processor.py:768} INFO - DAG(s) dict_keys(['example_short_circuit_operator']) retrieved from /home/airflow/.local/lib/python3.7/site-packages/airflow/example_dags/example_short_circuit_operator.py
[2024-04-25T00:59:04.542+0000] {logging_mixin.py:117} INFO - [2024-04-25T00:59:04.542+0000] {dag.py:2573} INFO - Sync 1 DAGs
[2024-04-25T00:59:04.601+0000] {logging_mixin.py:117} INFO - [2024-04-25T00:59:04.601+0000] {dag.py:3328} INFO - Setting next_dagrun for example_short_circuit_operator to 2024-04-24T00:59:04.601168+00:00, run_after=2024-04-25T00:59:04.601168+00:00
[2024-04-25T00:59:04.638+0000] {processor.py:178} INFO - Processing /home/airflow/.local/lib/python3.7/site-packages/airflow/example_dags/example_short_circuit_operator.py took 0.402 seconds
[2024-04-25T00:59:36.759+0000] {processor.py:156} INFO - Started process (PID=2384) to work on /home/airflow/.local/lib/python3.7/site-packages/airflow/example_dags/example_short_circuit_operator.py
[2024-04-25T00:59:36.760+0000] {processor.py:758} INFO - Processing file /home/airflow/.local/lib/python3.7/site-packages/airflow/example_dags/example_short_circuit_operator.py for tasks to queue
[2024-04-25T00:59:36.761+0000] {logging_mixin.py:117} INFO - [2024-04-25T00:59:36.760+0000] {dagbag.py:525} INFO - Filling up the DagBag from /home/airflow/.local/lib/python3.7/site-packages/airflow/example_dags/example_short_circuit_operator.py
[2024-04-25T00:59:36.797+0000] {processor.py:768} INFO - DAG(s) dict_keys(['example_short_circuit_operator']) retrieved from /home/airflow/.local/lib/python3.7/site-packages/airflow/example_dags/example_short_circuit_operator.py
[2024-04-25T00:59:36.878+0000] {logging_mixin.py:117} INFO - [2024-04-25T00:59:36.878+0000] {dag.py:2573} INFO - Sync 1 DAGs
[2024-04-25T00:59:37.098+0000] {logging_mixin.py:117} INFO - [2024-04-25T00:59:37.098+0000] {dag.py:3328} INFO - Setting next_dagrun for example_short_circuit_operator to 2024-04-24T00:59:37.097932+00:00, run_after=2024-04-25T00:59:37.097932+00:00
[2024-04-25T00:59:37.137+0000] {processor.py:178} INFO - Processing /home/airflow/.local/lib/python3.7/site-packages/airflow/example_dags/example_short_circuit_operator.py took 0.381 seconds
[2024-04-25T01:00:08.359+0000] {processor.py:156} INFO - Started process (PID=2593) to work on /home/airflow/.local/lib/python3.7/site-packages/airflow/example_dags/example_short_circuit_operator.py
[2024-04-25T01:00:08.362+0000] {processor.py:758} INFO - Processing file /home/airflow/.local/lib/python3.7/site-packages/airflow/example_dags/example_short_circuit_operator.py for tasks to queue
[2024-04-25T01:00:08.363+0000] {logging_mixin.py:117} INFO - [2024-04-25T01:00:08.363+0000] {dagbag.py:525} INFO - Filling up the DagBag from /home/airflow/.local/lib/python3.7/site-packages/airflow/example_dags/example_short_circuit_operator.py
[2024-04-25T01:00:08.400+0000] {processor.py:768} INFO - DAG(s) dict_keys(['example_short_circuit_operator']) retrieved from /home/airflow/.local/lib/python3.7/site-packages/airflow/example_dags/example_short_circuit_operator.py
[2024-04-25T01:00:08.611+0000] {logging_mixin.py:117} INFO - [2024-04-25T01:00:08.611+0000] {dag.py:2573} INFO - Sync 1 DAGs
[2024-04-25T01:00:08.638+0000] {logging_mixin.py:117} INFO - [2024-04-25T01:00:08.638+0000] {dag.py:3328} INFO - Setting next_dagrun for example_short_circuit_operator to 2024-04-24T01:00:08.638091+00:00, run_after=2024-04-25T01:00:08.638091+00:00
[2024-04-25T01:00:08.665+0000] {processor.py:178} INFO - Processing /home/airflow/.local/lib/python3.7/site-packages/airflow/example_dags/example_short_circuit_operator.py took 0.310 seconds
[2024-04-25T01:00:39.112+0000] {processor.py:156} INFO - Started process (PID=2812) to work on /home/airflow/.local/lib/python3.7/site-packages/airflow/example_dags/example_short_circuit_operator.py
[2024-04-25T01:00:39.113+0000] {processor.py:758} INFO - Processing file /home/airflow/.local/lib/python3.7/site-packages/airflow/example_dags/example_short_circuit_operator.py for tasks to queue
[2024-04-25T01:00:39.114+0000] {logging_mixin.py:117} INFO - [2024-04-25T01:00:39.113+0000] {dagbag.py:525} INFO - Filling up the DagBag from /home/airflow/.local/lib/python3.7/site-packages/airflow/example_dags/example_short_circuit_operator.py
[2024-04-25T01:00:39.133+0000] {processor.py:768} INFO - DAG(s) dict_keys(['example_short_circuit_operator']) retrieved from /home/airflow/.local/lib/python3.7/site-packages/airflow/example_dags/example_short_circuit_operator.py
[2024-04-25T01:00:39.323+0000] {logging_mixin.py:117} INFO - [2024-04-25T01:00:39.323+0000] {dag.py:2573} INFO - Sync 1 DAGs
[2024-04-25T01:00:39.351+0000] {logging_mixin.py:117} INFO - [2024-04-25T01:00:39.350+0000] {dag.py:3328} INFO - Setting next_dagrun for example_short_circuit_operator to 2024-04-24T01:00:39.350773+00:00, run_after=2024-04-25T01:00:39.350773+00:00
[2024-04-25T01:00:39.376+0000] {processor.py:178} INFO - Processing /home/airflow/.local/lib/python3.7/site-packages/airflow/example_dags/example_short_circuit_operator.py took 0.269 seconds
[2024-04-25T01:01:09.931+0000] {processor.py:156} INFO - Started process (PID=3029) to work on /home/airflow/.local/lib/python3.7/site-packages/airflow/example_dags/example_short_circuit_operator.py
[2024-04-25T01:01:09.931+0000] {processor.py:758} INFO - Processing file /home/airflow/.local/lib/python3.7/site-packages/airflow/example_dags/example_short_circuit_operator.py for tasks to queue
[2024-04-25T01:01:09.932+0000] {logging_mixin.py:117} INFO - [2024-04-25T01:01:09.932+0000] {dagbag.py:525} INFO - Filling up the DagBag from /home/airflow/.local/lib/python3.7/site-packages/airflow/example_dags/example_short_circuit_operator.py
[2024-04-25T01:01:10.139+0000] {processor.py:768} INFO - DAG(s) dict_keys(['example_short_circuit_operator']) retrieved from /home/airflow/.local/lib/python3.7/site-packages/airflow/example_dags/example_short_circuit_operator.py
[2024-04-25T01:01:10.181+0000] {logging_mixin.py:117} INFO - [2024-04-25T01:01:10.181+0000] {dag.py:2573} INFO - Sync 1 DAGs
[2024-04-25T01:01:10.217+0000] {logging_mixin.py:117} INFO - [2024-04-25T01:01:10.217+0000] {dag.py:3328} INFO - Setting next_dagrun for example_short_circuit_operator to 2024-04-24T01:01:10.217171+00:00, run_after=2024-04-25T01:01:10.217171+00:00
[2024-04-25T01:01:10.301+0000] {processor.py:178} INFO - Processing /home/airflow/.local/lib/python3.7/site-packages/airflow/example_dags/example_short_circuit_operator.py took 0.374 seconds
[2024-04-25T01:01:40.603+0000] {processor.py:156} INFO - Started process (PID=3238) to work on /home/airflow/.local/lib/python3.7/site-packages/airflow/example_dags/example_short_circuit_operator.py
[2024-04-25T01:01:40.604+0000] {processor.py:758} INFO - Processing file /home/airflow/.local/lib/python3.7/site-packages/airflow/example_dags/example_short_circuit_operator.py for tasks to queue
[2024-04-25T01:01:40.605+0000] {logging_mixin.py:117} INFO - [2024-04-25T01:01:40.605+0000] {dagbag.py:525} INFO - Filling up the DagBag from /home/airflow/.local/lib/python3.7/site-packages/airflow/example_dags/example_short_circuit_operator.py
[2024-04-25T01:01:40.627+0000] {processor.py:768} INFO - DAG(s) dict_keys(['example_short_circuit_operator']) retrieved from /home/airflow/.local/lib/python3.7/site-packages/airflow/example_dags/example_short_circuit_operator.py
[2024-04-25T01:01:40.676+0000] {logging_mixin.py:117} INFO - [2024-04-25T01:01:40.676+0000] {dag.py:2573} INFO - Sync 1 DAGs
[2024-04-25T01:01:40.849+0000] {logging_mixin.py:117} INFO - [2024-04-25T01:01:40.849+0000] {dag.py:3328} INFO - Setting next_dagrun for example_short_circuit_operator to 2024-04-24T01:01:40.849484+00:00, run_after=2024-04-25T01:01:40.849484+00:00
[2024-04-25T01:01:40.874+0000] {processor.py:178} INFO - Processing /home/airflow/.local/lib/python3.7/site-packages/airflow/example_dags/example_short_circuit_operator.py took 0.274 seconds
[2024-04-25T01:02:12.151+0000] {processor.py:156} INFO - Started process (PID=3456) to work on /home/airflow/.local/lib/python3.7/site-packages/airflow/example_dags/example_short_circuit_operator.py
[2024-04-25T01:02:12.156+0000] {processor.py:758} INFO - Processing file /home/airflow/.local/lib/python3.7/site-packages/airflow/example_dags/example_short_circuit_operator.py for tasks to queue
[2024-04-25T01:02:12.156+0000] {logging_mixin.py:117} INFO - [2024-04-25T01:02:12.156+0000] {dagbag.py:525} INFO - Filling up the DagBag from /home/airflow/.local/lib/python3.7/site-packages/airflow/example_dags/example_short_circuit_operator.py
[2024-04-25T01:02:12.224+0000] {processor.py:768} INFO - DAG(s) dict_keys(['example_short_circuit_operator']) retrieved from /home/airflow/.local/lib/python3.7/site-packages/airflow/example_dags/example_short_circuit_operator.py
[2024-04-25T01:02:12.794+0000] {logging_mixin.py:117} INFO - [2024-04-25T01:02:12.794+0000] {dag.py:2573} INFO - Sync 1 DAGs
[2024-04-25T01:02:12.866+0000] {logging_mixin.py:117} INFO - [2024-04-25T01:02:12.866+0000] {dag.py:3328} INFO - Setting next_dagrun for example_short_circuit_operator to 2024-04-24T01:02:12.866048+00:00, run_after=2024-04-25T01:02:12.866048+00:00
[2024-04-25T01:02:12.911+0000] {processor.py:178} INFO - Processing /home/airflow/.local/lib/python3.7/site-packages/airflow/example_dags/example_short_circuit_operator.py took 0.777 seconds
[2024-04-25T01:02:43.208+0000] {processor.py:156} INFO - Started process (PID=3672) to work on /home/airflow/.local/lib/python3.7/site-packages/airflow/example_dags/example_short_circuit_operator.py
[2024-04-25T01:02:43.210+0000] {processor.py:758} INFO - Processing file /home/airflow/.local/lib/python3.7/site-packages/airflow/example_dags/example_short_circuit_operator.py for tasks to queue
[2024-04-25T01:02:43.212+0000] {logging_mixin.py:117} INFO - [2024-04-25T01:02:43.212+0000] {dagbag.py:525} INFO - Filling up the DagBag from /home/airflow/.local/lib/python3.7/site-packages/airflow/example_dags/example_short_circuit_operator.py
[2024-04-25T01:02:43.296+0000] {processor.py:768} INFO - DAG(s) dict_keys(['example_short_circuit_operator']) retrieved from /home/airflow/.local/lib/python3.7/site-packages/airflow/example_dags/example_short_circuit_operator.py
[2024-04-25T01:02:43.709+0000] {logging_mixin.py:117} INFO - [2024-04-25T01:02:43.709+0000] {dag.py:2573} INFO - Sync 1 DAGs
[2024-04-25T01:02:43.793+0000] {logging_mixin.py:117} INFO - [2024-04-25T01:02:43.793+0000] {dag.py:3328} INFO - Setting next_dagrun for example_short_circuit_operator to 2024-04-24T01:02:43.789827+00:00, run_after=2024-04-25T01:02:43.789827+00:00
[2024-04-25T01:02:43.836+0000] {processor.py:178} INFO - Processing /home/airflow/.local/lib/python3.7/site-packages/airflow/example_dags/example_short_circuit_operator.py took 0.639 seconds
[2024-04-25T01:03:13.923+0000] {processor.py:156} INFO - Started process (PID=3880) to work on /home/airflow/.local/lib/python3.7/site-packages/airflow/example_dags/example_short_circuit_operator.py
[2024-04-25T01:03:13.924+0000] {processor.py:758} INFO - Processing file /home/airflow/.local/lib/python3.7/site-packages/airflow/example_dags/example_short_circuit_operator.py for tasks to queue
[2024-04-25T01:03:13.924+0000] {logging_mixin.py:117} INFO - [2024-04-25T01:03:13.924+0000] {dagbag.py:525} INFO - Filling up the DagBag from /home/airflow/.local/lib/python3.7/site-packages/airflow/example_dags/example_short_circuit_operator.py
[2024-04-25T01:03:14.107+0000] {processor.py:768} INFO - DAG(s) dict_keys(['example_short_circuit_operator']) retrieved from /home/airflow/.local/lib/python3.7/site-packages/airflow/example_dags/example_short_circuit_operator.py
[2024-04-25T01:03:14.137+0000] {logging_mixin.py:117} INFO - [2024-04-25T01:03:14.137+0000] {dag.py:2573} INFO - Sync 1 DAGs
[2024-04-25T01:03:14.156+0000] {logging_mixin.py:117} INFO - [2024-04-25T01:03:14.155+0000] {dag.py:3328} INFO - Setting next_dagrun for example_short_circuit_operator to 2024-04-24T01:03:14.155812+00:00, run_after=2024-04-25T01:03:14.155812+00:00
[2024-04-25T01:03:14.175+0000] {processor.py:178} INFO - Processing /home/airflow/.local/lib/python3.7/site-packages/airflow/example_dags/example_short_circuit_operator.py took 0.255 seconds
[2024-04-25T01:03:44.698+0000] {processor.py:156} INFO - Started process (PID=4097) to work on /home/airflow/.local/lib/python3.7/site-packages/airflow/example_dags/example_short_circuit_operator.py
[2024-04-25T01:03:44.699+0000] {processor.py:758} INFO - Processing file /home/airflow/.local/lib/python3.7/site-packages/airflow/example_dags/example_short_circuit_operator.py for tasks to queue
[2024-04-25T01:03:44.700+0000] {logging_mixin.py:117} INFO - [2024-04-25T01:03:44.700+0000] {dagbag.py:525} INFO - Filling up the DagBag from /home/airflow/.local/lib/python3.7/site-packages/airflow/example_dags/example_short_circuit_operator.py
[2024-04-25T01:03:44.714+0000] {processor.py:768} INFO - DAG(s) dict_keys(['example_short_circuit_operator']) retrieved from /home/airflow/.local/lib/python3.7/site-packages/airflow/example_dags/example_short_circuit_operator.py
[2024-04-25T01:03:44.747+0000] {logging_mixin.py:117} INFO - [2024-04-25T01:03:44.747+0000] {dag.py:2573} INFO - Sync 1 DAGs
[2024-04-25T01:03:44.766+0000] {logging_mixin.py:117} INFO - [2024-04-25T01:03:44.766+0000] {dag.py:3328} INFO - Setting next_dagrun for example_short_circuit_operator to 2024-04-24T01:03:44.766343+00:00, run_after=2024-04-25T01:03:44.766343+00:00
[2024-04-25T01:03:44.786+0000] {processor.py:178} INFO - Processing /home/airflow/.local/lib/python3.7/site-packages/airflow/example_dags/example_short_circuit_operator.py took 0.090 seconds
[2024-04-25T01:04:15.589+0000] {processor.py:156} INFO - Started process (PID=4314) to work on /home/airflow/.local/lib/python3.7/site-packages/airflow/example_dags/example_short_circuit_operator.py
[2024-04-25T01:04:15.590+0000] {processor.py:758} INFO - Processing file /home/airflow/.local/lib/python3.7/site-packages/airflow/example_dags/example_short_circuit_operator.py for tasks to queue
[2024-04-25T01:04:15.590+0000] {logging_mixin.py:117} INFO - [2024-04-25T01:04:15.590+0000] {dagbag.py:525} INFO - Filling up the DagBag from /home/airflow/.local/lib/python3.7/site-packages/airflow/example_dags/example_short_circuit_operator.py
[2024-04-25T01:04:15.612+0000] {processor.py:768} INFO - DAG(s) dict_keys(['example_short_circuit_operator']) retrieved from /home/airflow/.local/lib/python3.7/site-packages/airflow/example_dags/example_short_circuit_operator.py
[2024-04-25T01:04:15.662+0000] {logging_mixin.py:117} INFO - [2024-04-25T01:04:15.662+0000] {dag.py:2573} INFO - Sync 1 DAGs
[2024-04-25T01:04:15.693+0000] {logging_mixin.py:117} INFO - [2024-04-25T01:04:15.693+0000] {dag.py:3328} INFO - Setting next_dagrun for example_short_circuit_operator to 2024-04-24T01:04:15.693253+00:00, run_after=2024-04-25T01:04:15.693253+00:00
[2024-04-25T01:04:15.719+0000] {processor.py:178} INFO - Processing /home/airflow/.local/lib/python3.7/site-packages/airflow/example_dags/example_short_circuit_operator.py took 0.133 seconds
[2024-04-25T01:04:46.108+0000] {processor.py:156} INFO - Started process (PID=4524) to work on /home/airflow/.local/lib/python3.7/site-packages/airflow/example_dags/example_short_circuit_operator.py
[2024-04-25T01:04:46.109+0000] {processor.py:758} INFO - Processing file /home/airflow/.local/lib/python3.7/site-packages/airflow/example_dags/example_short_circuit_operator.py for tasks to queue
[2024-04-25T01:04:46.109+0000] {logging_mixin.py:117} INFO - [2024-04-25T01:04:46.109+0000] {dagbag.py:525} INFO - Filling up the DagBag from /home/airflow/.local/lib/python3.7/site-packages/airflow/example_dags/example_short_circuit_operator.py
[2024-04-25T01:04:46.125+0000] {processor.py:768} INFO - DAG(s) dict_keys(['example_short_circuit_operator']) retrieved from /home/airflow/.local/lib/python3.7/site-packages/airflow/example_dags/example_short_circuit_operator.py
[2024-04-25T01:04:46.158+0000] {logging_mixin.py:117} INFO - [2024-04-25T01:04:46.158+0000] {dag.py:2573} INFO - Sync 1 DAGs
[2024-04-25T01:04:46.178+0000] {logging_mixin.py:117} INFO - [2024-04-25T01:04:46.178+0000] {dag.py:3328} INFO - Setting next_dagrun for example_short_circuit_operator to 2024-04-24T01:04:46.178137+00:00, run_after=2024-04-25T01:04:46.178137+00:00
[2024-04-25T01:04:46.201+0000] {processor.py:178} INFO - Processing /home/airflow/.local/lib/python3.7/site-packages/airflow/example_dags/example_short_circuit_operator.py took 0.096 seconds
[2024-04-25T01:05:16.919+0000] {processor.py:156} INFO - Started process (PID=4742) to work on /home/airflow/.local/lib/python3.7/site-packages/airflow/example_dags/example_short_circuit_operator.py
[2024-04-25T01:05:16.920+0000] {processor.py:758} INFO - Processing file /home/airflow/.local/lib/python3.7/site-packages/airflow/example_dags/example_short_circuit_operator.py for tasks to queue
[2024-04-25T01:05:16.921+0000] {logging_mixin.py:117} INFO - [2024-04-25T01:05:16.921+0000] {dagbag.py:525} INFO - Filling up the DagBag from /home/airflow/.local/lib/python3.7/site-packages/airflow/example_dags/example_short_circuit_operator.py
[2024-04-25T01:05:16.936+0000] {processor.py:768} INFO - DAG(s) dict_keys(['example_short_circuit_operator']) retrieved from /home/airflow/.local/lib/python3.7/site-packages/airflow/example_dags/example_short_circuit_operator.py
[2024-04-25T01:05:16.977+0000] {logging_mixin.py:117} INFO - [2024-04-25T01:05:16.977+0000] {dag.py:2573} INFO - Sync 1 DAGs
[2024-04-25T01:05:17.000+0000] {logging_mixin.py:117} INFO - [2024-04-25T01:05:16.999+0000] {dag.py:3328} INFO - Setting next_dagrun for example_short_circuit_operator to 2024-04-24T01:05:16.999727+00:00, run_after=2024-04-25T01:05:16.999727+00:00
[2024-04-25T01:05:17.019+0000] {processor.py:178} INFO - Processing /home/airflow/.local/lib/python3.7/site-packages/airflow/example_dags/example_short_circuit_operator.py took 0.102 seconds
[2024-04-25T01:05:47.063+0000] {processor.py:156} INFO - Started process (PID=4960) to work on /home/airflow/.local/lib/python3.7/site-packages/airflow/example_dags/example_short_circuit_operator.py
[2024-04-25T01:05:47.064+0000] {processor.py:758} INFO - Processing file /home/airflow/.local/lib/python3.7/site-packages/airflow/example_dags/example_short_circuit_operator.py for tasks to queue
[2024-04-25T01:05:47.065+0000] {logging_mixin.py:117} INFO - [2024-04-25T01:05:47.064+0000] {dagbag.py:525} INFO - Filling up the DagBag from /home/airflow/.local/lib/python3.7/site-packages/airflow/example_dags/example_short_circuit_operator.py
[2024-04-25T01:05:47.118+0000] {processor.py:768} INFO - DAG(s) dict_keys(['example_short_circuit_operator']) retrieved from /home/airflow/.local/lib/python3.7/site-packages/airflow/example_dags/example_short_circuit_operator.py
[2024-04-25T01:05:47.235+0000] {logging_mixin.py:117} INFO - [2024-04-25T01:05:47.234+0000] {dag.py:2573} INFO - Sync 1 DAGs
[2024-04-25T01:05:47.300+0000] {logging_mixin.py:117} INFO - [2024-04-25T01:05:47.300+0000] {dag.py:3328} INFO - Setting next_dagrun for example_short_circuit_operator to 2024-04-24T01:05:47.299770+00:00, run_after=2024-04-25T01:05:47.299770+00:00
[2024-04-25T01:05:47.366+0000] {processor.py:178} INFO - Processing /home/airflow/.local/lib/python3.7/site-packages/airflow/example_dags/example_short_circuit_operator.py took 0.305 seconds
[2024-04-25T01:06:17.990+0000] {processor.py:156} INFO - Started process (PID=5168) to work on /home/airflow/.local/lib/python3.7/site-packages/airflow/example_dags/example_short_circuit_operator.py
[2024-04-25T01:06:17.991+0000] {processor.py:758} INFO - Processing file /home/airflow/.local/lib/python3.7/site-packages/airflow/example_dags/example_short_circuit_operator.py for tasks to queue
[2024-04-25T01:06:17.991+0000] {logging_mixin.py:117} INFO - [2024-04-25T01:06:17.991+0000] {dagbag.py:525} INFO - Filling up the DagBag from /home/airflow/.local/lib/python3.7/site-packages/airflow/example_dags/example_short_circuit_operator.py
[2024-04-25T01:06:18.008+0000] {processor.py:768} INFO - DAG(s) dict_keys(['example_short_circuit_operator']) retrieved from /home/airflow/.local/lib/python3.7/site-packages/airflow/example_dags/example_short_circuit_operator.py
[2024-04-25T01:06:18.044+0000] {logging_mixin.py:117} INFO - [2024-04-25T01:06:18.044+0000] {dag.py:2573} INFO - Sync 1 DAGs
[2024-04-25T01:06:18.064+0000] {logging_mixin.py:117} INFO - [2024-04-25T01:06:18.064+0000] {dag.py:3328} INFO - Setting next_dagrun for example_short_circuit_operator to 2024-04-24T01:06:18.064336+00:00, run_after=2024-04-25T01:06:18.064336+00:00
[2024-04-25T01:06:18.085+0000] {processor.py:178} INFO - Processing /home/airflow/.local/lib/python3.7/site-packages/airflow/example_dags/example_short_circuit_operator.py took 0.097 seconds
[2024-04-25T01:06:48.821+0000] {processor.py:156} INFO - Started process (PID=5385) to work on /home/airflow/.local/lib/python3.7/site-packages/airflow/example_dags/example_short_circuit_operator.py
[2024-04-25T01:06:48.822+0000] {processor.py:758} INFO - Processing file /home/airflow/.local/lib/python3.7/site-packages/airflow/example_dags/example_short_circuit_operator.py for tasks to queue
[2024-04-25T01:06:48.823+0000] {logging_mixin.py:117} INFO - [2024-04-25T01:06:48.823+0000] {dagbag.py:525} INFO - Filling up the DagBag from /home/airflow/.local/lib/python3.7/site-packages/airflow/example_dags/example_short_circuit_operator.py
[2024-04-25T01:06:48.843+0000] {processor.py:768} INFO - DAG(s) dict_keys(['example_short_circuit_operator']) retrieved from /home/airflow/.local/lib/python3.7/site-packages/airflow/example_dags/example_short_circuit_operator.py
[2024-04-25T01:06:48.877+0000] {logging_mixin.py:117} INFO - [2024-04-25T01:06:48.877+0000] {dag.py:2573} INFO - Sync 1 DAGs
[2024-04-25T01:06:48.898+0000] {logging_mixin.py:117} INFO - [2024-04-25T01:06:48.898+0000] {dag.py:3328} INFO - Setting next_dagrun for example_short_circuit_operator to 2024-04-24T01:06:48.897810+00:00, run_after=2024-04-25T01:06:48.897810+00:00
[2024-04-25T01:06:48.918+0000] {processor.py:178} INFO - Processing /home/airflow/.local/lib/python3.7/site-packages/airflow/example_dags/example_short_circuit_operator.py took 0.101 seconds
[2024-04-25T01:07:19.468+0000] {processor.py:156} INFO - Started process (PID=5604) to work on /home/airflow/.local/lib/python3.7/site-packages/airflow/example_dags/example_short_circuit_operator.py
[2024-04-25T01:07:19.469+0000] {processor.py:758} INFO - Processing file /home/airflow/.local/lib/python3.7/site-packages/airflow/example_dags/example_short_circuit_operator.py for tasks to queue
[2024-04-25T01:07:19.470+0000] {logging_mixin.py:117} INFO - [2024-04-25T01:07:19.470+0000] {dagbag.py:525} INFO - Filling up the DagBag from /home/airflow/.local/lib/python3.7/site-packages/airflow/example_dags/example_short_circuit_operator.py
[2024-04-25T01:07:19.492+0000] {processor.py:768} INFO - DAG(s) dict_keys(['example_short_circuit_operator']) retrieved from /home/airflow/.local/lib/python3.7/site-packages/airflow/example_dags/example_short_circuit_operator.py
[2024-04-25T01:07:19.544+0000] {logging_mixin.py:117} INFO - [2024-04-25T01:07:19.544+0000] {dag.py:2573} INFO - Sync 1 DAGs
[2024-04-25T01:07:19.583+0000] {logging_mixin.py:117} INFO - [2024-04-25T01:07:19.582+0000] {dag.py:3328} INFO - Setting next_dagrun for example_short_circuit_operator to 2024-04-24T01:07:19.582693+00:00, run_after=2024-04-25T01:07:19.582693+00:00
[2024-04-25T01:07:19.610+0000] {processor.py:178} INFO - Processing /home/airflow/.local/lib/python3.7/site-packages/airflow/example_dags/example_short_circuit_operator.py took 0.146 seconds
[2024-04-25T01:07:49.818+0000] {processor.py:156} INFO - Started process (PID=5812) to work on /home/airflow/.local/lib/python3.7/site-packages/airflow/example_dags/example_short_circuit_operator.py
[2024-04-25T01:07:49.821+0000] {processor.py:758} INFO - Processing file /home/airflow/.local/lib/python3.7/site-packages/airflow/example_dags/example_short_circuit_operator.py for tasks to queue
[2024-04-25T01:07:49.823+0000] {logging_mixin.py:117} INFO - [2024-04-25T01:07:49.823+0000] {dagbag.py:525} INFO - Filling up the DagBag from /home/airflow/.local/lib/python3.7/site-packages/airflow/example_dags/example_short_circuit_operator.py
[2024-04-25T01:07:49.881+0000] {processor.py:768} INFO - DAG(s) dict_keys(['example_short_circuit_operator']) retrieved from /home/airflow/.local/lib/python3.7/site-packages/airflow/example_dags/example_short_circuit_operator.py
[2024-04-25T01:07:49.953+0000] {logging_mixin.py:117} INFO - [2024-04-25T01:07:49.953+0000] {dag.py:2573} INFO - Sync 1 DAGs
[2024-04-25T01:07:49.988+0000] {logging_mixin.py:117} INFO - [2024-04-25T01:07:49.988+0000] {dag.py:3328} INFO - Setting next_dagrun for example_short_circuit_operator to 2024-04-24T01:07:49.987870+00:00, run_after=2024-04-25T01:07:49.987870+00:00
[2024-04-25T01:07:50.011+0000] {processor.py:178} INFO - Processing /home/airflow/.local/lib/python3.7/site-packages/airflow/example_dags/example_short_circuit_operator.py took 0.205 seconds
[2024-04-25T01:08:20.317+0000] {processor.py:156} INFO - Started process (PID=6032) to work on /home/airflow/.local/lib/python3.7/site-packages/airflow/example_dags/example_short_circuit_operator.py
[2024-04-25T01:08:20.318+0000] {processor.py:758} INFO - Processing file /home/airflow/.local/lib/python3.7/site-packages/airflow/example_dags/example_short_circuit_operator.py for tasks to queue
[2024-04-25T01:08:20.319+0000] {logging_mixin.py:117} INFO - [2024-04-25T01:08:20.319+0000] {dagbag.py:525} INFO - Filling up the DagBag from /home/airflow/.local/lib/python3.7/site-packages/airflow/example_dags/example_short_circuit_operator.py
[2024-04-25T01:08:20.365+0000] {processor.py:768} INFO - DAG(s) dict_keys(['example_short_circuit_operator']) retrieved from /home/airflow/.local/lib/python3.7/site-packages/airflow/example_dags/example_short_circuit_operator.py
[2024-04-25T01:08:20.439+0000] {logging_mixin.py:117} INFO - [2024-04-25T01:08:20.439+0000] {dag.py:2573} INFO - Sync 1 DAGs
[2024-04-25T01:08:20.469+0000] {logging_mixin.py:117} INFO - [2024-04-25T01:08:20.469+0000] {dag.py:3328} INFO - Setting next_dagrun for example_short_circuit_operator to 2024-04-24T01:08:20.469177+00:00, run_after=2024-04-25T01:08:20.469177+00:00
[2024-04-25T01:08:20.492+0000] {processor.py:178} INFO - Processing /home/airflow/.local/lib/python3.7/site-packages/airflow/example_dags/example_short_circuit_operator.py took 0.179 seconds
[2024-04-25T01:08:51.806+0000] {processor.py:156} INFO - Started process (PID=6250) to work on /home/airflow/.local/lib/python3.7/site-packages/airflow/example_dags/example_short_circuit_operator.py
[2024-04-25T01:08:51.807+0000] {processor.py:758} INFO - Processing file /home/airflow/.local/lib/python3.7/site-packages/airflow/example_dags/example_short_circuit_operator.py for tasks to queue
[2024-04-25T01:08:51.808+0000] {logging_mixin.py:117} INFO - [2024-04-25T01:08:51.808+0000] {dagbag.py:525} INFO - Filling up the DagBag from /home/airflow/.local/lib/python3.7/site-packages/airflow/example_dags/example_short_circuit_operator.py
[2024-04-25T01:08:51.849+0000] {processor.py:768} INFO - DAG(s) dict_keys(['example_short_circuit_operator']) retrieved from /home/airflow/.local/lib/python3.7/site-packages/airflow/example_dags/example_short_circuit_operator.py
[2024-04-25T01:08:51.934+0000] {logging_mixin.py:117} INFO - [2024-04-25T01:08:51.933+0000] {dag.py:2573} INFO - Sync 1 DAGs
[2024-04-25T01:08:51.966+0000] {logging_mixin.py:117} INFO - [2024-04-25T01:08:51.966+0000] {dag.py:3328} INFO - Setting next_dagrun for example_short_circuit_operator to 2024-04-24T01:08:51.966505+00:00, run_after=2024-04-25T01:08:51.966505+00:00
[2024-04-25T01:08:52.002+0000] {processor.py:178} INFO - Processing /home/airflow/.local/lib/python3.7/site-packages/airflow/example_dags/example_short_circuit_operator.py took 0.200 seconds
[2024-04-25T01:09:22.531+0000] {processor.py:156} INFO - Started process (PID=6458) to work on /home/airflow/.local/lib/python3.7/site-packages/airflow/example_dags/example_short_circuit_operator.py
[2024-04-25T01:09:22.532+0000] {processor.py:758} INFO - Processing file /home/airflow/.local/lib/python3.7/site-packages/airflow/example_dags/example_short_circuit_operator.py for tasks to queue
[2024-04-25T01:09:22.534+0000] {logging_mixin.py:117} INFO - [2024-04-25T01:09:22.533+0000] {dagbag.py:525} INFO - Filling up the DagBag from /home/airflow/.local/lib/python3.7/site-packages/airflow/example_dags/example_short_circuit_operator.py
[2024-04-25T01:09:22.554+0000] {processor.py:768} INFO - DAG(s) dict_keys(['example_short_circuit_operator']) retrieved from /home/airflow/.local/lib/python3.7/site-packages/airflow/example_dags/example_short_circuit_operator.py
[2024-04-25T01:09:22.606+0000] {logging_mixin.py:117} INFO - [2024-04-25T01:09:22.606+0000] {dag.py:2573} INFO - Sync 1 DAGs
[2024-04-25T01:09:22.643+0000] {logging_mixin.py:117} INFO - [2024-04-25T01:09:22.643+0000] {dag.py:3328} INFO - Setting next_dagrun for example_short_circuit_operator to 2024-04-24T01:09:22.642858+00:00, run_after=2024-04-25T01:09:22.642858+00:00
[2024-04-25T01:09:22.684+0000] {processor.py:178} INFO - Processing /home/airflow/.local/lib/python3.7/site-packages/airflow/example_dags/example_short_circuit_operator.py took 0.156 seconds
[2024-04-25T01:09:53.007+0000] {processor.py:156} INFO - Started process (PID=6677) to work on /home/airflow/.local/lib/python3.7/site-packages/airflow/example_dags/example_short_circuit_operator.py
[2024-04-25T01:09:53.007+0000] {processor.py:758} INFO - Processing file /home/airflow/.local/lib/python3.7/site-packages/airflow/example_dags/example_short_circuit_operator.py for tasks to queue
[2024-04-25T01:09:53.008+0000] {logging_mixin.py:117} INFO - [2024-04-25T01:09:53.008+0000] {dagbag.py:525} INFO - Filling up the DagBag from /home/airflow/.local/lib/python3.7/site-packages/airflow/example_dags/example_short_circuit_operator.py
[2024-04-25T01:09:53.027+0000] {processor.py:768} INFO - DAG(s) dict_keys(['example_short_circuit_operator']) retrieved from /home/airflow/.local/lib/python3.7/site-packages/airflow/example_dags/example_short_circuit_operator.py
[2024-04-25T01:09:53.078+0000] {logging_mixin.py:117} INFO - [2024-04-25T01:09:53.078+0000] {dag.py:2573} INFO - Sync 1 DAGs
[2024-04-25T01:09:53.114+0000] {logging_mixin.py:117} INFO - [2024-04-25T01:09:53.113+0000] {dag.py:3328} INFO - Setting next_dagrun for example_short_circuit_operator to 2024-04-24T01:09:53.113682+00:00, run_after=2024-04-25T01:09:53.113682+00:00
[2024-04-25T01:09:53.139+0000] {processor.py:178} INFO - Processing /home/airflow/.local/lib/python3.7/site-packages/airflow/example_dags/example_short_circuit_operator.py took 0.136 seconds
[2024-04-25T01:10:24.875+0000] {processor.py:156} INFO - Started process (PID=6897) to work on /home/airflow/.local/lib/python3.7/site-packages/airflow/example_dags/example_short_circuit_operator.py
[2024-04-25T01:10:24.875+0000] {processor.py:758} INFO - Processing file /home/airflow/.local/lib/python3.7/site-packages/airflow/example_dags/example_short_circuit_operator.py for tasks to queue
[2024-04-25T01:10:24.886+0000] {logging_mixin.py:117} INFO - [2024-04-25T01:10:24.886+0000] {dagbag.py:525} INFO - Filling up the DagBag from /home/airflow/.local/lib/python3.7/site-packages/airflow/example_dags/example_short_circuit_operator.py
[2024-04-25T01:10:24.927+0000] {processor.py:768} INFO - DAG(s) dict_keys(['example_short_circuit_operator']) retrieved from /home/airflow/.local/lib/python3.7/site-packages/airflow/example_dags/example_short_circuit_operator.py
[2024-04-25T01:10:25.010+0000] {logging_mixin.py:117} INFO - [2024-04-25T01:10:25.010+0000] {dag.py:2573} INFO - Sync 1 DAGs
[2024-04-25T01:10:25.048+0000] {logging_mixin.py:117} INFO - [2024-04-25T01:10:25.048+0000] {dag.py:3328} INFO - Setting next_dagrun for example_short_circuit_operator to 2024-04-24T01:10:25.047620+00:00, run_after=2024-04-25T01:10:25.047620+00:00
[2024-04-25T01:10:25.075+0000] {processor.py:178} INFO - Processing /home/airflow/.local/lib/python3.7/site-packages/airflow/example_dags/example_short_circuit_operator.py took 0.205 seconds
[2024-04-25T01:10:55.184+0000] {processor.py:156} INFO - Started process (PID=7107) to work on /home/airflow/.local/lib/python3.7/site-packages/airflow/example_dags/example_short_circuit_operator.py
[2024-04-25T01:10:55.185+0000] {processor.py:758} INFO - Processing file /home/airflow/.local/lib/python3.7/site-packages/airflow/example_dags/example_short_circuit_operator.py for tasks to queue
[2024-04-25T01:10:55.185+0000] {logging_mixin.py:117} INFO - [2024-04-25T01:10:55.185+0000] {dagbag.py:525} INFO - Filling up the DagBag from /home/airflow/.local/lib/python3.7/site-packages/airflow/example_dags/example_short_circuit_operator.py
[2024-04-25T01:10:55.206+0000] {processor.py:768} INFO - DAG(s) dict_keys(['example_short_circuit_operator']) retrieved from /home/airflow/.local/lib/python3.7/site-packages/airflow/example_dags/example_short_circuit_operator.py
[2024-04-25T01:10:55.253+0000] {logging_mixin.py:117} INFO - [2024-04-25T01:10:55.253+0000] {dag.py:2573} INFO - Sync 1 DAGs
[2024-04-25T01:10:55.282+0000] {logging_mixin.py:117} INFO - [2024-04-25T01:10:55.282+0000] {dag.py:3328} INFO - Setting next_dagrun for example_short_circuit_operator to 2024-04-24T01:10:55.282002+00:00, run_after=2024-04-25T01:10:55.282002+00:00
[2024-04-25T01:10:55.310+0000] {processor.py:178} INFO - Processing /home/airflow/.local/lib/python3.7/site-packages/airflow/example_dags/example_short_circuit_operator.py took 0.130 seconds
[2024-04-25T01:11:25.732+0000] {processor.py:156} INFO - Started process (PID=7327) to work on /home/airflow/.local/lib/python3.7/site-packages/airflow/example_dags/example_short_circuit_operator.py
[2024-04-25T01:11:25.733+0000] {processor.py:758} INFO - Processing file /home/airflow/.local/lib/python3.7/site-packages/airflow/example_dags/example_short_circuit_operator.py for tasks to queue
[2024-04-25T01:11:25.734+0000] {logging_mixin.py:117} INFO - [2024-04-25T01:11:25.734+0000] {dagbag.py:525} INFO - Filling up the DagBag from /home/airflow/.local/lib/python3.7/site-packages/airflow/example_dags/example_short_circuit_operator.py
[2024-04-25T01:11:25.755+0000] {processor.py:768} INFO - DAG(s) dict_keys(['example_short_circuit_operator']) retrieved from /home/airflow/.local/lib/python3.7/site-packages/airflow/example_dags/example_short_circuit_operator.py
[2024-04-25T01:11:25.809+0000] {logging_mixin.py:117} INFO - [2024-04-25T01:11:25.809+0000] {dag.py:2573} INFO - Sync 1 DAGs
[2024-04-25T01:11:25.844+0000] {logging_mixin.py:117} INFO - [2024-04-25T01:11:25.844+0000] {dag.py:3328} INFO - Setting next_dagrun for example_short_circuit_operator to 2024-04-24T01:11:25.844513+00:00, run_after=2024-04-25T01:11:25.844513+00:00
[2024-04-25T01:11:25.870+0000] {processor.py:178} INFO - Processing /home/airflow/.local/lib/python3.7/site-packages/airflow/example_dags/example_short_circuit_operator.py took 0.141 seconds
[2024-04-25T01:11:56.808+0000] {processor.py:156} INFO - Started process (PID=7546) to work on /home/airflow/.local/lib/python3.7/site-packages/airflow/example_dags/example_short_circuit_operator.py
[2024-04-25T01:11:56.810+0000] {processor.py:758} INFO - Processing file /home/airflow/.local/lib/python3.7/site-packages/airflow/example_dags/example_short_circuit_operator.py for tasks to queue
[2024-04-25T01:11:56.811+0000] {logging_mixin.py:117} INFO - [2024-04-25T01:11:56.811+0000] {dagbag.py:525} INFO - Filling up the DagBag from /home/airflow/.local/lib/python3.7/site-packages/airflow/example_dags/example_short_circuit_operator.py
[2024-04-25T01:11:56.849+0000] {processor.py:768} INFO - DAG(s) dict_keys(['example_short_circuit_operator']) retrieved from /home/airflow/.local/lib/python3.7/site-packages/airflow/example_dags/example_short_circuit_operator.py
[2024-04-25T01:11:56.910+0000] {logging_mixin.py:117} INFO - [2024-04-25T01:11:56.910+0000] {dag.py:2573} INFO - Sync 1 DAGs
[2024-04-25T01:11:56.944+0000] {logging_mixin.py:117} INFO - [2024-04-25T01:11:56.943+0000] {dag.py:3328} INFO - Setting next_dagrun for example_short_circuit_operator to 2024-04-24T01:11:56.943634+00:00, run_after=2024-04-25T01:11:56.943634+00:00
[2024-04-25T01:11:56.979+0000] {processor.py:178} INFO - Processing /home/airflow/.local/lib/python3.7/site-packages/airflow/example_dags/example_short_circuit_operator.py took 0.175 seconds
[2024-04-25T01:12:27.525+0000] {processor.py:156} INFO - Started process (PID=7755) to work on /home/airflow/.local/lib/python3.7/site-packages/airflow/example_dags/example_short_circuit_operator.py
[2024-04-25T01:12:27.526+0000] {processor.py:758} INFO - Processing file /home/airflow/.local/lib/python3.7/site-packages/airflow/example_dags/example_short_circuit_operator.py for tasks to queue
[2024-04-25T01:12:27.527+0000] {logging_mixin.py:117} INFO - [2024-04-25T01:12:27.527+0000] {dagbag.py:525} INFO - Filling up the DagBag from /home/airflow/.local/lib/python3.7/site-packages/airflow/example_dags/example_short_circuit_operator.py
[2024-04-25T01:12:27.548+0000] {processor.py:768} INFO - DAG(s) dict_keys(['example_short_circuit_operator']) retrieved from /home/airflow/.local/lib/python3.7/site-packages/airflow/example_dags/example_short_circuit_operator.py
[2024-04-25T01:12:27.600+0000] {logging_mixin.py:117} INFO - [2024-04-25T01:12:27.599+0000] {dag.py:2573} INFO - Sync 1 DAGs
[2024-04-25T01:12:27.629+0000] {logging_mixin.py:117} INFO - [2024-04-25T01:12:27.629+0000] {dag.py:3328} INFO - Setting next_dagrun for example_short_circuit_operator to 2024-04-24T01:12:27.629312+00:00, run_after=2024-04-25T01:12:27.629312+00:00
[2024-04-25T01:12:27.657+0000] {processor.py:178} INFO - Processing /home/airflow/.local/lib/python3.7/site-packages/airflow/example_dags/example_short_circuit_operator.py took 0.135 seconds
[2024-04-25T01:12:58.190+0000] {processor.py:156} INFO - Started process (PID=7975) to work on /home/airflow/.local/lib/python3.7/site-packages/airflow/example_dags/example_short_circuit_operator.py
[2024-04-25T01:12:58.192+0000] {processor.py:758} INFO - Processing file /home/airflow/.local/lib/python3.7/site-packages/airflow/example_dags/example_short_circuit_operator.py for tasks to queue
[2024-04-25T01:12:58.193+0000] {logging_mixin.py:117} INFO - [2024-04-25T01:12:58.192+0000] {dagbag.py:525} INFO - Filling up the DagBag from /home/airflow/.local/lib/python3.7/site-packages/airflow/example_dags/example_short_circuit_operator.py
[2024-04-25T01:12:58.220+0000] {processor.py:768} INFO - DAG(s) dict_keys(['example_short_circuit_operator']) retrieved from /home/airflow/.local/lib/python3.7/site-packages/airflow/example_dags/example_short_circuit_operator.py
[2024-04-25T01:12:58.270+0000] {logging_mixin.py:117} INFO - [2024-04-25T01:12:58.270+0000] {dag.py:2573} INFO - Sync 1 DAGs
[2024-04-25T01:12:58.302+0000] {logging_mixin.py:117} INFO - [2024-04-25T01:12:58.302+0000] {dag.py:3328} INFO - Setting next_dagrun for example_short_circuit_operator to 2024-04-24T01:12:58.301899+00:00, run_after=2024-04-25T01:12:58.301899+00:00
[2024-04-25T01:12:58.329+0000] {processor.py:178} INFO - Processing /home/airflow/.local/lib/python3.7/site-packages/airflow/example_dags/example_short_circuit_operator.py took 0.142 seconds
[2024-04-25T01:13:29.377+0000] {processor.py:156} INFO - Started process (PID=8190) to work on /home/airflow/.local/lib/python3.7/site-packages/airflow/example_dags/example_short_circuit_operator.py
[2024-04-25T01:13:29.377+0000] {processor.py:758} INFO - Processing file /home/airflow/.local/lib/python3.7/site-packages/airflow/example_dags/example_short_circuit_operator.py for tasks to queue
[2024-04-25T01:13:29.379+0000] {logging_mixin.py:117} INFO - [2024-04-25T01:13:29.378+0000] {dagbag.py:525} INFO - Filling up the DagBag from /home/airflow/.local/lib/python3.7/site-packages/airflow/example_dags/example_short_circuit_operator.py
[2024-04-25T01:13:29.398+0000] {processor.py:768} INFO - DAG(s) dict_keys(['example_short_circuit_operator']) retrieved from /home/airflow/.local/lib/python3.7/site-packages/airflow/example_dags/example_short_circuit_operator.py
[2024-04-25T01:13:29.491+0000] {logging_mixin.py:117} INFO - [2024-04-25T01:13:29.491+0000] {dag.py:2573} INFO - Sync 1 DAGs
[2024-04-25T01:13:29.582+0000] {logging_mixin.py:117} INFO - [2024-04-25T01:13:29.582+0000] {dag.py:3328} INFO - Setting next_dagrun for example_short_circuit_operator to 2024-04-24T01:13:29.582209+00:00, run_after=2024-04-25T01:13:29.582209+00:00
[2024-04-25T01:13:29.669+0000] {processor.py:178} INFO - Processing /home/airflow/.local/lib/python3.7/site-packages/airflow/example_dags/example_short_circuit_operator.py took 0.295 seconds
[2024-04-25T01:14:00.364+0000] {processor.py:156} INFO - Started process (PID=8398) to work on /home/airflow/.local/lib/python3.7/site-packages/airflow/example_dags/example_short_circuit_operator.py
[2024-04-25T01:14:00.365+0000] {processor.py:758} INFO - Processing file /home/airflow/.local/lib/python3.7/site-packages/airflow/example_dags/example_short_circuit_operator.py for tasks to queue
[2024-04-25T01:14:00.366+0000] {logging_mixin.py:117} INFO - [2024-04-25T01:14:00.366+0000] {dagbag.py:525} INFO - Filling up the DagBag from /home/airflow/.local/lib/python3.7/site-packages/airflow/example_dags/example_short_circuit_operator.py
[2024-04-25T01:14:00.411+0000] {processor.py:768} INFO - DAG(s) dict_keys(['example_short_circuit_operator']) retrieved from /home/airflow/.local/lib/python3.7/site-packages/airflow/example_dags/example_short_circuit_operator.py
[2024-04-25T01:14:00.469+0000] {logging_mixin.py:117} INFO - [2024-04-25T01:14:00.469+0000] {dag.py:2573} INFO - Sync 1 DAGs
[2024-04-25T01:14:00.503+0000] {logging_mixin.py:117} INFO - [2024-04-25T01:14:00.503+0000] {dag.py:3328} INFO - Setting next_dagrun for example_short_circuit_operator to 2024-04-24T01:14:00.502779+00:00, run_after=2024-04-25T01:14:00.502779+00:00
[2024-04-25T01:14:00.533+0000] {processor.py:178} INFO - Processing /home/airflow/.local/lib/python3.7/site-packages/airflow/example_dags/example_short_circuit_operator.py took 0.173 seconds
[2024-04-25T01:14:31.684+0000] {processor.py:156} INFO - Started process (PID=8616) to work on /home/airflow/.local/lib/python3.7/site-packages/airflow/example_dags/example_short_circuit_operator.py
[2024-04-25T01:14:31.684+0000] {processor.py:758} INFO - Processing file /home/airflow/.local/lib/python3.7/site-packages/airflow/example_dags/example_short_circuit_operator.py for tasks to queue
[2024-04-25T01:14:31.685+0000] {logging_mixin.py:117} INFO - [2024-04-25T01:14:31.685+0000] {dagbag.py:525} INFO - Filling up the DagBag from /home/airflow/.local/lib/python3.7/site-packages/airflow/example_dags/example_short_circuit_operator.py
[2024-04-25T01:14:31.705+0000] {processor.py:768} INFO - DAG(s) dict_keys(['example_short_circuit_operator']) retrieved from /home/airflow/.local/lib/python3.7/site-packages/airflow/example_dags/example_short_circuit_operator.py
[2024-04-25T01:14:31.764+0000] {logging_mixin.py:117} INFO - [2024-04-25T01:14:31.764+0000] {dag.py:2573} INFO - Sync 1 DAGs
[2024-04-25T01:14:31.801+0000] {logging_mixin.py:117} INFO - [2024-04-25T01:14:31.801+0000] {dag.py:3328} INFO - Setting next_dagrun for example_short_circuit_operator to 2024-04-24T01:14:31.801280+00:00, run_after=2024-04-25T01:14:31.801280+00:00
[2024-04-25T01:14:31.846+0000] {processor.py:178} INFO - Processing /home/airflow/.local/lib/python3.7/site-packages/airflow/example_dags/example_short_circuit_operator.py took 0.165 seconds
[2024-04-25T01:15:02.338+0000] {processor.py:156} INFO - Started process (PID=8832) to work on /home/airflow/.local/lib/python3.7/site-packages/airflow/example_dags/example_short_circuit_operator.py
[2024-04-25T01:15:02.340+0000] {processor.py:758} INFO - Processing file /home/airflow/.local/lib/python3.7/site-packages/airflow/example_dags/example_short_circuit_operator.py for tasks to queue
[2024-04-25T01:15:02.341+0000] {logging_mixin.py:117} INFO - [2024-04-25T01:15:02.341+0000] {dagbag.py:525} INFO - Filling up the DagBag from /home/airflow/.local/lib/python3.7/site-packages/airflow/example_dags/example_short_circuit_operator.py
[2024-04-25T01:15:02.371+0000] {processor.py:768} INFO - DAG(s) dict_keys(['example_short_circuit_operator']) retrieved from /home/airflow/.local/lib/python3.7/site-packages/airflow/example_dags/example_short_circuit_operator.py
[2024-04-25T01:15:02.431+0000] {logging_mixin.py:117} INFO - [2024-04-25T01:15:02.426+0000] {dag.py:2573} INFO - Sync 1 DAGs
[2024-04-25T01:15:02.465+0000] {logging_mixin.py:117} INFO - [2024-04-25T01:15:02.465+0000] {dag.py:3328} INFO - Setting next_dagrun for example_short_circuit_operator to 2024-04-24T01:15:02.465161+00:00, run_after=2024-04-25T01:15:02.465161+00:00
[2024-04-25T01:15:02.502+0000] {processor.py:178} INFO - Processing /home/airflow/.local/lib/python3.7/site-packages/airflow/example_dags/example_short_circuit_operator.py took 0.167 seconds
[2024-04-25T01:15:33.412+0000] {processor.py:156} INFO - Started process (PID=9042) to work on /home/airflow/.local/lib/python3.7/site-packages/airflow/example_dags/example_short_circuit_operator.py
[2024-04-25T01:15:33.413+0000] {processor.py:758} INFO - Processing file /home/airflow/.local/lib/python3.7/site-packages/airflow/example_dags/example_short_circuit_operator.py for tasks to queue
[2024-04-25T01:15:33.414+0000] {logging_mixin.py:117} INFO - [2024-04-25T01:15:33.413+0000] {dagbag.py:525} INFO - Filling up the DagBag from /home/airflow/.local/lib/python3.7/site-packages/airflow/example_dags/example_short_circuit_operator.py
[2024-04-25T01:15:33.435+0000] {processor.py:768} INFO - DAG(s) dict_keys(['example_short_circuit_operator']) retrieved from /home/airflow/.local/lib/python3.7/site-packages/airflow/example_dags/example_short_circuit_operator.py
[2024-04-25T01:15:33.487+0000] {logging_mixin.py:117} INFO - [2024-04-25T01:15:33.487+0000] {dag.py:2573} INFO - Sync 1 DAGs
[2024-04-25T01:15:33.525+0000] {logging_mixin.py:117} INFO - [2024-04-25T01:15:33.524+0000] {dag.py:3328} INFO - Setting next_dagrun for example_short_circuit_operator to 2024-04-24T01:15:33.524667+00:00, run_after=2024-04-25T01:15:33.524667+00:00
[2024-04-25T01:15:33.556+0000] {processor.py:178} INFO - Processing /home/airflow/.local/lib/python3.7/site-packages/airflow/example_dags/example_short_circuit_operator.py took 0.147 seconds
[2024-04-25T01:16:04.132+0000] {processor.py:156} INFO - Started process (PID=9261) to work on /home/airflow/.local/lib/python3.7/site-packages/airflow/example_dags/example_short_circuit_operator.py
[2024-04-25T01:16:04.133+0000] {processor.py:758} INFO - Processing file /home/airflow/.local/lib/python3.7/site-packages/airflow/example_dags/example_short_circuit_operator.py for tasks to queue
[2024-04-25T01:16:04.134+0000] {logging_mixin.py:117} INFO - [2024-04-25T01:16:04.134+0000] {dagbag.py:525} INFO - Filling up the DagBag from /home/airflow/.local/lib/python3.7/site-packages/airflow/example_dags/example_short_circuit_operator.py
[2024-04-25T01:16:04.175+0000] {processor.py:768} INFO - DAG(s) dict_keys(['example_short_circuit_operator']) retrieved from /home/airflow/.local/lib/python3.7/site-packages/airflow/example_dags/example_short_circuit_operator.py
[2024-04-25T01:16:04.227+0000] {logging_mixin.py:117} INFO - [2024-04-25T01:16:04.227+0000] {dag.py:2573} INFO - Sync 1 DAGs
[2024-04-25T01:16:04.261+0000] {logging_mixin.py:117} INFO - [2024-04-25T01:16:04.260+0000] {dag.py:3328} INFO - Setting next_dagrun for example_short_circuit_operator to 2024-04-24T01:16:04.260695+00:00, run_after=2024-04-25T01:16:04.260695+00:00
[2024-04-25T01:16:04.289+0000] {processor.py:178} INFO - Processing /home/airflow/.local/lib/python3.7/site-packages/airflow/example_dags/example_short_circuit_operator.py took 0.160 seconds
[2024-04-25T01:16:34.901+0000] {processor.py:156} INFO - Started process (PID=9481) to work on /home/airflow/.local/lib/python3.7/site-packages/airflow/example_dags/example_short_circuit_operator.py
[2024-04-25T01:16:34.902+0000] {processor.py:758} INFO - Processing file /home/airflow/.local/lib/python3.7/site-packages/airflow/example_dags/example_short_circuit_operator.py for tasks to queue
[2024-04-25T01:16:34.903+0000] {logging_mixin.py:117} INFO - [2024-04-25T01:16:34.903+0000] {dagbag.py:525} INFO - Filling up the DagBag from /home/airflow/.local/lib/python3.7/site-packages/airflow/example_dags/example_short_circuit_operator.py
[2024-04-25T01:16:34.923+0000] {processor.py:768} INFO - DAG(s) dict_keys(['example_short_circuit_operator']) retrieved from /home/airflow/.local/lib/python3.7/site-packages/airflow/example_dags/example_short_circuit_operator.py
[2024-04-25T01:16:34.975+0000] {logging_mixin.py:117} INFO - [2024-04-25T01:16:34.975+0000] {dag.py:2573} INFO - Sync 1 DAGs
[2024-04-25T01:16:35.005+0000] {logging_mixin.py:117} INFO - [2024-04-25T01:16:35.005+0000] {dag.py:3328} INFO - Setting next_dagrun for example_short_circuit_operator to 2024-04-24T01:16:35.005163+00:00, run_after=2024-04-25T01:16:35.005163+00:00
[2024-04-25T01:16:35.031+0000] {processor.py:178} INFO - Processing /home/airflow/.local/lib/python3.7/site-packages/airflow/example_dags/example_short_circuit_operator.py took 0.134 seconds
[2024-04-25T01:17:05.643+0000] {processor.py:156} INFO - Started process (PID=9695) to work on /home/airflow/.local/lib/python3.7/site-packages/airflow/example_dags/example_short_circuit_operator.py
[2024-04-25T01:17:05.644+0000] {processor.py:758} INFO - Processing file /home/airflow/.local/lib/python3.7/site-packages/airflow/example_dags/example_short_circuit_operator.py for tasks to queue
[2024-04-25T01:17:05.645+0000] {logging_mixin.py:117} INFO - [2024-04-25T01:17:05.644+0000] {dagbag.py:525} INFO - Filling up the DagBag from /home/airflow/.local/lib/python3.7/site-packages/airflow/example_dags/example_short_circuit_operator.py
[2024-04-25T01:17:05.711+0000] {processor.py:768} INFO - DAG(s) dict_keys(['example_short_circuit_operator']) retrieved from /home/airflow/.local/lib/python3.7/site-packages/airflow/example_dags/example_short_circuit_operator.py
[2024-04-25T01:17:05.826+0000] {logging_mixin.py:117} INFO - [2024-04-25T01:17:05.826+0000] {dag.py:2573} INFO - Sync 1 DAGs
[2024-04-25T01:17:05.876+0000] {logging_mixin.py:117} INFO - [2024-04-25T01:17:05.876+0000] {dag.py:3328} INFO - Setting next_dagrun for example_short_circuit_operator to 2024-04-24T01:17:05.876433+00:00, run_after=2024-04-25T01:17:05.876433+00:00
[2024-04-25T01:17:05.918+0000] {processor.py:178} INFO - Processing /home/airflow/.local/lib/python3.7/site-packages/airflow/example_dags/example_short_circuit_operator.py took 0.278 seconds
[2024-04-25T01:17:36.526+0000] {processor.py:156} INFO - Started process (PID=9907) to work on /home/airflow/.local/lib/python3.7/site-packages/airflow/example_dags/example_short_circuit_operator.py
[2024-04-25T01:17:36.527+0000] {processor.py:758} INFO - Processing file /home/airflow/.local/lib/python3.7/site-packages/airflow/example_dags/example_short_circuit_operator.py for tasks to queue
[2024-04-25T01:17:36.527+0000] {logging_mixin.py:117} INFO - [2024-04-25T01:17:36.527+0000] {dagbag.py:525} INFO - Filling up the DagBag from /home/airflow/.local/lib/python3.7/site-packages/airflow/example_dags/example_short_circuit_operator.py
[2024-04-25T01:17:36.550+0000] {processor.py:768} INFO - DAG(s) dict_keys(['example_short_circuit_operator']) retrieved from /home/airflow/.local/lib/python3.7/site-packages/airflow/example_dags/example_short_circuit_operator.py
[2024-04-25T01:17:36.601+0000] {logging_mixin.py:117} INFO - [2024-04-25T01:17:36.601+0000] {dag.py:2573} INFO - Sync 1 DAGs
[2024-04-25T01:17:36.655+0000] {logging_mixin.py:117} INFO - [2024-04-25T01:17:36.655+0000] {dag.py:3328} INFO - Setting next_dagrun for example_short_circuit_operator to 2024-04-24T01:17:36.655094+00:00, run_after=2024-04-25T01:17:36.655094+00:00
[2024-04-25T01:17:36.679+0000] {processor.py:178} INFO - Processing /home/airflow/.local/lib/python3.7/site-packages/airflow/example_dags/example_short_circuit_operator.py took 0.157 seconds
[2024-04-25T01:18:07.306+0000] {processor.py:156} INFO - Started process (PID=10124) to work on /home/airflow/.local/lib/python3.7/site-packages/airflow/example_dags/example_short_circuit_operator.py
[2024-04-25T01:18:07.307+0000] {processor.py:758} INFO - Processing file /home/airflow/.local/lib/python3.7/site-packages/airflow/example_dags/example_short_circuit_operator.py for tasks to queue
[2024-04-25T01:18:07.308+0000] {logging_mixin.py:117} INFO - [2024-04-25T01:18:07.308+0000] {dagbag.py:525} INFO - Filling up the DagBag from /home/airflow/.local/lib/python3.7/site-packages/airflow/example_dags/example_short_circuit_operator.py
[2024-04-25T01:18:07.331+0000] {processor.py:768} INFO - DAG(s) dict_keys(['example_short_circuit_operator']) retrieved from /home/airflow/.local/lib/python3.7/site-packages/airflow/example_dags/example_short_circuit_operator.py
[2024-04-25T01:18:07.391+0000] {logging_mixin.py:117} INFO - [2024-04-25T01:18:07.391+0000] {dag.py:2573} INFO - Sync 1 DAGs
[2024-04-25T01:18:07.419+0000] {logging_mixin.py:117} INFO - [2024-04-25T01:18:07.419+0000] {dag.py:3328} INFO - Setting next_dagrun for example_short_circuit_operator to 2024-04-24T01:18:07.419297+00:00, run_after=2024-04-25T01:18:07.419297+00:00
[2024-04-25T01:18:07.467+0000] {processor.py:178} INFO - Processing /home/airflow/.local/lib/python3.7/site-packages/airflow/example_dags/example_short_circuit_operator.py took 0.165 seconds
[2024-04-25T01:18:38.514+0000] {processor.py:156} INFO - Started process (PID=10333) to work on /home/airflow/.local/lib/python3.7/site-packages/airflow/example_dags/example_short_circuit_operator.py
[2024-04-25T01:18:38.515+0000] {processor.py:758} INFO - Processing file /home/airflow/.local/lib/python3.7/site-packages/airflow/example_dags/example_short_circuit_operator.py for tasks to queue
[2024-04-25T01:18:38.516+0000] {logging_mixin.py:117} INFO - [2024-04-25T01:18:38.516+0000] {dagbag.py:525} INFO - Filling up the DagBag from /home/airflow/.local/lib/python3.7/site-packages/airflow/example_dags/example_short_circuit_operator.py
[2024-04-25T01:18:38.543+0000] {processor.py:768} INFO - DAG(s) dict_keys(['example_short_circuit_operator']) retrieved from /home/airflow/.local/lib/python3.7/site-packages/airflow/example_dags/example_short_circuit_operator.py
[2024-04-25T01:18:38.593+0000] {logging_mixin.py:117} INFO - [2024-04-25T01:18:38.593+0000] {dag.py:2573} INFO - Sync 1 DAGs
[2024-04-25T01:18:38.622+0000] {logging_mixin.py:117} INFO - [2024-04-25T01:18:38.622+0000] {dag.py:3328} INFO - Setting next_dagrun for example_short_circuit_operator to 2024-04-24T01:18:38.622118+00:00, run_after=2024-04-25T01:18:38.622118+00:00
[2024-04-25T01:18:38.645+0000] {processor.py:178} INFO - Processing /home/airflow/.local/lib/python3.7/site-packages/airflow/example_dags/example_short_circuit_operator.py took 0.135 seconds
[2024-04-25T01:19:09.920+0000] {processor.py:156} INFO - Started process (PID=10550) to work on /home/airflow/.local/lib/python3.7/site-packages/airflow/example_dags/example_short_circuit_operator.py
[2024-04-25T01:19:09.925+0000] {processor.py:758} INFO - Processing file /home/airflow/.local/lib/python3.7/site-packages/airflow/example_dags/example_short_circuit_operator.py for tasks to queue
[2024-04-25T01:19:09.927+0000] {logging_mixin.py:117} INFO - [2024-04-25T01:19:09.927+0000] {dagbag.py:525} INFO - Filling up the DagBag from /home/airflow/.local/lib/python3.7/site-packages/airflow/example_dags/example_short_circuit_operator.py
[2024-04-25T01:19:09.987+0000] {processor.py:768} INFO - DAG(s) dict_keys(['example_short_circuit_operator']) retrieved from /home/airflow/.local/lib/python3.7/site-packages/airflow/example_dags/example_short_circuit_operator.py
[2024-04-25T01:19:10.040+0000] {logging_mixin.py:117} INFO - [2024-04-25T01:19:10.040+0000] {dag.py:2573} INFO - Sync 1 DAGs
[2024-04-25T01:19:10.072+0000] {logging_mixin.py:117} INFO - [2024-04-25T01:19:10.072+0000] {dag.py:3328} INFO - Setting next_dagrun for example_short_circuit_operator to 2024-04-24T01:19:10.072012+00:00, run_after=2024-04-25T01:19:10.072012+00:00
[2024-04-25T01:19:10.186+0000] {processor.py:178} INFO - Processing /home/airflow/.local/lib/python3.7/site-packages/airflow/example_dags/example_short_circuit_operator.py took 0.271 seconds
[2024-04-25T01:19:40.732+0000] {processor.py:156} INFO - Started process (PID=10768) to work on /home/airflow/.local/lib/python3.7/site-packages/airflow/example_dags/example_short_circuit_operator.py
[2024-04-25T01:19:40.741+0000] {processor.py:758} INFO - Processing file /home/airflow/.local/lib/python3.7/site-packages/airflow/example_dags/example_short_circuit_operator.py for tasks to queue
[2024-04-25T01:19:40.742+0000] {logging_mixin.py:117} INFO - [2024-04-25T01:19:40.742+0000] {dagbag.py:525} INFO - Filling up the DagBag from /home/airflow/.local/lib/python3.7/site-packages/airflow/example_dags/example_short_circuit_operator.py
[2024-04-25T01:19:40.784+0000] {processor.py:768} INFO - DAG(s) dict_keys(['example_short_circuit_operator']) retrieved from /home/airflow/.local/lib/python3.7/site-packages/airflow/example_dags/example_short_circuit_operator.py
[2024-04-25T01:19:40.910+0000] {logging_mixin.py:117} INFO - [2024-04-25T01:19:40.909+0000] {dag.py:2573} INFO - Sync 1 DAGs
[2024-04-25T01:19:40.996+0000] {logging_mixin.py:117} INFO - [2024-04-25T01:19:40.996+0000] {dag.py:3328} INFO - Setting next_dagrun for example_short_circuit_operator to 2024-04-24T01:19:40.996003+00:00, run_after=2024-04-25T01:19:40.996003+00:00
[2024-04-25T01:19:41.062+0000] {processor.py:178} INFO - Processing /home/airflow/.local/lib/python3.7/site-packages/airflow/example_dags/example_short_circuit_operator.py took 0.333 seconds
[2024-04-25T01:20:11.142+0000] {processor.py:156} INFO - Started process (PID=10977) to work on /home/airflow/.local/lib/python3.7/site-packages/airflow/example_dags/example_short_circuit_operator.py
[2024-04-25T01:20:11.144+0000] {processor.py:758} INFO - Processing file /home/airflow/.local/lib/python3.7/site-packages/airflow/example_dags/example_short_circuit_operator.py for tasks to queue
[2024-04-25T01:20:11.145+0000] {logging_mixin.py:117} INFO - [2024-04-25T01:20:11.145+0000] {dagbag.py:525} INFO - Filling up the DagBag from /home/airflow/.local/lib/python3.7/site-packages/airflow/example_dags/example_short_circuit_operator.py
[2024-04-25T01:20:11.167+0000] {processor.py:768} INFO - DAG(s) dict_keys(['example_short_circuit_operator']) retrieved from /home/airflow/.local/lib/python3.7/site-packages/airflow/example_dags/example_short_circuit_operator.py
[2024-04-25T01:20:11.223+0000] {logging_mixin.py:117} INFO - [2024-04-25T01:20:11.223+0000] {dag.py:2573} INFO - Sync 1 DAGs
[2024-04-25T01:20:11.267+0000] {logging_mixin.py:117} INFO - [2024-04-25T01:20:11.267+0000] {dag.py:3328} INFO - Setting next_dagrun for example_short_circuit_operator to 2024-04-24T01:20:11.266799+00:00, run_after=2024-04-25T01:20:11.266799+00:00
[2024-04-25T01:20:11.310+0000] {processor.py:178} INFO - Processing /home/airflow/.local/lib/python3.7/site-packages/airflow/example_dags/example_short_circuit_operator.py took 0.170 seconds
[2024-04-25T01:20:42.123+0000] {processor.py:156} INFO - Started process (PID=11195) to work on /home/airflow/.local/lib/python3.7/site-packages/airflow/example_dags/example_short_circuit_operator.py
[2024-04-25T01:20:42.124+0000] {processor.py:758} INFO - Processing file /home/airflow/.local/lib/python3.7/site-packages/airflow/example_dags/example_short_circuit_operator.py for tasks to queue
[2024-04-25T01:20:42.125+0000] {logging_mixin.py:117} INFO - [2024-04-25T01:20:42.125+0000] {dagbag.py:525} INFO - Filling up the DagBag from /home/airflow/.local/lib/python3.7/site-packages/airflow/example_dags/example_short_circuit_operator.py
[2024-04-25T01:20:42.146+0000] {processor.py:768} INFO - DAG(s) dict_keys(['example_short_circuit_operator']) retrieved from /home/airflow/.local/lib/python3.7/site-packages/airflow/example_dags/example_short_circuit_operator.py
[2024-04-25T01:20:42.193+0000] {logging_mixin.py:117} INFO - [2024-04-25T01:20:42.193+0000] {dag.py:2573} INFO - Sync 1 DAGs
[2024-04-25T01:20:42.217+0000] {logging_mixin.py:117} INFO - [2024-04-25T01:20:42.217+0000] {dag.py:3328} INFO - Setting next_dagrun for example_short_circuit_operator to 2024-04-24T01:20:42.217218+00:00, run_after=2024-04-25T01:20:42.217218+00:00
[2024-04-25T01:20:42.239+0000] {processor.py:178} INFO - Processing /home/airflow/.local/lib/python3.7/site-packages/airflow/example_dags/example_short_circuit_operator.py took 0.120 seconds
[2024-04-25T01:21:12.750+0000] {processor.py:156} INFO - Started process (PID=11415) to work on /home/airflow/.local/lib/python3.7/site-packages/airflow/example_dags/example_short_circuit_operator.py
[2024-04-25T01:21:12.752+0000] {processor.py:758} INFO - Processing file /home/airflow/.local/lib/python3.7/site-packages/airflow/example_dags/example_short_circuit_operator.py for tasks to queue
[2024-04-25T01:21:12.753+0000] {logging_mixin.py:117} INFO - [2024-04-25T01:21:12.753+0000] {dagbag.py:525} INFO - Filling up the DagBag from /home/airflow/.local/lib/python3.7/site-packages/airflow/example_dags/example_short_circuit_operator.py
[2024-04-25T01:21:12.774+0000] {processor.py:768} INFO - DAG(s) dict_keys(['example_short_circuit_operator']) retrieved from /home/airflow/.local/lib/python3.7/site-packages/airflow/example_dags/example_short_circuit_operator.py
[2024-04-25T01:21:12.821+0000] {logging_mixin.py:117} INFO - [2024-04-25T01:21:12.821+0000] {dag.py:2573} INFO - Sync 1 DAGs
[2024-04-25T01:21:12.865+0000] {logging_mixin.py:117} INFO - [2024-04-25T01:21:12.865+0000] {dag.py:3328} INFO - Setting next_dagrun for example_short_circuit_operator to 2024-04-24T01:21:12.864900+00:00, run_after=2024-04-25T01:21:12.864900+00:00
[2024-04-25T01:21:12.908+0000] {processor.py:178} INFO - Processing /home/airflow/.local/lib/python3.7/site-packages/airflow/example_dags/example_short_circuit_operator.py took 0.162 seconds
[2024-04-25T01:21:43.399+0000] {processor.py:156} INFO - Started process (PID=11624) to work on /home/airflow/.local/lib/python3.7/site-packages/airflow/example_dags/example_short_circuit_operator.py
[2024-04-25T01:21:43.400+0000] {processor.py:758} INFO - Processing file /home/airflow/.local/lib/python3.7/site-packages/airflow/example_dags/example_short_circuit_operator.py for tasks to queue
[2024-04-25T01:21:43.401+0000] {logging_mixin.py:117} INFO - [2024-04-25T01:21:43.401+0000] {dagbag.py:525} INFO - Filling up the DagBag from /home/airflow/.local/lib/python3.7/site-packages/airflow/example_dags/example_short_circuit_operator.py
[2024-04-25T01:21:43.425+0000] {processor.py:768} INFO - DAG(s) dict_keys(['example_short_circuit_operator']) retrieved from /home/airflow/.local/lib/python3.7/site-packages/airflow/example_dags/example_short_circuit_operator.py
[2024-04-25T01:21:43.475+0000] {logging_mixin.py:117} INFO - [2024-04-25T01:21:43.475+0000] {dag.py:2573} INFO - Sync 1 DAGs
[2024-04-25T01:21:43.507+0000] {logging_mixin.py:117} INFO - [2024-04-25T01:21:43.507+0000] {dag.py:3328} INFO - Setting next_dagrun for example_short_circuit_operator to 2024-04-24T01:21:43.507447+00:00, run_after=2024-04-25T01:21:43.507447+00:00
[2024-04-25T01:21:43.536+0000] {processor.py:178} INFO - Processing /home/airflow/.local/lib/python3.7/site-packages/airflow/example_dags/example_short_circuit_operator.py took 0.141 seconds
[2024-04-25T01:22:15.380+0000] {processor.py:156} INFO - Started process (PID=11844) to work on /home/airflow/.local/lib/python3.7/site-packages/airflow/example_dags/example_short_circuit_operator.py
[2024-04-25T01:22:15.381+0000] {processor.py:758} INFO - Processing file /home/airflow/.local/lib/python3.7/site-packages/airflow/example_dags/example_short_circuit_operator.py for tasks to queue
[2024-04-25T01:22:15.382+0000] {logging_mixin.py:117} INFO - [2024-04-25T01:22:15.382+0000] {dagbag.py:525} INFO - Filling up the DagBag from /home/airflow/.local/lib/python3.7/site-packages/airflow/example_dags/example_short_circuit_operator.py
[2024-04-25T01:22:15.401+0000] {processor.py:768} INFO - DAG(s) dict_keys(['example_short_circuit_operator']) retrieved from /home/airflow/.local/lib/python3.7/site-packages/airflow/example_dags/example_short_circuit_operator.py
[2024-04-25T01:22:15.449+0000] {logging_mixin.py:117} INFO - [2024-04-25T01:22:15.449+0000] {dag.py:2573} INFO - Sync 1 DAGs
[2024-04-25T01:22:15.481+0000] {logging_mixin.py:117} INFO - [2024-04-25T01:22:15.481+0000] {dag.py:3328} INFO - Setting next_dagrun for example_short_circuit_operator to 2024-04-24T01:22:15.481292+00:00, run_after=2024-04-25T01:22:15.481292+00:00
[2024-04-25T01:22:15.514+0000] {processor.py:178} INFO - Processing /home/airflow/.local/lib/python3.7/site-packages/airflow/example_dags/example_short_circuit_operator.py took 0.138 seconds
[2024-04-25T01:22:46.098+0000] {processor.py:156} INFO - Started process (PID=12061) to work on /home/airflow/.local/lib/python3.7/site-packages/airflow/example_dags/example_short_circuit_operator.py
[2024-04-25T01:22:46.099+0000] {processor.py:758} INFO - Processing file /home/airflow/.local/lib/python3.7/site-packages/airflow/example_dags/example_short_circuit_operator.py for tasks to queue
[2024-04-25T01:22:46.100+0000] {logging_mixin.py:117} INFO - [2024-04-25T01:22:46.099+0000] {dagbag.py:525} INFO - Filling up the DagBag from /home/airflow/.local/lib/python3.7/site-packages/airflow/example_dags/example_short_circuit_operator.py
[2024-04-25T01:22:46.125+0000] {processor.py:768} INFO - DAG(s) dict_keys(['example_short_circuit_operator']) retrieved from /home/airflow/.local/lib/python3.7/site-packages/airflow/example_dags/example_short_circuit_operator.py
[2024-04-25T01:22:46.177+0000] {logging_mixin.py:117} INFO - [2024-04-25T01:22:46.177+0000] {dag.py:2573} INFO - Sync 1 DAGs
[2024-04-25T01:22:46.206+0000] {logging_mixin.py:117} INFO - [2024-04-25T01:22:46.206+0000] {dag.py:3328} INFO - Setting next_dagrun for example_short_circuit_operator to 2024-04-24T01:22:46.206455+00:00, run_after=2024-04-25T01:22:46.206455+00:00
[2024-04-25T01:22:46.240+0000] {processor.py:178} INFO - Processing /home/airflow/.local/lib/python3.7/site-packages/airflow/example_dags/example_short_circuit_operator.py took 0.146 seconds
[2024-04-25T01:23:16.909+0000] {processor.py:156} INFO - Started process (PID=12277) to work on /home/airflow/.local/lib/python3.7/site-packages/airflow/example_dags/example_short_circuit_operator.py
[2024-04-25T01:23:16.914+0000] {processor.py:758} INFO - Processing file /home/airflow/.local/lib/python3.7/site-packages/airflow/example_dags/example_short_circuit_operator.py for tasks to queue
[2024-04-25T01:23:16.915+0000] {logging_mixin.py:117} INFO - [2024-04-25T01:23:16.915+0000] {dagbag.py:525} INFO - Filling up the DagBag from /home/airflow/.local/lib/python3.7/site-packages/airflow/example_dags/example_short_circuit_operator.py
[2024-04-25T01:23:16.939+0000] {processor.py:768} INFO - DAG(s) dict_keys(['example_short_circuit_operator']) retrieved from /home/airflow/.local/lib/python3.7/site-packages/airflow/example_dags/example_short_circuit_operator.py
[2024-04-25T01:23:17.015+0000] {logging_mixin.py:117} INFO - [2024-04-25T01:23:17.015+0000] {dag.py:2573} INFO - Sync 1 DAGs
[2024-04-25T01:23:17.060+0000] {logging_mixin.py:117} INFO - [2024-04-25T01:23:17.059+0000] {dag.py:3328} INFO - Setting next_dagrun for example_short_circuit_operator to 2024-04-24T01:23:17.059609+00:00, run_after=2024-04-25T01:23:17.059609+00:00
[2024-04-25T01:23:17.107+0000] {processor.py:178} INFO - Processing /home/airflow/.local/lib/python3.7/site-packages/airflow/example_dags/example_short_circuit_operator.py took 0.203 seconds
[2024-04-25T01:23:47.538+0000] {processor.py:156} INFO - Started process (PID=12486) to work on /home/airflow/.local/lib/python3.7/site-packages/airflow/example_dags/example_short_circuit_operator.py
[2024-04-25T01:23:47.539+0000] {processor.py:758} INFO - Processing file /home/airflow/.local/lib/python3.7/site-packages/airflow/example_dags/example_short_circuit_operator.py for tasks to queue
[2024-04-25T01:23:47.539+0000] {logging_mixin.py:117} INFO - [2024-04-25T01:23:47.539+0000] {dagbag.py:525} INFO - Filling up the DagBag from /home/airflow/.local/lib/python3.7/site-packages/airflow/example_dags/example_short_circuit_operator.py
[2024-04-25T01:23:47.584+0000] {processor.py:768} INFO - DAG(s) dict_keys(['example_short_circuit_operator']) retrieved from /home/airflow/.local/lib/python3.7/site-packages/airflow/example_dags/example_short_circuit_operator.py
[2024-04-25T01:23:47.692+0000] {logging_mixin.py:117} INFO - [2024-04-25T01:23:47.691+0000] {dag.py:2573} INFO - Sync 1 DAGs
[2024-04-25T01:23:47.794+0000] {logging_mixin.py:117} INFO - [2024-04-25T01:23:47.794+0000] {dag.py:3328} INFO - Setting next_dagrun for example_short_circuit_operator to 2024-04-24T01:23:47.794016+00:00, run_after=2024-04-25T01:23:47.794016+00:00
[2024-04-25T01:23:47.859+0000] {processor.py:178} INFO - Processing /home/airflow/.local/lib/python3.7/site-packages/airflow/example_dags/example_short_circuit_operator.py took 0.330 seconds
[2024-04-25T01:24:18.098+0000] {processor.py:156} INFO - Started process (PID=12704) to work on /home/airflow/.local/lib/python3.7/site-packages/airflow/example_dags/example_short_circuit_operator.py
[2024-04-25T01:24:18.099+0000] {processor.py:758} INFO - Processing file /home/airflow/.local/lib/python3.7/site-packages/airflow/example_dags/example_short_circuit_operator.py for tasks to queue
[2024-04-25T01:24:18.100+0000] {logging_mixin.py:117} INFO - [2024-04-25T01:24:18.100+0000] {dagbag.py:525} INFO - Filling up the DagBag from /home/airflow/.local/lib/python3.7/site-packages/airflow/example_dags/example_short_circuit_operator.py
[2024-04-25T01:24:18.127+0000] {processor.py:768} INFO - DAG(s) dict_keys(['example_short_circuit_operator']) retrieved from /home/airflow/.local/lib/python3.7/site-packages/airflow/example_dags/example_short_circuit_operator.py
[2024-04-25T01:24:18.189+0000] {logging_mixin.py:117} INFO - [2024-04-25T01:24:18.189+0000] {dag.py:2573} INFO - Sync 1 DAGs
[2024-04-25T01:24:18.218+0000] {logging_mixin.py:117} INFO - [2024-04-25T01:24:18.218+0000] {dag.py:3328} INFO - Setting next_dagrun for example_short_circuit_operator to 2024-04-24T01:24:18.218161+00:00, run_after=2024-04-25T01:24:18.218161+00:00
[2024-04-25T01:24:18.245+0000] {processor.py:178} INFO - Processing /home/airflow/.local/lib/python3.7/site-packages/airflow/example_dags/example_short_circuit_operator.py took 0.151 seconds
[2024-04-25T01:24:50.308+0000] {processor.py:156} INFO - Started process (PID=12922) to work on /home/airflow/.local/lib/python3.7/site-packages/airflow/example_dags/example_short_circuit_operator.py
[2024-04-25T01:24:50.313+0000] {processor.py:758} INFO - Processing file /home/airflow/.local/lib/python3.7/site-packages/airflow/example_dags/example_short_circuit_operator.py for tasks to queue
[2024-04-25T01:24:50.314+0000] {logging_mixin.py:117} INFO - [2024-04-25T01:24:50.314+0000] {dagbag.py:525} INFO - Filling up the DagBag from /home/airflow/.local/lib/python3.7/site-packages/airflow/example_dags/example_short_circuit_operator.py
[2024-04-25T01:24:50.355+0000] {processor.py:768} INFO - DAG(s) dict_keys(['example_short_circuit_operator']) retrieved from /home/airflow/.local/lib/python3.7/site-packages/airflow/example_dags/example_short_circuit_operator.py
[2024-04-25T01:24:50.490+0000] {logging_mixin.py:117} INFO - [2024-04-25T01:24:50.490+0000] {dag.py:2573} INFO - Sync 1 DAGs
[2024-04-25T01:24:50.548+0000] {logging_mixin.py:117} INFO - [2024-04-25T01:24:50.547+0000] {dag.py:3328} INFO - Setting next_dagrun for example_short_circuit_operator to 2024-04-24T01:24:50.547529+00:00, run_after=2024-04-25T01:24:50.547529+00:00
[2024-04-25T01:24:50.577+0000] {processor.py:178} INFO - Processing /home/airflow/.local/lib/python3.7/site-packages/airflow/example_dags/example_short_circuit_operator.py took 0.274 seconds
[2024-04-25T01:25:20.754+0000] {processor.py:156} INFO - Started process (PID=13131) to work on /home/airflow/.local/lib/python3.7/site-packages/airflow/example_dags/example_short_circuit_operator.py
[2024-04-25T01:25:20.755+0000] {processor.py:758} INFO - Processing file /home/airflow/.local/lib/python3.7/site-packages/airflow/example_dags/example_short_circuit_operator.py for tasks to queue
[2024-04-25T01:25:20.755+0000] {logging_mixin.py:117} INFO - [2024-04-25T01:25:20.755+0000] {dagbag.py:525} INFO - Filling up the DagBag from /home/airflow/.local/lib/python3.7/site-packages/airflow/example_dags/example_short_circuit_operator.py
[2024-04-25T01:25:20.770+0000] {processor.py:768} INFO - DAG(s) dict_keys(['example_short_circuit_operator']) retrieved from /home/airflow/.local/lib/python3.7/site-packages/airflow/example_dags/example_short_circuit_operator.py
[2024-04-25T01:25:20.805+0000] {logging_mixin.py:117} INFO - [2024-04-25T01:25:20.805+0000] {dag.py:2573} INFO - Sync 1 DAGs
[2024-04-25T01:25:20.825+0000] {logging_mixin.py:117} INFO - [2024-04-25T01:25:20.825+0000] {dag.py:3328} INFO - Setting next_dagrun for example_short_circuit_operator to 2024-04-24T01:25:20.825051+00:00, run_after=2024-04-25T01:25:20.825051+00:00
[2024-04-25T01:25:20.848+0000] {processor.py:178} INFO - Processing /home/airflow/.local/lib/python3.7/site-packages/airflow/example_dags/example_short_circuit_operator.py took 0.097 seconds
[2024-04-25T01:25:51.246+0000] {processor.py:156} INFO - Started process (PID=13348) to work on /home/airflow/.local/lib/python3.7/site-packages/airflow/example_dags/example_short_circuit_operator.py
[2024-04-25T01:25:51.247+0000] {processor.py:758} INFO - Processing file /home/airflow/.local/lib/python3.7/site-packages/airflow/example_dags/example_short_circuit_operator.py for tasks to queue
[2024-04-25T01:25:51.248+0000] {logging_mixin.py:117} INFO - [2024-04-25T01:25:51.247+0000] {dagbag.py:525} INFO - Filling up the DagBag from /home/airflow/.local/lib/python3.7/site-packages/airflow/example_dags/example_short_circuit_operator.py
[2024-04-25T01:25:51.268+0000] {processor.py:768} INFO - DAG(s) dict_keys(['example_short_circuit_operator']) retrieved from /home/airflow/.local/lib/python3.7/site-packages/airflow/example_dags/example_short_circuit_operator.py
[2024-04-25T01:25:51.315+0000] {logging_mixin.py:117} INFO - [2024-04-25T01:25:51.315+0000] {dag.py:2573} INFO - Sync 1 DAGs
[2024-04-25T01:25:51.348+0000] {logging_mixin.py:117} INFO - [2024-04-25T01:25:51.348+0000] {dag.py:3328} INFO - Setting next_dagrun for example_short_circuit_operator to 2024-04-24T01:25:51.348479+00:00, run_after=2024-04-25T01:25:51.348479+00:00
[2024-04-25T01:25:51.404+0000] {processor.py:178} INFO - Processing /home/airflow/.local/lib/python3.7/site-packages/airflow/example_dags/example_short_circuit_operator.py took 0.163 seconds
[2024-04-25T01:26:22.698+0000] {processor.py:156} INFO - Started process (PID=13566) to work on /home/airflow/.local/lib/python3.7/site-packages/airflow/example_dags/example_short_circuit_operator.py
[2024-04-25T01:26:22.699+0000] {processor.py:758} INFO - Processing file /home/airflow/.local/lib/python3.7/site-packages/airflow/example_dags/example_short_circuit_operator.py for tasks to queue
[2024-04-25T01:26:22.700+0000] {logging_mixin.py:117} INFO - [2024-04-25T01:26:22.700+0000] {dagbag.py:525} INFO - Filling up the DagBag from /home/airflow/.local/lib/python3.7/site-packages/airflow/example_dags/example_short_circuit_operator.py
[2024-04-25T01:26:22.722+0000] {processor.py:768} INFO - DAG(s) dict_keys(['example_short_circuit_operator']) retrieved from /home/airflow/.local/lib/python3.7/site-packages/airflow/example_dags/example_short_circuit_operator.py
[2024-04-25T01:26:22.771+0000] {logging_mixin.py:117} INFO - [2024-04-25T01:26:22.771+0000] {dag.py:2573} INFO - Sync 1 DAGs
[2024-04-25T01:26:22.803+0000] {logging_mixin.py:117} INFO - [2024-04-25T01:26:22.803+0000] {dag.py:3328} INFO - Setting next_dagrun for example_short_circuit_operator to 2024-04-24T01:26:22.803398+00:00, run_after=2024-04-25T01:26:22.803398+00:00
[2024-04-25T01:26:22.830+0000] {processor.py:178} INFO - Processing /home/airflow/.local/lib/python3.7/site-packages/airflow/example_dags/example_short_circuit_operator.py took 0.136 seconds
