[2024-04-25T00:54:26.408+0000] {processor.py:156} INFO - Started process (PID=271) to work on /home/airflow/.local/lib/python3.7/site-packages/airflow/example_dags/example_latest_only_with_trigger.py
[2024-04-25T00:54:26.409+0000] {processor.py:758} INFO - Processing file /home/airflow/.local/lib/python3.7/site-packages/airflow/example_dags/example_latest_only_with_trigger.py for tasks to queue
[2024-04-25T00:54:26.410+0000] {logging_mixin.py:117} INFO - [2024-04-25T00:54:26.410+0000] {dagbag.py:525} INFO - Filling up the DagBag from /home/airflow/.local/lib/python3.7/site-packages/airflow/example_dags/example_latest_only_with_trigger.py
[2024-04-25T00:54:26.434+0000] {processor.py:768} INFO - DAG(s) dict_keys(['latest_only_with_trigger']) retrieved from /home/airflow/.local/lib/python3.7/site-packages/airflow/example_dags/example_latest_only_with_trigger.py
[2024-04-25T00:54:26.483+0000] {logging_mixin.py:117} INFO - [2024-04-25T00:54:26.482+0000] {dag.py:2573} INFO - Sync 1 DAGs
[2024-04-25T00:54:26.520+0000] {logging_mixin.py:117} INFO - [2024-04-25T00:54:26.520+0000] {dag.py:3328} INFO - Setting next_dagrun for latest_only_with_trigger to 2024-04-24T20:54:26.519727+00:00, run_after=2024-04-25T00:54:26.519727+00:00
[2024-04-25T00:54:26.552+0000] {processor.py:178} INFO - Processing /home/airflow/.local/lib/python3.7/site-packages/airflow/example_dags/example_latest_only_with_trigger.py took 0.147 seconds
[2024-04-25T00:54:57.617+0000] {processor.py:156} INFO - Started process (PID=488) to work on /home/airflow/.local/lib/python3.7/site-packages/airflow/example_dags/example_latest_only_with_trigger.py
[2024-04-25T00:54:57.618+0000] {processor.py:758} INFO - Processing file /home/airflow/.local/lib/python3.7/site-packages/airflow/example_dags/example_latest_only_with_trigger.py for tasks to queue
[2024-04-25T00:54:57.619+0000] {logging_mixin.py:117} INFO - [2024-04-25T00:54:57.618+0000] {dagbag.py:525} INFO - Filling up the DagBag from /home/airflow/.local/lib/python3.7/site-packages/airflow/example_dags/example_latest_only_with_trigger.py
[2024-04-25T00:54:57.653+0000] {processor.py:768} INFO - DAG(s) dict_keys(['latest_only_with_trigger']) retrieved from /home/airflow/.local/lib/python3.7/site-packages/airflow/example_dags/example_latest_only_with_trigger.py
[2024-04-25T00:54:57.723+0000] {logging_mixin.py:117} INFO - [2024-04-25T00:54:57.723+0000] {dag.py:2573} INFO - Sync 1 DAGs
[2024-04-25T00:54:57.791+0000] {logging_mixin.py:117} INFO - [2024-04-25T00:54:57.791+0000] {dag.py:3328} INFO - Setting next_dagrun for latest_only_with_trigger to 2024-04-24T20:54:57.790657+00:00, run_after=2024-04-25T00:54:57.790657+00:00
[2024-04-25T00:54:57.830+0000] {processor.py:178} INFO - Processing /home/airflow/.local/lib/python3.7/site-packages/airflow/example_dags/example_latest_only_with_trigger.py took 0.217 seconds
[2024-04-25T00:55:28.133+0000] {processor.py:156} INFO - Started process (PID=697) to work on /home/airflow/.local/lib/python3.7/site-packages/airflow/example_dags/example_latest_only_with_trigger.py
[2024-04-25T00:55:28.134+0000] {processor.py:758} INFO - Processing file /home/airflow/.local/lib/python3.7/site-packages/airflow/example_dags/example_latest_only_with_trigger.py for tasks to queue
[2024-04-25T00:55:28.135+0000] {logging_mixin.py:117} INFO - [2024-04-25T00:55:28.135+0000] {dagbag.py:525} INFO - Filling up the DagBag from /home/airflow/.local/lib/python3.7/site-packages/airflow/example_dags/example_latest_only_with_trigger.py
[2024-04-25T00:55:28.151+0000] {processor.py:768} INFO - DAG(s) dict_keys(['latest_only_with_trigger']) retrieved from /home/airflow/.local/lib/python3.7/site-packages/airflow/example_dags/example_latest_only_with_trigger.py
[2024-04-25T00:55:28.198+0000] {logging_mixin.py:117} INFO - [2024-04-25T00:55:28.197+0000] {dag.py:2573} INFO - Sync 1 DAGs
[2024-04-25T00:55:28.228+0000] {logging_mixin.py:117} INFO - [2024-04-25T00:55:28.228+0000] {dag.py:3328} INFO - Setting next_dagrun for latest_only_with_trigger to 2024-04-24T20:55:28.228428+00:00, run_after=2024-04-25T00:55:28.228428+00:00
[2024-04-25T00:55:28.254+0000] {processor.py:178} INFO - Processing /home/airflow/.local/lib/python3.7/site-packages/airflow/example_dags/example_latest_only_with_trigger.py took 0.124 seconds
[2024-04-25T00:55:59.108+0000] {processor.py:156} INFO - Started process (PID=916) to work on /home/airflow/.local/lib/python3.7/site-packages/airflow/example_dags/example_latest_only_with_trigger.py
[2024-04-25T00:55:59.109+0000] {processor.py:758} INFO - Processing file /home/airflow/.local/lib/python3.7/site-packages/airflow/example_dags/example_latest_only_with_trigger.py for tasks to queue
[2024-04-25T00:55:59.110+0000] {logging_mixin.py:117} INFO - [2024-04-25T00:55:59.109+0000] {dagbag.py:525} INFO - Filling up the DagBag from /home/airflow/.local/lib/python3.7/site-packages/airflow/example_dags/example_latest_only_with_trigger.py
[2024-04-25T00:55:59.131+0000] {processor.py:768} INFO - DAG(s) dict_keys(['latest_only_with_trigger']) retrieved from /home/airflow/.local/lib/python3.7/site-packages/airflow/example_dags/example_latest_only_with_trigger.py
[2024-04-25T00:55:59.197+0000] {logging_mixin.py:117} INFO - [2024-04-25T00:55:59.197+0000] {dag.py:2573} INFO - Sync 1 DAGs
[2024-04-25T00:55:59.228+0000] {logging_mixin.py:117} INFO - [2024-04-25T00:55:59.228+0000] {dag.py:3328} INFO - Setting next_dagrun for latest_only_with_trigger to 2024-04-24T20:55:59.228161+00:00, run_after=2024-04-25T00:55:59.228161+00:00
[2024-04-25T00:55:59.255+0000] {processor.py:178} INFO - Processing /home/airflow/.local/lib/python3.7/site-packages/airflow/example_dags/example_latest_only_with_trigger.py took 0.150 seconds
[2024-04-25T00:56:30.976+0000] {processor.py:156} INFO - Started process (PID=1133) to work on /home/airflow/.local/lib/python3.7/site-packages/airflow/example_dags/example_latest_only_with_trigger.py
[2024-04-25T00:56:30.977+0000] {processor.py:758} INFO - Processing file /home/airflow/.local/lib/python3.7/site-packages/airflow/example_dags/example_latest_only_with_trigger.py for tasks to queue
[2024-04-25T00:56:30.978+0000] {logging_mixin.py:117} INFO - [2024-04-25T00:56:30.978+0000] {dagbag.py:525} INFO - Filling up the DagBag from /home/airflow/.local/lib/python3.7/site-packages/airflow/example_dags/example_latest_only_with_trigger.py
[2024-04-25T00:56:30.996+0000] {processor.py:768} INFO - DAG(s) dict_keys(['latest_only_with_trigger']) retrieved from /home/airflow/.local/lib/python3.7/site-packages/airflow/example_dags/example_latest_only_with_trigger.py
[2024-04-25T00:56:31.047+0000] {logging_mixin.py:117} INFO - [2024-04-25T00:56:31.046+0000] {dag.py:2573} INFO - Sync 1 DAGs
[2024-04-25T00:56:31.076+0000] {logging_mixin.py:117} INFO - [2024-04-25T00:56:31.076+0000] {dag.py:3328} INFO - Setting next_dagrun for latest_only_with_trigger to 2024-04-24T20:56:31.075859+00:00, run_after=2024-04-25T00:56:31.075859+00:00
[2024-04-25T00:56:31.103+0000] {processor.py:178} INFO - Processing /home/airflow/.local/lib/python3.7/site-packages/airflow/example_dags/example_latest_only_with_trigger.py took 0.130 seconds
[2024-04-25T00:57:01.675+0000] {processor.py:156} INFO - Started process (PID=1341) to work on /home/airflow/.local/lib/python3.7/site-packages/airflow/example_dags/example_latest_only_with_trigger.py
[2024-04-25T00:57:01.676+0000] {processor.py:758} INFO - Processing file /home/airflow/.local/lib/python3.7/site-packages/airflow/example_dags/example_latest_only_with_trigger.py for tasks to queue
[2024-04-25T00:57:01.677+0000] {logging_mixin.py:117} INFO - [2024-04-25T00:57:01.677+0000] {dagbag.py:525} INFO - Filling up the DagBag from /home/airflow/.local/lib/python3.7/site-packages/airflow/example_dags/example_latest_only_with_trigger.py
[2024-04-25T00:57:01.695+0000] {processor.py:768} INFO - DAG(s) dict_keys(['latest_only_with_trigger']) retrieved from /home/airflow/.local/lib/python3.7/site-packages/airflow/example_dags/example_latest_only_with_trigger.py
[2024-04-25T00:57:01.744+0000] {logging_mixin.py:117} INFO - [2024-04-25T00:57:01.743+0000] {dag.py:2573} INFO - Sync 1 DAGs
[2024-04-25T00:57:01.920+0000] {logging_mixin.py:117} INFO - [2024-04-25T00:57:01.919+0000] {dag.py:3328} INFO - Setting next_dagrun for latest_only_with_trigger to 2024-04-24T20:57:01.919602+00:00, run_after=2024-04-25T00:57:01.919602+00:00
[2024-04-25T00:57:01.943+0000] {processor.py:178} INFO - Processing /home/airflow/.local/lib/python3.7/site-packages/airflow/example_dags/example_latest_only_with_trigger.py took 0.271 seconds
[2024-04-25T00:57:32.583+0000] {processor.py:156} INFO - Started process (PID=1558) to work on /home/airflow/.local/lib/python3.7/site-packages/airflow/example_dags/example_latest_only_with_trigger.py
[2024-04-25T00:57:32.584+0000] {processor.py:758} INFO - Processing file /home/airflow/.local/lib/python3.7/site-packages/airflow/example_dags/example_latest_only_with_trigger.py for tasks to queue
[2024-04-25T00:57:32.585+0000] {logging_mixin.py:117} INFO - [2024-04-25T00:57:32.584+0000] {dagbag.py:525} INFO - Filling up the DagBag from /home/airflow/.local/lib/python3.7/site-packages/airflow/example_dags/example_latest_only_with_trigger.py
[2024-04-25T00:57:32.601+0000] {processor.py:768} INFO - DAG(s) dict_keys(['latest_only_with_trigger']) retrieved from /home/airflow/.local/lib/python3.7/site-packages/airflow/example_dags/example_latest_only_with_trigger.py
[2024-04-25T00:57:32.645+0000] {logging_mixin.py:117} INFO - [2024-04-25T00:57:32.645+0000] {dag.py:2573} INFO - Sync 1 DAGs
[2024-04-25T00:57:32.807+0000] {logging_mixin.py:117} INFO - [2024-04-25T00:57:32.807+0000] {dag.py:3328} INFO - Setting next_dagrun for latest_only_with_trigger to 2024-04-24T20:57:32.807362+00:00, run_after=2024-04-25T00:57:32.807362+00:00
[2024-04-25T00:57:32.833+0000] {processor.py:178} INFO - Processing /home/airflow/.local/lib/python3.7/site-packages/airflow/example_dags/example_latest_only_with_trigger.py took 0.253 seconds
[2024-04-25T00:58:04.330+0000] {processor.py:156} INFO - Started process (PID=1775) to work on /home/airflow/.local/lib/python3.7/site-packages/airflow/example_dags/example_latest_only_with_trigger.py
[2024-04-25T00:58:04.331+0000] {processor.py:758} INFO - Processing file /home/airflow/.local/lib/python3.7/site-packages/airflow/example_dags/example_latest_only_with_trigger.py for tasks to queue
[2024-04-25T00:58:04.332+0000] {logging_mixin.py:117} INFO - [2024-04-25T00:58:04.332+0000] {dagbag.py:525} INFO - Filling up the DagBag from /home/airflow/.local/lib/python3.7/site-packages/airflow/example_dags/example_latest_only_with_trigger.py
[2024-04-25T00:58:04.347+0000] {processor.py:768} INFO - DAG(s) dict_keys(['latest_only_with_trigger']) retrieved from /home/airflow/.local/lib/python3.7/site-packages/airflow/example_dags/example_latest_only_with_trigger.py
[2024-04-25T00:58:04.540+0000] {logging_mixin.py:117} INFO - [2024-04-25T00:58:04.540+0000] {dag.py:2573} INFO - Sync 1 DAGs
[2024-04-25T00:58:04.572+0000] {logging_mixin.py:117} INFO - [2024-04-25T00:58:04.572+0000] {dag.py:3328} INFO - Setting next_dagrun for latest_only_with_trigger to 2024-04-24T20:58:04.571791+00:00, run_after=2024-04-25T00:58:04.571791+00:00
[2024-04-25T00:58:04.595+0000] {processor.py:178} INFO - Processing /home/airflow/.local/lib/python3.7/site-packages/airflow/example_dags/example_latest_only_with_trigger.py took 0.268 seconds
[2024-04-25T00:58:34.884+0000] {processor.py:156} INFO - Started process (PID=1984) to work on /home/airflow/.local/lib/python3.7/site-packages/airflow/example_dags/example_latest_only_with_trigger.py
[2024-04-25T00:58:34.885+0000] {processor.py:758} INFO - Processing file /home/airflow/.local/lib/python3.7/site-packages/airflow/example_dags/example_latest_only_with_trigger.py for tasks to queue
[2024-04-25T00:58:34.886+0000] {logging_mixin.py:117} INFO - [2024-04-25T00:58:34.886+0000] {dagbag.py:525} INFO - Filling up the DagBag from /home/airflow/.local/lib/python3.7/site-packages/airflow/example_dags/example_latest_only_with_trigger.py
[2024-04-25T00:58:34.900+0000] {processor.py:768} INFO - DAG(s) dict_keys(['latest_only_with_trigger']) retrieved from /home/airflow/.local/lib/python3.7/site-packages/airflow/example_dags/example_latest_only_with_trigger.py
[2024-04-25T00:58:35.152+0000] {logging_mixin.py:117} INFO - [2024-04-25T00:58:35.152+0000] {dag.py:2573} INFO - Sync 1 DAGs
[2024-04-25T00:58:35.181+0000] {logging_mixin.py:117} INFO - [2024-04-25T00:58:35.181+0000] {dag.py:3328} INFO - Setting next_dagrun for latest_only_with_trigger to 2024-04-24T20:58:35.180791+00:00, run_after=2024-04-25T00:58:35.180791+00:00
[2024-04-25T00:58:35.222+0000] {processor.py:178} INFO - Processing /home/airflow/.local/lib/python3.7/site-packages/airflow/example_dags/example_latest_only_with_trigger.py took 0.342 seconds
[2024-04-25T00:59:05.796+0000] {processor.py:156} INFO - Started process (PID=2201) to work on /home/airflow/.local/lib/python3.7/site-packages/airflow/example_dags/example_latest_only_with_trigger.py
[2024-04-25T00:59:05.797+0000] {processor.py:758} INFO - Processing file /home/airflow/.local/lib/python3.7/site-packages/airflow/example_dags/example_latest_only_with_trigger.py for tasks to queue
[2024-04-25T00:59:05.798+0000] {logging_mixin.py:117} INFO - [2024-04-25T00:59:05.798+0000] {dagbag.py:525} INFO - Filling up the DagBag from /home/airflow/.local/lib/python3.7/site-packages/airflow/example_dags/example_latest_only_with_trigger.py
[2024-04-25T00:59:05.815+0000] {processor.py:768} INFO - DAG(s) dict_keys(['latest_only_with_trigger']) retrieved from /home/airflow/.local/lib/python3.7/site-packages/airflow/example_dags/example_latest_only_with_trigger.py
[2024-04-25T00:59:05.861+0000] {logging_mixin.py:117} INFO - [2024-04-25T00:59:05.861+0000] {dag.py:2573} INFO - Sync 1 DAGs
[2024-04-25T00:59:05.890+0000] {logging_mixin.py:117} INFO - [2024-04-25T00:59:05.890+0000] {dag.py:3328} INFO - Setting next_dagrun for latest_only_with_trigger to 2024-04-24T20:59:05.889959+00:00, run_after=2024-04-25T00:59:05.889959+00:00
[2024-04-25T00:59:06.071+0000] {processor.py:178} INFO - Processing /home/airflow/.local/lib/python3.7/site-packages/airflow/example_dags/example_latest_only_with_trigger.py took 0.278 seconds
[2024-04-25T00:59:38.422+0000] {processor.py:156} INFO - Started process (PID=2419) to work on /home/airflow/.local/lib/python3.7/site-packages/airflow/example_dags/example_latest_only_with_trigger.py
[2024-04-25T00:59:38.422+0000] {processor.py:758} INFO - Processing file /home/airflow/.local/lib/python3.7/site-packages/airflow/example_dags/example_latest_only_with_trigger.py for tasks to queue
[2024-04-25T00:59:38.423+0000] {logging_mixin.py:117} INFO - [2024-04-25T00:59:38.423+0000] {dagbag.py:525} INFO - Filling up the DagBag from /home/airflow/.local/lib/python3.7/site-packages/airflow/example_dags/example_latest_only_with_trigger.py
[2024-04-25T00:59:38.444+0000] {processor.py:768} INFO - DAG(s) dict_keys(['latest_only_with_trigger']) retrieved from /home/airflow/.local/lib/python3.7/site-packages/airflow/example_dags/example_latest_only_with_trigger.py
[2024-04-25T00:59:38.489+0000] {logging_mixin.py:117} INFO - [2024-04-25T00:59:38.489+0000] {dag.py:2573} INFO - Sync 1 DAGs
[2024-04-25T00:59:38.758+0000] {logging_mixin.py:117} INFO - [2024-04-25T00:59:38.758+0000] {dag.py:3328} INFO - Setting next_dagrun for latest_only_with_trigger to 2024-04-24T20:59:38.758442+00:00, run_after=2024-04-25T00:59:38.758442+00:00
[2024-04-25T00:59:38.827+0000] {processor.py:178} INFO - Processing /home/airflow/.local/lib/python3.7/site-packages/airflow/example_dags/example_latest_only_with_trigger.py took 0.409 seconds
[2024-04-25T01:00:09.345+0000] {processor.py:156} INFO - Started process (PID=2628) to work on /home/airflow/.local/lib/python3.7/site-packages/airflow/example_dags/example_latest_only_with_trigger.py
[2024-04-25T01:00:09.346+0000] {processor.py:758} INFO - Processing file /home/airflow/.local/lib/python3.7/site-packages/airflow/example_dags/example_latest_only_with_trigger.py for tasks to queue
[2024-04-25T01:00:09.346+0000] {logging_mixin.py:117} INFO - [2024-04-25T01:00:09.346+0000] {dagbag.py:525} INFO - Filling up the DagBag from /home/airflow/.local/lib/python3.7/site-packages/airflow/example_dags/example_latest_only_with_trigger.py
[2024-04-25T01:00:09.363+0000] {processor.py:768} INFO - DAG(s) dict_keys(['latest_only_with_trigger']) retrieved from /home/airflow/.local/lib/python3.7/site-packages/airflow/example_dags/example_latest_only_with_trigger.py
[2024-04-25T01:00:09.694+0000] {logging_mixin.py:117} INFO - [2024-04-25T01:00:09.694+0000] {dag.py:2573} INFO - Sync 1 DAGs
[2024-04-25T01:00:09.786+0000] {logging_mixin.py:117} INFO - [2024-04-25T01:00:09.785+0000] {dag.py:3328} INFO - Setting next_dagrun for latest_only_with_trigger to 2024-04-24T21:00:09.785590+00:00, run_after=2024-04-25T01:00:09.785590+00:00
[2024-04-25T01:00:09.856+0000] {processor.py:178} INFO - Processing /home/airflow/.local/lib/python3.7/site-packages/airflow/example_dags/example_latest_only_with_trigger.py took 0.514 seconds
[2024-04-25T01:00:40.851+0000] {processor.py:156} INFO - Started process (PID=2847) to work on /home/airflow/.local/lib/python3.7/site-packages/airflow/example_dags/example_latest_only_with_trigger.py
[2024-04-25T01:00:40.852+0000] {processor.py:758} INFO - Processing file /home/airflow/.local/lib/python3.7/site-packages/airflow/example_dags/example_latest_only_with_trigger.py for tasks to queue
[2024-04-25T01:00:40.853+0000] {logging_mixin.py:117} INFO - [2024-04-25T01:00:40.853+0000] {dagbag.py:525} INFO - Filling up the DagBag from /home/airflow/.local/lib/python3.7/site-packages/airflow/example_dags/example_latest_only_with_trigger.py
[2024-04-25T01:00:40.888+0000] {processor.py:768} INFO - DAG(s) dict_keys(['latest_only_with_trigger']) retrieved from /home/airflow/.local/lib/python3.7/site-packages/airflow/example_dags/example_latest_only_with_trigger.py
[2024-04-25T01:00:41.326+0000] {logging_mixin.py:117} INFO - [2024-04-25T01:00:41.325+0000] {dag.py:2573} INFO - Sync 1 DAGs
[2024-04-25T01:00:41.374+0000] {logging_mixin.py:117} INFO - [2024-04-25T01:00:41.374+0000] {dag.py:3328} INFO - Setting next_dagrun for latest_only_with_trigger to 2024-04-24T21:00:41.374315+00:00, run_after=2024-04-25T01:00:41.374315+00:00
[2024-04-25T01:00:41.414+0000] {processor.py:178} INFO - Processing /home/airflow/.local/lib/python3.7/site-packages/airflow/example_dags/example_latest_only_with_trigger.py took 0.571 seconds
[2024-04-25T01:01:11.542+0000] {processor.py:156} INFO - Started process (PID=3066) to work on /home/airflow/.local/lib/python3.7/site-packages/airflow/example_dags/example_latest_only_with_trigger.py
[2024-04-25T01:01:11.543+0000] {processor.py:758} INFO - Processing file /home/airflow/.local/lib/python3.7/site-packages/airflow/example_dags/example_latest_only_with_trigger.py for tasks to queue
[2024-04-25T01:01:11.544+0000] {logging_mixin.py:117} INFO - [2024-04-25T01:01:11.543+0000] {dagbag.py:525} INFO - Filling up the DagBag from /home/airflow/.local/lib/python3.7/site-packages/airflow/example_dags/example_latest_only_with_trigger.py
[2024-04-25T01:01:11.555+0000] {processor.py:768} INFO - DAG(s) dict_keys(['latest_only_with_trigger']) retrieved from /home/airflow/.local/lib/python3.7/site-packages/airflow/example_dags/example_latest_only_with_trigger.py
[2024-04-25T01:01:11.595+0000] {logging_mixin.py:117} INFO - [2024-04-25T01:01:11.595+0000] {dag.py:2573} INFO - Sync 1 DAGs
[2024-04-25T01:01:11.615+0000] {logging_mixin.py:117} INFO - [2024-04-25T01:01:11.615+0000] {dag.py:3328} INFO - Setting next_dagrun for latest_only_with_trigger to 2024-04-24T21:01:11.614887+00:00, run_after=2024-04-25T01:01:11.614887+00:00
[2024-04-25T01:01:11.738+0000] {processor.py:178} INFO - Processing /home/airflow/.local/lib/python3.7/site-packages/airflow/example_dags/example_latest_only_with_trigger.py took 0.199 seconds
[2024-04-25T01:01:41.960+0000] {processor.py:156} INFO - Started process (PID=3273) to work on /home/airflow/.local/lib/python3.7/site-packages/airflow/example_dags/example_latest_only_with_trigger.py
[2024-04-25T01:01:41.962+0000] {processor.py:758} INFO - Processing file /home/airflow/.local/lib/python3.7/site-packages/airflow/example_dags/example_latest_only_with_trigger.py for tasks to queue
[2024-04-25T01:01:41.963+0000] {logging_mixin.py:117} INFO - [2024-04-25T01:01:41.962+0000] {dagbag.py:525} INFO - Filling up the DagBag from /home/airflow/.local/lib/python3.7/site-packages/airflow/example_dags/example_latest_only_with_trigger.py
[2024-04-25T01:01:41.981+0000] {processor.py:768} INFO - DAG(s) dict_keys(['latest_only_with_trigger']) retrieved from /home/airflow/.local/lib/python3.7/site-packages/airflow/example_dags/example_latest_only_with_trigger.py
[2024-04-25T01:01:42.041+0000] {logging_mixin.py:117} INFO - [2024-04-25T01:01:42.040+0000] {dag.py:2573} INFO - Sync 1 DAGs
[2024-04-25T01:01:42.298+0000] {logging_mixin.py:117} INFO - [2024-04-25T01:01:42.298+0000] {dag.py:3328} INFO - Setting next_dagrun for latest_only_with_trigger to 2024-04-24T21:01:42.297933+00:00, run_after=2024-04-25T01:01:42.297933+00:00
[2024-04-25T01:01:42.343+0000] {processor.py:178} INFO - Processing /home/airflow/.local/lib/python3.7/site-packages/airflow/example_dags/example_latest_only_with_trigger.py took 0.388 seconds
[2024-04-25T01:02:14.954+0000] {processor.py:156} INFO - Started process (PID=3491) to work on /home/airflow/.local/lib/python3.7/site-packages/airflow/example_dags/example_latest_only_with_trigger.py
[2024-04-25T01:02:14.959+0000] {processor.py:758} INFO - Processing file /home/airflow/.local/lib/python3.7/site-packages/airflow/example_dags/example_latest_only_with_trigger.py for tasks to queue
[2024-04-25T01:02:14.959+0000] {logging_mixin.py:117} INFO - [2024-04-25T01:02:14.959+0000] {dagbag.py:525} INFO - Filling up the DagBag from /home/airflow/.local/lib/python3.7/site-packages/airflow/example_dags/example_latest_only_with_trigger.py
[2024-04-25T01:02:15.011+0000] {processor.py:768} INFO - DAG(s) dict_keys(['latest_only_with_trigger']) retrieved from /home/airflow/.local/lib/python3.7/site-packages/airflow/example_dags/example_latest_only_with_trigger.py
[2024-04-25T01:02:15.595+0000] {logging_mixin.py:117} INFO - [2024-04-25T01:02:15.595+0000] {dag.py:2573} INFO - Sync 1 DAGs
[2024-04-25T01:02:15.642+0000] {logging_mixin.py:117} INFO - [2024-04-25T01:02:15.642+0000] {dag.py:3328} INFO - Setting next_dagrun for latest_only_with_trigger to 2024-04-24T21:02:15.642506+00:00, run_after=2024-04-25T01:02:15.642506+00:00
[2024-04-25T01:02:15.675+0000] {processor.py:178} INFO - Processing /home/airflow/.local/lib/python3.7/site-packages/airflow/example_dags/example_latest_only_with_trigger.py took 0.727 seconds
[2024-04-25T01:02:46.142+0000] {processor.py:156} INFO - Started process (PID=3709) to work on /home/airflow/.local/lib/python3.7/site-packages/airflow/example_dags/example_latest_only_with_trigger.py
[2024-04-25T01:02:46.143+0000] {processor.py:758} INFO - Processing file /home/airflow/.local/lib/python3.7/site-packages/airflow/example_dags/example_latest_only_with_trigger.py for tasks to queue
[2024-04-25T01:02:46.143+0000] {logging_mixin.py:117} INFO - [2024-04-25T01:02:46.143+0000] {dagbag.py:525} INFO - Filling up the DagBag from /home/airflow/.local/lib/python3.7/site-packages/airflow/example_dags/example_latest_only_with_trigger.py
[2024-04-25T01:02:46.161+0000] {processor.py:768} INFO - DAG(s) dict_keys(['latest_only_with_trigger']) retrieved from /home/airflow/.local/lib/python3.7/site-packages/airflow/example_dags/example_latest_only_with_trigger.py
[2024-04-25T01:02:46.444+0000] {logging_mixin.py:117} INFO - [2024-04-25T01:02:46.444+0000] {dag.py:2573} INFO - Sync 1 DAGs
[2024-04-25T01:02:46.477+0000] {logging_mixin.py:117} INFO - [2024-04-25T01:02:46.477+0000] {dag.py:3328} INFO - Setting next_dagrun for latest_only_with_trigger to 2024-04-24T21:02:46.477236+00:00, run_after=2024-04-25T01:02:46.477236+00:00
[2024-04-25T01:02:46.505+0000] {processor.py:178} INFO - Processing /home/airflow/.local/lib/python3.7/site-packages/airflow/example_dags/example_latest_only_with_trigger.py took 0.366 seconds
[2024-04-25T01:03:17.044+0000] {processor.py:156} INFO - Started process (PID=3918) to work on /home/airflow/.local/lib/python3.7/site-packages/airflow/example_dags/example_latest_only_with_trigger.py
[2024-04-25T01:03:17.046+0000] {processor.py:758} INFO - Processing file /home/airflow/.local/lib/python3.7/site-packages/airflow/example_dags/example_latest_only_with_trigger.py for tasks to queue
[2024-04-25T01:03:17.047+0000] {logging_mixin.py:117} INFO - [2024-04-25T01:03:17.047+0000] {dagbag.py:525} INFO - Filling up the DagBag from /home/airflow/.local/lib/python3.7/site-packages/airflow/example_dags/example_latest_only_with_trigger.py
[2024-04-25T01:03:17.204+0000] {processor.py:768} INFO - DAG(s) dict_keys(['latest_only_with_trigger']) retrieved from /home/airflow/.local/lib/python3.7/site-packages/airflow/example_dags/example_latest_only_with_trigger.py
[2024-04-25T01:03:17.254+0000] {logging_mixin.py:117} INFO - [2024-04-25T01:03:17.254+0000] {dag.py:2573} INFO - Sync 1 DAGs
[2024-04-25T01:03:17.302+0000] {logging_mixin.py:117} INFO - [2024-04-25T01:03:17.302+0000] {dag.py:3328} INFO - Setting next_dagrun for latest_only_with_trigger to 2024-04-24T21:03:17.301494+00:00, run_after=2024-04-25T01:03:17.301494+00:00
[2024-04-25T01:03:17.339+0000] {processor.py:178} INFO - Processing /home/airflow/.local/lib/python3.7/site-packages/airflow/example_dags/example_latest_only_with_trigger.py took 0.297 seconds
[2024-04-25T01:03:48.155+0000] {processor.py:156} INFO - Started process (PID=4135) to work on /home/airflow/.local/lib/python3.7/site-packages/airflow/example_dags/example_latest_only_with_trigger.py
[2024-04-25T01:03:48.156+0000] {processor.py:758} INFO - Processing file /home/airflow/.local/lib/python3.7/site-packages/airflow/example_dags/example_latest_only_with_trigger.py for tasks to queue
[2024-04-25T01:03:48.157+0000] {logging_mixin.py:117} INFO - [2024-04-25T01:03:48.157+0000] {dagbag.py:525} INFO - Filling up the DagBag from /home/airflow/.local/lib/python3.7/site-packages/airflow/example_dags/example_latest_only_with_trigger.py
[2024-04-25T01:03:48.174+0000] {processor.py:768} INFO - DAG(s) dict_keys(['latest_only_with_trigger']) retrieved from /home/airflow/.local/lib/python3.7/site-packages/airflow/example_dags/example_latest_only_with_trigger.py
[2024-04-25T01:03:48.220+0000] {logging_mixin.py:117} INFO - [2024-04-25T01:03:48.219+0000] {dag.py:2573} INFO - Sync 1 DAGs
[2024-04-25T01:03:48.251+0000] {logging_mixin.py:117} INFO - [2024-04-25T01:03:48.251+0000] {dag.py:3328} INFO - Setting next_dagrun for latest_only_with_trigger to 2024-04-24T21:03:48.250528+00:00, run_after=2024-04-25T01:03:48.250528+00:00
[2024-04-25T01:03:48.282+0000] {processor.py:178} INFO - Processing /home/airflow/.local/lib/python3.7/site-packages/airflow/example_dags/example_latest_only_with_trigger.py took 0.130 seconds
[2024-04-25T01:04:18.426+0000] {processor.py:156} INFO - Started process (PID=4352) to work on /home/airflow/.local/lib/python3.7/site-packages/airflow/example_dags/example_latest_only_with_trigger.py
[2024-04-25T01:04:18.426+0000] {processor.py:758} INFO - Processing file /home/airflow/.local/lib/python3.7/site-packages/airflow/example_dags/example_latest_only_with_trigger.py for tasks to queue
[2024-04-25T01:04:18.427+0000] {logging_mixin.py:117} INFO - [2024-04-25T01:04:18.427+0000] {dagbag.py:525} INFO - Filling up the DagBag from /home/airflow/.local/lib/python3.7/site-packages/airflow/example_dags/example_latest_only_with_trigger.py
[2024-04-25T01:04:18.443+0000] {processor.py:768} INFO - DAG(s) dict_keys(['latest_only_with_trigger']) retrieved from /home/airflow/.local/lib/python3.7/site-packages/airflow/example_dags/example_latest_only_with_trigger.py
[2024-04-25T01:04:18.504+0000] {logging_mixin.py:117} INFO - [2024-04-25T01:04:18.503+0000] {dag.py:2573} INFO - Sync 1 DAGs
[2024-04-25T01:04:18.548+0000] {logging_mixin.py:117} INFO - [2024-04-25T01:04:18.548+0000] {dag.py:3328} INFO - Setting next_dagrun for latest_only_with_trigger to 2024-04-24T21:04:18.548666+00:00, run_after=2024-04-25T01:04:18.548666+00:00
[2024-04-25T01:04:18.572+0000] {processor.py:178} INFO - Processing /home/airflow/.local/lib/python3.7/site-packages/airflow/example_dags/example_latest_only_with_trigger.py took 0.149 seconds
[2024-04-25T01:04:49.197+0000] {processor.py:156} INFO - Started process (PID=4571) to work on /home/airflow/.local/lib/python3.7/site-packages/airflow/example_dags/example_latest_only_with_trigger.py
[2024-04-25T01:04:49.200+0000] {processor.py:758} INFO - Processing file /home/airflow/.local/lib/python3.7/site-packages/airflow/example_dags/example_latest_only_with_trigger.py for tasks to queue
[2024-04-25T01:04:49.210+0000] {logging_mixin.py:117} INFO - [2024-04-25T01:04:49.210+0000] {dagbag.py:525} INFO - Filling up the DagBag from /home/airflow/.local/lib/python3.7/site-packages/airflow/example_dags/example_latest_only_with_trigger.py
[2024-04-25T01:04:49.231+0000] {processor.py:768} INFO - DAG(s) dict_keys(['latest_only_with_trigger']) retrieved from /home/airflow/.local/lib/python3.7/site-packages/airflow/example_dags/example_latest_only_with_trigger.py
[2024-04-25T01:04:49.308+0000] {logging_mixin.py:117} INFO - [2024-04-25T01:04:49.308+0000] {dag.py:2573} INFO - Sync 1 DAGs
[2024-04-25T01:04:49.364+0000] {logging_mixin.py:117} INFO - [2024-04-25T01:04:49.364+0000] {dag.py:3328} INFO - Setting next_dagrun for latest_only_with_trigger to 2024-04-24T21:04:49.364316+00:00, run_after=2024-04-25T01:04:49.364316+00:00
[2024-04-25T01:04:49.399+0000] {processor.py:178} INFO - Processing /home/airflow/.local/lib/python3.7/site-packages/airflow/example_dags/example_latest_only_with_trigger.py took 0.205 seconds
[2024-04-25T01:05:19.897+0000] {processor.py:156} INFO - Started process (PID=4778) to work on /home/airflow/.local/lib/python3.7/site-packages/airflow/example_dags/example_latest_only_with_trigger.py
[2024-04-25T01:05:19.898+0000] {processor.py:758} INFO - Processing file /home/airflow/.local/lib/python3.7/site-packages/airflow/example_dags/example_latest_only_with_trigger.py for tasks to queue
[2024-04-25T01:05:19.899+0000] {logging_mixin.py:117} INFO - [2024-04-25T01:05:19.899+0000] {dagbag.py:525} INFO - Filling up the DagBag from /home/airflow/.local/lib/python3.7/site-packages/airflow/example_dags/example_latest_only_with_trigger.py
[2024-04-25T01:05:19.918+0000] {processor.py:768} INFO - DAG(s) dict_keys(['latest_only_with_trigger']) retrieved from /home/airflow/.local/lib/python3.7/site-packages/airflow/example_dags/example_latest_only_with_trigger.py
[2024-04-25T01:05:19.968+0000] {logging_mixin.py:117} INFO - [2024-04-25T01:05:19.968+0000] {dag.py:2573} INFO - Sync 1 DAGs
[2024-04-25T01:05:20.004+0000] {logging_mixin.py:117} INFO - [2024-04-25T01:05:20.003+0000] {dag.py:3328} INFO - Setting next_dagrun for latest_only_with_trigger to 2024-04-24T21:05:20.003397+00:00, run_after=2024-04-25T01:05:20.003397+00:00
[2024-04-25T01:05:20.033+0000] {processor.py:178} INFO - Processing /home/airflow/.local/lib/python3.7/site-packages/airflow/example_dags/example_latest_only_with_trigger.py took 0.150 seconds
[2024-04-25T01:05:50.959+0000] {processor.py:156} INFO - Started process (PID=4998) to work on /home/airflow/.local/lib/python3.7/site-packages/airflow/example_dags/example_latest_only_with_trigger.py
[2024-04-25T01:05:50.960+0000] {processor.py:758} INFO - Processing file /home/airflow/.local/lib/python3.7/site-packages/airflow/example_dags/example_latest_only_with_trigger.py for tasks to queue
[2024-04-25T01:05:50.961+0000] {logging_mixin.py:117} INFO - [2024-04-25T01:05:50.961+0000] {dagbag.py:525} INFO - Filling up the DagBag from /home/airflow/.local/lib/python3.7/site-packages/airflow/example_dags/example_latest_only_with_trigger.py
[2024-04-25T01:05:50.979+0000] {processor.py:768} INFO - DAG(s) dict_keys(['latest_only_with_trigger']) retrieved from /home/airflow/.local/lib/python3.7/site-packages/airflow/example_dags/example_latest_only_with_trigger.py
[2024-04-25T01:05:51.027+0000] {logging_mixin.py:117} INFO - [2024-04-25T01:05:51.027+0000] {dag.py:2573} INFO - Sync 1 DAGs
[2024-04-25T01:05:51.059+0000] {logging_mixin.py:117} INFO - [2024-04-25T01:05:51.059+0000] {dag.py:3328} INFO - Setting next_dagrun for latest_only_with_trigger to 2024-04-24T21:05:51.058750+00:00, run_after=2024-04-25T01:05:51.058750+00:00
[2024-04-25T01:05:51.086+0000] {processor.py:178} INFO - Processing /home/airflow/.local/lib/python3.7/site-packages/airflow/example_dags/example_latest_only_with_trigger.py took 0.130 seconds
[2024-04-25T01:06:21.763+0000] {processor.py:156} INFO - Started process (PID=5212) to work on /home/airflow/.local/lib/python3.7/site-packages/airflow/example_dags/example_latest_only_with_trigger.py
[2024-04-25T01:06:21.764+0000] {processor.py:758} INFO - Processing file /home/airflow/.local/lib/python3.7/site-packages/airflow/example_dags/example_latest_only_with_trigger.py for tasks to queue
[2024-04-25T01:06:21.765+0000] {logging_mixin.py:117} INFO - [2024-04-25T01:06:21.765+0000] {dagbag.py:525} INFO - Filling up the DagBag from /home/airflow/.local/lib/python3.7/site-packages/airflow/example_dags/example_latest_only_with_trigger.py
[2024-04-25T01:06:21.867+0000] {processor.py:768} INFO - DAG(s) dict_keys(['latest_only_with_trigger']) retrieved from /home/airflow/.local/lib/python3.7/site-packages/airflow/example_dags/example_latest_only_with_trigger.py
[2024-04-25T01:06:22.082+0000] {logging_mixin.py:117} INFO - [2024-04-25T01:06:22.082+0000] {dag.py:2573} INFO - Sync 1 DAGs
[2024-04-25T01:06:22.156+0000] {logging_mixin.py:117} INFO - [2024-04-25T01:06:22.156+0000] {dag.py:3328} INFO - Setting next_dagrun for latest_only_with_trigger to 2024-04-24T21:06:22.156375+00:00, run_after=2024-04-25T01:06:22.156375+00:00
[2024-04-25T01:06:22.224+0000] {processor.py:178} INFO - Processing /home/airflow/.local/lib/python3.7/site-packages/airflow/example_dags/example_latest_only_with_trigger.py took 0.476 seconds
[2024-04-25T01:06:52.641+0000] {processor.py:156} INFO - Started process (PID=5423) to work on /home/airflow/.local/lib/python3.7/site-packages/airflow/example_dags/example_latest_only_with_trigger.py
[2024-04-25T01:06:52.642+0000] {processor.py:758} INFO - Processing file /home/airflow/.local/lib/python3.7/site-packages/airflow/example_dags/example_latest_only_with_trigger.py for tasks to queue
[2024-04-25T01:06:52.643+0000] {logging_mixin.py:117} INFO - [2024-04-25T01:06:52.643+0000] {dagbag.py:525} INFO - Filling up the DagBag from /home/airflow/.local/lib/python3.7/site-packages/airflow/example_dags/example_latest_only_with_trigger.py
[2024-04-25T01:06:52.661+0000] {processor.py:768} INFO - DAG(s) dict_keys(['latest_only_with_trigger']) retrieved from /home/airflow/.local/lib/python3.7/site-packages/airflow/example_dags/example_latest_only_with_trigger.py
[2024-04-25T01:06:52.706+0000] {logging_mixin.py:117} INFO - [2024-04-25T01:06:52.706+0000] {dag.py:2573} INFO - Sync 1 DAGs
[2024-04-25T01:06:52.736+0000] {logging_mixin.py:117} INFO - [2024-04-25T01:06:52.736+0000] {dag.py:3328} INFO - Setting next_dagrun for latest_only_with_trigger to 2024-04-24T21:06:52.735897+00:00, run_after=2024-04-25T01:06:52.735897+00:00
[2024-04-25T01:06:52.769+0000] {processor.py:178} INFO - Processing /home/airflow/.local/lib/python3.7/site-packages/airflow/example_dags/example_latest_only_with_trigger.py took 0.131 seconds
[2024-04-25T01:07:23.414+0000] {processor.py:156} INFO - Started process (PID=5642) to work on /home/airflow/.local/lib/python3.7/site-packages/airflow/example_dags/example_latest_only_with_trigger.py
[2024-04-25T01:07:23.415+0000] {processor.py:758} INFO - Processing file /home/airflow/.local/lib/python3.7/site-packages/airflow/example_dags/example_latest_only_with_trigger.py for tasks to queue
[2024-04-25T01:07:23.416+0000] {logging_mixin.py:117} INFO - [2024-04-25T01:07:23.416+0000] {dagbag.py:525} INFO - Filling up the DagBag from /home/airflow/.local/lib/python3.7/site-packages/airflow/example_dags/example_latest_only_with_trigger.py
[2024-04-25T01:07:23.433+0000] {processor.py:768} INFO - DAG(s) dict_keys(['latest_only_with_trigger']) retrieved from /home/airflow/.local/lib/python3.7/site-packages/airflow/example_dags/example_latest_only_with_trigger.py
[2024-04-25T01:07:23.486+0000] {logging_mixin.py:117} INFO - [2024-04-25T01:07:23.486+0000] {dag.py:2573} INFO - Sync 1 DAGs
[2024-04-25T01:07:23.524+0000] {logging_mixin.py:117} INFO - [2024-04-25T01:07:23.524+0000] {dag.py:3328} INFO - Setting next_dagrun for latest_only_with_trigger to 2024-04-24T21:07:23.523921+00:00, run_after=2024-04-25T01:07:23.523921+00:00
[2024-04-25T01:07:23.551+0000] {processor.py:178} INFO - Processing /home/airflow/.local/lib/python3.7/site-packages/airflow/example_dags/example_latest_only_with_trigger.py took 0.140 seconds
[2024-04-25T01:07:53.910+0000] {processor.py:156} INFO - Started process (PID=5861) to work on /home/airflow/.local/lib/python3.7/site-packages/airflow/example_dags/example_latest_only_with_trigger.py
[2024-04-25T01:07:53.911+0000] {processor.py:758} INFO - Processing file /home/airflow/.local/lib/python3.7/site-packages/airflow/example_dags/example_latest_only_with_trigger.py for tasks to queue
[2024-04-25T01:07:53.911+0000] {logging_mixin.py:117} INFO - [2024-04-25T01:07:53.911+0000] {dagbag.py:525} INFO - Filling up the DagBag from /home/airflow/.local/lib/python3.7/site-packages/airflow/example_dags/example_latest_only_with_trigger.py
[2024-04-25T01:07:53.949+0000] {processor.py:768} INFO - DAG(s) dict_keys(['latest_only_with_trigger']) retrieved from /home/airflow/.local/lib/python3.7/site-packages/airflow/example_dags/example_latest_only_with_trigger.py
[2024-04-25T01:07:54.058+0000] {logging_mixin.py:117} INFO - [2024-04-25T01:07:54.057+0000] {dag.py:2573} INFO - Sync 1 DAGs
[2024-04-25T01:07:54.090+0000] {logging_mixin.py:117} INFO - [2024-04-25T01:07:54.090+0000] {dag.py:3328} INFO - Setting next_dagrun for latest_only_with_trigger to 2024-04-24T21:07:54.090336+00:00, run_after=2024-04-25T01:07:54.090336+00:00
[2024-04-25T01:07:54.122+0000] {processor.py:178} INFO - Processing /home/airflow/.local/lib/python3.7/site-packages/airflow/example_dags/example_latest_only_with_trigger.py took 0.215 seconds
[2024-04-25T01:08:24.837+0000] {processor.py:156} INFO - Started process (PID=6070) to work on /home/airflow/.local/lib/python3.7/site-packages/airflow/example_dags/example_latest_only_with_trigger.py
[2024-04-25T01:08:24.838+0000] {processor.py:758} INFO - Processing file /home/airflow/.local/lib/python3.7/site-packages/airflow/example_dags/example_latest_only_with_trigger.py for tasks to queue
[2024-04-25T01:08:24.838+0000] {logging_mixin.py:117} INFO - [2024-04-25T01:08:24.838+0000] {dagbag.py:525} INFO - Filling up the DagBag from /home/airflow/.local/lib/python3.7/site-packages/airflow/example_dags/example_latest_only_with_trigger.py
[2024-04-25T01:08:24.855+0000] {processor.py:768} INFO - DAG(s) dict_keys(['latest_only_with_trigger']) retrieved from /home/airflow/.local/lib/python3.7/site-packages/airflow/example_dags/example_latest_only_with_trigger.py
[2024-04-25T01:08:24.903+0000] {logging_mixin.py:117} INFO - [2024-04-25T01:08:24.902+0000] {dag.py:2573} INFO - Sync 1 DAGs
[2024-04-25T01:08:24.934+0000] {logging_mixin.py:117} INFO - [2024-04-25T01:08:24.934+0000] {dag.py:3328} INFO - Setting next_dagrun for latest_only_with_trigger to 2024-04-24T21:08:24.934253+00:00, run_after=2024-04-25T01:08:24.934253+00:00
[2024-04-25T01:08:24.959+0000] {processor.py:178} INFO - Processing /home/airflow/.local/lib/python3.7/site-packages/airflow/example_dags/example_latest_only_with_trigger.py took 0.126 seconds
[2024-04-25T01:08:55.694+0000] {processor.py:156} INFO - Started process (PID=6288) to work on /home/airflow/.local/lib/python3.7/site-packages/airflow/example_dags/example_latest_only_with_trigger.py
[2024-04-25T01:08:55.695+0000] {processor.py:758} INFO - Processing file /home/airflow/.local/lib/python3.7/site-packages/airflow/example_dags/example_latest_only_with_trigger.py for tasks to queue
[2024-04-25T01:08:55.696+0000] {logging_mixin.py:117} INFO - [2024-04-25T01:08:55.696+0000] {dagbag.py:525} INFO - Filling up the DagBag from /home/airflow/.local/lib/python3.7/site-packages/airflow/example_dags/example_latest_only_with_trigger.py
[2024-04-25T01:08:55.737+0000] {processor.py:768} INFO - DAG(s) dict_keys(['latest_only_with_trigger']) retrieved from /home/airflow/.local/lib/python3.7/site-packages/airflow/example_dags/example_latest_only_with_trigger.py
[2024-04-25T01:08:55.846+0000] {logging_mixin.py:117} INFO - [2024-04-25T01:08:55.845+0000] {dag.py:2573} INFO - Sync 1 DAGs
[2024-04-25T01:08:55.915+0000] {logging_mixin.py:117} INFO - [2024-04-25T01:08:55.914+0000] {dag.py:3328} INFO - Setting next_dagrun for latest_only_with_trigger to 2024-04-24T21:08:55.914757+00:00, run_after=2024-04-25T01:08:55.914757+00:00
[2024-04-25T01:08:55.968+0000] {processor.py:178} INFO - Processing /home/airflow/.local/lib/python3.7/site-packages/airflow/example_dags/example_latest_only_with_trigger.py took 0.277 seconds
[2024-04-25T01:09:26.555+0000] {processor.py:156} INFO - Started process (PID=6505) to work on /home/airflow/.local/lib/python3.7/site-packages/airflow/example_dags/example_latest_only_with_trigger.py
[2024-04-25T01:09:26.565+0000] {processor.py:758} INFO - Processing file /home/airflow/.local/lib/python3.7/site-packages/airflow/example_dags/example_latest_only_with_trigger.py for tasks to queue
[2024-04-25T01:09:26.567+0000] {logging_mixin.py:117} INFO - [2024-04-25T01:09:26.566+0000] {dagbag.py:525} INFO - Filling up the DagBag from /home/airflow/.local/lib/python3.7/site-packages/airflow/example_dags/example_latest_only_with_trigger.py
[2024-04-25T01:09:26.595+0000] {processor.py:768} INFO - DAG(s) dict_keys(['latest_only_with_trigger']) retrieved from /home/airflow/.local/lib/python3.7/site-packages/airflow/example_dags/example_latest_only_with_trigger.py
[2024-04-25T01:09:26.649+0000] {logging_mixin.py:117} INFO - [2024-04-25T01:09:26.649+0000] {dag.py:2573} INFO - Sync 1 DAGs
[2024-04-25T01:09:26.681+0000] {logging_mixin.py:117} INFO - [2024-04-25T01:09:26.680+0000] {dag.py:3328} INFO - Setting next_dagrun for latest_only_with_trigger to 2024-04-24T21:09:26.680588+00:00, run_after=2024-04-25T01:09:26.680588+00:00
[2024-04-25T01:09:26.705+0000] {processor.py:178} INFO - Processing /home/airflow/.local/lib/python3.7/site-packages/airflow/example_dags/example_latest_only_with_trigger.py took 0.154 seconds
[2024-04-25T01:09:57.453+0000] {processor.py:156} INFO - Started process (PID=6717) to work on /home/airflow/.local/lib/python3.7/site-packages/airflow/example_dags/example_latest_only_with_trigger.py
[2024-04-25T01:09:57.454+0000] {processor.py:758} INFO - Processing file /home/airflow/.local/lib/python3.7/site-packages/airflow/example_dags/example_latest_only_with_trigger.py for tasks to queue
[2024-04-25T01:09:57.455+0000] {logging_mixin.py:117} INFO - [2024-04-25T01:09:57.455+0000] {dagbag.py:525} INFO - Filling up the DagBag from /home/airflow/.local/lib/python3.7/site-packages/airflow/example_dags/example_latest_only_with_trigger.py
[2024-04-25T01:09:57.472+0000] {processor.py:768} INFO - DAG(s) dict_keys(['latest_only_with_trigger']) retrieved from /home/airflow/.local/lib/python3.7/site-packages/airflow/example_dags/example_latest_only_with_trigger.py
[2024-04-25T01:09:57.523+0000] {logging_mixin.py:117} INFO - [2024-04-25T01:09:57.523+0000] {dag.py:2573} INFO - Sync 1 DAGs
[2024-04-25T01:09:57.554+0000] {logging_mixin.py:117} INFO - [2024-04-25T01:09:57.554+0000] {dag.py:3328} INFO - Setting next_dagrun for latest_only_with_trigger to 2024-04-24T21:09:57.553942+00:00, run_after=2024-04-25T01:09:57.553942+00:00
[2024-04-25T01:09:57.579+0000] {processor.py:178} INFO - Processing /home/airflow/.local/lib/python3.7/site-packages/airflow/example_dags/example_latest_only_with_trigger.py took 0.129 seconds
[2024-04-25T01:10:27.615+0000] {processor.py:156} INFO - Started process (PID=6934) to work on /home/airflow/.local/lib/python3.7/site-packages/airflow/example_dags/example_latest_only_with_trigger.py
[2024-04-25T01:10:27.616+0000] {processor.py:758} INFO - Processing file /home/airflow/.local/lib/python3.7/site-packages/airflow/example_dags/example_latest_only_with_trigger.py for tasks to queue
[2024-04-25T01:10:27.617+0000] {logging_mixin.py:117} INFO - [2024-04-25T01:10:27.617+0000] {dagbag.py:525} INFO - Filling up the DagBag from /home/airflow/.local/lib/python3.7/site-packages/airflow/example_dags/example_latest_only_with_trigger.py
[2024-04-25T01:10:27.629+0000] {processor.py:768} INFO - DAG(s) dict_keys(['latest_only_with_trigger']) retrieved from /home/airflow/.local/lib/python3.7/site-packages/airflow/example_dags/example_latest_only_with_trigger.py
[2024-04-25T01:10:27.661+0000] {logging_mixin.py:117} INFO - [2024-04-25T01:10:27.661+0000] {dag.py:2573} INFO - Sync 1 DAGs
[2024-04-25T01:10:27.680+0000] {logging_mixin.py:117} INFO - [2024-04-25T01:10:27.680+0000] {dag.py:3328} INFO - Setting next_dagrun for latest_only_with_trigger to 2024-04-24T21:10:27.680555+00:00, run_after=2024-04-25T01:10:27.680555+00:00
[2024-04-25T01:10:27.701+0000] {processor.py:178} INFO - Processing /home/airflow/.local/lib/python3.7/site-packages/airflow/example_dags/example_latest_only_with_trigger.py took 0.088 seconds
[2024-04-25T01:10:58.150+0000] {processor.py:156} INFO - Started process (PID=7157) to work on /home/airflow/.local/lib/python3.7/site-packages/airflow/example_dags/example_latest_only_with_trigger.py
[2024-04-25T01:10:58.153+0000] {processor.py:758} INFO - Processing file /home/airflow/.local/lib/python3.7/site-packages/airflow/example_dags/example_latest_only_with_trigger.py for tasks to queue
[2024-04-25T01:10:58.154+0000] {logging_mixin.py:117} INFO - [2024-04-25T01:10:58.154+0000] {dagbag.py:525} INFO - Filling up the DagBag from /home/airflow/.local/lib/python3.7/site-packages/airflow/example_dags/example_latest_only_with_trigger.py
[2024-04-25T01:10:58.190+0000] {processor.py:768} INFO - DAG(s) dict_keys(['latest_only_with_trigger']) retrieved from /home/airflow/.local/lib/python3.7/site-packages/airflow/example_dags/example_latest_only_with_trigger.py
[2024-04-25T01:10:58.273+0000] {logging_mixin.py:117} INFO - [2024-04-25T01:10:58.273+0000] {dag.py:2573} INFO - Sync 1 DAGs
[2024-04-25T01:10:58.334+0000] {logging_mixin.py:117} INFO - [2024-04-25T01:10:58.334+0000] {dag.py:3328} INFO - Setting next_dagrun for latest_only_with_trigger to 2024-04-24T21:10:58.334115+00:00, run_after=2024-04-25T01:10:58.334115+00:00
[2024-04-25T01:10:58.370+0000] {processor.py:178} INFO - Processing /home/airflow/.local/lib/python3.7/site-packages/airflow/example_dags/example_latest_only_with_trigger.py took 0.223 seconds
[2024-04-25T01:11:28.570+0000] {processor.py:156} INFO - Started process (PID=7365) to work on /home/airflow/.local/lib/python3.7/site-packages/airflow/example_dags/example_latest_only_with_trigger.py
[2024-04-25T01:11:28.574+0000] {processor.py:758} INFO - Processing file /home/airflow/.local/lib/python3.7/site-packages/airflow/example_dags/example_latest_only_with_trigger.py for tasks to queue
[2024-04-25T01:11:28.575+0000] {logging_mixin.py:117} INFO - [2024-04-25T01:11:28.575+0000] {dagbag.py:525} INFO - Filling up the DagBag from /home/airflow/.local/lib/python3.7/site-packages/airflow/example_dags/example_latest_only_with_trigger.py
[2024-04-25T01:11:28.601+0000] {processor.py:768} INFO - DAG(s) dict_keys(['latest_only_with_trigger']) retrieved from /home/airflow/.local/lib/python3.7/site-packages/airflow/example_dags/example_latest_only_with_trigger.py
[2024-04-25T01:11:28.694+0000] {logging_mixin.py:117} INFO - [2024-04-25T01:11:28.693+0000] {dag.py:2573} INFO - Sync 1 DAGs
[2024-04-25T01:11:28.758+0000] {logging_mixin.py:117} INFO - [2024-04-25T01:11:28.758+0000] {dag.py:3328} INFO - Setting next_dagrun for latest_only_with_trigger to 2024-04-24T21:11:28.758330+00:00, run_after=2024-04-25T01:11:28.758330+00:00
[2024-04-25T01:11:28.800+0000] {processor.py:178} INFO - Processing /home/airflow/.local/lib/python3.7/site-packages/airflow/example_dags/example_latest_only_with_trigger.py took 0.233 seconds
[2024-04-25T01:11:59.598+0000] {processor.py:156} INFO - Started process (PID=7586) to work on /home/airflow/.local/lib/python3.7/site-packages/airflow/example_dags/example_latest_only_with_trigger.py
[2024-04-25T01:11:59.599+0000] {processor.py:758} INFO - Processing file /home/airflow/.local/lib/python3.7/site-packages/airflow/example_dags/example_latest_only_with_trigger.py for tasks to queue
[2024-04-25T01:11:59.601+0000] {logging_mixin.py:117} INFO - [2024-04-25T01:11:59.600+0000] {dagbag.py:525} INFO - Filling up the DagBag from /home/airflow/.local/lib/python3.7/site-packages/airflow/example_dags/example_latest_only_with_trigger.py
[2024-04-25T01:11:59.618+0000] {processor.py:768} INFO - DAG(s) dict_keys(['latest_only_with_trigger']) retrieved from /home/airflow/.local/lib/python3.7/site-packages/airflow/example_dags/example_latest_only_with_trigger.py
[2024-04-25T01:11:59.673+0000] {logging_mixin.py:117} INFO - [2024-04-25T01:11:59.673+0000] {dag.py:2573} INFO - Sync 1 DAGs
[2024-04-25T01:11:59.705+0000] {logging_mixin.py:117} INFO - [2024-04-25T01:11:59.705+0000] {dag.py:3328} INFO - Setting next_dagrun for latest_only_with_trigger to 2024-04-24T21:11:59.705409+00:00, run_after=2024-04-25T01:11:59.705409+00:00
[2024-04-25T01:11:59.741+0000] {processor.py:178} INFO - Processing /home/airflow/.local/lib/python3.7/site-packages/airflow/example_dags/example_latest_only_with_trigger.py took 0.146 seconds
[2024-04-25T01:12:30.551+0000] {processor.py:156} INFO - Started process (PID=7805) to work on /home/airflow/.local/lib/python3.7/site-packages/airflow/example_dags/example_latest_only_with_trigger.py
[2024-04-25T01:12:30.552+0000] {processor.py:758} INFO - Processing file /home/airflow/.local/lib/python3.7/site-packages/airflow/example_dags/example_latest_only_with_trigger.py for tasks to queue
[2024-04-25T01:12:30.554+0000] {logging_mixin.py:117} INFO - [2024-04-25T01:12:30.553+0000] {dagbag.py:525} INFO - Filling up the DagBag from /home/airflow/.local/lib/python3.7/site-packages/airflow/example_dags/example_latest_only_with_trigger.py
[2024-04-25T01:12:30.601+0000] {processor.py:768} INFO - DAG(s) dict_keys(['latest_only_with_trigger']) retrieved from /home/airflow/.local/lib/python3.7/site-packages/airflow/example_dags/example_latest_only_with_trigger.py
[2024-04-25T01:12:30.790+0000] {logging_mixin.py:117} INFO - [2024-04-25T01:12:30.790+0000] {dag.py:2573} INFO - Sync 1 DAGs
[2024-04-25T01:12:30.847+0000] {logging_mixin.py:117} INFO - [2024-04-25T01:12:30.847+0000] {dag.py:3328} INFO - Setting next_dagrun for latest_only_with_trigger to 2024-04-24T21:12:30.846817+00:00, run_after=2024-04-25T01:12:30.846817+00:00
[2024-04-25T01:12:30.896+0000] {processor.py:178} INFO - Processing /home/airflow/.local/lib/python3.7/site-packages/airflow/example_dags/example_latest_only_with_trigger.py took 0.348 seconds
[2024-04-25T01:13:01.799+0000] {processor.py:156} INFO - Started process (PID=8013) to work on /home/airflow/.local/lib/python3.7/site-packages/airflow/example_dags/example_latest_only_with_trigger.py
[2024-04-25T01:13:01.800+0000] {processor.py:758} INFO - Processing file /home/airflow/.local/lib/python3.7/site-packages/airflow/example_dags/example_latest_only_with_trigger.py for tasks to queue
[2024-04-25T01:13:01.801+0000] {logging_mixin.py:117} INFO - [2024-04-25T01:13:01.801+0000] {dagbag.py:525} INFO - Filling up the DagBag from /home/airflow/.local/lib/python3.7/site-packages/airflow/example_dags/example_latest_only_with_trigger.py
[2024-04-25T01:13:01.819+0000] {processor.py:768} INFO - DAG(s) dict_keys(['latest_only_with_trigger']) retrieved from /home/airflow/.local/lib/python3.7/site-packages/airflow/example_dags/example_latest_only_with_trigger.py
[2024-04-25T01:13:01.873+0000] {logging_mixin.py:117} INFO - [2024-04-25T01:13:01.873+0000] {dag.py:2573} INFO - Sync 1 DAGs
[2024-04-25T01:13:01.905+0000] {logging_mixin.py:117} INFO - [2024-04-25T01:13:01.905+0000] {dag.py:3328} INFO - Setting next_dagrun for latest_only_with_trigger to 2024-04-24T21:13:01.904771+00:00, run_after=2024-04-25T01:13:01.904771+00:00
[2024-04-25T01:13:01.955+0000] {processor.py:178} INFO - Processing /home/airflow/.local/lib/python3.7/site-packages/airflow/example_dags/example_latest_only_with_trigger.py took 0.159 seconds
[2024-04-25T01:13:32.149+0000] {processor.py:156} INFO - Started process (PID=8227) to work on /home/airflow/.local/lib/python3.7/site-packages/airflow/example_dags/example_latest_only_with_trigger.py
[2024-04-25T01:13:32.150+0000] {processor.py:758} INFO - Processing file /home/airflow/.local/lib/python3.7/site-packages/airflow/example_dags/example_latest_only_with_trigger.py for tasks to queue
[2024-04-25T01:13:32.150+0000] {logging_mixin.py:117} INFO - [2024-04-25T01:13:32.150+0000] {dagbag.py:525} INFO - Filling up the DagBag from /home/airflow/.local/lib/python3.7/site-packages/airflow/example_dags/example_latest_only_with_trigger.py
[2024-04-25T01:13:32.162+0000] {processor.py:768} INFO - DAG(s) dict_keys(['latest_only_with_trigger']) retrieved from /home/airflow/.local/lib/python3.7/site-packages/airflow/example_dags/example_latest_only_with_trigger.py
[2024-04-25T01:13:32.195+0000] {logging_mixin.py:117} INFO - [2024-04-25T01:13:32.195+0000] {dag.py:2573} INFO - Sync 1 DAGs
[2024-04-25T01:13:32.216+0000] {logging_mixin.py:117} INFO - [2024-04-25T01:13:32.216+0000] {dag.py:3328} INFO - Setting next_dagrun for latest_only_with_trigger to 2024-04-24T21:13:32.216456+00:00, run_after=2024-04-25T01:13:32.216456+00:00
[2024-04-25T01:13:32.239+0000] {processor.py:178} INFO - Processing /home/airflow/.local/lib/python3.7/site-packages/airflow/example_dags/example_latest_only_with_trigger.py took 0.092 seconds
[2024-04-25T01:14:03.051+0000] {processor.py:156} INFO - Started process (PID=8445) to work on /home/airflow/.local/lib/python3.7/site-packages/airflow/example_dags/example_latest_only_with_trigger.py
[2024-04-25T01:14:03.052+0000] {processor.py:758} INFO - Processing file /home/airflow/.local/lib/python3.7/site-packages/airflow/example_dags/example_latest_only_with_trigger.py for tasks to queue
[2024-04-25T01:14:03.053+0000] {logging_mixin.py:117} INFO - [2024-04-25T01:14:03.053+0000] {dagbag.py:525} INFO - Filling up the DagBag from /home/airflow/.local/lib/python3.7/site-packages/airflow/example_dags/example_latest_only_with_trigger.py
[2024-04-25T01:14:03.082+0000] {processor.py:768} INFO - DAG(s) dict_keys(['latest_only_with_trigger']) retrieved from /home/airflow/.local/lib/python3.7/site-packages/airflow/example_dags/example_latest_only_with_trigger.py
[2024-04-25T01:14:03.287+0000] {logging_mixin.py:117} INFO - [2024-04-25T01:14:03.286+0000] {dag.py:2573} INFO - Sync 1 DAGs
[2024-04-25T01:14:03.321+0000] {logging_mixin.py:117} INFO - [2024-04-25T01:14:03.320+0000] {dag.py:3328} INFO - Setting next_dagrun for latest_only_with_trigger to 2024-04-24T21:14:03.320570+00:00, run_after=2024-04-25T01:14:03.320570+00:00
[2024-04-25T01:14:03.358+0000] {processor.py:178} INFO - Processing /home/airflow/.local/lib/python3.7/site-packages/airflow/example_dags/example_latest_only_with_trigger.py took 0.311 seconds
[2024-04-25T01:14:33.509+0000] {processor.py:156} INFO - Started process (PID=8651) to work on /home/airflow/.local/lib/python3.7/site-packages/airflow/example_dags/example_latest_only_with_trigger.py
[2024-04-25T01:14:33.510+0000] {processor.py:758} INFO - Processing file /home/airflow/.local/lib/python3.7/site-packages/airflow/example_dags/example_latest_only_with_trigger.py for tasks to queue
[2024-04-25T01:14:33.511+0000] {logging_mixin.py:117} INFO - [2024-04-25T01:14:33.510+0000] {dagbag.py:525} INFO - Filling up the DagBag from /home/airflow/.local/lib/python3.7/site-packages/airflow/example_dags/example_latest_only_with_trigger.py
[2024-04-25T01:14:33.523+0000] {processor.py:768} INFO - DAG(s) dict_keys(['latest_only_with_trigger']) retrieved from /home/airflow/.local/lib/python3.7/site-packages/airflow/example_dags/example_latest_only_with_trigger.py
[2024-04-25T01:14:33.555+0000] {logging_mixin.py:117} INFO - [2024-04-25T01:14:33.555+0000] {dag.py:2573} INFO - Sync 1 DAGs
[2024-04-25T01:14:33.577+0000] {logging_mixin.py:117} INFO - [2024-04-25T01:14:33.577+0000] {dag.py:3328} INFO - Setting next_dagrun for latest_only_with_trigger to 2024-04-24T21:14:33.576967+00:00, run_after=2024-04-25T01:14:33.576967+00:00
[2024-04-25T01:14:33.598+0000] {processor.py:178} INFO - Processing /home/airflow/.local/lib/python3.7/site-packages/airflow/example_dags/example_latest_only_with_trigger.py took 0.091 seconds
[2024-04-25T01:15:04.122+0000] {processor.py:156} INFO - Started process (PID=8869) to work on /home/airflow/.local/lib/python3.7/site-packages/airflow/example_dags/example_latest_only_with_trigger.py
[2024-04-25T01:15:04.123+0000] {processor.py:758} INFO - Processing file /home/airflow/.local/lib/python3.7/site-packages/airflow/example_dags/example_latest_only_with_trigger.py for tasks to queue
[2024-04-25T01:15:04.124+0000] {logging_mixin.py:117} INFO - [2024-04-25T01:15:04.124+0000] {dagbag.py:525} INFO - Filling up the DagBag from /home/airflow/.local/lib/python3.7/site-packages/airflow/example_dags/example_latest_only_with_trigger.py
[2024-04-25T01:15:04.140+0000] {processor.py:768} INFO - DAG(s) dict_keys(['latest_only_with_trigger']) retrieved from /home/airflow/.local/lib/python3.7/site-packages/airflow/example_dags/example_latest_only_with_trigger.py
[2024-04-25T01:15:04.187+0000] {logging_mixin.py:117} INFO - [2024-04-25T01:15:04.187+0000] {dag.py:2573} INFO - Sync 1 DAGs
[2024-04-25T01:15:04.219+0000] {logging_mixin.py:117} INFO - [2024-04-25T01:15:04.219+0000] {dag.py:3328} INFO - Setting next_dagrun for latest_only_with_trigger to 2024-04-24T21:15:04.219068+00:00, run_after=2024-04-25T01:15:04.219068+00:00
[2024-04-25T01:15:04.251+0000] {processor.py:178} INFO - Processing /home/airflow/.local/lib/python3.7/site-packages/airflow/example_dags/example_latest_only_with_trigger.py took 0.132 seconds
[2024-04-25T01:15:34.360+0000] {processor.py:156} INFO - Started process (PID=9088) to work on /home/airflow/.local/lib/python3.7/site-packages/airflow/example_dags/example_latest_only_with_trigger.py
[2024-04-25T01:15:34.361+0000] {processor.py:758} INFO - Processing file /home/airflow/.local/lib/python3.7/site-packages/airflow/example_dags/example_latest_only_with_trigger.py for tasks to queue
[2024-04-25T01:15:34.363+0000] {logging_mixin.py:117} INFO - [2024-04-25T01:15:34.362+0000] {dagbag.py:525} INFO - Filling up the DagBag from /home/airflow/.local/lib/python3.7/site-packages/airflow/example_dags/example_latest_only_with_trigger.py
[2024-04-25T01:15:34.381+0000] {processor.py:768} INFO - DAG(s) dict_keys(['latest_only_with_trigger']) retrieved from /home/airflow/.local/lib/python3.7/site-packages/airflow/example_dags/example_latest_only_with_trigger.py
[2024-04-25T01:15:34.428+0000] {logging_mixin.py:117} INFO - [2024-04-25T01:15:34.428+0000] {dag.py:2573} INFO - Sync 1 DAGs
[2024-04-25T01:15:34.468+0000] {logging_mixin.py:117} INFO - [2024-04-25T01:15:34.468+0000] {dag.py:3328} INFO - Setting next_dagrun for latest_only_with_trigger to 2024-04-24T21:15:34.468191+00:00, run_after=2024-04-25T01:15:34.468191+00:00
[2024-04-25T01:15:34.520+0000] {processor.py:178} INFO - Processing /home/airflow/.local/lib/python3.7/site-packages/airflow/example_dags/example_latest_only_with_trigger.py took 0.164 seconds
[2024-04-25T01:16:04.831+0000] {processor.py:156} INFO - Started process (PID=9296) to work on /home/airflow/.local/lib/python3.7/site-packages/airflow/example_dags/example_latest_only_with_trigger.py
[2024-04-25T01:16:04.833+0000] {processor.py:758} INFO - Processing file /home/airflow/.local/lib/python3.7/site-packages/airflow/example_dags/example_latest_only_with_trigger.py for tasks to queue
[2024-04-25T01:16:04.836+0000] {logging_mixin.py:117} INFO - [2024-04-25T01:16:04.835+0000] {dagbag.py:525} INFO - Filling up the DagBag from /home/airflow/.local/lib/python3.7/site-packages/airflow/example_dags/example_latest_only_with_trigger.py
[2024-04-25T01:16:04.892+0000] {processor.py:768} INFO - DAG(s) dict_keys(['latest_only_with_trigger']) retrieved from /home/airflow/.local/lib/python3.7/site-packages/airflow/example_dags/example_latest_only_with_trigger.py
[2024-04-25T01:16:04.935+0000] {logging_mixin.py:117} INFO - [2024-04-25T01:16:04.935+0000] {dag.py:2573} INFO - Sync 1 DAGs
[2024-04-25T01:16:04.955+0000] {logging_mixin.py:117} INFO - [2024-04-25T01:16:04.955+0000] {dag.py:3328} INFO - Setting next_dagrun for latest_only_with_trigger to 2024-04-24T21:16:04.955283+00:00, run_after=2024-04-25T01:16:04.955283+00:00
[2024-04-25T01:16:04.979+0000] {processor.py:178} INFO - Processing /home/airflow/.local/lib/python3.7/site-packages/airflow/example_dags/example_latest_only_with_trigger.py took 0.151 seconds
[2024-04-25T01:16:35.926+0000] {processor.py:156} INFO - Started process (PID=9512) to work on /home/airflow/.local/lib/python3.7/site-packages/airflow/example_dags/example_latest_only_with_trigger.py
[2024-04-25T01:16:35.927+0000] {processor.py:758} INFO - Processing file /home/airflow/.local/lib/python3.7/site-packages/airflow/example_dags/example_latest_only_with_trigger.py for tasks to queue
[2024-04-25T01:16:35.928+0000] {logging_mixin.py:117} INFO - [2024-04-25T01:16:35.928+0000] {dagbag.py:525} INFO - Filling up the DagBag from /home/airflow/.local/lib/python3.7/site-packages/airflow/example_dags/example_latest_only_with_trigger.py
[2024-04-25T01:16:35.944+0000] {processor.py:768} INFO - DAG(s) dict_keys(['latest_only_with_trigger']) retrieved from /home/airflow/.local/lib/python3.7/site-packages/airflow/example_dags/example_latest_only_with_trigger.py
[2024-04-25T01:16:36.015+0000] {logging_mixin.py:117} INFO - [2024-04-25T01:16:36.014+0000] {dag.py:2573} INFO - Sync 1 DAGs
[2024-04-25T01:16:36.120+0000] {logging_mixin.py:117} INFO - [2024-04-25T01:16:36.120+0000] {dag.py:3328} INFO - Setting next_dagrun for latest_only_with_trigger to 2024-04-24T21:16:36.119868+00:00, run_after=2024-04-25T01:16:36.119868+00:00
[2024-04-25T01:16:36.181+0000] {processor.py:178} INFO - Processing /home/airflow/.local/lib/python3.7/site-packages/airflow/example_dags/example_latest_only_with_trigger.py took 0.259 seconds
[2024-04-25T01:17:06.719+0000] {processor.py:156} INFO - Started process (PID=9732) to work on /home/airflow/.local/lib/python3.7/site-packages/airflow/example_dags/example_latest_only_with_trigger.py
[2024-04-25T01:17:06.720+0000] {processor.py:758} INFO - Processing file /home/airflow/.local/lib/python3.7/site-packages/airflow/example_dags/example_latest_only_with_trigger.py for tasks to queue
[2024-04-25T01:17:06.721+0000] {logging_mixin.py:117} INFO - [2024-04-25T01:17:06.721+0000] {dagbag.py:525} INFO - Filling up the DagBag from /home/airflow/.local/lib/python3.7/site-packages/airflow/example_dags/example_latest_only_with_trigger.py
[2024-04-25T01:17:06.737+0000] {processor.py:768} INFO - DAG(s) dict_keys(['latest_only_with_trigger']) retrieved from /home/airflow/.local/lib/python3.7/site-packages/airflow/example_dags/example_latest_only_with_trigger.py
[2024-04-25T01:17:06.793+0000] {logging_mixin.py:117} INFO - [2024-04-25T01:17:06.793+0000] {dag.py:2573} INFO - Sync 1 DAGs
[2024-04-25T01:17:06.849+0000] {logging_mixin.py:117} INFO - [2024-04-25T01:17:06.849+0000] {dag.py:3328} INFO - Setting next_dagrun for latest_only_with_trigger to 2024-04-24T21:17:06.848992+00:00, run_after=2024-04-25T01:17:06.848992+00:00
[2024-04-25T01:17:06.946+0000] {processor.py:178} INFO - Processing /home/airflow/.local/lib/python3.7/site-packages/airflow/example_dags/example_latest_only_with_trigger.py took 0.233 seconds
[2024-04-25T01:17:37.160+0000] {processor.py:156} INFO - Started process (PID=9938) to work on /home/airflow/.local/lib/python3.7/site-packages/airflow/example_dags/example_latest_only_with_trigger.py
[2024-04-25T01:17:37.165+0000] {processor.py:758} INFO - Processing file /home/airflow/.local/lib/python3.7/site-packages/airflow/example_dags/example_latest_only_with_trigger.py for tasks to queue
[2024-04-25T01:17:37.166+0000] {logging_mixin.py:117} INFO - [2024-04-25T01:17:37.166+0000] {dagbag.py:525} INFO - Filling up the DagBag from /home/airflow/.local/lib/python3.7/site-packages/airflow/example_dags/example_latest_only_with_trigger.py
[2024-04-25T01:17:37.189+0000] {processor.py:768} INFO - DAG(s) dict_keys(['latest_only_with_trigger']) retrieved from /home/airflow/.local/lib/python3.7/site-packages/airflow/example_dags/example_latest_only_with_trigger.py
[2024-04-25T01:17:37.289+0000] {logging_mixin.py:117} INFO - [2024-04-25T01:17:37.289+0000] {dag.py:2573} INFO - Sync 1 DAGs
[2024-04-25T01:17:37.322+0000] {logging_mixin.py:117} INFO - [2024-04-25T01:17:37.322+0000] {dag.py:3328} INFO - Setting next_dagrun for latest_only_with_trigger to 2024-04-24T21:17:37.321816+00:00, run_after=2024-04-25T01:17:37.321816+00:00
[2024-04-25T01:17:37.349+0000] {processor.py:178} INFO - Processing /home/airflow/.local/lib/python3.7/site-packages/airflow/example_dags/example_latest_only_with_trigger.py took 0.193 seconds
[2024-04-25T01:18:08.008+0000] {processor.py:156} INFO - Started process (PID=10159) to work on /home/airflow/.local/lib/python3.7/site-packages/airflow/example_dags/example_latest_only_with_trigger.py
[2024-04-25T01:18:08.009+0000] {processor.py:758} INFO - Processing file /home/airflow/.local/lib/python3.7/site-packages/airflow/example_dags/example_latest_only_with_trigger.py for tasks to queue
[2024-04-25T01:18:08.010+0000] {logging_mixin.py:117} INFO - [2024-04-25T01:18:08.010+0000] {dagbag.py:525} INFO - Filling up the DagBag from /home/airflow/.local/lib/python3.7/site-packages/airflow/example_dags/example_latest_only_with_trigger.py
[2024-04-25T01:18:08.027+0000] {processor.py:768} INFO - DAG(s) dict_keys(['latest_only_with_trigger']) retrieved from /home/airflow/.local/lib/python3.7/site-packages/airflow/example_dags/example_latest_only_with_trigger.py
[2024-04-25T01:18:08.077+0000] {logging_mixin.py:117} INFO - [2024-04-25T01:18:08.076+0000] {dag.py:2573} INFO - Sync 1 DAGs
[2024-04-25T01:18:08.116+0000] {logging_mixin.py:117} INFO - [2024-04-25T01:18:08.116+0000] {dag.py:3328} INFO - Setting next_dagrun for latest_only_with_trigger to 2024-04-24T21:18:08.116080+00:00, run_after=2024-04-25T01:18:08.116080+00:00
[2024-04-25T01:18:08.143+0000] {processor.py:178} INFO - Processing /home/airflow/.local/lib/python3.7/site-packages/airflow/example_dags/example_latest_only_with_trigger.py took 0.139 seconds
[2024-04-25T01:18:39.324+0000] {processor.py:156} INFO - Started process (PID=10368) to work on /home/airflow/.local/lib/python3.7/site-packages/airflow/example_dags/example_latest_only_with_trigger.py
[2024-04-25T01:18:39.325+0000] {processor.py:758} INFO - Processing file /home/airflow/.local/lib/python3.7/site-packages/airflow/example_dags/example_latest_only_with_trigger.py for tasks to queue
[2024-04-25T01:18:39.326+0000] {logging_mixin.py:117} INFO - [2024-04-25T01:18:39.326+0000] {dagbag.py:525} INFO - Filling up the DagBag from /home/airflow/.local/lib/python3.7/site-packages/airflow/example_dags/example_latest_only_with_trigger.py
[2024-04-25T01:18:39.343+0000] {processor.py:768} INFO - DAG(s) dict_keys(['latest_only_with_trigger']) retrieved from /home/airflow/.local/lib/python3.7/site-packages/airflow/example_dags/example_latest_only_with_trigger.py
[2024-04-25T01:18:39.399+0000] {logging_mixin.py:117} INFO - [2024-04-25T01:18:39.399+0000] {dag.py:2573} INFO - Sync 1 DAGs
[2024-04-25T01:18:39.429+0000] {logging_mixin.py:117} INFO - [2024-04-25T01:18:39.429+0000] {dag.py:3328} INFO - Setting next_dagrun for latest_only_with_trigger to 2024-04-24T21:18:39.429247+00:00, run_after=2024-04-25T01:18:39.429247+00:00
[2024-04-25T01:18:39.457+0000] {processor.py:178} INFO - Processing /home/airflow/.local/lib/python3.7/site-packages/airflow/example_dags/example_latest_only_with_trigger.py took 0.137 seconds
[2024-04-25T01:19:10.602+0000] {processor.py:156} INFO - Started process (PID=10585) to work on /home/airflow/.local/lib/python3.7/site-packages/airflow/example_dags/example_latest_only_with_trigger.py
[2024-04-25T01:19:10.602+0000] {processor.py:758} INFO - Processing file /home/airflow/.local/lib/python3.7/site-packages/airflow/example_dags/example_latest_only_with_trigger.py for tasks to queue
[2024-04-25T01:19:10.603+0000] {logging_mixin.py:117} INFO - [2024-04-25T01:19:10.603+0000] {dagbag.py:525} INFO - Filling up the DagBag from /home/airflow/.local/lib/python3.7/site-packages/airflow/example_dags/example_latest_only_with_trigger.py
[2024-04-25T01:19:10.620+0000] {processor.py:768} INFO - DAG(s) dict_keys(['latest_only_with_trigger']) retrieved from /home/airflow/.local/lib/python3.7/site-packages/airflow/example_dags/example_latest_only_with_trigger.py
[2024-04-25T01:19:10.669+0000] {logging_mixin.py:117} INFO - [2024-04-25T01:19:10.669+0000] {dag.py:2573} INFO - Sync 1 DAGs
[2024-04-25T01:19:10.709+0000] {logging_mixin.py:117} INFO - [2024-04-25T01:19:10.708+0000] {dag.py:3328} INFO - Setting next_dagrun for latest_only_with_trigger to 2024-04-24T21:19:10.708632+00:00, run_after=2024-04-25T01:19:10.708632+00:00
[2024-04-25T01:19:10.733+0000] {processor.py:178} INFO - Processing /home/airflow/.local/lib/python3.7/site-packages/airflow/example_dags/example_latest_only_with_trigger.py took 0.135 seconds
[2024-04-25T01:19:41.872+0000] {processor.py:156} INFO - Started process (PID=10805) to work on /home/airflow/.local/lib/python3.7/site-packages/airflow/example_dags/example_latest_only_with_trigger.py
[2024-04-25T01:19:41.873+0000] {processor.py:758} INFO - Processing file /home/airflow/.local/lib/python3.7/site-packages/airflow/example_dags/example_latest_only_with_trigger.py for tasks to queue
[2024-04-25T01:19:41.874+0000] {logging_mixin.py:117} INFO - [2024-04-25T01:19:41.874+0000] {dagbag.py:525} INFO - Filling up the DagBag from /home/airflow/.local/lib/python3.7/site-packages/airflow/example_dags/example_latest_only_with_trigger.py
[2024-04-25T01:19:41.893+0000] {processor.py:768} INFO - DAG(s) dict_keys(['latest_only_with_trigger']) retrieved from /home/airflow/.local/lib/python3.7/site-packages/airflow/example_dags/example_latest_only_with_trigger.py
[2024-04-25T01:19:41.942+0000] {logging_mixin.py:117} INFO - [2024-04-25T01:19:41.942+0000] {dag.py:2573} INFO - Sync 1 DAGs
[2024-04-25T01:19:41.980+0000] {logging_mixin.py:117} INFO - [2024-04-25T01:19:41.980+0000] {dag.py:3328} INFO - Setting next_dagrun for latest_only_with_trigger to 2024-04-24T21:19:41.980472+00:00, run_after=2024-04-25T01:19:41.980472+00:00
[2024-04-25T01:19:42.008+0000] {processor.py:178} INFO - Processing /home/airflow/.local/lib/python3.7/site-packages/airflow/example_dags/example_latest_only_with_trigger.py took 0.139 seconds
[2024-04-25T01:20:13.192+0000] {processor.py:156} INFO - Started process (PID=11021) to work on /home/airflow/.local/lib/python3.7/site-packages/airflow/example_dags/example_latest_only_with_trigger.py
[2024-04-25T01:20:13.197+0000] {processor.py:758} INFO - Processing file /home/airflow/.local/lib/python3.7/site-packages/airflow/example_dags/example_latest_only_with_trigger.py for tasks to queue
[2024-04-25T01:20:13.198+0000] {logging_mixin.py:117} INFO - [2024-04-25T01:20:13.198+0000] {dagbag.py:525} INFO - Filling up the DagBag from /home/airflow/.local/lib/python3.7/site-packages/airflow/example_dags/example_latest_only_with_trigger.py
[2024-04-25T01:20:13.241+0000] {processor.py:768} INFO - DAG(s) dict_keys(['latest_only_with_trigger']) retrieved from /home/airflow/.local/lib/python3.7/site-packages/airflow/example_dags/example_latest_only_with_trigger.py
[2024-04-25T01:20:13.306+0000] {logging_mixin.py:117} INFO - [2024-04-25T01:20:13.305+0000] {dag.py:2573} INFO - Sync 1 DAGs
[2024-04-25T01:20:13.334+0000] {logging_mixin.py:117} INFO - [2024-04-25T01:20:13.334+0000] {dag.py:3328} INFO - Setting next_dagrun for latest_only_with_trigger to 2024-04-24T21:20:13.334237+00:00, run_after=2024-04-25T01:20:13.334237+00:00
[2024-04-25T01:20:13.389+0000] {processor.py:178} INFO - Processing /home/airflow/.local/lib/python3.7/site-packages/airflow/example_dags/example_latest_only_with_trigger.py took 0.201 seconds
[2024-04-25T01:20:43.793+0000] {processor.py:156} INFO - Started process (PID=11230) to work on /home/airflow/.local/lib/python3.7/site-packages/airflow/example_dags/example_latest_only_with_trigger.py
[2024-04-25T01:20:43.794+0000] {processor.py:758} INFO - Processing file /home/airflow/.local/lib/python3.7/site-packages/airflow/example_dags/example_latest_only_with_trigger.py for tasks to queue
[2024-04-25T01:20:43.795+0000] {logging_mixin.py:117} INFO - [2024-04-25T01:20:43.794+0000] {dagbag.py:525} INFO - Filling up the DagBag from /home/airflow/.local/lib/python3.7/site-packages/airflow/example_dags/example_latest_only_with_trigger.py
[2024-04-25T01:20:43.813+0000] {processor.py:768} INFO - DAG(s) dict_keys(['latest_only_with_trigger']) retrieved from /home/airflow/.local/lib/python3.7/site-packages/airflow/example_dags/example_latest_only_with_trigger.py
[2024-04-25T01:20:43.862+0000] {logging_mixin.py:117} INFO - [2024-04-25T01:20:43.862+0000] {dag.py:2573} INFO - Sync 1 DAGs
[2024-04-25T01:20:43.893+0000] {logging_mixin.py:117} INFO - [2024-04-25T01:20:43.892+0000] {dag.py:3328} INFO - Setting next_dagrun for latest_only_with_trigger to 2024-04-24T21:20:43.892743+00:00, run_after=2024-04-25T01:20:43.892743+00:00
[2024-04-25T01:20:43.920+0000] {processor.py:178} INFO - Processing /home/airflow/.local/lib/python3.7/site-packages/airflow/example_dags/example_latest_only_with_trigger.py took 0.131 seconds
[2024-04-25T01:21:14.531+0000] {processor.py:156} INFO - Started process (PID=11452) to work on /home/airflow/.local/lib/python3.7/site-packages/airflow/example_dags/example_latest_only_with_trigger.py
[2024-04-25T01:21:14.532+0000] {processor.py:758} INFO - Processing file /home/airflow/.local/lib/python3.7/site-packages/airflow/example_dags/example_latest_only_with_trigger.py for tasks to queue
[2024-04-25T01:21:14.533+0000] {logging_mixin.py:117} INFO - [2024-04-25T01:21:14.533+0000] {dagbag.py:525} INFO - Filling up the DagBag from /home/airflow/.local/lib/python3.7/site-packages/airflow/example_dags/example_latest_only_with_trigger.py
[2024-04-25T01:21:14.556+0000] {processor.py:768} INFO - DAG(s) dict_keys(['latest_only_with_trigger']) retrieved from /home/airflow/.local/lib/python3.7/site-packages/airflow/example_dags/example_latest_only_with_trigger.py
[2024-04-25T01:21:14.603+0000] {logging_mixin.py:117} INFO - [2024-04-25T01:21:14.603+0000] {dag.py:2573} INFO - Sync 1 DAGs
[2024-04-25T01:21:14.636+0000] {logging_mixin.py:117} INFO - [2024-04-25T01:21:14.635+0000] {dag.py:3328} INFO - Setting next_dagrun for latest_only_with_trigger to 2024-04-24T21:21:14.634513+00:00, run_after=2024-04-25T01:21:14.634513+00:00
[2024-04-25T01:21:14.662+0000] {processor.py:178} INFO - Processing /home/airflow/.local/lib/python3.7/site-packages/airflow/example_dags/example_latest_only_with_trigger.py took 0.134 seconds
[2024-04-25T01:21:45.414+0000] {processor.py:156} INFO - Started process (PID=11671) to work on /home/airflow/.local/lib/python3.7/site-packages/airflow/example_dags/example_latest_only_with_trigger.py
[2024-04-25T01:21:45.415+0000] {processor.py:758} INFO - Processing file /home/airflow/.local/lib/python3.7/site-packages/airflow/example_dags/example_latest_only_with_trigger.py for tasks to queue
[2024-04-25T01:21:45.416+0000] {logging_mixin.py:117} INFO - [2024-04-25T01:21:45.416+0000] {dagbag.py:525} INFO - Filling up the DagBag from /home/airflow/.local/lib/python3.7/site-packages/airflow/example_dags/example_latest_only_with_trigger.py
[2024-04-25T01:21:45.449+0000] {processor.py:768} INFO - DAG(s) dict_keys(['latest_only_with_trigger']) retrieved from /home/airflow/.local/lib/python3.7/site-packages/airflow/example_dags/example_latest_only_with_trigger.py
[2024-04-25T01:21:45.524+0000] {logging_mixin.py:117} INFO - [2024-04-25T01:21:45.523+0000] {dag.py:2573} INFO - Sync 1 DAGs
[2024-04-25T01:21:45.593+0000] {logging_mixin.py:117} INFO - [2024-04-25T01:21:45.593+0000] {dag.py:3328} INFO - Setting next_dagrun for latest_only_with_trigger to 2024-04-24T21:21:45.593038+00:00, run_after=2024-04-25T01:21:45.593038+00:00
[2024-04-25T01:21:45.635+0000] {processor.py:178} INFO - Processing /home/airflow/.local/lib/python3.7/site-packages/airflow/example_dags/example_latest_only_with_trigger.py took 0.224 seconds
[2024-04-25T01:22:16.066+0000] {processor.py:156} INFO - Started process (PID=11877) to work on /home/airflow/.local/lib/python3.7/site-packages/airflow/example_dags/example_latest_only_with_trigger.py
[2024-04-25T01:22:16.067+0000] {processor.py:758} INFO - Processing file /home/airflow/.local/lib/python3.7/site-packages/airflow/example_dags/example_latest_only_with_trigger.py for tasks to queue
[2024-04-25T01:22:16.069+0000] {logging_mixin.py:117} INFO - [2024-04-25T01:22:16.068+0000] {dagbag.py:525} INFO - Filling up the DagBag from /home/airflow/.local/lib/python3.7/site-packages/airflow/example_dags/example_latest_only_with_trigger.py
[2024-04-25T01:22:16.094+0000] {processor.py:768} INFO - DAG(s) dict_keys(['latest_only_with_trigger']) retrieved from /home/airflow/.local/lib/python3.7/site-packages/airflow/example_dags/example_latest_only_with_trigger.py
[2024-04-25T01:22:16.143+0000] {logging_mixin.py:117} INFO - [2024-04-25T01:22:16.143+0000] {dag.py:2573} INFO - Sync 1 DAGs
[2024-04-25T01:22:16.177+0000] {logging_mixin.py:117} INFO - [2024-04-25T01:22:16.177+0000] {dag.py:3328} INFO - Setting next_dagrun for latest_only_with_trigger to 2024-04-24T21:22:16.176838+00:00, run_after=2024-04-25T01:22:16.176838+00:00
[2024-04-25T01:22:16.201+0000] {processor.py:178} INFO - Processing /home/airflow/.local/lib/python3.7/site-packages/airflow/example_dags/example_latest_only_with_trigger.py took 0.139 seconds
[2024-04-25T01:22:46.766+0000] {processor.py:156} INFO - Started process (PID=12096) to work on /home/airflow/.local/lib/python3.7/site-packages/airflow/example_dags/example_latest_only_with_trigger.py
[2024-04-25T01:22:46.768+0000] {processor.py:758} INFO - Processing file /home/airflow/.local/lib/python3.7/site-packages/airflow/example_dags/example_latest_only_with_trigger.py for tasks to queue
[2024-04-25T01:22:46.768+0000] {logging_mixin.py:117} INFO - [2024-04-25T01:22:46.768+0000] {dagbag.py:525} INFO - Filling up the DagBag from /home/airflow/.local/lib/python3.7/site-packages/airflow/example_dags/example_latest_only_with_trigger.py
[2024-04-25T01:22:46.787+0000] {processor.py:768} INFO - DAG(s) dict_keys(['latest_only_with_trigger']) retrieved from /home/airflow/.local/lib/python3.7/site-packages/airflow/example_dags/example_latest_only_with_trigger.py
[2024-04-25T01:22:46.834+0000] {logging_mixin.py:117} INFO - [2024-04-25T01:22:46.834+0000] {dag.py:2573} INFO - Sync 1 DAGs
[2024-04-25T01:22:46.871+0000] {logging_mixin.py:117} INFO - [2024-04-25T01:22:46.871+0000] {dag.py:3328} INFO - Setting next_dagrun for latest_only_with_trigger to 2024-04-24T21:22:46.870933+00:00, run_after=2024-04-25T01:22:46.870933+00:00
[2024-04-25T01:22:46.942+0000] {processor.py:178} INFO - Processing /home/airflow/.local/lib/python3.7/site-packages/airflow/example_dags/example_latest_only_with_trigger.py took 0.178 seconds
[2024-04-25T01:23:17.881+0000] {processor.py:156} INFO - Started process (PID=12312) to work on /home/airflow/.local/lib/python3.7/site-packages/airflow/example_dags/example_latest_only_with_trigger.py
[2024-04-25T01:23:17.883+0000] {processor.py:758} INFO - Processing file /home/airflow/.local/lib/python3.7/site-packages/airflow/example_dags/example_latest_only_with_trigger.py for tasks to queue
[2024-04-25T01:23:17.884+0000] {logging_mixin.py:117} INFO - [2024-04-25T01:23:17.884+0000] {dagbag.py:525} INFO - Filling up the DagBag from /home/airflow/.local/lib/python3.7/site-packages/airflow/example_dags/example_latest_only_with_trigger.py
[2024-04-25T01:23:17.904+0000] {processor.py:768} INFO - DAG(s) dict_keys(['latest_only_with_trigger']) retrieved from /home/airflow/.local/lib/python3.7/site-packages/airflow/example_dags/example_latest_only_with_trigger.py
[2024-04-25T01:23:17.963+0000] {logging_mixin.py:117} INFO - [2024-04-25T01:23:17.963+0000] {dag.py:2573} INFO - Sync 1 DAGs
[2024-04-25T01:23:17.999+0000] {logging_mixin.py:117} INFO - [2024-04-25T01:23:17.998+0000] {dag.py:3328} INFO - Setting next_dagrun for latest_only_with_trigger to 2024-04-24T21:23:17.998589+00:00, run_after=2024-04-25T01:23:17.998589+00:00
[2024-04-25T01:23:18.031+0000] {processor.py:178} INFO - Processing /home/airflow/.local/lib/python3.7/site-packages/airflow/example_dags/example_latest_only_with_trigger.py took 0.153 seconds
[2024-04-25T01:23:48.482+0000] {processor.py:156} INFO - Started process (PID=12521) to work on /home/airflow/.local/lib/python3.7/site-packages/airflow/example_dags/example_latest_only_with_trigger.py
[2024-04-25T01:23:48.483+0000] {processor.py:758} INFO - Processing file /home/airflow/.local/lib/python3.7/site-packages/airflow/example_dags/example_latest_only_with_trigger.py for tasks to queue
[2024-04-25T01:23:48.484+0000] {logging_mixin.py:117} INFO - [2024-04-25T01:23:48.484+0000] {dagbag.py:525} INFO - Filling up the DagBag from /home/airflow/.local/lib/python3.7/site-packages/airflow/example_dags/example_latest_only_with_trigger.py
[2024-04-25T01:23:48.502+0000] {processor.py:768} INFO - DAG(s) dict_keys(['latest_only_with_trigger']) retrieved from /home/airflow/.local/lib/python3.7/site-packages/airflow/example_dags/example_latest_only_with_trigger.py
[2024-04-25T01:23:48.555+0000] {logging_mixin.py:117} INFO - [2024-04-25T01:23:48.555+0000] {dag.py:2573} INFO - Sync 1 DAGs
[2024-04-25T01:23:48.585+0000] {logging_mixin.py:117} INFO - [2024-04-25T01:23:48.585+0000] {dag.py:3328} INFO - Setting next_dagrun for latest_only_with_trigger to 2024-04-24T21:23:48.585048+00:00, run_after=2024-04-25T01:23:48.585048+00:00
[2024-04-25T01:23:48.611+0000] {processor.py:178} INFO - Processing /home/airflow/.local/lib/python3.7/site-packages/airflow/example_dags/example_latest_only_with_trigger.py took 0.133 seconds
[2024-04-25T01:24:18.846+0000] {processor.py:156} INFO - Started process (PID=12741) to work on /home/airflow/.local/lib/python3.7/site-packages/airflow/example_dags/example_latest_only_with_trigger.py
[2024-04-25T01:24:18.847+0000] {processor.py:758} INFO - Processing file /home/airflow/.local/lib/python3.7/site-packages/airflow/example_dags/example_latest_only_with_trigger.py for tasks to queue
[2024-04-25T01:24:18.847+0000] {logging_mixin.py:117} INFO - [2024-04-25T01:24:18.847+0000] {dagbag.py:525} INFO - Filling up the DagBag from /home/airflow/.local/lib/python3.7/site-packages/airflow/example_dags/example_latest_only_with_trigger.py
[2024-04-25T01:24:18.863+0000] {processor.py:768} INFO - DAG(s) dict_keys(['latest_only_with_trigger']) retrieved from /home/airflow/.local/lib/python3.7/site-packages/airflow/example_dags/example_latest_only_with_trigger.py
[2024-04-25T01:24:18.935+0000] {logging_mixin.py:117} INFO - [2024-04-25T01:24:18.934+0000] {dag.py:2573} INFO - Sync 1 DAGs
[2024-04-25T01:24:18.965+0000] {logging_mixin.py:117} INFO - [2024-04-25T01:24:18.965+0000] {dag.py:3328} INFO - Setting next_dagrun for latest_only_with_trigger to 2024-04-24T21:24:18.965414+00:00, run_after=2024-04-25T01:24:18.965414+00:00
[2024-04-25T01:24:18.992+0000] {processor.py:178} INFO - Processing /home/airflow/.local/lib/python3.7/site-packages/airflow/example_dags/example_latest_only_with_trigger.py took 0.149 seconds
[2024-04-25T01:24:51.223+0000] {processor.py:156} INFO - Started process (PID=12957) to work on /home/airflow/.local/lib/python3.7/site-packages/airflow/example_dags/example_latest_only_with_trigger.py
[2024-04-25T01:24:51.226+0000] {processor.py:758} INFO - Processing file /home/airflow/.local/lib/python3.7/site-packages/airflow/example_dags/example_latest_only_with_trigger.py for tasks to queue
[2024-04-25T01:24:51.227+0000] {logging_mixin.py:117} INFO - [2024-04-25T01:24:51.226+0000] {dagbag.py:525} INFO - Filling up the DagBag from /home/airflow/.local/lib/python3.7/site-packages/airflow/example_dags/example_latest_only_with_trigger.py
[2024-04-25T01:24:51.261+0000] {processor.py:768} INFO - DAG(s) dict_keys(['latest_only_with_trigger']) retrieved from /home/airflow/.local/lib/python3.7/site-packages/airflow/example_dags/example_latest_only_with_trigger.py
[2024-04-25T01:24:51.347+0000] {logging_mixin.py:117} INFO - [2024-04-25T01:24:51.347+0000] {dag.py:2573} INFO - Sync 1 DAGs
[2024-04-25T01:24:51.383+0000] {logging_mixin.py:117} INFO - [2024-04-25T01:24:51.383+0000] {dag.py:3328} INFO - Setting next_dagrun for latest_only_with_trigger to 2024-04-24T21:24:51.382745+00:00, run_after=2024-04-25T01:24:51.382745+00:00
[2024-04-25T01:24:51.410+0000] {processor.py:178} INFO - Processing /home/airflow/.local/lib/python3.7/site-packages/airflow/example_dags/example_latest_only_with_trigger.py took 0.190 seconds
[2024-04-25T01:25:21.487+0000] {processor.py:156} INFO - Started process (PID=13164) to work on /home/airflow/.local/lib/python3.7/site-packages/airflow/example_dags/example_latest_only_with_trigger.py
[2024-04-25T01:25:21.488+0000] {processor.py:758} INFO - Processing file /home/airflow/.local/lib/python3.7/site-packages/airflow/example_dags/example_latest_only_with_trigger.py for tasks to queue
[2024-04-25T01:25:21.489+0000] {logging_mixin.py:117} INFO - [2024-04-25T01:25:21.489+0000] {dagbag.py:525} INFO - Filling up the DagBag from /home/airflow/.local/lib/python3.7/site-packages/airflow/example_dags/example_latest_only_with_trigger.py
[2024-04-25T01:25:21.507+0000] {processor.py:768} INFO - DAG(s) dict_keys(['latest_only_with_trigger']) retrieved from /home/airflow/.local/lib/python3.7/site-packages/airflow/example_dags/example_latest_only_with_trigger.py
[2024-04-25T01:25:21.606+0000] {logging_mixin.py:117} INFO - [2024-04-25T01:25:21.605+0000] {dag.py:2573} INFO - Sync 1 DAGs
[2024-04-25T01:25:21.634+0000] {logging_mixin.py:117} INFO - [2024-04-25T01:25:21.634+0000] {dag.py:3328} INFO - Setting next_dagrun for latest_only_with_trigger to 2024-04-24T21:25:21.634003+00:00, run_after=2024-04-25T01:25:21.634003+00:00
[2024-04-25T01:25:21.663+0000] {processor.py:178} INFO - Processing /home/airflow/.local/lib/python3.7/site-packages/airflow/example_dags/example_latest_only_with_trigger.py took 0.179 seconds
[2024-04-25T01:25:52.025+0000] {processor.py:156} INFO - Started process (PID=13383) to work on /home/airflow/.local/lib/python3.7/site-packages/airflow/example_dags/example_latest_only_with_trigger.py
[2024-04-25T01:25:52.026+0000] {processor.py:758} INFO - Processing file /home/airflow/.local/lib/python3.7/site-packages/airflow/example_dags/example_latest_only_with_trigger.py for tasks to queue
[2024-04-25T01:25:52.027+0000] {logging_mixin.py:117} INFO - [2024-04-25T01:25:52.027+0000] {dagbag.py:525} INFO - Filling up the DagBag from /home/airflow/.local/lib/python3.7/site-packages/airflow/example_dags/example_latest_only_with_trigger.py
[2024-04-25T01:25:52.045+0000] {processor.py:768} INFO - DAG(s) dict_keys(['latest_only_with_trigger']) retrieved from /home/airflow/.local/lib/python3.7/site-packages/airflow/example_dags/example_latest_only_with_trigger.py
[2024-04-25T01:25:52.094+0000] {logging_mixin.py:117} INFO - [2024-04-25T01:25:52.094+0000] {dag.py:2573} INFO - Sync 1 DAGs
[2024-04-25T01:25:52.126+0000] {logging_mixin.py:117} INFO - [2024-04-25T01:25:52.126+0000] {dag.py:3328} INFO - Setting next_dagrun for latest_only_with_trigger to 2024-04-24T21:25:52.126313+00:00, run_after=2024-04-25T01:25:52.126313+00:00
[2024-04-25T01:25:52.152+0000] {processor.py:178} INFO - Processing /home/airflow/.local/lib/python3.7/site-packages/airflow/example_dags/example_latest_only_with_trigger.py took 0.129 seconds
[2024-04-25T01:26:23.447+0000] {processor.py:156} INFO - Started process (PID=13601) to work on /home/airflow/.local/lib/python3.7/site-packages/airflow/example_dags/example_latest_only_with_trigger.py
[2024-04-25T01:26:23.451+0000] {processor.py:758} INFO - Processing file /home/airflow/.local/lib/python3.7/site-packages/airflow/example_dags/example_latest_only_with_trigger.py for tasks to queue
[2024-04-25T01:26:23.459+0000] {logging_mixin.py:117} INFO - [2024-04-25T01:26:23.459+0000] {dagbag.py:525} INFO - Filling up the DagBag from /home/airflow/.local/lib/python3.7/site-packages/airflow/example_dags/example_latest_only_with_trigger.py
[2024-04-25T01:26:23.483+0000] {processor.py:768} INFO - DAG(s) dict_keys(['latest_only_with_trigger']) retrieved from /home/airflow/.local/lib/python3.7/site-packages/airflow/example_dags/example_latest_only_with_trigger.py
[2024-04-25T01:26:23.548+0000] {logging_mixin.py:117} INFO - [2024-04-25T01:26:23.548+0000] {dag.py:2573} INFO - Sync 1 DAGs
[2024-04-25T01:26:23.660+0000] {logging_mixin.py:117} INFO - [2024-04-25T01:26:23.659+0000] {dag.py:3328} INFO - Setting next_dagrun for latest_only_with_trigger to 2024-04-24T21:26:23.659571+00:00, run_after=2024-04-25T01:26:23.659571+00:00
[2024-04-25T01:26:23.704+0000] {processor.py:178} INFO - Processing /home/airflow/.local/lib/python3.7/site-packages/airflow/example_dags/example_latest_only_with_trigger.py took 0.261 seconds
