[2024-04-25T00:54:28.124+0000] {processor.py:156} INFO - Started process (PID=336) to work on /home/airflow/.local/lib/python3.7/site-packages/airflow/example_dags/example_xcomargs.py
[2024-04-25T00:54:28.130+0000] {processor.py:758} INFO - Processing file /home/airflow/.local/lib/python3.7/site-packages/airflow/example_dags/example_xcomargs.py for tasks to queue
[2024-04-25T00:54:28.132+0000] {logging_mixin.py:117} INFO - [2024-04-25T00:54:28.131+0000] {dagbag.py:525} INFO - Filling up the DagBag from /home/airflow/.local/lib/python3.7/site-packages/airflow/example_dags/example_xcomargs.py
[2024-04-25T00:54:28.184+0000] {processor.py:768} INFO - DAG(s) dict_keys(['example_xcom_args', 'example_xcom_args_with_operators']) retrieved from /home/airflow/.local/lib/python3.7/site-packages/airflow/example_dags/example_xcomargs.py
[2024-04-25T00:54:28.270+0000] {logging_mixin.py:117} INFO - [2024-04-25T00:54:28.270+0000] {dag.py:2573} INFO - Sync 2 DAGs
[2024-04-25T00:54:28.313+0000] {logging_mixin.py:117} INFO - [2024-04-25T00:54:28.313+0000] {dag.py:3328} INFO - Setting next_dagrun for example_xcom_args to None, run_after=None
[2024-04-25T00:54:28.318+0000] {logging_mixin.py:117} INFO - [2024-04-25T00:54:28.318+0000] {dag.py:3328} INFO - Setting next_dagrun for example_xcom_args_with_operators to None, run_after=None
[2024-04-25T00:54:28.358+0000] {processor.py:178} INFO - Processing /home/airflow/.local/lib/python3.7/site-packages/airflow/example_dags/example_xcomargs.py took 0.237 seconds
[2024-04-25T00:54:59.414+0000] {processor.py:156} INFO - Started process (PID=553) to work on /home/airflow/.local/lib/python3.7/site-packages/airflow/example_dags/example_xcomargs.py
[2024-04-25T00:54:59.415+0000] {processor.py:758} INFO - Processing file /home/airflow/.local/lib/python3.7/site-packages/airflow/example_dags/example_xcomargs.py for tasks to queue
[2024-04-25T00:54:59.416+0000] {logging_mixin.py:117} INFO - [2024-04-25T00:54:59.416+0000] {dagbag.py:525} INFO - Filling up the DagBag from /home/airflow/.local/lib/python3.7/site-packages/airflow/example_dags/example_xcomargs.py
[2024-04-25T00:54:59.464+0000] {processor.py:768} INFO - DAG(s) dict_keys(['example_xcom_args_with_operators', 'example_xcom_args']) retrieved from /home/airflow/.local/lib/python3.7/site-packages/airflow/example_dags/example_xcomargs.py
[2024-04-25T00:54:59.517+0000] {logging_mixin.py:117} INFO - [2024-04-25T00:54:59.516+0000] {dag.py:2573} INFO - Sync 2 DAGs
[2024-04-25T00:54:59.548+0000] {logging_mixin.py:117} INFO - [2024-04-25T00:54:59.547+0000] {dag.py:3328} INFO - Setting next_dagrun for example_xcom_args to None, run_after=None
[2024-04-25T00:54:59.551+0000] {logging_mixin.py:117} INFO - [2024-04-25T00:54:59.551+0000] {dag.py:3328} INFO - Setting next_dagrun for example_xcom_args_with_operators to None, run_after=None
[2024-04-25T00:54:59.575+0000] {processor.py:178} INFO - Processing /home/airflow/.local/lib/python3.7/site-packages/airflow/example_dags/example_xcomargs.py took 0.169 seconds
[2024-04-25T00:55:30.433+0000] {processor.py:156} INFO - Started process (PID=764) to work on /home/airflow/.local/lib/python3.7/site-packages/airflow/example_dags/example_xcomargs.py
[2024-04-25T00:55:30.435+0000] {processor.py:758} INFO - Processing file /home/airflow/.local/lib/python3.7/site-packages/airflow/example_dags/example_xcomargs.py for tasks to queue
[2024-04-25T00:55:30.436+0000] {logging_mixin.py:117} INFO - [2024-04-25T00:55:30.435+0000] {dagbag.py:525} INFO - Filling up the DagBag from /home/airflow/.local/lib/python3.7/site-packages/airflow/example_dags/example_xcomargs.py
[2024-04-25T00:55:30.469+0000] {processor.py:768} INFO - DAG(s) dict_keys(['example_xcom_args', 'example_xcom_args_with_operators']) retrieved from /home/airflow/.local/lib/python3.7/site-packages/airflow/example_dags/example_xcomargs.py
[2024-04-25T00:55:30.521+0000] {logging_mixin.py:117} INFO - [2024-04-25T00:55:30.521+0000] {dag.py:2573} INFO - Sync 2 DAGs
[2024-04-25T00:55:30.555+0000] {logging_mixin.py:117} INFO - [2024-04-25T00:55:30.555+0000] {dag.py:3328} INFO - Setting next_dagrun for example_xcom_args to None, run_after=None
[2024-04-25T00:55:30.558+0000] {logging_mixin.py:117} INFO - [2024-04-25T00:55:30.558+0000] {dag.py:3328} INFO - Setting next_dagrun for example_xcom_args_with_operators to None, run_after=None
[2024-04-25T00:55:30.583+0000] {processor.py:178} INFO - Processing /home/airflow/.local/lib/python3.7/site-packages/airflow/example_dags/example_xcomargs.py took 0.153 seconds
[2024-04-25T00:56:01.250+0000] {processor.py:156} INFO - Started process (PID=981) to work on /home/airflow/.local/lib/python3.7/site-packages/airflow/example_dags/example_xcomargs.py
[2024-04-25T00:56:01.251+0000] {processor.py:758} INFO - Processing file /home/airflow/.local/lib/python3.7/site-packages/airflow/example_dags/example_xcomargs.py for tasks to queue
[2024-04-25T00:56:01.251+0000] {logging_mixin.py:117} INFO - [2024-04-25T00:56:01.251+0000] {dagbag.py:525} INFO - Filling up the DagBag from /home/airflow/.local/lib/python3.7/site-packages/airflow/example_dags/example_xcomargs.py
[2024-04-25T00:56:01.282+0000] {processor.py:768} INFO - DAG(s) dict_keys(['example_xcom_args_with_operators', 'example_xcom_args']) retrieved from /home/airflow/.local/lib/python3.7/site-packages/airflow/example_dags/example_xcomargs.py
[2024-04-25T00:56:01.330+0000] {logging_mixin.py:117} INFO - [2024-04-25T00:56:01.329+0000] {dag.py:2573} INFO - Sync 2 DAGs
[2024-04-25T00:56:01.360+0000] {logging_mixin.py:117} INFO - [2024-04-25T00:56:01.359+0000] {dag.py:3328} INFO - Setting next_dagrun for example_xcom_args to None, run_after=None
[2024-04-25T00:56:01.364+0000] {logging_mixin.py:117} INFO - [2024-04-25T00:56:01.364+0000] {dag.py:3328} INFO - Setting next_dagrun for example_xcom_args_with_operators to None, run_after=None
[2024-04-25T00:56:01.390+0000] {processor.py:178} INFO - Processing /home/airflow/.local/lib/python3.7/site-packages/airflow/example_dags/example_xcomargs.py took 0.144 seconds
[2024-04-25T00:56:33.078+0000] {processor.py:156} INFO - Started process (PID=1198) to work on /home/airflow/.local/lib/python3.7/site-packages/airflow/example_dags/example_xcomargs.py
[2024-04-25T00:56:33.079+0000] {processor.py:758} INFO - Processing file /home/airflow/.local/lib/python3.7/site-packages/airflow/example_dags/example_xcomargs.py for tasks to queue
[2024-04-25T00:56:33.080+0000] {logging_mixin.py:117} INFO - [2024-04-25T00:56:33.080+0000] {dagbag.py:525} INFO - Filling up the DagBag from /home/airflow/.local/lib/python3.7/site-packages/airflow/example_dags/example_xcomargs.py
[2024-04-25T00:56:33.109+0000] {processor.py:768} INFO - DAG(s) dict_keys(['example_xcom_args', 'example_xcom_args_with_operators']) retrieved from /home/airflow/.local/lib/python3.7/site-packages/airflow/example_dags/example_xcomargs.py
[2024-04-25T00:56:33.161+0000] {logging_mixin.py:117} INFO - [2024-04-25T00:56:33.161+0000] {dag.py:2573} INFO - Sync 2 DAGs
[2024-04-25T00:56:33.331+0000] {logging_mixin.py:117} INFO - [2024-04-25T00:56:33.331+0000] {dag.py:3328} INFO - Setting next_dagrun for example_xcom_args to None, run_after=None
[2024-04-25T00:56:33.336+0000] {logging_mixin.py:117} INFO - [2024-04-25T00:56:33.336+0000] {dag.py:3328} INFO - Setting next_dagrun for example_xcom_args_with_operators to None, run_after=None
[2024-04-25T00:56:33.359+0000] {processor.py:178} INFO - Processing /home/airflow/.local/lib/python3.7/site-packages/airflow/example_dags/example_xcomargs.py took 0.284 seconds
[2024-04-25T00:57:05.530+0000] {processor.py:156} INFO - Started process (PID=1420) to work on /home/airflow/.local/lib/python3.7/site-packages/airflow/example_dags/example_xcomargs.py
[2024-04-25T00:57:05.531+0000] {processor.py:758} INFO - Processing file /home/airflow/.local/lib/python3.7/site-packages/airflow/example_dags/example_xcomargs.py for tasks to queue
[2024-04-25T00:57:05.542+0000] {logging_mixin.py:117} INFO - [2024-04-25T00:57:05.542+0000] {dagbag.py:525} INFO - Filling up the DagBag from /home/airflow/.local/lib/python3.7/site-packages/airflow/example_dags/example_xcomargs.py
[2024-04-25T00:57:05.620+0000] {processor.py:768} INFO - DAG(s) dict_keys(['example_xcom_args', 'example_xcom_args_with_operators']) retrieved from /home/airflow/.local/lib/python3.7/site-packages/airflow/example_dags/example_xcomargs.py
[2024-04-25T00:57:05.781+0000] {logging_mixin.py:117} INFO - [2024-04-25T00:57:05.781+0000] {dag.py:2573} INFO - Sync 2 DAGs
[2024-04-25T00:57:06.238+0000] {logging_mixin.py:117} INFO - [2024-04-25T00:57:06.238+0000] {dag.py:3328} INFO - Setting next_dagrun for example_xcom_args to None, run_after=None
[2024-04-25T00:57:06.250+0000] {logging_mixin.py:117} INFO - [2024-04-25T00:57:06.250+0000] {dag.py:3328} INFO - Setting next_dagrun for example_xcom_args_with_operators to None, run_after=None
[2024-04-25T00:57:06.286+0000] {processor.py:178} INFO - Processing /home/airflow/.local/lib/python3.7/site-packages/airflow/example_dags/example_xcomargs.py took 0.764 seconds
[2024-04-25T00:57:36.502+0000] {processor.py:156} INFO - Started process (PID=1630) to work on /home/airflow/.local/lib/python3.7/site-packages/airflow/example_dags/example_xcomargs.py
[2024-04-25T00:57:36.503+0000] {processor.py:758} INFO - Processing file /home/airflow/.local/lib/python3.7/site-packages/airflow/example_dags/example_xcomargs.py for tasks to queue
[2024-04-25T00:57:36.504+0000] {logging_mixin.py:117} INFO - [2024-04-25T00:57:36.504+0000] {dagbag.py:525} INFO - Filling up the DagBag from /home/airflow/.local/lib/python3.7/site-packages/airflow/example_dags/example_xcomargs.py
[2024-04-25T00:57:36.536+0000] {processor.py:768} INFO - DAG(s) dict_keys(['example_xcom_args', 'example_xcom_args_with_operators']) retrieved from /home/airflow/.local/lib/python3.7/site-packages/airflow/example_dags/example_xcomargs.py
[2024-04-25T00:57:36.700+0000] {logging_mixin.py:117} INFO - [2024-04-25T00:57:36.700+0000] {dag.py:2573} INFO - Sync 2 DAGs
[2024-04-25T00:57:36.722+0000] {logging_mixin.py:117} INFO - [2024-04-25T00:57:36.722+0000] {dag.py:3328} INFO - Setting next_dagrun for example_xcom_args to None, run_after=None
[2024-04-25T00:57:36.725+0000] {logging_mixin.py:117} INFO - [2024-04-25T00:57:36.725+0000] {dag.py:3328} INFO - Setting next_dagrun for example_xcom_args_with_operators to None, run_after=None
[2024-04-25T00:57:36.745+0000] {processor.py:178} INFO - Processing /home/airflow/.local/lib/python3.7/site-packages/airflow/example_dags/example_xcomargs.py took 0.246 seconds
[2024-04-25T00:58:06.816+0000] {processor.py:156} INFO - Started process (PID=1840) to work on /home/airflow/.local/lib/python3.7/site-packages/airflow/example_dags/example_xcomargs.py
[2024-04-25T00:58:06.818+0000] {processor.py:758} INFO - Processing file /home/airflow/.local/lib/python3.7/site-packages/airflow/example_dags/example_xcomargs.py for tasks to queue
[2024-04-25T00:58:06.819+0000] {logging_mixin.py:117} INFO - [2024-04-25T00:58:06.819+0000] {dagbag.py:525} INFO - Filling up the DagBag from /home/airflow/.local/lib/python3.7/site-packages/airflow/example_dags/example_xcomargs.py
[2024-04-25T00:58:06.849+0000] {processor.py:768} INFO - DAG(s) dict_keys(['example_xcom_args_with_operators', 'example_xcom_args']) retrieved from /home/airflow/.local/lib/python3.7/site-packages/airflow/example_dags/example_xcomargs.py
[2024-04-25T00:58:07.051+0000] {logging_mixin.py:117} INFO - [2024-04-25T00:58:07.051+0000] {dag.py:2573} INFO - Sync 2 DAGs
[2024-04-25T00:58:07.078+0000] {logging_mixin.py:117} INFO - [2024-04-25T00:58:07.078+0000] {dag.py:3328} INFO - Setting next_dagrun for example_xcom_args to None, run_after=None
[2024-04-25T00:58:07.081+0000] {logging_mixin.py:117} INFO - [2024-04-25T00:58:07.081+0000] {dag.py:3328} INFO - Setting next_dagrun for example_xcom_args_with_operators to None, run_after=None
[2024-04-25T00:58:07.104+0000] {processor.py:178} INFO - Processing /home/airflow/.local/lib/python3.7/site-packages/airflow/example_dags/example_xcomargs.py took 0.290 seconds
[2024-04-25T00:58:37.739+0000] {processor.py:156} INFO - Started process (PID=2058) to work on /home/airflow/.local/lib/python3.7/site-packages/airflow/example_dags/example_xcomargs.py
[2024-04-25T00:58:37.740+0000] {processor.py:758} INFO - Processing file /home/airflow/.local/lib/python3.7/site-packages/airflow/example_dags/example_xcomargs.py for tasks to queue
[2024-04-25T00:58:37.745+0000] {logging_mixin.py:117} INFO - [2024-04-25T00:58:37.745+0000] {dagbag.py:525} INFO - Filling up the DagBag from /home/airflow/.local/lib/python3.7/site-packages/airflow/example_dags/example_xcomargs.py
[2024-04-25T00:58:38.062+0000] {processor.py:768} INFO - DAG(s) dict_keys(['example_xcom_args', 'example_xcom_args_with_operators']) retrieved from /home/airflow/.local/lib/python3.7/site-packages/airflow/example_dags/example_xcomargs.py
[2024-04-25T00:58:38.111+0000] {logging_mixin.py:117} INFO - [2024-04-25T00:58:38.111+0000] {dag.py:2573} INFO - Sync 2 DAGs
[2024-04-25T00:58:38.181+0000] {logging_mixin.py:117} INFO - [2024-04-25T00:58:38.181+0000] {dag.py:3328} INFO - Setting next_dagrun for example_xcom_args to None, run_after=None
[2024-04-25T00:58:38.186+0000] {logging_mixin.py:117} INFO - [2024-04-25T00:58:38.185+0000] {dag.py:3328} INFO - Setting next_dagrun for example_xcom_args_with_operators to None, run_after=None
[2024-04-25T00:58:38.223+0000] {processor.py:178} INFO - Processing /home/airflow/.local/lib/python3.7/site-packages/airflow/example_dags/example_xcomargs.py took 0.487 seconds
[2024-04-25T00:59:08.353+0000] {processor.py:156} INFO - Started process (PID=2266) to work on /home/airflow/.local/lib/python3.7/site-packages/airflow/example_dags/example_xcomargs.py
[2024-04-25T00:59:08.354+0000] {processor.py:758} INFO - Processing file /home/airflow/.local/lib/python3.7/site-packages/airflow/example_dags/example_xcomargs.py for tasks to queue
[2024-04-25T00:59:08.355+0000] {logging_mixin.py:117} INFO - [2024-04-25T00:59:08.355+0000] {dagbag.py:525} INFO - Filling up the DagBag from /home/airflow/.local/lib/python3.7/site-packages/airflow/example_dags/example_xcomargs.py
[2024-04-25T00:59:08.386+0000] {processor.py:768} INFO - DAG(s) dict_keys(['example_xcom_args_with_operators', 'example_xcom_args']) retrieved from /home/airflow/.local/lib/python3.7/site-packages/airflow/example_dags/example_xcomargs.py
[2024-04-25T00:59:08.440+0000] {logging_mixin.py:117} INFO - [2024-04-25T00:59:08.440+0000] {dag.py:2573} INFO - Sync 2 DAGs
[2024-04-25T00:59:08.608+0000] {logging_mixin.py:117} INFO - [2024-04-25T00:59:08.608+0000] {dag.py:3328} INFO - Setting next_dagrun for example_xcom_args to None, run_after=None
[2024-04-25T00:59:08.614+0000] {logging_mixin.py:117} INFO - [2024-04-25T00:59:08.614+0000] {dag.py:3328} INFO - Setting next_dagrun for example_xcom_args_with_operators to None, run_after=None
[2024-04-25T00:59:08.644+0000] {processor.py:178} INFO - Processing /home/airflow/.local/lib/python3.7/site-packages/airflow/example_dags/example_xcomargs.py took 0.293 seconds
[2024-04-25T00:59:40.946+0000] {processor.py:156} INFO - Started process (PID=2484) to work on /home/airflow/.local/lib/python3.7/site-packages/airflow/example_dags/example_xcomargs.py
[2024-04-25T00:59:40.948+0000] {processor.py:758} INFO - Processing file /home/airflow/.local/lib/python3.7/site-packages/airflow/example_dags/example_xcomargs.py for tasks to queue
[2024-04-25T00:59:40.948+0000] {logging_mixin.py:117} INFO - [2024-04-25T00:59:40.948+0000] {dagbag.py:525} INFO - Filling up the DagBag from /home/airflow/.local/lib/python3.7/site-packages/airflow/example_dags/example_xcomargs.py
[2024-04-25T00:59:40.978+0000] {processor.py:768} INFO - DAG(s) dict_keys(['example_xcom_args_with_operators', 'example_xcom_args']) retrieved from /home/airflow/.local/lib/python3.7/site-packages/airflow/example_dags/example_xcomargs.py
[2024-04-25T00:59:41.176+0000] {logging_mixin.py:117} INFO - [2024-04-25T00:59:41.175+0000] {dag.py:2573} INFO - Sync 2 DAGs
[2024-04-25T00:59:41.202+0000] {logging_mixin.py:117} INFO - [2024-04-25T00:59:41.202+0000] {dag.py:3328} INFO - Setting next_dagrun for example_xcom_args to None, run_after=None
[2024-04-25T00:59:41.205+0000] {logging_mixin.py:117} INFO - [2024-04-25T00:59:41.205+0000] {dag.py:3328} INFO - Setting next_dagrun for example_xcom_args_with_operators to None, run_after=None
[2024-04-25T00:59:41.232+0000] {processor.py:178} INFO - Processing /home/airflow/.local/lib/python3.7/site-packages/airflow/example_dags/example_xcomargs.py took 0.290 seconds
[2024-04-25T01:00:12.891+0000] {processor.py:156} INFO - Started process (PID=2704) to work on /home/airflow/.local/lib/python3.7/site-packages/airflow/example_dags/example_xcomargs.py
[2024-04-25T01:00:12.892+0000] {processor.py:758} INFO - Processing file /home/airflow/.local/lib/python3.7/site-packages/airflow/example_dags/example_xcomargs.py for tasks to queue
[2024-04-25T01:00:12.892+0000] {logging_mixin.py:117} INFO - [2024-04-25T01:00:12.892+0000] {dagbag.py:525} INFO - Filling up the DagBag from /home/airflow/.local/lib/python3.7/site-packages/airflow/example_dags/example_xcomargs.py
[2024-04-25T01:00:12.939+0000] {processor.py:768} INFO - DAG(s) dict_keys(['example_xcom_args_with_operators', 'example_xcom_args']) retrieved from /home/airflow/.local/lib/python3.7/site-packages/airflow/example_dags/example_xcomargs.py
[2024-04-25T01:00:13.262+0000] {logging_mixin.py:117} INFO - [2024-04-25T01:00:13.262+0000] {dag.py:2573} INFO - Sync 2 DAGs
[2024-04-25T01:00:13.291+0000] {logging_mixin.py:117} INFO - [2024-04-25T01:00:13.291+0000] {dag.py:3328} INFO - Setting next_dagrun for example_xcom_args to None, run_after=None
[2024-04-25T01:00:13.295+0000] {logging_mixin.py:117} INFO - [2024-04-25T01:00:13.295+0000] {dag.py:3328} INFO - Setting next_dagrun for example_xcom_args_with_operators to None, run_after=None
[2024-04-25T01:00:13.323+0000] {processor.py:178} INFO - Processing /home/airflow/.local/lib/python3.7/site-packages/airflow/example_dags/example_xcomargs.py took 0.435 seconds
[2024-04-25T01:00:43.543+0000] {processor.py:156} INFO - Started process (PID=2917) to work on /home/airflow/.local/lib/python3.7/site-packages/airflow/example_dags/example_xcomargs.py
[2024-04-25T01:00:43.544+0000] {processor.py:758} INFO - Processing file /home/airflow/.local/lib/python3.7/site-packages/airflow/example_dags/example_xcomargs.py for tasks to queue
[2024-04-25T01:00:43.544+0000] {logging_mixin.py:117} INFO - [2024-04-25T01:00:43.544+0000] {dagbag.py:525} INFO - Filling up the DagBag from /home/airflow/.local/lib/python3.7/site-packages/airflow/example_dags/example_xcomargs.py
[2024-04-25T01:00:43.754+0000] {processor.py:768} INFO - DAG(s) dict_keys(['example_xcom_args', 'example_xcom_args_with_operators']) retrieved from /home/airflow/.local/lib/python3.7/site-packages/airflow/example_dags/example_xcomargs.py
[2024-04-25T01:00:43.806+0000] {logging_mixin.py:117} INFO - [2024-04-25T01:00:43.806+0000] {dag.py:2573} INFO - Sync 2 DAGs
[2024-04-25T01:00:43.845+0000] {logging_mixin.py:117} INFO - [2024-04-25T01:00:43.845+0000] {dag.py:3328} INFO - Setting next_dagrun for example_xcom_args to None, run_after=None
[2024-04-25T01:00:43.850+0000] {logging_mixin.py:117} INFO - [2024-04-25T01:00:43.850+0000] {dag.py:3328} INFO - Setting next_dagrun for example_xcom_args_with_operators to None, run_after=None
[2024-04-25T01:00:43.897+0000] {processor.py:178} INFO - Processing /home/airflow/.local/lib/python3.7/site-packages/airflow/example_dags/example_xcomargs.py took 0.358 seconds
[2024-04-25T01:01:14.402+0000] {processor.py:156} INFO - Started process (PID=3129) to work on /home/airflow/.local/lib/python3.7/site-packages/airflow/example_dags/example_xcomargs.py
[2024-04-25T01:01:14.403+0000] {processor.py:758} INFO - Processing file /home/airflow/.local/lib/python3.7/site-packages/airflow/example_dags/example_xcomargs.py for tasks to queue
[2024-04-25T01:01:14.404+0000] {logging_mixin.py:117} INFO - [2024-04-25T01:01:14.404+0000] {dagbag.py:525} INFO - Filling up the DagBag from /home/airflow/.local/lib/python3.7/site-packages/airflow/example_dags/example_xcomargs.py
[2024-04-25T01:01:14.436+0000] {processor.py:768} INFO - DAG(s) dict_keys(['example_xcom_args', 'example_xcom_args_with_operators']) retrieved from /home/airflow/.local/lib/python3.7/site-packages/airflow/example_dags/example_xcomargs.py
[2024-04-25T01:01:14.547+0000] {logging_mixin.py:117} INFO - [2024-04-25T01:01:14.547+0000] {dag.py:2573} INFO - Sync 2 DAGs
[2024-04-25T01:01:14.758+0000] {logging_mixin.py:117} INFO - [2024-04-25T01:01:14.757+0000] {dag.py:3328} INFO - Setting next_dagrun for example_xcom_args to None, run_after=None
[2024-04-25T01:01:14.761+0000] {logging_mixin.py:117} INFO - [2024-04-25T01:01:14.761+0000] {dag.py:3328} INFO - Setting next_dagrun for example_xcom_args_with_operators to None, run_after=None
[2024-04-25T01:01:14.784+0000] {processor.py:178} INFO - Processing /home/airflow/.local/lib/python3.7/site-packages/airflow/example_dags/example_xcomargs.py took 0.386 seconds
[2024-04-25T01:01:45.317+0000] {processor.py:156} INFO - Started process (PID=3347) to work on /home/airflow/.local/lib/python3.7/site-packages/airflow/example_dags/example_xcomargs.py
[2024-04-25T01:01:45.318+0000] {processor.py:758} INFO - Processing file /home/airflow/.local/lib/python3.7/site-packages/airflow/example_dags/example_xcomargs.py for tasks to queue
[2024-04-25T01:01:45.318+0000] {logging_mixin.py:117} INFO - [2024-04-25T01:01:45.318+0000] {dagbag.py:525} INFO - Filling up the DagBag from /home/airflow/.local/lib/python3.7/site-packages/airflow/example_dags/example_xcomargs.py
[2024-04-25T01:01:45.350+0000] {processor.py:768} INFO - DAG(s) dict_keys(['example_xcom_args_with_operators', 'example_xcom_args']) retrieved from /home/airflow/.local/lib/python3.7/site-packages/airflow/example_dags/example_xcomargs.py
[2024-04-25T01:01:45.556+0000] {logging_mixin.py:117} INFO - [2024-04-25T01:01:45.556+0000] {dag.py:2573} INFO - Sync 2 DAGs
[2024-04-25T01:01:45.586+0000] {logging_mixin.py:117} INFO - [2024-04-25T01:01:45.585+0000] {dag.py:3328} INFO - Setting next_dagrun for example_xcom_args to None, run_after=None
[2024-04-25T01:01:45.588+0000] {logging_mixin.py:117} INFO - [2024-04-25T01:01:45.588+0000] {dag.py:3328} INFO - Setting next_dagrun for example_xcom_args_with_operators to None, run_after=None
[2024-04-25T01:01:45.609+0000] {processor.py:178} INFO - Processing /home/airflow/.local/lib/python3.7/site-packages/airflow/example_dags/example_xcomargs.py took 0.295 seconds
[2024-04-25T01:02:19.746+0000] {processor.py:156} INFO - Started process (PID=3565) to work on /home/airflow/.local/lib/python3.7/site-packages/airflow/example_dags/example_xcomargs.py
[2024-04-25T01:02:19.749+0000] {processor.py:758} INFO - Processing file /home/airflow/.local/lib/python3.7/site-packages/airflow/example_dags/example_xcomargs.py for tasks to queue
[2024-04-25T01:02:19.750+0000] {logging_mixin.py:117} INFO - [2024-04-25T01:02:19.750+0000] {dagbag.py:525} INFO - Filling up the DagBag from /home/airflow/.local/lib/python3.7/site-packages/airflow/example_dags/example_xcomargs.py
[2024-04-25T01:02:19.796+0000] {processor.py:768} INFO - DAG(s) dict_keys(['example_xcom_args_with_operators', 'example_xcom_args']) retrieved from /home/airflow/.local/lib/python3.7/site-packages/airflow/example_dags/example_xcomargs.py
[2024-04-25T01:02:20.125+0000] {logging_mixin.py:117} INFO - [2024-04-25T01:02:20.125+0000] {dag.py:2573} INFO - Sync 2 DAGs
[2024-04-25T01:02:20.154+0000] {logging_mixin.py:117} INFO - [2024-04-25T01:02:20.154+0000] {dag.py:3328} INFO - Setting next_dagrun for example_xcom_args to None, run_after=None
[2024-04-25T01:02:20.158+0000] {logging_mixin.py:117} INFO - [2024-04-25T01:02:20.158+0000] {dag.py:3328} INFO - Setting next_dagrun for example_xcom_args_with_operators to None, run_after=None
[2024-04-25T01:02:20.192+0000] {processor.py:178} INFO - Processing /home/airflow/.local/lib/python3.7/site-packages/airflow/example_dags/example_xcomargs.py took 0.449 seconds
[2024-04-25T01:02:50.638+0000] {processor.py:156} INFO - Started process (PID=3774) to work on /home/airflow/.local/lib/python3.7/site-packages/airflow/example_dags/example_xcomargs.py
[2024-04-25T01:02:50.646+0000] {processor.py:758} INFO - Processing file /home/airflow/.local/lib/python3.7/site-packages/airflow/example_dags/example_xcomargs.py for tasks to queue
[2024-04-25T01:02:50.646+0000] {logging_mixin.py:117} INFO - [2024-04-25T01:02:50.646+0000] {dagbag.py:525} INFO - Filling up the DagBag from /home/airflow/.local/lib/python3.7/site-packages/airflow/example_dags/example_xcomargs.py
[2024-04-25T01:02:50.903+0000] {processor.py:768} INFO - DAG(s) dict_keys(['example_xcom_args', 'example_xcom_args_with_operators']) retrieved from /home/airflow/.local/lib/python3.7/site-packages/airflow/example_dags/example_xcomargs.py
[2024-04-25T01:02:50.949+0000] {logging_mixin.py:117} INFO - [2024-04-25T01:02:50.949+0000] {dag.py:2573} INFO - Sync 2 DAGs
[2024-04-25T01:02:50.979+0000] {logging_mixin.py:117} INFO - [2024-04-25T01:02:50.979+0000] {dag.py:3328} INFO - Setting next_dagrun for example_xcom_args to None, run_after=None
[2024-04-25T01:02:50.982+0000] {logging_mixin.py:117} INFO - [2024-04-25T01:02:50.982+0000] {dag.py:3328} INFO - Setting next_dagrun for example_xcom_args_with_operators to None, run_after=None
[2024-04-25T01:02:51.003+0000] {processor.py:178} INFO - Processing /home/airflow/.local/lib/python3.7/site-packages/airflow/example_dags/example_xcomargs.py took 0.372 seconds
[2024-04-25T01:03:21.495+0000] {processor.py:156} INFO - Started process (PID=3991) to work on /home/airflow/.local/lib/python3.7/site-packages/airflow/example_dags/example_xcomargs.py
[2024-04-25T01:03:21.498+0000] {processor.py:758} INFO - Processing file /home/airflow/.local/lib/python3.7/site-packages/airflow/example_dags/example_xcomargs.py for tasks to queue
[2024-04-25T01:03:21.499+0000] {logging_mixin.py:117} INFO - [2024-04-25T01:03:21.499+0000] {dagbag.py:525} INFO - Filling up the DagBag from /home/airflow/.local/lib/python3.7/site-packages/airflow/example_dags/example_xcomargs.py
[2024-04-25T01:03:21.682+0000] {processor.py:768} INFO - DAG(s) dict_keys(['example_xcom_args', 'example_xcom_args_with_operators']) retrieved from /home/airflow/.local/lib/python3.7/site-packages/airflow/example_dags/example_xcomargs.py
[2024-04-25T01:03:21.721+0000] {logging_mixin.py:117} INFO - [2024-04-25T01:03:21.721+0000] {dag.py:2573} INFO - Sync 2 DAGs
[2024-04-25T01:03:21.747+0000] {logging_mixin.py:117} INFO - [2024-04-25T01:03:21.747+0000] {dag.py:3328} INFO - Setting next_dagrun for example_xcom_args to None, run_after=None
[2024-04-25T01:03:21.751+0000] {logging_mixin.py:117} INFO - [2024-04-25T01:03:21.751+0000] {dag.py:3328} INFO - Setting next_dagrun for example_xcom_args_with_operators to None, run_after=None
[2024-04-25T01:03:21.773+0000] {processor.py:178} INFO - Processing /home/airflow/.local/lib/python3.7/site-packages/airflow/example_dags/example_xcomargs.py took 0.282 seconds
[2024-04-25T01:03:52.523+0000] {processor.py:156} INFO - Started process (PID=4210) to work on /home/airflow/.local/lib/python3.7/site-packages/airflow/example_dags/example_xcomargs.py
[2024-04-25T01:03:52.524+0000] {processor.py:758} INFO - Processing file /home/airflow/.local/lib/python3.7/site-packages/airflow/example_dags/example_xcomargs.py for tasks to queue
[2024-04-25T01:03:52.525+0000] {logging_mixin.py:117} INFO - [2024-04-25T01:03:52.525+0000] {dagbag.py:525} INFO - Filling up the DagBag from /home/airflow/.local/lib/python3.7/site-packages/airflow/example_dags/example_xcomargs.py
[2024-04-25T01:03:52.587+0000] {processor.py:768} INFO - DAG(s) dict_keys(['example_xcom_args_with_operators', 'example_xcom_args']) retrieved from /home/airflow/.local/lib/python3.7/site-packages/airflow/example_dags/example_xcomargs.py
[2024-04-25T01:03:52.707+0000] {logging_mixin.py:117} INFO - [2024-04-25T01:03:52.707+0000] {dag.py:2573} INFO - Sync 2 DAGs
[2024-04-25T01:03:52.742+0000] {logging_mixin.py:117} INFO - [2024-04-25T01:03:52.742+0000] {dag.py:3328} INFO - Setting next_dagrun for example_xcom_args to None, run_after=None
[2024-04-25T01:03:52.754+0000] {logging_mixin.py:117} INFO - [2024-04-25T01:03:52.753+0000] {dag.py:3328} INFO - Setting next_dagrun for example_xcom_args_with_operators to None, run_after=None
[2024-04-25T01:03:52.788+0000] {processor.py:178} INFO - Processing /home/airflow/.local/lib/python3.7/site-packages/airflow/example_dags/example_xcomargs.py took 0.268 seconds
[2024-04-25T01:04:23.115+0000] {processor.py:156} INFO - Started process (PID=4419) to work on /home/airflow/.local/lib/python3.7/site-packages/airflow/example_dags/example_xcomargs.py
[2024-04-25T01:04:23.116+0000] {processor.py:758} INFO - Processing file /home/airflow/.local/lib/python3.7/site-packages/airflow/example_dags/example_xcomargs.py for tasks to queue
[2024-04-25T01:04:23.117+0000] {logging_mixin.py:117} INFO - [2024-04-25T01:04:23.116+0000] {dagbag.py:525} INFO - Filling up the DagBag from /home/airflow/.local/lib/python3.7/site-packages/airflow/example_dags/example_xcomargs.py
[2024-04-25T01:04:23.138+0000] {processor.py:768} INFO - DAG(s) dict_keys(['example_xcom_args', 'example_xcom_args_with_operators']) retrieved from /home/airflow/.local/lib/python3.7/site-packages/airflow/example_dags/example_xcomargs.py
[2024-04-25T01:04:23.173+0000] {logging_mixin.py:117} INFO - [2024-04-25T01:04:23.173+0000] {dag.py:2573} INFO - Sync 2 DAGs
[2024-04-25T01:04:23.192+0000] {logging_mixin.py:117} INFO - [2024-04-25T01:04:23.192+0000] {dag.py:3328} INFO - Setting next_dagrun for example_xcom_args to None, run_after=None
[2024-04-25T01:04:23.195+0000] {logging_mixin.py:117} INFO - [2024-04-25T01:04:23.195+0000] {dag.py:3328} INFO - Setting next_dagrun for example_xcom_args_with_operators to None, run_after=None
[2024-04-25T01:04:23.216+0000] {processor.py:178} INFO - Processing /home/airflow/.local/lib/python3.7/site-packages/airflow/example_dags/example_xcomargs.py took 0.103 seconds
[2024-04-25T01:04:53.744+0000] {processor.py:156} INFO - Started process (PID=4637) to work on /home/airflow/.local/lib/python3.7/site-packages/airflow/example_dags/example_xcomargs.py
[2024-04-25T01:04:53.745+0000] {processor.py:758} INFO - Processing file /home/airflow/.local/lib/python3.7/site-packages/airflow/example_dags/example_xcomargs.py for tasks to queue
[2024-04-25T01:04:53.746+0000] {logging_mixin.py:117} INFO - [2024-04-25T01:04:53.746+0000] {dagbag.py:525} INFO - Filling up the DagBag from /home/airflow/.local/lib/python3.7/site-packages/airflow/example_dags/example_xcomargs.py
[2024-04-25T01:04:53.780+0000] {processor.py:768} INFO - DAG(s) dict_keys(['example_xcom_args_with_operators', 'example_xcom_args']) retrieved from /home/airflow/.local/lib/python3.7/site-packages/airflow/example_dags/example_xcomargs.py
[2024-04-25T01:04:53.831+0000] {logging_mixin.py:117} INFO - [2024-04-25T01:04:53.831+0000] {dag.py:2573} INFO - Sync 2 DAGs
[2024-04-25T01:04:53.864+0000] {logging_mixin.py:117} INFO - [2024-04-25T01:04:53.864+0000] {dag.py:3328} INFO - Setting next_dagrun for example_xcom_args to None, run_after=None
[2024-04-25T01:04:53.868+0000] {logging_mixin.py:117} INFO - [2024-04-25T01:04:53.868+0000] {dag.py:3328} INFO - Setting next_dagrun for example_xcom_args_with_operators to None, run_after=None
[2024-04-25T01:04:53.891+0000] {processor.py:178} INFO - Processing /home/airflow/.local/lib/python3.7/site-packages/airflow/example_dags/example_xcomargs.py took 0.150 seconds
[2024-04-25T01:05:24.150+0000] {processor.py:156} INFO - Started process (PID=4854) to work on /home/airflow/.local/lib/python3.7/site-packages/airflow/example_dags/example_xcomargs.py
[2024-04-25T01:05:24.152+0000] {processor.py:758} INFO - Processing file /home/airflow/.local/lib/python3.7/site-packages/airflow/example_dags/example_xcomargs.py for tasks to queue
[2024-04-25T01:05:24.153+0000] {logging_mixin.py:117} INFO - [2024-04-25T01:05:24.153+0000] {dagbag.py:525} INFO - Filling up the DagBag from /home/airflow/.local/lib/python3.7/site-packages/airflow/example_dags/example_xcomargs.py
[2024-04-25T01:05:24.227+0000] {processor.py:768} INFO - DAG(s) dict_keys(['example_xcom_args_with_operators', 'example_xcom_args']) retrieved from /home/airflow/.local/lib/python3.7/site-packages/airflow/example_dags/example_xcomargs.py
[2024-04-25T01:05:24.342+0000] {logging_mixin.py:117} INFO - [2024-04-25T01:05:24.341+0000] {dag.py:2573} INFO - Sync 2 DAGs
[2024-04-25T01:05:24.386+0000] {logging_mixin.py:117} INFO - [2024-04-25T01:05:24.386+0000] {dag.py:3328} INFO - Setting next_dagrun for example_xcom_args to None, run_after=None
[2024-04-25T01:05:24.390+0000] {logging_mixin.py:117} INFO - [2024-04-25T01:05:24.390+0000] {dag.py:3328} INFO - Setting next_dagrun for example_xcom_args_with_operators to None, run_after=None
[2024-04-25T01:05:24.422+0000] {processor.py:178} INFO - Processing /home/airflow/.local/lib/python3.7/site-packages/airflow/example_dags/example_xcomargs.py took 0.276 seconds
[2024-04-25T01:05:54.586+0000] {processor.py:156} INFO - Started process (PID=5065) to work on /home/airflow/.local/lib/python3.7/site-packages/airflow/example_dags/example_xcomargs.py
[2024-04-25T01:05:54.587+0000] {processor.py:758} INFO - Processing file /home/airflow/.local/lib/python3.7/site-packages/airflow/example_dags/example_xcomargs.py for tasks to queue
[2024-04-25T01:05:54.588+0000] {logging_mixin.py:117} INFO - [2024-04-25T01:05:54.587+0000] {dagbag.py:525} INFO - Filling up the DagBag from /home/airflow/.local/lib/python3.7/site-packages/airflow/example_dags/example_xcomargs.py
[2024-04-25T01:05:54.621+0000] {processor.py:768} INFO - DAG(s) dict_keys(['example_xcom_args_with_operators', 'example_xcom_args']) retrieved from /home/airflow/.local/lib/python3.7/site-packages/airflow/example_dags/example_xcomargs.py
[2024-04-25T01:05:54.675+0000] {logging_mixin.py:117} INFO - [2024-04-25T01:05:54.675+0000] {dag.py:2573} INFO - Sync 2 DAGs
[2024-04-25T01:05:54.705+0000] {logging_mixin.py:117} INFO - [2024-04-25T01:05:54.705+0000] {dag.py:3328} INFO - Setting next_dagrun for example_xcom_args to None, run_after=None
[2024-04-25T01:05:54.709+0000] {logging_mixin.py:117} INFO - [2024-04-25T01:05:54.709+0000] {dag.py:3328} INFO - Setting next_dagrun for example_xcom_args_with_operators to None, run_after=None
[2024-04-25T01:05:54.732+0000] {processor.py:178} INFO - Processing /home/airflow/.local/lib/python3.7/site-packages/airflow/example_dags/example_xcomargs.py took 0.149 seconds
[2024-04-25T01:06:24.958+0000] {processor.py:156} INFO - Started process (PID=5282) to work on /home/airflow/.local/lib/python3.7/site-packages/airflow/example_dags/example_xcomargs.py
[2024-04-25T01:06:24.958+0000] {processor.py:758} INFO - Processing file /home/airflow/.local/lib/python3.7/site-packages/airflow/example_dags/example_xcomargs.py for tasks to queue
[2024-04-25T01:06:24.959+0000] {logging_mixin.py:117} INFO - [2024-04-25T01:06:24.959+0000] {dagbag.py:525} INFO - Filling up the DagBag from /home/airflow/.local/lib/python3.7/site-packages/airflow/example_dags/example_xcomargs.py
[2024-04-25T01:06:24.988+0000] {processor.py:768} INFO - DAG(s) dict_keys(['example_xcom_args', 'example_xcom_args_with_operators']) retrieved from /home/airflow/.local/lib/python3.7/site-packages/airflow/example_dags/example_xcomargs.py
[2024-04-25T01:06:25.074+0000] {logging_mixin.py:117} INFO - [2024-04-25T01:06:25.074+0000] {dag.py:2573} INFO - Sync 2 DAGs
[2024-04-25T01:06:25.138+0000] {logging_mixin.py:117} INFO - [2024-04-25T01:06:25.138+0000] {dag.py:3328} INFO - Setting next_dagrun for example_xcom_args to None, run_after=None
[2024-04-25T01:06:25.146+0000] {logging_mixin.py:117} INFO - [2024-04-25T01:06:25.146+0000] {dag.py:3328} INFO - Setting next_dagrun for example_xcom_args_with_operators to None, run_after=None
[2024-04-25T01:06:25.188+0000] {processor.py:178} INFO - Processing /home/airflow/.local/lib/python3.7/site-packages/airflow/example_dags/example_xcomargs.py took 0.234 seconds
[2024-04-25T01:06:55.654+0000] {processor.py:156} INFO - Started process (PID=5490) to work on /home/airflow/.local/lib/python3.7/site-packages/airflow/example_dags/example_xcomargs.py
[2024-04-25T01:06:55.661+0000] {processor.py:758} INFO - Processing file /home/airflow/.local/lib/python3.7/site-packages/airflow/example_dags/example_xcomargs.py for tasks to queue
[2024-04-25T01:06:55.662+0000] {logging_mixin.py:117} INFO - [2024-04-25T01:06:55.662+0000] {dagbag.py:525} INFO - Filling up the DagBag from /home/airflow/.local/lib/python3.7/site-packages/airflow/example_dags/example_xcomargs.py
[2024-04-25T01:06:55.722+0000] {processor.py:768} INFO - DAG(s) dict_keys(['example_xcom_args', 'example_xcom_args_with_operators']) retrieved from /home/airflow/.local/lib/python3.7/site-packages/airflow/example_dags/example_xcomargs.py
[2024-04-25T01:06:55.771+0000] {logging_mixin.py:117} INFO - [2024-04-25T01:06:55.771+0000] {dag.py:2573} INFO - Sync 2 DAGs
[2024-04-25T01:06:55.804+0000] {logging_mixin.py:117} INFO - [2024-04-25T01:06:55.804+0000] {dag.py:3328} INFO - Setting next_dagrun for example_xcom_args to None, run_after=None
[2024-04-25T01:06:55.808+0000] {logging_mixin.py:117} INFO - [2024-04-25T01:06:55.808+0000] {dag.py:3328} INFO - Setting next_dagrun for example_xcom_args_with_operators to None, run_after=None
[2024-04-25T01:06:55.834+0000] {processor.py:178} INFO - Processing /home/airflow/.local/lib/python3.7/site-packages/airflow/example_dags/example_xcomargs.py took 0.182 seconds
[2024-04-25T01:07:26.731+0000] {processor.py:156} INFO - Started process (PID=5709) to work on /home/airflow/.local/lib/python3.7/site-packages/airflow/example_dags/example_xcomargs.py
[2024-04-25T01:07:26.732+0000] {processor.py:758} INFO - Processing file /home/airflow/.local/lib/python3.7/site-packages/airflow/example_dags/example_xcomargs.py for tasks to queue
[2024-04-25T01:07:26.733+0000] {logging_mixin.py:117} INFO - [2024-04-25T01:07:26.733+0000] {dagbag.py:525} INFO - Filling up the DagBag from /home/airflow/.local/lib/python3.7/site-packages/airflow/example_dags/example_xcomargs.py
[2024-04-25T01:07:26.764+0000] {processor.py:768} INFO - DAG(s) dict_keys(['example_xcom_args', 'example_xcom_args_with_operators']) retrieved from /home/airflow/.local/lib/python3.7/site-packages/airflow/example_dags/example_xcomargs.py
[2024-04-25T01:07:26.814+0000] {logging_mixin.py:117} INFO - [2024-04-25T01:07:26.814+0000] {dag.py:2573} INFO - Sync 2 DAGs
[2024-04-25T01:07:26.849+0000] {logging_mixin.py:117} INFO - [2024-04-25T01:07:26.849+0000] {dag.py:3328} INFO - Setting next_dagrun for example_xcom_args to None, run_after=None
[2024-04-25T01:07:26.853+0000] {logging_mixin.py:117} INFO - [2024-04-25T01:07:26.853+0000] {dag.py:3328} INFO - Setting next_dagrun for example_xcom_args_with_operators to None, run_after=None
[2024-04-25T01:07:26.874+0000] {processor.py:178} INFO - Processing /home/airflow/.local/lib/python3.7/site-packages/airflow/example_dags/example_xcomargs.py took 0.146 seconds
[2024-04-25T01:07:57.377+0000] {processor.py:156} INFO - Started process (PID=5929) to work on /home/airflow/.local/lib/python3.7/site-packages/airflow/example_dags/example_xcomargs.py
[2024-04-25T01:07:57.377+0000] {processor.py:758} INFO - Processing file /home/airflow/.local/lib/python3.7/site-packages/airflow/example_dags/example_xcomargs.py for tasks to queue
[2024-04-25T01:07:57.378+0000] {logging_mixin.py:117} INFO - [2024-04-25T01:07:57.378+0000] {dagbag.py:525} INFO - Filling up the DagBag from /home/airflow/.local/lib/python3.7/site-packages/airflow/example_dags/example_xcomargs.py
[2024-04-25T01:07:57.410+0000] {processor.py:768} INFO - DAG(s) dict_keys(['example_xcom_args_with_operators', 'example_xcom_args']) retrieved from /home/airflow/.local/lib/python3.7/site-packages/airflow/example_dags/example_xcomargs.py
[2024-04-25T01:07:57.460+0000] {logging_mixin.py:117} INFO - [2024-04-25T01:07:57.460+0000] {dag.py:2573} INFO - Sync 2 DAGs
[2024-04-25T01:07:57.491+0000] {logging_mixin.py:117} INFO - [2024-04-25T01:07:57.491+0000] {dag.py:3328} INFO - Setting next_dagrun for example_xcom_args to None, run_after=None
[2024-04-25T01:07:57.495+0000] {logging_mixin.py:117} INFO - [2024-04-25T01:07:57.495+0000] {dag.py:3328} INFO - Setting next_dagrun for example_xcom_args_with_operators to None, run_after=None
[2024-04-25T01:07:57.521+0000] {processor.py:178} INFO - Processing /home/airflow/.local/lib/python3.7/site-packages/airflow/example_dags/example_xcomargs.py took 0.148 seconds
[2024-04-25T01:08:28.216+0000] {processor.py:156} INFO - Started process (PID=6148) to work on /home/airflow/.local/lib/python3.7/site-packages/airflow/example_dags/example_xcomargs.py
[2024-04-25T01:08:28.217+0000] {processor.py:758} INFO - Processing file /home/airflow/.local/lib/python3.7/site-packages/airflow/example_dags/example_xcomargs.py for tasks to queue
[2024-04-25T01:08:28.218+0000] {logging_mixin.py:117} INFO - [2024-04-25T01:08:28.218+0000] {dagbag.py:525} INFO - Filling up the DagBag from /home/airflow/.local/lib/python3.7/site-packages/airflow/example_dags/example_xcomargs.py
[2024-04-25T01:08:28.286+0000] {processor.py:768} INFO - DAG(s) dict_keys(['example_xcom_args_with_operators', 'example_xcom_args']) retrieved from /home/airflow/.local/lib/python3.7/site-packages/airflow/example_dags/example_xcomargs.py
[2024-04-25T01:08:28.434+0000] {logging_mixin.py:117} INFO - [2024-04-25T01:08:28.434+0000] {dag.py:2573} INFO - Sync 2 DAGs
[2024-04-25T01:08:28.481+0000] {logging_mixin.py:117} INFO - [2024-04-25T01:08:28.481+0000] {dag.py:3328} INFO - Setting next_dagrun for example_xcom_args to None, run_after=None
[2024-04-25T01:08:28.485+0000] {logging_mixin.py:117} INFO - [2024-04-25T01:08:28.485+0000] {dag.py:3328} INFO - Setting next_dagrun for example_xcom_args_with_operators to None, run_after=None
[2024-04-25T01:08:28.513+0000] {processor.py:178} INFO - Processing /home/airflow/.local/lib/python3.7/site-packages/airflow/example_dags/example_xcomargs.py took 0.300 seconds
[2024-04-25T01:08:58.619+0000] {processor.py:156} INFO - Started process (PID=6360) to work on /home/airflow/.local/lib/python3.7/site-packages/airflow/example_dags/example_xcomargs.py
[2024-04-25T01:08:58.620+0000] {processor.py:758} INFO - Processing file /home/airflow/.local/lib/python3.7/site-packages/airflow/example_dags/example_xcomargs.py for tasks to queue
[2024-04-25T01:08:58.622+0000] {logging_mixin.py:117} INFO - [2024-04-25T01:08:58.621+0000] {dagbag.py:525} INFO - Filling up the DagBag from /home/airflow/.local/lib/python3.7/site-packages/airflow/example_dags/example_xcomargs.py
[2024-04-25T01:08:58.659+0000] {processor.py:768} INFO - DAG(s) dict_keys(['example_xcom_args', 'example_xcom_args_with_operators']) retrieved from /home/airflow/.local/lib/python3.7/site-packages/airflow/example_dags/example_xcomargs.py
[2024-04-25T01:08:58.704+0000] {logging_mixin.py:117} INFO - [2024-04-25T01:08:58.704+0000] {dag.py:2573} INFO - Sync 2 DAGs
[2024-04-25T01:08:58.724+0000] {logging_mixin.py:117} INFO - [2024-04-25T01:08:58.724+0000] {dag.py:3328} INFO - Setting next_dagrun for example_xcom_args to None, run_after=None
[2024-04-25T01:08:58.726+0000] {logging_mixin.py:117} INFO - [2024-04-25T01:08:58.726+0000] {dag.py:3328} INFO - Setting next_dagrun for example_xcom_args_with_operators to None, run_after=None
[2024-04-25T01:08:58.744+0000] {processor.py:178} INFO - Processing /home/airflow/.local/lib/python3.7/site-packages/airflow/example_dags/example_xcomargs.py took 0.129 seconds
[2024-04-25T01:09:28.843+0000] {processor.py:156} INFO - Started process (PID=6574) to work on /home/airflow/.local/lib/python3.7/site-packages/airflow/example_dags/example_xcomargs.py
[2024-04-25T01:09:28.845+0000] {processor.py:758} INFO - Processing file /home/airflow/.local/lib/python3.7/site-packages/airflow/example_dags/example_xcomargs.py for tasks to queue
[2024-04-25T01:09:28.846+0000] {logging_mixin.py:117} INFO - [2024-04-25T01:09:28.845+0000] {dagbag.py:525} INFO - Filling up the DagBag from /home/airflow/.local/lib/python3.7/site-packages/airflow/example_dags/example_xcomargs.py
[2024-04-25T01:09:28.885+0000] {processor.py:768} INFO - DAG(s) dict_keys(['example_xcom_args_with_operators', 'example_xcom_args']) retrieved from /home/airflow/.local/lib/python3.7/site-packages/airflow/example_dags/example_xcomargs.py
[2024-04-25T01:09:28.965+0000] {logging_mixin.py:117} INFO - [2024-04-25T01:09:28.965+0000] {dag.py:2573} INFO - Sync 2 DAGs
[2024-04-25T01:09:29.021+0000] {logging_mixin.py:117} INFO - [2024-04-25T01:09:29.021+0000] {dag.py:3328} INFO - Setting next_dagrun for example_xcom_args to None, run_after=None
[2024-04-25T01:09:29.033+0000] {logging_mixin.py:117} INFO - [2024-04-25T01:09:29.033+0000] {dag.py:3328} INFO - Setting next_dagrun for example_xcom_args_with_operators to None, run_after=None
[2024-04-25T01:09:29.060+0000] {processor.py:178} INFO - Processing /home/airflow/.local/lib/python3.7/site-packages/airflow/example_dags/example_xcomargs.py took 0.221 seconds
[2024-04-25T01:09:59.857+0000] {processor.py:156} INFO - Started process (PID=6794) to work on /home/airflow/.local/lib/python3.7/site-packages/airflow/example_dags/example_xcomargs.py
[2024-04-25T01:09:59.858+0000] {processor.py:758} INFO - Processing file /home/airflow/.local/lib/python3.7/site-packages/airflow/example_dags/example_xcomargs.py for tasks to queue
[2024-04-25T01:09:59.859+0000] {logging_mixin.py:117} INFO - [2024-04-25T01:09:59.859+0000] {dagbag.py:525} INFO - Filling up the DagBag from /home/airflow/.local/lib/python3.7/site-packages/airflow/example_dags/example_xcomargs.py
[2024-04-25T01:09:59.933+0000] {processor.py:768} INFO - DAG(s) dict_keys(['example_xcom_args_with_operators', 'example_xcom_args']) retrieved from /home/airflow/.local/lib/python3.7/site-packages/airflow/example_dags/example_xcomargs.py
[2024-04-25T01:10:00.088+0000] {logging_mixin.py:117} INFO - [2024-04-25T01:10:00.088+0000] {dag.py:2573} INFO - Sync 2 DAGs
[2024-04-25T01:10:00.143+0000] {logging_mixin.py:117} INFO - [2024-04-25T01:10:00.143+0000] {dag.py:3328} INFO - Setting next_dagrun for example_xcom_args to None, run_after=None
[2024-04-25T01:10:00.148+0000] {logging_mixin.py:117} INFO - [2024-04-25T01:10:00.148+0000] {dag.py:3328} INFO - Setting next_dagrun for example_xcom_args_with_operators to None, run_after=None
[2024-04-25T01:10:00.174+0000] {processor.py:178} INFO - Processing /home/airflow/.local/lib/python3.7/site-packages/airflow/example_dags/example_xcomargs.py took 0.327 seconds
[2024-04-25T01:10:30.255+0000] {processor.py:156} INFO - Started process (PID=7004) to work on /home/airflow/.local/lib/python3.7/site-packages/airflow/example_dags/example_xcomargs.py
[2024-04-25T01:10:30.256+0000] {processor.py:758} INFO - Processing file /home/airflow/.local/lib/python3.7/site-packages/airflow/example_dags/example_xcomargs.py for tasks to queue
[2024-04-25T01:10:30.257+0000] {logging_mixin.py:117} INFO - [2024-04-25T01:10:30.257+0000] {dagbag.py:525} INFO - Filling up the DagBag from /home/airflow/.local/lib/python3.7/site-packages/airflow/example_dags/example_xcomargs.py
[2024-04-25T01:10:30.288+0000] {processor.py:768} INFO - DAG(s) dict_keys(['example_xcom_args_with_operators', 'example_xcom_args']) retrieved from /home/airflow/.local/lib/python3.7/site-packages/airflow/example_dags/example_xcomargs.py
[2024-04-25T01:10:30.335+0000] {logging_mixin.py:117} INFO - [2024-04-25T01:10:30.335+0000] {dag.py:2573} INFO - Sync 2 DAGs
[2024-04-25T01:10:30.368+0000] {logging_mixin.py:117} INFO - [2024-04-25T01:10:30.368+0000] {dag.py:3328} INFO - Setting next_dagrun for example_xcom_args to None, run_after=None
[2024-04-25T01:10:30.372+0000] {logging_mixin.py:117} INFO - [2024-04-25T01:10:30.372+0000] {dag.py:3328} INFO - Setting next_dagrun for example_xcom_args_with_operators to None, run_after=None
[2024-04-25T01:10:30.404+0000] {processor.py:178} INFO - Processing /home/airflow/.local/lib/python3.7/site-packages/airflow/example_dags/example_xcomargs.py took 0.152 seconds
[2024-04-25T01:11:01.197+0000] {processor.py:156} INFO - Started process (PID=7224) to work on /home/airflow/.local/lib/python3.7/site-packages/airflow/example_dags/example_xcomargs.py
[2024-04-25T01:11:01.198+0000] {processor.py:758} INFO - Processing file /home/airflow/.local/lib/python3.7/site-packages/airflow/example_dags/example_xcomargs.py for tasks to queue
[2024-04-25T01:11:01.199+0000] {logging_mixin.py:117} INFO - [2024-04-25T01:11:01.199+0000] {dagbag.py:525} INFO - Filling up the DagBag from /home/airflow/.local/lib/python3.7/site-packages/airflow/example_dags/example_xcomargs.py
[2024-04-25T01:11:01.229+0000] {processor.py:768} INFO - DAG(s) dict_keys(['example_xcom_args_with_operators', 'example_xcom_args']) retrieved from /home/airflow/.local/lib/python3.7/site-packages/airflow/example_dags/example_xcomargs.py
[2024-04-25T01:11:01.308+0000] {logging_mixin.py:117} INFO - [2024-04-25T01:11:01.308+0000] {dag.py:2573} INFO - Sync 2 DAGs
[2024-04-25T01:11:01.371+0000] {logging_mixin.py:117} INFO - [2024-04-25T01:11:01.371+0000] {dag.py:3328} INFO - Setting next_dagrun for example_xcom_args to None, run_after=None
[2024-04-25T01:11:01.380+0000] {logging_mixin.py:117} INFO - [2024-04-25T01:11:01.380+0000] {dag.py:3328} INFO - Setting next_dagrun for example_xcom_args_with_operators to None, run_after=None
[2024-04-25T01:11:01.420+0000] {processor.py:178} INFO - Processing /home/airflow/.local/lib/python3.7/site-packages/airflow/example_dags/example_xcomargs.py took 0.226 seconds
[2024-04-25T01:11:31.468+0000] {processor.py:156} INFO - Started process (PID=7434) to work on /home/airflow/.local/lib/python3.7/site-packages/airflow/example_dags/example_xcomargs.py
[2024-04-25T01:11:31.469+0000] {processor.py:758} INFO - Processing file /home/airflow/.local/lib/python3.7/site-packages/airflow/example_dags/example_xcomargs.py for tasks to queue
[2024-04-25T01:11:31.470+0000] {logging_mixin.py:117} INFO - [2024-04-25T01:11:31.470+0000] {dagbag.py:525} INFO - Filling up the DagBag from /home/airflow/.local/lib/python3.7/site-packages/airflow/example_dags/example_xcomargs.py
[2024-04-25T01:11:31.502+0000] {processor.py:768} INFO - DAG(s) dict_keys(['example_xcom_args_with_operators', 'example_xcom_args']) retrieved from /home/airflow/.local/lib/python3.7/site-packages/airflow/example_dags/example_xcomargs.py
[2024-04-25T01:11:31.552+0000] {logging_mixin.py:117} INFO - [2024-04-25T01:11:31.552+0000] {dag.py:2573} INFO - Sync 2 DAGs
[2024-04-25T01:11:31.583+0000] {logging_mixin.py:117} INFO - [2024-04-25T01:11:31.583+0000] {dag.py:3328} INFO - Setting next_dagrun for example_xcom_args to None, run_after=None
[2024-04-25T01:11:31.588+0000] {logging_mixin.py:117} INFO - [2024-04-25T01:11:31.587+0000] {dag.py:3328} INFO - Setting next_dagrun for example_xcom_args_with_operators to None, run_after=None
[2024-04-25T01:11:31.615+0000] {processor.py:178} INFO - Processing /home/airflow/.local/lib/python3.7/site-packages/airflow/example_dags/example_xcomargs.py took 0.150 seconds
[2024-04-25T01:12:01.914+0000] {processor.py:156} INFO - Started process (PID=7653) to work on /home/airflow/.local/lib/python3.7/site-packages/airflow/example_dags/example_xcomargs.py
[2024-04-25T01:12:01.915+0000] {processor.py:758} INFO - Processing file /home/airflow/.local/lib/python3.7/site-packages/airflow/example_dags/example_xcomargs.py for tasks to queue
[2024-04-25T01:12:01.916+0000] {logging_mixin.py:117} INFO - [2024-04-25T01:12:01.916+0000] {dagbag.py:525} INFO - Filling up the DagBag from /home/airflow/.local/lib/python3.7/site-packages/airflow/example_dags/example_xcomargs.py
[2024-04-25T01:12:01.949+0000] {processor.py:768} INFO - DAG(s) dict_keys(['example_xcom_args', 'example_xcom_args_with_operators']) retrieved from /home/airflow/.local/lib/python3.7/site-packages/airflow/example_dags/example_xcomargs.py
[2024-04-25T01:12:02.007+0000] {logging_mixin.py:117} INFO - [2024-04-25T01:12:02.007+0000] {dag.py:2573} INFO - Sync 2 DAGs
[2024-04-25T01:12:02.039+0000] {logging_mixin.py:117} INFO - [2024-04-25T01:12:02.038+0000] {dag.py:3328} INFO - Setting next_dagrun for example_xcom_args to None, run_after=None
[2024-04-25T01:12:02.042+0000] {logging_mixin.py:117} INFO - [2024-04-25T01:12:02.042+0000] {dag.py:3328} INFO - Setting next_dagrun for example_xcom_args_with_operators to None, run_after=None
[2024-04-25T01:12:02.067+0000] {processor.py:178} INFO - Processing /home/airflow/.local/lib/python3.7/site-packages/airflow/example_dags/example_xcomargs.py took 0.155 seconds
[2024-04-25T01:12:32.367+0000] {processor.py:156} INFO - Started process (PID=7872) to work on /home/airflow/.local/lib/python3.7/site-packages/airflow/example_dags/example_xcomargs.py
[2024-04-25T01:12:32.368+0000] {processor.py:758} INFO - Processing file /home/airflow/.local/lib/python3.7/site-packages/airflow/example_dags/example_xcomargs.py for tasks to queue
[2024-04-25T01:12:32.368+0000] {logging_mixin.py:117} INFO - [2024-04-25T01:12:32.368+0000] {dagbag.py:525} INFO - Filling up the DagBag from /home/airflow/.local/lib/python3.7/site-packages/airflow/example_dags/example_xcomargs.py
[2024-04-25T01:12:32.390+0000] {processor.py:768} INFO - DAG(s) dict_keys(['example_xcom_args', 'example_xcom_args_with_operators']) retrieved from /home/airflow/.local/lib/python3.7/site-packages/airflow/example_dags/example_xcomargs.py
[2024-04-25T01:12:32.436+0000] {logging_mixin.py:117} INFO - [2024-04-25T01:12:32.436+0000] {dag.py:2573} INFO - Sync 2 DAGs
[2024-04-25T01:12:32.459+0000] {logging_mixin.py:117} INFO - [2024-04-25T01:12:32.459+0000] {dag.py:3328} INFO - Setting next_dagrun for example_xcom_args to None, run_after=None
[2024-04-25T01:12:32.462+0000] {logging_mixin.py:117} INFO - [2024-04-25T01:12:32.462+0000] {dag.py:3328} INFO - Setting next_dagrun for example_xcom_args_with_operators to None, run_after=None
[2024-04-25T01:12:32.485+0000] {processor.py:178} INFO - Processing /home/airflow/.local/lib/python3.7/site-packages/airflow/example_dags/example_xcomargs.py took 0.121 seconds
[2024-04-25T01:13:03.239+0000] {processor.py:156} INFO - Started process (PID=8078) to work on /home/airflow/.local/lib/python3.7/site-packages/airflow/example_dags/example_xcomargs.py
[2024-04-25T01:13:03.240+0000] {processor.py:758} INFO - Processing file /home/airflow/.local/lib/python3.7/site-packages/airflow/example_dags/example_xcomargs.py for tasks to queue
[2024-04-25T01:13:03.241+0000] {logging_mixin.py:117} INFO - [2024-04-25T01:13:03.241+0000] {dagbag.py:525} INFO - Filling up the DagBag from /home/airflow/.local/lib/python3.7/site-packages/airflow/example_dags/example_xcomargs.py
[2024-04-25T01:13:03.272+0000] {processor.py:768} INFO - DAG(s) dict_keys(['example_xcom_args', 'example_xcom_args_with_operators']) retrieved from /home/airflow/.local/lib/python3.7/site-packages/airflow/example_dags/example_xcomargs.py
[2024-04-25T01:13:03.322+0000] {logging_mixin.py:117} INFO - [2024-04-25T01:13:03.322+0000] {dag.py:2573} INFO - Sync 2 DAGs
[2024-04-25T01:13:03.351+0000] {logging_mixin.py:117} INFO - [2024-04-25T01:13:03.351+0000] {dag.py:3328} INFO - Setting next_dagrun for example_xcom_args to None, run_after=None
[2024-04-25T01:13:03.355+0000] {logging_mixin.py:117} INFO - [2024-04-25T01:13:03.355+0000] {dag.py:3328} INFO - Setting next_dagrun for example_xcom_args_with_operators to None, run_after=None
[2024-04-25T01:13:03.380+0000] {processor.py:178} INFO - Processing /home/airflow/.local/lib/python3.7/site-packages/airflow/example_dags/example_xcomargs.py took 0.144 seconds
[2024-04-25T01:13:33.563+0000] {processor.py:156} INFO - Started process (PID=8295) to work on /home/airflow/.local/lib/python3.7/site-packages/airflow/example_dags/example_xcomargs.py
[2024-04-25T01:13:33.564+0000] {processor.py:758} INFO - Processing file /home/airflow/.local/lib/python3.7/site-packages/airflow/example_dags/example_xcomargs.py for tasks to queue
[2024-04-25T01:13:33.565+0000] {logging_mixin.py:117} INFO - [2024-04-25T01:13:33.564+0000] {dagbag.py:525} INFO - Filling up the DagBag from /home/airflow/.local/lib/python3.7/site-packages/airflow/example_dags/example_xcomargs.py
[2024-04-25T01:13:33.593+0000] {processor.py:768} INFO - DAG(s) dict_keys(['example_xcom_args_with_operators', 'example_xcom_args']) retrieved from /home/airflow/.local/lib/python3.7/site-packages/airflow/example_dags/example_xcomargs.py
[2024-04-25T01:13:33.642+0000] {logging_mixin.py:117} INFO - [2024-04-25T01:13:33.642+0000] {dag.py:2573} INFO - Sync 2 DAGs
[2024-04-25T01:13:33.686+0000] {logging_mixin.py:117} INFO - [2024-04-25T01:13:33.685+0000] {dag.py:3328} INFO - Setting next_dagrun for example_xcom_args to None, run_after=None
[2024-04-25T01:13:33.690+0000] {logging_mixin.py:117} INFO - [2024-04-25T01:13:33.689+0000] {dag.py:3328} INFO - Setting next_dagrun for example_xcom_args_with_operators to None, run_after=None
[2024-04-25T01:13:33.720+0000] {processor.py:178} INFO - Processing /home/airflow/.local/lib/python3.7/site-packages/airflow/example_dags/example_xcomargs.py took 0.162 seconds
[2024-04-25T01:14:05.292+0000] {processor.py:156} INFO - Started process (PID=8513) to work on /home/airflow/.local/lib/python3.7/site-packages/airflow/example_dags/example_xcomargs.py
[2024-04-25T01:14:05.293+0000] {processor.py:758} INFO - Processing file /home/airflow/.local/lib/python3.7/site-packages/airflow/example_dags/example_xcomargs.py for tasks to queue
[2024-04-25T01:14:05.294+0000] {logging_mixin.py:117} INFO - [2024-04-25T01:14:05.294+0000] {dagbag.py:525} INFO - Filling up the DagBag from /home/airflow/.local/lib/python3.7/site-packages/airflow/example_dags/example_xcomargs.py
[2024-04-25T01:14:05.343+0000] {processor.py:768} INFO - DAG(s) dict_keys(['example_xcom_args', 'example_xcom_args_with_operators']) retrieved from /home/airflow/.local/lib/python3.7/site-packages/airflow/example_dags/example_xcomargs.py
[2024-04-25T01:14:05.477+0000] {logging_mixin.py:117} INFO - [2024-04-25T01:14:05.477+0000] {dag.py:2573} INFO - Sync 2 DAGs
[2024-04-25T01:14:05.517+0000] {logging_mixin.py:117} INFO - [2024-04-25T01:14:05.516+0000] {dag.py:3328} INFO - Setting next_dagrun for example_xcom_args to None, run_after=None
[2024-04-25T01:14:05.522+0000] {logging_mixin.py:117} INFO - [2024-04-25T01:14:05.522+0000] {dag.py:3328} INFO - Setting next_dagrun for example_xcom_args_with_operators to None, run_after=None
[2024-04-25T01:14:05.590+0000] {processor.py:178} INFO - Processing /home/airflow/.local/lib/python3.7/site-packages/airflow/example_dags/example_xcomargs.py took 0.307 seconds
[2024-04-25T01:14:36.553+0000] {processor.py:156} INFO - Started process (PID=8719) to work on /home/airflow/.local/lib/python3.7/site-packages/airflow/example_dags/example_xcomargs.py
[2024-04-25T01:14:36.554+0000] {processor.py:758} INFO - Processing file /home/airflow/.local/lib/python3.7/site-packages/airflow/example_dags/example_xcomargs.py for tasks to queue
[2024-04-25T01:14:36.555+0000] {logging_mixin.py:117} INFO - [2024-04-25T01:14:36.555+0000] {dagbag.py:525} INFO - Filling up the DagBag from /home/airflow/.local/lib/python3.7/site-packages/airflow/example_dags/example_xcomargs.py
[2024-04-25T01:14:36.630+0000] {processor.py:768} INFO - DAG(s) dict_keys(['example_xcom_args', 'example_xcom_args_with_operators']) retrieved from /home/airflow/.local/lib/python3.7/site-packages/airflow/example_dags/example_xcomargs.py
[2024-04-25T01:14:36.712+0000] {logging_mixin.py:117} INFO - [2024-04-25T01:14:36.712+0000] {dag.py:2573} INFO - Sync 2 DAGs
[2024-04-25T01:14:36.743+0000] {logging_mixin.py:117} INFO - [2024-04-25T01:14:36.743+0000] {dag.py:3328} INFO - Setting next_dagrun for example_xcom_args to None, run_after=None
[2024-04-25T01:14:36.747+0000] {logging_mixin.py:117} INFO - [2024-04-25T01:14:36.747+0000] {dag.py:3328} INFO - Setting next_dagrun for example_xcom_args_with_operators to None, run_after=None
[2024-04-25T01:14:36.773+0000] {processor.py:178} INFO - Processing /home/airflow/.local/lib/python3.7/site-packages/airflow/example_dags/example_xcomargs.py took 0.235 seconds
[2024-04-25T01:15:07.461+0000] {processor.py:156} INFO - Started process (PID=8939) to work on /home/airflow/.local/lib/python3.7/site-packages/airflow/example_dags/example_xcomargs.py
[2024-04-25T01:15:07.462+0000] {processor.py:758} INFO - Processing file /home/airflow/.local/lib/python3.7/site-packages/airflow/example_dags/example_xcomargs.py for tasks to queue
[2024-04-25T01:15:07.463+0000] {logging_mixin.py:117} INFO - [2024-04-25T01:15:07.463+0000] {dagbag.py:525} INFO - Filling up the DagBag from /home/airflow/.local/lib/python3.7/site-packages/airflow/example_dags/example_xcomargs.py
[2024-04-25T01:15:07.494+0000] {processor.py:768} INFO - DAG(s) dict_keys(['example_xcom_args', 'example_xcom_args_with_operators']) retrieved from /home/airflow/.local/lib/python3.7/site-packages/airflow/example_dags/example_xcomargs.py
[2024-04-25T01:15:07.562+0000] {logging_mixin.py:117} INFO - [2024-04-25T01:15:07.561+0000] {dag.py:2573} INFO - Sync 2 DAGs
[2024-04-25T01:15:07.618+0000] {logging_mixin.py:117} INFO - [2024-04-25T01:15:07.617+0000] {dag.py:3328} INFO - Setting next_dagrun for example_xcom_args to None, run_after=None
[2024-04-25T01:15:07.623+0000] {logging_mixin.py:117} INFO - [2024-04-25T01:15:07.623+0000] {dag.py:3328} INFO - Setting next_dagrun for example_xcom_args_with_operators to None, run_after=None
[2024-04-25T01:15:07.647+0000] {processor.py:178} INFO - Processing /home/airflow/.local/lib/python3.7/site-packages/airflow/example_dags/example_xcomargs.py took 0.190 seconds
[2024-04-25T01:15:37.995+0000] {processor.py:156} INFO - Started process (PID=9156) to work on /home/airflow/.local/lib/python3.7/site-packages/airflow/example_dags/example_xcomargs.py
[2024-04-25T01:15:37.996+0000] {processor.py:758} INFO - Processing file /home/airflow/.local/lib/python3.7/site-packages/airflow/example_dags/example_xcomargs.py for tasks to queue
[2024-04-25T01:15:37.997+0000] {logging_mixin.py:117} INFO - [2024-04-25T01:15:37.997+0000] {dagbag.py:525} INFO - Filling up the DagBag from /home/airflow/.local/lib/python3.7/site-packages/airflow/example_dags/example_xcomargs.py
[2024-04-25T01:15:38.029+0000] {processor.py:768} INFO - DAG(s) dict_keys(['example_xcom_args', 'example_xcom_args_with_operators']) retrieved from /home/airflow/.local/lib/python3.7/site-packages/airflow/example_dags/example_xcomargs.py
[2024-04-25T01:15:38.097+0000] {logging_mixin.py:117} INFO - [2024-04-25T01:15:38.097+0000] {dag.py:2573} INFO - Sync 2 DAGs
[2024-04-25T01:15:38.141+0000] {logging_mixin.py:117} INFO - [2024-04-25T01:15:38.141+0000] {dag.py:3328} INFO - Setting next_dagrun for example_xcom_args to None, run_after=None
[2024-04-25T01:15:38.146+0000] {logging_mixin.py:117} INFO - [2024-04-25T01:15:38.145+0000] {dag.py:3328} INFO - Setting next_dagrun for example_xcom_args_with_operators to None, run_after=None
[2024-04-25T01:15:38.187+0000] {processor.py:178} INFO - Processing /home/airflow/.local/lib/python3.7/site-packages/airflow/example_dags/example_xcomargs.py took 0.195 seconds
[2024-04-25T01:16:08.576+0000] {processor.py:156} INFO - Started process (PID=9374) to work on /home/airflow/.local/lib/python3.7/site-packages/airflow/example_dags/example_xcomargs.py
[2024-04-25T01:16:08.577+0000] {processor.py:758} INFO - Processing file /home/airflow/.local/lib/python3.7/site-packages/airflow/example_dags/example_xcomargs.py for tasks to queue
[2024-04-25T01:16:08.578+0000] {logging_mixin.py:117} INFO - [2024-04-25T01:16:08.578+0000] {dagbag.py:525} INFO - Filling up the DagBag from /home/airflow/.local/lib/python3.7/site-packages/airflow/example_dags/example_xcomargs.py
[2024-04-25T01:16:08.609+0000] {processor.py:768} INFO - DAG(s) dict_keys(['example_xcom_args', 'example_xcom_args_with_operators']) retrieved from /home/airflow/.local/lib/python3.7/site-packages/airflow/example_dags/example_xcomargs.py
[2024-04-25T01:16:08.679+0000] {logging_mixin.py:117} INFO - [2024-04-25T01:16:08.678+0000] {dag.py:2573} INFO - Sync 2 DAGs
[2024-04-25T01:16:08.714+0000] {logging_mixin.py:117} INFO - [2024-04-25T01:16:08.714+0000] {dag.py:3328} INFO - Setting next_dagrun for example_xcom_args to None, run_after=None
[2024-04-25T01:16:08.718+0000] {logging_mixin.py:117} INFO - [2024-04-25T01:16:08.718+0000] {dag.py:3328} INFO - Setting next_dagrun for example_xcom_args_with_operators to None, run_after=None
[2024-04-25T01:16:08.745+0000] {processor.py:178} INFO - Processing /home/airflow/.local/lib/python3.7/site-packages/airflow/example_dags/example_xcomargs.py took 0.181 seconds
[2024-04-25T01:16:39.632+0000] {processor.py:156} INFO - Started process (PID=9584) to work on /home/airflow/.local/lib/python3.7/site-packages/airflow/example_dags/example_xcomargs.py
[2024-04-25T01:16:39.633+0000] {processor.py:758} INFO - Processing file /home/airflow/.local/lib/python3.7/site-packages/airflow/example_dags/example_xcomargs.py for tasks to queue
[2024-04-25T01:16:39.634+0000] {logging_mixin.py:117} INFO - [2024-04-25T01:16:39.634+0000] {dagbag.py:525} INFO - Filling up the DagBag from /home/airflow/.local/lib/python3.7/site-packages/airflow/example_dags/example_xcomargs.py
[2024-04-25T01:16:39.669+0000] {processor.py:768} INFO - DAG(s) dict_keys(['example_xcom_args', 'example_xcom_args_with_operators']) retrieved from /home/airflow/.local/lib/python3.7/site-packages/airflow/example_dags/example_xcomargs.py
[2024-04-25T01:16:39.726+0000] {logging_mixin.py:117} INFO - [2024-04-25T01:16:39.726+0000] {dag.py:2573} INFO - Sync 2 DAGs
[2024-04-25T01:16:39.758+0000] {logging_mixin.py:117} INFO - [2024-04-25T01:16:39.758+0000] {dag.py:3328} INFO - Setting next_dagrun for example_xcom_args to None, run_after=None
[2024-04-25T01:16:39.763+0000] {logging_mixin.py:117} INFO - [2024-04-25T01:16:39.762+0000] {dag.py:3328} INFO - Setting next_dagrun for example_xcom_args_with_operators to None, run_after=None
[2024-04-25T01:16:39.789+0000] {processor.py:178} INFO - Processing /home/airflow/.local/lib/python3.7/site-packages/airflow/example_dags/example_xcomargs.py took 0.161 seconds
[2024-04-25T01:17:10.556+0000] {processor.py:156} INFO - Started process (PID=9804) to work on /home/airflow/.local/lib/python3.7/site-packages/airflow/example_dags/example_xcomargs.py
[2024-04-25T01:17:10.557+0000] {processor.py:758} INFO - Processing file /home/airflow/.local/lib/python3.7/site-packages/airflow/example_dags/example_xcomargs.py for tasks to queue
[2024-04-25T01:17:10.557+0000] {logging_mixin.py:117} INFO - [2024-04-25T01:17:10.557+0000] {dagbag.py:525} INFO - Filling up the DagBag from /home/airflow/.local/lib/python3.7/site-packages/airflow/example_dags/example_xcomargs.py
[2024-04-25T01:17:10.580+0000] {processor.py:768} INFO - DAG(s) dict_keys(['example_xcom_args', 'example_xcom_args_with_operators']) retrieved from /home/airflow/.local/lib/python3.7/site-packages/airflow/example_dags/example_xcomargs.py
[2024-04-25T01:17:10.616+0000] {logging_mixin.py:117} INFO - [2024-04-25T01:17:10.616+0000] {dag.py:2573} INFO - Sync 2 DAGs
[2024-04-25T01:17:10.638+0000] {logging_mixin.py:117} INFO - [2024-04-25T01:17:10.638+0000] {dag.py:3328} INFO - Setting next_dagrun for example_xcom_args to None, run_after=None
[2024-04-25T01:17:10.642+0000] {logging_mixin.py:117} INFO - [2024-04-25T01:17:10.641+0000] {dag.py:3328} INFO - Setting next_dagrun for example_xcom_args_with_operators to None, run_after=None
[2024-04-25T01:17:10.663+0000] {processor.py:178} INFO - Processing /home/airflow/.local/lib/python3.7/site-packages/airflow/example_dags/example_xcomargs.py took 0.109 seconds
[2024-04-25T01:17:40.849+0000] {processor.py:156} INFO - Started process (PID=10012) to work on /home/airflow/.local/lib/python3.7/site-packages/airflow/example_dags/example_xcomargs.py
[2024-04-25T01:17:40.850+0000] {processor.py:758} INFO - Processing file /home/airflow/.local/lib/python3.7/site-packages/airflow/example_dags/example_xcomargs.py for tasks to queue
[2024-04-25T01:17:40.851+0000] {logging_mixin.py:117} INFO - [2024-04-25T01:17:40.851+0000] {dagbag.py:525} INFO - Filling up the DagBag from /home/airflow/.local/lib/python3.7/site-packages/airflow/example_dags/example_xcomargs.py
[2024-04-25T01:17:40.882+0000] {processor.py:768} INFO - DAG(s) dict_keys(['example_xcom_args', 'example_xcom_args_with_operators']) retrieved from /home/airflow/.local/lib/python3.7/site-packages/airflow/example_dags/example_xcomargs.py
[2024-04-25T01:17:40.941+0000] {logging_mixin.py:117} INFO - [2024-04-25T01:17:40.941+0000] {dag.py:2573} INFO - Sync 2 DAGs
[2024-04-25T01:17:40.975+0000] {logging_mixin.py:117} INFO - [2024-04-25T01:17:40.975+0000] {dag.py:3328} INFO - Setting next_dagrun for example_xcom_args to None, run_after=None
[2024-04-25T01:17:40.979+0000] {logging_mixin.py:117} INFO - [2024-04-25T01:17:40.979+0000] {dag.py:3328} INFO - Setting next_dagrun for example_xcom_args_with_operators to None, run_after=None
[2024-04-25T01:17:41.004+0000] {processor.py:178} INFO - Processing /home/airflow/.local/lib/python3.7/site-packages/airflow/example_dags/example_xcomargs.py took 0.159 seconds
[2024-04-25T01:18:11.385+0000] {processor.py:156} INFO - Started process (PID=10231) to work on /home/airflow/.local/lib/python3.7/site-packages/airflow/example_dags/example_xcomargs.py
[2024-04-25T01:18:11.387+0000] {processor.py:758} INFO - Processing file /home/airflow/.local/lib/python3.7/site-packages/airflow/example_dags/example_xcomargs.py for tasks to queue
[2024-04-25T01:18:11.388+0000] {logging_mixin.py:117} INFO - [2024-04-25T01:18:11.387+0000] {dagbag.py:525} INFO - Filling up the DagBag from /home/airflow/.local/lib/python3.7/site-packages/airflow/example_dags/example_xcomargs.py
[2024-04-25T01:18:11.433+0000] {processor.py:768} INFO - DAG(s) dict_keys(['example_xcom_args_with_operators', 'example_xcom_args']) retrieved from /home/airflow/.local/lib/python3.7/site-packages/airflow/example_dags/example_xcomargs.py
[2024-04-25T01:18:11.474+0000] {logging_mixin.py:117} INFO - [2024-04-25T01:18:11.473+0000] {dag.py:2573} INFO - Sync 2 DAGs
[2024-04-25T01:18:11.495+0000] {logging_mixin.py:117} INFO - [2024-04-25T01:18:11.495+0000] {dag.py:3328} INFO - Setting next_dagrun for example_xcom_args to None, run_after=None
[2024-04-25T01:18:11.498+0000] {logging_mixin.py:117} INFO - [2024-04-25T01:18:11.498+0000] {dag.py:3328} INFO - Setting next_dagrun for example_xcom_args_with_operators to None, run_after=None
[2024-04-25T01:18:11.519+0000] {processor.py:178} INFO - Processing /home/airflow/.local/lib/python3.7/site-packages/airflow/example_dags/example_xcomargs.py took 0.138 seconds
[2024-04-25T01:18:41.865+0000] {processor.py:156} INFO - Started process (PID=10447) to work on /home/airflow/.local/lib/python3.7/site-packages/airflow/example_dags/example_xcomargs.py
[2024-04-25T01:18:41.866+0000] {processor.py:758} INFO - Processing file /home/airflow/.local/lib/python3.7/site-packages/airflow/example_dags/example_xcomargs.py for tasks to queue
[2024-04-25T01:18:41.866+0000] {logging_mixin.py:117} INFO - [2024-04-25T01:18:41.866+0000] {dagbag.py:525} INFO - Filling up the DagBag from /home/airflow/.local/lib/python3.7/site-packages/airflow/example_dags/example_xcomargs.py
[2024-04-25T01:18:41.896+0000] {processor.py:768} INFO - DAG(s) dict_keys(['example_xcom_args', 'example_xcom_args_with_operators']) retrieved from /home/airflow/.local/lib/python3.7/site-packages/airflow/example_dags/example_xcomargs.py
[2024-04-25T01:18:41.983+0000] {logging_mixin.py:117} INFO - [2024-04-25T01:18:41.983+0000] {dag.py:2573} INFO - Sync 2 DAGs
[2024-04-25T01:18:42.012+0000] {logging_mixin.py:117} INFO - [2024-04-25T01:18:42.011+0000] {dag.py:3328} INFO - Setting next_dagrun for example_xcom_args to None, run_after=None
[2024-04-25T01:18:42.016+0000] {logging_mixin.py:117} INFO - [2024-04-25T01:18:42.016+0000] {dag.py:3328} INFO - Setting next_dagrun for example_xcom_args_with_operators to None, run_after=None
[2024-04-25T01:18:42.047+0000] {processor.py:178} INFO - Processing /home/airflow/.local/lib/python3.7/site-packages/airflow/example_dags/example_xcomargs.py took 0.185 seconds
[2024-04-25T01:19:12.430+0000] {processor.py:156} INFO - Started process (PID=10657) to work on /home/airflow/.local/lib/python3.7/site-packages/airflow/example_dags/example_xcomargs.py
[2024-04-25T01:19:12.430+0000] {processor.py:758} INFO - Processing file /home/airflow/.local/lib/python3.7/site-packages/airflow/example_dags/example_xcomargs.py for tasks to queue
[2024-04-25T01:19:12.431+0000] {logging_mixin.py:117} INFO - [2024-04-25T01:19:12.431+0000] {dagbag.py:525} INFO - Filling up the DagBag from /home/airflow/.local/lib/python3.7/site-packages/airflow/example_dags/example_xcomargs.py
[2024-04-25T01:19:12.464+0000] {processor.py:768} INFO - DAG(s) dict_keys(['example_xcom_args', 'example_xcom_args_with_operators']) retrieved from /home/airflow/.local/lib/python3.7/site-packages/airflow/example_dags/example_xcomargs.py
[2024-04-25T01:19:12.511+0000] {logging_mixin.py:117} INFO - [2024-04-25T01:19:12.511+0000] {dag.py:2573} INFO - Sync 2 DAGs
[2024-04-25T01:19:12.544+0000] {logging_mixin.py:117} INFO - [2024-04-25T01:19:12.544+0000] {dag.py:3328} INFO - Setting next_dagrun for example_xcom_args to None, run_after=None
[2024-04-25T01:19:12.548+0000] {logging_mixin.py:117} INFO - [2024-04-25T01:19:12.548+0000] {dag.py:3328} INFO - Setting next_dagrun for example_xcom_args_with_operators to None, run_after=None
[2024-04-25T01:19:12.576+0000] {processor.py:178} INFO - Processing /home/airflow/.local/lib/python3.7/site-packages/airflow/example_dags/example_xcomargs.py took 0.149 seconds
[2024-04-25T01:19:43.280+0000] {processor.py:156} INFO - Started process (PID=10873) to work on /home/airflow/.local/lib/python3.7/site-packages/airflow/example_dags/example_xcomargs.py
[2024-04-25T01:19:43.281+0000] {processor.py:758} INFO - Processing file /home/airflow/.local/lib/python3.7/site-packages/airflow/example_dags/example_xcomargs.py for tasks to queue
[2024-04-25T01:19:43.281+0000] {logging_mixin.py:117} INFO - [2024-04-25T01:19:43.281+0000] {dagbag.py:525} INFO - Filling up the DagBag from /home/airflow/.local/lib/python3.7/site-packages/airflow/example_dags/example_xcomargs.py
[2024-04-25T01:19:43.313+0000] {processor.py:768} INFO - DAG(s) dict_keys(['example_xcom_args_with_operators', 'example_xcom_args']) retrieved from /home/airflow/.local/lib/python3.7/site-packages/airflow/example_dags/example_xcomargs.py
[2024-04-25T01:19:43.375+0000] {logging_mixin.py:117} INFO - [2024-04-25T01:19:43.375+0000] {dag.py:2573} INFO - Sync 2 DAGs
[2024-04-25T01:19:43.406+0000] {logging_mixin.py:117} INFO - [2024-04-25T01:19:43.406+0000] {dag.py:3328} INFO - Setting next_dagrun for example_xcom_args to None, run_after=None
[2024-04-25T01:19:43.411+0000] {logging_mixin.py:117} INFO - [2024-04-25T01:19:43.411+0000] {dag.py:3328} INFO - Setting next_dagrun for example_xcom_args_with_operators to None, run_after=None
[2024-04-25T01:19:43.434+0000] {processor.py:178} INFO - Processing /home/airflow/.local/lib/python3.7/site-packages/airflow/example_dags/example_xcomargs.py took 0.157 seconds
[2024-04-25T01:20:15.482+0000] {processor.py:156} INFO - Started process (PID=11091) to work on /home/airflow/.local/lib/python3.7/site-packages/airflow/example_dags/example_xcomargs.py
[2024-04-25T01:20:15.483+0000] {processor.py:758} INFO - Processing file /home/airflow/.local/lib/python3.7/site-packages/airflow/example_dags/example_xcomargs.py for tasks to queue
[2024-04-25T01:20:15.484+0000] {logging_mixin.py:117} INFO - [2024-04-25T01:20:15.484+0000] {dagbag.py:525} INFO - Filling up the DagBag from /home/airflow/.local/lib/python3.7/site-packages/airflow/example_dags/example_xcomargs.py
[2024-04-25T01:20:15.516+0000] {processor.py:768} INFO - DAG(s) dict_keys(['example_xcom_args_with_operators', 'example_xcom_args']) retrieved from /home/airflow/.local/lib/python3.7/site-packages/airflow/example_dags/example_xcomargs.py
[2024-04-25T01:20:15.568+0000] {logging_mixin.py:117} INFO - [2024-04-25T01:20:15.568+0000] {dag.py:2573} INFO - Sync 2 DAGs
[2024-04-25T01:20:15.599+0000] {logging_mixin.py:117} INFO - [2024-04-25T01:20:15.599+0000] {dag.py:3328} INFO - Setting next_dagrun for example_xcom_args to None, run_after=None
[2024-04-25T01:20:15.604+0000] {logging_mixin.py:117} INFO - [2024-04-25T01:20:15.604+0000] {dag.py:3328} INFO - Setting next_dagrun for example_xcom_args_with_operators to None, run_after=None
[2024-04-25T01:20:15.625+0000] {processor.py:178} INFO - Processing /home/airflow/.local/lib/python3.7/site-packages/airflow/example_dags/example_xcomargs.py took 0.147 seconds
[2024-04-25T01:20:47.048+0000] {processor.py:156} INFO - Started process (PID=11312) to work on /home/airflow/.local/lib/python3.7/site-packages/airflow/example_dags/example_xcomargs.py
[2024-04-25T01:20:47.049+0000] {processor.py:758} INFO - Processing file /home/airflow/.local/lib/python3.7/site-packages/airflow/example_dags/example_xcomargs.py for tasks to queue
[2024-04-25T01:20:47.055+0000] {logging_mixin.py:117} INFO - [2024-04-25T01:20:47.055+0000] {dagbag.py:525} INFO - Filling up the DagBag from /home/airflow/.local/lib/python3.7/site-packages/airflow/example_dags/example_xcomargs.py
[2024-04-25T01:20:47.153+0000] {processor.py:768} INFO - DAG(s) dict_keys(['example_xcom_args_with_operators', 'example_xcom_args']) retrieved from /home/airflow/.local/lib/python3.7/site-packages/airflow/example_dags/example_xcomargs.py
[2024-04-25T01:20:47.290+0000] {logging_mixin.py:117} INFO - [2024-04-25T01:20:47.290+0000] {dag.py:2573} INFO - Sync 2 DAGs
[2024-04-25T01:20:47.368+0000] {logging_mixin.py:117} INFO - [2024-04-25T01:20:47.368+0000] {dag.py:3328} INFO - Setting next_dagrun for example_xcom_args to None, run_after=None
[2024-04-25T01:20:47.396+0000] {logging_mixin.py:117} INFO - [2024-04-25T01:20:47.396+0000] {dag.py:3328} INFO - Setting next_dagrun for example_xcom_args_with_operators to None, run_after=None
[2024-04-25T01:20:47.455+0000] {processor.py:178} INFO - Processing /home/airflow/.local/lib/python3.7/site-packages/airflow/example_dags/example_xcomargs.py took 0.424 seconds
[2024-04-25T01:21:17.929+0000] {processor.py:156} INFO - Started process (PID=11527) to work on /home/airflow/.local/lib/python3.7/site-packages/airflow/example_dags/example_xcomargs.py
[2024-04-25T01:21:17.930+0000] {processor.py:758} INFO - Processing file /home/airflow/.local/lib/python3.7/site-packages/airflow/example_dags/example_xcomargs.py for tasks to queue
[2024-04-25T01:21:17.931+0000] {logging_mixin.py:117} INFO - [2024-04-25T01:21:17.930+0000] {dagbag.py:525} INFO - Filling up the DagBag from /home/airflow/.local/lib/python3.7/site-packages/airflow/example_dags/example_xcomargs.py
[2024-04-25T01:21:17.963+0000] {processor.py:768} INFO - DAG(s) dict_keys(['example_xcom_args', 'example_xcom_args_with_operators']) retrieved from /home/airflow/.local/lib/python3.7/site-packages/airflow/example_dags/example_xcomargs.py
[2024-04-25T01:21:18.000+0000] {logging_mixin.py:117} INFO - [2024-04-25T01:21:18.000+0000] {dag.py:2573} INFO - Sync 2 DAGs
[2024-04-25T01:21:18.025+0000] {logging_mixin.py:117} INFO - [2024-04-25T01:21:18.025+0000] {dag.py:3328} INFO - Setting next_dagrun for example_xcom_args to None, run_after=None
[2024-04-25T01:21:18.028+0000] {logging_mixin.py:117} INFO - [2024-04-25T01:21:18.028+0000] {dag.py:3328} INFO - Setting next_dagrun for example_xcom_args_with_operators to None, run_after=None
[2024-04-25T01:21:18.048+0000] {processor.py:178} INFO - Processing /home/airflow/.local/lib/python3.7/site-packages/airflow/example_dags/example_xcomargs.py took 0.123 seconds
[2024-04-25T01:21:48.156+0000] {processor.py:156} INFO - Started process (PID=11746) to work on /home/airflow/.local/lib/python3.7/site-packages/airflow/example_dags/example_xcomargs.py
[2024-04-25T01:21:48.157+0000] {processor.py:758} INFO - Processing file /home/airflow/.local/lib/python3.7/site-packages/airflow/example_dags/example_xcomargs.py for tasks to queue
[2024-04-25T01:21:48.157+0000] {logging_mixin.py:117} INFO - [2024-04-25T01:21:48.157+0000] {dagbag.py:525} INFO - Filling up the DagBag from /home/airflow/.local/lib/python3.7/site-packages/airflow/example_dags/example_xcomargs.py
[2024-04-25T01:21:48.191+0000] {processor.py:768} INFO - DAG(s) dict_keys(['example_xcom_args', 'example_xcom_args_with_operators']) retrieved from /home/airflow/.local/lib/python3.7/site-packages/airflow/example_dags/example_xcomargs.py
[2024-04-25T01:21:48.245+0000] {logging_mixin.py:117} INFO - [2024-04-25T01:21:48.245+0000] {dag.py:2573} INFO - Sync 2 DAGs
[2024-04-25T01:21:48.275+0000] {logging_mixin.py:117} INFO - [2024-04-25T01:21:48.274+0000] {dag.py:3328} INFO - Setting next_dagrun for example_xcom_args to None, run_after=None
[2024-04-25T01:21:48.279+0000] {logging_mixin.py:117} INFO - [2024-04-25T01:21:48.279+0000] {dag.py:3328} INFO - Setting next_dagrun for example_xcom_args_with_operators to None, run_after=None
[2024-04-25T01:21:48.303+0000] {processor.py:178} INFO - Processing /home/airflow/.local/lib/python3.7/site-packages/airflow/example_dags/example_xcomargs.py took 0.151 seconds
[2024-04-25T01:22:19.103+0000] {processor.py:156} INFO - Started process (PID=11961) to work on /home/airflow/.local/lib/python3.7/site-packages/airflow/example_dags/example_xcomargs.py
[2024-04-25T01:22:19.110+0000] {processor.py:758} INFO - Processing file /home/airflow/.local/lib/python3.7/site-packages/airflow/example_dags/example_xcomargs.py for tasks to queue
[2024-04-25T01:22:19.111+0000] {logging_mixin.py:117} INFO - [2024-04-25T01:22:19.111+0000] {dagbag.py:525} INFO - Filling up the DagBag from /home/airflow/.local/lib/python3.7/site-packages/airflow/example_dags/example_xcomargs.py
[2024-04-25T01:22:19.176+0000] {processor.py:768} INFO - DAG(s) dict_keys(['example_xcom_args_with_operators', 'example_xcom_args']) retrieved from /home/airflow/.local/lib/python3.7/site-packages/airflow/example_dags/example_xcomargs.py
[2024-04-25T01:22:19.301+0000] {logging_mixin.py:117} INFO - [2024-04-25T01:22:19.301+0000] {dag.py:2573} INFO - Sync 2 DAGs
[2024-04-25T01:22:19.376+0000] {logging_mixin.py:117} INFO - [2024-04-25T01:22:19.376+0000] {dag.py:3328} INFO - Setting next_dagrun for example_xcom_args to None, run_after=None
[2024-04-25T01:22:19.386+0000] {logging_mixin.py:117} INFO - [2024-04-25T01:22:19.386+0000] {dag.py:3328} INFO - Setting next_dagrun for example_xcom_args_with_operators to None, run_after=None
[2024-04-25T01:22:19.426+0000] {processor.py:178} INFO - Processing /home/airflow/.local/lib/python3.7/site-packages/airflow/example_dags/example_xcomargs.py took 0.327 seconds
[2024-04-25T01:22:49.762+0000] {processor.py:156} INFO - Started process (PID=12171) to work on /home/airflow/.local/lib/python3.7/site-packages/airflow/example_dags/example_xcomargs.py
[2024-04-25T01:22:49.763+0000] {processor.py:758} INFO - Processing file /home/airflow/.local/lib/python3.7/site-packages/airflow/example_dags/example_xcomargs.py for tasks to queue
[2024-04-25T01:22:49.764+0000] {logging_mixin.py:117} INFO - [2024-04-25T01:22:49.764+0000] {dagbag.py:525} INFO - Filling up the DagBag from /home/airflow/.local/lib/python3.7/site-packages/airflow/example_dags/example_xcomargs.py
[2024-04-25T01:22:49.797+0000] {processor.py:768} INFO - DAG(s) dict_keys(['example_xcom_args_with_operators', 'example_xcom_args']) retrieved from /home/airflow/.local/lib/python3.7/site-packages/airflow/example_dags/example_xcomargs.py
[2024-04-25T01:22:49.856+0000] {logging_mixin.py:117} INFO - [2024-04-25T01:22:49.856+0000] {dag.py:2573} INFO - Sync 2 DAGs
[2024-04-25T01:22:49.886+0000] {logging_mixin.py:117} INFO - [2024-04-25T01:22:49.886+0000] {dag.py:3328} INFO - Setting next_dagrun for example_xcom_args to None, run_after=None
[2024-04-25T01:22:49.889+0000] {logging_mixin.py:117} INFO - [2024-04-25T01:22:49.889+0000] {dag.py:3328} INFO - Setting next_dagrun for example_xcom_args_with_operators to None, run_after=None
[2024-04-25T01:22:49.916+0000] {processor.py:178} INFO - Processing /home/airflow/.local/lib/python3.7/site-packages/airflow/example_dags/example_xcomargs.py took 0.157 seconds
[2024-04-25T01:23:21.371+0000] {processor.py:156} INFO - Started process (PID=12382) to work on /home/airflow/.local/lib/python3.7/site-packages/airflow/example_dags/example_xcomargs.py
[2024-04-25T01:23:21.371+0000] {processor.py:758} INFO - Processing file /home/airflow/.local/lib/python3.7/site-packages/airflow/example_dags/example_xcomargs.py for tasks to queue
[2024-04-25T01:23:21.374+0000] {logging_mixin.py:117} INFO - [2024-04-25T01:23:21.373+0000] {dagbag.py:525} INFO - Filling up the DagBag from /home/airflow/.local/lib/python3.7/site-packages/airflow/example_dags/example_xcomargs.py
[2024-04-25T01:23:21.444+0000] {processor.py:768} INFO - DAG(s) dict_keys(['example_xcom_args', 'example_xcom_args_with_operators']) retrieved from /home/airflow/.local/lib/python3.7/site-packages/airflow/example_dags/example_xcomargs.py
[2024-04-25T01:23:21.561+0000] {logging_mixin.py:117} INFO - [2024-04-25T01:23:21.561+0000] {dag.py:2573} INFO - Sync 2 DAGs
[2024-04-25T01:23:21.634+0000] {logging_mixin.py:117} INFO - [2024-04-25T01:23:21.634+0000] {dag.py:3328} INFO - Setting next_dagrun for example_xcom_args to None, run_after=None
[2024-04-25T01:23:21.640+0000] {logging_mixin.py:117} INFO - [2024-04-25T01:23:21.640+0000] {dag.py:3328} INFO - Setting next_dagrun for example_xcom_args_with_operators to None, run_after=None
[2024-04-25T01:23:21.677+0000] {processor.py:178} INFO - Processing /home/airflow/.local/lib/python3.7/site-packages/airflow/example_dags/example_xcomargs.py took 0.310 seconds
[2024-04-25T01:23:52.421+0000] {processor.py:156} INFO - Started process (PID=12601) to work on /home/airflow/.local/lib/python3.7/site-packages/airflow/example_dags/example_xcomargs.py
[2024-04-25T01:23:52.422+0000] {processor.py:758} INFO - Processing file /home/airflow/.local/lib/python3.7/site-packages/airflow/example_dags/example_xcomargs.py for tasks to queue
[2024-04-25T01:23:52.423+0000] {logging_mixin.py:117} INFO - [2024-04-25T01:23:52.423+0000] {dagbag.py:525} INFO - Filling up the DagBag from /home/airflow/.local/lib/python3.7/site-packages/airflow/example_dags/example_xcomargs.py
[2024-04-25T01:23:52.457+0000] {processor.py:768} INFO - DAG(s) dict_keys(['example_xcom_args', 'example_xcom_args_with_operators']) retrieved from /home/airflow/.local/lib/python3.7/site-packages/airflow/example_dags/example_xcomargs.py
[2024-04-25T01:23:52.510+0000] {logging_mixin.py:117} INFO - [2024-04-25T01:23:52.509+0000] {dag.py:2573} INFO - Sync 2 DAGs
[2024-04-25T01:23:52.537+0000] {logging_mixin.py:117} INFO - [2024-04-25T01:23:52.537+0000] {dag.py:3328} INFO - Setting next_dagrun for example_xcom_args to None, run_after=None
[2024-04-25T01:23:52.540+0000] {logging_mixin.py:117} INFO - [2024-04-25T01:23:52.540+0000] {dag.py:3328} INFO - Setting next_dagrun for example_xcom_args_with_operators to None, run_after=None
[2024-04-25T01:23:52.564+0000] {processor.py:178} INFO - Processing /home/airflow/.local/lib/python3.7/site-packages/airflow/example_dags/example_xcomargs.py took 0.146 seconds
[2024-04-25T01:24:23.276+0000] {processor.py:156} INFO - Started process (PID=12811) to work on /home/airflow/.local/lib/python3.7/site-packages/airflow/example_dags/example_xcomargs.py
[2024-04-25T01:24:23.277+0000] {processor.py:758} INFO - Processing file /home/airflow/.local/lib/python3.7/site-packages/airflow/example_dags/example_xcomargs.py for tasks to queue
[2024-04-25T01:24:23.278+0000] {logging_mixin.py:117} INFO - [2024-04-25T01:24:23.278+0000] {dagbag.py:525} INFO - Filling up the DagBag from /home/airflow/.local/lib/python3.7/site-packages/airflow/example_dags/example_xcomargs.py
[2024-04-25T01:24:23.311+0000] {processor.py:768} INFO - DAG(s) dict_keys(['example_xcom_args_with_operators', 'example_xcom_args']) retrieved from /home/airflow/.local/lib/python3.7/site-packages/airflow/example_dags/example_xcomargs.py
[2024-04-25T01:24:23.360+0000] {logging_mixin.py:117} INFO - [2024-04-25T01:24:23.359+0000] {dag.py:2573} INFO - Sync 2 DAGs
[2024-04-25T01:24:23.395+0000] {logging_mixin.py:117} INFO - [2024-04-25T01:24:23.395+0000] {dag.py:3328} INFO - Setting next_dagrun for example_xcom_args to None, run_after=None
[2024-04-25T01:24:23.397+0000] {logging_mixin.py:117} INFO - [2024-04-25T01:24:23.397+0000] {dag.py:3328} INFO - Setting next_dagrun for example_xcom_args_with_operators to None, run_after=None
[2024-04-25T01:24:23.434+0000] {processor.py:178} INFO - Processing /home/airflow/.local/lib/python3.7/site-packages/airflow/example_dags/example_xcomargs.py took 0.160 seconds
[2024-04-25T01:24:53.727+0000] {processor.py:156} INFO - Started process (PID=13027) to work on /home/airflow/.local/lib/python3.7/site-packages/airflow/example_dags/example_xcomargs.py
[2024-04-25T01:24:53.728+0000] {processor.py:758} INFO - Processing file /home/airflow/.local/lib/python3.7/site-packages/airflow/example_dags/example_xcomargs.py for tasks to queue
[2024-04-25T01:24:53.729+0000] {logging_mixin.py:117} INFO - [2024-04-25T01:24:53.729+0000] {dagbag.py:525} INFO - Filling up the DagBag from /home/airflow/.local/lib/python3.7/site-packages/airflow/example_dags/example_xcomargs.py
[2024-04-25T01:24:53.761+0000] {processor.py:768} INFO - DAG(s) dict_keys(['example_xcom_args_with_operators', 'example_xcom_args']) retrieved from /home/airflow/.local/lib/python3.7/site-packages/airflow/example_dags/example_xcomargs.py
[2024-04-25T01:24:53.812+0000] {logging_mixin.py:117} INFO - [2024-04-25T01:24:53.812+0000] {dag.py:2573} INFO - Sync 2 DAGs
[2024-04-25T01:24:53.840+0000] {logging_mixin.py:117} INFO - [2024-04-25T01:24:53.839+0000] {dag.py:3328} INFO - Setting next_dagrun for example_xcom_args to None, run_after=None
[2024-04-25T01:24:53.844+0000] {logging_mixin.py:117} INFO - [2024-04-25T01:24:53.844+0000] {dag.py:3328} INFO - Setting next_dagrun for example_xcom_args_with_operators to None, run_after=None
[2024-04-25T01:24:53.868+0000] {processor.py:178} INFO - Processing /home/airflow/.local/lib/python3.7/site-packages/airflow/example_dags/example_xcomargs.py took 0.144 seconds
[2024-04-25T01:25:25.071+0000] {processor.py:156} INFO - Started process (PID=13244) to work on /home/airflow/.local/lib/python3.7/site-packages/airflow/example_dags/example_xcomargs.py
[2024-04-25T01:25:25.074+0000] {processor.py:758} INFO - Processing file /home/airflow/.local/lib/python3.7/site-packages/airflow/example_dags/example_xcomargs.py for tasks to queue
[2024-04-25T01:25:25.074+0000] {logging_mixin.py:117} INFO - [2024-04-25T01:25:25.074+0000] {dagbag.py:525} INFO - Filling up the DagBag from /home/airflow/.local/lib/python3.7/site-packages/airflow/example_dags/example_xcomargs.py
[2024-04-25T01:25:25.114+0000] {processor.py:768} INFO - DAG(s) dict_keys(['example_xcom_args', 'example_xcom_args_with_operators']) retrieved from /home/airflow/.local/lib/python3.7/site-packages/airflow/example_dags/example_xcomargs.py
[2024-04-25T01:25:25.176+0000] {logging_mixin.py:117} INFO - [2024-04-25T01:25:25.176+0000] {dag.py:2573} INFO - Sync 2 DAGs
[2024-04-25T01:25:25.209+0000] {logging_mixin.py:117} INFO - [2024-04-25T01:25:25.209+0000] {dag.py:3328} INFO - Setting next_dagrun for example_xcom_args to None, run_after=None
[2024-04-25T01:25:25.213+0000] {logging_mixin.py:117} INFO - [2024-04-25T01:25:25.213+0000] {dag.py:3328} INFO - Setting next_dagrun for example_xcom_args_with_operators to None, run_after=None
[2024-04-25T01:25:25.242+0000] {processor.py:178} INFO - Processing /home/airflow/.local/lib/python3.7/site-packages/airflow/example_dags/example_xcomargs.py took 0.174 seconds
[2024-04-25T01:25:56.084+0000] {processor.py:156} INFO - Started process (PID=13453) to work on /home/airflow/.local/lib/python3.7/site-packages/airflow/example_dags/example_xcomargs.py
[2024-04-25T01:25:56.085+0000] {processor.py:758} INFO - Processing file /home/airflow/.local/lib/python3.7/site-packages/airflow/example_dags/example_xcomargs.py for tasks to queue
[2024-04-25T01:25:56.086+0000] {logging_mixin.py:117} INFO - [2024-04-25T01:25:56.086+0000] {dagbag.py:525} INFO - Filling up the DagBag from /home/airflow/.local/lib/python3.7/site-packages/airflow/example_dags/example_xcomargs.py
[2024-04-25T01:25:56.143+0000] {processor.py:768} INFO - DAG(s) dict_keys(['example_xcom_args_with_operators', 'example_xcom_args']) retrieved from /home/airflow/.local/lib/python3.7/site-packages/airflow/example_dags/example_xcomargs.py
[2024-04-25T01:25:56.267+0000] {logging_mixin.py:117} INFO - [2024-04-25T01:25:56.266+0000] {dag.py:2573} INFO - Sync 2 DAGs
[2024-04-25T01:25:56.338+0000] {logging_mixin.py:117} INFO - [2024-04-25T01:25:56.338+0000] {dag.py:3328} INFO - Setting next_dagrun for example_xcom_args to None, run_after=None
[2024-04-25T01:25:56.350+0000] {logging_mixin.py:117} INFO - [2024-04-25T01:25:56.350+0000] {dag.py:3328} INFO - Setting next_dagrun for example_xcom_args_with_operators to None, run_after=None
[2024-04-25T01:25:56.375+0000] {processor.py:178} INFO - Processing /home/airflow/.local/lib/python3.7/site-packages/airflow/example_dags/example_xcomargs.py took 0.294 seconds
[2024-04-25T01:26:26.978+0000] {processor.py:156} INFO - Started process (PID=13673) to work on /home/airflow/.local/lib/python3.7/site-packages/airflow/example_dags/example_xcomargs.py
[2024-04-25T01:26:26.979+0000] {processor.py:758} INFO - Processing file /home/airflow/.local/lib/python3.7/site-packages/airflow/example_dags/example_xcomargs.py for tasks to queue
[2024-04-25T01:26:26.980+0000] {logging_mixin.py:117} INFO - [2024-04-25T01:26:26.980+0000] {dagbag.py:525} INFO - Filling up the DagBag from /home/airflow/.local/lib/python3.7/site-packages/airflow/example_dags/example_xcomargs.py
[2024-04-25T01:26:27.011+0000] {processor.py:768} INFO - DAG(s) dict_keys(['example_xcom_args', 'example_xcom_args_with_operators']) retrieved from /home/airflow/.local/lib/python3.7/site-packages/airflow/example_dags/example_xcomargs.py
[2024-04-25T01:26:27.070+0000] {logging_mixin.py:117} INFO - [2024-04-25T01:26:27.070+0000] {dag.py:2573} INFO - Sync 2 DAGs
[2024-04-25T01:26:27.131+0000] {logging_mixin.py:117} INFO - [2024-04-25T01:26:27.131+0000] {dag.py:3328} INFO - Setting next_dagrun for example_xcom_args to None, run_after=None
[2024-04-25T01:26:27.141+0000] {logging_mixin.py:117} INFO - [2024-04-25T01:26:27.141+0000] {dag.py:3328} INFO - Setting next_dagrun for example_xcom_args_with_operators to None, run_after=None
[2024-04-25T01:26:27.188+0000] {processor.py:178} INFO - Processing /home/airflow/.local/lib/python3.7/site-packages/airflow/example_dags/example_xcomargs.py took 0.214 seconds
