[2024-04-25T00:54:27.959+0000] {processor.py:156} INFO - Started process (PID=331) to work on /home/airflow/.local/lib/python3.7/site-packages/airflow/example_dags/tutorial.py
[2024-04-25T00:54:27.962+0000] {processor.py:758} INFO - Processing file /home/airflow/.local/lib/python3.7/site-packages/airflow/example_dags/tutorial.py for tasks to queue
[2024-04-25T00:54:27.965+0000] {logging_mixin.py:117} INFO - [2024-04-25T00:54:27.965+0000] {dagbag.py:525} INFO - Filling up the DagBag from /home/airflow/.local/lib/python3.7/site-packages/airflow/example_dags/tutorial.py
[2024-04-25T00:54:27.999+0000] {processor.py:768} INFO - DAG(s) dict_keys(['tutorial']) retrieved from /home/airflow/.local/lib/python3.7/site-packages/airflow/example_dags/tutorial.py
[2024-04-25T00:54:28.060+0000] {logging_mixin.py:117} INFO - [2024-04-25T00:54:28.060+0000] {dag.py:2573} INFO - Sync 1 DAGs
[2024-04-25T00:54:28.097+0000] {logging_mixin.py:117} INFO - [2024-04-25T00:54:28.097+0000] {dag.py:3328} INFO - Setting next_dagrun for tutorial to 2024-04-24T00:54:28.096909+00:00, run_after=2024-04-25T00:54:28.096909+00:00
[2024-04-25T00:54:28.134+0000] {processor.py:178} INFO - Processing /home/airflow/.local/lib/python3.7/site-packages/airflow/example_dags/tutorial.py took 0.179 seconds
[2024-04-25T00:54:59.287+0000] {processor.py:156} INFO - Started process (PID=548) to work on /home/airflow/.local/lib/python3.7/site-packages/airflow/example_dags/tutorial.py
[2024-04-25T00:54:59.287+0000] {processor.py:758} INFO - Processing file /home/airflow/.local/lib/python3.7/site-packages/airflow/example_dags/tutorial.py for tasks to queue
[2024-04-25T00:54:59.288+0000] {logging_mixin.py:117} INFO - [2024-04-25T00:54:59.288+0000] {dagbag.py:525} INFO - Filling up the DagBag from /home/airflow/.local/lib/python3.7/site-packages/airflow/example_dags/tutorial.py
[2024-04-25T00:54:59.304+0000] {processor.py:768} INFO - DAG(s) dict_keys(['tutorial']) retrieved from /home/airflow/.local/lib/python3.7/site-packages/airflow/example_dags/tutorial.py
[2024-04-25T00:54:59.403+0000] {logging_mixin.py:117} INFO - [2024-04-25T00:54:59.403+0000] {dag.py:2573} INFO - Sync 1 DAGs
[2024-04-25T00:54:59.449+0000] {logging_mixin.py:117} INFO - [2024-04-25T00:54:59.449+0000] {dag.py:3328} INFO - Setting next_dagrun for tutorial to 2024-04-24T00:54:59.449036+00:00, run_after=2024-04-25T00:54:59.449036+00:00
[2024-04-25T00:54:59.475+0000] {processor.py:178} INFO - Processing /home/airflow/.local/lib/python3.7/site-packages/airflow/example_dags/tutorial.py took 0.192 seconds
[2024-04-25T00:55:30.310+0000] {processor.py:156} INFO - Started process (PID=759) to work on /home/airflow/.local/lib/python3.7/site-packages/airflow/example_dags/tutorial.py
[2024-04-25T00:55:30.311+0000] {processor.py:758} INFO - Processing file /home/airflow/.local/lib/python3.7/site-packages/airflow/example_dags/tutorial.py for tasks to queue
[2024-04-25T00:55:30.311+0000] {logging_mixin.py:117} INFO - [2024-04-25T00:55:30.311+0000] {dagbag.py:525} INFO - Filling up the DagBag from /home/airflow/.local/lib/python3.7/site-packages/airflow/example_dags/tutorial.py
[2024-04-25T00:55:30.328+0000] {processor.py:768} INFO - DAG(s) dict_keys(['tutorial']) retrieved from /home/airflow/.local/lib/python3.7/site-packages/airflow/example_dags/tutorial.py
[2024-04-25T00:55:30.369+0000] {logging_mixin.py:117} INFO - [2024-04-25T00:55:30.369+0000] {dag.py:2573} INFO - Sync 1 DAGs
[2024-04-25T00:55:30.389+0000] {logging_mixin.py:117} INFO - [2024-04-25T00:55:30.388+0000] {dag.py:3328} INFO - Setting next_dagrun for tutorial to 2024-04-24T00:55:30.388733+00:00, run_after=2024-04-25T00:55:30.388733+00:00
[2024-04-25T00:55:30.409+0000] {processor.py:178} INFO - Processing /home/airflow/.local/lib/python3.7/site-packages/airflow/example_dags/tutorial.py took 0.101 seconds
[2024-04-25T00:56:01.199+0000] {processor.py:156} INFO - Started process (PID=976) to work on /home/airflow/.local/lib/python3.7/site-packages/airflow/example_dags/tutorial.py
[2024-04-25T00:56:01.199+0000] {processor.py:758} INFO - Processing file /home/airflow/.local/lib/python3.7/site-packages/airflow/example_dags/tutorial.py for tasks to queue
[2024-04-25T00:56:01.200+0000] {logging_mixin.py:117} INFO - [2024-04-25T00:56:01.200+0000] {dagbag.py:525} INFO - Filling up the DagBag from /home/airflow/.local/lib/python3.7/site-packages/airflow/example_dags/tutorial.py
[2024-04-25T00:56:01.216+0000] {processor.py:768} INFO - DAG(s) dict_keys(['tutorial']) retrieved from /home/airflow/.local/lib/python3.7/site-packages/airflow/example_dags/tutorial.py
[2024-04-25T00:56:01.265+0000] {logging_mixin.py:117} INFO - [2024-04-25T00:56:01.265+0000] {dag.py:2573} INFO - Sync 1 DAGs
[2024-04-25T00:56:01.297+0000] {logging_mixin.py:117} INFO - [2024-04-25T00:56:01.296+0000] {dag.py:3328} INFO - Setting next_dagrun for tutorial to 2024-04-24T00:56:01.296667+00:00, run_after=2024-04-25T00:56:01.296667+00:00
[2024-04-25T00:56:01.323+0000] {processor.py:178} INFO - Processing /home/airflow/.local/lib/python3.7/site-packages/airflow/example_dags/tutorial.py took 0.127 seconds
[2024-04-25T00:56:32.926+0000] {processor.py:156} INFO - Started process (PID=1193) to work on /home/airflow/.local/lib/python3.7/site-packages/airflow/example_dags/tutorial.py
[2024-04-25T00:56:32.927+0000] {processor.py:758} INFO - Processing file /home/airflow/.local/lib/python3.7/site-packages/airflow/example_dags/tutorial.py for tasks to queue
[2024-04-25T00:56:32.927+0000] {logging_mixin.py:117} INFO - [2024-04-25T00:56:32.927+0000] {dagbag.py:525} INFO - Filling up the DagBag from /home/airflow/.local/lib/python3.7/site-packages/airflow/example_dags/tutorial.py
[2024-04-25T00:56:32.950+0000] {processor.py:768} INFO - DAG(s) dict_keys(['tutorial']) retrieved from /home/airflow/.local/lib/python3.7/site-packages/airflow/example_dags/tutorial.py
[2024-04-25T00:56:32.993+0000] {logging_mixin.py:117} INFO - [2024-04-25T00:56:32.993+0000] {dag.py:2573} INFO - Sync 1 DAGs
[2024-04-25T00:56:33.021+0000] {logging_mixin.py:117} INFO - [2024-04-25T00:56:33.020+0000] {dag.py:3328} INFO - Setting next_dagrun for tutorial to 2024-04-24T00:56:33.020542+00:00, run_after=2024-04-25T00:56:33.020542+00:00
[2024-04-25T00:56:33.046+0000] {processor.py:178} INFO - Processing /home/airflow/.local/lib/python3.7/site-packages/airflow/example_dags/tutorial.py took 0.124 seconds
[2024-04-25T00:57:04.739+0000] {processor.py:156} INFO - Started process (PID=1410) to work on /home/airflow/.local/lib/python3.7/site-packages/airflow/example_dags/tutorial.py
[2024-04-25T00:57:04.741+0000] {processor.py:758} INFO - Processing file /home/airflow/.local/lib/python3.7/site-packages/airflow/example_dags/tutorial.py for tasks to queue
[2024-04-25T00:57:04.742+0000] {logging_mixin.py:117} INFO - [2024-04-25T00:57:04.742+0000] {dagbag.py:525} INFO - Filling up the DagBag from /home/airflow/.local/lib/python3.7/site-packages/airflow/example_dags/tutorial.py
[2024-04-25T00:57:04.771+0000] {processor.py:768} INFO - DAG(s) dict_keys(['tutorial']) retrieved from /home/airflow/.local/lib/python3.7/site-packages/airflow/example_dags/tutorial.py
[2024-04-25T00:57:04.873+0000] {logging_mixin.py:117} INFO - [2024-04-25T00:57:04.873+0000] {dag.py:2573} INFO - Sync 1 DAGs
[2024-04-25T00:57:05.319+0000] {logging_mixin.py:117} INFO - [2024-04-25T00:57:05.319+0000] {dag.py:3328} INFO - Setting next_dagrun for tutorial to 2024-04-24T00:57:05.319085+00:00, run_after=2024-04-25T00:57:05.319085+00:00
[2024-04-25T00:57:05.388+0000] {processor.py:178} INFO - Processing /home/airflow/.local/lib/python3.7/site-packages/airflow/example_dags/tutorial.py took 0.652 seconds
[2024-04-25T00:57:35.843+0000] {processor.py:156} INFO - Started process (PID=1616) to work on /home/airflow/.local/lib/python3.7/site-packages/airflow/example_dags/tutorial.py
[2024-04-25T00:57:35.844+0000] {processor.py:758} INFO - Processing file /home/airflow/.local/lib/python3.7/site-packages/airflow/example_dags/tutorial.py for tasks to queue
[2024-04-25T00:57:35.844+0000] {logging_mixin.py:117} INFO - [2024-04-25T00:57:35.844+0000] {dagbag.py:525} INFO - Filling up the DagBag from /home/airflow/.local/lib/python3.7/site-packages/airflow/example_dags/tutorial.py
[2024-04-25T00:57:35.875+0000] {processor.py:768} INFO - DAG(s) dict_keys(['tutorial']) retrieved from /home/airflow/.local/lib/python3.7/site-packages/airflow/example_dags/tutorial.py
[2024-04-25T00:57:35.925+0000] {logging_mixin.py:117} INFO - [2024-04-25T00:57:35.924+0000] {dag.py:2573} INFO - Sync 1 DAGs
[2024-04-25T00:57:36.134+0000] {logging_mixin.py:117} INFO - [2024-04-25T00:57:36.134+0000] {dag.py:3328} INFO - Setting next_dagrun for tutorial to 2024-04-24T00:57:36.133778+00:00, run_after=2024-04-25T00:57:36.133778+00:00
[2024-04-25T00:57:36.170+0000] {processor.py:178} INFO - Processing /home/airflow/.local/lib/python3.7/site-packages/airflow/example_dags/tutorial.py took 0.342 seconds
[2024-04-25T00:58:06.447+0000] {processor.py:156} INFO - Started process (PID=1834) to work on /home/airflow/.local/lib/python3.7/site-packages/airflow/example_dags/tutorial.py
[2024-04-25T00:58:06.447+0000] {processor.py:758} INFO - Processing file /home/airflow/.local/lib/python3.7/site-packages/airflow/example_dags/tutorial.py for tasks to queue
[2024-04-25T00:58:06.448+0000] {logging_mixin.py:117} INFO - [2024-04-25T00:58:06.448+0000] {dagbag.py:525} INFO - Filling up the DagBag from /home/airflow/.local/lib/python3.7/site-packages/airflow/example_dags/tutorial.py
[2024-04-25T00:58:06.478+0000] {processor.py:768} INFO - DAG(s) dict_keys(['tutorial']) retrieved from /home/airflow/.local/lib/python3.7/site-packages/airflow/example_dags/tutorial.py
[2024-04-25T00:58:06.717+0000] {logging_mixin.py:117} INFO - [2024-04-25T00:58:06.717+0000] {dag.py:2573} INFO - Sync 1 DAGs
[2024-04-25T00:58:06.743+0000] {logging_mixin.py:117} INFO - [2024-04-25T00:58:06.743+0000] {dag.py:3328} INFO - Setting next_dagrun for tutorial to 2024-04-24T00:58:06.743076+00:00, run_after=2024-04-25T00:58:06.743076+00:00
[2024-04-25T00:58:06.774+0000] {processor.py:178} INFO - Processing /home/airflow/.local/lib/python3.7/site-packages/airflow/example_dags/tutorial.py took 0.331 seconds
[2024-04-25T00:58:36.872+0000] {processor.py:156} INFO - Started process (PID=2046) to work on /home/airflow/.local/lib/python3.7/site-packages/airflow/example_dags/tutorial.py
[2024-04-25T00:58:36.873+0000] {processor.py:758} INFO - Processing file /home/airflow/.local/lib/python3.7/site-packages/airflow/example_dags/tutorial.py for tasks to queue
[2024-04-25T00:58:36.873+0000] {logging_mixin.py:117} INFO - [2024-04-25T00:58:36.873+0000] {dagbag.py:525} INFO - Filling up the DagBag from /home/airflow/.local/lib/python3.7/site-packages/airflow/example_dags/tutorial.py
[2024-04-25T00:58:36.915+0000] {processor.py:768} INFO - DAG(s) dict_keys(['tutorial']) retrieved from /home/airflow/.local/lib/python3.7/site-packages/airflow/example_dags/tutorial.py
[2024-04-25T00:58:37.524+0000] {logging_mixin.py:117} INFO - [2024-04-25T00:58:37.523+0000] {dag.py:2573} INFO - Sync 1 DAGs
[2024-04-25T00:58:37.605+0000] {logging_mixin.py:117} INFO - [2024-04-25T00:58:37.605+0000] {dag.py:3328} INFO - Setting next_dagrun for tutorial to 2024-04-24T00:58:37.605408+00:00, run_after=2024-04-25T00:58:37.605408+00:00
[2024-04-25T00:58:37.653+0000] {processor.py:178} INFO - Processing /home/airflow/.local/lib/python3.7/site-packages/airflow/example_dags/tutorial.py took 0.785 seconds
[2024-04-25T00:59:07.886+0000] {processor.py:156} INFO - Started process (PID=2254) to work on /home/airflow/.local/lib/python3.7/site-packages/airflow/example_dags/tutorial.py
[2024-04-25T00:59:07.887+0000] {processor.py:758} INFO - Processing file /home/airflow/.local/lib/python3.7/site-packages/airflow/example_dags/tutorial.py for tasks to queue
[2024-04-25T00:59:07.888+0000] {logging_mixin.py:117} INFO - [2024-04-25T00:59:07.888+0000] {dagbag.py:525} INFO - Filling up the DagBag from /home/airflow/.local/lib/python3.7/site-packages/airflow/example_dags/tutorial.py
[2024-04-25T00:59:07.926+0000] {processor.py:768} INFO - DAG(s) dict_keys(['tutorial']) retrieved from /home/airflow/.local/lib/python3.7/site-packages/airflow/example_dags/tutorial.py
[2024-04-25T00:59:08.058+0000] {logging_mixin.py:117} INFO - [2024-04-25T00:59:08.058+0000] {dag.py:2573} INFO - Sync 1 DAGs
[2024-04-25T00:59:08.117+0000] {logging_mixin.py:117} INFO - [2024-04-25T00:59:08.117+0000] {dag.py:3328} INFO - Setting next_dagrun for tutorial to 2024-04-24T00:59:08.117318+00:00, run_after=2024-04-25T00:59:08.117318+00:00
[2024-04-25T00:59:08.285+0000] {processor.py:178} INFO - Processing /home/airflow/.local/lib/python3.7/site-packages/airflow/example_dags/tutorial.py took 0.403 seconds
[2024-04-25T00:59:40.634+0000] {processor.py:156} INFO - Started process (PID=2474) to work on /home/airflow/.local/lib/python3.7/site-packages/airflow/example_dags/tutorial.py
[2024-04-25T00:59:40.636+0000] {processor.py:758} INFO - Processing file /home/airflow/.local/lib/python3.7/site-packages/airflow/example_dags/tutorial.py for tasks to queue
[2024-04-25T00:59:40.637+0000] {logging_mixin.py:117} INFO - [2024-04-25T00:59:40.637+0000] {dagbag.py:525} INFO - Filling up the DagBag from /home/airflow/.local/lib/python3.7/site-packages/airflow/example_dags/tutorial.py
[2024-04-25T00:59:40.653+0000] {processor.py:768} INFO - DAG(s) dict_keys(['tutorial']) retrieved from /home/airflow/.local/lib/python3.7/site-packages/airflow/example_dags/tutorial.py
[2024-04-25T00:59:40.698+0000] {logging_mixin.py:117} INFO - [2024-04-25T00:59:40.698+0000] {dag.py:2573} INFO - Sync 1 DAGs
[2024-04-25T00:59:40.883+0000] {logging_mixin.py:117} INFO - [2024-04-25T00:59:40.883+0000] {dag.py:3328} INFO - Setting next_dagrun for tutorial to 2024-04-24T00:59:40.883422+00:00, run_after=2024-04-25T00:59:40.883422+00:00
[2024-04-25T00:59:40.905+0000] {processor.py:178} INFO - Processing /home/airflow/.local/lib/python3.7/site-packages/airflow/example_dags/tutorial.py took 0.274 seconds
[2024-04-25T01:00:12.500+0000] {processor.py:156} INFO - Started process (PID=2697) to work on /home/airflow/.local/lib/python3.7/site-packages/airflow/example_dags/tutorial.py
[2024-04-25T01:00:12.501+0000] {processor.py:758} INFO - Processing file /home/airflow/.local/lib/python3.7/site-packages/airflow/example_dags/tutorial.py for tasks to queue
[2024-04-25T01:00:12.501+0000] {logging_mixin.py:117} INFO - [2024-04-25T01:00:12.501+0000] {dagbag.py:525} INFO - Filling up the DagBag from /home/airflow/.local/lib/python3.7/site-packages/airflow/example_dags/tutorial.py
[2024-04-25T01:00:12.518+0000] {processor.py:768} INFO - DAG(s) dict_keys(['tutorial']) retrieved from /home/airflow/.local/lib/python3.7/site-packages/airflow/example_dags/tutorial.py
[2024-04-25T01:00:12.786+0000] {logging_mixin.py:117} INFO - [2024-04-25T01:00:12.785+0000] {dag.py:2573} INFO - Sync 1 DAGs
[2024-04-25T01:00:12.833+0000] {logging_mixin.py:117} INFO - [2024-04-25T01:00:12.833+0000] {dag.py:3328} INFO - Setting next_dagrun for tutorial to 2024-04-24T01:00:12.833285+00:00, run_after=2024-04-25T01:00:12.833285+00:00
[2024-04-25T01:00:12.869+0000] {processor.py:178} INFO - Processing /home/airflow/.local/lib/python3.7/site-packages/airflow/example_dags/tutorial.py took 0.372 seconds
[2024-04-25T01:00:43.216+0000] {processor.py:156} INFO - Started process (PID=2907) to work on /home/airflow/.local/lib/python3.7/site-packages/airflow/example_dags/tutorial.py
[2024-04-25T01:00:43.222+0000] {processor.py:758} INFO - Processing file /home/airflow/.local/lib/python3.7/site-packages/airflow/example_dags/tutorial.py for tasks to queue
[2024-04-25T01:00:43.223+0000] {logging_mixin.py:117} INFO - [2024-04-25T01:00:43.222+0000] {dagbag.py:525} INFO - Filling up the DagBag from /home/airflow/.local/lib/python3.7/site-packages/airflow/example_dags/tutorial.py
[2024-04-25T01:00:43.253+0000] {processor.py:768} INFO - DAG(s) dict_keys(['tutorial']) retrieved from /home/airflow/.local/lib/python3.7/site-packages/airflow/example_dags/tutorial.py
[2024-04-25T01:00:43.445+0000] {logging_mixin.py:117} INFO - [2024-04-25T01:00:43.445+0000] {dag.py:2573} INFO - Sync 1 DAGs
[2024-04-25T01:00:43.473+0000] {logging_mixin.py:117} INFO - [2024-04-25T01:00:43.473+0000] {dag.py:3328} INFO - Setting next_dagrun for tutorial to 2024-04-24T01:00:43.472987+00:00, run_after=2024-04-25T01:00:43.472987+00:00
[2024-04-25T01:00:43.503+0000] {processor.py:178} INFO - Processing /home/airflow/.local/lib/python3.7/site-packages/airflow/example_dags/tutorial.py took 0.290 seconds
[2024-04-25T01:01:14.337+0000] {processor.py:156} INFO - Started process (PID=3124) to work on /home/airflow/.local/lib/python3.7/site-packages/airflow/example_dags/tutorial.py
[2024-04-25T01:01:14.338+0000] {processor.py:758} INFO - Processing file /home/airflow/.local/lib/python3.7/site-packages/airflow/example_dags/tutorial.py for tasks to queue
[2024-04-25T01:01:14.338+0000] {logging_mixin.py:117} INFO - [2024-04-25T01:01:14.338+0000] {dagbag.py:525} INFO - Filling up the DagBag from /home/airflow/.local/lib/python3.7/site-packages/airflow/example_dags/tutorial.py
[2024-04-25T01:01:14.354+0000] {processor.py:768} INFO - DAG(s) dict_keys(['tutorial']) retrieved from /home/airflow/.local/lib/python3.7/site-packages/airflow/example_dags/tutorial.py
[2024-04-25T01:01:14.399+0000] {logging_mixin.py:117} INFO - [2024-04-25T01:01:14.398+0000] {dag.py:2573} INFO - Sync 1 DAGs
[2024-04-25T01:01:14.431+0000] {logging_mixin.py:117} INFO - [2024-04-25T01:01:14.431+0000] {dag.py:3328} INFO - Setting next_dagrun for tutorial to 2024-04-24T01:01:14.430777+00:00, run_after=2024-04-25T01:01:14.430777+00:00
[2024-04-25T01:01:14.664+0000] {processor.py:178} INFO - Processing /home/airflow/.local/lib/python3.7/site-packages/airflow/example_dags/tutorial.py took 0.331 seconds
[2024-04-25T01:01:45.312+0000] {processor.py:156} INFO - Started process (PID=3344) to work on /home/airflow/.local/lib/python3.7/site-packages/airflow/example_dags/tutorial.py
[2024-04-25T01:01:45.313+0000] {processor.py:758} INFO - Processing file /home/airflow/.local/lib/python3.7/site-packages/airflow/example_dags/tutorial.py for tasks to queue
[2024-04-25T01:01:45.314+0000] {logging_mixin.py:117} INFO - [2024-04-25T01:01:45.314+0000] {dagbag.py:525} INFO - Filling up the DagBag from /home/airflow/.local/lib/python3.7/site-packages/airflow/example_dags/tutorial.py
[2024-04-25T01:01:45.339+0000] {processor.py:768} INFO - DAG(s) dict_keys(['tutorial']) retrieved from /home/airflow/.local/lib/python3.7/site-packages/airflow/example_dags/tutorial.py
[2024-04-25T01:01:45.402+0000] {logging_mixin.py:117} INFO - [2024-04-25T01:01:45.402+0000] {dag.py:2573} INFO - Sync 1 DAGs
[2024-04-25T01:01:45.574+0000] {logging_mixin.py:117} INFO - [2024-04-25T01:01:45.573+0000] {dag.py:3328} INFO - Setting next_dagrun for tutorial to 2024-04-24T01:01:45.573719+00:00, run_after=2024-04-25T01:01:45.573719+00:00
[2024-04-25T01:01:45.598+0000] {processor.py:178} INFO - Processing /home/airflow/.local/lib/python3.7/site-packages/airflow/example_dags/tutorial.py took 0.289 seconds
[2024-04-25T01:02:19.046+0000] {processor.py:156} INFO - Started process (PID=3558) to work on /home/airflow/.local/lib/python3.7/site-packages/airflow/example_dags/tutorial.py
[2024-04-25T01:02:19.050+0000] {processor.py:758} INFO - Processing file /home/airflow/.local/lib/python3.7/site-packages/airflow/example_dags/tutorial.py for tasks to queue
[2024-04-25T01:02:19.050+0000] {logging_mixin.py:117} INFO - [2024-04-25T01:02:19.050+0000] {dagbag.py:525} INFO - Filling up the DagBag from /home/airflow/.local/lib/python3.7/site-packages/airflow/example_dags/tutorial.py
[2024-04-25T01:02:19.099+0000] {processor.py:768} INFO - DAG(s) dict_keys(['tutorial']) retrieved from /home/airflow/.local/lib/python3.7/site-packages/airflow/example_dags/tutorial.py
[2024-04-25T01:02:19.665+0000] {logging_mixin.py:117} INFO - [2024-04-25T01:02:19.665+0000] {dag.py:2573} INFO - Sync 1 DAGs
[2024-04-25T01:02:19.727+0000] {logging_mixin.py:117} INFO - [2024-04-25T01:02:19.727+0000] {dag.py:3328} INFO - Setting next_dagrun for tutorial to 2024-04-24T01:02:19.727334+00:00, run_after=2024-04-25T01:02:19.727334+00:00
[2024-04-25T01:02:19.766+0000] {processor.py:178} INFO - Processing /home/airflow/.local/lib/python3.7/site-packages/airflow/example_dags/tutorial.py took 0.746 seconds
[2024-04-25T01:02:50.204+0000] {processor.py:156} INFO - Started process (PID=3769) to work on /home/airflow/.local/lib/python3.7/site-packages/airflow/example_dags/tutorial.py
[2024-04-25T01:02:50.205+0000] {processor.py:758} INFO - Processing file /home/airflow/.local/lib/python3.7/site-packages/airflow/example_dags/tutorial.py for tasks to queue
[2024-04-25T01:02:50.205+0000] {logging_mixin.py:117} INFO - [2024-04-25T01:02:50.205+0000] {dagbag.py:525} INFO - Filling up the DagBag from /home/airflow/.local/lib/python3.7/site-packages/airflow/example_dags/tutorial.py
[2024-04-25T01:02:50.223+0000] {processor.py:768} INFO - DAG(s) dict_keys(['tutorial']) retrieved from /home/airflow/.local/lib/python3.7/site-packages/airflow/example_dags/tutorial.py
[2024-04-25T01:02:50.451+0000] {logging_mixin.py:117} INFO - [2024-04-25T01:02:50.451+0000] {dag.py:2573} INFO - Sync 1 DAGs
[2024-04-25T01:02:50.480+0000] {logging_mixin.py:117} INFO - [2024-04-25T01:02:50.480+0000] {dag.py:3328} INFO - Setting next_dagrun for tutorial to 2024-04-24T01:02:50.479909+00:00, run_after=2024-04-25T01:02:50.479909+00:00
[2024-04-25T01:02:50.559+0000] {processor.py:178} INFO - Processing /home/airflow/.local/lib/python3.7/site-packages/airflow/example_dags/tutorial.py took 0.358 seconds
[2024-04-25T01:03:21.177+0000] {processor.py:156} INFO - Started process (PID=3986) to work on /home/airflow/.local/lib/python3.7/site-packages/airflow/example_dags/tutorial.py
[2024-04-25T01:03:21.178+0000] {processor.py:758} INFO - Processing file /home/airflow/.local/lib/python3.7/site-packages/airflow/example_dags/tutorial.py for tasks to queue
[2024-04-25T01:03:21.179+0000] {logging_mixin.py:117} INFO - [2024-04-25T01:03:21.179+0000] {dagbag.py:525} INFO - Filling up the DagBag from /home/airflow/.local/lib/python3.7/site-packages/airflow/example_dags/tutorial.py
[2024-04-25T01:03:21.337+0000] {processor.py:768} INFO - DAG(s) dict_keys(['tutorial']) retrieved from /home/airflow/.local/lib/python3.7/site-packages/airflow/example_dags/tutorial.py
[2024-04-25T01:03:21.378+0000] {logging_mixin.py:117} INFO - [2024-04-25T01:03:21.378+0000] {dag.py:2573} INFO - Sync 1 DAGs
[2024-04-25T01:03:21.412+0000] {logging_mixin.py:117} INFO - [2024-04-25T01:03:21.412+0000] {dag.py:3328} INFO - Setting next_dagrun for tutorial to 2024-04-24T01:03:21.412219+00:00, run_after=2024-04-25T01:03:21.412219+00:00
[2024-04-25T01:03:21.437+0000] {processor.py:178} INFO - Processing /home/airflow/.local/lib/python3.7/site-packages/airflow/example_dags/tutorial.py took 0.263 seconds
[2024-04-25T01:03:52.271+0000] {processor.py:156} INFO - Started process (PID=4202) to work on /home/airflow/.local/lib/python3.7/site-packages/airflow/example_dags/tutorial.py
[2024-04-25T01:03:52.271+0000] {processor.py:758} INFO - Processing file /home/airflow/.local/lib/python3.7/site-packages/airflow/example_dags/tutorial.py for tasks to queue
[2024-04-25T01:03:52.282+0000] {logging_mixin.py:117} INFO - [2024-04-25T01:03:52.281+0000] {dagbag.py:525} INFO - Filling up the DagBag from /home/airflow/.local/lib/python3.7/site-packages/airflow/example_dags/tutorial.py
[2024-04-25T01:03:52.333+0000] {processor.py:768} INFO - DAG(s) dict_keys(['tutorial']) retrieved from /home/airflow/.local/lib/python3.7/site-packages/airflow/example_dags/tutorial.py
[2024-04-25T01:03:52.411+0000] {logging_mixin.py:117} INFO - [2024-04-25T01:03:52.411+0000] {dag.py:2573} INFO - Sync 1 DAGs
[2024-04-25T01:03:52.443+0000] {logging_mixin.py:117} INFO - [2024-04-25T01:03:52.442+0000] {dag.py:3328} INFO - Setting next_dagrun for tutorial to 2024-04-24T01:03:52.442586+00:00, run_after=2024-04-25T01:03:52.442586+00:00
[2024-04-25T01:03:52.486+0000] {processor.py:178} INFO - Processing /home/airflow/.local/lib/python3.7/site-packages/airflow/example_dags/tutorial.py took 0.227 seconds
[2024-04-25T01:04:22.934+0000] {processor.py:156} INFO - Started process (PID=4412) to work on /home/airflow/.local/lib/python3.7/site-packages/airflow/example_dags/tutorial.py
[2024-04-25T01:04:22.935+0000] {processor.py:758} INFO - Processing file /home/airflow/.local/lib/python3.7/site-packages/airflow/example_dags/tutorial.py for tasks to queue
[2024-04-25T01:04:22.936+0000] {logging_mixin.py:117} INFO - [2024-04-25T01:04:22.936+0000] {dagbag.py:525} INFO - Filling up the DagBag from /home/airflow/.local/lib/python3.7/site-packages/airflow/example_dags/tutorial.py
[2024-04-25T01:04:22.953+0000] {processor.py:768} INFO - DAG(s) dict_keys(['tutorial']) retrieved from /home/airflow/.local/lib/python3.7/site-packages/airflow/example_dags/tutorial.py
[2024-04-25T01:04:23.004+0000] {logging_mixin.py:117} INFO - [2024-04-25T01:04:23.004+0000] {dag.py:2573} INFO - Sync 1 DAGs
[2024-04-25T01:04:23.039+0000] {logging_mixin.py:117} INFO - [2024-04-25T01:04:23.039+0000] {dag.py:3328} INFO - Setting next_dagrun for tutorial to 2024-04-24T01:04:23.039379+00:00, run_after=2024-04-25T01:04:23.039379+00:00
[2024-04-25T01:04:23.065+0000] {processor.py:178} INFO - Processing /home/airflow/.local/lib/python3.7/site-packages/airflow/example_dags/tutorial.py took 0.134 seconds
[2024-04-25T01:04:53.587+0000] {processor.py:156} INFO - Started process (PID=4632) to work on /home/airflow/.local/lib/python3.7/site-packages/airflow/example_dags/tutorial.py
[2024-04-25T01:04:53.588+0000] {processor.py:758} INFO - Processing file /home/airflow/.local/lib/python3.7/site-packages/airflow/example_dags/tutorial.py for tasks to queue
[2024-04-25T01:04:53.589+0000] {logging_mixin.py:117} INFO - [2024-04-25T01:04:53.589+0000] {dagbag.py:525} INFO - Filling up the DagBag from /home/airflow/.local/lib/python3.7/site-packages/airflow/example_dags/tutorial.py
[2024-04-25T01:04:53.606+0000] {processor.py:768} INFO - DAG(s) dict_keys(['tutorial']) retrieved from /home/airflow/.local/lib/python3.7/site-packages/airflow/example_dags/tutorial.py
[2024-04-25T01:04:53.654+0000] {logging_mixin.py:117} INFO - [2024-04-25T01:04:53.653+0000] {dag.py:2573} INFO - Sync 1 DAGs
[2024-04-25T01:04:53.685+0000] {logging_mixin.py:117} INFO - [2024-04-25T01:04:53.684+0000] {dag.py:3328} INFO - Setting next_dagrun for tutorial to 2024-04-24T01:04:53.684635+00:00, run_after=2024-04-25T01:04:53.684635+00:00
[2024-04-25T01:04:53.713+0000] {processor.py:178} INFO - Processing /home/airflow/.local/lib/python3.7/site-packages/airflow/example_dags/tutorial.py took 0.129 seconds
[2024-04-25T01:05:23.867+0000] {processor.py:156} INFO - Started process (PID=4848) to work on /home/airflow/.local/lib/python3.7/site-packages/airflow/example_dags/tutorial.py
[2024-04-25T01:05:23.868+0000] {processor.py:758} INFO - Processing file /home/airflow/.local/lib/python3.7/site-packages/airflow/example_dags/tutorial.py for tasks to queue
[2024-04-25T01:05:23.869+0000] {logging_mixin.py:117} INFO - [2024-04-25T01:05:23.869+0000] {dagbag.py:525} INFO - Filling up the DagBag from /home/airflow/.local/lib/python3.7/site-packages/airflow/example_dags/tutorial.py
[2024-04-25T01:05:23.887+0000] {processor.py:768} INFO - DAG(s) dict_keys(['tutorial']) retrieved from /home/airflow/.local/lib/python3.7/site-packages/airflow/example_dags/tutorial.py
[2024-04-25T01:05:23.957+0000] {logging_mixin.py:117} INFO - [2024-04-25T01:05:23.957+0000] {dag.py:2573} INFO - Sync 1 DAGs
[2024-04-25T01:05:23.993+0000] {logging_mixin.py:117} INFO - [2024-04-25T01:05:23.993+0000] {dag.py:3328} INFO - Setting next_dagrun for tutorial to 2024-04-24T01:05:23.992871+00:00, run_after=2024-04-25T01:05:23.992871+00:00
[2024-04-25T01:05:24.029+0000] {processor.py:178} INFO - Processing /home/airflow/.local/lib/python3.7/site-packages/airflow/example_dags/tutorial.py took 0.165 seconds
[2024-04-25T01:05:54.173+0000] {processor.py:156} INFO - Started process (PID=5055) to work on /home/airflow/.local/lib/python3.7/site-packages/airflow/example_dags/tutorial.py
[2024-04-25T01:05:54.178+0000] {processor.py:758} INFO - Processing file /home/airflow/.local/lib/python3.7/site-packages/airflow/example_dags/tutorial.py for tasks to queue
[2024-04-25T01:05:54.179+0000] {logging_mixin.py:117} INFO - [2024-04-25T01:05:54.179+0000] {dagbag.py:525} INFO - Filling up the DagBag from /home/airflow/.local/lib/python3.7/site-packages/airflow/example_dags/tutorial.py
[2024-04-25T01:05:54.198+0000] {processor.py:768} INFO - DAG(s) dict_keys(['tutorial']) retrieved from /home/airflow/.local/lib/python3.7/site-packages/airflow/example_dags/tutorial.py
[2024-04-25T01:05:54.256+0000] {logging_mixin.py:117} INFO - [2024-04-25T01:05:54.256+0000] {dag.py:2573} INFO - Sync 1 DAGs
[2024-04-25T01:05:54.295+0000] {logging_mixin.py:117} INFO - [2024-04-25T01:05:54.295+0000] {dag.py:3328} INFO - Setting next_dagrun for tutorial to 2024-04-24T01:05:54.294773+00:00, run_after=2024-04-25T01:05:54.294773+00:00
[2024-04-25T01:05:54.321+0000] {processor.py:178} INFO - Processing /home/airflow/.local/lib/python3.7/site-packages/airflow/example_dags/tutorial.py took 0.151 seconds
[2024-04-25T01:06:24.798+0000] {processor.py:156} INFO - Started process (PID=5275) to work on /home/airflow/.local/lib/python3.7/site-packages/airflow/example_dags/tutorial.py
[2024-04-25T01:06:24.799+0000] {processor.py:758} INFO - Processing file /home/airflow/.local/lib/python3.7/site-packages/airflow/example_dags/tutorial.py for tasks to queue
[2024-04-25T01:06:24.800+0000] {logging_mixin.py:117} INFO - [2024-04-25T01:06:24.800+0000] {dagbag.py:525} INFO - Filling up the DagBag from /home/airflow/.local/lib/python3.7/site-packages/airflow/example_dags/tutorial.py
[2024-04-25T01:06:24.817+0000] {processor.py:768} INFO - DAG(s) dict_keys(['tutorial']) retrieved from /home/airflow/.local/lib/python3.7/site-packages/airflow/example_dags/tutorial.py
[2024-04-25T01:06:24.867+0000] {logging_mixin.py:117} INFO - [2024-04-25T01:06:24.866+0000] {dag.py:2573} INFO - Sync 1 DAGs
[2024-04-25T01:06:24.899+0000] {logging_mixin.py:117} INFO - [2024-04-25T01:06:24.899+0000] {dag.py:3328} INFO - Setting next_dagrun for tutorial to 2024-04-24T01:06:24.899504+00:00, run_after=2024-04-25T01:06:24.899504+00:00
[2024-04-25T01:06:24.925+0000] {processor.py:178} INFO - Processing /home/airflow/.local/lib/python3.7/site-packages/airflow/example_dags/tutorial.py took 0.134 seconds
[2024-04-25T01:06:55.354+0000] {processor.py:156} INFO - Started process (PID=5483) to work on /home/airflow/.local/lib/python3.7/site-packages/airflow/example_dags/tutorial.py
[2024-04-25T01:06:55.355+0000] {processor.py:758} INFO - Processing file /home/airflow/.local/lib/python3.7/site-packages/airflow/example_dags/tutorial.py for tasks to queue
[2024-04-25T01:06:55.356+0000] {logging_mixin.py:117} INFO - [2024-04-25T01:06:55.355+0000] {dagbag.py:525} INFO - Filling up the DagBag from /home/airflow/.local/lib/python3.7/site-packages/airflow/example_dags/tutorial.py
[2024-04-25T01:06:55.374+0000] {processor.py:768} INFO - DAG(s) dict_keys(['tutorial']) retrieved from /home/airflow/.local/lib/python3.7/site-packages/airflow/example_dags/tutorial.py
[2024-04-25T01:06:55.449+0000] {logging_mixin.py:117} INFO - [2024-04-25T01:06:55.449+0000] {dag.py:2573} INFO - Sync 1 DAGs
[2024-04-25T01:06:55.506+0000] {logging_mixin.py:117} INFO - [2024-04-25T01:06:55.506+0000] {dag.py:3328} INFO - Setting next_dagrun for tutorial to 2024-04-24T01:06:55.506088+00:00, run_after=2024-04-25T01:06:55.506088+00:00
[2024-04-25T01:06:55.562+0000] {processor.py:178} INFO - Processing /home/airflow/.local/lib/python3.7/site-packages/airflow/example_dags/tutorial.py took 0.211 seconds
[2024-04-25T01:07:25.610+0000] {processor.py:156} INFO - Started process (PID=5699) to work on /home/airflow/.local/lib/python3.7/site-packages/airflow/example_dags/tutorial.py
[2024-04-25T01:07:25.610+0000] {processor.py:758} INFO - Processing file /home/airflow/.local/lib/python3.7/site-packages/airflow/example_dags/tutorial.py for tasks to queue
[2024-04-25T01:07:25.611+0000] {logging_mixin.py:117} INFO - [2024-04-25T01:07:25.611+0000] {dagbag.py:525} INFO - Filling up the DagBag from /home/airflow/.local/lib/python3.7/site-packages/airflow/example_dags/tutorial.py
[2024-04-25T01:07:25.623+0000] {processor.py:768} INFO - DAG(s) dict_keys(['tutorial']) retrieved from /home/airflow/.local/lib/python3.7/site-packages/airflow/example_dags/tutorial.py
[2024-04-25T01:07:25.656+0000] {logging_mixin.py:117} INFO - [2024-04-25T01:07:25.656+0000] {dag.py:2573} INFO - Sync 1 DAGs
[2024-04-25T01:07:25.676+0000] {logging_mixin.py:117} INFO - [2024-04-25T01:07:25.676+0000] {dag.py:3328} INFO - Setting next_dagrun for tutorial to 2024-04-24T01:07:25.676107+00:00, run_after=2024-04-25T01:07:25.676107+00:00
[2024-04-25T01:07:25.696+0000] {processor.py:178} INFO - Processing /home/airflow/.local/lib/python3.7/site-packages/airflow/example_dags/tutorial.py took 0.089 seconds
[2024-04-25T01:07:56.240+0000] {processor.py:156} INFO - Started process (PID=5922) to work on /home/airflow/.local/lib/python3.7/site-packages/airflow/example_dags/tutorial.py
[2024-04-25T01:07:56.241+0000] {processor.py:758} INFO - Processing file /home/airflow/.local/lib/python3.7/site-packages/airflow/example_dags/tutorial.py for tasks to queue
[2024-04-25T01:07:56.242+0000] {logging_mixin.py:117} INFO - [2024-04-25T01:07:56.242+0000] {dagbag.py:525} INFO - Filling up the DagBag from /home/airflow/.local/lib/python3.7/site-packages/airflow/example_dags/tutorial.py
[2024-04-25T01:07:56.262+0000] {processor.py:768} INFO - DAG(s) dict_keys(['tutorial']) retrieved from /home/airflow/.local/lib/python3.7/site-packages/airflow/example_dags/tutorial.py
[2024-04-25T01:07:56.309+0000] {logging_mixin.py:117} INFO - [2024-04-25T01:07:56.309+0000] {dag.py:2573} INFO - Sync 1 DAGs
[2024-04-25T01:07:56.336+0000] {logging_mixin.py:117} INFO - [2024-04-25T01:07:56.336+0000] {dag.py:3328} INFO - Setting next_dagrun for tutorial to 2024-04-24T01:07:56.335922+00:00, run_after=2024-04-25T01:07:56.335922+00:00
[2024-04-25T01:07:56.361+0000] {processor.py:178} INFO - Processing /home/airflow/.local/lib/python3.7/site-packages/airflow/example_dags/tutorial.py took 0.124 seconds
[2024-04-25T01:08:27.006+0000] {processor.py:156} INFO - Started process (PID=6132) to work on /home/airflow/.local/lib/python3.7/site-packages/airflow/example_dags/tutorial.py
[2024-04-25T01:08:27.007+0000] {processor.py:758} INFO - Processing file /home/airflow/.local/lib/python3.7/site-packages/airflow/example_dags/tutorial.py for tasks to queue
[2024-04-25T01:08:27.008+0000] {logging_mixin.py:117} INFO - [2024-04-25T01:08:27.008+0000] {dagbag.py:525} INFO - Filling up the DagBag from /home/airflow/.local/lib/python3.7/site-packages/airflow/example_dags/tutorial.py
[2024-04-25T01:08:27.024+0000] {processor.py:768} INFO - DAG(s) dict_keys(['tutorial']) retrieved from /home/airflow/.local/lib/python3.7/site-packages/airflow/example_dags/tutorial.py
[2024-04-25T01:08:27.073+0000] {logging_mixin.py:117} INFO - [2024-04-25T01:08:27.073+0000] {dag.py:2573} INFO - Sync 1 DAGs
[2024-04-25T01:08:27.104+0000] {logging_mixin.py:117} INFO - [2024-04-25T01:08:27.104+0000] {dag.py:3328} INFO - Setting next_dagrun for tutorial to 2024-04-24T01:08:27.103775+00:00, run_after=2024-04-25T01:08:27.103775+00:00
[2024-04-25T01:08:27.130+0000] {processor.py:178} INFO - Processing /home/airflow/.local/lib/python3.7/site-packages/airflow/example_dags/tutorial.py took 0.127 seconds
[2024-04-25T01:08:57.483+0000] {processor.py:156} INFO - Started process (PID=6350) to work on /home/airflow/.local/lib/python3.7/site-packages/airflow/example_dags/tutorial.py
[2024-04-25T01:08:57.484+0000] {processor.py:758} INFO - Processing file /home/airflow/.local/lib/python3.7/site-packages/airflow/example_dags/tutorial.py for tasks to queue
[2024-04-25T01:08:57.485+0000] {logging_mixin.py:117} INFO - [2024-04-25T01:08:57.485+0000] {dagbag.py:525} INFO - Filling up the DagBag from /home/airflow/.local/lib/python3.7/site-packages/airflow/example_dags/tutorial.py
[2024-04-25T01:08:57.501+0000] {processor.py:768} INFO - DAG(s) dict_keys(['tutorial']) retrieved from /home/airflow/.local/lib/python3.7/site-packages/airflow/example_dags/tutorial.py
[2024-04-25T01:08:57.540+0000] {logging_mixin.py:117} INFO - [2024-04-25T01:08:57.539+0000] {dag.py:2573} INFO - Sync 1 DAGs
[2024-04-25T01:08:57.560+0000] {logging_mixin.py:117} INFO - [2024-04-25T01:08:57.560+0000] {dag.py:3328} INFO - Setting next_dagrun for tutorial to 2024-04-24T01:08:57.560299+00:00, run_after=2024-04-25T01:08:57.560299+00:00
[2024-04-25T01:08:57.582+0000] {processor.py:178} INFO - Processing /home/airflow/.local/lib/python3.7/site-packages/airflow/example_dags/tutorial.py took 0.103 seconds
[2024-04-25T01:09:27.819+0000] {processor.py:156} INFO - Started process (PID=6569) to work on /home/airflow/.local/lib/python3.7/site-packages/airflow/example_dags/tutorial.py
[2024-04-25T01:09:27.819+0000] {processor.py:758} INFO - Processing file /home/airflow/.local/lib/python3.7/site-packages/airflow/example_dags/tutorial.py for tasks to queue
[2024-04-25T01:09:27.820+0000] {logging_mixin.py:117} INFO - [2024-04-25T01:09:27.820+0000] {dagbag.py:525} INFO - Filling up the DagBag from /home/airflow/.local/lib/python3.7/site-packages/airflow/example_dags/tutorial.py
[2024-04-25T01:09:27.832+0000] {processor.py:768} INFO - DAG(s) dict_keys(['tutorial']) retrieved from /home/airflow/.local/lib/python3.7/site-packages/airflow/example_dags/tutorial.py
[2024-04-25T01:09:27.865+0000] {logging_mixin.py:117} INFO - [2024-04-25T01:09:27.865+0000] {dag.py:2573} INFO - Sync 1 DAGs
[2024-04-25T01:09:27.886+0000] {logging_mixin.py:117} INFO - [2024-04-25T01:09:27.886+0000] {dag.py:3328} INFO - Setting next_dagrun for tutorial to 2024-04-24T01:09:27.886372+00:00, run_after=2024-04-25T01:09:27.886372+00:00
[2024-04-25T01:09:27.910+0000] {processor.py:178} INFO - Processing /home/airflow/.local/lib/python3.7/site-packages/airflow/example_dags/tutorial.py took 0.094 seconds
[2024-04-25T01:09:58.706+0000] {processor.py:156} INFO - Started process (PID=6777) to work on /home/airflow/.local/lib/python3.7/site-packages/airflow/example_dags/tutorial.py
[2024-04-25T01:09:58.707+0000] {processor.py:758} INFO - Processing file /home/airflow/.local/lib/python3.7/site-packages/airflow/example_dags/tutorial.py for tasks to queue
[2024-04-25T01:09:58.708+0000] {logging_mixin.py:117} INFO - [2024-04-25T01:09:58.707+0000] {dagbag.py:525} INFO - Filling up the DagBag from /home/airflow/.local/lib/python3.7/site-packages/airflow/example_dags/tutorial.py
[2024-04-25T01:09:58.724+0000] {processor.py:768} INFO - DAG(s) dict_keys(['tutorial']) retrieved from /home/airflow/.local/lib/python3.7/site-packages/airflow/example_dags/tutorial.py
[2024-04-25T01:09:58.773+0000] {logging_mixin.py:117} INFO - [2024-04-25T01:09:58.773+0000] {dag.py:2573} INFO - Sync 1 DAGs
[2024-04-25T01:09:58.799+0000] {logging_mixin.py:117} INFO - [2024-04-25T01:09:58.799+0000] {dag.py:3328} INFO - Setting next_dagrun for tutorial to 2024-04-24T01:09:58.799251+00:00, run_after=2024-04-25T01:09:58.799251+00:00
[2024-04-25T01:09:58.821+0000] {processor.py:178} INFO - Processing /home/airflow/.local/lib/python3.7/site-packages/airflow/example_dags/tutorial.py took 0.121 seconds
[2024-04-25T01:10:29.115+0000] {processor.py:156} INFO - Started process (PID=6999) to work on /home/airflow/.local/lib/python3.7/site-packages/airflow/example_dags/tutorial.py
[2024-04-25T01:10:29.116+0000] {processor.py:758} INFO - Processing file /home/airflow/.local/lib/python3.7/site-packages/airflow/example_dags/tutorial.py for tasks to queue
[2024-04-25T01:10:29.116+0000] {logging_mixin.py:117} INFO - [2024-04-25T01:10:29.116+0000] {dagbag.py:525} INFO - Filling up the DagBag from /home/airflow/.local/lib/python3.7/site-packages/airflow/example_dags/tutorial.py
[2024-04-25T01:10:29.128+0000] {processor.py:768} INFO - DAG(s) dict_keys(['tutorial']) retrieved from /home/airflow/.local/lib/python3.7/site-packages/airflow/example_dags/tutorial.py
[2024-04-25T01:10:29.162+0000] {logging_mixin.py:117} INFO - [2024-04-25T01:10:29.162+0000] {dag.py:2573} INFO - Sync 1 DAGs
[2024-04-25T01:10:29.190+0000] {logging_mixin.py:117} INFO - [2024-04-25T01:10:29.189+0000] {dag.py:3328} INFO - Setting next_dagrun for tutorial to 2024-04-24T01:10:29.189657+00:00, run_after=2024-04-25T01:10:29.189657+00:00
[2024-04-25T01:10:29.217+0000] {processor.py:178} INFO - Processing /home/airflow/.local/lib/python3.7/site-packages/airflow/example_dags/tutorial.py took 0.104 seconds
[2024-04-25T01:11:00.134+0000] {processor.py:156} INFO - Started process (PID=7217) to work on /home/airflow/.local/lib/python3.7/site-packages/airflow/example_dags/tutorial.py
[2024-04-25T01:11:00.135+0000] {processor.py:758} INFO - Processing file /home/airflow/.local/lib/python3.7/site-packages/airflow/example_dags/tutorial.py for tasks to queue
[2024-04-25T01:11:00.136+0000] {logging_mixin.py:117} INFO - [2024-04-25T01:11:00.136+0000] {dagbag.py:525} INFO - Filling up the DagBag from /home/airflow/.local/lib/python3.7/site-packages/airflow/example_dags/tutorial.py
[2024-04-25T01:11:00.151+0000] {processor.py:768} INFO - DAG(s) dict_keys(['tutorial']) retrieved from /home/airflow/.local/lib/python3.7/site-packages/airflow/example_dags/tutorial.py
[2024-04-25T01:11:00.191+0000] {logging_mixin.py:117} INFO - [2024-04-25T01:11:00.190+0000] {dag.py:2573} INFO - Sync 1 DAGs
[2024-04-25T01:11:00.210+0000] {logging_mixin.py:117} INFO - [2024-04-25T01:11:00.210+0000] {dag.py:3328} INFO - Setting next_dagrun for tutorial to 2024-04-24T01:11:00.210107+00:00, run_after=2024-04-25T01:11:00.210107+00:00
[2024-04-25T01:11:00.231+0000] {processor.py:178} INFO - Processing /home/airflow/.local/lib/python3.7/site-packages/airflow/example_dags/tutorial.py took 0.100 seconds
[2024-04-25T01:11:30.456+0000] {processor.py:156} INFO - Started process (PID=7429) to work on /home/airflow/.local/lib/python3.7/site-packages/airflow/example_dags/tutorial.py
[2024-04-25T01:11:30.457+0000] {processor.py:758} INFO - Processing file /home/airflow/.local/lib/python3.7/site-packages/airflow/example_dags/tutorial.py for tasks to queue
[2024-04-25T01:11:30.457+0000] {logging_mixin.py:117} INFO - [2024-04-25T01:11:30.457+0000] {dagbag.py:525} INFO - Filling up the DagBag from /home/airflow/.local/lib/python3.7/site-packages/airflow/example_dags/tutorial.py
[2024-04-25T01:11:30.470+0000] {processor.py:768} INFO - DAG(s) dict_keys(['tutorial']) retrieved from /home/airflow/.local/lib/python3.7/site-packages/airflow/example_dags/tutorial.py
[2024-04-25T01:11:30.504+0000] {logging_mixin.py:117} INFO - [2024-04-25T01:11:30.504+0000] {dag.py:2573} INFO - Sync 1 DAGs
[2024-04-25T01:11:30.524+0000] {logging_mixin.py:117} INFO - [2024-04-25T01:11:30.524+0000] {dag.py:3328} INFO - Setting next_dagrun for tutorial to 2024-04-24T01:11:30.524609+00:00, run_after=2024-04-25T01:11:30.524609+00:00
[2024-04-25T01:11:30.550+0000] {processor.py:178} INFO - Processing /home/airflow/.local/lib/python3.7/site-packages/airflow/example_dags/tutorial.py took 0.097 seconds
[2024-04-25T01:12:00.831+0000] {processor.py:156} INFO - Started process (PID=7646) to work on /home/airflow/.local/lib/python3.7/site-packages/airflow/example_dags/tutorial.py
[2024-04-25T01:12:00.833+0000] {processor.py:758} INFO - Processing file /home/airflow/.local/lib/python3.7/site-packages/airflow/example_dags/tutorial.py for tasks to queue
[2024-04-25T01:12:00.835+0000] {logging_mixin.py:117} INFO - [2024-04-25T01:12:00.835+0000] {dagbag.py:525} INFO - Filling up the DagBag from /home/airflow/.local/lib/python3.7/site-packages/airflow/example_dags/tutorial.py
[2024-04-25T01:12:00.858+0000] {processor.py:768} INFO - DAG(s) dict_keys(['tutorial']) retrieved from /home/airflow/.local/lib/python3.7/site-packages/airflow/example_dags/tutorial.py
[2024-04-25T01:12:00.901+0000] {logging_mixin.py:117} INFO - [2024-04-25T01:12:00.901+0000] {dag.py:2573} INFO - Sync 1 DAGs
[2024-04-25T01:12:00.921+0000] {logging_mixin.py:117} INFO - [2024-04-25T01:12:00.921+0000] {dag.py:3328} INFO - Setting next_dagrun for tutorial to 2024-04-24T01:12:00.920885+00:00, run_after=2024-04-25T01:12:00.920885+00:00
[2024-04-25T01:12:00.941+0000] {processor.py:178} INFO - Processing /home/airflow/.local/lib/python3.7/site-packages/airflow/example_dags/tutorial.py took 0.119 seconds
[2024-04-25T01:12:32.215+0000] {processor.py:156} INFO - Started process (PID=7865) to work on /home/airflow/.local/lib/python3.7/site-packages/airflow/example_dags/tutorial.py
[2024-04-25T01:12:32.217+0000] {processor.py:758} INFO - Processing file /home/airflow/.local/lib/python3.7/site-packages/airflow/example_dags/tutorial.py for tasks to queue
[2024-04-25T01:12:32.218+0000] {logging_mixin.py:117} INFO - [2024-04-25T01:12:32.218+0000] {dagbag.py:525} INFO - Filling up the DagBag from /home/airflow/.local/lib/python3.7/site-packages/airflow/example_dags/tutorial.py
[2024-04-25T01:12:32.237+0000] {processor.py:768} INFO - DAG(s) dict_keys(['tutorial']) retrieved from /home/airflow/.local/lib/python3.7/site-packages/airflow/example_dags/tutorial.py
[2024-04-25T01:12:32.284+0000] {logging_mixin.py:117} INFO - [2024-04-25T01:12:32.284+0000] {dag.py:2573} INFO - Sync 1 DAGs
[2024-04-25T01:12:32.317+0000] {logging_mixin.py:117} INFO - [2024-04-25T01:12:32.317+0000] {dag.py:3328} INFO - Setting next_dagrun for tutorial to 2024-04-24T01:12:32.316960+00:00, run_after=2024-04-25T01:12:32.316960+00:00
[2024-04-25T01:12:32.344+0000] {processor.py:178} INFO - Processing /home/airflow/.local/lib/python3.7/site-packages/airflow/example_dags/tutorial.py took 0.132 seconds
[2024-04-25T01:13:03.228+0000] {processor.py:156} INFO - Started process (PID=8075) to work on /home/airflow/.local/lib/python3.7/site-packages/airflow/example_dags/tutorial.py
[2024-04-25T01:13:03.230+0000] {processor.py:758} INFO - Processing file /home/airflow/.local/lib/python3.7/site-packages/airflow/example_dags/tutorial.py for tasks to queue
[2024-04-25T01:13:03.231+0000] {logging_mixin.py:117} INFO - [2024-04-25T01:13:03.231+0000] {dagbag.py:525} INFO - Filling up the DagBag from /home/airflow/.local/lib/python3.7/site-packages/airflow/example_dags/tutorial.py
[2024-04-25T01:13:03.250+0000] {processor.py:768} INFO - DAG(s) dict_keys(['tutorial']) retrieved from /home/airflow/.local/lib/python3.7/site-packages/airflow/example_dags/tutorial.py
[2024-04-25T01:13:03.298+0000] {logging_mixin.py:117} INFO - [2024-04-25T01:13:03.298+0000] {dag.py:2573} INFO - Sync 1 DAGs
[2024-04-25T01:13:03.329+0000] {logging_mixin.py:117} INFO - [2024-04-25T01:13:03.329+0000] {dag.py:3328} INFO - Setting next_dagrun for tutorial to 2024-04-24T01:13:03.329315+00:00, run_after=2024-04-25T01:13:03.329315+00:00
[2024-04-25T01:13:03.358+0000] {processor.py:178} INFO - Processing /home/airflow/.local/lib/python3.7/site-packages/airflow/example_dags/tutorial.py took 0.134 seconds
[2024-04-25T01:13:33.439+0000] {processor.py:156} INFO - Started process (PID=8290) to work on /home/airflow/.local/lib/python3.7/site-packages/airflow/example_dags/tutorial.py
[2024-04-25T01:13:33.440+0000] {processor.py:758} INFO - Processing file /home/airflow/.local/lib/python3.7/site-packages/airflow/example_dags/tutorial.py for tasks to queue
[2024-04-25T01:13:33.441+0000] {logging_mixin.py:117} INFO - [2024-04-25T01:13:33.441+0000] {dagbag.py:525} INFO - Filling up the DagBag from /home/airflow/.local/lib/python3.7/site-packages/airflow/example_dags/tutorial.py
[2024-04-25T01:13:33.458+0000] {processor.py:768} INFO - DAG(s) dict_keys(['tutorial']) retrieved from /home/airflow/.local/lib/python3.7/site-packages/airflow/example_dags/tutorial.py
[2024-04-25T01:13:33.521+0000] {logging_mixin.py:117} INFO - [2024-04-25T01:13:33.521+0000] {dag.py:2573} INFO - Sync 1 DAGs
[2024-04-25T01:13:33.554+0000] {logging_mixin.py:117} INFO - [2024-04-25T01:13:33.553+0000] {dag.py:3328} INFO - Setting next_dagrun for tutorial to 2024-04-24T01:13:33.553576+00:00, run_after=2024-04-25T01:13:33.553576+00:00
[2024-04-25T01:13:33.582+0000] {processor.py:178} INFO - Processing /home/airflow/.local/lib/python3.7/site-packages/airflow/example_dags/tutorial.py took 0.148 seconds
[2024-04-25T01:14:05.169+0000] {processor.py:156} INFO - Started process (PID=8508) to work on /home/airflow/.local/lib/python3.7/site-packages/airflow/example_dags/tutorial.py
[2024-04-25T01:14:05.169+0000] {processor.py:758} INFO - Processing file /home/airflow/.local/lib/python3.7/site-packages/airflow/example_dags/tutorial.py for tasks to queue
[2024-04-25T01:14:05.170+0000] {logging_mixin.py:117} INFO - [2024-04-25T01:14:05.170+0000] {dagbag.py:525} INFO - Filling up the DagBag from /home/airflow/.local/lib/python3.7/site-packages/airflow/example_dags/tutorial.py
[2024-04-25T01:14:05.183+0000] {processor.py:768} INFO - DAG(s) dict_keys(['tutorial']) retrieved from /home/airflow/.local/lib/python3.7/site-packages/airflow/example_dags/tutorial.py
[2024-04-25T01:14:05.217+0000] {logging_mixin.py:117} INFO - [2024-04-25T01:14:05.217+0000] {dag.py:2573} INFO - Sync 1 DAGs
[2024-04-25T01:14:05.237+0000] {logging_mixin.py:117} INFO - [2024-04-25T01:14:05.237+0000] {dag.py:3328} INFO - Setting next_dagrun for tutorial to 2024-04-24T01:14:05.237410+00:00, run_after=2024-04-25T01:14:05.237410+00:00
[2024-04-25T01:14:05.259+0000] {processor.py:178} INFO - Processing /home/airflow/.local/lib/python3.7/site-packages/airflow/example_dags/tutorial.py took 0.093 seconds
[2024-04-25T01:14:36.377+0000] {processor.py:156} INFO - Started process (PID=8714) to work on /home/airflow/.local/lib/python3.7/site-packages/airflow/example_dags/tutorial.py
[2024-04-25T01:14:36.386+0000] {processor.py:758} INFO - Processing file /home/airflow/.local/lib/python3.7/site-packages/airflow/example_dags/tutorial.py for tasks to queue
[2024-04-25T01:14:36.387+0000] {logging_mixin.py:117} INFO - [2024-04-25T01:14:36.386+0000] {dagbag.py:525} INFO - Filling up the DagBag from /home/airflow/.local/lib/python3.7/site-packages/airflow/example_dags/tutorial.py
[2024-04-25T01:14:36.424+0000] {processor.py:768} INFO - DAG(s) dict_keys(['tutorial']) retrieved from /home/airflow/.local/lib/python3.7/site-packages/airflow/example_dags/tutorial.py
[2024-04-25T01:14:36.544+0000] {logging_mixin.py:117} INFO - [2024-04-25T01:14:36.544+0000] {dag.py:2573} INFO - Sync 1 DAGs
[2024-04-25T01:14:36.583+0000] {logging_mixin.py:117} INFO - [2024-04-25T01:14:36.583+0000] {dag.py:3328} INFO - Setting next_dagrun for tutorial to 2024-04-24T01:14:36.582817+00:00, run_after=2024-04-25T01:14:36.582817+00:00
[2024-04-25T01:14:36.619+0000] {processor.py:178} INFO - Processing /home/airflow/.local/lib/python3.7/site-packages/airflow/example_dags/tutorial.py took 0.245 seconds
[2024-04-25T01:15:07.337+0000] {processor.py:156} INFO - Started process (PID=8934) to work on /home/airflow/.local/lib/python3.7/site-packages/airflow/example_dags/tutorial.py
[2024-04-25T01:15:07.338+0000] {processor.py:758} INFO - Processing file /home/airflow/.local/lib/python3.7/site-packages/airflow/example_dags/tutorial.py for tasks to queue
[2024-04-25T01:15:07.339+0000] {logging_mixin.py:117} INFO - [2024-04-25T01:15:07.339+0000] {dagbag.py:525} INFO - Filling up the DagBag from /home/airflow/.local/lib/python3.7/site-packages/airflow/example_dags/tutorial.py
[2024-04-25T01:15:07.351+0000] {processor.py:768} INFO - DAG(s) dict_keys(['tutorial']) retrieved from /home/airflow/.local/lib/python3.7/site-packages/airflow/example_dags/tutorial.py
[2024-04-25T01:15:07.384+0000] {logging_mixin.py:117} INFO - [2024-04-25T01:15:07.384+0000] {dag.py:2573} INFO - Sync 1 DAGs
[2024-04-25T01:15:07.403+0000] {logging_mixin.py:117} INFO - [2024-04-25T01:15:07.403+0000] {dag.py:3328} INFO - Setting next_dagrun for tutorial to 2024-04-24T01:15:07.403676+00:00, run_after=2024-04-25T01:15:07.403676+00:00
[2024-04-25T01:15:07.424+0000] {processor.py:178} INFO - Processing /home/airflow/.local/lib/python3.7/site-packages/airflow/example_dags/tutorial.py took 0.089 seconds
[2024-04-25T01:15:37.976+0000] {processor.py:156} INFO - Started process (PID=9153) to work on /home/airflow/.local/lib/python3.7/site-packages/airflow/example_dags/tutorial.py
[2024-04-25T01:15:37.977+0000] {processor.py:758} INFO - Processing file /home/airflow/.local/lib/python3.7/site-packages/airflow/example_dags/tutorial.py for tasks to queue
[2024-04-25T01:15:37.978+0000] {logging_mixin.py:117} INFO - [2024-04-25T01:15:37.978+0000] {dagbag.py:525} INFO - Filling up the DagBag from /home/airflow/.local/lib/python3.7/site-packages/airflow/example_dags/tutorial.py
[2024-04-25T01:15:37.995+0000] {processor.py:768} INFO - DAG(s) dict_keys(['tutorial']) retrieved from /home/airflow/.local/lib/python3.7/site-packages/airflow/example_dags/tutorial.py
[2024-04-25T01:15:38.044+0000] {logging_mixin.py:117} INFO - [2024-04-25T01:15:38.044+0000] {dag.py:2573} INFO - Sync 1 DAGs
[2024-04-25T01:15:38.080+0000] {logging_mixin.py:117} INFO - [2024-04-25T01:15:38.080+0000] {dag.py:3328} INFO - Setting next_dagrun for tutorial to 2024-04-24T01:15:38.079541+00:00, run_after=2024-04-25T01:15:38.079541+00:00
[2024-04-25T01:15:38.120+0000] {processor.py:178} INFO - Processing /home/airflow/.local/lib/python3.7/site-packages/airflow/example_dags/tutorial.py took 0.146 seconds
[2024-04-25T01:16:08.274+0000] {processor.py:156} INFO - Started process (PID=9369) to work on /home/airflow/.local/lib/python3.7/site-packages/airflow/example_dags/tutorial.py
[2024-04-25T01:16:08.275+0000] {processor.py:758} INFO - Processing file /home/airflow/.local/lib/python3.7/site-packages/airflow/example_dags/tutorial.py for tasks to queue
[2024-04-25T01:16:08.276+0000] {logging_mixin.py:117} INFO - [2024-04-25T01:16:08.275+0000] {dagbag.py:525} INFO - Filling up the DagBag from /home/airflow/.local/lib/python3.7/site-packages/airflow/example_dags/tutorial.py
[2024-04-25T01:16:08.298+0000] {processor.py:768} INFO - DAG(s) dict_keys(['tutorial']) retrieved from /home/airflow/.local/lib/python3.7/site-packages/airflow/example_dags/tutorial.py
[2024-04-25T01:16:08.414+0000] {logging_mixin.py:117} INFO - [2024-04-25T01:16:08.414+0000] {dag.py:2573} INFO - Sync 1 DAGs
[2024-04-25T01:16:08.502+0000] {logging_mixin.py:117} INFO - [2024-04-25T01:16:08.502+0000] {dag.py:3328} INFO - Setting next_dagrun for tutorial to 2024-04-24T01:16:08.501988+00:00, run_after=2024-04-25T01:16:08.501988+00:00
[2024-04-25T01:16:08.571+0000] {processor.py:178} INFO - Processing /home/airflow/.local/lib/python3.7/site-packages/airflow/example_dags/tutorial.py took 0.304 seconds
[2024-04-25T01:16:39.432+0000] {processor.py:156} INFO - Started process (PID=9579) to work on /home/airflow/.local/lib/python3.7/site-packages/airflow/example_dags/tutorial.py
[2024-04-25T01:16:39.433+0000] {processor.py:758} INFO - Processing file /home/airflow/.local/lib/python3.7/site-packages/airflow/example_dags/tutorial.py for tasks to queue
[2024-04-25T01:16:39.434+0000] {logging_mixin.py:117} INFO - [2024-04-25T01:16:39.434+0000] {dagbag.py:525} INFO - Filling up the DagBag from /home/airflow/.local/lib/python3.7/site-packages/airflow/example_dags/tutorial.py
[2024-04-25T01:16:39.453+0000] {processor.py:768} INFO - DAG(s) dict_keys(['tutorial']) retrieved from /home/airflow/.local/lib/python3.7/site-packages/airflow/example_dags/tutorial.py
[2024-04-25T01:16:39.519+0000] {logging_mixin.py:117} INFO - [2024-04-25T01:16:39.519+0000] {dag.py:2573} INFO - Sync 1 DAGs
[2024-04-25T01:16:39.564+0000] {logging_mixin.py:117} INFO - [2024-04-25T01:16:39.564+0000] {dag.py:3328} INFO - Setting next_dagrun for tutorial to 2024-04-24T01:16:39.563844+00:00, run_after=2024-04-25T01:16:39.563844+00:00
[2024-04-25T01:16:39.594+0000] {processor.py:178} INFO - Processing /home/airflow/.local/lib/python3.7/site-packages/airflow/example_dags/tutorial.py took 0.165 seconds
[2024-04-25T01:17:10.365+0000] {processor.py:156} INFO - Started process (PID=9797) to work on /home/airflow/.local/lib/python3.7/site-packages/airflow/example_dags/tutorial.py
[2024-04-25T01:17:10.367+0000] {processor.py:758} INFO - Processing file /home/airflow/.local/lib/python3.7/site-packages/airflow/example_dags/tutorial.py for tasks to queue
[2024-04-25T01:17:10.368+0000] {logging_mixin.py:117} INFO - [2024-04-25T01:17:10.368+0000] {dagbag.py:525} INFO - Filling up the DagBag from /home/airflow/.local/lib/python3.7/site-packages/airflow/example_dags/tutorial.py
[2024-04-25T01:17:10.397+0000] {processor.py:768} INFO - DAG(s) dict_keys(['tutorial']) retrieved from /home/airflow/.local/lib/python3.7/site-packages/airflow/example_dags/tutorial.py
[2024-04-25T01:17:10.462+0000] {logging_mixin.py:117} INFO - [2024-04-25T01:17:10.462+0000] {dag.py:2573} INFO - Sync 1 DAGs
[2024-04-25T01:17:10.494+0000] {logging_mixin.py:117} INFO - [2024-04-25T01:17:10.494+0000] {dag.py:3328} INFO - Setting next_dagrun for tutorial to 2024-04-24T01:17:10.494126+00:00, run_after=2024-04-25T01:17:10.494126+00:00
[2024-04-25T01:17:10.522+0000] {processor.py:178} INFO - Processing /home/airflow/.local/lib/python3.7/site-packages/airflow/example_dags/tutorial.py took 0.160 seconds
[2024-04-25T01:17:40.680+0000] {processor.py:156} INFO - Started process (PID=10005) to work on /home/airflow/.local/lib/python3.7/site-packages/airflow/example_dags/tutorial.py
[2024-04-25T01:17:40.681+0000] {processor.py:758} INFO - Processing file /home/airflow/.local/lib/python3.7/site-packages/airflow/example_dags/tutorial.py for tasks to queue
[2024-04-25T01:17:40.681+0000] {logging_mixin.py:117} INFO - [2024-04-25T01:17:40.681+0000] {dagbag.py:525} INFO - Filling up the DagBag from /home/airflow/.local/lib/python3.7/site-packages/airflow/example_dags/tutorial.py
[2024-04-25T01:17:40.699+0000] {processor.py:768} INFO - DAG(s) dict_keys(['tutorial']) retrieved from /home/airflow/.local/lib/python3.7/site-packages/airflow/example_dags/tutorial.py
[2024-04-25T01:17:40.752+0000] {logging_mixin.py:117} INFO - [2024-04-25T01:17:40.752+0000] {dag.py:2573} INFO - Sync 1 DAGs
[2024-04-25T01:17:40.789+0000] {logging_mixin.py:117} INFO - [2024-04-25T01:17:40.789+0000] {dag.py:3328} INFO - Setting next_dagrun for tutorial to 2024-04-24T01:17:40.789169+00:00, run_after=2024-04-25T01:17:40.789169+00:00
[2024-04-25T01:17:40.817+0000] {processor.py:178} INFO - Processing /home/airflow/.local/lib/python3.7/site-packages/airflow/example_dags/tutorial.py took 0.141 seconds
[2024-04-25T01:18:11.210+0000] {processor.py:156} INFO - Started process (PID=10224) to work on /home/airflow/.local/lib/python3.7/site-packages/airflow/example_dags/tutorial.py
[2024-04-25T01:18:11.210+0000] {processor.py:758} INFO - Processing file /home/airflow/.local/lib/python3.7/site-packages/airflow/example_dags/tutorial.py for tasks to queue
[2024-04-25T01:18:11.211+0000] {logging_mixin.py:117} INFO - [2024-04-25T01:18:11.211+0000] {dagbag.py:525} INFO - Filling up the DagBag from /home/airflow/.local/lib/python3.7/site-packages/airflow/example_dags/tutorial.py
[2024-04-25T01:18:11.229+0000] {processor.py:768} INFO - DAG(s) dict_keys(['tutorial']) retrieved from /home/airflow/.local/lib/python3.7/site-packages/airflow/example_dags/tutorial.py
[2024-04-25T01:18:11.280+0000] {logging_mixin.py:117} INFO - [2024-04-25T01:18:11.280+0000] {dag.py:2573} INFO - Sync 1 DAGs
[2024-04-25T01:18:11.311+0000] {logging_mixin.py:117} INFO - [2024-04-25T01:18:11.311+0000] {dag.py:3328} INFO - Setting next_dagrun for tutorial to 2024-04-24T01:18:11.311049+00:00, run_after=2024-04-25T01:18:11.311049+00:00
[2024-04-25T01:18:11.336+0000] {processor.py:178} INFO - Processing /home/airflow/.local/lib/python3.7/site-packages/airflow/example_dags/tutorial.py took 0.135 seconds
[2024-04-25T01:18:41.665+0000] {processor.py:156} INFO - Started process (PID=10440) to work on /home/airflow/.local/lib/python3.7/site-packages/airflow/example_dags/tutorial.py
[2024-04-25T01:18:41.667+0000] {processor.py:758} INFO - Processing file /home/airflow/.local/lib/python3.7/site-packages/airflow/example_dags/tutorial.py for tasks to queue
[2024-04-25T01:18:41.668+0000] {logging_mixin.py:117} INFO - [2024-04-25T01:18:41.668+0000] {dagbag.py:525} INFO - Filling up the DagBag from /home/airflow/.local/lib/python3.7/site-packages/airflow/example_dags/tutorial.py
[2024-04-25T01:18:41.685+0000] {processor.py:768} INFO - DAG(s) dict_keys(['tutorial']) retrieved from /home/airflow/.local/lib/python3.7/site-packages/airflow/example_dags/tutorial.py
[2024-04-25T01:18:41.748+0000] {logging_mixin.py:117} INFO - [2024-04-25T01:18:41.747+0000] {dag.py:2573} INFO - Sync 1 DAGs
[2024-04-25T01:18:41.782+0000] {logging_mixin.py:117} INFO - [2024-04-25T01:18:41.782+0000] {dag.py:3328} INFO - Setting next_dagrun for tutorial to 2024-04-24T01:18:41.782017+00:00, run_after=2024-04-25T01:18:41.782017+00:00
[2024-04-25T01:18:41.812+0000] {processor.py:178} INFO - Processing /home/airflow/.local/lib/python3.7/site-packages/airflow/example_dags/tutorial.py took 0.150 seconds
[2024-04-25T01:19:12.211+0000] {processor.py:156} INFO - Started process (PID=10650) to work on /home/airflow/.local/lib/python3.7/site-packages/airflow/example_dags/tutorial.py
[2024-04-25T01:19:12.212+0000] {processor.py:758} INFO - Processing file /home/airflow/.local/lib/python3.7/site-packages/airflow/example_dags/tutorial.py for tasks to queue
[2024-04-25T01:19:12.213+0000] {logging_mixin.py:117} INFO - [2024-04-25T01:19:12.213+0000] {dagbag.py:525} INFO - Filling up the DagBag from /home/airflow/.local/lib/python3.7/site-packages/airflow/example_dags/tutorial.py
[2024-04-25T01:19:12.230+0000] {processor.py:768} INFO - DAG(s) dict_keys(['tutorial']) retrieved from /home/airflow/.local/lib/python3.7/site-packages/airflow/example_dags/tutorial.py
[2024-04-25T01:19:12.290+0000] {logging_mixin.py:117} INFO - [2024-04-25T01:19:12.289+0000] {dag.py:2573} INFO - Sync 1 DAGs
[2024-04-25T01:19:12.345+0000] {logging_mixin.py:117} INFO - [2024-04-25T01:19:12.345+0000] {dag.py:3328} INFO - Setting next_dagrun for tutorial to 2024-04-24T01:19:12.345399+00:00, run_after=2024-04-25T01:19:12.345399+00:00
[2024-04-25T01:19:12.394+0000] {processor.py:178} INFO - Processing /home/airflow/.local/lib/python3.7/site-packages/airflow/example_dags/tutorial.py took 0.187 seconds
[2024-04-25T01:19:43.264+0000] {processor.py:156} INFO - Started process (PID=10870) to work on /home/airflow/.local/lib/python3.7/site-packages/airflow/example_dags/tutorial.py
[2024-04-25T01:19:43.265+0000] {processor.py:758} INFO - Processing file /home/airflow/.local/lib/python3.7/site-packages/airflow/example_dags/tutorial.py for tasks to queue
[2024-04-25T01:19:43.266+0000] {logging_mixin.py:117} INFO - [2024-04-25T01:19:43.265+0000] {dagbag.py:525} INFO - Filling up the DagBag from /home/airflow/.local/lib/python3.7/site-packages/airflow/example_dags/tutorial.py
[2024-04-25T01:19:43.284+0000] {processor.py:768} INFO - DAG(s) dict_keys(['tutorial']) retrieved from /home/airflow/.local/lib/python3.7/site-packages/airflow/example_dags/tutorial.py
[2024-04-25T01:19:43.381+0000] {logging_mixin.py:117} INFO - [2024-04-25T01:19:43.381+0000] {dag.py:2573} INFO - Sync 1 DAGs
[2024-04-25T01:19:43.414+0000] {logging_mixin.py:117} INFO - [2024-04-25T01:19:43.414+0000] {dag.py:3328} INFO - Setting next_dagrun for tutorial to 2024-04-24T01:19:43.413953+00:00, run_after=2024-04-25T01:19:43.413953+00:00
[2024-04-25T01:19:43.446+0000] {processor.py:178} INFO - Processing /home/airflow/.local/lib/python3.7/site-packages/airflow/example_dags/tutorial.py took 0.185 seconds
[2024-04-25T01:20:15.345+0000] {processor.py:156} INFO - Started process (PID=11086) to work on /home/airflow/.local/lib/python3.7/site-packages/airflow/example_dags/tutorial.py
[2024-04-25T01:20:15.346+0000] {processor.py:758} INFO - Processing file /home/airflow/.local/lib/python3.7/site-packages/airflow/example_dags/tutorial.py for tasks to queue
[2024-04-25T01:20:15.348+0000] {logging_mixin.py:117} INFO - [2024-04-25T01:20:15.347+0000] {dagbag.py:525} INFO - Filling up the DagBag from /home/airflow/.local/lib/python3.7/site-packages/airflow/example_dags/tutorial.py
[2024-04-25T01:20:15.366+0000] {processor.py:768} INFO - DAG(s) dict_keys(['tutorial']) retrieved from /home/airflow/.local/lib/python3.7/site-packages/airflow/example_dags/tutorial.py
[2024-04-25T01:20:15.413+0000] {logging_mixin.py:117} INFO - [2024-04-25T01:20:15.413+0000] {dag.py:2573} INFO - Sync 1 DAGs
[2024-04-25T01:20:15.442+0000] {logging_mixin.py:117} INFO - [2024-04-25T01:20:15.442+0000] {dag.py:3328} INFO - Setting next_dagrun for tutorial to 2024-04-24T01:20:15.441874+00:00, run_after=2024-04-25T01:20:15.441874+00:00
[2024-04-25T01:20:15.468+0000] {processor.py:178} INFO - Processing /home/airflow/.local/lib/python3.7/site-packages/airflow/example_dags/tutorial.py took 0.125 seconds
[2024-04-25T01:20:46.754+0000] {processor.py:156} INFO - Started process (PID=11305) to work on /home/airflow/.local/lib/python3.7/site-packages/airflow/example_dags/tutorial.py
[2024-04-25T01:20:46.755+0000] {processor.py:758} INFO - Processing file /home/airflow/.local/lib/python3.7/site-packages/airflow/example_dags/tutorial.py for tasks to queue
[2024-04-25T01:20:46.756+0000] {logging_mixin.py:117} INFO - [2024-04-25T01:20:46.756+0000] {dagbag.py:525} INFO - Filling up the DagBag from /home/airflow/.local/lib/python3.7/site-packages/airflow/example_dags/tutorial.py
[2024-04-25T01:20:46.790+0000] {processor.py:768} INFO - DAG(s) dict_keys(['tutorial']) retrieved from /home/airflow/.local/lib/python3.7/site-packages/airflow/example_dags/tutorial.py
[2024-04-25T01:20:46.867+0000] {logging_mixin.py:117} INFO - [2024-04-25T01:20:46.867+0000] {dag.py:2573} INFO - Sync 1 DAGs
[2024-04-25T01:20:46.923+0000] {logging_mixin.py:117} INFO - [2024-04-25T01:20:46.922+0000] {dag.py:3328} INFO - Setting next_dagrun for tutorial to 2024-04-24T01:20:46.922658+00:00, run_after=2024-04-25T01:20:46.922658+00:00
[2024-04-25T01:20:46.961+0000] {processor.py:178} INFO - Processing /home/airflow/.local/lib/python3.7/site-packages/airflow/example_dags/tutorial.py took 0.211 seconds
[2024-04-25T01:21:17.692+0000] {processor.py:156} INFO - Started process (PID=11517) to work on /home/airflow/.local/lib/python3.7/site-packages/airflow/example_dags/tutorial.py
[2024-04-25T01:21:17.693+0000] {processor.py:758} INFO - Processing file /home/airflow/.local/lib/python3.7/site-packages/airflow/example_dags/tutorial.py for tasks to queue
[2024-04-25T01:21:17.693+0000] {logging_mixin.py:117} INFO - [2024-04-25T01:21:17.693+0000] {dagbag.py:525} INFO - Filling up the DagBag from /home/airflow/.local/lib/python3.7/site-packages/airflow/example_dags/tutorial.py
[2024-04-25T01:21:17.707+0000] {processor.py:768} INFO - DAG(s) dict_keys(['tutorial']) retrieved from /home/airflow/.local/lib/python3.7/site-packages/airflow/example_dags/tutorial.py
[2024-04-25T01:21:17.745+0000] {logging_mixin.py:117} INFO - [2024-04-25T01:21:17.745+0000] {dag.py:2573} INFO - Sync 1 DAGs
[2024-04-25T01:21:17.765+0000] {logging_mixin.py:117} INFO - [2024-04-25T01:21:17.765+0000] {dag.py:3328} INFO - Setting next_dagrun for tutorial to 2024-04-24T01:21:17.765173+00:00, run_after=2024-04-25T01:21:17.765173+00:00
[2024-04-25T01:21:17.786+0000] {processor.py:178} INFO - Processing /home/airflow/.local/lib/python3.7/site-packages/airflow/example_dags/tutorial.py took 0.097 seconds
[2024-04-25T01:21:47.981+0000] {processor.py:156} INFO - Started process (PID=11736) to work on /home/airflow/.local/lib/python3.7/site-packages/airflow/example_dags/tutorial.py
[2024-04-25T01:21:47.983+0000] {processor.py:758} INFO - Processing file /home/airflow/.local/lib/python3.7/site-packages/airflow/example_dags/tutorial.py for tasks to queue
[2024-04-25T01:21:47.984+0000] {logging_mixin.py:117} INFO - [2024-04-25T01:21:47.984+0000] {dagbag.py:525} INFO - Filling up the DagBag from /home/airflow/.local/lib/python3.7/site-packages/airflow/example_dags/tutorial.py
[2024-04-25T01:21:48.002+0000] {processor.py:768} INFO - DAG(s) dict_keys(['tutorial']) retrieved from /home/airflow/.local/lib/python3.7/site-packages/airflow/example_dags/tutorial.py
[2024-04-25T01:21:48.061+0000] {logging_mixin.py:117} INFO - [2024-04-25T01:21:48.061+0000] {dag.py:2573} INFO - Sync 1 DAGs
[2024-04-25T01:21:48.095+0000] {logging_mixin.py:117} INFO - [2024-04-25T01:21:48.095+0000] {dag.py:3328} INFO - Setting next_dagrun for tutorial to 2024-04-24T01:21:48.095556+00:00, run_after=2024-04-25T01:21:48.095556+00:00
[2024-04-25T01:21:48.121+0000] {processor.py:178} INFO - Processing /home/airflow/.local/lib/python3.7/site-packages/airflow/example_dags/tutorial.py took 0.144 seconds
[2024-04-25T01:22:18.860+0000] {processor.py:156} INFO - Started process (PID=11949) to work on /home/airflow/.local/lib/python3.7/site-packages/airflow/example_dags/tutorial.py
[2024-04-25T01:22:18.869+0000] {processor.py:758} INFO - Processing file /home/airflow/.local/lib/python3.7/site-packages/airflow/example_dags/tutorial.py for tasks to queue
[2024-04-25T01:22:18.870+0000] {logging_mixin.py:117} INFO - [2024-04-25T01:22:18.870+0000] {dagbag.py:525} INFO - Filling up the DagBag from /home/airflow/.local/lib/python3.7/site-packages/airflow/example_dags/tutorial.py
[2024-04-25T01:22:18.896+0000] {processor.py:768} INFO - DAG(s) dict_keys(['tutorial']) retrieved from /home/airflow/.local/lib/python3.7/site-packages/airflow/example_dags/tutorial.py
[2024-04-25T01:22:18.960+0000] {logging_mixin.py:117} INFO - [2024-04-25T01:22:18.960+0000] {dag.py:2573} INFO - Sync 1 DAGs
[2024-04-25T01:22:18.993+0000] {logging_mixin.py:117} INFO - [2024-04-25T01:22:18.993+0000] {dag.py:3328} INFO - Setting next_dagrun for tutorial to 2024-04-24T01:22:18.992889+00:00, run_after=2024-04-25T01:22:18.992889+00:00
[2024-04-25T01:22:19.023+0000] {processor.py:178} INFO - Processing /home/airflow/.local/lib/python3.7/site-packages/airflow/example_dags/tutorial.py took 0.165 seconds
[2024-04-25T01:22:49.469+0000] {processor.py:156} INFO - Started process (PID=12159) to work on /home/airflow/.local/lib/python3.7/site-packages/airflow/example_dags/tutorial.py
[2024-04-25T01:22:49.469+0000] {processor.py:758} INFO - Processing file /home/airflow/.local/lib/python3.7/site-packages/airflow/example_dags/tutorial.py for tasks to queue
[2024-04-25T01:22:49.470+0000] {logging_mixin.py:117} INFO - [2024-04-25T01:22:49.470+0000] {dagbag.py:525} INFO - Filling up the DagBag from /home/airflow/.local/lib/python3.7/site-packages/airflow/example_dags/tutorial.py
[2024-04-25T01:22:49.487+0000] {processor.py:768} INFO - DAG(s) dict_keys(['tutorial']) retrieved from /home/airflow/.local/lib/python3.7/site-packages/airflow/example_dags/tutorial.py
[2024-04-25T01:22:49.533+0000] {logging_mixin.py:117} INFO - [2024-04-25T01:22:49.533+0000] {dag.py:2573} INFO - Sync 1 DAGs
[2024-04-25T01:22:49.564+0000] {logging_mixin.py:117} INFO - [2024-04-25T01:22:49.564+0000] {dag.py:3328} INFO - Setting next_dagrun for tutorial to 2024-04-24T01:22:49.563970+00:00, run_after=2024-04-25T01:22:49.563970+00:00
[2024-04-25T01:22:49.598+0000] {processor.py:178} INFO - Processing /home/airflow/.local/lib/python3.7/site-packages/airflow/example_dags/tutorial.py took 0.133 seconds
[2024-04-25T01:23:21.192+0000] {processor.py:156} INFO - Started process (PID=12377) to work on /home/airflow/.local/lib/python3.7/site-packages/airflow/example_dags/tutorial.py
[2024-04-25T01:23:21.193+0000] {processor.py:758} INFO - Processing file /home/airflow/.local/lib/python3.7/site-packages/airflow/example_dags/tutorial.py for tasks to queue
[2024-04-25T01:23:21.194+0000] {logging_mixin.py:117} INFO - [2024-04-25T01:23:21.194+0000] {dagbag.py:525} INFO - Filling up the DagBag from /home/airflow/.local/lib/python3.7/site-packages/airflow/example_dags/tutorial.py
[2024-04-25T01:23:21.228+0000] {processor.py:768} INFO - DAG(s) dict_keys(['tutorial']) retrieved from /home/airflow/.local/lib/python3.7/site-packages/airflow/example_dags/tutorial.py
[2024-04-25T01:23:21.339+0000] {logging_mixin.py:117} INFO - [2024-04-25T01:23:21.339+0000] {dag.py:2573} INFO - Sync 1 DAGs
[2024-04-25T01:23:21.386+0000] {logging_mixin.py:117} INFO - [2024-04-25T01:23:21.386+0000] {dag.py:3328} INFO - Setting next_dagrun for tutorial to 2024-04-24T01:23:21.385993+00:00, run_after=2024-04-25T01:23:21.385993+00:00
[2024-04-25T01:23:21.436+0000] {processor.py:178} INFO - Processing /home/airflow/.local/lib/python3.7/site-packages/airflow/example_dags/tutorial.py took 0.247 seconds
[2024-04-25T01:23:52.387+0000] {processor.py:156} INFO - Started process (PID=12598) to work on /home/airflow/.local/lib/python3.7/site-packages/airflow/example_dags/tutorial.py
[2024-04-25T01:23:52.388+0000] {processor.py:758} INFO - Processing file /home/airflow/.local/lib/python3.7/site-packages/airflow/example_dags/tutorial.py for tasks to queue
[2024-04-25T01:23:52.389+0000] {logging_mixin.py:117} INFO - [2024-04-25T01:23:52.389+0000] {dagbag.py:525} INFO - Filling up the DagBag from /home/airflow/.local/lib/python3.7/site-packages/airflow/example_dags/tutorial.py
[2024-04-25T01:23:52.420+0000] {processor.py:768} INFO - DAG(s) dict_keys(['tutorial']) retrieved from /home/airflow/.local/lib/python3.7/site-packages/airflow/example_dags/tutorial.py
[2024-04-25T01:23:52.468+0000] {logging_mixin.py:117} INFO - [2024-04-25T01:23:52.467+0000] {dag.py:2573} INFO - Sync 1 DAGs
[2024-04-25T01:23:52.500+0000] {logging_mixin.py:117} INFO - [2024-04-25T01:23:52.500+0000] {dag.py:3328} INFO - Setting next_dagrun for tutorial to 2024-04-24T01:23:52.500458+00:00, run_after=2024-04-25T01:23:52.500458+00:00
[2024-04-25T01:23:52.527+0000] {processor.py:178} INFO - Processing /home/airflow/.local/lib/python3.7/site-packages/airflow/example_dags/tutorial.py took 0.143 seconds
[2024-04-25T01:24:23.161+0000] {processor.py:156} INFO - Started process (PID=12806) to work on /home/airflow/.local/lib/python3.7/site-packages/airflow/example_dags/tutorial.py
[2024-04-25T01:24:23.162+0000] {processor.py:758} INFO - Processing file /home/airflow/.local/lib/python3.7/site-packages/airflow/example_dags/tutorial.py for tasks to queue
[2024-04-25T01:24:23.163+0000] {logging_mixin.py:117} INFO - [2024-04-25T01:24:23.163+0000] {dagbag.py:525} INFO - Filling up the DagBag from /home/airflow/.local/lib/python3.7/site-packages/airflow/example_dags/tutorial.py
[2024-04-25T01:24:23.176+0000] {processor.py:768} INFO - DAG(s) dict_keys(['tutorial']) retrieved from /home/airflow/.local/lib/python3.7/site-packages/airflow/example_dags/tutorial.py
[2024-04-25T01:24:23.211+0000] {logging_mixin.py:117} INFO - [2024-04-25T01:24:23.211+0000] {dag.py:2573} INFO - Sync 1 DAGs
[2024-04-25T01:24:23.231+0000] {logging_mixin.py:117} INFO - [2024-04-25T01:24:23.230+0000] {dag.py:3328} INFO - Setting next_dagrun for tutorial to 2024-04-24T01:24:23.230785+00:00, run_after=2024-04-25T01:24:23.230785+00:00
[2024-04-25T01:24:23.251+0000] {processor.py:178} INFO - Processing /home/airflow/.local/lib/python3.7/site-packages/airflow/example_dags/tutorial.py took 0.092 seconds
[2024-04-25T01:24:53.695+0000] {processor.py:156} INFO - Started process (PID=13024) to work on /home/airflow/.local/lib/python3.7/site-packages/airflow/example_dags/tutorial.py
[2024-04-25T01:24:53.696+0000] {processor.py:758} INFO - Processing file /home/airflow/.local/lib/python3.7/site-packages/airflow/example_dags/tutorial.py for tasks to queue
[2024-04-25T01:24:53.697+0000] {logging_mixin.py:117} INFO - [2024-04-25T01:24:53.697+0000] {dagbag.py:525} INFO - Filling up the DagBag from /home/airflow/.local/lib/python3.7/site-packages/airflow/example_dags/tutorial.py
[2024-04-25T01:24:53.723+0000] {processor.py:768} INFO - DAG(s) dict_keys(['tutorial']) retrieved from /home/airflow/.local/lib/python3.7/site-packages/airflow/example_dags/tutorial.py
[2024-04-25T01:24:53.770+0000] {logging_mixin.py:117} INFO - [2024-04-25T01:24:53.770+0000] {dag.py:2573} INFO - Sync 1 DAGs
[2024-04-25T01:24:53.802+0000] {logging_mixin.py:117} INFO - [2024-04-25T01:24:53.802+0000] {dag.py:3328} INFO - Setting next_dagrun for tutorial to 2024-04-24T01:24:53.801865+00:00, run_after=2024-04-25T01:24:53.801865+00:00
[2024-04-25T01:24:53.828+0000] {processor.py:178} INFO - Processing /home/airflow/.local/lib/python3.7/site-packages/airflow/example_dags/tutorial.py took 0.135 seconds
[2024-04-25T01:25:24.916+0000] {processor.py:156} INFO - Started process (PID=13239) to work on /home/airflow/.local/lib/python3.7/site-packages/airflow/example_dags/tutorial.py
[2024-04-25T01:25:24.917+0000] {processor.py:758} INFO - Processing file /home/airflow/.local/lib/python3.7/site-packages/airflow/example_dags/tutorial.py for tasks to queue
[2024-04-25T01:25:24.921+0000] {logging_mixin.py:117} INFO - [2024-04-25T01:25:24.921+0000] {dagbag.py:525} INFO - Filling up the DagBag from /home/airflow/.local/lib/python3.7/site-packages/airflow/example_dags/tutorial.py
[2024-04-25T01:25:24.954+0000] {processor.py:768} INFO - DAG(s) dict_keys(['tutorial']) retrieved from /home/airflow/.local/lib/python3.7/site-packages/airflow/example_dags/tutorial.py
[2024-04-25T01:25:25.034+0000] {logging_mixin.py:117} INFO - [2024-04-25T01:25:25.033+0000] {dag.py:2573} INFO - Sync 1 DAGs
[2024-04-25T01:25:25.073+0000] {logging_mixin.py:117} INFO - [2024-04-25T01:25:25.072+0000] {dag.py:3328} INFO - Setting next_dagrun for tutorial to 2024-04-24T01:25:25.072624+00:00, run_after=2024-04-25T01:25:25.072624+00:00
[2024-04-25T01:25:25.108+0000] {processor.py:178} INFO - Processing /home/airflow/.local/lib/python3.7/site-packages/airflow/example_dags/tutorial.py took 0.195 seconds
[2024-04-25T01:25:55.814+0000] {processor.py:156} INFO - Started process (PID=13448) to work on /home/airflow/.local/lib/python3.7/site-packages/airflow/example_dags/tutorial.py
[2024-04-25T01:25:55.815+0000] {processor.py:758} INFO - Processing file /home/airflow/.local/lib/python3.7/site-packages/airflow/example_dags/tutorial.py for tasks to queue
[2024-04-25T01:25:55.816+0000] {logging_mixin.py:117} INFO - [2024-04-25T01:25:55.816+0000] {dagbag.py:525} INFO - Filling up the DagBag from /home/airflow/.local/lib/python3.7/site-packages/airflow/example_dags/tutorial.py
[2024-04-25T01:25:55.892+0000] {processor.py:768} INFO - DAG(s) dict_keys(['tutorial']) retrieved from /home/airflow/.local/lib/python3.7/site-packages/airflow/example_dags/tutorial.py
[2024-04-25T01:25:55.992+0000] {logging_mixin.py:117} INFO - [2024-04-25T01:25:55.990+0000] {dag.py:2573} INFO - Sync 1 DAGs
[2024-04-25T01:25:56.032+0000] {logging_mixin.py:117} INFO - [2024-04-25T01:25:56.031+0000] {dag.py:3328} INFO - Setting next_dagrun for tutorial to 2024-04-24T01:25:56.031560+00:00, run_after=2024-04-25T01:25:56.031560+00:00
[2024-04-25T01:25:56.106+0000] {processor.py:178} INFO - Processing /home/airflow/.local/lib/python3.7/site-packages/airflow/example_dags/tutorial.py took 0.295 seconds
[2024-04-25T01:26:26.815+0000] {processor.py:156} INFO - Started process (PID=13666) to work on /home/airflow/.local/lib/python3.7/site-packages/airflow/example_dags/tutorial.py
[2024-04-25T01:26:26.816+0000] {processor.py:758} INFO - Processing file /home/airflow/.local/lib/python3.7/site-packages/airflow/example_dags/tutorial.py for tasks to queue
[2024-04-25T01:26:26.817+0000] {logging_mixin.py:117} INFO - [2024-04-25T01:26:26.817+0000] {dagbag.py:525} INFO - Filling up the DagBag from /home/airflow/.local/lib/python3.7/site-packages/airflow/example_dags/tutorial.py
[2024-04-25T01:26:26.834+0000] {processor.py:768} INFO - DAG(s) dict_keys(['tutorial']) retrieved from /home/airflow/.local/lib/python3.7/site-packages/airflow/example_dags/tutorial.py
[2024-04-25T01:26:26.884+0000] {logging_mixin.py:117} INFO - [2024-04-25T01:26:26.883+0000] {dag.py:2573} INFO - Sync 1 DAGs
[2024-04-25T01:26:26.915+0000] {logging_mixin.py:117} INFO - [2024-04-25T01:26:26.915+0000] {dag.py:3328} INFO - Setting next_dagrun for tutorial to 2024-04-24T01:26:26.914810+00:00, run_after=2024-04-25T01:26:26.914810+00:00
[2024-04-25T01:26:26.943+0000] {processor.py:178} INFO - Processing /home/airflow/.local/lib/python3.7/site-packages/airflow/example_dags/tutorial.py took 0.131 seconds
