[2024-04-25T00:54:26.948+0000] {processor.py:156} INFO - Started process (PID=291) to work on /home/airflow/.local/lib/python3.7/site-packages/airflow/example_dags/tutorial_taskflow_api.py
[2024-04-25T00:54:26.949+0000] {processor.py:758} INFO - Processing file /home/airflow/.local/lib/python3.7/site-packages/airflow/example_dags/tutorial_taskflow_api.py for tasks to queue
[2024-04-25T00:54:26.950+0000] {logging_mixin.py:117} INFO - [2024-04-25T00:54:26.950+0000] {dagbag.py:525} INFO - Filling up the DagBag from /home/airflow/.local/lib/python3.7/site-packages/airflow/example_dags/tutorial_taskflow_api.py
[2024-04-25T00:54:26.984+0000] {processor.py:768} INFO - DAG(s) dict_keys(['tutorial_taskflow_api']) retrieved from /home/airflow/.local/lib/python3.7/site-packages/airflow/example_dags/tutorial_taskflow_api.py
[2024-04-25T00:54:27.036+0000] {logging_mixin.py:117} INFO - [2024-04-25T00:54:27.035+0000] {dag.py:2573} INFO - Sync 1 DAGs
[2024-04-25T00:54:27.079+0000] {logging_mixin.py:117} INFO - [2024-04-25T00:54:27.078+0000] {dag.py:3328} INFO - Setting next_dagrun for tutorial_taskflow_api to None, run_after=None
[2024-04-25T00:54:27.112+0000] {processor.py:178} INFO - Processing /home/airflow/.local/lib/python3.7/site-packages/airflow/example_dags/tutorial_taskflow_api.py took 0.167 seconds
[2024-04-25T00:54:58.227+0000] {processor.py:156} INFO - Started process (PID=510) to work on /home/airflow/.local/lib/python3.7/site-packages/airflow/example_dags/tutorial_taskflow_api.py
[2024-04-25T00:54:58.227+0000] {processor.py:758} INFO - Processing file /home/airflow/.local/lib/python3.7/site-packages/airflow/example_dags/tutorial_taskflow_api.py for tasks to queue
[2024-04-25T00:54:58.228+0000] {logging_mixin.py:117} INFO - [2024-04-25T00:54:58.228+0000] {dagbag.py:525} INFO - Filling up the DagBag from /home/airflow/.local/lib/python3.7/site-packages/airflow/example_dags/tutorial_taskflow_api.py
[2024-04-25T00:54:58.269+0000] {processor.py:768} INFO - DAG(s) dict_keys(['tutorial_taskflow_api']) retrieved from /home/airflow/.local/lib/python3.7/site-packages/airflow/example_dags/tutorial_taskflow_api.py
[2024-04-25T00:54:58.362+0000] {logging_mixin.py:117} INFO - [2024-04-25T00:54:58.361+0000] {dag.py:2573} INFO - Sync 1 DAGs
[2024-04-25T00:54:58.425+0000] {logging_mixin.py:117} INFO - [2024-04-25T00:54:58.425+0000] {dag.py:3328} INFO - Setting next_dagrun for tutorial_taskflow_api to None, run_after=None
[2024-04-25T00:54:58.467+0000] {processor.py:178} INFO - Processing /home/airflow/.local/lib/python3.7/site-packages/airflow/example_dags/tutorial_taskflow_api.py took 0.244 seconds
[2024-04-25T00:55:29.477+0000] {processor.py:156} INFO - Started process (PID=719) to work on /home/airflow/.local/lib/python3.7/site-packages/airflow/example_dags/tutorial_taskflow_api.py
[2024-04-25T00:55:29.478+0000] {processor.py:758} INFO - Processing file /home/airflow/.local/lib/python3.7/site-packages/airflow/example_dags/tutorial_taskflow_api.py for tasks to queue
[2024-04-25T00:55:29.479+0000] {logging_mixin.py:117} INFO - [2024-04-25T00:55:29.479+0000] {dagbag.py:525} INFO - Filling up the DagBag from /home/airflow/.local/lib/python3.7/site-packages/airflow/example_dags/tutorial_taskflow_api.py
[2024-04-25T00:55:29.545+0000] {processor.py:768} INFO - DAG(s) dict_keys(['tutorial_taskflow_api']) retrieved from /home/airflow/.local/lib/python3.7/site-packages/airflow/example_dags/tutorial_taskflow_api.py
[2024-04-25T00:55:29.605+0000] {logging_mixin.py:117} INFO - [2024-04-25T00:55:29.605+0000] {dag.py:2573} INFO - Sync 1 DAGs
[2024-04-25T00:55:29.639+0000] {logging_mixin.py:117} INFO - [2024-04-25T00:55:29.639+0000] {dag.py:3328} INFO - Setting next_dagrun for tutorial_taskflow_api to None, run_after=None
[2024-04-25T00:55:29.679+0000] {processor.py:178} INFO - Processing /home/airflow/.local/lib/python3.7/site-packages/airflow/example_dags/tutorial_taskflow_api.py took 0.205 seconds
[2024-04-25T00:56:00.487+0000] {processor.py:156} INFO - Started process (PID=938) to work on /home/airflow/.local/lib/python3.7/site-packages/airflow/example_dags/tutorial_taskflow_api.py
[2024-04-25T00:56:00.488+0000] {processor.py:758} INFO - Processing file /home/airflow/.local/lib/python3.7/site-packages/airflow/example_dags/tutorial_taskflow_api.py for tasks to queue
[2024-04-25T00:56:00.489+0000] {logging_mixin.py:117} INFO - [2024-04-25T00:56:00.489+0000] {dagbag.py:525} INFO - Filling up the DagBag from /home/airflow/.local/lib/python3.7/site-packages/airflow/example_dags/tutorial_taskflow_api.py
[2024-04-25T00:56:00.522+0000] {processor.py:768} INFO - DAG(s) dict_keys(['tutorial_taskflow_api']) retrieved from /home/airflow/.local/lib/python3.7/site-packages/airflow/example_dags/tutorial_taskflow_api.py
[2024-04-25T00:56:00.572+0000] {logging_mixin.py:117} INFO - [2024-04-25T00:56:00.572+0000] {dag.py:2573} INFO - Sync 1 DAGs
[2024-04-25T00:56:00.603+0000] {logging_mixin.py:117} INFO - [2024-04-25T00:56:00.602+0000] {dag.py:3328} INFO - Setting next_dagrun for tutorial_taskflow_api to None, run_after=None
[2024-04-25T00:56:00.625+0000] {processor.py:178} INFO - Processing /home/airflow/.local/lib/python3.7/site-packages/airflow/example_dags/tutorial_taskflow_api.py took 0.141 seconds
[2024-04-25T00:56:31.549+0000] {processor.py:156} INFO - Started process (PID=1153) to work on /home/airflow/.local/lib/python3.7/site-packages/airflow/example_dags/tutorial_taskflow_api.py
[2024-04-25T00:56:31.549+0000] {processor.py:758} INFO - Processing file /home/airflow/.local/lib/python3.7/site-packages/airflow/example_dags/tutorial_taskflow_api.py for tasks to queue
[2024-04-25T00:56:31.550+0000] {logging_mixin.py:117} INFO - [2024-04-25T00:56:31.550+0000] {dagbag.py:525} INFO - Filling up the DagBag from /home/airflow/.local/lib/python3.7/site-packages/airflow/example_dags/tutorial_taskflow_api.py
[2024-04-25T00:56:31.578+0000] {processor.py:768} INFO - DAG(s) dict_keys(['tutorial_taskflow_api']) retrieved from /home/airflow/.local/lib/python3.7/site-packages/airflow/example_dags/tutorial_taskflow_api.py
[2024-04-25T00:56:31.620+0000] {logging_mixin.py:117} INFO - [2024-04-25T00:56:31.620+0000] {dag.py:2573} INFO - Sync 1 DAGs
[2024-04-25T00:56:31.650+0000] {logging_mixin.py:117} INFO - [2024-04-25T00:56:31.650+0000] {dag.py:3328} INFO - Setting next_dagrun for tutorial_taskflow_api to None, run_after=None
[2024-04-25T00:56:31.837+0000] {processor.py:178} INFO - Processing /home/airflow/.local/lib/python3.7/site-packages/airflow/example_dags/tutorial_taskflow_api.py took 0.292 seconds
[2024-04-25T00:57:02.548+0000] {processor.py:156} INFO - Started process (PID=1363) to work on /home/airflow/.local/lib/python3.7/site-packages/airflow/example_dags/tutorial_taskflow_api.py
[2024-04-25T00:57:02.549+0000] {processor.py:758} INFO - Processing file /home/airflow/.local/lib/python3.7/site-packages/airflow/example_dags/tutorial_taskflow_api.py for tasks to queue
[2024-04-25T00:57:02.549+0000] {logging_mixin.py:117} INFO - [2024-04-25T00:57:02.549+0000] {dagbag.py:525} INFO - Filling up the DagBag from /home/airflow/.local/lib/python3.7/site-packages/airflow/example_dags/tutorial_taskflow_api.py
[2024-04-25T00:57:02.582+0000] {processor.py:768} INFO - DAG(s) dict_keys(['tutorial_taskflow_api']) retrieved from /home/airflow/.local/lib/python3.7/site-packages/airflow/example_dags/tutorial_taskflow_api.py
[2024-04-25T00:57:02.659+0000] {logging_mixin.py:117} INFO - [2024-04-25T00:57:02.659+0000] {dag.py:2573} INFO - Sync 1 DAGs
[2024-04-25T00:57:02.939+0000] {logging_mixin.py:117} INFO - [2024-04-25T00:57:02.938+0000] {dag.py:3328} INFO - Setting next_dagrun for tutorial_taskflow_api to None, run_after=None
[2024-04-25T00:57:02.960+0000] {processor.py:178} INFO - Processing /home/airflow/.local/lib/python3.7/site-packages/airflow/example_dags/tutorial_taskflow_api.py took 0.415 seconds
[2024-04-25T00:57:33.193+0000] {processor.py:156} INFO - Started process (PID=1578) to work on /home/airflow/.local/lib/python3.7/site-packages/airflow/example_dags/tutorial_taskflow_api.py
[2024-04-25T00:57:33.193+0000] {processor.py:758} INFO - Processing file /home/airflow/.local/lib/python3.7/site-packages/airflow/example_dags/tutorial_taskflow_api.py for tasks to queue
[2024-04-25T00:57:33.194+0000] {logging_mixin.py:117} INFO - [2024-04-25T00:57:33.194+0000] {dagbag.py:525} INFO - Filling up the DagBag from /home/airflow/.local/lib/python3.7/site-packages/airflow/example_dags/tutorial_taskflow_api.py
[2024-04-25T00:57:33.222+0000] {processor.py:768} INFO - DAG(s) dict_keys(['tutorial_taskflow_api']) retrieved from /home/airflow/.local/lib/python3.7/site-packages/airflow/example_dags/tutorial_taskflow_api.py
[2024-04-25T00:57:33.405+0000] {logging_mixin.py:117} INFO - [2024-04-25T00:57:33.405+0000] {dag.py:2573} INFO - Sync 1 DAGs
[2024-04-25T00:57:33.432+0000] {logging_mixin.py:117} INFO - [2024-04-25T00:57:33.432+0000] {dag.py:3328} INFO - Setting next_dagrun for tutorial_taskflow_api to None, run_after=None
[2024-04-25T00:57:33.455+0000] {processor.py:178} INFO - Processing /home/airflow/.local/lib/python3.7/site-packages/airflow/example_dags/tutorial_taskflow_api.py took 0.266 seconds
[2024-04-25T00:58:05.010+0000] {processor.py:156} INFO - Started process (PID=1795) to work on /home/airflow/.local/lib/python3.7/site-packages/airflow/example_dags/tutorial_taskflow_api.py
[2024-04-25T00:58:05.011+0000] {processor.py:758} INFO - Processing file /home/airflow/.local/lib/python3.7/site-packages/airflow/example_dags/tutorial_taskflow_api.py for tasks to queue
[2024-04-25T00:58:05.012+0000] {logging_mixin.py:117} INFO - [2024-04-25T00:58:05.011+0000] {dagbag.py:525} INFO - Filling up the DagBag from /home/airflow/.local/lib/python3.7/site-packages/airflow/example_dags/tutorial_taskflow_api.py
[2024-04-25T00:58:05.037+0000] {processor.py:768} INFO - DAG(s) dict_keys(['tutorial_taskflow_api']) retrieved from /home/airflow/.local/lib/python3.7/site-packages/airflow/example_dags/tutorial_taskflow_api.py
[2024-04-25T00:58:05.221+0000] {logging_mixin.py:117} INFO - [2024-04-25T00:58:05.221+0000] {dag.py:2573} INFO - Sync 1 DAGs
[2024-04-25T00:58:05.253+0000] {logging_mixin.py:117} INFO - [2024-04-25T00:58:05.252+0000] {dag.py:3328} INFO - Setting next_dagrun for tutorial_taskflow_api to None, run_after=None
[2024-04-25T00:58:05.278+0000] {processor.py:178} INFO - Processing /home/airflow/.local/lib/python3.7/site-packages/airflow/example_dags/tutorial_taskflow_api.py took 0.271 seconds
[2024-04-25T00:58:35.647+0000] {processor.py:156} INFO - Started process (PID=2004) to work on /home/airflow/.local/lib/python3.7/site-packages/airflow/example_dags/tutorial_taskflow_api.py
[2024-04-25T00:58:35.648+0000] {processor.py:758} INFO - Processing file /home/airflow/.local/lib/python3.7/site-packages/airflow/example_dags/tutorial_taskflow_api.py for tasks to queue
[2024-04-25T00:58:35.649+0000] {logging_mixin.py:117} INFO - [2024-04-25T00:58:35.649+0000] {dagbag.py:525} INFO - Filling up the DagBag from /home/airflow/.local/lib/python3.7/site-packages/airflow/example_dags/tutorial_taskflow_api.py
[2024-04-25T00:58:35.817+0000] {processor.py:768} INFO - DAG(s) dict_keys(['tutorial_taskflow_api']) retrieved from /home/airflow/.local/lib/python3.7/site-packages/airflow/example_dags/tutorial_taskflow_api.py
[2024-04-25T00:58:35.855+0000] {logging_mixin.py:117} INFO - [2024-04-25T00:58:35.855+0000] {dag.py:2573} INFO - Sync 1 DAGs
[2024-04-25T00:58:35.884+0000] {logging_mixin.py:117} INFO - [2024-04-25T00:58:35.884+0000] {dag.py:3328} INFO - Setting next_dagrun for tutorial_taskflow_api to None, run_after=None
[2024-04-25T00:58:35.909+0000] {processor.py:178} INFO - Processing /home/airflow/.local/lib/python3.7/site-packages/airflow/example_dags/tutorial_taskflow_api.py took 0.264 seconds
[2024-04-25T00:59:06.440+0000] {processor.py:156} INFO - Started process (PID=2221) to work on /home/airflow/.local/lib/python3.7/site-packages/airflow/example_dags/tutorial_taskflow_api.py
[2024-04-25T00:59:06.441+0000] {processor.py:758} INFO - Processing file /home/airflow/.local/lib/python3.7/site-packages/airflow/example_dags/tutorial_taskflow_api.py for tasks to queue
[2024-04-25T00:59:06.441+0000] {logging_mixin.py:117} INFO - [2024-04-25T00:59:06.441+0000] {dagbag.py:525} INFO - Filling up the DagBag from /home/airflow/.local/lib/python3.7/site-packages/airflow/example_dags/tutorial_taskflow_api.py
[2024-04-25T00:59:06.468+0000] {processor.py:768} INFO - DAG(s) dict_keys(['tutorial_taskflow_api']) retrieved from /home/airflow/.local/lib/python3.7/site-packages/airflow/example_dags/tutorial_taskflow_api.py
[2024-04-25T00:59:06.512+0000] {logging_mixin.py:117} INFO - [2024-04-25T00:59:06.512+0000] {dag.py:2573} INFO - Sync 1 DAGs
[2024-04-25T00:59:06.686+0000] {logging_mixin.py:117} INFO - [2024-04-25T00:59:06.685+0000] {dag.py:3328} INFO - Setting next_dagrun for tutorial_taskflow_api to None, run_after=None
[2024-04-25T00:59:06.720+0000] {processor.py:178} INFO - Processing /home/airflow/.local/lib/python3.7/site-packages/airflow/example_dags/tutorial_taskflow_api.py took 0.287 seconds
[2024-04-25T00:59:39.266+0000] {processor.py:156} INFO - Started process (PID=2439) to work on /home/airflow/.local/lib/python3.7/site-packages/airflow/example_dags/tutorial_taskflow_api.py
[2024-04-25T00:59:39.267+0000] {processor.py:758} INFO - Processing file /home/airflow/.local/lib/python3.7/site-packages/airflow/example_dags/tutorial_taskflow_api.py for tasks to queue
[2024-04-25T00:59:39.268+0000] {logging_mixin.py:117} INFO - [2024-04-25T00:59:39.268+0000] {dagbag.py:525} INFO - Filling up the DagBag from /home/airflow/.local/lib/python3.7/site-packages/airflow/example_dags/tutorial_taskflow_api.py
[2024-04-25T00:59:39.296+0000] {processor.py:768} INFO - DAG(s) dict_keys(['tutorial_taskflow_api']) retrieved from /home/airflow/.local/lib/python3.7/site-packages/airflow/example_dags/tutorial_taskflow_api.py
[2024-04-25T00:59:39.488+0000] {logging_mixin.py:117} INFO - [2024-04-25T00:59:39.488+0000] {dag.py:2573} INFO - Sync 1 DAGs
[2024-04-25T00:59:39.514+0000] {logging_mixin.py:117} INFO - [2024-04-25T00:59:39.514+0000] {dag.py:3328} INFO - Setting next_dagrun for tutorial_taskflow_api to None, run_after=None
[2024-04-25T00:59:39.537+0000] {processor.py:178} INFO - Processing /home/airflow/.local/lib/python3.7/site-packages/airflow/example_dags/tutorial_taskflow_api.py took 0.274 seconds
[2024-04-25T01:00:10.240+0000] {processor.py:156} INFO - Started process (PID=2648) to work on /home/airflow/.local/lib/python3.7/site-packages/airflow/example_dags/tutorial_taskflow_api.py
[2024-04-25T01:00:10.241+0000] {processor.py:758} INFO - Processing file /home/airflow/.local/lib/python3.7/site-packages/airflow/example_dags/tutorial_taskflow_api.py for tasks to queue
[2024-04-25T01:00:10.242+0000] {logging_mixin.py:117} INFO - [2024-04-25T01:00:10.242+0000] {dagbag.py:525} INFO - Filling up the DagBag from /home/airflow/.local/lib/python3.7/site-packages/airflow/example_dags/tutorial_taskflow_api.py
[2024-04-25T01:00:10.269+0000] {processor.py:768} INFO - DAG(s) dict_keys(['tutorial_taskflow_api']) retrieved from /home/airflow/.local/lib/python3.7/site-packages/airflow/example_dags/tutorial_taskflow_api.py
[2024-04-25T01:00:10.459+0000] {logging_mixin.py:117} INFO - [2024-04-25T01:00:10.459+0000] {dag.py:2573} INFO - Sync 1 DAGs
[2024-04-25T01:00:10.484+0000] {logging_mixin.py:117} INFO - [2024-04-25T01:00:10.484+0000] {dag.py:3328} INFO - Setting next_dagrun for tutorial_taskflow_api to None, run_after=None
[2024-04-25T01:00:10.507+0000] {processor.py:178} INFO - Processing /home/airflow/.local/lib/python3.7/site-packages/airflow/example_dags/tutorial_taskflow_api.py took 0.270 seconds
[2024-04-25T01:00:41.851+0000] {processor.py:156} INFO - Started process (PID=2869) to work on /home/airflow/.local/lib/python3.7/site-packages/airflow/example_dags/tutorial_taskflow_api.py
[2024-04-25T01:00:41.852+0000] {processor.py:758} INFO - Processing file /home/airflow/.local/lib/python3.7/site-packages/airflow/example_dags/tutorial_taskflow_api.py for tasks to queue
[2024-04-25T01:00:41.853+0000] {logging_mixin.py:117} INFO - [2024-04-25T01:00:41.853+0000] {dagbag.py:525} INFO - Filling up the DagBag from /home/airflow/.local/lib/python3.7/site-packages/airflow/example_dags/tutorial_taskflow_api.py
[2024-04-25T01:00:42.040+0000] {processor.py:768} INFO - DAG(s) dict_keys(['tutorial_taskflow_api']) retrieved from /home/airflow/.local/lib/python3.7/site-packages/airflow/example_dags/tutorial_taskflow_api.py
[2024-04-25T01:00:42.078+0000] {logging_mixin.py:117} INFO - [2024-04-25T01:00:42.078+0000] {dag.py:2573} INFO - Sync 1 DAGs
[2024-04-25T01:00:42.110+0000] {logging_mixin.py:117} INFO - [2024-04-25T01:00:42.110+0000] {dag.py:3328} INFO - Setting next_dagrun for tutorial_taskflow_api to None, run_after=None
[2024-04-25T01:00:42.136+0000] {processor.py:178} INFO - Processing /home/airflow/.local/lib/python3.7/site-packages/airflow/example_dags/tutorial_taskflow_api.py took 0.288 seconds
[2024-04-25T01:01:12.402+0000] {processor.py:156} INFO - Started process (PID=3086) to work on /home/airflow/.local/lib/python3.7/site-packages/airflow/example_dags/tutorial_taskflow_api.py
[2024-04-25T01:01:12.403+0000] {processor.py:758} INFO - Processing file /home/airflow/.local/lib/python3.7/site-packages/airflow/example_dags/tutorial_taskflow_api.py for tasks to queue
[2024-04-25T01:01:12.404+0000] {logging_mixin.py:117} INFO - [2024-04-25T01:01:12.404+0000] {dagbag.py:525} INFO - Filling up the DagBag from /home/airflow/.local/lib/python3.7/site-packages/airflow/example_dags/tutorial_taskflow_api.py
[2024-04-25T01:01:12.453+0000] {processor.py:768} INFO - DAG(s) dict_keys(['tutorial_taskflow_api']) retrieved from /home/airflow/.local/lib/python3.7/site-packages/airflow/example_dags/tutorial_taskflow_api.py
[2024-04-25T01:01:12.498+0000] {logging_mixin.py:117} INFO - [2024-04-25T01:01:12.498+0000] {dag.py:2573} INFO - Sync 1 DAGs
[2024-04-25T01:01:12.697+0000] {logging_mixin.py:117} INFO - [2024-04-25T01:01:12.696+0000] {dag.py:3328} INFO - Setting next_dagrun for tutorial_taskflow_api to None, run_after=None
[2024-04-25T01:01:12.720+0000] {processor.py:178} INFO - Processing /home/airflow/.local/lib/python3.7/site-packages/airflow/example_dags/tutorial_taskflow_api.py took 0.321 seconds
[2024-04-25T01:01:43.012+0000] {processor.py:156} INFO - Started process (PID=3302) to work on /home/airflow/.local/lib/python3.7/site-packages/airflow/example_dags/tutorial_taskflow_api.py
[2024-04-25T01:01:43.013+0000] {processor.py:758} INFO - Processing file /home/airflow/.local/lib/python3.7/site-packages/airflow/example_dags/tutorial_taskflow_api.py for tasks to queue
[2024-04-25T01:01:43.014+0000] {logging_mixin.py:117} INFO - [2024-04-25T01:01:43.014+0000] {dagbag.py:525} INFO - Filling up the DagBag from /home/airflow/.local/lib/python3.7/site-packages/airflow/example_dags/tutorial_taskflow_api.py
[2024-04-25T01:01:43.075+0000] {processor.py:768} INFO - DAG(s) dict_keys(['tutorial_taskflow_api']) retrieved from /home/airflow/.local/lib/python3.7/site-packages/airflow/example_dags/tutorial_taskflow_api.py
[2024-04-25T01:01:43.162+0000] {logging_mixin.py:117} INFO - [2024-04-25T01:01:43.161+0000] {dag.py:2573} INFO - Sync 1 DAGs
[2024-04-25T01:01:43.415+0000] {logging_mixin.py:117} INFO - [2024-04-25T01:01:43.415+0000] {dag.py:3328} INFO - Setting next_dagrun for tutorial_taskflow_api to None, run_after=None
[2024-04-25T01:01:43.460+0000] {processor.py:178} INFO - Processing /home/airflow/.local/lib/python3.7/site-packages/airflow/example_dags/tutorial_taskflow_api.py took 0.452 seconds
[2024-04-25T01:02:16.623+0000] {processor.py:156} INFO - Started process (PID=3511) to work on /home/airflow/.local/lib/python3.7/site-packages/airflow/example_dags/tutorial_taskflow_api.py
[2024-04-25T01:02:16.625+0000] {processor.py:758} INFO - Processing file /home/airflow/.local/lib/python3.7/site-packages/airflow/example_dags/tutorial_taskflow_api.py for tasks to queue
[2024-04-25T01:02:16.626+0000] {logging_mixin.py:117} INFO - [2024-04-25T01:02:16.626+0000] {dagbag.py:525} INFO - Filling up the DagBag from /home/airflow/.local/lib/python3.7/site-packages/airflow/example_dags/tutorial_taskflow_api.py
[2024-04-25T01:02:16.673+0000] {processor.py:768} INFO - DAG(s) dict_keys(['tutorial_taskflow_api']) retrieved from /home/airflow/.local/lib/python3.7/site-packages/airflow/example_dags/tutorial_taskflow_api.py
[2024-04-25T01:02:16.977+0000] {logging_mixin.py:117} INFO - [2024-04-25T01:02:16.977+0000] {dag.py:2573} INFO - Sync 1 DAGs
[2024-04-25T01:02:17.017+0000] {logging_mixin.py:117} INFO - [2024-04-25T01:02:17.017+0000] {dag.py:3328} INFO - Setting next_dagrun for tutorial_taskflow_api to None, run_after=None
[2024-04-25T01:02:17.048+0000] {processor.py:178} INFO - Processing /home/airflow/.local/lib/python3.7/site-packages/airflow/example_dags/tutorial_taskflow_api.py took 0.427 seconds
[2024-04-25T01:02:47.766+0000] {processor.py:156} INFO - Started process (PID=3729) to work on /home/airflow/.local/lib/python3.7/site-packages/airflow/example_dags/tutorial_taskflow_api.py
[2024-04-25T01:02:47.767+0000] {processor.py:758} INFO - Processing file /home/airflow/.local/lib/python3.7/site-packages/airflow/example_dags/tutorial_taskflow_api.py for tasks to queue
[2024-04-25T01:02:47.768+0000] {logging_mixin.py:117} INFO - [2024-04-25T01:02:47.768+0000] {dagbag.py:525} INFO - Filling up the DagBag from /home/airflow/.local/lib/python3.7/site-packages/airflow/example_dags/tutorial_taskflow_api.py
[2024-04-25T01:02:47.795+0000] {processor.py:768} INFO - DAG(s) dict_keys(['tutorial_taskflow_api']) retrieved from /home/airflow/.local/lib/python3.7/site-packages/airflow/example_dags/tutorial_taskflow_api.py
[2024-04-25T01:02:47.994+0000] {logging_mixin.py:117} INFO - [2024-04-25T01:02:47.994+0000] {dag.py:2573} INFO - Sync 1 DAGs
[2024-04-25T01:02:48.022+0000] {logging_mixin.py:117} INFO - [2024-04-25T01:02:48.022+0000] {dag.py:3328} INFO - Setting next_dagrun for tutorial_taskflow_api to None, run_after=None
[2024-04-25T01:02:48.047+0000] {processor.py:178} INFO - Processing /home/airflow/.local/lib/python3.7/site-packages/airflow/example_dags/tutorial_taskflow_api.py took 0.284 seconds
[2024-04-25T01:03:18.865+0000] {processor.py:156} INFO - Started process (PID=3944) to work on /home/airflow/.local/lib/python3.7/site-packages/airflow/example_dags/tutorial_taskflow_api.py
[2024-04-25T01:03:18.866+0000] {processor.py:758} INFO - Processing file /home/airflow/.local/lib/python3.7/site-packages/airflow/example_dags/tutorial_taskflow_api.py for tasks to queue
[2024-04-25T01:03:18.867+0000] {logging_mixin.py:117} INFO - [2024-04-25T01:03:18.867+0000] {dagbag.py:525} INFO - Filling up the DagBag from /home/airflow/.local/lib/python3.7/site-packages/airflow/example_dags/tutorial_taskflow_api.py
[2024-04-25T01:03:19.087+0000] {processor.py:768} INFO - DAG(s) dict_keys(['tutorial_taskflow_api']) retrieved from /home/airflow/.local/lib/python3.7/site-packages/airflow/example_dags/tutorial_taskflow_api.py
[2024-04-25T01:03:19.129+0000] {logging_mixin.py:117} INFO - [2024-04-25T01:03:19.129+0000] {dag.py:2573} INFO - Sync 1 DAGs
[2024-04-25T01:03:19.157+0000] {logging_mixin.py:117} INFO - [2024-04-25T01:03:19.156+0000] {dag.py:3328} INFO - Setting next_dagrun for tutorial_taskflow_api to None, run_after=None
[2024-04-25T01:03:19.182+0000] {processor.py:178} INFO - Processing /home/airflow/.local/lib/python3.7/site-packages/airflow/example_dags/tutorial_taskflow_api.py took 0.320 seconds
[2024-04-25T01:03:49.543+0000] {processor.py:156} INFO - Started process (PID=4155) to work on /home/airflow/.local/lib/python3.7/site-packages/airflow/example_dags/tutorial_taskflow_api.py
[2024-04-25T01:03:49.544+0000] {processor.py:758} INFO - Processing file /home/airflow/.local/lib/python3.7/site-packages/airflow/example_dags/tutorial_taskflow_api.py for tasks to queue
[2024-04-25T01:03:49.545+0000] {logging_mixin.py:117} INFO - [2024-04-25T01:03:49.545+0000] {dagbag.py:525} INFO - Filling up the DagBag from /home/airflow/.local/lib/python3.7/site-packages/airflow/example_dags/tutorial_taskflow_api.py
[2024-04-25T01:03:49.573+0000] {processor.py:768} INFO - DAG(s) dict_keys(['tutorial_taskflow_api']) retrieved from /home/airflow/.local/lib/python3.7/site-packages/airflow/example_dags/tutorial_taskflow_api.py
[2024-04-25T01:03:49.619+0000] {logging_mixin.py:117} INFO - [2024-04-25T01:03:49.619+0000] {dag.py:2573} INFO - Sync 1 DAGs
[2024-04-25T01:03:49.648+0000] {logging_mixin.py:117} INFO - [2024-04-25T01:03:49.647+0000] {dag.py:3328} INFO - Setting next_dagrun for tutorial_taskflow_api to None, run_after=None
[2024-04-25T01:03:49.672+0000] {processor.py:178} INFO - Processing /home/airflow/.local/lib/python3.7/site-packages/airflow/example_dags/tutorial_taskflow_api.py took 0.131 seconds
[2024-04-25T01:04:19.814+0000] {processor.py:156} INFO - Started process (PID=4370) to work on /home/airflow/.local/lib/python3.7/site-packages/airflow/example_dags/tutorial_taskflow_api.py
[2024-04-25T01:04:19.820+0000] {processor.py:758} INFO - Processing file /home/airflow/.local/lib/python3.7/site-packages/airflow/example_dags/tutorial_taskflow_api.py for tasks to queue
[2024-04-25T01:04:19.821+0000] {logging_mixin.py:117} INFO - [2024-04-25T01:04:19.821+0000] {dagbag.py:525} INFO - Filling up the DagBag from /home/airflow/.local/lib/python3.7/site-packages/airflow/example_dags/tutorial_taskflow_api.py
[2024-04-25T01:04:19.879+0000] {processor.py:768} INFO - DAG(s) dict_keys(['tutorial_taskflow_api']) retrieved from /home/airflow/.local/lib/python3.7/site-packages/airflow/example_dags/tutorial_taskflow_api.py
[2024-04-25T01:04:19.988+0000] {logging_mixin.py:117} INFO - [2024-04-25T01:04:19.987+0000] {dag.py:2573} INFO - Sync 1 DAGs
[2024-04-25T01:04:20.082+0000] {logging_mixin.py:117} INFO - [2024-04-25T01:04:20.081+0000] {dag.py:3328} INFO - Setting next_dagrun for tutorial_taskflow_api to None, run_after=None
[2024-04-25T01:04:20.190+0000] {processor.py:178} INFO - Processing /home/airflow/.local/lib/python3.7/site-packages/airflow/example_dags/tutorial_taskflow_api.py took 0.384 seconds
[2024-04-25T01:04:50.735+0000] {processor.py:156} INFO - Started process (PID=4592) to work on /home/airflow/.local/lib/python3.7/site-packages/airflow/example_dags/tutorial_taskflow_api.py
[2024-04-25T01:04:50.736+0000] {processor.py:758} INFO - Processing file /home/airflow/.local/lib/python3.7/site-packages/airflow/example_dags/tutorial_taskflow_api.py for tasks to queue
[2024-04-25T01:04:50.737+0000] {logging_mixin.py:117} INFO - [2024-04-25T01:04:50.737+0000] {dagbag.py:525} INFO - Filling up the DagBag from /home/airflow/.local/lib/python3.7/site-packages/airflow/example_dags/tutorial_taskflow_api.py
[2024-04-25T01:04:50.768+0000] {processor.py:768} INFO - DAG(s) dict_keys(['tutorial_taskflow_api']) retrieved from /home/airflow/.local/lib/python3.7/site-packages/airflow/example_dags/tutorial_taskflow_api.py
[2024-04-25T01:04:50.814+0000] {logging_mixin.py:117} INFO - [2024-04-25T01:04:50.814+0000] {dag.py:2573} INFO - Sync 1 DAGs
[2024-04-25T01:04:50.844+0000] {logging_mixin.py:117} INFO - [2024-04-25T01:04:50.844+0000] {dag.py:3328} INFO - Setting next_dagrun for tutorial_taskflow_api to None, run_after=None
[2024-04-25T01:04:50.868+0000] {processor.py:178} INFO - Processing /home/airflow/.local/lib/python3.7/site-packages/airflow/example_dags/tutorial_taskflow_api.py took 0.137 seconds
[2024-04-25T01:05:21.211+0000] {processor.py:156} INFO - Started process (PID=4800) to work on /home/airflow/.local/lib/python3.7/site-packages/airflow/example_dags/tutorial_taskflow_api.py
[2024-04-25T01:05:21.212+0000] {processor.py:758} INFO - Processing file /home/airflow/.local/lib/python3.7/site-packages/airflow/example_dags/tutorial_taskflow_api.py for tasks to queue
[2024-04-25T01:05:21.213+0000] {logging_mixin.py:117} INFO - [2024-04-25T01:05:21.213+0000] {dagbag.py:525} INFO - Filling up the DagBag from /home/airflow/.local/lib/python3.7/site-packages/airflow/example_dags/tutorial_taskflow_api.py
[2024-04-25T01:05:21.242+0000] {processor.py:768} INFO - DAG(s) dict_keys(['tutorial_taskflow_api']) retrieved from /home/airflow/.local/lib/python3.7/site-packages/airflow/example_dags/tutorial_taskflow_api.py
[2024-04-25T01:05:21.288+0000] {logging_mixin.py:117} INFO - [2024-04-25T01:05:21.288+0000] {dag.py:2573} INFO - Sync 1 DAGs
[2024-04-25T01:05:21.320+0000] {logging_mixin.py:117} INFO - [2024-04-25T01:05:21.320+0000] {dag.py:3328} INFO - Setting next_dagrun for tutorial_taskflow_api to None, run_after=None
[2024-04-25T01:05:21.344+0000] {processor.py:178} INFO - Processing /home/airflow/.local/lib/python3.7/site-packages/airflow/example_dags/tutorial_taskflow_api.py took 0.137 seconds
[2024-04-25T01:05:51.398+0000] {processor.py:156} INFO - Started process (PID=5018) to work on /home/airflow/.local/lib/python3.7/site-packages/airflow/example_dags/tutorial_taskflow_api.py
[2024-04-25T01:05:51.399+0000] {processor.py:758} INFO - Processing file /home/airflow/.local/lib/python3.7/site-packages/airflow/example_dags/tutorial_taskflow_api.py for tasks to queue
[2024-04-25T01:05:51.400+0000] {logging_mixin.py:117} INFO - [2024-04-25T01:05:51.400+0000] {dagbag.py:525} INFO - Filling up the DagBag from /home/airflow/.local/lib/python3.7/site-packages/airflow/example_dags/tutorial_taskflow_api.py
[2024-04-25T01:05:51.428+0000] {processor.py:768} INFO - DAG(s) dict_keys(['tutorial_taskflow_api']) retrieved from /home/airflow/.local/lib/python3.7/site-packages/airflow/example_dags/tutorial_taskflow_api.py
[2024-04-25T01:05:51.482+0000] {logging_mixin.py:117} INFO - [2024-04-25T01:05:51.481+0000] {dag.py:2573} INFO - Sync 1 DAGs
[2024-04-25T01:05:51.510+0000] {logging_mixin.py:117} INFO - [2024-04-25T01:05:51.510+0000] {dag.py:3328} INFO - Setting next_dagrun for tutorial_taskflow_api to None, run_after=None
[2024-04-25T01:05:51.536+0000] {processor.py:178} INFO - Processing /home/airflow/.local/lib/python3.7/site-packages/airflow/example_dags/tutorial_taskflow_api.py took 0.142 seconds
[2024-04-25T01:06:22.748+0000] {processor.py:156} INFO - Started process (PID=5235) to work on /home/airflow/.local/lib/python3.7/site-packages/airflow/example_dags/tutorial_taskflow_api.py
[2024-04-25T01:06:22.748+0000] {processor.py:758} INFO - Processing file /home/airflow/.local/lib/python3.7/site-packages/airflow/example_dags/tutorial_taskflow_api.py for tasks to queue
[2024-04-25T01:06:22.749+0000] {logging_mixin.py:117} INFO - [2024-04-25T01:06:22.749+0000] {dagbag.py:525} INFO - Filling up the DagBag from /home/airflow/.local/lib/python3.7/site-packages/airflow/example_dags/tutorial_taskflow_api.py
[2024-04-25T01:06:22.775+0000] {processor.py:768} INFO - DAG(s) dict_keys(['tutorial_taskflow_api']) retrieved from /home/airflow/.local/lib/python3.7/site-packages/airflow/example_dags/tutorial_taskflow_api.py
[2024-04-25T01:06:22.830+0000] {logging_mixin.py:117} INFO - [2024-04-25T01:06:22.830+0000] {dag.py:2573} INFO - Sync 1 DAGs
[2024-04-25T01:06:22.880+0000] {logging_mixin.py:117} INFO - [2024-04-25T01:06:22.880+0000] {dag.py:3328} INFO - Setting next_dagrun for tutorial_taskflow_api to None, run_after=None
[2024-04-25T01:06:22.933+0000] {processor.py:178} INFO - Processing /home/airflow/.local/lib/python3.7/site-packages/airflow/example_dags/tutorial_taskflow_api.py took 0.191 seconds
[2024-04-25T01:06:53.057+0000] {processor.py:156} INFO - Started process (PID=5443) to work on /home/airflow/.local/lib/python3.7/site-packages/airflow/example_dags/tutorial_taskflow_api.py
[2024-04-25T01:06:53.058+0000] {processor.py:758} INFO - Processing file /home/airflow/.local/lib/python3.7/site-packages/airflow/example_dags/tutorial_taskflow_api.py for tasks to queue
[2024-04-25T01:06:53.060+0000] {logging_mixin.py:117} INFO - [2024-04-25T01:06:53.060+0000] {dagbag.py:525} INFO - Filling up the DagBag from /home/airflow/.local/lib/python3.7/site-packages/airflow/example_dags/tutorial_taskflow_api.py
[2024-04-25T01:06:53.087+0000] {processor.py:768} INFO - DAG(s) dict_keys(['tutorial_taskflow_api']) retrieved from /home/airflow/.local/lib/python3.7/site-packages/airflow/example_dags/tutorial_taskflow_api.py
[2024-04-25T01:06:53.135+0000] {logging_mixin.py:117} INFO - [2024-04-25T01:06:53.135+0000] {dag.py:2573} INFO - Sync 1 DAGs
[2024-04-25T01:06:53.164+0000] {logging_mixin.py:117} INFO - [2024-04-25T01:06:53.164+0000] {dag.py:3328} INFO - Setting next_dagrun for tutorial_taskflow_api to None, run_after=None
[2024-04-25T01:06:53.187+0000] {processor.py:178} INFO - Processing /home/airflow/.local/lib/python3.7/site-packages/airflow/example_dags/tutorial_taskflow_api.py took 0.133 seconds
[2024-04-25T01:07:23.881+0000] {processor.py:156} INFO - Started process (PID=5664) to work on /home/airflow/.local/lib/python3.7/site-packages/airflow/example_dags/tutorial_taskflow_api.py
[2024-04-25T01:07:23.882+0000] {processor.py:758} INFO - Processing file /home/airflow/.local/lib/python3.7/site-packages/airflow/example_dags/tutorial_taskflow_api.py for tasks to queue
[2024-04-25T01:07:23.883+0000] {logging_mixin.py:117} INFO - [2024-04-25T01:07:23.883+0000] {dagbag.py:525} INFO - Filling up the DagBag from /home/airflow/.local/lib/python3.7/site-packages/airflow/example_dags/tutorial_taskflow_api.py
[2024-04-25T01:07:23.903+0000] {processor.py:768} INFO - DAG(s) dict_keys(['tutorial_taskflow_api']) retrieved from /home/airflow/.local/lib/python3.7/site-packages/airflow/example_dags/tutorial_taskflow_api.py
[2024-04-25T01:07:23.935+0000] {logging_mixin.py:117} INFO - [2024-04-25T01:07:23.935+0000] {dag.py:2573} INFO - Sync 1 DAGs
[2024-04-25T01:07:23.955+0000] {logging_mixin.py:117} INFO - [2024-04-25T01:07:23.955+0000] {dag.py:3328} INFO - Setting next_dagrun for tutorial_taskflow_api to None, run_after=None
[2024-04-25T01:07:23.978+0000] {processor.py:178} INFO - Processing /home/airflow/.local/lib/python3.7/site-packages/airflow/example_dags/tutorial_taskflow_api.py took 0.099 seconds
[2024-04-25T01:07:54.491+0000] {processor.py:156} INFO - Started process (PID=5882) to work on /home/airflow/.local/lib/python3.7/site-packages/airflow/example_dags/tutorial_taskflow_api.py
[2024-04-25T01:07:54.492+0000] {processor.py:758} INFO - Processing file /home/airflow/.local/lib/python3.7/site-packages/airflow/example_dags/tutorial_taskflow_api.py for tasks to queue
[2024-04-25T01:07:54.492+0000] {logging_mixin.py:117} INFO - [2024-04-25T01:07:54.492+0000] {dagbag.py:525} INFO - Filling up the DagBag from /home/airflow/.local/lib/python3.7/site-packages/airflow/example_dags/tutorial_taskflow_api.py
[2024-04-25T01:07:54.522+0000] {processor.py:768} INFO - DAG(s) dict_keys(['tutorial_taskflow_api']) retrieved from /home/airflow/.local/lib/python3.7/site-packages/airflow/example_dags/tutorial_taskflow_api.py
[2024-04-25T01:07:54.568+0000] {logging_mixin.py:117} INFO - [2024-04-25T01:07:54.568+0000] {dag.py:2573} INFO - Sync 1 DAGs
[2024-04-25T01:07:54.595+0000] {logging_mixin.py:117} INFO - [2024-04-25T01:07:54.594+0000] {dag.py:3328} INFO - Setting next_dagrun for tutorial_taskflow_api to None, run_after=None
[2024-04-25T01:07:54.614+0000] {processor.py:178} INFO - Processing /home/airflow/.local/lib/python3.7/site-packages/airflow/example_dags/tutorial_taskflow_api.py took 0.127 seconds
[2024-04-25T01:08:25.187+0000] {processor.py:156} INFO - Started process (PID=6092) to work on /home/airflow/.local/lib/python3.7/site-packages/airflow/example_dags/tutorial_taskflow_api.py
[2024-04-25T01:08:25.188+0000] {processor.py:758} INFO - Processing file /home/airflow/.local/lib/python3.7/site-packages/airflow/example_dags/tutorial_taskflow_api.py for tasks to queue
[2024-04-25T01:08:25.188+0000] {logging_mixin.py:117} INFO - [2024-04-25T01:08:25.188+0000] {dagbag.py:525} INFO - Filling up the DagBag from /home/airflow/.local/lib/python3.7/site-packages/airflow/example_dags/tutorial_taskflow_api.py
[2024-04-25T01:08:25.217+0000] {processor.py:768} INFO - DAG(s) dict_keys(['tutorial_taskflow_api']) retrieved from /home/airflow/.local/lib/python3.7/site-packages/airflow/example_dags/tutorial_taskflow_api.py
[2024-04-25T01:08:25.269+0000] {logging_mixin.py:117} INFO - [2024-04-25T01:08:25.269+0000] {dag.py:2573} INFO - Sync 1 DAGs
[2024-04-25T01:08:25.297+0000] {logging_mixin.py:117} INFO - [2024-04-25T01:08:25.297+0000] {dag.py:3328} INFO - Setting next_dagrun for tutorial_taskflow_api to None, run_after=None
[2024-04-25T01:08:25.318+0000] {processor.py:178} INFO - Processing /home/airflow/.local/lib/python3.7/site-packages/airflow/example_dags/tutorial_taskflow_api.py took 0.135 seconds
[2024-04-25T01:08:56.467+0000] {processor.py:156} INFO - Started process (PID=6310) to work on /home/airflow/.local/lib/python3.7/site-packages/airflow/example_dags/tutorial_taskflow_api.py
[2024-04-25T01:08:56.476+0000] {processor.py:758} INFO - Processing file /home/airflow/.local/lib/python3.7/site-packages/airflow/example_dags/tutorial_taskflow_api.py for tasks to queue
[2024-04-25T01:08:56.480+0000] {logging_mixin.py:117} INFO - [2024-04-25T01:08:56.480+0000] {dagbag.py:525} INFO - Filling up the DagBag from /home/airflow/.local/lib/python3.7/site-packages/airflow/example_dags/tutorial_taskflow_api.py
[2024-04-25T01:08:56.550+0000] {processor.py:768} INFO - DAG(s) dict_keys(['tutorial_taskflow_api']) retrieved from /home/airflow/.local/lib/python3.7/site-packages/airflow/example_dags/tutorial_taskflow_api.py
[2024-04-25T01:08:56.673+0000] {logging_mixin.py:117} INFO - [2024-04-25T01:08:56.673+0000] {dag.py:2573} INFO - Sync 1 DAGs
[2024-04-25T01:08:56.754+0000] {logging_mixin.py:117} INFO - [2024-04-25T01:08:56.754+0000] {dag.py:3328} INFO - Setting next_dagrun for tutorial_taskflow_api to None, run_after=None
[2024-04-25T01:08:56.806+0000] {processor.py:178} INFO - Processing /home/airflow/.local/lib/python3.7/site-packages/airflow/example_dags/tutorial_taskflow_api.py took 0.365 seconds
[2024-04-25T01:09:26.948+0000] {processor.py:156} INFO - Started process (PID=6527) to work on /home/airflow/.local/lib/python3.7/site-packages/airflow/example_dags/tutorial_taskflow_api.py
[2024-04-25T01:09:26.950+0000] {processor.py:758} INFO - Processing file /home/airflow/.local/lib/python3.7/site-packages/airflow/example_dags/tutorial_taskflow_api.py for tasks to queue
[2024-04-25T01:09:26.951+0000] {logging_mixin.py:117} INFO - [2024-04-25T01:09:26.950+0000] {dagbag.py:525} INFO - Filling up the DagBag from /home/airflow/.local/lib/python3.7/site-packages/airflow/example_dags/tutorial_taskflow_api.py
[2024-04-25T01:09:26.980+0000] {processor.py:768} INFO - DAG(s) dict_keys(['tutorial_taskflow_api']) retrieved from /home/airflow/.local/lib/python3.7/site-packages/airflow/example_dags/tutorial_taskflow_api.py
[2024-04-25T01:09:27.024+0000] {logging_mixin.py:117} INFO - [2024-04-25T01:09:27.024+0000] {dag.py:2573} INFO - Sync 1 DAGs
[2024-04-25T01:09:27.054+0000] {logging_mixin.py:117} INFO - [2024-04-25T01:09:27.054+0000] {dag.py:3328} INFO - Setting next_dagrun for tutorial_taskflow_api to None, run_after=None
[2024-04-25T01:09:27.078+0000] {processor.py:178} INFO - Processing /home/airflow/.local/lib/python3.7/site-packages/airflow/example_dags/tutorial_taskflow_api.py took 0.133 seconds
[2024-04-25T01:09:57.929+0000] {processor.py:156} INFO - Started process (PID=6737) to work on /home/airflow/.local/lib/python3.7/site-packages/airflow/example_dags/tutorial_taskflow_api.py
[2024-04-25T01:09:57.930+0000] {processor.py:758} INFO - Processing file /home/airflow/.local/lib/python3.7/site-packages/airflow/example_dags/tutorial_taskflow_api.py for tasks to queue
[2024-04-25T01:09:57.931+0000] {logging_mixin.py:117} INFO - [2024-04-25T01:09:57.931+0000] {dagbag.py:525} INFO - Filling up the DagBag from /home/airflow/.local/lib/python3.7/site-packages/airflow/example_dags/tutorial_taskflow_api.py
[2024-04-25T01:09:57.960+0000] {processor.py:768} INFO - DAG(s) dict_keys(['tutorial_taskflow_api']) retrieved from /home/airflow/.local/lib/python3.7/site-packages/airflow/example_dags/tutorial_taskflow_api.py
[2024-04-25T01:09:58.031+0000] {logging_mixin.py:117} INFO - [2024-04-25T01:09:58.030+0000] {dag.py:2573} INFO - Sync 1 DAGs
[2024-04-25T01:09:58.065+0000] {logging_mixin.py:117} INFO - [2024-04-25T01:09:58.064+0000] {dag.py:3328} INFO - Setting next_dagrun for tutorial_taskflow_api to None, run_after=None
[2024-04-25T01:09:58.091+0000] {processor.py:178} INFO - Processing /home/airflow/.local/lib/python3.7/site-packages/airflow/example_dags/tutorial_taskflow_api.py took 0.166 seconds
[2024-04-25T01:10:28.238+0000] {processor.py:156} INFO - Started process (PID=6959) to work on /home/airflow/.local/lib/python3.7/site-packages/airflow/example_dags/tutorial_taskflow_api.py
[2024-04-25T01:10:28.239+0000] {processor.py:758} INFO - Processing file /home/airflow/.local/lib/python3.7/site-packages/airflow/example_dags/tutorial_taskflow_api.py for tasks to queue
[2024-04-25T01:10:28.240+0000] {logging_mixin.py:117} INFO - [2024-04-25T01:10:28.240+0000] {dagbag.py:525} INFO - Filling up the DagBag from /home/airflow/.local/lib/python3.7/site-packages/airflow/example_dags/tutorial_taskflow_api.py
[2024-04-25T01:10:28.274+0000] {processor.py:768} INFO - DAG(s) dict_keys(['tutorial_taskflow_api']) retrieved from /home/airflow/.local/lib/python3.7/site-packages/airflow/example_dags/tutorial_taskflow_api.py
[2024-04-25T01:10:28.321+0000] {logging_mixin.py:117} INFO - [2024-04-25T01:10:28.321+0000] {dag.py:2573} INFO - Sync 1 DAGs
[2024-04-25T01:10:28.351+0000] {logging_mixin.py:117} INFO - [2024-04-25T01:10:28.351+0000] {dag.py:3328} INFO - Setting next_dagrun for tutorial_taskflow_api to None, run_after=None
[2024-04-25T01:10:28.379+0000] {processor.py:178} INFO - Processing /home/airflow/.local/lib/python3.7/site-packages/airflow/example_dags/tutorial_taskflow_api.py took 0.144 seconds
[2024-04-25T01:10:59.022+0000] {processor.py:156} INFO - Started process (PID=7177) to work on /home/airflow/.local/lib/python3.7/site-packages/airflow/example_dags/tutorial_taskflow_api.py
[2024-04-25T01:10:59.023+0000] {processor.py:758} INFO - Processing file /home/airflow/.local/lib/python3.7/site-packages/airflow/example_dags/tutorial_taskflow_api.py for tasks to queue
[2024-04-25T01:10:59.024+0000] {logging_mixin.py:117} INFO - [2024-04-25T01:10:59.024+0000] {dagbag.py:525} INFO - Filling up the DagBag from /home/airflow/.local/lib/python3.7/site-packages/airflow/example_dags/tutorial_taskflow_api.py
[2024-04-25T01:10:59.056+0000] {processor.py:768} INFO - DAG(s) dict_keys(['tutorial_taskflow_api']) retrieved from /home/airflow/.local/lib/python3.7/site-packages/airflow/example_dags/tutorial_taskflow_api.py
[2024-04-25T01:10:59.125+0000] {logging_mixin.py:117} INFO - [2024-04-25T01:10:59.125+0000] {dag.py:2573} INFO - Sync 1 DAGs
[2024-04-25T01:10:59.166+0000] {logging_mixin.py:117} INFO - [2024-04-25T01:10:59.166+0000] {dag.py:3328} INFO - Setting next_dagrun for tutorial_taskflow_api to None, run_after=None
[2024-04-25T01:10:59.202+0000] {processor.py:178} INFO - Processing /home/airflow/.local/lib/python3.7/site-packages/airflow/example_dags/tutorial_taskflow_api.py took 0.183 seconds
[2024-04-25T01:11:29.496+0000] {processor.py:156} INFO - Started process (PID=7387) to work on /home/airflow/.local/lib/python3.7/site-packages/airflow/example_dags/tutorial_taskflow_api.py
[2024-04-25T01:11:29.497+0000] {processor.py:758} INFO - Processing file /home/airflow/.local/lib/python3.7/site-packages/airflow/example_dags/tutorial_taskflow_api.py for tasks to queue
[2024-04-25T01:11:29.498+0000] {logging_mixin.py:117} INFO - [2024-04-25T01:11:29.498+0000] {dagbag.py:525} INFO - Filling up the DagBag from /home/airflow/.local/lib/python3.7/site-packages/airflow/example_dags/tutorial_taskflow_api.py
[2024-04-25T01:11:29.530+0000] {processor.py:768} INFO - DAG(s) dict_keys(['tutorial_taskflow_api']) retrieved from /home/airflow/.local/lib/python3.7/site-packages/airflow/example_dags/tutorial_taskflow_api.py
[2024-04-25T01:11:29.577+0000] {logging_mixin.py:117} INFO - [2024-04-25T01:11:29.577+0000] {dag.py:2573} INFO - Sync 1 DAGs
[2024-04-25T01:11:29.610+0000] {logging_mixin.py:117} INFO - [2024-04-25T01:11:29.610+0000] {dag.py:3328} INFO - Setting next_dagrun for tutorial_taskflow_api to None, run_after=None
[2024-04-25T01:11:29.636+0000] {processor.py:178} INFO - Processing /home/airflow/.local/lib/python3.7/site-packages/airflow/example_dags/tutorial_taskflow_api.py took 0.144 seconds
[2024-04-25T01:12:00.044+0000] {processor.py:156} INFO - Started process (PID=7606) to work on /home/airflow/.local/lib/python3.7/site-packages/airflow/example_dags/tutorial_taskflow_api.py
[2024-04-25T01:12:00.045+0000] {processor.py:758} INFO - Processing file /home/airflow/.local/lib/python3.7/site-packages/airflow/example_dags/tutorial_taskflow_api.py for tasks to queue
[2024-04-25T01:12:00.046+0000] {logging_mixin.py:117} INFO - [2024-04-25T01:12:00.046+0000] {dagbag.py:525} INFO - Filling up the DagBag from /home/airflow/.local/lib/python3.7/site-packages/airflow/example_dags/tutorial_taskflow_api.py
[2024-04-25T01:12:00.080+0000] {processor.py:768} INFO - DAG(s) dict_keys(['tutorial_taskflow_api']) retrieved from /home/airflow/.local/lib/python3.7/site-packages/airflow/example_dags/tutorial_taskflow_api.py
[2024-04-25T01:12:00.141+0000] {logging_mixin.py:117} INFO - [2024-04-25T01:12:00.141+0000] {dag.py:2573} INFO - Sync 1 DAGs
[2024-04-25T01:12:00.175+0000] {logging_mixin.py:117} INFO - [2024-04-25T01:12:00.175+0000] {dag.py:3328} INFO - Setting next_dagrun for tutorial_taskflow_api to None, run_after=None
[2024-04-25T01:12:00.203+0000] {processor.py:178} INFO - Processing /home/airflow/.local/lib/python3.7/site-packages/airflow/example_dags/tutorial_taskflow_api.py took 0.162 seconds
[2024-04-25T01:12:31.347+0000] {processor.py:156} INFO - Started process (PID=7825) to work on /home/airflow/.local/lib/python3.7/site-packages/airflow/example_dags/tutorial_taskflow_api.py
[2024-04-25T01:12:31.348+0000] {processor.py:758} INFO - Processing file /home/airflow/.local/lib/python3.7/site-packages/airflow/example_dags/tutorial_taskflow_api.py for tasks to queue
[2024-04-25T01:12:31.349+0000] {logging_mixin.py:117} INFO - [2024-04-25T01:12:31.349+0000] {dagbag.py:525} INFO - Filling up the DagBag from /home/airflow/.local/lib/python3.7/site-packages/airflow/example_dags/tutorial_taskflow_api.py
[2024-04-25T01:12:31.383+0000] {processor.py:768} INFO - DAG(s) dict_keys(['tutorial_taskflow_api']) retrieved from /home/airflow/.local/lib/python3.7/site-packages/airflow/example_dags/tutorial_taskflow_api.py
[2024-04-25T01:12:31.461+0000] {logging_mixin.py:117} INFO - [2024-04-25T01:12:31.461+0000] {dag.py:2573} INFO - Sync 1 DAGs
[2024-04-25T01:12:31.508+0000] {logging_mixin.py:117} INFO - [2024-04-25T01:12:31.508+0000] {dag.py:3328} INFO - Setting next_dagrun for tutorial_taskflow_api to None, run_after=None
[2024-04-25T01:12:31.551+0000] {processor.py:178} INFO - Processing /home/airflow/.local/lib/python3.7/site-packages/airflow/example_dags/tutorial_taskflow_api.py took 0.207 seconds
[2024-04-25T01:13:02.394+0000] {processor.py:156} INFO - Started process (PID=8035) to work on /home/airflow/.local/lib/python3.7/site-packages/airflow/example_dags/tutorial_taskflow_api.py
[2024-04-25T01:13:02.395+0000] {processor.py:758} INFO - Processing file /home/airflow/.local/lib/python3.7/site-packages/airflow/example_dags/tutorial_taskflow_api.py for tasks to queue
[2024-04-25T01:13:02.396+0000] {logging_mixin.py:117} INFO - [2024-04-25T01:13:02.396+0000] {dagbag.py:525} INFO - Filling up the DagBag from /home/airflow/.local/lib/python3.7/site-packages/airflow/example_dags/tutorial_taskflow_api.py
[2024-04-25T01:13:02.415+0000] {processor.py:768} INFO - DAG(s) dict_keys(['tutorial_taskflow_api']) retrieved from /home/airflow/.local/lib/python3.7/site-packages/airflow/example_dags/tutorial_taskflow_api.py
[2024-04-25T01:13:02.448+0000] {logging_mixin.py:117} INFO - [2024-04-25T01:13:02.448+0000] {dag.py:2573} INFO - Sync 1 DAGs
[2024-04-25T01:13:02.469+0000] {logging_mixin.py:117} INFO - [2024-04-25T01:13:02.469+0000] {dag.py:3328} INFO - Setting next_dagrun for tutorial_taskflow_api to None, run_after=None
[2024-04-25T01:13:02.496+0000] {processor.py:178} INFO - Processing /home/airflow/.local/lib/python3.7/site-packages/airflow/example_dags/tutorial_taskflow_api.py took 0.104 seconds
[2024-04-25T01:13:32.695+0000] {processor.py:156} INFO - Started process (PID=8250) to work on /home/airflow/.local/lib/python3.7/site-packages/airflow/example_dags/tutorial_taskflow_api.py
[2024-04-25T01:13:32.696+0000] {processor.py:758} INFO - Processing file /home/airflow/.local/lib/python3.7/site-packages/airflow/example_dags/tutorial_taskflow_api.py for tasks to queue
[2024-04-25T01:13:32.696+0000] {logging_mixin.py:117} INFO - [2024-04-25T01:13:32.696+0000] {dagbag.py:525} INFO - Filling up the DagBag from /home/airflow/.local/lib/python3.7/site-packages/airflow/example_dags/tutorial_taskflow_api.py
[2024-04-25T01:13:32.724+0000] {processor.py:768} INFO - DAG(s) dict_keys(['tutorial_taskflow_api']) retrieved from /home/airflow/.local/lib/python3.7/site-packages/airflow/example_dags/tutorial_taskflow_api.py
[2024-04-25T01:13:32.768+0000] {logging_mixin.py:117} INFO - [2024-04-25T01:13:32.768+0000] {dag.py:2573} INFO - Sync 1 DAGs
[2024-04-25T01:13:32.805+0000] {logging_mixin.py:117} INFO - [2024-04-25T01:13:32.805+0000] {dag.py:3328} INFO - Setting next_dagrun for tutorial_taskflow_api to None, run_after=None
[2024-04-25T01:13:32.833+0000] {processor.py:178} INFO - Processing /home/airflow/.local/lib/python3.7/site-packages/airflow/example_dags/tutorial_taskflow_api.py took 0.142 seconds
[2024-04-25T01:14:04.039+0000] {processor.py:156} INFO - Started process (PID=8464) to work on /home/airflow/.local/lib/python3.7/site-packages/airflow/example_dags/tutorial_taskflow_api.py
[2024-04-25T01:14:04.040+0000] {processor.py:758} INFO - Processing file /home/airflow/.local/lib/python3.7/site-packages/airflow/example_dags/tutorial_taskflow_api.py for tasks to queue
[2024-04-25T01:14:04.041+0000] {logging_mixin.py:117} INFO - [2024-04-25T01:14:04.041+0000] {dagbag.py:525} INFO - Filling up the DagBag from /home/airflow/.local/lib/python3.7/site-packages/airflow/example_dags/tutorial_taskflow_api.py
[2024-04-25T01:14:04.108+0000] {processor.py:768} INFO - DAG(s) dict_keys(['tutorial_taskflow_api']) retrieved from /home/airflow/.local/lib/python3.7/site-packages/airflow/example_dags/tutorial_taskflow_api.py
[2024-04-25T01:14:04.218+0000] {logging_mixin.py:117} INFO - [2024-04-25T01:14:04.217+0000] {dag.py:2573} INFO - Sync 1 DAGs
[2024-04-25T01:14:04.282+0000] {logging_mixin.py:117} INFO - [2024-04-25T01:14:04.282+0000] {dag.py:3328} INFO - Setting next_dagrun for tutorial_taskflow_api to None, run_after=None
[2024-04-25T01:14:04.350+0000] {processor.py:178} INFO - Processing /home/airflow/.local/lib/python3.7/site-packages/airflow/example_dags/tutorial_taskflow_api.py took 0.314 seconds
[2024-04-25T01:14:34.993+0000] {processor.py:156} INFO - Started process (PID=8674) to work on /home/airflow/.local/lib/python3.7/site-packages/airflow/example_dags/tutorial_taskflow_api.py
[2024-04-25T01:14:34.994+0000] {processor.py:758} INFO - Processing file /home/airflow/.local/lib/python3.7/site-packages/airflow/example_dags/tutorial_taskflow_api.py for tasks to queue
[2024-04-25T01:14:34.995+0000] {logging_mixin.py:117} INFO - [2024-04-25T01:14:34.995+0000] {dagbag.py:525} INFO - Filling up the DagBag from /home/airflow/.local/lib/python3.7/site-packages/airflow/example_dags/tutorial_taskflow_api.py
[2024-04-25T01:14:35.024+0000] {processor.py:768} INFO - DAG(s) dict_keys(['tutorial_taskflow_api']) retrieved from /home/airflow/.local/lib/python3.7/site-packages/airflow/example_dags/tutorial_taskflow_api.py
[2024-04-25T01:14:35.071+0000] {logging_mixin.py:117} INFO - [2024-04-25T01:14:35.071+0000] {dag.py:2573} INFO - Sync 1 DAGs
[2024-04-25T01:14:35.101+0000] {logging_mixin.py:117} INFO - [2024-04-25T01:14:35.101+0000] {dag.py:3328} INFO - Setting next_dagrun for tutorial_taskflow_api to None, run_after=None
[2024-04-25T01:14:35.128+0000] {processor.py:178} INFO - Processing /home/airflow/.local/lib/python3.7/site-packages/airflow/example_dags/tutorial_taskflow_api.py took 0.138 seconds
[2024-04-25T01:15:05.557+0000] {processor.py:156} INFO - Started process (PID=8892) to work on /home/airflow/.local/lib/python3.7/site-packages/airflow/example_dags/tutorial_taskflow_api.py
[2024-04-25T01:15:05.558+0000] {processor.py:758} INFO - Processing file /home/airflow/.local/lib/python3.7/site-packages/airflow/example_dags/tutorial_taskflow_api.py for tasks to queue
[2024-04-25T01:15:05.559+0000] {logging_mixin.py:117} INFO - [2024-04-25T01:15:05.559+0000] {dagbag.py:525} INFO - Filling up the DagBag from /home/airflow/.local/lib/python3.7/site-packages/airflow/example_dags/tutorial_taskflow_api.py
[2024-04-25T01:15:05.591+0000] {processor.py:768} INFO - DAG(s) dict_keys(['tutorial_taskflow_api']) retrieved from /home/airflow/.local/lib/python3.7/site-packages/airflow/example_dags/tutorial_taskflow_api.py
[2024-04-25T01:15:05.638+0000] {logging_mixin.py:117} INFO - [2024-04-25T01:15:05.638+0000] {dag.py:2573} INFO - Sync 1 DAGs
[2024-04-25T01:15:05.667+0000] {logging_mixin.py:117} INFO - [2024-04-25T01:15:05.666+0000] {dag.py:3328} INFO - Setting next_dagrun for tutorial_taskflow_api to None, run_after=None
[2024-04-25T01:15:05.692+0000] {processor.py:178} INFO - Processing /home/airflow/.local/lib/python3.7/site-packages/airflow/example_dags/tutorial_taskflow_api.py took 0.139 seconds
[2024-04-25T01:15:35.938+0000] {processor.py:156} INFO - Started process (PID=9111) to work on /home/airflow/.local/lib/python3.7/site-packages/airflow/example_dags/tutorial_taskflow_api.py
[2024-04-25T01:15:35.939+0000] {processor.py:758} INFO - Processing file /home/airflow/.local/lib/python3.7/site-packages/airflow/example_dags/tutorial_taskflow_api.py for tasks to queue
[2024-04-25T01:15:35.941+0000] {logging_mixin.py:117} INFO - [2024-04-25T01:15:35.941+0000] {dagbag.py:525} INFO - Filling up the DagBag from /home/airflow/.local/lib/python3.7/site-packages/airflow/example_dags/tutorial_taskflow_api.py
[2024-04-25T01:15:35.971+0000] {processor.py:768} INFO - DAG(s) dict_keys(['tutorial_taskflow_api']) retrieved from /home/airflow/.local/lib/python3.7/site-packages/airflow/example_dags/tutorial_taskflow_api.py
[2024-04-25T01:15:36.022+0000] {logging_mixin.py:117} INFO - [2024-04-25T01:15:36.021+0000] {dag.py:2573} INFO - Sync 1 DAGs
[2024-04-25T01:15:36.051+0000] {logging_mixin.py:117} INFO - [2024-04-25T01:15:36.051+0000] {dag.py:3328} INFO - Setting next_dagrun for tutorial_taskflow_api to None, run_after=None
[2024-04-25T01:15:36.078+0000] {processor.py:178} INFO - Processing /home/airflow/.local/lib/python3.7/site-packages/airflow/example_dags/tutorial_taskflow_api.py took 0.143 seconds
[2024-04-25T01:16:06.441+0000] {processor.py:156} INFO - Started process (PID=9323) to work on /home/airflow/.local/lib/python3.7/site-packages/airflow/example_dags/tutorial_taskflow_api.py
[2024-04-25T01:16:06.442+0000] {processor.py:758} INFO - Processing file /home/airflow/.local/lib/python3.7/site-packages/airflow/example_dags/tutorial_taskflow_api.py for tasks to queue
[2024-04-25T01:16:06.443+0000] {logging_mixin.py:117} INFO - [2024-04-25T01:16:06.443+0000] {dagbag.py:525} INFO - Filling up the DagBag from /home/airflow/.local/lib/python3.7/site-packages/airflow/example_dags/tutorial_taskflow_api.py
[2024-04-25T01:16:06.473+0000] {processor.py:768} INFO - DAG(s) dict_keys(['tutorial_taskflow_api']) retrieved from /home/airflow/.local/lib/python3.7/site-packages/airflow/example_dags/tutorial_taskflow_api.py
[2024-04-25T01:16:06.520+0000] {logging_mixin.py:117} INFO - [2024-04-25T01:16:06.520+0000] {dag.py:2573} INFO - Sync 1 DAGs
[2024-04-25T01:16:06.552+0000] {logging_mixin.py:117} INFO - [2024-04-25T01:16:06.551+0000] {dag.py:3328} INFO - Setting next_dagrun for tutorial_taskflow_api to None, run_after=None
[2024-04-25T01:16:06.578+0000] {processor.py:178} INFO - Processing /home/airflow/.local/lib/python3.7/site-packages/airflow/example_dags/tutorial_taskflow_api.py took 0.140 seconds
[2024-04-25T01:16:36.787+0000] {processor.py:156} INFO - Started process (PID=9539) to work on /home/airflow/.local/lib/python3.7/site-packages/airflow/example_dags/tutorial_taskflow_api.py
[2024-04-25T01:16:36.788+0000] {processor.py:758} INFO - Processing file /home/airflow/.local/lib/python3.7/site-packages/airflow/example_dags/tutorial_taskflow_api.py for tasks to queue
[2024-04-25T01:16:36.789+0000] {logging_mixin.py:117} INFO - [2024-04-25T01:16:36.789+0000] {dagbag.py:525} INFO - Filling up the DagBag from /home/airflow/.local/lib/python3.7/site-packages/airflow/example_dags/tutorial_taskflow_api.py
[2024-04-25T01:16:36.815+0000] {processor.py:768} INFO - DAG(s) dict_keys(['tutorial_taskflow_api']) retrieved from /home/airflow/.local/lib/python3.7/site-packages/airflow/example_dags/tutorial_taskflow_api.py
[2024-04-25T01:16:36.862+0000] {logging_mixin.py:117} INFO - [2024-04-25T01:16:36.861+0000] {dag.py:2573} INFO - Sync 1 DAGs
[2024-04-25T01:16:36.894+0000] {logging_mixin.py:117} INFO - [2024-04-25T01:16:36.894+0000] {dag.py:3328} INFO - Setting next_dagrun for tutorial_taskflow_api to None, run_after=None
[2024-04-25T01:16:36.920+0000] {processor.py:178} INFO - Processing /home/airflow/.local/lib/python3.7/site-packages/airflow/example_dags/tutorial_taskflow_api.py took 0.135 seconds
[2024-04-25T01:17:07.738+0000] {processor.py:156} INFO - Started process (PID=9757) to work on /home/airflow/.local/lib/python3.7/site-packages/airflow/example_dags/tutorial_taskflow_api.py
[2024-04-25T01:17:07.740+0000] {processor.py:758} INFO - Processing file /home/airflow/.local/lib/python3.7/site-packages/airflow/example_dags/tutorial_taskflow_api.py for tasks to queue
[2024-04-25T01:17:07.741+0000] {logging_mixin.py:117} INFO - [2024-04-25T01:17:07.741+0000] {dagbag.py:525} INFO - Filling up the DagBag from /home/airflow/.local/lib/python3.7/site-packages/airflow/example_dags/tutorial_taskflow_api.py
[2024-04-25T01:17:07.846+0000] {processor.py:768} INFO - DAG(s) dict_keys(['tutorial_taskflow_api']) retrieved from /home/airflow/.local/lib/python3.7/site-packages/airflow/example_dags/tutorial_taskflow_api.py
[2024-04-25T01:17:07.998+0000] {logging_mixin.py:117} INFO - [2024-04-25T01:17:07.997+0000] {dag.py:2573} INFO - Sync 1 DAGs
[2024-04-25T01:17:08.080+0000] {logging_mixin.py:117} INFO - [2024-04-25T01:17:08.080+0000] {dag.py:3328} INFO - Setting next_dagrun for tutorial_taskflow_api to None, run_after=None
[2024-04-25T01:17:08.154+0000] {processor.py:178} INFO - Processing /home/airflow/.local/lib/python3.7/site-packages/airflow/example_dags/tutorial_taskflow_api.py took 0.420 seconds
[2024-04-25T01:17:38.852+0000] {processor.py:156} INFO - Started process (PID=9965) to work on /home/airflow/.local/lib/python3.7/site-packages/airflow/example_dags/tutorial_taskflow_api.py
[2024-04-25T01:17:38.853+0000] {processor.py:758} INFO - Processing file /home/airflow/.local/lib/python3.7/site-packages/airflow/example_dags/tutorial_taskflow_api.py for tasks to queue
[2024-04-25T01:17:38.854+0000] {logging_mixin.py:117} INFO - [2024-04-25T01:17:38.854+0000] {dagbag.py:525} INFO - Filling up the DagBag from /home/airflow/.local/lib/python3.7/site-packages/airflow/example_dags/tutorial_taskflow_api.py
[2024-04-25T01:17:38.909+0000] {processor.py:768} INFO - DAG(s) dict_keys(['tutorial_taskflow_api']) retrieved from /home/airflow/.local/lib/python3.7/site-packages/airflow/example_dags/tutorial_taskflow_api.py
[2024-04-25T01:17:38.965+0000] {logging_mixin.py:117} INFO - [2024-04-25T01:17:38.965+0000] {dag.py:2573} INFO - Sync 1 DAGs
[2024-04-25T01:17:38.998+0000] {logging_mixin.py:117} INFO - [2024-04-25T01:17:38.998+0000] {dag.py:3328} INFO - Setting next_dagrun for tutorial_taskflow_api to None, run_after=None
[2024-04-25T01:17:39.023+0000] {processor.py:178} INFO - Processing /home/airflow/.local/lib/python3.7/site-packages/airflow/example_dags/tutorial_taskflow_api.py took 0.175 seconds
[2024-04-25T01:18:09.420+0000] {processor.py:156} INFO - Started process (PID=10184) to work on /home/airflow/.local/lib/python3.7/site-packages/airflow/example_dags/tutorial_taskflow_api.py
[2024-04-25T01:18:09.421+0000] {processor.py:758} INFO - Processing file /home/airflow/.local/lib/python3.7/site-packages/airflow/example_dags/tutorial_taskflow_api.py for tasks to queue
[2024-04-25T01:18:09.422+0000] {logging_mixin.py:117} INFO - [2024-04-25T01:18:09.422+0000] {dagbag.py:525} INFO - Filling up the DagBag from /home/airflow/.local/lib/python3.7/site-packages/airflow/example_dags/tutorial_taskflow_api.py
[2024-04-25T01:18:09.451+0000] {processor.py:768} INFO - DAG(s) dict_keys(['tutorial_taskflow_api']) retrieved from /home/airflow/.local/lib/python3.7/site-packages/airflow/example_dags/tutorial_taskflow_api.py
[2024-04-25T01:18:09.525+0000] {logging_mixin.py:117} INFO - [2024-04-25T01:18:09.525+0000] {dag.py:2573} INFO - Sync 1 DAGs
[2024-04-25T01:18:09.565+0000] {logging_mixin.py:117} INFO - [2024-04-25T01:18:09.565+0000] {dag.py:3328} INFO - Setting next_dagrun for tutorial_taskflow_api to None, run_after=None
[2024-04-25T01:18:09.593+0000] {processor.py:178} INFO - Processing /home/airflow/.local/lib/python3.7/site-packages/airflow/example_dags/tutorial_taskflow_api.py took 0.177 seconds
[2024-04-25T01:18:40.291+0000] {processor.py:156} INFO - Started process (PID=10402) to work on /home/airflow/.local/lib/python3.7/site-packages/airflow/example_dags/tutorial_taskflow_api.py
[2024-04-25T01:18:40.292+0000] {processor.py:758} INFO - Processing file /home/airflow/.local/lib/python3.7/site-packages/airflow/example_dags/tutorial_taskflow_api.py for tasks to queue
[2024-04-25T01:18:40.293+0000] {logging_mixin.py:117} INFO - [2024-04-25T01:18:40.293+0000] {dagbag.py:525} INFO - Filling up the DagBag from /home/airflow/.local/lib/python3.7/site-packages/airflow/example_dags/tutorial_taskflow_api.py
[2024-04-25T01:18:40.339+0000] {processor.py:768} INFO - DAG(s) dict_keys(['tutorial_taskflow_api']) retrieved from /home/airflow/.local/lib/python3.7/site-packages/airflow/example_dags/tutorial_taskflow_api.py
[2024-04-25T01:18:40.392+0000] {logging_mixin.py:117} INFO - [2024-04-25T01:18:40.391+0000] {dag.py:2573} INFO - Sync 1 DAGs
[2024-04-25T01:18:40.422+0000] {logging_mixin.py:117} INFO - [2024-04-25T01:18:40.422+0000] {dag.py:3328} INFO - Setting next_dagrun for tutorial_taskflow_api to None, run_after=None
[2024-04-25T01:18:40.454+0000] {processor.py:178} INFO - Processing /home/airflow/.local/lib/python3.7/site-packages/airflow/example_dags/tutorial_taskflow_api.py took 0.166 seconds
[2024-04-25T01:19:11.326+0000] {processor.py:156} INFO - Started process (PID=10612) to work on /home/airflow/.local/lib/python3.7/site-packages/airflow/example_dags/tutorial_taskflow_api.py
[2024-04-25T01:19:11.327+0000] {processor.py:758} INFO - Processing file /home/airflow/.local/lib/python3.7/site-packages/airflow/example_dags/tutorial_taskflow_api.py for tasks to queue
[2024-04-25T01:19:11.328+0000] {logging_mixin.py:117} INFO - [2024-04-25T01:19:11.327+0000] {dagbag.py:525} INFO - Filling up the DagBag from /home/airflow/.local/lib/python3.7/site-packages/airflow/example_dags/tutorial_taskflow_api.py
[2024-04-25T01:19:11.386+0000] {processor.py:768} INFO - DAG(s) dict_keys(['tutorial_taskflow_api']) retrieved from /home/airflow/.local/lib/python3.7/site-packages/airflow/example_dags/tutorial_taskflow_api.py
[2024-04-25T01:19:11.445+0000] {logging_mixin.py:117} INFO - [2024-04-25T01:19:11.445+0000] {dag.py:2573} INFO - Sync 1 DAGs
[2024-04-25T01:19:11.476+0000] {logging_mixin.py:117} INFO - [2024-04-25T01:19:11.476+0000] {dag.py:3328} INFO - Setting next_dagrun for tutorial_taskflow_api to None, run_after=None
[2024-04-25T01:19:11.504+0000] {processor.py:178} INFO - Processing /home/airflow/.local/lib/python3.7/site-packages/airflow/example_dags/tutorial_taskflow_api.py took 0.182 seconds
[2024-04-25T01:19:42.277+0000] {processor.py:156} INFO - Started process (PID=10828) to work on /home/airflow/.local/lib/python3.7/site-packages/airflow/example_dags/tutorial_taskflow_api.py
[2024-04-25T01:19:42.277+0000] {processor.py:758} INFO - Processing file /home/airflow/.local/lib/python3.7/site-packages/airflow/example_dags/tutorial_taskflow_api.py for tasks to queue
[2024-04-25T01:19:42.278+0000] {logging_mixin.py:117} INFO - [2024-04-25T01:19:42.278+0000] {dagbag.py:525} INFO - Filling up the DagBag from /home/airflow/.local/lib/python3.7/site-packages/airflow/example_dags/tutorial_taskflow_api.py
[2024-04-25T01:19:42.320+0000] {processor.py:768} INFO - DAG(s) dict_keys(['tutorial_taskflow_api']) retrieved from /home/airflow/.local/lib/python3.7/site-packages/airflow/example_dags/tutorial_taskflow_api.py
[2024-04-25T01:19:42.370+0000] {logging_mixin.py:117} INFO - [2024-04-25T01:19:42.369+0000] {dag.py:2573} INFO - Sync 1 DAGs
[2024-04-25T01:19:42.399+0000] {logging_mixin.py:117} INFO - [2024-04-25T01:19:42.399+0000] {dag.py:3328} INFO - Setting next_dagrun for tutorial_taskflow_api to None, run_after=None
[2024-04-25T01:19:42.425+0000] {processor.py:178} INFO - Processing /home/airflow/.local/lib/python3.7/site-packages/airflow/example_dags/tutorial_taskflow_api.py took 0.152 seconds
[2024-04-25T01:20:13.906+0000] {processor.py:156} INFO - Started process (PID=11046) to work on /home/airflow/.local/lib/python3.7/site-packages/airflow/example_dags/tutorial_taskflow_api.py
[2024-04-25T01:20:13.907+0000] {processor.py:758} INFO - Processing file /home/airflow/.local/lib/python3.7/site-packages/airflow/example_dags/tutorial_taskflow_api.py for tasks to queue
[2024-04-25T01:20:13.908+0000] {logging_mixin.py:117} INFO - [2024-04-25T01:20:13.907+0000] {dagbag.py:525} INFO - Filling up the DagBag from /home/airflow/.local/lib/python3.7/site-packages/airflow/example_dags/tutorial_taskflow_api.py
[2024-04-25T01:20:13.973+0000] {processor.py:768} INFO - DAG(s) dict_keys(['tutorial_taskflow_api']) retrieved from /home/airflow/.local/lib/python3.7/site-packages/airflow/example_dags/tutorial_taskflow_api.py
[2024-04-25T01:20:14.049+0000] {logging_mixin.py:117} INFO - [2024-04-25T01:20:14.049+0000] {dag.py:2573} INFO - Sync 1 DAGs
[2024-04-25T01:20:14.082+0000] {logging_mixin.py:117} INFO - [2024-04-25T01:20:14.082+0000] {dag.py:3328} INFO - Setting next_dagrun for tutorial_taskflow_api to None, run_after=None
[2024-04-25T01:20:14.118+0000] {processor.py:178} INFO - Processing /home/airflow/.local/lib/python3.7/site-packages/airflow/example_dags/tutorial_taskflow_api.py took 0.215 seconds
[2024-04-25T01:20:44.237+0000] {processor.py:156} INFO - Started process (PID=11252) to work on /home/airflow/.local/lib/python3.7/site-packages/airflow/example_dags/tutorial_taskflow_api.py
[2024-04-25T01:20:44.238+0000] {processor.py:758} INFO - Processing file /home/airflow/.local/lib/python3.7/site-packages/airflow/example_dags/tutorial_taskflow_api.py for tasks to queue
[2024-04-25T01:20:44.238+0000] {logging_mixin.py:117} INFO - [2024-04-25T01:20:44.238+0000] {dagbag.py:525} INFO - Filling up the DagBag from /home/airflow/.local/lib/python3.7/site-packages/airflow/example_dags/tutorial_taskflow_api.py
[2024-04-25T01:20:44.258+0000] {processor.py:768} INFO - DAG(s) dict_keys(['tutorial_taskflow_api']) retrieved from /home/airflow/.local/lib/python3.7/site-packages/airflow/example_dags/tutorial_taskflow_api.py
[2024-04-25T01:20:44.290+0000] {logging_mixin.py:117} INFO - [2024-04-25T01:20:44.290+0000] {dag.py:2573} INFO - Sync 1 DAGs
[2024-04-25T01:20:44.309+0000] {logging_mixin.py:117} INFO - [2024-04-25T01:20:44.309+0000] {dag.py:3328} INFO - Setting next_dagrun for tutorial_taskflow_api to None, run_after=None
[2024-04-25T01:20:44.331+0000] {processor.py:178} INFO - Processing /home/airflow/.local/lib/python3.7/site-packages/airflow/example_dags/tutorial_taskflow_api.py took 0.096 seconds
[2024-04-25T01:21:14.856+0000] {processor.py:156} INFO - Started process (PID=11472) to work on /home/airflow/.local/lib/python3.7/site-packages/airflow/example_dags/tutorial_taskflow_api.py
[2024-04-25T01:21:14.857+0000] {processor.py:758} INFO - Processing file /home/airflow/.local/lib/python3.7/site-packages/airflow/example_dags/tutorial_taskflow_api.py for tasks to queue
[2024-04-25T01:21:14.858+0000] {logging_mixin.py:117} INFO - [2024-04-25T01:21:14.858+0000] {dagbag.py:525} INFO - Filling up the DagBag from /home/airflow/.local/lib/python3.7/site-packages/airflow/example_dags/tutorial_taskflow_api.py
[2024-04-25T01:21:14.879+0000] {processor.py:768} INFO - DAG(s) dict_keys(['tutorial_taskflow_api']) retrieved from /home/airflow/.local/lib/python3.7/site-packages/airflow/example_dags/tutorial_taskflow_api.py
[2024-04-25T01:21:14.911+0000] {logging_mixin.py:117} INFO - [2024-04-25T01:21:14.911+0000] {dag.py:2573} INFO - Sync 1 DAGs
[2024-04-25T01:21:14.933+0000] {logging_mixin.py:117} INFO - [2024-04-25T01:21:14.933+0000] {dag.py:3328} INFO - Setting next_dagrun for tutorial_taskflow_api to None, run_after=None
[2024-04-25T01:21:14.959+0000] {processor.py:178} INFO - Processing /home/airflow/.local/lib/python3.7/site-packages/airflow/example_dags/tutorial_taskflow_api.py took 0.105 seconds
[2024-04-25T01:21:45.920+0000] {processor.py:156} INFO - Started process (PID=11689) to work on /home/airflow/.local/lib/python3.7/site-packages/airflow/example_dags/tutorial_taskflow_api.py
[2024-04-25T01:21:45.921+0000] {processor.py:758} INFO - Processing file /home/airflow/.local/lib/python3.7/site-packages/airflow/example_dags/tutorial_taskflow_api.py for tasks to queue
[2024-04-25T01:21:45.922+0000] {logging_mixin.py:117} INFO - [2024-04-25T01:21:45.922+0000] {dagbag.py:525} INFO - Filling up the DagBag from /home/airflow/.local/lib/python3.7/site-packages/airflow/example_dags/tutorial_taskflow_api.py
[2024-04-25T01:21:45.945+0000] {processor.py:768} INFO - DAG(s) dict_keys(['tutorial_taskflow_api']) retrieved from /home/airflow/.local/lib/python3.7/site-packages/airflow/example_dags/tutorial_taskflow_api.py
[2024-04-25T01:21:45.979+0000] {logging_mixin.py:117} INFO - [2024-04-25T01:21:45.979+0000] {dag.py:2573} INFO - Sync 1 DAGs
[2024-04-25T01:21:45.999+0000] {logging_mixin.py:117} INFO - [2024-04-25T01:21:45.999+0000] {dag.py:3328} INFO - Setting next_dagrun for tutorial_taskflow_api to None, run_after=None
[2024-04-25T01:21:46.020+0000] {processor.py:178} INFO - Processing /home/airflow/.local/lib/python3.7/site-packages/airflow/example_dags/tutorial_taskflow_api.py took 0.103 seconds
[2024-04-25T01:22:16.454+0000] {processor.py:156} INFO - Started process (PID=11897) to work on /home/airflow/.local/lib/python3.7/site-packages/airflow/example_dags/tutorial_taskflow_api.py
[2024-04-25T01:22:16.455+0000] {processor.py:758} INFO - Processing file /home/airflow/.local/lib/python3.7/site-packages/airflow/example_dags/tutorial_taskflow_api.py for tasks to queue
[2024-04-25T01:22:16.456+0000] {logging_mixin.py:117} INFO - [2024-04-25T01:22:16.456+0000] {dagbag.py:525} INFO - Filling up the DagBag from /home/airflow/.local/lib/python3.7/site-packages/airflow/example_dags/tutorial_taskflow_api.py
[2024-04-25T01:22:16.484+0000] {processor.py:768} INFO - DAG(s) dict_keys(['tutorial_taskflow_api']) retrieved from /home/airflow/.local/lib/python3.7/site-packages/airflow/example_dags/tutorial_taskflow_api.py
[2024-04-25T01:22:16.534+0000] {logging_mixin.py:117} INFO - [2024-04-25T01:22:16.534+0000] {dag.py:2573} INFO - Sync 1 DAGs
[2024-04-25T01:22:16.563+0000] {logging_mixin.py:117} INFO - [2024-04-25T01:22:16.562+0000] {dag.py:3328} INFO - Setting next_dagrun for tutorial_taskflow_api to None, run_after=None
[2024-04-25T01:22:16.588+0000] {processor.py:178} INFO - Processing /home/airflow/.local/lib/python3.7/site-packages/airflow/example_dags/tutorial_taskflow_api.py took 0.137 seconds
[2024-04-25T01:22:47.225+0000] {processor.py:156} INFO - Started process (PID=12112) to work on /home/airflow/.local/lib/python3.7/site-packages/airflow/example_dags/tutorial_taskflow_api.py
[2024-04-25T01:22:47.230+0000] {processor.py:758} INFO - Processing file /home/airflow/.local/lib/python3.7/site-packages/airflow/example_dags/tutorial_taskflow_api.py for tasks to queue
[2024-04-25T01:22:47.230+0000] {logging_mixin.py:117} INFO - [2024-04-25T01:22:47.230+0000] {dagbag.py:525} INFO - Filling up the DagBag from /home/airflow/.local/lib/python3.7/site-packages/airflow/example_dags/tutorial_taskflow_api.py
[2024-04-25T01:22:47.293+0000] {processor.py:768} INFO - DAG(s) dict_keys(['tutorial_taskflow_api']) retrieved from /home/airflow/.local/lib/python3.7/site-packages/airflow/example_dags/tutorial_taskflow_api.py
[2024-04-25T01:22:47.376+0000] {logging_mixin.py:117} INFO - [2024-04-25T01:22:47.376+0000] {dag.py:2573} INFO - Sync 1 DAGs
[2024-04-25T01:22:47.405+0000] {logging_mixin.py:117} INFO - [2024-04-25T01:22:47.405+0000] {dag.py:3328} INFO - Setting next_dagrun for tutorial_taskflow_api to None, run_after=None
[2024-04-25T01:22:47.441+0000] {processor.py:178} INFO - Processing /home/airflow/.local/lib/python3.7/site-packages/airflow/example_dags/tutorial_taskflow_api.py took 0.230 seconds
[2024-04-25T01:23:18.410+0000] {processor.py:156} INFO - Started process (PID=12332) to work on /home/airflow/.local/lib/python3.7/site-packages/airflow/example_dags/tutorial_taskflow_api.py
[2024-04-25T01:23:18.411+0000] {processor.py:758} INFO - Processing file /home/airflow/.local/lib/python3.7/site-packages/airflow/example_dags/tutorial_taskflow_api.py for tasks to queue
[2024-04-25T01:23:18.412+0000] {logging_mixin.py:117} INFO - [2024-04-25T01:23:18.412+0000] {dagbag.py:525} INFO - Filling up the DagBag from /home/airflow/.local/lib/python3.7/site-packages/airflow/example_dags/tutorial_taskflow_api.py
[2024-04-25T01:23:18.444+0000] {processor.py:768} INFO - DAG(s) dict_keys(['tutorial_taskflow_api']) retrieved from /home/airflow/.local/lib/python3.7/site-packages/airflow/example_dags/tutorial_taskflow_api.py
[2024-04-25T01:23:18.493+0000] {logging_mixin.py:117} INFO - [2024-04-25T01:23:18.492+0000] {dag.py:2573} INFO - Sync 1 DAGs
[2024-04-25T01:23:18.525+0000] {logging_mixin.py:117} INFO - [2024-04-25T01:23:18.525+0000] {dag.py:3328} INFO - Setting next_dagrun for tutorial_taskflow_api to None, run_after=None
[2024-04-25T01:23:18.549+0000] {processor.py:178} INFO - Processing /home/airflow/.local/lib/python3.7/site-packages/airflow/example_dags/tutorial_taskflow_api.py took 0.150 seconds
[2024-04-25T01:23:48.834+0000] {processor.py:156} INFO - Started process (PID=12541) to work on /home/airflow/.local/lib/python3.7/site-packages/airflow/example_dags/tutorial_taskflow_api.py
[2024-04-25T01:23:48.836+0000] {processor.py:758} INFO - Processing file /home/airflow/.local/lib/python3.7/site-packages/airflow/example_dags/tutorial_taskflow_api.py for tasks to queue
[2024-04-25T01:23:48.837+0000] {logging_mixin.py:117} INFO - [2024-04-25T01:23:48.837+0000] {dagbag.py:525} INFO - Filling up the DagBag from /home/airflow/.local/lib/python3.7/site-packages/airflow/example_dags/tutorial_taskflow_api.py
[2024-04-25T01:23:48.867+0000] {processor.py:768} INFO - DAG(s) dict_keys(['tutorial_taskflow_api']) retrieved from /home/airflow/.local/lib/python3.7/site-packages/airflow/example_dags/tutorial_taskflow_api.py
[2024-04-25T01:23:48.913+0000] {logging_mixin.py:117} INFO - [2024-04-25T01:23:48.913+0000] {dag.py:2573} INFO - Sync 1 DAGs
[2024-04-25T01:23:48.943+0000] {logging_mixin.py:117} INFO - [2024-04-25T01:23:48.942+0000] {dag.py:3328} INFO - Setting next_dagrun for tutorial_taskflow_api to None, run_after=None
[2024-04-25T01:23:48.964+0000] {processor.py:178} INFO - Processing /home/airflow/.local/lib/python3.7/site-packages/airflow/example_dags/tutorial_taskflow_api.py took 0.134 seconds
[2024-04-25T01:24:19.207+0000] {processor.py:156} INFO - Started process (PID=12761) to work on /home/airflow/.local/lib/python3.7/site-packages/airflow/example_dags/tutorial_taskflow_api.py
[2024-04-25T01:24:19.208+0000] {processor.py:758} INFO - Processing file /home/airflow/.local/lib/python3.7/site-packages/airflow/example_dags/tutorial_taskflow_api.py for tasks to queue
[2024-04-25T01:24:19.210+0000] {logging_mixin.py:117} INFO - [2024-04-25T01:24:19.209+0000] {dagbag.py:525} INFO - Filling up the DagBag from /home/airflow/.local/lib/python3.7/site-packages/airflow/example_dags/tutorial_taskflow_api.py
[2024-04-25T01:24:19.239+0000] {processor.py:768} INFO - DAG(s) dict_keys(['tutorial_taskflow_api']) retrieved from /home/airflow/.local/lib/python3.7/site-packages/airflow/example_dags/tutorial_taskflow_api.py
[2024-04-25T01:24:19.289+0000] {logging_mixin.py:117} INFO - [2024-04-25T01:24:19.289+0000] {dag.py:2573} INFO - Sync 1 DAGs
[2024-04-25T01:24:19.314+0000] {logging_mixin.py:117} INFO - [2024-04-25T01:24:19.314+0000] {dag.py:3328} INFO - Setting next_dagrun for tutorial_taskflow_api to None, run_after=None
[2024-04-25T01:24:19.336+0000] {processor.py:178} INFO - Processing /home/airflow/.local/lib/python3.7/site-packages/airflow/example_dags/tutorial_taskflow_api.py took 0.132 seconds
[2024-04-25T01:24:51.625+0000] {processor.py:156} INFO - Started process (PID=12977) to work on /home/airflow/.local/lib/python3.7/site-packages/airflow/example_dags/tutorial_taskflow_api.py
[2024-04-25T01:24:51.626+0000] {processor.py:758} INFO - Processing file /home/airflow/.local/lib/python3.7/site-packages/airflow/example_dags/tutorial_taskflow_api.py for tasks to queue
[2024-04-25T01:24:51.626+0000] {logging_mixin.py:117} INFO - [2024-04-25T01:24:51.626+0000] {dagbag.py:525} INFO - Filling up the DagBag from /home/airflow/.local/lib/python3.7/site-packages/airflow/example_dags/tutorial_taskflow_api.py
[2024-04-25T01:24:51.656+0000] {processor.py:768} INFO - DAG(s) dict_keys(['tutorial_taskflow_api']) retrieved from /home/airflow/.local/lib/python3.7/site-packages/airflow/example_dags/tutorial_taskflow_api.py
[2024-04-25T01:24:51.723+0000] {logging_mixin.py:117} INFO - [2024-04-25T01:24:51.722+0000] {dag.py:2573} INFO - Sync 1 DAGs
[2024-04-25T01:24:51.762+0000] {logging_mixin.py:117} INFO - [2024-04-25T01:24:51.762+0000] {dag.py:3328} INFO - Setting next_dagrun for tutorial_taskflow_api to None, run_after=None
[2024-04-25T01:24:51.786+0000] {processor.py:178} INFO - Processing /home/airflow/.local/lib/python3.7/site-packages/airflow/example_dags/tutorial_taskflow_api.py took 0.164 seconds
[2024-04-25T01:25:22.147+0000] {processor.py:156} INFO - Started process (PID=13186) to work on /home/airflow/.local/lib/python3.7/site-packages/airflow/example_dags/tutorial_taskflow_api.py
[2024-04-25T01:25:22.148+0000] {processor.py:758} INFO - Processing file /home/airflow/.local/lib/python3.7/site-packages/airflow/example_dags/tutorial_taskflow_api.py for tasks to queue
[2024-04-25T01:25:22.148+0000] {logging_mixin.py:117} INFO - [2024-04-25T01:25:22.148+0000] {dagbag.py:525} INFO - Filling up the DagBag from /home/airflow/.local/lib/python3.7/site-packages/airflow/example_dags/tutorial_taskflow_api.py
[2024-04-25T01:25:22.204+0000] {processor.py:768} INFO - DAG(s) dict_keys(['tutorial_taskflow_api']) retrieved from /home/airflow/.local/lib/python3.7/site-packages/airflow/example_dags/tutorial_taskflow_api.py
[2024-04-25T01:25:22.327+0000] {logging_mixin.py:117} INFO - [2024-04-25T01:25:22.327+0000] {dag.py:2573} INFO - Sync 1 DAGs
[2024-04-25T01:25:22.372+0000] {logging_mixin.py:117} INFO - [2024-04-25T01:25:22.371+0000] {dag.py:3328} INFO - Setting next_dagrun for tutorial_taskflow_api to None, run_after=None
[2024-04-25T01:25:22.409+0000] {processor.py:178} INFO - Processing /home/airflow/.local/lib/python3.7/site-packages/airflow/example_dags/tutorial_taskflow_api.py took 0.265 seconds
[2024-04-25T01:25:53.428+0000] {processor.py:156} INFO - Started process (PID=13405) to work on /home/airflow/.local/lib/python3.7/site-packages/airflow/example_dags/tutorial_taskflow_api.py
[2024-04-25T01:25:53.429+0000] {processor.py:758} INFO - Processing file /home/airflow/.local/lib/python3.7/site-packages/airflow/example_dags/tutorial_taskflow_api.py for tasks to queue
[2024-04-25T01:25:53.430+0000] {logging_mixin.py:117} INFO - [2024-04-25T01:25:53.430+0000] {dagbag.py:525} INFO - Filling up the DagBag from /home/airflow/.local/lib/python3.7/site-packages/airflow/example_dags/tutorial_taskflow_api.py
[2024-04-25T01:25:53.460+0000] {processor.py:768} INFO - DAG(s) dict_keys(['tutorial_taskflow_api']) retrieved from /home/airflow/.local/lib/python3.7/site-packages/airflow/example_dags/tutorial_taskflow_api.py
[2024-04-25T01:25:53.553+0000] {logging_mixin.py:117} INFO - [2024-04-25T01:25:53.553+0000] {dag.py:2573} INFO - Sync 1 DAGs
[2024-04-25T01:25:53.611+0000] {logging_mixin.py:117} INFO - [2024-04-25T01:25:53.611+0000] {dag.py:3328} INFO - Setting next_dagrun for tutorial_taskflow_api to None, run_after=None
[2024-04-25T01:25:53.646+0000] {processor.py:178} INFO - Processing /home/airflow/.local/lib/python3.7/site-packages/airflow/example_dags/tutorial_taskflow_api.py took 0.222 seconds
[2024-04-25T01:26:23.921+0000] {processor.py:156} INFO - Started process (PID=13621) to work on /home/airflow/.local/lib/python3.7/site-packages/airflow/example_dags/tutorial_taskflow_api.py
[2024-04-25T01:26:23.923+0000] {processor.py:758} INFO - Processing file /home/airflow/.local/lib/python3.7/site-packages/airflow/example_dags/tutorial_taskflow_api.py for tasks to queue
[2024-04-25T01:26:23.923+0000] {logging_mixin.py:117} INFO - [2024-04-25T01:26:23.923+0000] {dagbag.py:525} INFO - Filling up the DagBag from /home/airflow/.local/lib/python3.7/site-packages/airflow/example_dags/tutorial_taskflow_api.py
[2024-04-25T01:26:23.950+0000] {processor.py:768} INFO - DAG(s) dict_keys(['tutorial_taskflow_api']) retrieved from /home/airflow/.local/lib/python3.7/site-packages/airflow/example_dags/tutorial_taskflow_api.py
[2024-04-25T01:26:23.996+0000] {logging_mixin.py:117} INFO - [2024-04-25T01:26:23.996+0000] {dag.py:2573} INFO - Sync 1 DAGs
[2024-04-25T01:26:24.026+0000] {logging_mixin.py:117} INFO - [2024-04-25T01:26:24.025+0000] {dag.py:3328} INFO - Setting next_dagrun for tutorial_taskflow_api to None, run_after=None
[2024-04-25T01:26:24.062+0000] {processor.py:178} INFO - Processing /home/airflow/.local/lib/python3.7/site-packages/airflow/example_dags/tutorial_taskflow_api.py took 0.143 seconds
