[2024-04-28T06:13:59.212+0000] {processor.py:156} INFO - Started process (PID=298) to work on /home/airflow/.local/lib/python3.7/site-packages/airflow/example_dags/example_xcom.py
[2024-04-28T06:13:59.213+0000] {processor.py:758} INFO - Processing file /home/airflow/.local/lib/python3.7/site-packages/airflow/example_dags/example_xcom.py for tasks to queue
[2024-04-28T06:13:59.214+0000] {logging_mixin.py:117} INFO - [2024-04-28T06:13:59.214+0000] {dagbag.py:525} INFO - Filling up the DagBag from /home/airflow/.local/lib/python3.7/site-packages/airflow/example_dags/example_xcom.py
[2024-04-28T06:13:59.250+0000] {processor.py:768} INFO - DAG(s) dict_keys(['example_xcom']) retrieved from /home/airflow/.local/lib/python3.7/site-packages/airflow/example_dags/example_xcom.py
[2024-04-28T06:13:59.307+0000] {logging_mixin.py:117} INFO - [2024-04-28T06:13:59.307+0000] {dag.py:2573} INFO - Sync 1 DAGs
[2024-04-28T06:13:59.352+0000] {logging_mixin.py:117} INFO - [2024-04-28T06:13:59.352+0000] {dag.py:3328} INFO - Setting next_dagrun for example_xcom to 2021-01-01T00:00:00+00:00, run_after=2021-01-01T00:00:00+00:00
[2024-04-28T06:13:59.398+0000] {processor.py:178} INFO - Processing /home/airflow/.local/lib/python3.7/site-packages/airflow/example_dags/example_xcom.py took 0.190 seconds
[2024-04-28T06:14:30.231+0000] {processor.py:156} INFO - Started process (PID=516) to work on /home/airflow/.local/lib/python3.7/site-packages/airflow/example_dags/example_xcom.py
[2024-04-28T06:14:30.231+0000] {processor.py:758} INFO - Processing file /home/airflow/.local/lib/python3.7/site-packages/airflow/example_dags/example_xcom.py for tasks to queue
[2024-04-28T06:14:30.232+0000] {logging_mixin.py:117} INFO - [2024-04-28T06:14:30.232+0000] {dagbag.py:525} INFO - Filling up the DagBag from /home/airflow/.local/lib/python3.7/site-packages/airflow/example_dags/example_xcom.py
[2024-04-28T06:14:30.262+0000] {processor.py:768} INFO - DAG(s) dict_keys(['example_xcom']) retrieved from /home/airflow/.local/lib/python3.7/site-packages/airflow/example_dags/example_xcom.py
[2024-04-28T06:14:30.310+0000] {logging_mixin.py:117} INFO - [2024-04-28T06:14:30.310+0000] {dag.py:2573} INFO - Sync 1 DAGs
[2024-04-28T06:14:30.340+0000] {logging_mixin.py:117} INFO - [2024-04-28T06:14:30.340+0000] {dag.py:3328} INFO - Setting next_dagrun for example_xcom to 2021-01-01T00:00:00+00:00, run_after=2021-01-01T00:00:00+00:00
[2024-04-28T06:14:30.364+0000] {processor.py:178} INFO - Processing /home/airflow/.local/lib/python3.7/site-packages/airflow/example_dags/example_xcom.py took 0.136 seconds
[2024-04-28T06:15:00.654+0000] {processor.py:156} INFO - Started process (PID=724) to work on /home/airflow/.local/lib/python3.7/site-packages/airflow/example_dags/example_xcom.py
[2024-04-28T06:15:00.655+0000] {processor.py:758} INFO - Processing file /home/airflow/.local/lib/python3.7/site-packages/airflow/example_dags/example_xcom.py for tasks to queue
[2024-04-28T06:15:00.655+0000] {logging_mixin.py:117} INFO - [2024-04-28T06:15:00.655+0000] {dagbag.py:525} INFO - Filling up the DagBag from /home/airflow/.local/lib/python3.7/site-packages/airflow/example_dags/example_xcom.py
[2024-04-28T06:15:00.689+0000] {processor.py:768} INFO - DAG(s) dict_keys(['example_xcom']) retrieved from /home/airflow/.local/lib/python3.7/site-packages/airflow/example_dags/example_xcom.py
[2024-04-28T06:15:00.736+0000] {logging_mixin.py:117} INFO - [2024-04-28T06:15:00.736+0000] {dag.py:2573} INFO - Sync 1 DAGs
[2024-04-28T06:15:00.767+0000] {logging_mixin.py:117} INFO - [2024-04-28T06:15:00.766+0000] {dag.py:3328} INFO - Setting next_dagrun for example_xcom to 2021-01-01T00:00:00+00:00, run_after=2021-01-01T00:00:00+00:00
[2024-04-28T06:15:00.788+0000] {processor.py:178} INFO - Processing /home/airflow/.local/lib/python3.7/site-packages/airflow/example_dags/example_xcom.py took 0.137 seconds
[2024-04-28T06:15:31.071+0000] {processor.py:156} INFO - Started process (PID=944) to work on /home/airflow/.local/lib/python3.7/site-packages/airflow/example_dags/example_xcom.py
[2024-04-28T06:15:31.072+0000] {processor.py:758} INFO - Processing file /home/airflow/.local/lib/python3.7/site-packages/airflow/example_dags/example_xcom.py for tasks to queue
[2024-04-28T06:15:31.072+0000] {logging_mixin.py:117} INFO - [2024-04-28T06:15:31.072+0000] {dagbag.py:525} INFO - Filling up the DagBag from /home/airflow/.local/lib/python3.7/site-packages/airflow/example_dags/example_xcom.py
[2024-04-28T06:15:31.102+0000] {processor.py:768} INFO - DAG(s) dict_keys(['example_xcom']) retrieved from /home/airflow/.local/lib/python3.7/site-packages/airflow/example_dags/example_xcom.py
[2024-04-28T06:15:31.150+0000] {logging_mixin.py:117} INFO - [2024-04-28T06:15:31.150+0000] {dag.py:2573} INFO - Sync 1 DAGs
[2024-04-28T06:15:31.180+0000] {logging_mixin.py:117} INFO - [2024-04-28T06:15:31.180+0000] {dag.py:3328} INFO - Setting next_dagrun for example_xcom to 2021-01-01T00:00:00+00:00, run_after=2021-01-01T00:00:00+00:00
[2024-04-28T06:15:31.204+0000] {processor.py:178} INFO - Processing /home/airflow/.local/lib/python3.7/site-packages/airflow/example_dags/example_xcom.py took 0.136 seconds
[2024-04-28T06:16:03.092+0000] {processor.py:156} INFO - Started process (PID=1164) to work on /home/airflow/.local/lib/python3.7/site-packages/airflow/example_dags/example_xcom.py
[2024-04-28T06:16:03.093+0000] {processor.py:758} INFO - Processing file /home/airflow/.local/lib/python3.7/site-packages/airflow/example_dags/example_xcom.py for tasks to queue
[2024-04-28T06:16:03.094+0000] {logging_mixin.py:117} INFO - [2024-04-28T06:16:03.094+0000] {dagbag.py:525} INFO - Filling up the DagBag from /home/airflow/.local/lib/python3.7/site-packages/airflow/example_dags/example_xcom.py
[2024-04-28T06:16:03.128+0000] {processor.py:768} INFO - DAG(s) dict_keys(['example_xcom']) retrieved from /home/airflow/.local/lib/python3.7/site-packages/airflow/example_dags/example_xcom.py
[2024-04-28T06:16:03.176+0000] {logging_mixin.py:117} INFO - [2024-04-28T06:16:03.176+0000] {dag.py:2573} INFO - Sync 1 DAGs
[2024-04-28T06:16:03.208+0000] {logging_mixin.py:117} INFO - [2024-04-28T06:16:03.207+0000] {dag.py:3328} INFO - Setting next_dagrun for example_xcom to 2021-01-01T00:00:00+00:00, run_after=2021-01-01T00:00:00+00:00
[2024-04-28T06:16:03.376+0000] {processor.py:178} INFO - Processing /home/airflow/.local/lib/python3.7/site-packages/airflow/example_dags/example_xcom.py took 0.287 seconds
[2024-04-28T06:16:35.766+0000] {processor.py:156} INFO - Started process (PID=1387) to work on /home/airflow/.local/lib/python3.7/site-packages/airflow/example_dags/example_xcom.py
[2024-04-28T06:16:35.767+0000] {processor.py:758} INFO - Processing file /home/airflow/.local/lib/python3.7/site-packages/airflow/example_dags/example_xcom.py for tasks to queue
[2024-04-28T06:16:35.768+0000] {logging_mixin.py:117} INFO - [2024-04-28T06:16:35.767+0000] {dagbag.py:525} INFO - Filling up the DagBag from /home/airflow/.local/lib/python3.7/site-packages/airflow/example_dags/example_xcom.py
[2024-04-28T06:16:35.789+0000] {processor.py:768} INFO - DAG(s) dict_keys(['example_xcom']) retrieved from /home/airflow/.local/lib/python3.7/site-packages/airflow/example_dags/example_xcom.py
[2024-04-28T06:16:35.822+0000] {logging_mixin.py:117} INFO - [2024-04-28T06:16:35.822+0000] {dag.py:2573} INFO - Sync 1 DAGs
[2024-04-28T06:16:35.946+0000] {logging_mixin.py:117} INFO - [2024-04-28T06:16:35.946+0000] {dag.py:3328} INFO - Setting next_dagrun for example_xcom to 2021-01-01T00:00:00+00:00, run_after=2021-01-01T00:00:00+00:00
[2024-04-28T06:16:35.966+0000] {processor.py:178} INFO - Processing /home/airflow/.local/lib/python3.7/site-packages/airflow/example_dags/example_xcom.py took 0.203 seconds
[2024-04-28T06:17:06.151+0000] {processor.py:156} INFO - Started process (PID=1588) to work on /home/airflow/.local/lib/python3.7/site-packages/airflow/example_dags/example_xcom.py
[2024-04-28T06:17:06.152+0000] {processor.py:758} INFO - Processing file /home/airflow/.local/lib/python3.7/site-packages/airflow/example_dags/example_xcom.py for tasks to queue
[2024-04-28T06:17:06.154+0000] {logging_mixin.py:117} INFO - [2024-04-28T06:17:06.153+0000] {dagbag.py:525} INFO - Filling up the DagBag from /home/airflow/.local/lib/python3.7/site-packages/airflow/example_dags/example_xcom.py
[2024-04-28T06:17:06.215+0000] {processor.py:768} INFO - DAG(s) dict_keys(['example_xcom']) retrieved from /home/airflow/.local/lib/python3.7/site-packages/airflow/example_dags/example_xcom.py
[2024-04-28T06:17:06.553+0000] {logging_mixin.py:117} INFO - [2024-04-28T06:17:06.553+0000] {dag.py:2573} INFO - Sync 1 DAGs
[2024-04-28T06:17:06.582+0000] {logging_mixin.py:117} INFO - [2024-04-28T06:17:06.581+0000] {dag.py:3328} INFO - Setting next_dagrun for example_xcom to 2021-01-01T00:00:00+00:00, run_after=2021-01-01T00:00:00+00:00
[2024-04-28T06:17:06.606+0000] {processor.py:178} INFO - Processing /home/airflow/.local/lib/python3.7/site-packages/airflow/example_dags/example_xcom.py took 0.459 seconds
[2024-04-28T06:17:37.086+0000] {processor.py:156} INFO - Started process (PID=1805) to work on /home/airflow/.local/lib/python3.7/site-packages/airflow/example_dags/example_xcom.py
[2024-04-28T06:17:37.087+0000] {processor.py:758} INFO - Processing file /home/airflow/.local/lib/python3.7/site-packages/airflow/example_dags/example_xcom.py for tasks to queue
[2024-04-28T06:17:37.088+0000] {logging_mixin.py:117} INFO - [2024-04-28T06:17:37.087+0000] {dagbag.py:525} INFO - Filling up the DagBag from /home/airflow/.local/lib/python3.7/site-packages/airflow/example_dags/example_xcom.py
[2024-04-28T06:17:37.116+0000] {processor.py:768} INFO - DAG(s) dict_keys(['example_xcom']) retrieved from /home/airflow/.local/lib/python3.7/site-packages/airflow/example_dags/example_xcom.py
[2024-04-28T06:17:37.316+0000] {logging_mixin.py:117} INFO - [2024-04-28T06:17:37.316+0000] {dag.py:2573} INFO - Sync 1 DAGs
[2024-04-28T06:17:37.360+0000] {logging_mixin.py:117} INFO - [2024-04-28T06:17:37.360+0000] {dag.py:3328} INFO - Setting next_dagrun for example_xcom to 2021-01-01T00:00:00+00:00, run_after=2021-01-01T00:00:00+00:00
[2024-04-28T06:17:37.386+0000] {processor.py:178} INFO - Processing /home/airflow/.local/lib/python3.7/site-packages/airflow/example_dags/example_xcom.py took 0.303 seconds
[2024-04-28T06:18:07.977+0000] {processor.py:156} INFO - Started process (PID=2023) to work on /home/airflow/.local/lib/python3.7/site-packages/airflow/example_dags/example_xcom.py
[2024-04-28T06:18:07.978+0000] {processor.py:758} INFO - Processing file /home/airflow/.local/lib/python3.7/site-packages/airflow/example_dags/example_xcom.py for tasks to queue
[2024-04-28T06:18:07.979+0000] {logging_mixin.py:117} INFO - [2024-04-28T06:18:07.978+0000] {dagbag.py:525} INFO - Filling up the DagBag from /home/airflow/.local/lib/python3.7/site-packages/airflow/example_dags/example_xcom.py
[2024-04-28T06:18:08.009+0000] {processor.py:768} INFO - DAG(s) dict_keys(['example_xcom']) retrieved from /home/airflow/.local/lib/python3.7/site-packages/airflow/example_dags/example_xcom.py
[2024-04-28T06:18:08.197+0000] {logging_mixin.py:117} INFO - [2024-04-28T06:18:08.196+0000] {dag.py:2573} INFO - Sync 1 DAGs
[2024-04-28T06:18:08.221+0000] {logging_mixin.py:117} INFO - [2024-04-28T06:18:08.221+0000] {dag.py:3328} INFO - Setting next_dagrun for example_xcom to 2021-01-01T00:00:00+00:00, run_after=2021-01-01T00:00:00+00:00
[2024-04-28T06:18:08.246+0000] {processor.py:178} INFO - Processing /home/airflow/.local/lib/python3.7/site-packages/airflow/example_dags/example_xcom.py took 0.272 seconds
[2024-04-28T06:18:38.699+0000] {processor.py:156} INFO - Started process (PID=2231) to work on /home/airflow/.local/lib/python3.7/site-packages/airflow/example_dags/example_xcom.py
[2024-04-28T06:18:38.700+0000] {processor.py:758} INFO - Processing file /home/airflow/.local/lib/python3.7/site-packages/airflow/example_dags/example_xcom.py for tasks to queue
[2024-04-28T06:18:38.700+0000] {logging_mixin.py:117} INFO - [2024-04-28T06:18:38.700+0000] {dagbag.py:525} INFO - Filling up the DagBag from /home/airflow/.local/lib/python3.7/site-packages/airflow/example_dags/example_xcom.py
[2024-04-28T06:18:38.907+0000] {processor.py:768} INFO - DAG(s) dict_keys(['example_xcom']) retrieved from /home/airflow/.local/lib/python3.7/site-packages/airflow/example_dags/example_xcom.py
[2024-04-28T06:18:38.946+0000] {logging_mixin.py:117} INFO - [2024-04-28T06:18:38.946+0000] {dag.py:2573} INFO - Sync 1 DAGs
[2024-04-28T06:18:38.978+0000] {logging_mixin.py:117} INFO - [2024-04-28T06:18:38.978+0000] {dag.py:3328} INFO - Setting next_dagrun for example_xcom to 2021-01-01T00:00:00+00:00, run_after=2021-01-01T00:00:00+00:00
[2024-04-28T06:18:39.003+0000] {processor.py:178} INFO - Processing /home/airflow/.local/lib/python3.7/site-packages/airflow/example_dags/example_xcom.py took 0.308 seconds
[2024-04-28T06:19:09.454+0000] {processor.py:156} INFO - Started process (PID=2452) to work on /home/airflow/.local/lib/python3.7/site-packages/airflow/example_dags/example_xcom.py
[2024-04-28T06:19:09.455+0000] {processor.py:758} INFO - Processing file /home/airflow/.local/lib/python3.7/site-packages/airflow/example_dags/example_xcom.py for tasks to queue
[2024-04-28T06:19:09.455+0000] {logging_mixin.py:117} INFO - [2024-04-28T06:19:09.455+0000] {dagbag.py:525} INFO - Filling up the DagBag from /home/airflow/.local/lib/python3.7/site-packages/airflow/example_dags/example_xcom.py
[2024-04-28T06:19:09.476+0000] {processor.py:768} INFO - DAG(s) dict_keys(['example_xcom']) retrieved from /home/airflow/.local/lib/python3.7/site-packages/airflow/example_dags/example_xcom.py
[2024-04-28T06:19:09.616+0000] {logging_mixin.py:117} INFO - [2024-04-28T06:19:09.616+0000] {dag.py:2573} INFO - Sync 1 DAGs
[2024-04-28T06:19:09.634+0000] {logging_mixin.py:117} INFO - [2024-04-28T06:19:09.634+0000] {dag.py:3328} INFO - Setting next_dagrun for example_xcom to 2021-01-01T00:00:00+00:00, run_after=2021-01-01T00:00:00+00:00
[2024-04-28T06:19:09.653+0000] {processor.py:178} INFO - Processing /home/airflow/.local/lib/python3.7/site-packages/airflow/example_dags/example_xcom.py took 0.202 seconds
[2024-04-28T06:19:41.136+0000] {processor.py:156} INFO - Started process (PID=2667) to work on /home/airflow/.local/lib/python3.7/site-packages/airflow/example_dags/example_xcom.py
[2024-04-28T06:19:41.137+0000] {processor.py:758} INFO - Processing file /home/airflow/.local/lib/python3.7/site-packages/airflow/example_dags/example_xcom.py for tasks to queue
[2024-04-28T06:19:41.138+0000] {logging_mixin.py:117} INFO - [2024-04-28T06:19:41.137+0000] {dagbag.py:525} INFO - Filling up the DagBag from /home/airflow/.local/lib/python3.7/site-packages/airflow/example_dags/example_xcom.py
[2024-04-28T06:19:41.174+0000] {processor.py:768} INFO - DAG(s) dict_keys(['example_xcom']) retrieved from /home/airflow/.local/lib/python3.7/site-packages/airflow/example_dags/example_xcom.py
[2024-04-28T06:19:41.447+0000] {logging_mixin.py:117} INFO - [2024-04-28T06:19:41.447+0000] {dag.py:2573} INFO - Sync 1 DAGs
[2024-04-28T06:19:41.478+0000] {logging_mixin.py:117} INFO - [2024-04-28T06:19:41.478+0000] {dag.py:3328} INFO - Setting next_dagrun for example_xcom to 2021-01-01T00:00:00+00:00, run_after=2021-01-01T00:00:00+00:00
[2024-04-28T06:19:41.503+0000] {processor.py:178} INFO - Processing /home/airflow/.local/lib/python3.7/site-packages/airflow/example_dags/example_xcom.py took 0.371 seconds
[2024-04-28T06:20:12.025+0000] {processor.py:156} INFO - Started process (PID=2876) to work on /home/airflow/.local/lib/python3.7/site-packages/airflow/example_dags/example_xcom.py
[2024-04-28T06:20:12.026+0000] {processor.py:758} INFO - Processing file /home/airflow/.local/lib/python3.7/site-packages/airflow/example_dags/example_xcom.py for tasks to queue
[2024-04-28T06:20:12.027+0000] {logging_mixin.py:117} INFO - [2024-04-28T06:20:12.027+0000] {dagbag.py:525} INFO - Filling up the DagBag from /home/airflow/.local/lib/python3.7/site-packages/airflow/example_dags/example_xcom.py
[2024-04-28T06:20:12.054+0000] {processor.py:768} INFO - DAG(s) dict_keys(['example_xcom']) retrieved from /home/airflow/.local/lib/python3.7/site-packages/airflow/example_dags/example_xcom.py
[2024-04-28T06:20:12.240+0000] {logging_mixin.py:117} INFO - [2024-04-28T06:20:12.240+0000] {dag.py:2573} INFO - Sync 1 DAGs
[2024-04-28T06:20:12.269+0000] {logging_mixin.py:117} INFO - [2024-04-28T06:20:12.269+0000] {dag.py:3328} INFO - Setting next_dagrun for example_xcom to 2021-01-01T00:00:00+00:00, run_after=2021-01-01T00:00:00+00:00
[2024-04-28T06:20:12.294+0000] {processor.py:178} INFO - Processing /home/airflow/.local/lib/python3.7/site-packages/airflow/example_dags/example_xcom.py took 0.272 seconds
[2024-04-28T06:20:42.619+0000] {processor.py:156} INFO - Started process (PID=3094) to work on /home/airflow/.local/lib/python3.7/site-packages/airflow/example_dags/example_xcom.py
[2024-04-28T06:20:42.620+0000] {processor.py:758} INFO - Processing file /home/airflow/.local/lib/python3.7/site-packages/airflow/example_dags/example_xcom.py for tasks to queue
[2024-04-28T06:20:42.620+0000] {logging_mixin.py:117} INFO - [2024-04-28T06:20:42.620+0000] {dagbag.py:525} INFO - Filling up the DagBag from /home/airflow/.local/lib/python3.7/site-packages/airflow/example_dags/example_xcom.py
[2024-04-28T06:20:42.798+0000] {processor.py:768} INFO - DAG(s) dict_keys(['example_xcom']) retrieved from /home/airflow/.local/lib/python3.7/site-packages/airflow/example_dags/example_xcom.py
[2024-04-28T06:20:42.838+0000] {logging_mixin.py:117} INFO - [2024-04-28T06:20:42.837+0000] {dag.py:2573} INFO - Sync 1 DAGs
[2024-04-28T06:20:42.868+0000] {logging_mixin.py:117} INFO - [2024-04-28T06:20:42.868+0000] {dag.py:3328} INFO - Setting next_dagrun for example_xcom to 2021-01-01T00:00:00+00:00, run_after=2021-01-01T00:00:00+00:00
[2024-04-28T06:20:42.893+0000] {processor.py:178} INFO - Processing /home/airflow/.local/lib/python3.7/site-packages/airflow/example_dags/example_xcom.py took 0.278 seconds
[2024-04-28T06:21:13.443+0000] {processor.py:156} INFO - Started process (PID=3311) to work on /home/airflow/.local/lib/python3.7/site-packages/airflow/example_dags/example_xcom.py
[2024-04-28T06:21:13.444+0000] {processor.py:758} INFO - Processing file /home/airflow/.local/lib/python3.7/site-packages/airflow/example_dags/example_xcom.py for tasks to queue
[2024-04-28T06:21:13.445+0000] {logging_mixin.py:117} INFO - [2024-04-28T06:21:13.445+0000] {dagbag.py:525} INFO - Filling up the DagBag from /home/airflow/.local/lib/python3.7/site-packages/airflow/example_dags/example_xcom.py
[2024-04-28T06:21:13.472+0000] {processor.py:768} INFO - DAG(s) dict_keys(['example_xcom']) retrieved from /home/airflow/.local/lib/python3.7/site-packages/airflow/example_dags/example_xcom.py
[2024-04-28T06:21:13.520+0000] {logging_mixin.py:117} INFO - [2024-04-28T06:21:13.520+0000] {dag.py:2573} INFO - Sync 1 DAGs
[2024-04-28T06:21:13.687+0000] {logging_mixin.py:117} INFO - [2024-04-28T06:21:13.687+0000] {dag.py:3328} INFO - Setting next_dagrun for example_xcom to 2021-01-01T00:00:00+00:00, run_after=2021-01-01T00:00:00+00:00
[2024-04-28T06:21:13.712+0000] {processor.py:178} INFO - Processing /home/airflow/.local/lib/python3.7/site-packages/airflow/example_dags/example_xcom.py took 0.273 seconds
[2024-04-28T06:21:44.273+0000] {processor.py:156} INFO - Started process (PID=3519) to work on /home/airflow/.local/lib/python3.7/site-packages/airflow/example_dags/example_xcom.py
[2024-04-28T06:21:44.274+0000] {processor.py:758} INFO - Processing file /home/airflow/.local/lib/python3.7/site-packages/airflow/example_dags/example_xcom.py for tasks to queue
[2024-04-28T06:21:44.275+0000] {logging_mixin.py:117} INFO - [2024-04-28T06:21:44.275+0000] {dagbag.py:525} INFO - Filling up the DagBag from /home/airflow/.local/lib/python3.7/site-packages/airflow/example_dags/example_xcom.py
[2024-04-28T06:21:44.305+0000] {processor.py:768} INFO - DAG(s) dict_keys(['example_xcom']) retrieved from /home/airflow/.local/lib/python3.7/site-packages/airflow/example_dags/example_xcom.py
[2024-04-28T06:21:44.496+0000] {logging_mixin.py:117} INFO - [2024-04-28T06:21:44.495+0000] {dag.py:2573} INFO - Sync 1 DAGs
[2024-04-28T06:21:44.522+0000] {logging_mixin.py:117} INFO - [2024-04-28T06:21:44.522+0000] {dag.py:3328} INFO - Setting next_dagrun for example_xcom to 2021-01-01T00:00:00+00:00, run_after=2021-01-01T00:00:00+00:00
[2024-04-28T06:21:44.549+0000] {processor.py:178} INFO - Processing /home/airflow/.local/lib/python3.7/site-packages/airflow/example_dags/example_xcom.py took 0.279 seconds
[2024-04-28T06:22:14.701+0000] {processor.py:156} INFO - Started process (PID=3736) to work on /home/airflow/.local/lib/python3.7/site-packages/airflow/example_dags/example_xcom.py
[2024-04-28T06:22:14.702+0000] {processor.py:758} INFO - Processing file /home/airflow/.local/lib/python3.7/site-packages/airflow/example_dags/example_xcom.py for tasks to queue
[2024-04-28T06:22:14.702+0000] {logging_mixin.py:117} INFO - [2024-04-28T06:22:14.702+0000] {dagbag.py:525} INFO - Filling up the DagBag from /home/airflow/.local/lib/python3.7/site-packages/airflow/example_dags/example_xcom.py
[2024-04-28T06:22:14.730+0000] {processor.py:768} INFO - DAG(s) dict_keys(['example_xcom']) retrieved from /home/airflow/.local/lib/python3.7/site-packages/airflow/example_dags/example_xcom.py
[2024-04-28T06:22:14.950+0000] {logging_mixin.py:117} INFO - [2024-04-28T06:22:14.950+0000] {dag.py:2573} INFO - Sync 1 DAGs
[2024-04-28T06:22:14.977+0000] {logging_mixin.py:117} INFO - [2024-04-28T06:22:14.977+0000] {dag.py:3328} INFO - Setting next_dagrun for example_xcom to 2021-01-01T00:00:00+00:00, run_after=2021-01-01T00:00:00+00:00
[2024-04-28T06:22:15.004+0000] {processor.py:178} INFO - Processing /home/airflow/.local/lib/python3.7/site-packages/airflow/example_dags/example_xcom.py took 0.305 seconds
[2024-04-28T06:22:45.760+0000] {processor.py:156} INFO - Started process (PID=3956) to work on /home/airflow/.local/lib/python3.7/site-packages/airflow/example_dags/example_xcom.py
[2024-04-28T06:22:45.761+0000] {processor.py:758} INFO - Processing file /home/airflow/.local/lib/python3.7/site-packages/airflow/example_dags/example_xcom.py for tasks to queue
[2024-04-28T06:22:45.762+0000] {logging_mixin.py:117} INFO - [2024-04-28T06:22:45.762+0000] {dagbag.py:525} INFO - Filling up the DagBag from /home/airflow/.local/lib/python3.7/site-packages/airflow/example_dags/example_xcom.py
[2024-04-28T06:22:45.946+0000] {processor.py:768} INFO - DAG(s) dict_keys(['example_xcom']) retrieved from /home/airflow/.local/lib/python3.7/site-packages/airflow/example_dags/example_xcom.py
[2024-04-28T06:22:45.988+0000] {logging_mixin.py:117} INFO - [2024-04-28T06:22:45.988+0000] {dag.py:2573} INFO - Sync 1 DAGs
[2024-04-28T06:22:46.014+0000] {logging_mixin.py:117} INFO - [2024-04-28T06:22:46.014+0000] {dag.py:3328} INFO - Setting next_dagrun for example_xcom to 2021-01-01T00:00:00+00:00, run_after=2021-01-01T00:00:00+00:00
[2024-04-28T06:22:46.037+0000] {processor.py:178} INFO - Processing /home/airflow/.local/lib/python3.7/site-packages/airflow/example_dags/example_xcom.py took 0.280 seconds
[2024-04-28T06:23:16.871+0000] {processor.py:156} INFO - Started process (PID=4166) to work on /home/airflow/.local/lib/python3.7/site-packages/airflow/example_dags/example_xcom.py
[2024-04-28T06:23:16.872+0000] {processor.py:758} INFO - Processing file /home/airflow/.local/lib/python3.7/site-packages/airflow/example_dags/example_xcom.py for tasks to queue
[2024-04-28T06:23:16.873+0000] {logging_mixin.py:117} INFO - [2024-04-28T06:23:16.872+0000] {dagbag.py:525} INFO - Filling up the DagBag from /home/airflow/.local/lib/python3.7/site-packages/airflow/example_dags/example_xcom.py
[2024-04-28T06:23:16.904+0000] {processor.py:768} INFO - DAG(s) dict_keys(['example_xcom']) retrieved from /home/airflow/.local/lib/python3.7/site-packages/airflow/example_dags/example_xcom.py
[2024-04-28T06:23:16.951+0000] {logging_mixin.py:117} INFO - [2024-04-28T06:23:16.950+0000] {dag.py:2573} INFO - Sync 1 DAGs
[2024-04-28T06:23:16.981+0000] {logging_mixin.py:117} INFO - [2024-04-28T06:23:16.980+0000] {dag.py:3328} INFO - Setting next_dagrun for example_xcom to 2021-01-01T00:00:00+00:00, run_after=2021-01-01T00:00:00+00:00
[2024-04-28T06:23:17.005+0000] {processor.py:178} INFO - Processing /home/airflow/.local/lib/python3.7/site-packages/airflow/example_dags/example_xcom.py took 0.137 seconds
[2024-04-28T06:23:47.550+0000] {processor.py:156} INFO - Started process (PID=4381) to work on /home/airflow/.local/lib/python3.7/site-packages/airflow/example_dags/example_xcom.py
[2024-04-28T06:23:47.551+0000] {processor.py:758} INFO - Processing file /home/airflow/.local/lib/python3.7/site-packages/airflow/example_dags/example_xcom.py for tasks to queue
[2024-04-28T06:23:47.552+0000] {logging_mixin.py:117} INFO - [2024-04-28T06:23:47.552+0000] {dagbag.py:525} INFO - Filling up the DagBag from /home/airflow/.local/lib/python3.7/site-packages/airflow/example_dags/example_xcom.py
[2024-04-28T06:23:47.581+0000] {processor.py:768} INFO - DAG(s) dict_keys(['example_xcom']) retrieved from /home/airflow/.local/lib/python3.7/site-packages/airflow/example_dags/example_xcom.py
[2024-04-28T06:23:47.629+0000] {logging_mixin.py:117} INFO - [2024-04-28T06:23:47.629+0000] {dag.py:2573} INFO - Sync 1 DAGs
[2024-04-28T06:23:47.655+0000] {logging_mixin.py:117} INFO - [2024-04-28T06:23:47.655+0000] {dag.py:3328} INFO - Setting next_dagrun for example_xcom to 2021-01-01T00:00:00+00:00, run_after=2021-01-01T00:00:00+00:00
[2024-04-28T06:23:47.679+0000] {processor.py:178} INFO - Processing /home/airflow/.local/lib/python3.7/site-packages/airflow/example_dags/example_xcom.py took 0.133 seconds
[2024-04-28T06:24:17.868+0000] {processor.py:156} INFO - Started process (PID=4600) to work on /home/airflow/.local/lib/python3.7/site-packages/airflow/example_dags/example_xcom.py
[2024-04-28T06:24:17.869+0000] {processor.py:758} INFO - Processing file /home/airflow/.local/lib/python3.7/site-packages/airflow/example_dags/example_xcom.py for tasks to queue
[2024-04-28T06:24:17.869+0000] {logging_mixin.py:117} INFO - [2024-04-28T06:24:17.869+0000] {dagbag.py:525} INFO - Filling up the DagBag from /home/airflow/.local/lib/python3.7/site-packages/airflow/example_dags/example_xcom.py
[2024-04-28T06:24:17.890+0000] {processor.py:768} INFO - DAG(s) dict_keys(['example_xcom']) retrieved from /home/airflow/.local/lib/python3.7/site-packages/airflow/example_dags/example_xcom.py
[2024-04-28T06:24:17.922+0000] {logging_mixin.py:117} INFO - [2024-04-28T06:24:17.922+0000] {dag.py:2573} INFO - Sync 1 DAGs
[2024-04-28T06:24:17.953+0000] {logging_mixin.py:117} INFO - [2024-04-28T06:24:17.953+0000] {dag.py:3328} INFO - Setting next_dagrun for example_xcom to 2021-01-01T00:00:00+00:00, run_after=2021-01-01T00:00:00+00:00
[2024-04-28T06:24:17.979+0000] {processor.py:178} INFO - Processing /home/airflow/.local/lib/python3.7/site-packages/airflow/example_dags/example_xcom.py took 0.113 seconds
[2024-04-28T06:24:48.406+0000] {processor.py:156} INFO - Started process (PID=4819) to work on /home/airflow/.local/lib/python3.7/site-packages/airflow/example_dags/example_xcom.py
[2024-04-28T06:24:48.406+0000] {processor.py:758} INFO - Processing file /home/airflow/.local/lib/python3.7/site-packages/airflow/example_dags/example_xcom.py for tasks to queue
[2024-04-28T06:24:48.407+0000] {logging_mixin.py:117} INFO - [2024-04-28T06:24:48.407+0000] {dagbag.py:525} INFO - Filling up the DagBag from /home/airflow/.local/lib/python3.7/site-packages/airflow/example_dags/example_xcom.py
[2024-04-28T06:24:48.466+0000] {processor.py:768} INFO - DAG(s) dict_keys(['example_xcom']) retrieved from /home/airflow/.local/lib/python3.7/site-packages/airflow/example_dags/example_xcom.py
[2024-04-28T06:24:48.521+0000] {logging_mixin.py:117} INFO - [2024-04-28T06:24:48.521+0000] {dag.py:2573} INFO - Sync 1 DAGs
[2024-04-28T06:24:48.553+0000] {logging_mixin.py:117} INFO - [2024-04-28T06:24:48.553+0000] {dag.py:3328} INFO - Setting next_dagrun for example_xcom to 2021-01-01T00:00:00+00:00, run_after=2021-01-01T00:00:00+00:00
[2024-04-28T06:24:48.581+0000] {processor.py:178} INFO - Processing /home/airflow/.local/lib/python3.7/site-packages/airflow/example_dags/example_xcom.py took 0.179 seconds
[2024-04-28T06:25:19.347+0000] {processor.py:156} INFO - Started process (PID=5026) to work on /home/airflow/.local/lib/python3.7/site-packages/airflow/example_dags/example_xcom.py
[2024-04-28T06:25:19.348+0000] {processor.py:758} INFO - Processing file /home/airflow/.local/lib/python3.7/site-packages/airflow/example_dags/example_xcom.py for tasks to queue
[2024-04-28T06:25:19.349+0000] {logging_mixin.py:117} INFO - [2024-04-28T06:25:19.349+0000] {dagbag.py:525} INFO - Filling up the DagBag from /home/airflow/.local/lib/python3.7/site-packages/airflow/example_dags/example_xcom.py
[2024-04-28T06:25:19.377+0000] {processor.py:768} INFO - DAG(s) dict_keys(['example_xcom']) retrieved from /home/airflow/.local/lib/python3.7/site-packages/airflow/example_dags/example_xcom.py
[2024-04-28T06:25:19.424+0000] {logging_mixin.py:117} INFO - [2024-04-28T06:25:19.424+0000] {dag.py:2573} INFO - Sync 1 DAGs
[2024-04-28T06:25:19.460+0000] {logging_mixin.py:117} INFO - [2024-04-28T06:25:19.459+0000] {dag.py:3328} INFO - Setting next_dagrun for example_xcom to 2021-01-01T00:00:00+00:00, run_after=2021-01-01T00:00:00+00:00
[2024-04-28T06:25:19.505+0000] {processor.py:178} INFO - Processing /home/airflow/.local/lib/python3.7/site-packages/airflow/example_dags/example_xcom.py took 0.160 seconds
[2024-04-28T06:25:49.681+0000] {processor.py:156} INFO - Started process (PID=5244) to work on /home/airflow/.local/lib/python3.7/site-packages/airflow/example_dags/example_xcom.py
[2024-04-28T06:25:49.682+0000] {processor.py:758} INFO - Processing file /home/airflow/.local/lib/python3.7/site-packages/airflow/example_dags/example_xcom.py for tasks to queue
[2024-04-28T06:25:49.682+0000] {logging_mixin.py:117} INFO - [2024-04-28T06:25:49.682+0000] {dagbag.py:525} INFO - Filling up the DagBag from /home/airflow/.local/lib/python3.7/site-packages/airflow/example_dags/example_xcom.py
[2024-04-28T06:25:49.702+0000] {processor.py:768} INFO - DAG(s) dict_keys(['example_xcom']) retrieved from /home/airflow/.local/lib/python3.7/site-packages/airflow/example_dags/example_xcom.py
[2024-04-28T06:25:49.743+0000] {logging_mixin.py:117} INFO - [2024-04-28T06:25:49.742+0000] {dag.py:2573} INFO - Sync 1 DAGs
[2024-04-28T06:25:49.763+0000] {logging_mixin.py:117} INFO - [2024-04-28T06:25:49.763+0000] {dag.py:3328} INFO - Setting next_dagrun for example_xcom to 2021-01-01T00:00:00+00:00, run_after=2021-01-01T00:00:00+00:00
[2024-04-28T06:25:49.782+0000] {processor.py:178} INFO - Processing /home/airflow/.local/lib/python3.7/site-packages/airflow/example_dags/example_xcom.py took 0.103 seconds
[2024-04-28T06:26:20.746+0000] {processor.py:156} INFO - Started process (PID=5461) to work on /home/airflow/.local/lib/python3.7/site-packages/airflow/example_dags/example_xcom.py
[2024-04-28T06:26:20.747+0000] {processor.py:758} INFO - Processing file /home/airflow/.local/lib/python3.7/site-packages/airflow/example_dags/example_xcom.py for tasks to queue
[2024-04-28T06:26:20.749+0000] {logging_mixin.py:117} INFO - [2024-04-28T06:26:20.749+0000] {dagbag.py:525} INFO - Filling up the DagBag from /home/airflow/.local/lib/python3.7/site-packages/airflow/example_dags/example_xcom.py
[2024-04-28T06:26:20.805+0000] {processor.py:768} INFO - DAG(s) dict_keys(['example_xcom']) retrieved from /home/airflow/.local/lib/python3.7/site-packages/airflow/example_dags/example_xcom.py
[2024-04-28T06:26:20.891+0000] {logging_mixin.py:117} INFO - [2024-04-28T06:26:20.890+0000] {dag.py:2573} INFO - Sync 1 DAGs
[2024-04-28T06:26:20.956+0000] {logging_mixin.py:117} INFO - [2024-04-28T06:26:20.956+0000] {dag.py:3328} INFO - Setting next_dagrun for example_xcom to 2021-01-01T00:00:00+00:00, run_after=2021-01-01T00:00:00+00:00
[2024-04-28T06:26:20.991+0000] {processor.py:178} INFO - Processing /home/airflow/.local/lib/python3.7/site-packages/airflow/example_dags/example_xcom.py took 0.249 seconds
[2024-04-28T06:26:51.051+0000] {processor.py:156} INFO - Started process (PID=5670) to work on /home/airflow/.local/lib/python3.7/site-packages/airflow/example_dags/example_xcom.py
[2024-04-28T06:26:51.053+0000] {processor.py:758} INFO - Processing file /home/airflow/.local/lib/python3.7/site-packages/airflow/example_dags/example_xcom.py for tasks to queue
[2024-04-28T06:26:51.054+0000] {logging_mixin.py:117} INFO - [2024-04-28T06:26:51.054+0000] {dagbag.py:525} INFO - Filling up the DagBag from /home/airflow/.local/lib/python3.7/site-packages/airflow/example_dags/example_xcom.py
[2024-04-28T06:26:51.114+0000] {processor.py:768} INFO - DAG(s) dict_keys(['example_xcom']) retrieved from /home/airflow/.local/lib/python3.7/site-packages/airflow/example_dags/example_xcom.py
[2024-04-28T06:26:51.189+0000] {logging_mixin.py:117} INFO - [2024-04-28T06:26:51.189+0000] {dag.py:2573} INFO - Sync 1 DAGs
[2024-04-28T06:26:51.218+0000] {logging_mixin.py:117} INFO - [2024-04-28T06:26:51.218+0000] {dag.py:3328} INFO - Setting next_dagrun for example_xcom to 2021-01-01T00:00:00+00:00, run_after=2021-01-01T00:00:00+00:00
[2024-04-28T06:26:51.243+0000] {processor.py:178} INFO - Processing /home/airflow/.local/lib/python3.7/site-packages/airflow/example_dags/example_xcom.py took 0.199 seconds
[2024-04-28T06:27:21.494+0000] {processor.py:156} INFO - Started process (PID=5889) to work on /home/airflow/.local/lib/python3.7/site-packages/airflow/example_dags/example_xcom.py
[2024-04-28T06:27:21.495+0000] {processor.py:758} INFO - Processing file /home/airflow/.local/lib/python3.7/site-packages/airflow/example_dags/example_xcom.py for tasks to queue
[2024-04-28T06:27:21.496+0000] {logging_mixin.py:117} INFO - [2024-04-28T06:27:21.496+0000] {dagbag.py:525} INFO - Filling up the DagBag from /home/airflow/.local/lib/python3.7/site-packages/airflow/example_dags/example_xcom.py
[2024-04-28T06:27:21.526+0000] {processor.py:768} INFO - DAG(s) dict_keys(['example_xcom']) retrieved from /home/airflow/.local/lib/python3.7/site-packages/airflow/example_dags/example_xcom.py
[2024-04-28T06:27:21.579+0000] {logging_mixin.py:117} INFO - [2024-04-28T06:27:21.579+0000] {dag.py:2573} INFO - Sync 1 DAGs
[2024-04-28T06:27:21.610+0000] {logging_mixin.py:117} INFO - [2024-04-28T06:27:21.609+0000] {dag.py:3328} INFO - Setting next_dagrun for example_xcom to 2021-01-01T00:00:00+00:00, run_after=2021-01-01T00:00:00+00:00
[2024-04-28T06:27:21.633+0000] {processor.py:178} INFO - Processing /home/airflow/.local/lib/python3.7/site-packages/airflow/example_dags/example_xcom.py took 0.142 seconds
[2024-04-28T06:27:53.238+0000] {processor.py:156} INFO - Started process (PID=6107) to work on /home/airflow/.local/lib/python3.7/site-packages/airflow/example_dags/example_xcom.py
[2024-04-28T06:27:53.239+0000] {processor.py:758} INFO - Processing file /home/airflow/.local/lib/python3.7/site-packages/airflow/example_dags/example_xcom.py for tasks to queue
[2024-04-28T06:27:53.240+0000] {logging_mixin.py:117} INFO - [2024-04-28T06:27:53.239+0000] {dagbag.py:525} INFO - Filling up the DagBag from /home/airflow/.local/lib/python3.7/site-packages/airflow/example_dags/example_xcom.py
[2024-04-28T06:27:53.280+0000] {processor.py:768} INFO - DAG(s) dict_keys(['example_xcom']) retrieved from /home/airflow/.local/lib/python3.7/site-packages/airflow/example_dags/example_xcom.py
[2024-04-28T06:27:53.333+0000] {logging_mixin.py:117} INFO - [2024-04-28T06:27:53.333+0000] {dag.py:2573} INFO - Sync 1 DAGs
[2024-04-28T06:27:53.367+0000] {logging_mixin.py:117} INFO - [2024-04-28T06:27:53.367+0000] {dag.py:3328} INFO - Setting next_dagrun for example_xcom to 2021-01-01T00:00:00+00:00, run_after=2021-01-01T00:00:00+00:00
[2024-04-28T06:27:53.392+0000] {processor.py:178} INFO - Processing /home/airflow/.local/lib/python3.7/site-packages/airflow/example_dags/example_xcom.py took 0.162 seconds
[2024-04-28T06:28:23.915+0000] {processor.py:156} INFO - Started process (PID=6315) to work on /home/airflow/.local/lib/python3.7/site-packages/airflow/example_dags/example_xcom.py
[2024-04-28T06:28:23.919+0000] {processor.py:758} INFO - Processing file /home/airflow/.local/lib/python3.7/site-packages/airflow/example_dags/example_xcom.py for tasks to queue
[2024-04-28T06:28:23.922+0000] {logging_mixin.py:117} INFO - [2024-04-28T06:28:23.922+0000] {dagbag.py:525} INFO - Filling up the DagBag from /home/airflow/.local/lib/python3.7/site-packages/airflow/example_dags/example_xcom.py
[2024-04-28T06:28:23.992+0000] {processor.py:768} INFO - DAG(s) dict_keys(['example_xcom']) retrieved from /home/airflow/.local/lib/python3.7/site-packages/airflow/example_dags/example_xcom.py
[2024-04-28T06:28:24.040+0000] {logging_mixin.py:117} INFO - [2024-04-28T06:28:24.040+0000] {dag.py:2573} INFO - Sync 1 DAGs
[2024-04-28T06:28:24.070+0000] {logging_mixin.py:117} INFO - [2024-04-28T06:28:24.070+0000] {dag.py:3328} INFO - Setting next_dagrun for example_xcom to 2021-01-01T00:00:00+00:00, run_after=2021-01-01T00:00:00+00:00
[2024-04-28T06:28:24.110+0000] {processor.py:178} INFO - Processing /home/airflow/.local/lib/python3.7/site-packages/airflow/example_dags/example_xcom.py took 0.213 seconds
[2024-04-28T06:28:55.016+0000] {processor.py:156} INFO - Started process (PID=6533) to work on /home/airflow/.local/lib/python3.7/site-packages/airflow/example_dags/example_xcom.py
[2024-04-28T06:28:55.017+0000] {processor.py:758} INFO - Processing file /home/airflow/.local/lib/python3.7/site-packages/airflow/example_dags/example_xcom.py for tasks to queue
[2024-04-28T06:28:55.018+0000] {logging_mixin.py:117} INFO - [2024-04-28T06:28:55.017+0000] {dagbag.py:525} INFO - Filling up the DagBag from /home/airflow/.local/lib/python3.7/site-packages/airflow/example_dags/example_xcom.py
[2024-04-28T06:28:55.087+0000] {processor.py:768} INFO - DAG(s) dict_keys(['example_xcom']) retrieved from /home/airflow/.local/lib/python3.7/site-packages/airflow/example_dags/example_xcom.py
[2024-04-28T06:28:55.178+0000] {logging_mixin.py:117} INFO - [2024-04-28T06:28:55.178+0000] {dag.py:2573} INFO - Sync 1 DAGs
[2024-04-28T06:28:55.212+0000] {logging_mixin.py:117} INFO - [2024-04-28T06:28:55.212+0000] {dag.py:3328} INFO - Setting next_dagrun for example_xcom to 2021-01-01T00:00:00+00:00, run_after=2021-01-01T00:00:00+00:00
[2024-04-28T06:28:55.250+0000] {processor.py:178} INFO - Processing /home/airflow/.local/lib/python3.7/site-packages/airflow/example_dags/example_xcom.py took 0.247 seconds
[2024-04-28T06:29:25.721+0000] {processor.py:156} INFO - Started process (PID=6754) to work on /home/airflow/.local/lib/python3.7/site-packages/airflow/example_dags/example_xcom.py
[2024-04-28T06:29:25.722+0000] {processor.py:758} INFO - Processing file /home/airflow/.local/lib/python3.7/site-packages/airflow/example_dags/example_xcom.py for tasks to queue
[2024-04-28T06:29:25.723+0000] {logging_mixin.py:117} INFO - [2024-04-28T06:29:25.723+0000] {dagbag.py:525} INFO - Filling up the DagBag from /home/airflow/.local/lib/python3.7/site-packages/airflow/example_dags/example_xcom.py
[2024-04-28T06:29:25.756+0000] {processor.py:768} INFO - DAG(s) dict_keys(['example_xcom']) retrieved from /home/airflow/.local/lib/python3.7/site-packages/airflow/example_dags/example_xcom.py
[2024-04-28T06:29:25.807+0000] {logging_mixin.py:117} INFO - [2024-04-28T06:29:25.805+0000] {dag.py:2573} INFO - Sync 1 DAGs
[2024-04-28T06:29:25.837+0000] {logging_mixin.py:117} INFO - [2024-04-28T06:29:25.837+0000] {dag.py:3328} INFO - Setting next_dagrun for example_xcom to 2021-01-01T00:00:00+00:00, run_after=2021-01-01T00:00:00+00:00
[2024-04-28T06:29:25.865+0000] {processor.py:178} INFO - Processing /home/airflow/.local/lib/python3.7/site-packages/airflow/example_dags/example_xcom.py took 0.148 seconds
[2024-04-28T06:29:56.135+0000] {processor.py:156} INFO - Started process (PID=6962) to work on /home/airflow/.local/lib/python3.7/site-packages/airflow/example_dags/example_xcom.py
[2024-04-28T06:29:56.136+0000] {processor.py:758} INFO - Processing file /home/airflow/.local/lib/python3.7/site-packages/airflow/example_dags/example_xcom.py for tasks to queue
[2024-04-28T06:29:56.137+0000] {logging_mixin.py:117} INFO - [2024-04-28T06:29:56.137+0000] {dagbag.py:525} INFO - Filling up the DagBag from /home/airflow/.local/lib/python3.7/site-packages/airflow/example_dags/example_xcom.py
[2024-04-28T06:29:56.168+0000] {processor.py:768} INFO - DAG(s) dict_keys(['example_xcom']) retrieved from /home/airflow/.local/lib/python3.7/site-packages/airflow/example_dags/example_xcom.py
[2024-04-28T06:29:56.213+0000] {logging_mixin.py:117} INFO - [2024-04-28T06:29:56.213+0000] {dag.py:2573} INFO - Sync 1 DAGs
[2024-04-28T06:29:56.243+0000] {logging_mixin.py:117} INFO - [2024-04-28T06:29:56.243+0000] {dag.py:3328} INFO - Setting next_dagrun for example_xcom to 2021-01-01T00:00:00+00:00, run_after=2021-01-01T00:00:00+00:00
[2024-04-28T06:29:56.268+0000] {processor.py:178} INFO - Processing /home/airflow/.local/lib/python3.7/site-packages/airflow/example_dags/example_xcom.py took 0.139 seconds
[2024-04-28T06:30:27.061+0000] {processor.py:156} INFO - Started process (PID=7180) to work on /home/airflow/.local/lib/python3.7/site-packages/airflow/example_dags/example_xcom.py
[2024-04-28T06:30:27.062+0000] {processor.py:758} INFO - Processing file /home/airflow/.local/lib/python3.7/site-packages/airflow/example_dags/example_xcom.py for tasks to queue
[2024-04-28T06:30:27.063+0000] {logging_mixin.py:117} INFO - [2024-04-28T06:30:27.063+0000] {dagbag.py:525} INFO - Filling up the DagBag from /home/airflow/.local/lib/python3.7/site-packages/airflow/example_dags/example_xcom.py
[2024-04-28T06:30:27.110+0000] {processor.py:768} INFO - DAG(s) dict_keys(['example_xcom']) retrieved from /home/airflow/.local/lib/python3.7/site-packages/airflow/example_dags/example_xcom.py
[2024-04-28T06:30:27.189+0000] {logging_mixin.py:117} INFO - [2024-04-28T06:30:27.188+0000] {dag.py:2573} INFO - Sync 1 DAGs
[2024-04-28T06:30:27.217+0000] {logging_mixin.py:117} INFO - [2024-04-28T06:30:27.217+0000] {dag.py:3328} INFO - Setting next_dagrun for example_xcom to 2021-01-01T00:00:00+00:00, run_after=2021-01-01T00:00:00+00:00
[2024-04-28T06:30:27.240+0000] {processor.py:178} INFO - Processing /home/airflow/.local/lib/python3.7/site-packages/airflow/example_dags/example_xcom.py took 0.184 seconds
[2024-04-28T06:30:58.363+0000] {processor.py:156} INFO - Started process (PID=7399) to work on /home/airflow/.local/lib/python3.7/site-packages/airflow/example_dags/example_xcom.py
[2024-04-28T06:30:58.376+0000] {processor.py:758} INFO - Processing file /home/airflow/.local/lib/python3.7/site-packages/airflow/example_dags/example_xcom.py for tasks to queue
[2024-04-28T06:30:58.377+0000] {logging_mixin.py:117} INFO - [2024-04-28T06:30:58.377+0000] {dagbag.py:525} INFO - Filling up the DagBag from /home/airflow/.local/lib/python3.7/site-packages/airflow/example_dags/example_xcom.py
[2024-04-28T06:30:58.519+0000] {processor.py:768} INFO - DAG(s) dict_keys(['example_xcom']) retrieved from /home/airflow/.local/lib/python3.7/site-packages/airflow/example_dags/example_xcom.py
[2024-04-28T06:30:58.692+0000] {logging_mixin.py:117} INFO - [2024-04-28T06:30:58.692+0000] {dag.py:2573} INFO - Sync 1 DAGs
[2024-04-28T06:30:58.745+0000] {logging_mixin.py:117} INFO - [2024-04-28T06:30:58.745+0000] {dag.py:3328} INFO - Setting next_dagrun for example_xcom to 2021-01-01T00:00:00+00:00, run_after=2021-01-01T00:00:00+00:00
[2024-04-28T06:30:58.777+0000] {processor.py:178} INFO - Processing /home/airflow/.local/lib/python3.7/site-packages/airflow/example_dags/example_xcom.py took 0.419 seconds
[2024-04-28T06:31:29.659+0000] {processor.py:156} INFO - Started process (PID=7611) to work on /home/airflow/.local/lib/python3.7/site-packages/airflow/example_dags/example_xcom.py
[2024-04-28T06:31:29.660+0000] {processor.py:758} INFO - Processing file /home/airflow/.local/lib/python3.7/site-packages/airflow/example_dags/example_xcom.py for tasks to queue
[2024-04-28T06:31:29.660+0000] {logging_mixin.py:117} INFO - [2024-04-28T06:31:29.660+0000] {dagbag.py:525} INFO - Filling up the DagBag from /home/airflow/.local/lib/python3.7/site-packages/airflow/example_dags/example_xcom.py
[2024-04-28T06:31:29.689+0000] {processor.py:768} INFO - DAG(s) dict_keys(['example_xcom']) retrieved from /home/airflow/.local/lib/python3.7/site-packages/airflow/example_dags/example_xcom.py
[2024-04-28T06:31:29.735+0000] {logging_mixin.py:117} INFO - [2024-04-28T06:31:29.735+0000] {dag.py:2573} INFO - Sync 1 DAGs
[2024-04-28T06:31:29.770+0000] {logging_mixin.py:117} INFO - [2024-04-28T06:31:29.770+0000] {dag.py:3328} INFO - Setting next_dagrun for example_xcom to 2021-01-01T00:00:00+00:00, run_after=2021-01-01T00:00:00+00:00
[2024-04-28T06:31:29.795+0000] {processor.py:178} INFO - Processing /home/airflow/.local/lib/python3.7/site-packages/airflow/example_dags/example_xcom.py took 0.140 seconds
[2024-04-28T06:32:00.274+0000] {processor.py:156} INFO - Started process (PID=7830) to work on /home/airflow/.local/lib/python3.7/site-packages/airflow/example_dags/example_xcom.py
[2024-04-28T06:32:00.275+0000] {processor.py:758} INFO - Processing file /home/airflow/.local/lib/python3.7/site-packages/airflow/example_dags/example_xcom.py for tasks to queue
[2024-04-28T06:32:00.276+0000] {logging_mixin.py:117} INFO - [2024-04-28T06:32:00.276+0000] {dagbag.py:525} INFO - Filling up the DagBag from /home/airflow/.local/lib/python3.7/site-packages/airflow/example_dags/example_xcom.py
[2024-04-28T06:32:00.305+0000] {processor.py:768} INFO - DAG(s) dict_keys(['example_xcom']) retrieved from /home/airflow/.local/lib/python3.7/site-packages/airflow/example_dags/example_xcom.py
[2024-04-28T06:32:00.352+0000] {logging_mixin.py:117} INFO - [2024-04-28T06:32:00.352+0000] {dag.py:2573} INFO - Sync 1 DAGs
[2024-04-28T06:32:00.382+0000] {logging_mixin.py:117} INFO - [2024-04-28T06:32:00.382+0000] {dag.py:3328} INFO - Setting next_dagrun for example_xcom to 2021-01-01T00:00:00+00:00, run_after=2021-01-01T00:00:00+00:00
[2024-04-28T06:32:00.406+0000] {processor.py:178} INFO - Processing /home/airflow/.local/lib/python3.7/site-packages/airflow/example_dags/example_xcom.py took 0.137 seconds
[2024-04-28T06:32:31.286+0000] {processor.py:156} INFO - Started process (PID=8049) to work on /home/airflow/.local/lib/python3.7/site-packages/airflow/example_dags/example_xcom.py
[2024-04-28T06:32:31.287+0000] {processor.py:758} INFO - Processing file /home/airflow/.local/lib/python3.7/site-packages/airflow/example_dags/example_xcom.py for tasks to queue
[2024-04-28T06:32:31.288+0000] {logging_mixin.py:117} INFO - [2024-04-28T06:32:31.288+0000] {dagbag.py:525} INFO - Filling up the DagBag from /home/airflow/.local/lib/python3.7/site-packages/airflow/example_dags/example_xcom.py
[2024-04-28T06:32:31.318+0000] {processor.py:768} INFO - DAG(s) dict_keys(['example_xcom']) retrieved from /home/airflow/.local/lib/python3.7/site-packages/airflow/example_dags/example_xcom.py
[2024-04-28T06:32:31.367+0000] {logging_mixin.py:117} INFO - [2024-04-28T06:32:31.367+0000] {dag.py:2573} INFO - Sync 1 DAGs
[2024-04-28T06:32:31.419+0000] {logging_mixin.py:117} INFO - [2024-04-28T06:32:31.419+0000] {dag.py:3328} INFO - Setting next_dagrun for example_xcom to 2021-01-01T00:00:00+00:00, run_after=2021-01-01T00:00:00+00:00
[2024-04-28T06:32:31.465+0000] {processor.py:178} INFO - Processing /home/airflow/.local/lib/python3.7/site-packages/airflow/example_dags/example_xcom.py took 0.182 seconds
[2024-04-28T06:33:01.849+0000] {processor.py:156} INFO - Started process (PID=8269) to work on /home/airflow/.local/lib/python3.7/site-packages/airflow/example_dags/example_xcom.py
[2024-04-28T06:33:01.850+0000] {processor.py:758} INFO - Processing file /home/airflow/.local/lib/python3.7/site-packages/airflow/example_dags/example_xcom.py for tasks to queue
[2024-04-28T06:33:01.851+0000] {logging_mixin.py:117} INFO - [2024-04-28T06:33:01.851+0000] {dagbag.py:525} INFO - Filling up the DagBag from /home/airflow/.local/lib/python3.7/site-packages/airflow/example_dags/example_xcom.py
[2024-04-28T06:33:01.888+0000] {processor.py:768} INFO - DAG(s) dict_keys(['example_xcom']) retrieved from /home/airflow/.local/lib/python3.7/site-packages/airflow/example_dags/example_xcom.py
[2024-04-28T06:33:01.970+0000] {logging_mixin.py:117} INFO - [2024-04-28T06:33:01.969+0000] {dag.py:2573} INFO - Sync 1 DAGs
[2024-04-28T06:33:02.004+0000] {logging_mixin.py:117} INFO - [2024-04-28T06:33:02.004+0000] {dag.py:3328} INFO - Setting next_dagrun for example_xcom to 2021-01-01T00:00:00+00:00, run_after=2021-01-01T00:00:00+00:00
[2024-04-28T06:33:02.036+0000] {processor.py:178} INFO - Processing /home/airflow/.local/lib/python3.7/site-packages/airflow/example_dags/example_xcom.py took 0.190 seconds
[2024-04-28T06:33:32.684+0000] {processor.py:156} INFO - Started process (PID=8478) to work on /home/airflow/.local/lib/python3.7/site-packages/airflow/example_dags/example_xcom.py
[2024-04-28T06:33:32.684+0000] {processor.py:758} INFO - Processing file /home/airflow/.local/lib/python3.7/site-packages/airflow/example_dags/example_xcom.py for tasks to queue
[2024-04-28T06:33:32.685+0000] {logging_mixin.py:117} INFO - [2024-04-28T06:33:32.685+0000] {dagbag.py:525} INFO - Filling up the DagBag from /home/airflow/.local/lib/python3.7/site-packages/airflow/example_dags/example_xcom.py
[2024-04-28T06:33:32.822+0000] {processor.py:768} INFO - DAG(s) dict_keys(['example_xcom']) retrieved from /home/airflow/.local/lib/python3.7/site-packages/airflow/example_dags/example_xcom.py
[2024-04-28T06:33:32.893+0000] {logging_mixin.py:117} INFO - [2024-04-28T06:33:32.893+0000] {dag.py:2573} INFO - Sync 1 DAGs
[2024-04-28T06:33:32.931+0000] {logging_mixin.py:117} INFO - [2024-04-28T06:33:32.931+0000] {dag.py:3328} INFO - Setting next_dagrun for example_xcom to 2021-01-01T00:00:00+00:00, run_after=2021-01-01T00:00:00+00:00
[2024-04-28T06:33:32.968+0000] {processor.py:178} INFO - Processing /home/airflow/.local/lib/python3.7/site-packages/airflow/example_dags/example_xcom.py took 0.303 seconds
[2024-04-28T06:34:03.575+0000] {processor.py:156} INFO - Started process (PID=8695) to work on /home/airflow/.local/lib/python3.7/site-packages/airflow/example_dags/example_xcom.py
[2024-04-28T06:34:03.576+0000] {processor.py:758} INFO - Processing file /home/airflow/.local/lib/python3.7/site-packages/airflow/example_dags/example_xcom.py for tasks to queue
[2024-04-28T06:34:03.577+0000] {logging_mixin.py:117} INFO - [2024-04-28T06:34:03.577+0000] {dagbag.py:525} INFO - Filling up the DagBag from /home/airflow/.local/lib/python3.7/site-packages/airflow/example_dags/example_xcom.py
[2024-04-28T06:34:03.606+0000] {processor.py:768} INFO - DAG(s) dict_keys(['example_xcom']) retrieved from /home/airflow/.local/lib/python3.7/site-packages/airflow/example_dags/example_xcom.py
[2024-04-28T06:34:03.654+0000] {logging_mixin.py:117} INFO - [2024-04-28T06:34:03.654+0000] {dag.py:2573} INFO - Sync 1 DAGs
[2024-04-28T06:34:03.682+0000] {logging_mixin.py:117} INFO - [2024-04-28T06:34:03.682+0000] {dag.py:3328} INFO - Setting next_dagrun for example_xcom to 2021-01-01T00:00:00+00:00, run_after=2021-01-01T00:00:00+00:00
[2024-04-28T06:34:03.717+0000] {processor.py:178} INFO - Processing /home/airflow/.local/lib/python3.7/site-packages/airflow/example_dags/example_xcom.py took 0.145 seconds
[2024-04-28T06:34:34.247+0000] {processor.py:156} INFO - Started process (PID=8911) to work on /home/airflow/.local/lib/python3.7/site-packages/airflow/example_dags/example_xcom.py
[2024-04-28T06:34:34.248+0000] {processor.py:758} INFO - Processing file /home/airflow/.local/lib/python3.7/site-packages/airflow/example_dags/example_xcom.py for tasks to queue
[2024-04-28T06:34:34.249+0000] {logging_mixin.py:117} INFO - [2024-04-28T06:34:34.249+0000] {dagbag.py:525} INFO - Filling up the DagBag from /home/airflow/.local/lib/python3.7/site-packages/airflow/example_dags/example_xcom.py
[2024-04-28T06:34:34.280+0000] {processor.py:768} INFO - DAG(s) dict_keys(['example_xcom']) retrieved from /home/airflow/.local/lib/python3.7/site-packages/airflow/example_dags/example_xcom.py
[2024-04-28T06:34:34.341+0000] {logging_mixin.py:117} INFO - [2024-04-28T06:34:34.341+0000] {dag.py:2573} INFO - Sync 1 DAGs
[2024-04-28T06:34:34.411+0000] {logging_mixin.py:117} INFO - [2024-04-28T06:34:34.410+0000] {dag.py:3328} INFO - Setting next_dagrun for example_xcom to 2021-01-01T00:00:00+00:00, run_after=2021-01-01T00:00:00+00:00
[2024-04-28T06:34:34.453+0000] {processor.py:178} INFO - Processing /home/airflow/.local/lib/python3.7/site-packages/airflow/example_dags/example_xcom.py took 0.209 seconds
[2024-04-28T06:35:04.574+0000] {processor.py:156} INFO - Started process (PID=9119) to work on /home/airflow/.local/lib/python3.7/site-packages/airflow/example_dags/example_xcom.py
[2024-04-28T06:35:04.577+0000] {processor.py:758} INFO - Processing file /home/airflow/.local/lib/python3.7/site-packages/airflow/example_dags/example_xcom.py for tasks to queue
[2024-04-28T06:35:04.578+0000] {logging_mixin.py:117} INFO - [2024-04-28T06:35:04.578+0000] {dagbag.py:525} INFO - Filling up the DagBag from /home/airflow/.local/lib/python3.7/site-packages/airflow/example_dags/example_xcom.py
[2024-04-28T06:35:04.639+0000] {processor.py:768} INFO - DAG(s) dict_keys(['example_xcom']) retrieved from /home/airflow/.local/lib/python3.7/site-packages/airflow/example_dags/example_xcom.py
[2024-04-28T06:35:04.723+0000] {logging_mixin.py:117} INFO - [2024-04-28T06:35:04.723+0000] {dag.py:2573} INFO - Sync 1 DAGs
[2024-04-28T06:35:04.758+0000] {logging_mixin.py:117} INFO - [2024-04-28T06:35:04.757+0000] {dag.py:3328} INFO - Setting next_dagrun for example_xcom to 2021-01-01T00:00:00+00:00, run_after=2021-01-01T00:00:00+00:00
[2024-04-28T06:35:04.796+0000] {processor.py:178} INFO - Processing /home/airflow/.local/lib/python3.7/site-packages/airflow/example_dags/example_xcom.py took 0.226 seconds
[2024-04-28T06:35:35.611+0000] {processor.py:156} INFO - Started process (PID=9341) to work on /home/airflow/.local/lib/python3.7/site-packages/airflow/example_dags/example_xcom.py
[2024-04-28T06:35:35.612+0000] {processor.py:758} INFO - Processing file /home/airflow/.local/lib/python3.7/site-packages/airflow/example_dags/example_xcom.py for tasks to queue
[2024-04-28T06:35:35.612+0000] {logging_mixin.py:117} INFO - [2024-04-28T06:35:35.612+0000] {dagbag.py:525} INFO - Filling up the DagBag from /home/airflow/.local/lib/python3.7/site-packages/airflow/example_dags/example_xcom.py
[2024-04-28T06:35:35.633+0000] {processor.py:768} INFO - DAG(s) dict_keys(['example_xcom']) retrieved from /home/airflow/.local/lib/python3.7/site-packages/airflow/example_dags/example_xcom.py
[2024-04-28T06:35:35.667+0000] {logging_mixin.py:117} INFO - [2024-04-28T06:35:35.667+0000] {dag.py:2573} INFO - Sync 1 DAGs
[2024-04-28T06:35:35.686+0000] {logging_mixin.py:117} INFO - [2024-04-28T06:35:35.686+0000] {dag.py:3328} INFO - Setting next_dagrun for example_xcom to 2021-01-01T00:00:00+00:00, run_after=2021-01-01T00:00:00+00:00
[2024-04-28T06:35:35.707+0000] {processor.py:178} INFO - Processing /home/airflow/.local/lib/python3.7/site-packages/airflow/example_dags/example_xcom.py took 0.098 seconds
[2024-04-28T06:36:07.091+0000] {processor.py:156} INFO - Started process (PID=9558) to work on /home/airflow/.local/lib/python3.7/site-packages/airflow/example_dags/example_xcom.py
[2024-04-28T06:36:07.092+0000] {processor.py:758} INFO - Processing file /home/airflow/.local/lib/python3.7/site-packages/airflow/example_dags/example_xcom.py for tasks to queue
[2024-04-28T06:36:07.093+0000] {logging_mixin.py:117} INFO - [2024-04-28T06:36:07.093+0000] {dagbag.py:525} INFO - Filling up the DagBag from /home/airflow/.local/lib/python3.7/site-packages/airflow/example_dags/example_xcom.py
[2024-04-28T06:36:07.119+0000] {processor.py:768} INFO - DAG(s) dict_keys(['example_xcom']) retrieved from /home/airflow/.local/lib/python3.7/site-packages/airflow/example_dags/example_xcom.py
[2024-04-28T06:36:07.168+0000] {logging_mixin.py:117} INFO - [2024-04-28T06:36:07.168+0000] {dag.py:2573} INFO - Sync 1 DAGs
[2024-04-28T06:36:07.200+0000] {logging_mixin.py:117} INFO - [2024-04-28T06:36:07.200+0000] {dag.py:3328} INFO - Setting next_dagrun for example_xcom to 2021-01-01T00:00:00+00:00, run_after=2021-01-01T00:00:00+00:00
[2024-04-28T06:36:07.226+0000] {processor.py:178} INFO - Processing /home/airflow/.local/lib/python3.7/site-packages/airflow/example_dags/example_xcom.py took 0.138 seconds
[2024-04-28T06:36:38.098+0000] {processor.py:156} INFO - Started process (PID=9769) to work on /home/airflow/.local/lib/python3.7/site-packages/airflow/example_dags/example_xcom.py
[2024-04-28T06:36:38.098+0000] {processor.py:758} INFO - Processing file /home/airflow/.local/lib/python3.7/site-packages/airflow/example_dags/example_xcom.py for tasks to queue
[2024-04-28T06:36:38.099+0000] {logging_mixin.py:117} INFO - [2024-04-28T06:36:38.099+0000] {dagbag.py:525} INFO - Filling up the DagBag from /home/airflow/.local/lib/python3.7/site-packages/airflow/example_dags/example_xcom.py
[2024-04-28T06:36:38.130+0000] {processor.py:768} INFO - DAG(s) dict_keys(['example_xcom']) retrieved from /home/airflow/.local/lib/python3.7/site-packages/airflow/example_dags/example_xcom.py
[2024-04-28T06:36:38.180+0000] {logging_mixin.py:117} INFO - [2024-04-28T06:36:38.180+0000] {dag.py:2573} INFO - Sync 1 DAGs
[2024-04-28T06:36:38.233+0000] {logging_mixin.py:117} INFO - [2024-04-28T06:36:38.233+0000] {dag.py:3328} INFO - Setting next_dagrun for example_xcom to 2021-01-01T00:00:00+00:00, run_after=2021-01-01T00:00:00+00:00
[2024-04-28T06:36:38.273+0000] {processor.py:178} INFO - Processing /home/airflow/.local/lib/python3.7/site-packages/airflow/example_dags/example_xcom.py took 0.179 seconds
[2024-04-28T06:37:08.540+0000] {processor.py:156} INFO - Started process (PID=9987) to work on /home/airflow/.local/lib/python3.7/site-packages/airflow/example_dags/example_xcom.py
[2024-04-28T06:37:08.541+0000] {processor.py:758} INFO - Processing file /home/airflow/.local/lib/python3.7/site-packages/airflow/example_dags/example_xcom.py for tasks to queue
[2024-04-28T06:37:08.541+0000] {logging_mixin.py:117} INFO - [2024-04-28T06:37:08.541+0000] {dagbag.py:525} INFO - Filling up the DagBag from /home/airflow/.local/lib/python3.7/site-packages/airflow/example_dags/example_xcom.py
[2024-04-28T06:37:08.572+0000] {processor.py:768} INFO - DAG(s) dict_keys(['example_xcom']) retrieved from /home/airflow/.local/lib/python3.7/site-packages/airflow/example_dags/example_xcom.py
[2024-04-28T06:37:08.640+0000] {logging_mixin.py:117} INFO - [2024-04-28T06:37:08.640+0000] {dag.py:2573} INFO - Sync 1 DAGs
[2024-04-28T06:37:08.671+0000] {logging_mixin.py:117} INFO - [2024-04-28T06:37:08.671+0000] {dag.py:3328} INFO - Setting next_dagrun for example_xcom to 2021-01-01T00:00:00+00:00, run_after=2021-01-01T00:00:00+00:00
[2024-04-28T06:37:08.695+0000] {processor.py:178} INFO - Processing /home/airflow/.local/lib/python3.7/site-packages/airflow/example_dags/example_xcom.py took 0.158 seconds
[2024-04-28T06:37:39.669+0000] {processor.py:156} INFO - Started process (PID=10204) to work on /home/airflow/.local/lib/python3.7/site-packages/airflow/example_dags/example_xcom.py
[2024-04-28T06:37:39.670+0000] {processor.py:758} INFO - Processing file /home/airflow/.local/lib/python3.7/site-packages/airflow/example_dags/example_xcom.py for tasks to queue
[2024-04-28T06:37:39.671+0000] {logging_mixin.py:117} INFO - [2024-04-28T06:37:39.671+0000] {dagbag.py:525} INFO - Filling up the DagBag from /home/airflow/.local/lib/python3.7/site-packages/airflow/example_dags/example_xcom.py
[2024-04-28T06:37:39.701+0000] {processor.py:768} INFO - DAG(s) dict_keys(['example_xcom']) retrieved from /home/airflow/.local/lib/python3.7/site-packages/airflow/example_dags/example_xcom.py
[2024-04-28T06:37:39.785+0000] {logging_mixin.py:117} INFO - [2024-04-28T06:37:39.784+0000] {dag.py:2573} INFO - Sync 1 DAGs
[2024-04-28T06:37:39.819+0000] {logging_mixin.py:117} INFO - [2024-04-28T06:37:39.819+0000] {dag.py:3328} INFO - Setting next_dagrun for example_xcom to 2021-01-01T00:00:00+00:00, run_after=2021-01-01T00:00:00+00:00
[2024-04-28T06:37:39.857+0000] {processor.py:178} INFO - Processing /home/airflow/.local/lib/python3.7/site-packages/airflow/example_dags/example_xcom.py took 0.191 seconds
[2024-04-28T06:38:11.547+0000] {processor.py:156} INFO - Started process (PID=10422) to work on /home/airflow/.local/lib/python3.7/site-packages/airflow/example_dags/example_xcom.py
[2024-04-28T06:38:11.548+0000] {processor.py:758} INFO - Processing file /home/airflow/.local/lib/python3.7/site-packages/airflow/example_dags/example_xcom.py for tasks to queue
[2024-04-28T06:38:11.556+0000] {logging_mixin.py:117} INFO - [2024-04-28T06:38:11.556+0000] {dagbag.py:525} INFO - Filling up the DagBag from /home/airflow/.local/lib/python3.7/site-packages/airflow/example_dags/example_xcom.py
[2024-04-28T06:38:11.611+0000] {processor.py:768} INFO - DAG(s) dict_keys(['example_xcom']) retrieved from /home/airflow/.local/lib/python3.7/site-packages/airflow/example_dags/example_xcom.py
[2024-04-28T06:38:11.716+0000] {logging_mixin.py:117} INFO - [2024-04-28T06:38:11.716+0000] {dag.py:2573} INFO - Sync 1 DAGs
[2024-04-28T06:38:11.771+0000] {logging_mixin.py:117} INFO - [2024-04-28T06:38:11.770+0000] {dag.py:3328} INFO - Setting next_dagrun for example_xcom to 2021-01-01T00:00:00+00:00, run_after=2021-01-01T00:00:00+00:00
[2024-04-28T06:38:11.813+0000] {processor.py:178} INFO - Processing /home/airflow/.local/lib/python3.7/site-packages/airflow/example_dags/example_xcom.py took 0.269 seconds
[2024-04-28T06:38:42.613+0000] {processor.py:156} INFO - Started process (PID=10631) to work on /home/airflow/.local/lib/python3.7/site-packages/airflow/example_dags/example_xcom.py
[2024-04-28T06:38:42.614+0000] {processor.py:758} INFO - Processing file /home/airflow/.local/lib/python3.7/site-packages/airflow/example_dags/example_xcom.py for tasks to queue
[2024-04-28T06:38:42.615+0000] {logging_mixin.py:117} INFO - [2024-04-28T06:38:42.615+0000] {dagbag.py:525} INFO - Filling up the DagBag from /home/airflow/.local/lib/python3.7/site-packages/airflow/example_dags/example_xcom.py
[2024-04-28T06:38:42.642+0000] {processor.py:768} INFO - DAG(s) dict_keys(['example_xcom']) retrieved from /home/airflow/.local/lib/python3.7/site-packages/airflow/example_dags/example_xcom.py
[2024-04-28T06:38:42.687+0000] {logging_mixin.py:117} INFO - [2024-04-28T06:38:42.687+0000] {dag.py:2573} INFO - Sync 1 DAGs
[2024-04-28T06:38:42.720+0000] {logging_mixin.py:117} INFO - [2024-04-28T06:38:42.720+0000] {dag.py:3328} INFO - Setting next_dagrun for example_xcom to 2021-01-01T00:00:00+00:00, run_after=2021-01-01T00:00:00+00:00
[2024-04-28T06:38:42.745+0000] {processor.py:178} INFO - Processing /home/airflow/.local/lib/python3.7/site-packages/airflow/example_dags/example_xcom.py took 0.135 seconds
[2024-04-28T06:39:12.815+0000] {processor.py:156} INFO - Started process (PID=10851) to work on /home/airflow/.local/lib/python3.7/site-packages/airflow/example_dags/example_xcom.py
[2024-04-28T06:39:12.820+0000] {processor.py:758} INFO - Processing file /home/airflow/.local/lib/python3.7/site-packages/airflow/example_dags/example_xcom.py for tasks to queue
[2024-04-28T06:39:12.821+0000] {logging_mixin.py:117} INFO - [2024-04-28T06:39:12.821+0000] {dagbag.py:525} INFO - Filling up the DagBag from /home/airflow/.local/lib/python3.7/site-packages/airflow/example_dags/example_xcom.py
[2024-04-28T06:39:12.847+0000] {processor.py:768} INFO - DAG(s) dict_keys(['example_xcom']) retrieved from /home/airflow/.local/lib/python3.7/site-packages/airflow/example_dags/example_xcom.py
[2024-04-28T06:39:12.894+0000] {logging_mixin.py:117} INFO - [2024-04-28T06:39:12.894+0000] {dag.py:2573} INFO - Sync 1 DAGs
[2024-04-28T06:39:12.927+0000] {logging_mixin.py:117} INFO - [2024-04-28T06:39:12.927+0000] {dag.py:3328} INFO - Setting next_dagrun for example_xcom to 2021-01-01T00:00:00+00:00, run_after=2021-01-01T00:00:00+00:00
[2024-04-28T06:39:12.953+0000] {processor.py:178} INFO - Processing /home/airflow/.local/lib/python3.7/site-packages/airflow/example_dags/example_xcom.py took 0.142 seconds
[2024-04-28T06:39:43.611+0000] {processor.py:156} INFO - Started process (PID=11069) to work on /home/airflow/.local/lib/python3.7/site-packages/airflow/example_dags/example_xcom.py
[2024-04-28T06:39:43.612+0000] {processor.py:758} INFO - Processing file /home/airflow/.local/lib/python3.7/site-packages/airflow/example_dags/example_xcom.py for tasks to queue
[2024-04-28T06:39:43.613+0000] {logging_mixin.py:117} INFO - [2024-04-28T06:39:43.613+0000] {dagbag.py:525} INFO - Filling up the DagBag from /home/airflow/.local/lib/python3.7/site-packages/airflow/example_dags/example_xcom.py
[2024-04-28T06:39:43.641+0000] {processor.py:768} INFO - DAG(s) dict_keys(['example_xcom']) retrieved from /home/airflow/.local/lib/python3.7/site-packages/airflow/example_dags/example_xcom.py
[2024-04-28T06:39:43.690+0000] {logging_mixin.py:117} INFO - [2024-04-28T06:39:43.689+0000] {dag.py:2573} INFO - Sync 1 DAGs
[2024-04-28T06:39:43.720+0000] {logging_mixin.py:117} INFO - [2024-04-28T06:39:43.720+0000] {dag.py:3328} INFO - Setting next_dagrun for example_xcom to 2021-01-01T00:00:00+00:00, run_after=2021-01-01T00:00:00+00:00
[2024-04-28T06:39:43.756+0000] {processor.py:178} INFO - Processing /home/airflow/.local/lib/python3.7/site-packages/airflow/example_dags/example_xcom.py took 0.149 seconds
[2024-04-28T06:40:14.598+0000] {processor.py:156} INFO - Started process (PID=11285) to work on /home/airflow/.local/lib/python3.7/site-packages/airflow/example_dags/example_xcom.py
[2024-04-28T06:40:14.598+0000] {processor.py:758} INFO - Processing file /home/airflow/.local/lib/python3.7/site-packages/airflow/example_dags/example_xcom.py for tasks to queue
[2024-04-28T06:40:14.599+0000] {logging_mixin.py:117} INFO - [2024-04-28T06:40:14.599+0000] {dagbag.py:525} INFO - Filling up the DagBag from /home/airflow/.local/lib/python3.7/site-packages/airflow/example_dags/example_xcom.py
[2024-04-28T06:40:14.646+0000] {processor.py:768} INFO - DAG(s) dict_keys(['example_xcom']) retrieved from /home/airflow/.local/lib/python3.7/site-packages/airflow/example_dags/example_xcom.py
[2024-04-28T06:40:14.723+0000] {logging_mixin.py:117} INFO - [2024-04-28T06:40:14.723+0000] {dag.py:2573} INFO - Sync 1 DAGs
[2024-04-28T06:40:14.766+0000] {logging_mixin.py:117} INFO - [2024-04-28T06:40:14.766+0000] {dag.py:3328} INFO - Setting next_dagrun for example_xcom to 2021-01-01T00:00:00+00:00, run_after=2021-01-01T00:00:00+00:00
[2024-04-28T06:40:14.859+0000] {processor.py:178} INFO - Processing /home/airflow/.local/lib/python3.7/site-packages/airflow/example_dags/example_xcom.py took 0.264 seconds
[2024-04-28T06:40:45.269+0000] {processor.py:156} INFO - Started process (PID=11498) to work on /home/airflow/.local/lib/python3.7/site-packages/airflow/example_dags/example_xcom.py
[2024-04-28T06:40:45.269+0000] {processor.py:758} INFO - Processing file /home/airflow/.local/lib/python3.7/site-packages/airflow/example_dags/example_xcom.py for tasks to queue
[2024-04-28T06:40:45.270+0000] {logging_mixin.py:117} INFO - [2024-04-28T06:40:45.270+0000] {dagbag.py:525} INFO - Filling up the DagBag from /home/airflow/.local/lib/python3.7/site-packages/airflow/example_dags/example_xcom.py
[2024-04-28T06:40:45.300+0000] {processor.py:768} INFO - DAG(s) dict_keys(['example_xcom']) retrieved from /home/airflow/.local/lib/python3.7/site-packages/airflow/example_dags/example_xcom.py
[2024-04-28T06:40:45.388+0000] {logging_mixin.py:117} INFO - [2024-04-28T06:40:45.388+0000] {dag.py:2573} INFO - Sync 1 DAGs
[2024-04-28T06:40:45.462+0000] {logging_mixin.py:117} INFO - [2024-04-28T06:40:45.461+0000] {dag.py:3328} INFO - Setting next_dagrun for example_xcom to 2021-01-01T00:00:00+00:00, run_after=2021-01-01T00:00:00+00:00
[2024-04-28T06:40:45.505+0000] {processor.py:178} INFO - Processing /home/airflow/.local/lib/python3.7/site-packages/airflow/example_dags/example_xcom.py took 0.239 seconds
[2024-04-28T06:41:16.417+0000] {processor.py:156} INFO - Started process (PID=11713) to work on /home/airflow/.local/lib/python3.7/site-packages/airflow/example_dags/example_xcom.py
[2024-04-28T06:41:16.418+0000] {processor.py:758} INFO - Processing file /home/airflow/.local/lib/python3.7/site-packages/airflow/example_dags/example_xcom.py for tasks to queue
[2024-04-28T06:41:16.418+0000] {logging_mixin.py:117} INFO - [2024-04-28T06:41:16.418+0000] {dagbag.py:525} INFO - Filling up the DagBag from /home/airflow/.local/lib/python3.7/site-packages/airflow/example_dags/example_xcom.py
[2024-04-28T06:41:16.448+0000] {processor.py:768} INFO - DAG(s) dict_keys(['example_xcom']) retrieved from /home/airflow/.local/lib/python3.7/site-packages/airflow/example_dags/example_xcom.py
[2024-04-28T06:41:16.494+0000] {logging_mixin.py:117} INFO - [2024-04-28T06:41:16.494+0000] {dag.py:2573} INFO - Sync 1 DAGs
[2024-04-28T06:41:16.523+0000] {logging_mixin.py:117} INFO - [2024-04-28T06:41:16.523+0000] {dag.py:3328} INFO - Setting next_dagrun for example_xcom to 2021-01-01T00:00:00+00:00, run_after=2021-01-01T00:00:00+00:00
[2024-04-28T06:41:16.548+0000] {processor.py:178} INFO - Processing /home/airflow/.local/lib/python3.7/site-packages/airflow/example_dags/example_xcom.py took 0.135 seconds
[2024-04-28T06:41:48.175+0000] {processor.py:156} INFO - Started process (PID=11930) to work on /home/airflow/.local/lib/python3.7/site-packages/airflow/example_dags/example_xcom.py
[2024-04-28T06:41:48.176+0000] {processor.py:758} INFO - Processing file /home/airflow/.local/lib/python3.7/site-packages/airflow/example_dags/example_xcom.py for tasks to queue
[2024-04-28T06:41:48.178+0000] {logging_mixin.py:117} INFO - [2024-04-28T06:41:48.178+0000] {dagbag.py:525} INFO - Filling up the DagBag from /home/airflow/.local/lib/python3.7/site-packages/airflow/example_dags/example_xcom.py
[2024-04-28T06:41:48.245+0000] {processor.py:768} INFO - DAG(s) dict_keys(['example_xcom']) retrieved from /home/airflow/.local/lib/python3.7/site-packages/airflow/example_dags/example_xcom.py
[2024-04-28T06:41:48.337+0000] {logging_mixin.py:117} INFO - [2024-04-28T06:41:48.337+0000] {dag.py:2573} INFO - Sync 1 DAGs
[2024-04-28T06:41:48.397+0000] {logging_mixin.py:117} INFO - [2024-04-28T06:41:48.397+0000] {dag.py:3328} INFO - Setting next_dagrun for example_xcom to 2021-01-01T00:00:00+00:00, run_after=2021-01-01T00:00:00+00:00
[2024-04-28T06:41:48.425+0000] {processor.py:178} INFO - Processing /home/airflow/.local/lib/python3.7/site-packages/airflow/example_dags/example_xcom.py took 0.256 seconds
