[2024-04-28T06:13:59.414+0000] {processor.py:156} INFO - Started process (PID=308) to work on /home/airflow/.local/lib/python3.7/site-packages/airflow/example_dags/example_branch_python_dop_operator_3.py
[2024-04-28T06:13:59.415+0000] {processor.py:758} INFO - Processing file /home/airflow/.local/lib/python3.7/site-packages/airflow/example_dags/example_branch_python_dop_operator_3.py for tasks to queue
[2024-04-28T06:13:59.416+0000] {logging_mixin.py:117} INFO - [2024-04-28T06:13:59.415+0000] {dagbag.py:525} INFO - Filling up the DagBag from /home/airflow/.local/lib/python3.7/site-packages/airflow/example_dags/example_branch_python_dop_operator_3.py
[2024-04-28T06:13:59.455+0000] {processor.py:768} INFO - DAG(s) dict_keys(['example_branch_dop_operator_v3']) retrieved from /home/airflow/.local/lib/python3.7/site-packages/airflow/example_dags/example_branch_python_dop_operator_3.py
[2024-04-28T06:13:59.504+0000] {logging_mixin.py:117} INFO - [2024-04-28T06:13:59.504+0000] {dag.py:2573} INFO - Sync 1 DAGs
[2024-04-28T06:13:59.556+0000] {logging_mixin.py:117} INFO - [2024-04-28T06:13:59.556+0000] {dag.py:3328} INFO - Setting next_dagrun for example_branch_dop_operator_v3 to 2024-04-28T06:12:00+00:00, run_after=2024-04-28T06:13:00+00:00
[2024-04-28T06:13:59.598+0000] {processor.py:178} INFO - Processing /home/airflow/.local/lib/python3.7/site-packages/airflow/example_dags/example_branch_python_dop_operator_3.py took 0.188 seconds
[2024-04-28T06:14:30.392+0000] {processor.py:156} INFO - Started process (PID=526) to work on /home/airflow/.local/lib/python3.7/site-packages/airflow/example_dags/example_branch_python_dop_operator_3.py
[2024-04-28T06:14:30.393+0000] {processor.py:758} INFO - Processing file /home/airflow/.local/lib/python3.7/site-packages/airflow/example_dags/example_branch_python_dop_operator_3.py for tasks to queue
[2024-04-28T06:14:30.393+0000] {logging_mixin.py:117} INFO - [2024-04-28T06:14:30.393+0000] {dagbag.py:525} INFO - Filling up the DagBag from /home/airflow/.local/lib/python3.7/site-packages/airflow/example_dags/example_branch_python_dop_operator_3.py
[2024-04-28T06:14:30.414+0000] {processor.py:768} INFO - DAG(s) dict_keys(['example_branch_dop_operator_v3']) retrieved from /home/airflow/.local/lib/python3.7/site-packages/airflow/example_dags/example_branch_python_dop_operator_3.py
[2024-04-28T06:14:30.448+0000] {logging_mixin.py:117} INFO - [2024-04-28T06:14:30.448+0000] {dag.py:2573} INFO - Sync 1 DAGs
[2024-04-28T06:14:30.473+0000] {logging_mixin.py:117} INFO - [2024-04-28T06:14:30.473+0000] {dag.py:3328} INFO - Setting next_dagrun for example_branch_dop_operator_v3 to 2024-04-28T06:13:00+00:00, run_after=2024-04-28T06:14:00+00:00
[2024-04-28T06:14:30.493+0000] {processor.py:178} INFO - Processing /home/airflow/.local/lib/python3.7/site-packages/airflow/example_dags/example_branch_python_dop_operator_3.py took 0.103 seconds
[2024-04-28T06:15:00.920+0000] {processor.py:156} INFO - Started process (PID=736) to work on /home/airflow/.local/lib/python3.7/site-packages/airflow/example_dags/example_branch_python_dop_operator_3.py
[2024-04-28T06:15:00.920+0000] {processor.py:758} INFO - Processing file /home/airflow/.local/lib/python3.7/site-packages/airflow/example_dags/example_branch_python_dop_operator_3.py for tasks to queue
[2024-04-28T06:15:00.921+0000] {logging_mixin.py:117} INFO - [2024-04-28T06:15:00.921+0000] {dagbag.py:525} INFO - Filling up the DagBag from /home/airflow/.local/lib/python3.7/site-packages/airflow/example_dags/example_branch_python_dop_operator_3.py
[2024-04-28T06:15:00.941+0000] {processor.py:768} INFO - DAG(s) dict_keys(['example_branch_dop_operator_v3']) retrieved from /home/airflow/.local/lib/python3.7/site-packages/airflow/example_dags/example_branch_python_dop_operator_3.py
[2024-04-28T06:15:00.977+0000] {logging_mixin.py:117} INFO - [2024-04-28T06:15:00.977+0000] {dag.py:2573} INFO - Sync 1 DAGs
[2024-04-28T06:15:01.008+0000] {logging_mixin.py:117} INFO - [2024-04-28T06:15:01.008+0000] {dag.py:3328} INFO - Setting next_dagrun for example_branch_dop_operator_v3 to 2024-04-28T06:14:00+00:00, run_after=2024-04-28T06:15:00+00:00
[2024-04-28T06:15:01.029+0000] {processor.py:178} INFO - Processing /home/airflow/.local/lib/python3.7/site-packages/airflow/example_dags/example_branch_python_dop_operator_3.py took 0.112 seconds
[2024-04-28T06:15:31.233+0000] {processor.py:156} INFO - Started process (PID=954) to work on /home/airflow/.local/lib/python3.7/site-packages/airflow/example_dags/example_branch_python_dop_operator_3.py
[2024-04-28T06:15:31.234+0000] {processor.py:758} INFO - Processing file /home/airflow/.local/lib/python3.7/site-packages/airflow/example_dags/example_branch_python_dop_operator_3.py for tasks to queue
[2024-04-28T06:15:31.234+0000] {logging_mixin.py:117} INFO - [2024-04-28T06:15:31.234+0000] {dagbag.py:525} INFO - Filling up the DagBag from /home/airflow/.local/lib/python3.7/site-packages/airflow/example_dags/example_branch_python_dop_operator_3.py
[2024-04-28T06:15:31.264+0000] {processor.py:768} INFO - DAG(s) dict_keys(['example_branch_dop_operator_v3']) retrieved from /home/airflow/.local/lib/python3.7/site-packages/airflow/example_dags/example_branch_python_dop_operator_3.py
[2024-04-28T06:15:31.298+0000] {logging_mixin.py:117} INFO - [2024-04-28T06:15:31.297+0000] {dag.py:2573} INFO - Sync 1 DAGs
[2024-04-28T06:15:31.321+0000] {logging_mixin.py:117} INFO - [2024-04-28T06:15:31.321+0000] {dag.py:3328} INFO - Setting next_dagrun for example_branch_dop_operator_v3 to 2024-04-28T06:14:00+00:00, run_after=2024-04-28T06:15:00+00:00
[2024-04-28T06:15:31.340+0000] {processor.py:178} INFO - Processing /home/airflow/.local/lib/python3.7/site-packages/airflow/example_dags/example_branch_python_dop_operator_3.py took 0.110 seconds
[2024-04-28T06:16:03.263+0000] {processor.py:156} INFO - Started process (PID=1172) to work on /home/airflow/.local/lib/python3.7/site-packages/airflow/example_dags/example_branch_python_dop_operator_3.py
[2024-04-28T06:16:03.264+0000] {processor.py:758} INFO - Processing file /home/airflow/.local/lib/python3.7/site-packages/airflow/example_dags/example_branch_python_dop_operator_3.py for tasks to queue
[2024-04-28T06:16:03.265+0000] {logging_mixin.py:117} INFO - [2024-04-28T06:16:03.265+0000] {dagbag.py:525} INFO - Filling up the DagBag from /home/airflow/.local/lib/python3.7/site-packages/airflow/example_dags/example_branch_python_dop_operator_3.py
[2024-04-28T06:16:03.292+0000] {processor.py:768} INFO - DAG(s) dict_keys(['example_branch_dop_operator_v3']) retrieved from /home/airflow/.local/lib/python3.7/site-packages/airflow/example_dags/example_branch_python_dop_operator_3.py
[2024-04-28T06:16:03.335+0000] {logging_mixin.py:117} INFO - [2024-04-28T06:16:03.335+0000] {dag.py:2573} INFO - Sync 1 DAGs
[2024-04-28T06:16:03.367+0000] {logging_mixin.py:117} INFO - [2024-04-28T06:16:03.367+0000] {dag.py:3328} INFO - Setting next_dagrun for example_branch_dop_operator_v3 to 2024-04-28T06:15:00+00:00, run_after=2024-04-28T06:16:00+00:00
[2024-04-28T06:16:03.614+0000] {processor.py:178} INFO - Processing /home/airflow/.local/lib/python3.7/site-packages/airflow/example_dags/example_branch_python_dop_operator_3.py took 0.354 seconds
[2024-04-28T06:16:35.996+0000] {processor.py:156} INFO - Started process (PID=1392) to work on /home/airflow/.local/lib/python3.7/site-packages/airflow/example_dags/example_branch_python_dop_operator_3.py
[2024-04-28T06:16:35.997+0000] {processor.py:758} INFO - Processing file /home/airflow/.local/lib/python3.7/site-packages/airflow/example_dags/example_branch_python_dop_operator_3.py for tasks to queue
[2024-04-28T06:16:35.998+0000] {logging_mixin.py:117} INFO - [2024-04-28T06:16:35.998+0000] {dagbag.py:525} INFO - Filling up the DagBag from /home/airflow/.local/lib/python3.7/site-packages/airflow/example_dags/example_branch_python_dop_operator_3.py
[2024-04-28T06:16:36.027+0000] {processor.py:768} INFO - DAG(s) dict_keys(['example_branch_dop_operator_v3']) retrieved from /home/airflow/.local/lib/python3.7/site-packages/airflow/example_dags/example_branch_python_dop_operator_3.py
[2024-04-28T06:16:36.074+0000] {logging_mixin.py:117} INFO - [2024-04-28T06:16:36.074+0000] {dag.py:2573} INFO - Sync 1 DAGs
[2024-04-28T06:16:36.280+0000] {logging_mixin.py:117} INFO - [2024-04-28T06:16:36.280+0000] {dag.py:3328} INFO - Setting next_dagrun for example_branch_dop_operator_v3 to 2024-04-28T06:15:00+00:00, run_after=2024-04-28T06:16:00+00:00
[2024-04-28T06:16:36.303+0000] {processor.py:178} INFO - Processing /home/airflow/.local/lib/python3.7/site-packages/airflow/example_dags/example_branch_python_dop_operator_3.py took 0.310 seconds
[2024-04-28T06:17:06.648+0000] {processor.py:156} INFO - Started process (PID=1598) to work on /home/airflow/.local/lib/python3.7/site-packages/airflow/example_dags/example_branch_python_dop_operator_3.py
[2024-04-28T06:17:06.649+0000] {processor.py:758} INFO - Processing file /home/airflow/.local/lib/python3.7/site-packages/airflow/example_dags/example_branch_python_dop_operator_3.py for tasks to queue
[2024-04-28T06:17:06.649+0000] {logging_mixin.py:117} INFO - [2024-04-28T06:17:06.649+0000] {dagbag.py:525} INFO - Filling up the DagBag from /home/airflow/.local/lib/python3.7/site-packages/airflow/example_dags/example_branch_python_dop_operator_3.py
[2024-04-28T06:17:06.678+0000] {processor.py:768} INFO - DAG(s) dict_keys(['example_branch_dop_operator_v3']) retrieved from /home/airflow/.local/lib/python3.7/site-packages/airflow/example_dags/example_branch_python_dop_operator_3.py
[2024-04-28T06:17:06.878+0000] {logging_mixin.py:117} INFO - [2024-04-28T06:17:06.878+0000] {dag.py:2573} INFO - Sync 1 DAGs
[2024-04-28T06:17:06.916+0000] {logging_mixin.py:117} INFO - [2024-04-28T06:17:06.915+0000] {dag.py:3328} INFO - Setting next_dagrun for example_branch_dop_operator_v3 to 2024-04-28T06:16:00+00:00, run_after=2024-04-28T06:17:00+00:00
[2024-04-28T06:17:06.942+0000] {processor.py:178} INFO - Processing /home/airflow/.local/lib/python3.7/site-packages/airflow/example_dags/example_branch_python_dop_operator_3.py took 0.297 seconds
[2024-04-28T06:17:37.426+0000] {processor.py:156} INFO - Started process (PID=1815) to work on /home/airflow/.local/lib/python3.7/site-packages/airflow/example_dags/example_branch_python_dop_operator_3.py
[2024-04-28T06:17:37.427+0000] {processor.py:758} INFO - Processing file /home/airflow/.local/lib/python3.7/site-packages/airflow/example_dags/example_branch_python_dop_operator_3.py for tasks to queue
[2024-04-28T06:17:37.428+0000] {logging_mixin.py:117} INFO - [2024-04-28T06:17:37.428+0000] {dagbag.py:525} INFO - Filling up the DagBag from /home/airflow/.local/lib/python3.7/site-packages/airflow/example_dags/example_branch_python_dop_operator_3.py
[2024-04-28T06:17:37.456+0000] {processor.py:768} INFO - DAG(s) dict_keys(['example_branch_dop_operator_v3']) retrieved from /home/airflow/.local/lib/python3.7/site-packages/airflow/example_dags/example_branch_python_dop_operator_3.py
[2024-04-28T06:17:37.646+0000] {logging_mixin.py:117} INFO - [2024-04-28T06:17:37.645+0000] {dag.py:2573} INFO - Sync 1 DAGs
[2024-04-28T06:17:37.678+0000] {logging_mixin.py:117} INFO - [2024-04-28T06:17:37.677+0000] {dag.py:3328} INFO - Setting next_dagrun for example_branch_dop_operator_v3 to 2024-04-28T06:16:00+00:00, run_after=2024-04-28T06:17:00+00:00
[2024-04-28T06:17:37.702+0000] {processor.py:178} INFO - Processing /home/airflow/.local/lib/python3.7/site-packages/airflow/example_dags/example_branch_python_dop_operator_3.py took 0.280 seconds
[2024-04-28T06:18:08.286+0000] {processor.py:156} INFO - Started process (PID=2033) to work on /home/airflow/.local/lib/python3.7/site-packages/airflow/example_dags/example_branch_python_dop_operator_3.py
[2024-04-28T06:18:08.287+0000] {processor.py:758} INFO - Processing file /home/airflow/.local/lib/python3.7/site-packages/airflow/example_dags/example_branch_python_dop_operator_3.py for tasks to queue
[2024-04-28T06:18:08.288+0000] {logging_mixin.py:117} INFO - [2024-04-28T06:18:08.287+0000] {dagbag.py:525} INFO - Filling up the DagBag from /home/airflow/.local/lib/python3.7/site-packages/airflow/example_dags/example_branch_python_dop_operator_3.py
[2024-04-28T06:18:08.316+0000] {processor.py:768} INFO - DAG(s) dict_keys(['example_branch_dop_operator_v3']) retrieved from /home/airflow/.local/lib/python3.7/site-packages/airflow/example_dags/example_branch_python_dop_operator_3.py
[2024-04-28T06:18:08.506+0000] {logging_mixin.py:117} INFO - [2024-04-28T06:18:08.506+0000] {dag.py:2573} INFO - Sync 1 DAGs
[2024-04-28T06:18:08.542+0000] {logging_mixin.py:117} INFO - [2024-04-28T06:18:08.541+0000] {dag.py:3328} INFO - Setting next_dagrun for example_branch_dop_operator_v3 to 2024-04-28T06:17:00+00:00, run_after=2024-04-28T06:18:00+00:00
[2024-04-28T06:18:08.569+0000] {processor.py:178} INFO - Processing /home/airflow/.local/lib/python3.7/site-packages/airflow/example_dags/example_branch_python_dop_operator_3.py took 0.287 seconds
[2024-04-28T06:18:39.043+0000] {processor.py:156} INFO - Started process (PID=2241) to work on /home/airflow/.local/lib/python3.7/site-packages/airflow/example_dags/example_branch_python_dop_operator_3.py
[2024-04-28T06:18:39.044+0000] {processor.py:758} INFO - Processing file /home/airflow/.local/lib/python3.7/site-packages/airflow/example_dags/example_branch_python_dop_operator_3.py for tasks to queue
[2024-04-28T06:18:39.045+0000] {logging_mixin.py:117} INFO - [2024-04-28T06:18:39.045+0000] {dagbag.py:525} INFO - Filling up the DagBag from /home/airflow/.local/lib/python3.7/site-packages/airflow/example_dags/example_branch_python_dop_operator_3.py
[2024-04-28T06:18:39.226+0000] {processor.py:768} INFO - DAG(s) dict_keys(['example_branch_dop_operator_v3']) retrieved from /home/airflow/.local/lib/python3.7/site-packages/airflow/example_dags/example_branch_python_dop_operator_3.py
[2024-04-28T06:18:39.265+0000] {logging_mixin.py:117} INFO - [2024-04-28T06:18:39.264+0000] {dag.py:2573} INFO - Sync 1 DAGs
[2024-04-28T06:18:39.303+0000] {logging_mixin.py:117} INFO - [2024-04-28T06:18:39.303+0000] {dag.py:3328} INFO - Setting next_dagrun for example_branch_dop_operator_v3 to 2024-04-28T06:17:00+00:00, run_after=2024-04-28T06:18:00+00:00
[2024-04-28T06:18:39.328+0000] {processor.py:178} INFO - Processing /home/airflow/.local/lib/python3.7/site-packages/airflow/example_dags/example_branch_python_dop_operator_3.py took 0.288 seconds
[2024-04-28T06:19:09.692+0000] {processor.py:156} INFO - Started process (PID=2460) to work on /home/airflow/.local/lib/python3.7/site-packages/airflow/example_dags/example_branch_python_dop_operator_3.py
[2024-04-28T06:19:09.692+0000] {processor.py:758} INFO - Processing file /home/airflow/.local/lib/python3.7/site-packages/airflow/example_dags/example_branch_python_dop_operator_3.py for tasks to queue
[2024-04-28T06:19:09.693+0000] {logging_mixin.py:117} INFO - [2024-04-28T06:19:09.693+0000] {dagbag.py:525} INFO - Filling up the DagBag from /home/airflow/.local/lib/python3.7/site-packages/airflow/example_dags/example_branch_python_dop_operator_3.py
[2024-04-28T06:19:09.722+0000] {processor.py:768} INFO - DAG(s) dict_keys(['example_branch_dop_operator_v3']) retrieved from /home/airflow/.local/lib/python3.7/site-packages/airflow/example_dags/example_branch_python_dop_operator_3.py
[2024-04-28T06:19:09.775+0000] {logging_mixin.py:117} INFO - [2024-04-28T06:19:09.775+0000] {dag.py:2573} INFO - Sync 1 DAGs
[2024-04-28T06:19:09.951+0000] {logging_mixin.py:117} INFO - [2024-04-28T06:19:09.950+0000] {dag.py:3328} INFO - Setting next_dagrun for example_branch_dop_operator_v3 to 2024-04-28T06:18:00+00:00, run_after=2024-04-28T06:19:00+00:00
[2024-04-28T06:19:09.979+0000] {processor.py:178} INFO - Processing /home/airflow/.local/lib/python3.7/site-packages/airflow/example_dags/example_branch_python_dop_operator_3.py took 0.291 seconds
[2024-04-28T06:19:41.550+0000] {processor.py:156} INFO - Started process (PID=2677) to work on /home/airflow/.local/lib/python3.7/site-packages/airflow/example_dags/example_branch_python_dop_operator_3.py
[2024-04-28T06:19:41.552+0000] {processor.py:758} INFO - Processing file /home/airflow/.local/lib/python3.7/site-packages/airflow/example_dags/example_branch_python_dop_operator_3.py for tasks to queue
[2024-04-28T06:19:41.553+0000] {logging_mixin.py:117} INFO - [2024-04-28T06:19:41.553+0000] {dagbag.py:525} INFO - Filling up the DagBag from /home/airflow/.local/lib/python3.7/site-packages/airflow/example_dags/example_branch_python_dop_operator_3.py
[2024-04-28T06:19:41.604+0000] {processor.py:768} INFO - DAG(s) dict_keys(['example_branch_dop_operator_v3']) retrieved from /home/airflow/.local/lib/python3.7/site-packages/airflow/example_dags/example_branch_python_dop_operator_3.py
[2024-04-28T06:19:42.052+0000] {logging_mixin.py:117} INFO - [2024-04-28T06:19:42.051+0000] {dag.py:2573} INFO - Sync 1 DAGs
[2024-04-28T06:19:42.089+0000] {logging_mixin.py:117} INFO - [2024-04-28T06:19:42.089+0000] {dag.py:3328} INFO - Setting next_dagrun for example_branch_dop_operator_v3 to 2024-04-28T06:18:00+00:00, run_after=2024-04-28T06:19:00+00:00
[2024-04-28T06:19:42.121+0000] {processor.py:178} INFO - Processing /home/airflow/.local/lib/python3.7/site-packages/airflow/example_dags/example_branch_python_dop_operator_3.py took 0.574 seconds
[2024-04-28T06:20:12.340+0000] {processor.py:156} INFO - Started process (PID=2888) to work on /home/airflow/.local/lib/python3.7/site-packages/airflow/example_dags/example_branch_python_dop_operator_3.py
[2024-04-28T06:20:12.341+0000] {processor.py:758} INFO - Processing file /home/airflow/.local/lib/python3.7/site-packages/airflow/example_dags/example_branch_python_dop_operator_3.py for tasks to queue
[2024-04-28T06:20:12.342+0000] {logging_mixin.py:117} INFO - [2024-04-28T06:20:12.342+0000] {dagbag.py:525} INFO - Filling up the DagBag from /home/airflow/.local/lib/python3.7/site-packages/airflow/example_dags/example_branch_python_dop_operator_3.py
[2024-04-28T06:20:12.373+0000] {processor.py:768} INFO - DAG(s) dict_keys(['example_branch_dop_operator_v3']) retrieved from /home/airflow/.local/lib/python3.7/site-packages/airflow/example_dags/example_branch_python_dop_operator_3.py
[2024-04-28T06:20:12.521+0000] {logging_mixin.py:117} INFO - [2024-04-28T06:20:12.521+0000] {dag.py:2573} INFO - Sync 1 DAGs
[2024-04-28T06:20:12.544+0000] {logging_mixin.py:117} INFO - [2024-04-28T06:20:12.544+0000] {dag.py:3328} INFO - Setting next_dagrun for example_branch_dop_operator_v3 to 2024-04-28T06:19:00+00:00, run_after=2024-04-28T06:20:00+00:00
[2024-04-28T06:20:12.564+0000] {processor.py:178} INFO - Processing /home/airflow/.local/lib/python3.7/site-packages/airflow/example_dags/example_branch_python_dop_operator_3.py took 0.228 seconds
[2024-04-28T06:20:42.929+0000] {processor.py:156} INFO - Started process (PID=3106) to work on /home/airflow/.local/lib/python3.7/site-packages/airflow/example_dags/example_branch_python_dop_operator_3.py
[2024-04-28T06:20:42.930+0000] {processor.py:758} INFO - Processing file /home/airflow/.local/lib/python3.7/site-packages/airflow/example_dags/example_branch_python_dop_operator_3.py for tasks to queue
[2024-04-28T06:20:42.930+0000] {logging_mixin.py:117} INFO - [2024-04-28T06:20:42.930+0000] {dagbag.py:525} INFO - Filling up the DagBag from /home/airflow/.local/lib/python3.7/site-packages/airflow/example_dags/example_branch_python_dop_operator_3.py
[2024-04-28T06:20:43.161+0000] {processor.py:768} INFO - DAG(s) dict_keys(['example_branch_dop_operator_v3']) retrieved from /home/airflow/.local/lib/python3.7/site-packages/airflow/example_dags/example_branch_python_dop_operator_3.py
[2024-04-28T06:20:43.260+0000] {logging_mixin.py:117} INFO - [2024-04-28T06:20:43.260+0000] {dag.py:2573} INFO - Sync 1 DAGs
[2024-04-28T06:20:43.369+0000] {logging_mixin.py:117} INFO - [2024-04-28T06:20:43.369+0000] {dag.py:3328} INFO - Setting next_dagrun for example_branch_dop_operator_v3 to 2024-04-28T06:19:00+00:00, run_after=2024-04-28T06:20:00+00:00
[2024-04-28T06:20:43.422+0000] {processor.py:178} INFO - Processing /home/airflow/.local/lib/python3.7/site-packages/airflow/example_dags/example_branch_python_dop_operator_3.py took 0.496 seconds
[2024-04-28T06:21:13.752+0000] {processor.py:156} INFO - Started process (PID=3321) to work on /home/airflow/.local/lib/python3.7/site-packages/airflow/example_dags/example_branch_python_dop_operator_3.py
[2024-04-28T06:21:13.753+0000] {processor.py:758} INFO - Processing file /home/airflow/.local/lib/python3.7/site-packages/airflow/example_dags/example_branch_python_dop_operator_3.py for tasks to queue
[2024-04-28T06:21:13.753+0000] {logging_mixin.py:117} INFO - [2024-04-28T06:21:13.753+0000] {dagbag.py:525} INFO - Filling up the DagBag from /home/airflow/.local/lib/python3.7/site-packages/airflow/example_dags/example_branch_python_dop_operator_3.py
[2024-04-28T06:21:13.781+0000] {processor.py:768} INFO - DAG(s) dict_keys(['example_branch_dop_operator_v3']) retrieved from /home/airflow/.local/lib/python3.7/site-packages/airflow/example_dags/example_branch_python_dop_operator_3.py
[2024-04-28T06:21:13.827+0000] {logging_mixin.py:117} INFO - [2024-04-28T06:21:13.827+0000] {dag.py:2573} INFO - Sync 1 DAGs
[2024-04-28T06:21:14.059+0000] {logging_mixin.py:117} INFO - [2024-04-28T06:21:14.059+0000] {dag.py:3328} INFO - Setting next_dagrun for example_branch_dop_operator_v3 to 2024-04-28T06:20:00+00:00, run_after=2024-04-28T06:21:00+00:00
[2024-04-28T06:21:14.110+0000] {processor.py:178} INFO - Processing /home/airflow/.local/lib/python3.7/site-packages/airflow/example_dags/example_branch_python_dop_operator_3.py took 0.363 seconds
[2024-04-28T06:21:44.591+0000] {processor.py:156} INFO - Started process (PID=3531) to work on /home/airflow/.local/lib/python3.7/site-packages/airflow/example_dags/example_branch_python_dop_operator_3.py
[2024-04-28T06:21:44.592+0000] {processor.py:758} INFO - Processing file /home/airflow/.local/lib/python3.7/site-packages/airflow/example_dags/example_branch_python_dop_operator_3.py for tasks to queue
[2024-04-28T06:21:44.592+0000] {logging_mixin.py:117} INFO - [2024-04-28T06:21:44.592+0000] {dagbag.py:525} INFO - Filling up the DagBag from /home/airflow/.local/lib/python3.7/site-packages/airflow/example_dags/example_branch_python_dop_operator_3.py
[2024-04-28T06:21:44.624+0000] {processor.py:768} INFO - DAG(s) dict_keys(['example_branch_dop_operator_v3']) retrieved from /home/airflow/.local/lib/python3.7/site-packages/airflow/example_dags/example_branch_python_dop_operator_3.py
[2024-04-28T06:21:45.301+0000] {logging_mixin.py:117} INFO - [2024-04-28T06:21:45.300+0000] {dag.py:2573} INFO - Sync 1 DAGs
[2024-04-28T06:21:45.357+0000] {logging_mixin.py:117} INFO - [2024-04-28T06:21:45.357+0000] {dag.py:3328} INFO - Setting next_dagrun for example_branch_dop_operator_v3 to 2024-04-28T06:20:00+00:00, run_after=2024-04-28T06:21:00+00:00
[2024-04-28T06:21:45.393+0000] {processor.py:178} INFO - Processing /home/airflow/.local/lib/python3.7/site-packages/airflow/example_dags/example_branch_python_dop_operator_3.py took 0.806 seconds
[2024-04-28T06:22:16.045+0000] {processor.py:156} INFO - Started process (PID=3748) to work on /home/airflow/.local/lib/python3.7/site-packages/airflow/example_dags/example_branch_python_dop_operator_3.py
[2024-04-28T06:22:16.046+0000] {processor.py:758} INFO - Processing file /home/airflow/.local/lib/python3.7/site-packages/airflow/example_dags/example_branch_python_dop_operator_3.py for tasks to queue
[2024-04-28T06:22:16.047+0000] {logging_mixin.py:117} INFO - [2024-04-28T06:22:16.047+0000] {dagbag.py:525} INFO - Filling up the DagBag from /home/airflow/.local/lib/python3.7/site-packages/airflow/example_dags/example_branch_python_dop_operator_3.py
[2024-04-28T06:22:16.081+0000] {processor.py:768} INFO - DAG(s) dict_keys(['example_branch_dop_operator_v3']) retrieved from /home/airflow/.local/lib/python3.7/site-packages/airflow/example_dags/example_branch_python_dop_operator_3.py
[2024-04-28T06:22:16.270+0000] {logging_mixin.py:117} INFO - [2024-04-28T06:22:16.270+0000] {dag.py:2573} INFO - Sync 1 DAGs
[2024-04-28T06:22:16.305+0000] {logging_mixin.py:117} INFO - [2024-04-28T06:22:16.305+0000] {dag.py:3328} INFO - Setting next_dagrun for example_branch_dop_operator_v3 to 2024-04-28T06:21:00+00:00, run_after=2024-04-28T06:22:00+00:00
[2024-04-28T06:22:16.329+0000] {processor.py:178} INFO - Processing /home/airflow/.local/lib/python3.7/site-packages/airflow/example_dags/example_branch_python_dop_operator_3.py took 0.286 seconds
[2024-04-28T06:22:46.440+0000] {processor.py:156} INFO - Started process (PID=3968) to work on /home/airflow/.local/lib/python3.7/site-packages/airflow/example_dags/example_branch_python_dop_operator_3.py
[2024-04-28T06:22:46.441+0000] {processor.py:758} INFO - Processing file /home/airflow/.local/lib/python3.7/site-packages/airflow/example_dags/example_branch_python_dop_operator_3.py for tasks to queue
[2024-04-28T06:22:46.442+0000] {logging_mixin.py:117} INFO - [2024-04-28T06:22:46.442+0000] {dagbag.py:525} INFO - Filling up the DagBag from /home/airflow/.local/lib/python3.7/site-packages/airflow/example_dags/example_branch_python_dop_operator_3.py
[2024-04-28T06:22:46.622+0000] {processor.py:768} INFO - DAG(s) dict_keys(['example_branch_dop_operator_v3']) retrieved from /home/airflow/.local/lib/python3.7/site-packages/airflow/example_dags/example_branch_python_dop_operator_3.py
[2024-04-28T06:22:46.659+0000] {logging_mixin.py:117} INFO - [2024-04-28T06:22:46.659+0000] {dag.py:2573} INFO - Sync 1 DAGs
[2024-04-28T06:22:46.697+0000] {logging_mixin.py:117} INFO - [2024-04-28T06:22:46.697+0000] {dag.py:3328} INFO - Setting next_dagrun for example_branch_dop_operator_v3 to 2024-04-28T06:21:00+00:00, run_after=2024-04-28T06:22:00+00:00
[2024-04-28T06:22:46.723+0000] {processor.py:178} INFO - Processing /home/airflow/.local/lib/python3.7/site-packages/airflow/example_dags/example_branch_python_dop_operator_3.py took 0.285 seconds
[2024-04-28T06:23:17.035+0000] {processor.py:156} INFO - Started process (PID=4176) to work on /home/airflow/.local/lib/python3.7/site-packages/airflow/example_dags/example_branch_python_dop_operator_3.py
[2024-04-28T06:23:17.036+0000] {processor.py:758} INFO - Processing file /home/airflow/.local/lib/python3.7/site-packages/airflow/example_dags/example_branch_python_dop_operator_3.py for tasks to queue
[2024-04-28T06:23:17.036+0000] {logging_mixin.py:117} INFO - [2024-04-28T06:23:17.036+0000] {dagbag.py:525} INFO - Filling up the DagBag from /home/airflow/.local/lib/python3.7/site-packages/airflow/example_dags/example_branch_python_dop_operator_3.py
[2024-04-28T06:23:17.056+0000] {processor.py:768} INFO - DAG(s) dict_keys(['example_branch_dop_operator_v3']) retrieved from /home/airflow/.local/lib/python3.7/site-packages/airflow/example_dags/example_branch_python_dop_operator_3.py
[2024-04-28T06:23:17.161+0000] {logging_mixin.py:117} INFO - [2024-04-28T06:23:17.161+0000] {dag.py:2573} INFO - Sync 1 DAGs
[2024-04-28T06:23:17.276+0000] {logging_mixin.py:117} INFO - [2024-04-28T06:23:17.275+0000] {dag.py:3328} INFO - Setting next_dagrun for example_branch_dop_operator_v3 to 2024-04-28T06:22:00+00:00, run_after=2024-04-28T06:23:00+00:00
[2024-04-28T06:23:17.360+0000] {processor.py:178} INFO - Processing /home/airflow/.local/lib/python3.7/site-packages/airflow/example_dags/example_branch_python_dop_operator_3.py took 0.327 seconds
[2024-04-28T06:23:47.716+0000] {processor.py:156} INFO - Started process (PID=4391) to work on /home/airflow/.local/lib/python3.7/site-packages/airflow/example_dags/example_branch_python_dop_operator_3.py
[2024-04-28T06:23:47.717+0000] {processor.py:758} INFO - Processing file /home/airflow/.local/lib/python3.7/site-packages/airflow/example_dags/example_branch_python_dop_operator_3.py for tasks to queue
[2024-04-28T06:23:47.718+0000] {logging_mixin.py:117} INFO - [2024-04-28T06:23:47.718+0000] {dagbag.py:525} INFO - Filling up the DagBag from /home/airflow/.local/lib/python3.7/site-packages/airflow/example_dags/example_branch_python_dop_operator_3.py
[2024-04-28T06:23:47.795+0000] {processor.py:768} INFO - DAG(s) dict_keys(['example_branch_dop_operator_v3']) retrieved from /home/airflow/.local/lib/python3.7/site-packages/airflow/example_dags/example_branch_python_dop_operator_3.py
[2024-04-28T06:23:47.895+0000] {logging_mixin.py:117} INFO - [2024-04-28T06:23:47.895+0000] {dag.py:2573} INFO - Sync 1 DAGs
[2024-04-28T06:23:47.969+0000] {logging_mixin.py:117} INFO - [2024-04-28T06:23:47.969+0000] {dag.py:3328} INFO - Setting next_dagrun for example_branch_dop_operator_v3 to 2024-04-28T06:22:00+00:00, run_after=2024-04-28T06:23:00+00:00
[2024-04-28T06:23:48.002+0000] {processor.py:178} INFO - Processing /home/airflow/.local/lib/python3.7/site-packages/airflow/example_dags/example_branch_python_dop_operator_3.py took 0.289 seconds
[2024-04-28T06:24:18.152+0000] {processor.py:156} INFO - Started process (PID=4610) to work on /home/airflow/.local/lib/python3.7/site-packages/airflow/example_dags/example_branch_python_dop_operator_3.py
[2024-04-28T06:24:18.152+0000] {processor.py:758} INFO - Processing file /home/airflow/.local/lib/python3.7/site-packages/airflow/example_dags/example_branch_python_dop_operator_3.py for tasks to queue
[2024-04-28T06:24:18.153+0000] {logging_mixin.py:117} INFO - [2024-04-28T06:24:18.153+0000] {dagbag.py:525} INFO - Filling up the DagBag from /home/airflow/.local/lib/python3.7/site-packages/airflow/example_dags/example_branch_python_dop_operator_3.py
[2024-04-28T06:24:18.175+0000] {processor.py:768} INFO - DAG(s) dict_keys(['example_branch_dop_operator_v3']) retrieved from /home/airflow/.local/lib/python3.7/site-packages/airflow/example_dags/example_branch_python_dop_operator_3.py
[2024-04-28T06:24:18.207+0000] {logging_mixin.py:117} INFO - [2024-04-28T06:24:18.207+0000] {dag.py:2573} INFO - Sync 1 DAGs
[2024-04-28T06:24:18.234+0000] {logging_mixin.py:117} INFO - [2024-04-28T06:24:18.234+0000] {dag.py:3328} INFO - Setting next_dagrun for example_branch_dop_operator_v3 to 2024-04-28T06:23:00+00:00, run_after=2024-04-28T06:24:00+00:00
[2024-04-28T06:24:18.255+0000] {processor.py:178} INFO - Processing /home/airflow/.local/lib/python3.7/site-packages/airflow/example_dags/example_branch_python_dop_operator_3.py took 0.107 seconds
[2024-04-28T06:24:48.632+0000] {processor.py:156} INFO - Started process (PID=4825) to work on /home/airflow/.local/lib/python3.7/site-packages/airflow/example_dags/example_branch_python_dop_operator_3.py
[2024-04-28T06:24:48.633+0000] {processor.py:758} INFO - Processing file /home/airflow/.local/lib/python3.7/site-packages/airflow/example_dags/example_branch_python_dop_operator_3.py for tasks to queue
[2024-04-28T06:24:48.634+0000] {logging_mixin.py:117} INFO - [2024-04-28T06:24:48.634+0000] {dagbag.py:525} INFO - Filling up the DagBag from /home/airflow/.local/lib/python3.7/site-packages/airflow/example_dags/example_branch_python_dop_operator_3.py
[2024-04-28T06:24:48.680+0000] {processor.py:768} INFO - DAG(s) dict_keys(['example_branch_dop_operator_v3']) retrieved from /home/airflow/.local/lib/python3.7/site-packages/airflow/example_dags/example_branch_python_dop_operator_3.py
[2024-04-28T06:24:48.727+0000] {logging_mixin.py:117} INFO - [2024-04-28T06:24:48.727+0000] {dag.py:2573} INFO - Sync 1 DAGs
[2024-04-28T06:24:48.785+0000] {logging_mixin.py:117} INFO - [2024-04-28T06:24:48.785+0000] {dag.py:3328} INFO - Setting next_dagrun for example_branch_dop_operator_v3 to 2024-04-28T06:23:00+00:00, run_after=2024-04-28T06:24:00+00:00
[2024-04-28T06:24:48.842+0000] {processor.py:178} INFO - Processing /home/airflow/.local/lib/python3.7/site-packages/airflow/example_dags/example_branch_python_dop_operator_3.py took 0.213 seconds
[2024-04-28T06:25:19.567+0000] {processor.py:156} INFO - Started process (PID=5036) to work on /home/airflow/.local/lib/python3.7/site-packages/airflow/example_dags/example_branch_python_dop_operator_3.py
[2024-04-28T06:25:19.568+0000] {processor.py:758} INFO - Processing file /home/airflow/.local/lib/python3.7/site-packages/airflow/example_dags/example_branch_python_dop_operator_3.py for tasks to queue
[2024-04-28T06:25:19.569+0000] {logging_mixin.py:117} INFO - [2024-04-28T06:25:19.569+0000] {dagbag.py:525} INFO - Filling up the DagBag from /home/airflow/.local/lib/python3.7/site-packages/airflow/example_dags/example_branch_python_dop_operator_3.py
[2024-04-28T06:25:19.599+0000] {processor.py:768} INFO - DAG(s) dict_keys(['example_branch_dop_operator_v3']) retrieved from /home/airflow/.local/lib/python3.7/site-packages/airflow/example_dags/example_branch_python_dop_operator_3.py
[2024-04-28T06:25:19.644+0000] {logging_mixin.py:117} INFO - [2024-04-28T06:25:19.644+0000] {dag.py:2573} INFO - Sync 1 DAGs
[2024-04-28T06:25:19.679+0000] {logging_mixin.py:117} INFO - [2024-04-28T06:25:19.678+0000] {dag.py:3328} INFO - Setting next_dagrun for example_branch_dop_operator_v3 to 2024-04-28T06:24:00+00:00, run_after=2024-04-28T06:25:00+00:00
[2024-04-28T06:25:19.704+0000] {processor.py:178} INFO - Processing /home/airflow/.local/lib/python3.7/site-packages/airflow/example_dags/example_branch_python_dop_operator_3.py took 0.140 seconds
[2024-04-28T06:25:49.875+0000] {processor.py:156} INFO - Started process (PID=5252) to work on /home/airflow/.local/lib/python3.7/site-packages/airflow/example_dags/example_branch_python_dop_operator_3.py
[2024-04-28T06:25:49.880+0000] {processor.py:758} INFO - Processing file /home/airflow/.local/lib/python3.7/site-packages/airflow/example_dags/example_branch_python_dop_operator_3.py for tasks to queue
[2024-04-28T06:25:49.880+0000] {logging_mixin.py:117} INFO - [2024-04-28T06:25:49.880+0000] {dagbag.py:525} INFO - Filling up the DagBag from /home/airflow/.local/lib/python3.7/site-packages/airflow/example_dags/example_branch_python_dop_operator_3.py
[2024-04-28T06:25:49.911+0000] {processor.py:768} INFO - DAG(s) dict_keys(['example_branch_dop_operator_v3']) retrieved from /home/airflow/.local/lib/python3.7/site-packages/airflow/example_dags/example_branch_python_dop_operator_3.py
[2024-04-28T06:25:49.954+0000] {logging_mixin.py:117} INFO - [2024-04-28T06:25:49.954+0000] {dag.py:2573} INFO - Sync 1 DAGs
[2024-04-28T06:25:49.991+0000] {logging_mixin.py:117} INFO - [2024-04-28T06:25:49.991+0000] {dag.py:3328} INFO - Setting next_dagrun for example_branch_dop_operator_v3 to 2024-04-28T06:24:00+00:00, run_after=2024-04-28T06:25:00+00:00
[2024-04-28T06:25:50.017+0000] {processor.py:178} INFO - Processing /home/airflow/.local/lib/python3.7/site-packages/airflow/example_dags/example_branch_python_dop_operator_3.py took 0.145 seconds
[2024-04-28T06:26:21.037+0000] {processor.py:156} INFO - Started process (PID=5473) to work on /home/airflow/.local/lib/python3.7/site-packages/airflow/example_dags/example_branch_python_dop_operator_3.py
[2024-04-28T06:26:21.038+0000] {processor.py:758} INFO - Processing file /home/airflow/.local/lib/python3.7/site-packages/airflow/example_dags/example_branch_python_dop_operator_3.py for tasks to queue
[2024-04-28T06:26:21.049+0000] {logging_mixin.py:117} INFO - [2024-04-28T06:26:21.042+0000] {dagbag.py:525} INFO - Filling up the DagBag from /home/airflow/.local/lib/python3.7/site-packages/airflow/example_dags/example_branch_python_dop_operator_3.py
[2024-04-28T06:26:21.087+0000] {processor.py:768} INFO - DAG(s) dict_keys(['example_branch_dop_operator_v3']) retrieved from /home/airflow/.local/lib/python3.7/site-packages/airflow/example_dags/example_branch_python_dop_operator_3.py
[2024-04-28T06:26:21.154+0000] {logging_mixin.py:117} INFO - [2024-04-28T06:26:21.154+0000] {dag.py:2573} INFO - Sync 1 DAGs
[2024-04-28T06:26:21.228+0000] {logging_mixin.py:117} INFO - [2024-04-28T06:26:21.227+0000] {dag.py:3328} INFO - Setting next_dagrun for example_branch_dop_operator_v3 to 2024-04-28T06:25:00+00:00, run_after=2024-04-28T06:26:00+00:00
[2024-04-28T06:26:21.274+0000] {processor.py:178} INFO - Processing /home/airflow/.local/lib/python3.7/site-packages/airflow/example_dags/example_branch_python_dop_operator_3.py took 0.240 seconds
[2024-04-28T06:26:51.343+0000] {processor.py:156} INFO - Started process (PID=5682) to work on /home/airflow/.local/lib/python3.7/site-packages/airflow/example_dags/example_branch_python_dop_operator_3.py
[2024-04-28T06:26:51.344+0000] {processor.py:758} INFO - Processing file /home/airflow/.local/lib/python3.7/site-packages/airflow/example_dags/example_branch_python_dop_operator_3.py for tasks to queue
[2024-04-28T06:26:51.345+0000] {logging_mixin.py:117} INFO - [2024-04-28T06:26:51.345+0000] {dagbag.py:525} INFO - Filling up the DagBag from /home/airflow/.local/lib/python3.7/site-packages/airflow/example_dags/example_branch_python_dop_operator_3.py
[2024-04-28T06:26:51.376+0000] {processor.py:768} INFO - DAG(s) dict_keys(['example_branch_dop_operator_v3']) retrieved from /home/airflow/.local/lib/python3.7/site-packages/airflow/example_dags/example_branch_python_dop_operator_3.py
[2024-04-28T06:26:51.444+0000] {logging_mixin.py:117} INFO - [2024-04-28T06:26:51.444+0000] {dag.py:2573} INFO - Sync 1 DAGs
[2024-04-28T06:26:51.536+0000] {logging_mixin.py:117} INFO - [2024-04-28T06:26:51.536+0000] {dag.py:3328} INFO - Setting next_dagrun for example_branch_dop_operator_v3 to 2024-04-28T06:25:00+00:00, run_after=2024-04-28T06:26:00+00:00
[2024-04-28T06:26:51.562+0000] {processor.py:178} INFO - Processing /home/airflow/.local/lib/python3.7/site-packages/airflow/example_dags/example_branch_python_dop_operator_3.py took 0.222 seconds
[2024-04-28T06:27:21.779+0000] {processor.py:156} INFO - Started process (PID=5901) to work on /home/airflow/.local/lib/python3.7/site-packages/airflow/example_dags/example_branch_python_dop_operator_3.py
[2024-04-28T06:27:21.780+0000] {processor.py:758} INFO - Processing file /home/airflow/.local/lib/python3.7/site-packages/airflow/example_dags/example_branch_python_dop_operator_3.py for tasks to queue
[2024-04-28T06:27:21.781+0000] {logging_mixin.py:117} INFO - [2024-04-28T06:27:21.781+0000] {dagbag.py:525} INFO - Filling up the DagBag from /home/airflow/.local/lib/python3.7/site-packages/airflow/example_dags/example_branch_python_dop_operator_3.py
[2024-04-28T06:27:21.811+0000] {processor.py:768} INFO - DAG(s) dict_keys(['example_branch_dop_operator_v3']) retrieved from /home/airflow/.local/lib/python3.7/site-packages/airflow/example_dags/example_branch_python_dop_operator_3.py
[2024-04-28T06:27:21.866+0000] {logging_mixin.py:117} INFO - [2024-04-28T06:27:21.865+0000] {dag.py:2573} INFO - Sync 1 DAGs
[2024-04-28T06:27:21.925+0000] {logging_mixin.py:117} INFO - [2024-04-28T06:27:21.925+0000] {dag.py:3328} INFO - Setting next_dagrun for example_branch_dop_operator_v3 to 2024-04-28T06:26:00+00:00, run_after=2024-04-28T06:27:00+00:00
[2024-04-28T06:27:21.985+0000] {processor.py:178} INFO - Processing /home/airflow/.local/lib/python3.7/site-packages/airflow/example_dags/example_branch_python_dop_operator_3.py took 0.208 seconds
[2024-04-28T06:27:53.430+0000] {processor.py:156} INFO - Started process (PID=6117) to work on /home/airflow/.local/lib/python3.7/site-packages/airflow/example_dags/example_branch_python_dop_operator_3.py
[2024-04-28T06:27:53.431+0000] {processor.py:758} INFO - Processing file /home/airflow/.local/lib/python3.7/site-packages/airflow/example_dags/example_branch_python_dop_operator_3.py for tasks to queue
[2024-04-28T06:27:53.432+0000] {logging_mixin.py:117} INFO - [2024-04-28T06:27:53.432+0000] {dagbag.py:525} INFO - Filling up the DagBag from /home/airflow/.local/lib/python3.7/site-packages/airflow/example_dags/example_branch_python_dop_operator_3.py
[2024-04-28T06:27:53.461+0000] {processor.py:768} INFO - DAG(s) dict_keys(['example_branch_dop_operator_v3']) retrieved from /home/airflow/.local/lib/python3.7/site-packages/airflow/example_dags/example_branch_python_dop_operator_3.py
[2024-04-28T06:27:53.571+0000] {logging_mixin.py:117} INFO - [2024-04-28T06:27:53.571+0000] {dag.py:2573} INFO - Sync 1 DAGs
[2024-04-28T06:27:53.630+0000] {logging_mixin.py:117} INFO - [2024-04-28T06:27:53.630+0000] {dag.py:3328} INFO - Setting next_dagrun for example_branch_dop_operator_v3 to 2024-04-28T06:26:00+00:00, run_after=2024-04-28T06:27:00+00:00
[2024-04-28T06:27:53.656+0000] {processor.py:178} INFO - Processing /home/airflow/.local/lib/python3.7/site-packages/airflow/example_dags/example_branch_python_dop_operator_3.py took 0.229 seconds
[2024-04-28T06:28:24.151+0000] {processor.py:156} INFO - Started process (PID=6325) to work on /home/airflow/.local/lib/python3.7/site-packages/airflow/example_dags/example_branch_python_dop_operator_3.py
[2024-04-28T06:28:24.152+0000] {processor.py:758} INFO - Processing file /home/airflow/.local/lib/python3.7/site-packages/airflow/example_dags/example_branch_python_dop_operator_3.py for tasks to queue
[2024-04-28T06:28:24.156+0000] {logging_mixin.py:117} INFO - [2024-04-28T06:28:24.155+0000] {dagbag.py:525} INFO - Filling up the DagBag from /home/airflow/.local/lib/python3.7/site-packages/airflow/example_dags/example_branch_python_dop_operator_3.py
[2024-04-28T06:28:24.224+0000] {processor.py:768} INFO - DAG(s) dict_keys(['example_branch_dop_operator_v3']) retrieved from /home/airflow/.local/lib/python3.7/site-packages/airflow/example_dags/example_branch_python_dop_operator_3.py
[2024-04-28T06:28:24.282+0000] {logging_mixin.py:117} INFO - [2024-04-28T06:28:24.282+0000] {dag.py:2573} INFO - Sync 1 DAGs
[2024-04-28T06:28:24.336+0000] {logging_mixin.py:117} INFO - [2024-04-28T06:28:24.336+0000] {dag.py:3328} INFO - Setting next_dagrun for example_branch_dop_operator_v3 to 2024-04-28T06:27:00+00:00, run_after=2024-04-28T06:28:00+00:00
[2024-04-28T06:28:24.411+0000] {processor.py:178} INFO - Processing /home/airflow/.local/lib/python3.7/site-packages/airflow/example_dags/example_branch_python_dop_operator_3.py took 0.266 seconds
[2024-04-28T06:28:55.601+0000] {processor.py:156} INFO - Started process (PID=6545) to work on /home/airflow/.local/lib/python3.7/site-packages/airflow/example_dags/example_branch_python_dop_operator_3.py
[2024-04-28T06:28:55.602+0000] {processor.py:758} INFO - Processing file /home/airflow/.local/lib/python3.7/site-packages/airflow/example_dags/example_branch_python_dop_operator_3.py for tasks to queue
[2024-04-28T06:28:55.602+0000] {logging_mixin.py:117} INFO - [2024-04-28T06:28:55.602+0000] {dagbag.py:525} INFO - Filling up the DagBag from /home/airflow/.local/lib/python3.7/site-packages/airflow/example_dags/example_branch_python_dop_operator_3.py
[2024-04-28T06:28:55.693+0000] {processor.py:768} INFO - DAG(s) dict_keys(['example_branch_dop_operator_v3']) retrieved from /home/airflow/.local/lib/python3.7/site-packages/airflow/example_dags/example_branch_python_dop_operator_3.py
[2024-04-28T06:28:55.870+0000] {logging_mixin.py:117} INFO - [2024-04-28T06:28:55.870+0000] {dag.py:2573} INFO - Sync 1 DAGs
[2024-04-28T06:28:55.967+0000] {logging_mixin.py:117} INFO - [2024-04-28T06:28:55.966+0000] {dag.py:3328} INFO - Setting next_dagrun for example_branch_dop_operator_v3 to 2024-04-28T06:27:00+00:00, run_after=2024-04-28T06:28:00+00:00
[2024-04-28T06:28:56.040+0000] {processor.py:178} INFO - Processing /home/airflow/.local/lib/python3.7/site-packages/airflow/example_dags/example_branch_python_dop_operator_3.py took 0.446 seconds
[2024-04-28T06:29:26.229+0000] {processor.py:156} INFO - Started process (PID=6769) to work on /home/airflow/.local/lib/python3.7/site-packages/airflow/example_dags/example_branch_python_dop_operator_3.py
[2024-04-28T06:29:26.230+0000] {processor.py:758} INFO - Processing file /home/airflow/.local/lib/python3.7/site-packages/airflow/example_dags/example_branch_python_dop_operator_3.py for tasks to queue
[2024-04-28T06:29:26.230+0000] {logging_mixin.py:117} INFO - [2024-04-28T06:29:26.230+0000] {dagbag.py:525} INFO - Filling up the DagBag from /home/airflow/.local/lib/python3.7/site-packages/airflow/example_dags/example_branch_python_dop_operator_3.py
[2024-04-28T06:29:26.249+0000] {processor.py:768} INFO - DAG(s) dict_keys(['example_branch_dop_operator_v3']) retrieved from /home/airflow/.local/lib/python3.7/site-packages/airflow/example_dags/example_branch_python_dop_operator_3.py
[2024-04-28T06:29:26.289+0000] {logging_mixin.py:117} INFO - [2024-04-28T06:29:26.289+0000] {dag.py:2573} INFO - Sync 1 DAGs
[2024-04-28T06:29:26.317+0000] {logging_mixin.py:117} INFO - [2024-04-28T06:29:26.317+0000] {dag.py:3328} INFO - Setting next_dagrun for example_branch_dop_operator_v3 to 2024-04-28T06:28:00+00:00, run_after=2024-04-28T06:29:00+00:00
[2024-04-28T06:29:26.345+0000] {processor.py:178} INFO - Processing /home/airflow/.local/lib/python3.7/site-packages/airflow/example_dags/example_branch_python_dop_operator_3.py took 0.119 seconds
[2024-04-28T06:29:56.417+0000] {processor.py:156} INFO - Started process (PID=6977) to work on /home/airflow/.local/lib/python3.7/site-packages/airflow/example_dags/example_branch_python_dop_operator_3.py
[2024-04-28T06:29:56.420+0000] {processor.py:758} INFO - Processing file /home/airflow/.local/lib/python3.7/site-packages/airflow/example_dags/example_branch_python_dop_operator_3.py for tasks to queue
[2024-04-28T06:29:56.421+0000] {logging_mixin.py:117} INFO - [2024-04-28T06:29:56.421+0000] {dagbag.py:525} INFO - Filling up the DagBag from /home/airflow/.local/lib/python3.7/site-packages/airflow/example_dags/example_branch_python_dop_operator_3.py
[2024-04-28T06:29:56.460+0000] {processor.py:768} INFO - DAG(s) dict_keys(['example_branch_dop_operator_v3']) retrieved from /home/airflow/.local/lib/python3.7/site-packages/airflow/example_dags/example_branch_python_dop_operator_3.py
[2024-04-28T06:29:56.627+0000] {logging_mixin.py:117} INFO - [2024-04-28T06:29:56.627+0000] {dag.py:2573} INFO - Sync 1 DAGs
[2024-04-28T06:29:56.669+0000] {logging_mixin.py:117} INFO - [2024-04-28T06:29:56.669+0000] {dag.py:3328} INFO - Setting next_dagrun for example_branch_dop_operator_v3 to 2024-04-28T06:28:00+00:00, run_after=2024-04-28T06:29:00+00:00
[2024-04-28T06:29:56.696+0000] {processor.py:178} INFO - Processing /home/airflow/.local/lib/python3.7/site-packages/airflow/example_dags/example_branch_python_dop_operator_3.py took 0.287 seconds
[2024-04-28T06:30:27.278+0000] {processor.py:156} INFO - Started process (PID=7190) to work on /home/airflow/.local/lib/python3.7/site-packages/airflow/example_dags/example_branch_python_dop_operator_3.py
[2024-04-28T06:30:27.279+0000] {processor.py:758} INFO - Processing file /home/airflow/.local/lib/python3.7/site-packages/airflow/example_dags/example_branch_python_dop_operator_3.py for tasks to queue
[2024-04-28T06:30:27.280+0000] {logging_mixin.py:117} INFO - [2024-04-28T06:30:27.280+0000] {dagbag.py:525} INFO - Filling up the DagBag from /home/airflow/.local/lib/python3.7/site-packages/airflow/example_dags/example_branch_python_dop_operator_3.py
[2024-04-28T06:30:27.311+0000] {processor.py:768} INFO - DAG(s) dict_keys(['example_branch_dop_operator_v3']) retrieved from /home/airflow/.local/lib/python3.7/site-packages/airflow/example_dags/example_branch_python_dop_operator_3.py
[2024-04-28T06:30:27.358+0000] {logging_mixin.py:117} INFO - [2024-04-28T06:30:27.358+0000] {dag.py:2573} INFO - Sync 1 DAGs
[2024-04-28T06:30:27.391+0000] {logging_mixin.py:117} INFO - [2024-04-28T06:30:27.391+0000] {dag.py:3328} INFO - Setting next_dagrun for example_branch_dop_operator_v3 to 2024-04-28T06:29:00+00:00, run_after=2024-04-28T06:30:00+00:00
[2024-04-28T06:30:27.417+0000] {processor.py:178} INFO - Processing /home/airflow/.local/lib/python3.7/site-packages/airflow/example_dags/example_branch_python_dop_operator_3.py took 0.142 seconds
[2024-04-28T06:30:58.834+0000] {processor.py:156} INFO - Started process (PID=7410) to work on /home/airflow/.local/lib/python3.7/site-packages/airflow/example_dags/example_branch_python_dop_operator_3.py
[2024-04-28T06:30:58.834+0000] {processor.py:758} INFO - Processing file /home/airflow/.local/lib/python3.7/site-packages/airflow/example_dags/example_branch_python_dop_operator_3.py for tasks to queue
[2024-04-28T06:30:58.835+0000] {logging_mixin.py:117} INFO - [2024-04-28T06:30:58.835+0000] {dagbag.py:525} INFO - Filling up the DagBag from /home/airflow/.local/lib/python3.7/site-packages/airflow/example_dags/example_branch_python_dop_operator_3.py
[2024-04-28T06:30:58.863+0000] {processor.py:768} INFO - DAG(s) dict_keys(['example_branch_dop_operator_v3']) retrieved from /home/airflow/.local/lib/python3.7/site-packages/airflow/example_dags/example_branch_python_dop_operator_3.py
[2024-04-28T06:30:58.916+0000] {logging_mixin.py:117} INFO - [2024-04-28T06:30:58.916+0000] {dag.py:2573} INFO - Sync 1 DAGs
[2024-04-28T06:30:58.956+0000] {logging_mixin.py:117} INFO - [2024-04-28T06:30:58.956+0000] {dag.py:3328} INFO - Setting next_dagrun for example_branch_dop_operator_v3 to 2024-04-28T06:29:00+00:00, run_after=2024-04-28T06:30:00+00:00
[2024-04-28T06:30:58.983+0000] {processor.py:178} INFO - Processing /home/airflow/.local/lib/python3.7/site-packages/airflow/example_dags/example_branch_python_dop_operator_3.py took 0.153 seconds
[2024-04-28T06:31:29.824+0000] {processor.py:156} INFO - Started process (PID=7621) to work on /home/airflow/.local/lib/python3.7/site-packages/airflow/example_dags/example_branch_python_dop_operator_3.py
[2024-04-28T06:31:29.824+0000] {processor.py:758} INFO - Processing file /home/airflow/.local/lib/python3.7/site-packages/airflow/example_dags/example_branch_python_dop_operator_3.py for tasks to queue
[2024-04-28T06:31:29.825+0000] {logging_mixin.py:117} INFO - [2024-04-28T06:31:29.825+0000] {dagbag.py:525} INFO - Filling up the DagBag from /home/airflow/.local/lib/python3.7/site-packages/airflow/example_dags/example_branch_python_dop_operator_3.py
[2024-04-28T06:31:29.845+0000] {processor.py:768} INFO - DAG(s) dict_keys(['example_branch_dop_operator_v3']) retrieved from /home/airflow/.local/lib/python3.7/site-packages/airflow/example_dags/example_branch_python_dop_operator_3.py
[2024-04-28T06:31:29.878+0000] {logging_mixin.py:117} INFO - [2024-04-28T06:31:29.878+0000] {dag.py:2573} INFO - Sync 1 DAGs
[2024-04-28T06:31:29.901+0000] {logging_mixin.py:117} INFO - [2024-04-28T06:31:29.901+0000] {dag.py:3328} INFO - Setting next_dagrun for example_branch_dop_operator_v3 to 2024-04-28T06:30:00+00:00, run_after=2024-04-28T06:31:00+00:00
[2024-04-28T06:31:29.921+0000] {processor.py:178} INFO - Processing /home/airflow/.local/lib/python3.7/site-packages/airflow/example_dags/example_branch_python_dop_operator_3.py took 0.100 seconds
[2024-04-28T06:32:00.437+0000] {processor.py:156} INFO - Started process (PID=7840) to work on /home/airflow/.local/lib/python3.7/site-packages/airflow/example_dags/example_branch_python_dop_operator_3.py
[2024-04-28T06:32:00.437+0000] {processor.py:758} INFO - Processing file /home/airflow/.local/lib/python3.7/site-packages/airflow/example_dags/example_branch_python_dop_operator_3.py for tasks to queue
[2024-04-28T06:32:00.438+0000] {logging_mixin.py:117} INFO - [2024-04-28T06:32:00.438+0000] {dagbag.py:525} INFO - Filling up the DagBag from /home/airflow/.local/lib/python3.7/site-packages/airflow/example_dags/example_branch_python_dop_operator_3.py
[2024-04-28T06:32:00.458+0000] {processor.py:768} INFO - DAG(s) dict_keys(['example_branch_dop_operator_v3']) retrieved from /home/airflow/.local/lib/python3.7/site-packages/airflow/example_dags/example_branch_python_dop_operator_3.py
[2024-04-28T06:32:00.490+0000] {logging_mixin.py:117} INFO - [2024-04-28T06:32:00.490+0000] {dag.py:2573} INFO - Sync 1 DAGs
[2024-04-28T06:32:00.523+0000] {logging_mixin.py:117} INFO - [2024-04-28T06:32:00.523+0000] {dag.py:3328} INFO - Setting next_dagrun for example_branch_dop_operator_v3 to 2024-04-28T06:31:00+00:00, run_after=2024-04-28T06:32:00+00:00
[2024-04-28T06:32:00.549+0000] {processor.py:178} INFO - Processing /home/airflow/.local/lib/python3.7/site-packages/airflow/example_dags/example_branch_python_dop_operator_3.py took 0.116 seconds
[2024-04-28T06:32:31.490+0000] {processor.py:156} INFO - Started process (PID=8057) to work on /home/airflow/.local/lib/python3.7/site-packages/airflow/example_dags/example_branch_python_dop_operator_3.py
[2024-04-28T06:32:31.497+0000] {processor.py:758} INFO - Processing file /home/airflow/.local/lib/python3.7/site-packages/airflow/example_dags/example_branch_python_dop_operator_3.py for tasks to queue
[2024-04-28T06:32:31.498+0000] {logging_mixin.py:117} INFO - [2024-04-28T06:32:31.498+0000] {dagbag.py:525} INFO - Filling up the DagBag from /home/airflow/.local/lib/python3.7/site-packages/airflow/example_dags/example_branch_python_dop_operator_3.py
[2024-04-28T06:32:31.530+0000] {processor.py:768} INFO - DAG(s) dict_keys(['example_branch_dop_operator_v3']) retrieved from /home/airflow/.local/lib/python3.7/site-packages/airflow/example_dags/example_branch_python_dop_operator_3.py
[2024-04-28T06:32:31.578+0000] {logging_mixin.py:117} INFO - [2024-04-28T06:32:31.578+0000] {dag.py:2573} INFO - Sync 1 DAGs
[2024-04-28T06:32:31.620+0000] {logging_mixin.py:117} INFO - [2024-04-28T06:32:31.620+0000] {dag.py:3328} INFO - Setting next_dagrun for example_branch_dop_operator_v3 to 2024-04-28T06:31:00+00:00, run_after=2024-04-28T06:32:00+00:00
[2024-04-28T06:32:31.647+0000] {processor.py:178} INFO - Processing /home/airflow/.local/lib/python3.7/site-packages/airflow/example_dags/example_branch_python_dop_operator_3.py took 0.160 seconds
[2024-04-28T06:33:02.104+0000] {processor.py:156} INFO - Started process (PID=8277) to work on /home/airflow/.local/lib/python3.7/site-packages/airflow/example_dags/example_branch_python_dop_operator_3.py
[2024-04-28T06:33:02.111+0000] {processor.py:758} INFO - Processing file /home/airflow/.local/lib/python3.7/site-packages/airflow/example_dags/example_branch_python_dop_operator_3.py for tasks to queue
[2024-04-28T06:33:02.112+0000] {logging_mixin.py:117} INFO - [2024-04-28T06:33:02.112+0000] {dagbag.py:525} INFO - Filling up the DagBag from /home/airflow/.local/lib/python3.7/site-packages/airflow/example_dags/example_branch_python_dop_operator_3.py
[2024-04-28T06:33:02.143+0000] {processor.py:768} INFO - DAG(s) dict_keys(['example_branch_dop_operator_v3']) retrieved from /home/airflow/.local/lib/python3.7/site-packages/airflow/example_dags/example_branch_python_dop_operator_3.py
[2024-04-28T06:33:02.193+0000] {logging_mixin.py:117} INFO - [2024-04-28T06:33:02.193+0000] {dag.py:2573} INFO - Sync 1 DAGs
[2024-04-28T06:33:02.248+0000] {logging_mixin.py:117} INFO - [2024-04-28T06:33:02.247+0000] {dag.py:3328} INFO - Setting next_dagrun for example_branch_dop_operator_v3 to 2024-04-28T06:32:00+00:00, run_after=2024-04-28T06:33:00+00:00
[2024-04-28T06:33:02.278+0000] {processor.py:178} INFO - Processing /home/airflow/.local/lib/python3.7/site-packages/airflow/example_dags/example_branch_python_dop_operator_3.py took 0.182 seconds
[2024-04-28T06:33:32.978+0000] {processor.py:156} INFO - Started process (PID=8486) to work on /home/airflow/.local/lib/python3.7/site-packages/airflow/example_dags/example_branch_python_dop_operator_3.py
[2024-04-28T06:33:32.979+0000] {processor.py:758} INFO - Processing file /home/airflow/.local/lib/python3.7/site-packages/airflow/example_dags/example_branch_python_dop_operator_3.py for tasks to queue
[2024-04-28T06:33:32.980+0000] {logging_mixin.py:117} INFO - [2024-04-28T06:33:32.980+0000] {dagbag.py:525} INFO - Filling up the DagBag from /home/airflow/.local/lib/python3.7/site-packages/airflow/example_dags/example_branch_python_dop_operator_3.py
[2024-04-28T06:33:33.013+0000] {processor.py:768} INFO - DAG(s) dict_keys(['example_branch_dop_operator_v3']) retrieved from /home/airflow/.local/lib/python3.7/site-packages/airflow/example_dags/example_branch_python_dop_operator_3.py
[2024-04-28T06:33:33.062+0000] {logging_mixin.py:117} INFO - [2024-04-28T06:33:33.062+0000] {dag.py:2573} INFO - Sync 1 DAGs
[2024-04-28T06:33:33.100+0000] {logging_mixin.py:117} INFO - [2024-04-28T06:33:33.100+0000] {dag.py:3328} INFO - Setting next_dagrun for example_branch_dop_operator_v3 to 2024-04-28T06:32:00+00:00, run_after=2024-04-28T06:33:00+00:00
[2024-04-28T06:33:33.125+0000] {processor.py:178} INFO - Processing /home/airflow/.local/lib/python3.7/site-packages/airflow/example_dags/example_branch_python_dop_operator_3.py took 0.150 seconds
[2024-04-28T06:34:03.737+0000] {processor.py:156} INFO - Started process (PID=8705) to work on /home/airflow/.local/lib/python3.7/site-packages/airflow/example_dags/example_branch_python_dop_operator_3.py
[2024-04-28T06:34:03.738+0000] {processor.py:758} INFO - Processing file /home/airflow/.local/lib/python3.7/site-packages/airflow/example_dags/example_branch_python_dop_operator_3.py for tasks to queue
[2024-04-28T06:34:03.739+0000] {logging_mixin.py:117} INFO - [2024-04-28T06:34:03.739+0000] {dagbag.py:525} INFO - Filling up the DagBag from /home/airflow/.local/lib/python3.7/site-packages/airflow/example_dags/example_branch_python_dop_operator_3.py
[2024-04-28T06:34:03.767+0000] {processor.py:768} INFO - DAG(s) dict_keys(['example_branch_dop_operator_v3']) retrieved from /home/airflow/.local/lib/python3.7/site-packages/airflow/example_dags/example_branch_python_dop_operator_3.py
[2024-04-28T06:34:03.815+0000] {logging_mixin.py:117} INFO - [2024-04-28T06:34:03.815+0000] {dag.py:2573} INFO - Sync 1 DAGs
[2024-04-28T06:34:03.861+0000] {logging_mixin.py:117} INFO - [2024-04-28T06:34:03.861+0000] {dag.py:3328} INFO - Setting next_dagrun for example_branch_dop_operator_v3 to 2024-04-28T06:33:00+00:00, run_after=2024-04-28T06:34:00+00:00
[2024-04-28T06:34:03.886+0000] {processor.py:178} INFO - Processing /home/airflow/.local/lib/python3.7/site-packages/airflow/example_dags/example_branch_python_dop_operator_3.py took 0.151 seconds
[2024-04-28T06:34:34.501+0000] {processor.py:156} INFO - Started process (PID=8921) to work on /home/airflow/.local/lib/python3.7/site-packages/airflow/example_dags/example_branch_python_dop_operator_3.py
[2024-04-28T06:34:34.501+0000] {processor.py:758} INFO - Processing file /home/airflow/.local/lib/python3.7/site-packages/airflow/example_dags/example_branch_python_dop_operator_3.py for tasks to queue
[2024-04-28T06:34:34.502+0000] {logging_mixin.py:117} INFO - [2024-04-28T06:34:34.502+0000] {dagbag.py:525} INFO - Filling up the DagBag from /home/airflow/.local/lib/python3.7/site-packages/airflow/example_dags/example_branch_python_dop_operator_3.py
[2024-04-28T06:34:34.533+0000] {processor.py:768} INFO - DAG(s) dict_keys(['example_branch_dop_operator_v3']) retrieved from /home/airflow/.local/lib/python3.7/site-packages/airflow/example_dags/example_branch_python_dop_operator_3.py
[2024-04-28T06:34:34.590+0000] {logging_mixin.py:117} INFO - [2024-04-28T06:34:34.590+0000] {dag.py:2573} INFO - Sync 1 DAGs
[2024-04-28T06:34:34.657+0000] {logging_mixin.py:117} INFO - [2024-04-28T06:34:34.656+0000] {dag.py:3328} INFO - Setting next_dagrun for example_branch_dop_operator_v3 to 2024-04-28T06:33:00+00:00, run_after=2024-04-28T06:34:00+00:00
[2024-04-28T06:34:34.697+0000] {processor.py:178} INFO - Processing /home/airflow/.local/lib/python3.7/site-packages/airflow/example_dags/example_branch_python_dop_operator_3.py took 0.200 seconds
[2024-04-28T06:35:04.844+0000] {processor.py:156} INFO - Started process (PID=9129) to work on /home/airflow/.local/lib/python3.7/site-packages/airflow/example_dags/example_branch_python_dop_operator_3.py
[2024-04-28T06:35:04.845+0000] {processor.py:758} INFO - Processing file /home/airflow/.local/lib/python3.7/site-packages/airflow/example_dags/example_branch_python_dop_operator_3.py for tasks to queue
[2024-04-28T06:35:04.846+0000] {logging_mixin.py:117} INFO - [2024-04-28T06:35:04.846+0000] {dagbag.py:525} INFO - Filling up the DagBag from /home/airflow/.local/lib/python3.7/site-packages/airflow/example_dags/example_branch_python_dop_operator_3.py
[2024-04-28T06:35:04.876+0000] {processor.py:768} INFO - DAG(s) dict_keys(['example_branch_dop_operator_v3']) retrieved from /home/airflow/.local/lib/python3.7/site-packages/airflow/example_dags/example_branch_python_dop_operator_3.py
[2024-04-28T06:35:04.921+0000] {logging_mixin.py:117} INFO - [2024-04-28T06:35:04.921+0000] {dag.py:2573} INFO - Sync 1 DAGs
[2024-04-28T06:35:04.978+0000] {logging_mixin.py:117} INFO - [2024-04-28T06:35:04.978+0000] {dag.py:3328} INFO - Setting next_dagrun for example_branch_dop_operator_v3 to 2024-04-28T06:34:00+00:00, run_after=2024-04-28T06:35:00+00:00
[2024-04-28T06:35:05.035+0000] {processor.py:178} INFO - Processing /home/airflow/.local/lib/python3.7/site-packages/airflow/example_dags/example_branch_python_dop_operator_3.py took 0.194 seconds
[2024-04-28T06:35:35.740+0000] {processor.py:156} INFO - Started process (PID=9349) to work on /home/airflow/.local/lib/python3.7/site-packages/airflow/example_dags/example_branch_python_dop_operator_3.py
[2024-04-28T06:35:35.741+0000] {processor.py:758} INFO - Processing file /home/airflow/.local/lib/python3.7/site-packages/airflow/example_dags/example_branch_python_dop_operator_3.py for tasks to queue
[2024-04-28T06:35:35.741+0000] {logging_mixin.py:117} INFO - [2024-04-28T06:35:35.741+0000] {dagbag.py:525} INFO - Filling up the DagBag from /home/airflow/.local/lib/python3.7/site-packages/airflow/example_dags/example_branch_python_dop_operator_3.py
[2024-04-28T06:35:35.771+0000] {processor.py:768} INFO - DAG(s) dict_keys(['example_branch_dop_operator_v3']) retrieved from /home/airflow/.local/lib/python3.7/site-packages/airflow/example_dags/example_branch_python_dop_operator_3.py
[2024-04-28T06:35:35.816+0000] {logging_mixin.py:117} INFO - [2024-04-28T06:35:35.816+0000] {dag.py:2573} INFO - Sync 1 DAGs
[2024-04-28T06:35:35.874+0000] {logging_mixin.py:117} INFO - [2024-04-28T06:35:35.874+0000] {dag.py:3328} INFO - Setting next_dagrun for example_branch_dop_operator_v3 to 2024-04-28T06:34:00+00:00, run_after=2024-04-28T06:35:00+00:00
[2024-04-28T06:35:35.969+0000] {processor.py:178} INFO - Processing /home/airflow/.local/lib/python3.7/site-packages/airflow/example_dags/example_branch_python_dop_operator_3.py took 0.232 seconds
[2024-04-28T06:36:07.259+0000] {processor.py:156} INFO - Started process (PID=9568) to work on /home/airflow/.local/lib/python3.7/site-packages/airflow/example_dags/example_branch_python_dop_operator_3.py
[2024-04-28T06:36:07.260+0000] {processor.py:758} INFO - Processing file /home/airflow/.local/lib/python3.7/site-packages/airflow/example_dags/example_branch_python_dop_operator_3.py for tasks to queue
[2024-04-28T06:36:07.260+0000] {logging_mixin.py:117} INFO - [2024-04-28T06:36:07.260+0000] {dagbag.py:525} INFO - Filling up the DagBag from /home/airflow/.local/lib/python3.7/site-packages/airflow/example_dags/example_branch_python_dop_operator_3.py
[2024-04-28T06:36:07.295+0000] {processor.py:768} INFO - DAG(s) dict_keys(['example_branch_dop_operator_v3']) retrieved from /home/airflow/.local/lib/python3.7/site-packages/airflow/example_dags/example_branch_python_dop_operator_3.py
[2024-04-28T06:36:07.348+0000] {logging_mixin.py:117} INFO - [2024-04-28T06:36:07.348+0000] {dag.py:2573} INFO - Sync 1 DAGs
[2024-04-28T06:36:07.390+0000] {logging_mixin.py:117} INFO - [2024-04-28T06:36:07.390+0000] {dag.py:3328} INFO - Setting next_dagrun for example_branch_dop_operator_v3 to 2024-04-28T06:35:00+00:00, run_after=2024-04-28T06:36:00+00:00
[2024-04-28T06:36:07.417+0000] {processor.py:178} INFO - Processing /home/airflow/.local/lib/python3.7/site-packages/airflow/example_dags/example_branch_python_dop_operator_3.py took 0.160 seconds
[2024-04-28T06:36:38.288+0000] {processor.py:156} INFO - Started process (PID=9779) to work on /home/airflow/.local/lib/python3.7/site-packages/airflow/example_dags/example_branch_python_dop_operator_3.py
[2024-04-28T06:36:38.289+0000] {processor.py:758} INFO - Processing file /home/airflow/.local/lib/python3.7/site-packages/airflow/example_dags/example_branch_python_dop_operator_3.py for tasks to queue
[2024-04-28T06:36:38.290+0000] {logging_mixin.py:117} INFO - [2024-04-28T06:36:38.290+0000] {dagbag.py:525} INFO - Filling up the DagBag from /home/airflow/.local/lib/python3.7/site-packages/airflow/example_dags/example_branch_python_dop_operator_3.py
[2024-04-28T06:36:38.321+0000] {processor.py:768} INFO - DAG(s) dict_keys(['example_branch_dop_operator_v3']) retrieved from /home/airflow/.local/lib/python3.7/site-packages/airflow/example_dags/example_branch_python_dop_operator_3.py
[2024-04-28T06:36:38.371+0000] {logging_mixin.py:117} INFO - [2024-04-28T06:36:38.371+0000] {dag.py:2573} INFO - Sync 1 DAGs
[2024-04-28T06:36:38.409+0000] {logging_mixin.py:117} INFO - [2024-04-28T06:36:38.409+0000] {dag.py:3328} INFO - Setting next_dagrun for example_branch_dop_operator_v3 to 2024-04-28T06:35:00+00:00, run_after=2024-04-28T06:36:00+00:00
[2024-04-28T06:36:38.445+0000] {processor.py:178} INFO - Processing /home/airflow/.local/lib/python3.7/site-packages/airflow/example_dags/example_branch_python_dop_operator_3.py took 0.160 seconds
[2024-04-28T06:37:08.718+0000] {processor.py:156} INFO - Started process (PID=9997) to work on /home/airflow/.local/lib/python3.7/site-packages/airflow/example_dags/example_branch_python_dop_operator_3.py
[2024-04-28T06:37:08.718+0000] {processor.py:758} INFO - Processing file /home/airflow/.local/lib/python3.7/site-packages/airflow/example_dags/example_branch_python_dop_operator_3.py for tasks to queue
[2024-04-28T06:37:08.719+0000] {logging_mixin.py:117} INFO - [2024-04-28T06:37:08.719+0000] {dagbag.py:525} INFO - Filling up the DagBag from /home/airflow/.local/lib/python3.7/site-packages/airflow/example_dags/example_branch_python_dop_operator_3.py
[2024-04-28T06:37:08.739+0000] {processor.py:768} INFO - DAG(s) dict_keys(['example_branch_dop_operator_v3']) retrieved from /home/airflow/.local/lib/python3.7/site-packages/airflow/example_dags/example_branch_python_dop_operator_3.py
[2024-04-28T06:37:08.770+0000] {logging_mixin.py:117} INFO - [2024-04-28T06:37:08.770+0000] {dag.py:2573} INFO - Sync 1 DAGs
[2024-04-28T06:37:08.794+0000] {logging_mixin.py:117} INFO - [2024-04-28T06:37:08.794+0000] {dag.py:3328} INFO - Setting next_dagrun for example_branch_dop_operator_v3 to 2024-04-28T06:36:00+00:00, run_after=2024-04-28T06:37:00+00:00
[2024-04-28T06:37:08.814+0000] {processor.py:178} INFO - Processing /home/airflow/.local/lib/python3.7/site-packages/airflow/example_dags/example_branch_python_dop_operator_3.py took 0.099 seconds
[2024-04-28T06:37:39.894+0000] {processor.py:156} INFO - Started process (PID=10214) to work on /home/airflow/.local/lib/python3.7/site-packages/airflow/example_dags/example_branch_python_dop_operator_3.py
[2024-04-28T06:37:39.895+0000] {processor.py:758} INFO - Processing file /home/airflow/.local/lib/python3.7/site-packages/airflow/example_dags/example_branch_python_dop_operator_3.py for tasks to queue
[2024-04-28T06:37:39.896+0000] {logging_mixin.py:117} INFO - [2024-04-28T06:37:39.896+0000] {dagbag.py:525} INFO - Filling up the DagBag from /home/airflow/.local/lib/python3.7/site-packages/airflow/example_dags/example_branch_python_dop_operator_3.py
[2024-04-28T06:37:39.925+0000] {processor.py:768} INFO - DAG(s) dict_keys(['example_branch_dop_operator_v3']) retrieved from /home/airflow/.local/lib/python3.7/site-packages/airflow/example_dags/example_branch_python_dop_operator_3.py
[2024-04-28T06:37:39.971+0000] {logging_mixin.py:117} INFO - [2024-04-28T06:37:39.971+0000] {dag.py:2573} INFO - Sync 1 DAGs
[2024-04-28T06:37:40.015+0000] {logging_mixin.py:117} INFO - [2024-04-28T06:37:40.014+0000] {dag.py:3328} INFO - Setting next_dagrun for example_branch_dop_operator_v3 to 2024-04-28T06:36:00+00:00, run_after=2024-04-28T06:37:00+00:00
[2024-04-28T06:37:40.045+0000] {processor.py:178} INFO - Processing /home/airflow/.local/lib/python3.7/site-packages/airflow/example_dags/example_branch_python_dop_operator_3.py took 0.155 seconds
[2024-04-28T06:38:11.873+0000] {processor.py:156} INFO - Started process (PID=10432) to work on /home/airflow/.local/lib/python3.7/site-packages/airflow/example_dags/example_branch_python_dop_operator_3.py
[2024-04-28T06:38:11.874+0000] {processor.py:758} INFO - Processing file /home/airflow/.local/lib/python3.7/site-packages/airflow/example_dags/example_branch_python_dop_operator_3.py for tasks to queue
[2024-04-28T06:38:11.875+0000] {logging_mixin.py:117} INFO - [2024-04-28T06:38:11.875+0000] {dagbag.py:525} INFO - Filling up the DagBag from /home/airflow/.local/lib/python3.7/site-packages/airflow/example_dags/example_branch_python_dop_operator_3.py
[2024-04-28T06:38:11.916+0000] {processor.py:768} INFO - DAG(s) dict_keys(['example_branch_dop_operator_v3']) retrieved from /home/airflow/.local/lib/python3.7/site-packages/airflow/example_dags/example_branch_python_dop_operator_3.py
[2024-04-28T06:38:11.975+0000] {logging_mixin.py:117} INFO - [2024-04-28T06:38:11.975+0000] {dag.py:2573} INFO - Sync 1 DAGs
[2024-04-28T06:38:12.016+0000] {logging_mixin.py:117} INFO - [2024-04-28T06:38:12.016+0000] {dag.py:3328} INFO - Setting next_dagrun for example_branch_dop_operator_v3 to 2024-04-28T06:37:00+00:00, run_after=2024-04-28T06:38:00+00:00
[2024-04-28T06:38:12.042+0000] {processor.py:178} INFO - Processing /home/airflow/.local/lib/python3.7/site-packages/airflow/example_dags/example_branch_python_dop_operator_3.py took 0.172 seconds
[2024-04-28T06:38:42.781+0000] {processor.py:156} INFO - Started process (PID=10641) to work on /home/airflow/.local/lib/python3.7/site-packages/airflow/example_dags/example_branch_python_dop_operator_3.py
[2024-04-28T06:38:42.781+0000] {processor.py:758} INFO - Processing file /home/airflow/.local/lib/python3.7/site-packages/airflow/example_dags/example_branch_python_dop_operator_3.py for tasks to queue
[2024-04-28T06:38:42.782+0000] {logging_mixin.py:117} INFO - [2024-04-28T06:38:42.782+0000] {dagbag.py:525} INFO - Filling up the DagBag from /home/airflow/.local/lib/python3.7/site-packages/airflow/example_dags/example_branch_python_dop_operator_3.py
[2024-04-28T06:38:42.812+0000] {processor.py:768} INFO - DAG(s) dict_keys(['example_branch_dop_operator_v3']) retrieved from /home/airflow/.local/lib/python3.7/site-packages/airflow/example_dags/example_branch_python_dop_operator_3.py
[2024-04-28T06:38:42.856+0000] {logging_mixin.py:117} INFO - [2024-04-28T06:38:42.855+0000] {dag.py:2573} INFO - Sync 1 DAGs
[2024-04-28T06:38:42.894+0000] {logging_mixin.py:117} INFO - [2024-04-28T06:38:42.894+0000] {dag.py:3328} INFO - Setting next_dagrun for example_branch_dop_operator_v3 to 2024-04-28T06:37:00+00:00, run_after=2024-04-28T06:38:00+00:00
[2024-04-28T06:38:42.922+0000] {processor.py:178} INFO - Processing /home/airflow/.local/lib/python3.7/site-packages/airflow/example_dags/example_branch_python_dop_operator_3.py took 0.145 seconds
[2024-04-28T06:39:12.990+0000] {processor.py:156} INFO - Started process (PID=10861) to work on /home/airflow/.local/lib/python3.7/site-packages/airflow/example_dags/example_branch_python_dop_operator_3.py
[2024-04-28T06:39:12.991+0000] {processor.py:758} INFO - Processing file /home/airflow/.local/lib/python3.7/site-packages/airflow/example_dags/example_branch_python_dop_operator_3.py for tasks to queue
[2024-04-28T06:39:12.991+0000] {logging_mixin.py:117} INFO - [2024-04-28T06:39:12.991+0000] {dagbag.py:525} INFO - Filling up the DagBag from /home/airflow/.local/lib/python3.7/site-packages/airflow/example_dags/example_branch_python_dop_operator_3.py
[2024-04-28T06:39:13.021+0000] {processor.py:768} INFO - DAG(s) dict_keys(['example_branch_dop_operator_v3']) retrieved from /home/airflow/.local/lib/python3.7/site-packages/airflow/example_dags/example_branch_python_dop_operator_3.py
[2024-04-28T06:39:13.068+0000] {logging_mixin.py:117} INFO - [2024-04-28T06:39:13.068+0000] {dag.py:2573} INFO - Sync 1 DAGs
[2024-04-28T06:39:13.110+0000] {logging_mixin.py:117} INFO - [2024-04-28T06:39:13.110+0000] {dag.py:3328} INFO - Setting next_dagrun for example_branch_dop_operator_v3 to 2024-04-28T06:38:00+00:00, run_after=2024-04-28T06:39:00+00:00
[2024-04-28T06:39:13.137+0000] {processor.py:178} INFO - Processing /home/airflow/.local/lib/python3.7/site-packages/airflow/example_dags/example_branch_python_dop_operator_3.py took 0.149 seconds
[2024-04-28T06:39:43.797+0000] {processor.py:156} INFO - Started process (PID=11079) to work on /home/airflow/.local/lib/python3.7/site-packages/airflow/example_dags/example_branch_python_dop_operator_3.py
[2024-04-28T06:39:43.798+0000] {processor.py:758} INFO - Processing file /home/airflow/.local/lib/python3.7/site-packages/airflow/example_dags/example_branch_python_dop_operator_3.py for tasks to queue
[2024-04-28T06:39:43.799+0000] {logging_mixin.py:117} INFO - [2024-04-28T06:39:43.799+0000] {dagbag.py:525} INFO - Filling up the DagBag from /home/airflow/.local/lib/python3.7/site-packages/airflow/example_dags/example_branch_python_dop_operator_3.py
[2024-04-28T06:39:43.828+0000] {processor.py:768} INFO - DAG(s) dict_keys(['example_branch_dop_operator_v3']) retrieved from /home/airflow/.local/lib/python3.7/site-packages/airflow/example_dags/example_branch_python_dop_operator_3.py
[2024-04-28T06:39:43.872+0000] {logging_mixin.py:117} INFO - [2024-04-28T06:39:43.872+0000] {dag.py:2573} INFO - Sync 1 DAGs
[2024-04-28T06:39:43.907+0000] {logging_mixin.py:117} INFO - [2024-04-28T06:39:43.907+0000] {dag.py:3328} INFO - Setting next_dagrun for example_branch_dop_operator_v3 to 2024-04-28T06:38:00+00:00, run_after=2024-04-28T06:39:00+00:00
[2024-04-28T06:39:43.932+0000] {processor.py:178} INFO - Processing /home/airflow/.local/lib/python3.7/site-packages/airflow/example_dags/example_branch_python_dop_operator_3.py took 0.139 seconds
[2024-04-28T06:40:14.978+0000] {processor.py:156} INFO - Started process (PID=11297) to work on /home/airflow/.local/lib/python3.7/site-packages/airflow/example_dags/example_branch_python_dop_operator_3.py
[2024-04-28T06:40:14.979+0000] {processor.py:758} INFO - Processing file /home/airflow/.local/lib/python3.7/site-packages/airflow/example_dags/example_branch_python_dop_operator_3.py for tasks to queue
[2024-04-28T06:40:14.980+0000] {logging_mixin.py:117} INFO - [2024-04-28T06:40:14.980+0000] {dagbag.py:525} INFO - Filling up the DagBag from /home/airflow/.local/lib/python3.7/site-packages/airflow/example_dags/example_branch_python_dop_operator_3.py
[2024-04-28T06:40:15.035+0000] {processor.py:768} INFO - DAG(s) dict_keys(['example_branch_dop_operator_v3']) retrieved from /home/airflow/.local/lib/python3.7/site-packages/airflow/example_dags/example_branch_python_dop_operator_3.py
[2024-04-28T06:40:15.128+0000] {logging_mixin.py:117} INFO - [2024-04-28T06:40:15.127+0000] {dag.py:2573} INFO - Sync 1 DAGs
[2024-04-28T06:40:15.235+0000] {logging_mixin.py:117} INFO - [2024-04-28T06:40:15.235+0000] {dag.py:3328} INFO - Setting next_dagrun for example_branch_dop_operator_v3 to 2024-04-28T06:39:00+00:00, run_after=2024-04-28T06:40:00+00:00
[2024-04-28T06:40:15.297+0000] {processor.py:178} INFO - Processing /home/airflow/.local/lib/python3.7/site-packages/airflow/example_dags/example_branch_python_dop_operator_3.py took 0.322 seconds
[2024-04-28T06:40:45.564+0000] {processor.py:156} INFO - Started process (PID=11508) to work on /home/airflow/.local/lib/python3.7/site-packages/airflow/example_dags/example_branch_python_dop_operator_3.py
[2024-04-28T06:40:45.565+0000] {processor.py:758} INFO - Processing file /home/airflow/.local/lib/python3.7/site-packages/airflow/example_dags/example_branch_python_dop_operator_3.py for tasks to queue
[2024-04-28T06:40:45.566+0000] {logging_mixin.py:117} INFO - [2024-04-28T06:40:45.566+0000] {dagbag.py:525} INFO - Filling up the DagBag from /home/airflow/.local/lib/python3.7/site-packages/airflow/example_dags/example_branch_python_dop_operator_3.py
[2024-04-28T06:40:45.615+0000] {processor.py:768} INFO - DAG(s) dict_keys(['example_branch_dop_operator_v3']) retrieved from /home/airflow/.local/lib/python3.7/site-packages/airflow/example_dags/example_branch_python_dop_operator_3.py
[2024-04-28T06:40:45.648+0000] {logging_mixin.py:117} INFO - [2024-04-28T06:40:45.647+0000] {dag.py:2573} INFO - Sync 1 DAGs
[2024-04-28T06:40:45.672+0000] {logging_mixin.py:117} INFO - [2024-04-28T06:40:45.672+0000] {dag.py:3328} INFO - Setting next_dagrun for example_branch_dop_operator_v3 to 2024-04-28T06:39:00+00:00, run_after=2024-04-28T06:40:00+00:00
[2024-04-28T06:40:45.692+0000] {processor.py:178} INFO - Processing /home/airflow/.local/lib/python3.7/site-packages/airflow/example_dags/example_branch_python_dop_operator_3.py took 0.131 seconds
[2024-04-28T06:41:16.583+0000] {processor.py:156} INFO - Started process (PID=11723) to work on /home/airflow/.local/lib/python3.7/site-packages/airflow/example_dags/example_branch_python_dop_operator_3.py
[2024-04-28T06:41:16.583+0000] {processor.py:758} INFO - Processing file /home/airflow/.local/lib/python3.7/site-packages/airflow/example_dags/example_branch_python_dop_operator_3.py for tasks to queue
[2024-04-28T06:41:16.584+0000] {logging_mixin.py:117} INFO - [2024-04-28T06:41:16.584+0000] {dagbag.py:525} INFO - Filling up the DagBag from /home/airflow/.local/lib/python3.7/site-packages/airflow/example_dags/example_branch_python_dop_operator_3.py
[2024-04-28T06:41:16.612+0000] {processor.py:768} INFO - DAG(s) dict_keys(['example_branch_dop_operator_v3']) retrieved from /home/airflow/.local/lib/python3.7/site-packages/airflow/example_dags/example_branch_python_dop_operator_3.py
[2024-04-28T06:41:16.656+0000] {logging_mixin.py:117} INFO - [2024-04-28T06:41:16.656+0000] {dag.py:2573} INFO - Sync 1 DAGs
[2024-04-28T06:41:16.691+0000] {logging_mixin.py:117} INFO - [2024-04-28T06:41:16.690+0000] {dag.py:3328} INFO - Setting next_dagrun for example_branch_dop_operator_v3 to 2024-04-28T06:40:00+00:00, run_after=2024-04-28T06:41:00+00:00
[2024-04-28T06:41:16.716+0000] {processor.py:178} INFO - Processing /home/airflow/.local/lib/python3.7/site-packages/airflow/example_dags/example_branch_python_dop_operator_3.py took 0.138 seconds
[2024-04-28T06:41:48.501+0000] {processor.py:156} INFO - Started process (PID=11940) to work on /home/airflow/.local/lib/python3.7/site-packages/airflow/example_dags/example_branch_python_dop_operator_3.py
[2024-04-28T06:41:48.505+0000] {processor.py:758} INFO - Processing file /home/airflow/.local/lib/python3.7/site-packages/airflow/example_dags/example_branch_python_dop_operator_3.py for tasks to queue
[2024-04-28T06:41:48.506+0000] {logging_mixin.py:117} INFO - [2024-04-28T06:41:48.506+0000] {dagbag.py:525} INFO - Filling up the DagBag from /home/airflow/.local/lib/python3.7/site-packages/airflow/example_dags/example_branch_python_dop_operator_3.py
[2024-04-28T06:41:48.543+0000] {processor.py:768} INFO - DAG(s) dict_keys(['example_branch_dop_operator_v3']) retrieved from /home/airflow/.local/lib/python3.7/site-packages/airflow/example_dags/example_branch_python_dop_operator_3.py
[2024-04-28T06:41:48.610+0000] {logging_mixin.py:117} INFO - [2024-04-28T06:41:48.610+0000] {dag.py:2573} INFO - Sync 1 DAGs
[2024-04-28T06:41:48.649+0000] {logging_mixin.py:117} INFO - [2024-04-28T06:41:48.649+0000] {dag.py:3328} INFO - Setting next_dagrun for example_branch_dop_operator_v3 to 2024-04-28T06:40:00+00:00, run_after=2024-04-28T06:41:00+00:00
[2024-04-28T06:41:48.687+0000] {processor.py:178} INFO - Processing /home/airflow/.local/lib/python3.7/site-packages/airflow/example_dags/example_branch_python_dop_operator_3.py took 0.190 seconds
