[2024-04-28T06:14:00.478+0000] {processor.py:156} INFO - Started process (PID=346) to work on /home/airflow/.local/lib/python3.7/site-packages/airflow/example_dags/example_bash_operator.py
[2024-04-28T06:14:00.478+0000] {processor.py:758} INFO - Processing file /home/airflow/.local/lib/python3.7/site-packages/airflow/example_dags/example_bash_operator.py for tasks to queue
[2024-04-28T06:14:00.479+0000] {logging_mixin.py:117} INFO - [2024-04-28T06:14:00.479+0000] {dagbag.py:525} INFO - Filling up the DagBag from /home/airflow/.local/lib/python3.7/site-packages/airflow/example_dags/example_bash_operator.py
[2024-04-28T06:14:00.522+0000] {processor.py:768} INFO - DAG(s) dict_keys(['example_bash_operator']) retrieved from /home/airflow/.local/lib/python3.7/site-packages/airflow/example_dags/example_bash_operator.py
[2024-04-28T06:14:00.584+0000] {logging_mixin.py:117} INFO - [2024-04-28T06:14:00.584+0000] {dag.py:2573} INFO - Sync 1 DAGs
[2024-04-28T06:14:00.620+0000] {logging_mixin.py:117} INFO - [2024-04-28T06:14:00.620+0000] {dag.py:3328} INFO - Setting next_dagrun for example_bash_operator to 2024-04-27T00:00:00+00:00, run_after=2024-04-28T00:00:00+00:00
[2024-04-28T06:14:00.647+0000] {processor.py:178} INFO - Processing /home/airflow/.local/lib/python3.7/site-packages/airflow/example_dags/example_bash_operator.py took 0.174 seconds
[2024-04-28T06:14:31.187+0000] {processor.py:156} INFO - Started process (PID=566) to work on /home/airflow/.local/lib/python3.7/site-packages/airflow/example_dags/example_bash_operator.py
[2024-04-28T06:14:31.187+0000] {processor.py:758} INFO - Processing file /home/airflow/.local/lib/python3.7/site-packages/airflow/example_dags/example_bash_operator.py for tasks to queue
[2024-04-28T06:14:31.188+0000] {logging_mixin.py:117} INFO - [2024-04-28T06:14:31.188+0000] {dagbag.py:525} INFO - Filling up the DagBag from /home/airflow/.local/lib/python3.7/site-packages/airflow/example_dags/example_bash_operator.py
[2024-04-28T06:14:31.205+0000] {processor.py:768} INFO - DAG(s) dict_keys(['example_bash_operator']) retrieved from /home/airflow/.local/lib/python3.7/site-packages/airflow/example_dags/example_bash_operator.py
[2024-04-28T06:14:31.242+0000] {logging_mixin.py:117} INFO - [2024-04-28T06:14:31.242+0000] {dag.py:2573} INFO - Sync 1 DAGs
[2024-04-28T06:14:31.270+0000] {logging_mixin.py:117} INFO - [2024-04-28T06:14:31.270+0000] {dag.py:3328} INFO - Setting next_dagrun for example_bash_operator to 2024-04-27T00:00:00+00:00, run_after=2024-04-28T00:00:00+00:00
[2024-04-28T06:14:31.298+0000] {processor.py:178} INFO - Processing /home/airflow/.local/lib/python3.7/site-packages/airflow/example_dags/example_bash_operator.py took 0.114 seconds
[2024-04-28T06:15:01.966+0000] {processor.py:156} INFO - Started process (PID=785) to work on /home/airflow/.local/lib/python3.7/site-packages/airflow/example_dags/example_bash_operator.py
[2024-04-28T06:15:01.967+0000] {processor.py:758} INFO - Processing file /home/airflow/.local/lib/python3.7/site-packages/airflow/example_dags/example_bash_operator.py for tasks to queue
[2024-04-28T06:15:01.969+0000] {logging_mixin.py:117} INFO - [2024-04-28T06:15:01.968+0000] {dagbag.py:525} INFO - Filling up the DagBag from /home/airflow/.local/lib/python3.7/site-packages/airflow/example_dags/example_bash_operator.py
[2024-04-28T06:15:01.994+0000] {processor.py:768} INFO - DAG(s) dict_keys(['example_bash_operator']) retrieved from /home/airflow/.local/lib/python3.7/site-packages/airflow/example_dags/example_bash_operator.py
[2024-04-28T06:15:02.079+0000] {logging_mixin.py:117} INFO - [2024-04-28T06:15:02.079+0000] {dag.py:2573} INFO - Sync 1 DAGs
[2024-04-28T06:15:02.119+0000] {logging_mixin.py:117} INFO - [2024-04-28T06:15:02.119+0000] {dag.py:3328} INFO - Setting next_dagrun for example_bash_operator to 2024-04-27T00:00:00+00:00, run_after=2024-04-28T00:00:00+00:00
[2024-04-28T06:15:02.147+0000] {processor.py:178} INFO - Processing /home/airflow/.local/lib/python3.7/site-packages/airflow/example_dags/example_bash_operator.py took 0.184 seconds
[2024-04-28T06:15:32.214+0000] {processor.py:156} INFO - Started process (PID=992) to work on /home/airflow/.local/lib/python3.7/site-packages/airflow/example_dags/example_bash_operator.py
[2024-04-28T06:15:32.223+0000] {processor.py:758} INFO - Processing file /home/airflow/.local/lib/python3.7/site-packages/airflow/example_dags/example_bash_operator.py for tasks to queue
[2024-04-28T06:15:32.224+0000] {logging_mixin.py:117} INFO - [2024-04-28T06:15:32.224+0000] {dagbag.py:525} INFO - Filling up the DagBag from /home/airflow/.local/lib/python3.7/site-packages/airflow/example_dags/example_bash_operator.py
[2024-04-28T06:15:32.250+0000] {processor.py:768} INFO - DAG(s) dict_keys(['example_bash_operator']) retrieved from /home/airflow/.local/lib/python3.7/site-packages/airflow/example_dags/example_bash_operator.py
[2024-04-28T06:15:32.316+0000] {logging_mixin.py:117} INFO - [2024-04-28T06:15:32.316+0000] {dag.py:2573} INFO - Sync 1 DAGs
[2024-04-28T06:15:32.341+0000] {logging_mixin.py:117} INFO - [2024-04-28T06:15:32.341+0000] {dag.py:3328} INFO - Setting next_dagrun for example_bash_operator to 2024-04-27T00:00:00+00:00, run_after=2024-04-28T00:00:00+00:00
[2024-04-28T06:15:32.361+0000] {processor.py:178} INFO - Processing /home/airflow/.local/lib/python3.7/site-packages/airflow/example_dags/example_bash_operator.py took 0.158 seconds
[2024-04-28T06:16:04.430+0000] {processor.py:156} INFO - Started process (PID=1212) to work on /home/airflow/.local/lib/python3.7/site-packages/airflow/example_dags/example_bash_operator.py
[2024-04-28T06:16:04.431+0000] {processor.py:758} INFO - Processing file /home/airflow/.local/lib/python3.7/site-packages/airflow/example_dags/example_bash_operator.py for tasks to queue
[2024-04-28T06:16:04.432+0000] {logging_mixin.py:117} INFO - [2024-04-28T06:16:04.432+0000] {dagbag.py:525} INFO - Filling up the DagBag from /home/airflow/.local/lib/python3.7/site-packages/airflow/example_dags/example_bash_operator.py
[2024-04-28T06:16:04.490+0000] {processor.py:768} INFO - DAG(s) dict_keys(['example_bash_operator']) retrieved from /home/airflow/.local/lib/python3.7/site-packages/airflow/example_dags/example_bash_operator.py
[2024-04-28T06:16:04.557+0000] {logging_mixin.py:117} INFO - [2024-04-28T06:16:04.556+0000] {dag.py:2573} INFO - Sync 1 DAGs
[2024-04-28T06:16:04.593+0000] {logging_mixin.py:117} INFO - [2024-04-28T06:16:04.593+0000] {dag.py:3328} INFO - Setting next_dagrun for example_bash_operator to 2024-04-27T00:00:00+00:00, run_after=2024-04-28T00:00:00+00:00
[2024-04-28T06:16:04.843+0000] {processor.py:178} INFO - Processing /home/airflow/.local/lib/python3.7/site-packages/airflow/example_dags/example_bash_operator.py took 0.416 seconds
[2024-04-28T06:16:37.385+0000] {processor.py:156} INFO - Started process (PID=1430) to work on /home/airflow/.local/lib/python3.7/site-packages/airflow/example_dags/example_bash_operator.py
[2024-04-28T06:16:37.386+0000] {processor.py:758} INFO - Processing file /home/airflow/.local/lib/python3.7/site-packages/airflow/example_dags/example_bash_operator.py for tasks to queue
[2024-04-28T06:16:37.386+0000] {logging_mixin.py:117} INFO - [2024-04-28T06:16:37.386+0000] {dagbag.py:525} INFO - Filling up the DagBag from /home/airflow/.local/lib/python3.7/site-packages/airflow/example_dags/example_bash_operator.py
[2024-04-28T06:16:37.413+0000] {processor.py:768} INFO - DAG(s) dict_keys(['example_bash_operator']) retrieved from /home/airflow/.local/lib/python3.7/site-packages/airflow/example_dags/example_bash_operator.py
[2024-04-28T06:16:37.468+0000] {logging_mixin.py:117} INFO - [2024-04-28T06:16:37.468+0000] {dag.py:2573} INFO - Sync 1 DAGs
[2024-04-28T06:16:37.647+0000] {logging_mixin.py:117} INFO - [2024-04-28T06:16:37.647+0000] {dag.py:3328} INFO - Setting next_dagrun for example_bash_operator to 2024-04-27T00:00:00+00:00, run_after=2024-04-28T00:00:00+00:00
[2024-04-28T06:16:37.672+0000] {processor.py:178} INFO - Processing /home/airflow/.local/lib/python3.7/site-packages/airflow/example_dags/example_bash_operator.py took 0.290 seconds
[2024-04-28T06:17:08.473+0000] {processor.py:156} INFO - Started process (PID=1646) to work on /home/airflow/.local/lib/python3.7/site-packages/airflow/example_dags/example_bash_operator.py
[2024-04-28T06:17:08.474+0000] {processor.py:758} INFO - Processing file /home/airflow/.local/lib/python3.7/site-packages/airflow/example_dags/example_bash_operator.py for tasks to queue
[2024-04-28T06:17:08.474+0000] {logging_mixin.py:117} INFO - [2024-04-28T06:17:08.474+0000] {dagbag.py:525} INFO - Filling up the DagBag from /home/airflow/.local/lib/python3.7/site-packages/airflow/example_dags/example_bash_operator.py
[2024-04-28T06:17:08.577+0000] {processor.py:768} INFO - DAG(s) dict_keys(['example_bash_operator']) retrieved from /home/airflow/.local/lib/python3.7/site-packages/airflow/example_dags/example_bash_operator.py
[2024-04-28T06:17:09.007+0000] {logging_mixin.py:117} INFO - [2024-04-28T06:17:09.007+0000] {dag.py:2573} INFO - Sync 1 DAGs
[2024-04-28T06:17:09.060+0000] {logging_mixin.py:117} INFO - [2024-04-28T06:17:09.060+0000] {dag.py:3328} INFO - Setting next_dagrun for example_bash_operator to 2024-04-27T00:00:00+00:00, run_after=2024-04-28T00:00:00+00:00
[2024-04-28T06:17:09.086+0000] {processor.py:178} INFO - Processing /home/airflow/.local/lib/python3.7/site-packages/airflow/example_dags/example_bash_operator.py took 0.617 seconds
[2024-04-28T06:17:39.148+0000] {processor.py:156} INFO - Started process (PID=1860) to work on /home/airflow/.local/lib/python3.7/site-packages/airflow/example_dags/example_bash_operator.py
[2024-04-28T06:17:39.149+0000] {processor.py:758} INFO - Processing file /home/airflow/.local/lib/python3.7/site-packages/airflow/example_dags/example_bash_operator.py for tasks to queue
[2024-04-28T06:17:39.150+0000] {logging_mixin.py:117} INFO - [2024-04-28T06:17:39.150+0000] {dagbag.py:525} INFO - Filling up the DagBag from /home/airflow/.local/lib/python3.7/site-packages/airflow/example_dags/example_bash_operator.py
[2024-04-28T06:17:39.177+0000] {processor.py:768} INFO - DAG(s) dict_keys(['example_bash_operator']) retrieved from /home/airflow/.local/lib/python3.7/site-packages/airflow/example_dags/example_bash_operator.py
[2024-04-28T06:17:39.482+0000] {logging_mixin.py:117} INFO - [2024-04-28T06:17:39.482+0000] {dag.py:2573} INFO - Sync 1 DAGs
[2024-04-28T06:17:39.533+0000] {logging_mixin.py:117} INFO - [2024-04-28T06:17:39.533+0000] {dag.py:3328} INFO - Setting next_dagrun for example_bash_operator to 2024-04-27T00:00:00+00:00, run_after=2024-04-28T00:00:00+00:00
[2024-04-28T06:17:39.561+0000] {processor.py:178} INFO - Processing /home/airflow/.local/lib/python3.7/site-packages/airflow/example_dags/example_bash_operator.py took 0.416 seconds
[2024-04-28T06:18:09.773+0000] {processor.py:156} INFO - Started process (PID=2078) to work on /home/airflow/.local/lib/python3.7/site-packages/airflow/example_dags/example_bash_operator.py
[2024-04-28T06:18:09.773+0000] {processor.py:758} INFO - Processing file /home/airflow/.local/lib/python3.7/site-packages/airflow/example_dags/example_bash_operator.py for tasks to queue
[2024-04-28T06:18:09.774+0000] {logging_mixin.py:117} INFO - [2024-04-28T06:18:09.774+0000] {dagbag.py:525} INFO - Filling up the DagBag from /home/airflow/.local/lib/python3.7/site-packages/airflow/example_dags/example_bash_operator.py
[2024-04-28T06:18:09.798+0000] {processor.py:768} INFO - DAG(s) dict_keys(['example_bash_operator']) retrieved from /home/airflow/.local/lib/python3.7/site-packages/airflow/example_dags/example_bash_operator.py
[2024-04-28T06:18:10.016+0000] {logging_mixin.py:117} INFO - [2024-04-28T06:18:10.016+0000] {dag.py:2573} INFO - Sync 1 DAGs
[2024-04-28T06:18:10.046+0000] {logging_mixin.py:117} INFO - [2024-04-28T06:18:10.046+0000] {dag.py:3328} INFO - Setting next_dagrun for example_bash_operator to 2024-04-27T00:00:00+00:00, run_after=2024-04-28T00:00:00+00:00
[2024-04-28T06:18:10.067+0000] {processor.py:178} INFO - Processing /home/airflow/.local/lib/python3.7/site-packages/airflow/example_dags/example_bash_operator.py took 0.298 seconds
[2024-04-28T06:18:41.170+0000] {processor.py:156} INFO - Started process (PID=2295) to work on /home/airflow/.local/lib/python3.7/site-packages/airflow/example_dags/example_bash_operator.py
[2024-04-28T06:18:41.172+0000] {processor.py:758} INFO - Processing file /home/airflow/.local/lib/python3.7/site-packages/airflow/example_dags/example_bash_operator.py for tasks to queue
[2024-04-28T06:18:41.173+0000] {logging_mixin.py:117} INFO - [2024-04-28T06:18:41.173+0000] {dagbag.py:525} INFO - Filling up the DagBag from /home/airflow/.local/lib/python3.7/site-packages/airflow/example_dags/example_bash_operator.py
[2024-04-28T06:18:41.227+0000] {processor.py:768} INFO - DAG(s) dict_keys(['example_bash_operator']) retrieved from /home/airflow/.local/lib/python3.7/site-packages/airflow/example_dags/example_bash_operator.py
[2024-04-28T06:18:41.312+0000] {logging_mixin.py:117} INFO - [2024-04-28T06:18:41.311+0000] {dag.py:2573} INFO - Sync 1 DAGs
[2024-04-28T06:18:41.508+0000] {logging_mixin.py:117} INFO - [2024-04-28T06:18:41.508+0000] {dag.py:3328} INFO - Setting next_dagrun for example_bash_operator to 2024-04-27T00:00:00+00:00, run_after=2024-04-28T00:00:00+00:00
[2024-04-28T06:18:41.544+0000] {processor.py:178} INFO - Processing /home/airflow/.local/lib/python3.7/site-packages/airflow/example_dags/example_bash_operator.py took 0.379 seconds
[2024-04-28T06:19:12.036+0000] {processor.py:156} INFO - Started process (PID=2500) to work on /home/airflow/.local/lib/python3.7/site-packages/airflow/example_dags/example_bash_operator.py
[2024-04-28T06:19:12.037+0000] {processor.py:758} INFO - Processing file /home/airflow/.local/lib/python3.7/site-packages/airflow/example_dags/example_bash_operator.py for tasks to queue
[2024-04-28T06:19:12.038+0000] {logging_mixin.py:117} INFO - [2024-04-28T06:19:12.038+0000] {dagbag.py:525} INFO - Filling up the DagBag from /home/airflow/.local/lib/python3.7/site-packages/airflow/example_dags/example_bash_operator.py
[2024-04-28T06:19:12.065+0000] {processor.py:768} INFO - DAG(s) dict_keys(['example_bash_operator']) retrieved from /home/airflow/.local/lib/python3.7/site-packages/airflow/example_dags/example_bash_operator.py
[2024-04-28T06:19:12.123+0000] {logging_mixin.py:117} INFO - [2024-04-28T06:19:12.123+0000] {dag.py:2573} INFO - Sync 1 DAGs
[2024-04-28T06:19:12.307+0000] {logging_mixin.py:117} INFO - [2024-04-28T06:19:12.307+0000] {dag.py:3328} INFO - Setting next_dagrun for example_bash_operator to 2024-04-27T00:00:00+00:00, run_after=2024-04-28T00:00:00+00:00
[2024-04-28T06:19:12.330+0000] {processor.py:178} INFO - Processing /home/airflow/.local/lib/python3.7/site-packages/airflow/example_dags/example_bash_operator.py took 0.303 seconds
[2024-04-28T06:19:43.384+0000] {processor.py:156} INFO - Started process (PID=2717) to work on /home/airflow/.local/lib/python3.7/site-packages/airflow/example_dags/example_bash_operator.py
[2024-04-28T06:19:43.386+0000] {processor.py:758} INFO - Processing file /home/airflow/.local/lib/python3.7/site-packages/airflow/example_dags/example_bash_operator.py for tasks to queue
[2024-04-28T06:19:43.387+0000] {logging_mixin.py:117} INFO - [2024-04-28T06:19:43.386+0000] {dagbag.py:525} INFO - Filling up the DagBag from /home/airflow/.local/lib/python3.7/site-packages/airflow/example_dags/example_bash_operator.py
[2024-04-28T06:19:43.416+0000] {processor.py:768} INFO - DAG(s) dict_keys(['example_bash_operator']) retrieved from /home/airflow/.local/lib/python3.7/site-packages/airflow/example_dags/example_bash_operator.py
[2024-04-28T06:19:43.618+0000] {logging_mixin.py:117} INFO - [2024-04-28T06:19:43.618+0000] {dag.py:2573} INFO - Sync 1 DAGs
[2024-04-28T06:19:43.643+0000] {logging_mixin.py:117} INFO - [2024-04-28T06:19:43.643+0000] {dag.py:3328} INFO - Setting next_dagrun for example_bash_operator to 2024-04-27T00:00:00+00:00, run_after=2024-04-28T00:00:00+00:00
[2024-04-28T06:19:43.663+0000] {processor.py:178} INFO - Processing /home/airflow/.local/lib/python3.7/site-packages/airflow/example_dags/example_bash_operator.py took 0.288 seconds
[2024-04-28T06:20:14.364+0000] {processor.py:156} INFO - Started process (PID=2935) to work on /home/airflow/.local/lib/python3.7/site-packages/airflow/example_dags/example_bash_operator.py
[2024-04-28T06:20:14.368+0000] {processor.py:758} INFO - Processing file /home/airflow/.local/lib/python3.7/site-packages/airflow/example_dags/example_bash_operator.py for tasks to queue
[2024-04-28T06:20:14.369+0000] {logging_mixin.py:117} INFO - [2024-04-28T06:20:14.368+0000] {dagbag.py:525} INFO - Filling up the DagBag from /home/airflow/.local/lib/python3.7/site-packages/airflow/example_dags/example_bash_operator.py
[2024-04-28T06:20:14.419+0000] {processor.py:768} INFO - DAG(s) dict_keys(['example_bash_operator']) retrieved from /home/airflow/.local/lib/python3.7/site-packages/airflow/example_dags/example_bash_operator.py
[2024-04-28T06:20:14.729+0000] {logging_mixin.py:117} INFO - [2024-04-28T06:20:14.729+0000] {dag.py:2573} INFO - Sync 1 DAGs
[2024-04-28T06:20:14.760+0000] {logging_mixin.py:117} INFO - [2024-04-28T06:20:14.760+0000] {dag.py:3328} INFO - Setting next_dagrun for example_bash_operator to 2024-04-27T00:00:00+00:00, run_after=2024-04-28T00:00:00+00:00
[2024-04-28T06:20:14.787+0000] {processor.py:178} INFO - Processing /home/airflow/.local/lib/python3.7/site-packages/airflow/example_dags/example_bash_operator.py took 0.427 seconds
[2024-04-28T06:20:45.510+0000] {processor.py:156} INFO - Started process (PID=3144) to work on /home/airflow/.local/lib/python3.7/site-packages/airflow/example_dags/example_bash_operator.py
[2024-04-28T06:20:45.511+0000] {processor.py:758} INFO - Processing file /home/airflow/.local/lib/python3.7/site-packages/airflow/example_dags/example_bash_operator.py for tasks to queue
[2024-04-28T06:20:45.511+0000] {logging_mixin.py:117} INFO - [2024-04-28T06:20:45.511+0000] {dagbag.py:525} INFO - Filling up the DagBag from /home/airflow/.local/lib/python3.7/site-packages/airflow/example_dags/example_bash_operator.py
[2024-04-28T06:20:45.680+0000] {processor.py:768} INFO - DAG(s) dict_keys(['example_bash_operator']) retrieved from /home/airflow/.local/lib/python3.7/site-packages/airflow/example_dags/example_bash_operator.py
[2024-04-28T06:20:45.713+0000] {logging_mixin.py:117} INFO - [2024-04-28T06:20:45.713+0000] {dag.py:2573} INFO - Sync 1 DAGs
[2024-04-28T06:20:45.733+0000] {logging_mixin.py:117} INFO - [2024-04-28T06:20:45.733+0000] {dag.py:3328} INFO - Setting next_dagrun for example_bash_operator to 2024-04-27T00:00:00+00:00, run_after=2024-04-28T00:00:00+00:00
[2024-04-28T06:20:45.753+0000] {processor.py:178} INFO - Processing /home/airflow/.local/lib/python3.7/site-packages/airflow/example_dags/example_bash_operator.py took 0.247 seconds
[2024-04-28T06:21:16.484+0000] {processor.py:156} INFO - Started process (PID=3363) to work on /home/airflow/.local/lib/python3.7/site-packages/airflow/example_dags/example_bash_operator.py
[2024-04-28T06:21:16.484+0000] {processor.py:758} INFO - Processing file /home/airflow/.local/lib/python3.7/site-packages/airflow/example_dags/example_bash_operator.py for tasks to queue
[2024-04-28T06:21:16.485+0000] {logging_mixin.py:117} INFO - [2024-04-28T06:21:16.485+0000] {dagbag.py:525} INFO - Filling up the DagBag from /home/airflow/.local/lib/python3.7/site-packages/airflow/example_dags/example_bash_operator.py
[2024-04-28T06:21:16.503+0000] {processor.py:768} INFO - DAG(s) dict_keys(['example_bash_operator']) retrieved from /home/airflow/.local/lib/python3.7/site-packages/airflow/example_dags/example_bash_operator.py
[2024-04-28T06:21:16.541+0000] {logging_mixin.py:117} INFO - [2024-04-28T06:21:16.541+0000] {dag.py:2573} INFO - Sync 1 DAGs
[2024-04-28T06:21:16.673+0000] {logging_mixin.py:117} INFO - [2024-04-28T06:21:16.672+0000] {dag.py:3328} INFO - Setting next_dagrun for example_bash_operator to 2024-04-27T00:00:00+00:00, run_after=2024-04-28T00:00:00+00:00
[2024-04-28T06:21:16.698+0000] {processor.py:178} INFO - Processing /home/airflow/.local/lib/python3.7/site-packages/airflow/example_dags/example_bash_operator.py took 0.217 seconds
[2024-04-28T06:21:47.131+0000] {processor.py:156} INFO - Started process (PID=3578) to work on /home/airflow/.local/lib/python3.7/site-packages/airflow/example_dags/example_bash_operator.py
[2024-04-28T06:21:47.132+0000] {processor.py:758} INFO - Processing file /home/airflow/.local/lib/python3.7/site-packages/airflow/example_dags/example_bash_operator.py for tasks to queue
[2024-04-28T06:21:47.132+0000] {logging_mixin.py:117} INFO - [2024-04-28T06:21:47.132+0000] {dagbag.py:525} INFO - Filling up the DagBag from /home/airflow/.local/lib/python3.7/site-packages/airflow/example_dags/example_bash_operator.py
[2024-04-28T06:21:47.158+0000] {processor.py:768} INFO - DAG(s) dict_keys(['example_bash_operator']) retrieved from /home/airflow/.local/lib/python3.7/site-packages/airflow/example_dags/example_bash_operator.py
[2024-04-28T06:21:47.382+0000] {logging_mixin.py:117} INFO - [2024-04-28T06:21:47.382+0000] {dag.py:2573} INFO - Sync 1 DAGs
[2024-04-28T06:21:47.401+0000] {logging_mixin.py:117} INFO - [2024-04-28T06:21:47.401+0000] {dag.py:3328} INFO - Setting next_dagrun for example_bash_operator to 2024-04-27T00:00:00+00:00, run_after=2024-04-28T00:00:00+00:00
[2024-04-28T06:21:47.424+0000] {processor.py:178} INFO - Processing /home/airflow/.local/lib/python3.7/site-packages/airflow/example_dags/example_bash_operator.py took 0.296 seconds
[2024-04-28T06:22:17.522+0000] {processor.py:156} INFO - Started process (PID=3788) to work on /home/airflow/.local/lib/python3.7/site-packages/airflow/example_dags/example_bash_operator.py
[2024-04-28T06:22:17.527+0000] {processor.py:758} INFO - Processing file /home/airflow/.local/lib/python3.7/site-packages/airflow/example_dags/example_bash_operator.py for tasks to queue
[2024-04-28T06:22:17.527+0000] {logging_mixin.py:117} INFO - [2024-04-28T06:22:17.527+0000] {dagbag.py:525} INFO - Filling up the DagBag from /home/airflow/.local/lib/python3.7/site-packages/airflow/example_dags/example_bash_operator.py
[2024-04-28T06:22:17.567+0000] {processor.py:768} INFO - DAG(s) dict_keys(['example_bash_operator']) retrieved from /home/airflow/.local/lib/python3.7/site-packages/airflow/example_dags/example_bash_operator.py
[2024-04-28T06:22:17.765+0000] {logging_mixin.py:117} INFO - [2024-04-28T06:22:17.765+0000] {dag.py:2573} INFO - Sync 1 DAGs
[2024-04-28T06:22:17.787+0000] {logging_mixin.py:117} INFO - [2024-04-28T06:22:17.787+0000] {dag.py:3328} INFO - Setting next_dagrun for example_bash_operator to 2024-04-27T00:00:00+00:00, run_after=2024-04-28T00:00:00+00:00
[2024-04-28T06:22:17.806+0000] {processor.py:178} INFO - Processing /home/airflow/.local/lib/python3.7/site-packages/airflow/example_dags/example_bash_operator.py took 0.297 seconds
[2024-04-28T06:22:47.989+0000] {processor.py:156} INFO - Started process (PID=4008) to work on /home/airflow/.local/lib/python3.7/site-packages/airflow/example_dags/example_bash_operator.py
[2024-04-28T06:22:47.989+0000] {processor.py:758} INFO - Processing file /home/airflow/.local/lib/python3.7/site-packages/airflow/example_dags/example_bash_operator.py for tasks to queue
[2024-04-28T06:22:47.990+0000] {logging_mixin.py:117} INFO - [2024-04-28T06:22:47.990+0000] {dagbag.py:525} INFO - Filling up the DagBag from /home/airflow/.local/lib/python3.7/site-packages/airflow/example_dags/example_bash_operator.py
[2024-04-28T06:22:48.116+0000] {processor.py:768} INFO - DAG(s) dict_keys(['example_bash_operator']) retrieved from /home/airflow/.local/lib/python3.7/site-packages/airflow/example_dags/example_bash_operator.py
[2024-04-28T06:22:48.154+0000] {logging_mixin.py:117} INFO - [2024-04-28T06:22:48.154+0000] {dag.py:2573} INFO - Sync 1 DAGs
[2024-04-28T06:22:48.174+0000] {logging_mixin.py:117} INFO - [2024-04-28T06:22:48.174+0000] {dag.py:3328} INFO - Setting next_dagrun for example_bash_operator to 2024-04-27T00:00:00+00:00, run_after=2024-04-28T00:00:00+00:00
[2024-04-28T06:22:48.194+0000] {processor.py:178} INFO - Processing /home/airflow/.local/lib/python3.7/site-packages/airflow/example_dags/example_bash_operator.py took 0.209 seconds
[2024-04-28T06:23:18.689+0000] {processor.py:156} INFO - Started process (PID=4225) to work on /home/airflow/.local/lib/python3.7/site-packages/airflow/example_dags/example_bash_operator.py
[2024-04-28T06:23:18.691+0000] {processor.py:758} INFO - Processing file /home/airflow/.local/lib/python3.7/site-packages/airflow/example_dags/example_bash_operator.py for tasks to queue
[2024-04-28T06:23:18.692+0000] {logging_mixin.py:117} INFO - [2024-04-28T06:23:18.692+0000] {dagbag.py:525} INFO - Filling up the DagBag from /home/airflow/.local/lib/python3.7/site-packages/airflow/example_dags/example_bash_operator.py
[2024-04-28T06:23:18.731+0000] {processor.py:768} INFO - DAG(s) dict_keys(['example_bash_operator']) retrieved from /home/airflow/.local/lib/python3.7/site-packages/airflow/example_dags/example_bash_operator.py
[2024-04-28T06:23:18.856+0000] {logging_mixin.py:117} INFO - [2024-04-28T06:23:18.856+0000] {dag.py:2573} INFO - Sync 1 DAGs
[2024-04-28T06:23:18.889+0000] {logging_mixin.py:117} INFO - [2024-04-28T06:23:18.889+0000] {dag.py:3328} INFO - Setting next_dagrun for example_bash_operator to 2024-04-27T00:00:00+00:00, run_after=2024-04-28T00:00:00+00:00
[2024-04-28T06:23:18.914+0000] {processor.py:178} INFO - Processing /home/airflow/.local/lib/python3.7/site-packages/airflow/example_dags/example_bash_operator.py took 0.228 seconds
[2024-04-28T06:23:48.971+0000] {processor.py:156} INFO - Started process (PID=4443) to work on /home/airflow/.local/lib/python3.7/site-packages/airflow/example_dags/example_bash_operator.py
[2024-04-28T06:23:48.971+0000] {processor.py:758} INFO - Processing file /home/airflow/.local/lib/python3.7/site-packages/airflow/example_dags/example_bash_operator.py for tasks to queue
[2024-04-28T06:23:48.972+0000] {logging_mixin.py:117} INFO - [2024-04-28T06:23:48.972+0000] {dagbag.py:525} INFO - Filling up the DagBag from /home/airflow/.local/lib/python3.7/site-packages/airflow/example_dags/example_bash_operator.py
[2024-04-28T06:23:48.991+0000] {processor.py:768} INFO - DAG(s) dict_keys(['example_bash_operator']) retrieved from /home/airflow/.local/lib/python3.7/site-packages/airflow/example_dags/example_bash_operator.py
[2024-04-28T06:23:49.029+0000] {logging_mixin.py:117} INFO - [2024-04-28T06:23:49.028+0000] {dag.py:2573} INFO - Sync 1 DAGs
[2024-04-28T06:23:49.049+0000] {logging_mixin.py:117} INFO - [2024-04-28T06:23:49.049+0000] {dag.py:3328} INFO - Setting next_dagrun for example_bash_operator to 2024-04-27T00:00:00+00:00, run_after=2024-04-28T00:00:00+00:00
[2024-04-28T06:23:49.069+0000] {processor.py:178} INFO - Processing /home/airflow/.local/lib/python3.7/site-packages/airflow/example_dags/example_bash_operator.py took 0.101 seconds
[2024-04-28T06:24:19.292+0000] {processor.py:156} INFO - Started process (PID=4660) to work on /home/airflow/.local/lib/python3.7/site-packages/airflow/example_dags/example_bash_operator.py
[2024-04-28T06:24:19.293+0000] {processor.py:758} INFO - Processing file /home/airflow/.local/lib/python3.7/site-packages/airflow/example_dags/example_bash_operator.py for tasks to queue
[2024-04-28T06:24:19.294+0000] {logging_mixin.py:117} INFO - [2024-04-28T06:24:19.293+0000] {dagbag.py:525} INFO - Filling up the DagBag from /home/airflow/.local/lib/python3.7/site-packages/airflow/example_dags/example_bash_operator.py
[2024-04-28T06:24:19.312+0000] {processor.py:768} INFO - DAG(s) dict_keys(['example_bash_operator']) retrieved from /home/airflow/.local/lib/python3.7/site-packages/airflow/example_dags/example_bash_operator.py
[2024-04-28T06:24:19.351+0000] {logging_mixin.py:117} INFO - [2024-04-28T06:24:19.351+0000] {dag.py:2573} INFO - Sync 1 DAGs
[2024-04-28T06:24:19.371+0000] {logging_mixin.py:117} INFO - [2024-04-28T06:24:19.371+0000] {dag.py:3328} INFO - Setting next_dagrun for example_bash_operator to 2024-04-27T00:00:00+00:00, run_after=2024-04-28T00:00:00+00:00
[2024-04-28T06:24:19.392+0000] {processor.py:178} INFO - Processing /home/airflow/.local/lib/python3.7/site-packages/airflow/example_dags/example_bash_operator.py took 0.102 seconds
[2024-04-28T06:24:50.202+0000] {processor.py:156} INFO - Started process (PID=4867) to work on /home/airflow/.local/lib/python3.7/site-packages/airflow/example_dags/example_bash_operator.py
[2024-04-28T06:24:50.212+0000] {processor.py:758} INFO - Processing file /home/airflow/.local/lib/python3.7/site-packages/airflow/example_dags/example_bash_operator.py for tasks to queue
[2024-04-28T06:24:50.214+0000] {logging_mixin.py:117} INFO - [2024-04-28T06:24:50.213+0000] {dagbag.py:525} INFO - Filling up the DagBag from /home/airflow/.local/lib/python3.7/site-packages/airflow/example_dags/example_bash_operator.py
[2024-04-28T06:24:50.261+0000] {processor.py:768} INFO - DAG(s) dict_keys(['example_bash_operator']) retrieved from /home/airflow/.local/lib/python3.7/site-packages/airflow/example_dags/example_bash_operator.py
[2024-04-28T06:24:50.365+0000] {logging_mixin.py:117} INFO - [2024-04-28T06:24:50.365+0000] {dag.py:2573} INFO - Sync 1 DAGs
[2024-04-28T06:24:50.423+0000] {logging_mixin.py:117} INFO - [2024-04-28T06:24:50.422+0000] {dag.py:3328} INFO - Setting next_dagrun for example_bash_operator to 2024-04-27T00:00:00+00:00, run_after=2024-04-28T00:00:00+00:00
[2024-04-28T06:24:50.452+0000] {processor.py:178} INFO - Processing /home/airflow/.local/lib/python3.7/site-packages/airflow/example_dags/example_bash_operator.py took 0.253 seconds
[2024-04-28T06:25:20.591+0000] {processor.py:156} INFO - Started process (PID=5081) to work on /home/airflow/.local/lib/python3.7/site-packages/airflow/example_dags/example_bash_operator.py
[2024-04-28T06:25:20.592+0000] {processor.py:758} INFO - Processing file /home/airflow/.local/lib/python3.7/site-packages/airflow/example_dags/example_bash_operator.py for tasks to queue
[2024-04-28T06:25:20.593+0000] {logging_mixin.py:117} INFO - [2024-04-28T06:25:20.593+0000] {dagbag.py:525} INFO - Filling up the DagBag from /home/airflow/.local/lib/python3.7/site-packages/airflow/example_dags/example_bash_operator.py
[2024-04-28T06:25:20.618+0000] {processor.py:768} INFO - DAG(s) dict_keys(['example_bash_operator']) retrieved from /home/airflow/.local/lib/python3.7/site-packages/airflow/example_dags/example_bash_operator.py
[2024-04-28T06:25:20.674+0000] {logging_mixin.py:117} INFO - [2024-04-28T06:25:20.674+0000] {dag.py:2573} INFO - Sync 1 DAGs
[2024-04-28T06:25:20.700+0000] {logging_mixin.py:117} INFO - [2024-04-28T06:25:20.700+0000] {dag.py:3328} INFO - Setting next_dagrun for example_bash_operator to 2024-04-27T00:00:00+00:00, run_after=2024-04-28T00:00:00+00:00
[2024-04-28T06:25:20.720+0000] {processor.py:178} INFO - Processing /home/airflow/.local/lib/python3.7/site-packages/airflow/example_dags/example_bash_operator.py took 0.133 seconds
[2024-04-28T06:25:50.910+0000] {processor.py:156} INFO - Started process (PID=5297) to work on /home/airflow/.local/lib/python3.7/site-packages/airflow/example_dags/example_bash_operator.py
[2024-04-28T06:25:50.911+0000] {processor.py:758} INFO - Processing file /home/airflow/.local/lib/python3.7/site-packages/airflow/example_dags/example_bash_operator.py for tasks to queue
[2024-04-28T06:25:50.912+0000] {logging_mixin.py:117} INFO - [2024-04-28T06:25:50.911+0000] {dagbag.py:525} INFO - Filling up the DagBag from /home/airflow/.local/lib/python3.7/site-packages/airflow/example_dags/example_bash_operator.py
[2024-04-28T06:25:50.952+0000] {processor.py:768} INFO - DAG(s) dict_keys(['example_bash_operator']) retrieved from /home/airflow/.local/lib/python3.7/site-packages/airflow/example_dags/example_bash_operator.py
[2024-04-28T06:25:51.071+0000] {logging_mixin.py:117} INFO - [2024-04-28T06:25:51.070+0000] {dag.py:2573} INFO - Sync 1 DAGs
[2024-04-28T06:25:51.143+0000] {logging_mixin.py:117} INFO - [2024-04-28T06:25:51.143+0000] {dag.py:3328} INFO - Setting next_dagrun for example_bash_operator to 2024-04-27T00:00:00+00:00, run_after=2024-04-28T00:00:00+00:00
[2024-04-28T06:25:51.179+0000] {processor.py:178} INFO - Processing /home/airflow/.local/lib/python3.7/site-packages/airflow/example_dags/example_bash_operator.py took 0.271 seconds
[2024-04-28T06:26:22.117+0000] {processor.py:156} INFO - Started process (PID=5516) to work on /home/airflow/.local/lib/python3.7/site-packages/airflow/example_dags/example_bash_operator.py
[2024-04-28T06:26:22.118+0000] {processor.py:758} INFO - Processing file /home/airflow/.local/lib/python3.7/site-packages/airflow/example_dags/example_bash_operator.py for tasks to queue
[2024-04-28T06:26:22.118+0000] {logging_mixin.py:117} INFO - [2024-04-28T06:26:22.118+0000] {dagbag.py:525} INFO - Filling up the DagBag from /home/airflow/.local/lib/python3.7/site-packages/airflow/example_dags/example_bash_operator.py
[2024-04-28T06:26:22.173+0000] {processor.py:768} INFO - DAG(s) dict_keys(['example_bash_operator']) retrieved from /home/airflow/.local/lib/python3.7/site-packages/airflow/example_dags/example_bash_operator.py
[2024-04-28T06:26:22.229+0000] {logging_mixin.py:117} INFO - [2024-04-28T06:26:22.229+0000] {dag.py:2573} INFO - Sync 1 DAGs
[2024-04-28T06:26:22.253+0000] {logging_mixin.py:117} INFO - [2024-04-28T06:26:22.252+0000] {dag.py:3328} INFO - Setting next_dagrun for example_bash_operator to 2024-04-27T00:00:00+00:00, run_after=2024-04-28T00:00:00+00:00
[2024-04-28T06:26:22.274+0000] {processor.py:178} INFO - Processing /home/airflow/.local/lib/python3.7/site-packages/airflow/example_dags/example_bash_operator.py took 0.160 seconds
[2024-04-28T06:26:52.993+0000] {processor.py:156} INFO - Started process (PID=5720) to work on /home/airflow/.local/lib/python3.7/site-packages/airflow/example_dags/example_bash_operator.py
[2024-04-28T06:26:52.993+0000] {processor.py:758} INFO - Processing file /home/airflow/.local/lib/python3.7/site-packages/airflow/example_dags/example_bash_operator.py for tasks to queue
[2024-04-28T06:26:52.994+0000] {logging_mixin.py:117} INFO - [2024-04-28T06:26:52.994+0000] {dagbag.py:525} INFO - Filling up the DagBag from /home/airflow/.local/lib/python3.7/site-packages/airflow/example_dags/example_bash_operator.py
[2024-04-28T06:26:53.025+0000] {processor.py:768} INFO - DAG(s) dict_keys(['example_bash_operator']) retrieved from /home/airflow/.local/lib/python3.7/site-packages/airflow/example_dags/example_bash_operator.py
[2024-04-28T06:26:53.079+0000] {logging_mixin.py:117} INFO - [2024-04-28T06:26:53.079+0000] {dag.py:2573} INFO - Sync 1 DAGs
[2024-04-28T06:26:53.111+0000] {logging_mixin.py:117} INFO - [2024-04-28T06:26:53.111+0000] {dag.py:3328} INFO - Setting next_dagrun for example_bash_operator to 2024-04-27T00:00:00+00:00, run_after=2024-04-28T00:00:00+00:00
[2024-04-28T06:26:53.138+0000] {processor.py:178} INFO - Processing /home/airflow/.local/lib/python3.7/site-packages/airflow/example_dags/example_bash_operator.py took 0.148 seconds
[2024-04-28T06:27:23.532+0000] {processor.py:156} INFO - Started process (PID=5939) to work on /home/airflow/.local/lib/python3.7/site-packages/airflow/example_dags/example_bash_operator.py
[2024-04-28T06:27:23.533+0000] {processor.py:758} INFO - Processing file /home/airflow/.local/lib/python3.7/site-packages/airflow/example_dags/example_bash_operator.py for tasks to queue
[2024-04-28T06:27:23.534+0000] {logging_mixin.py:117} INFO - [2024-04-28T06:27:23.534+0000] {dagbag.py:525} INFO - Filling up the DagBag from /home/airflow/.local/lib/python3.7/site-packages/airflow/example_dags/example_bash_operator.py
[2024-04-28T06:27:23.563+0000] {processor.py:768} INFO - DAG(s) dict_keys(['example_bash_operator']) retrieved from /home/airflow/.local/lib/python3.7/site-packages/airflow/example_dags/example_bash_operator.py
[2024-04-28T06:27:23.617+0000] {logging_mixin.py:117} INFO - [2024-04-28T06:27:23.617+0000] {dag.py:2573} INFO - Sync 1 DAGs
[2024-04-28T06:27:23.650+0000] {logging_mixin.py:117} INFO - [2024-04-28T06:27:23.649+0000] {dag.py:3328} INFO - Setting next_dagrun for example_bash_operator to 2024-04-27T00:00:00+00:00, run_after=2024-04-28T00:00:00+00:00
[2024-04-28T06:27:23.674+0000] {processor.py:178} INFO - Processing /home/airflow/.local/lib/python3.7/site-packages/airflow/example_dags/example_bash_operator.py took 0.145 seconds
[2024-04-28T06:27:54.484+0000] {processor.py:156} INFO - Started process (PID=6157) to work on /home/airflow/.local/lib/python3.7/site-packages/airflow/example_dags/example_bash_operator.py
[2024-04-28T06:27:54.485+0000] {processor.py:758} INFO - Processing file /home/airflow/.local/lib/python3.7/site-packages/airflow/example_dags/example_bash_operator.py for tasks to queue
[2024-04-28T06:27:54.486+0000] {logging_mixin.py:117} INFO - [2024-04-28T06:27:54.486+0000] {dagbag.py:525} INFO - Filling up the DagBag from /home/airflow/.local/lib/python3.7/site-packages/airflow/example_dags/example_bash_operator.py
[2024-04-28T06:27:54.511+0000] {processor.py:768} INFO - DAG(s) dict_keys(['example_bash_operator']) retrieved from /home/airflow/.local/lib/python3.7/site-packages/airflow/example_dags/example_bash_operator.py
[2024-04-28T06:27:54.568+0000] {logging_mixin.py:117} INFO - [2024-04-28T06:27:54.568+0000] {dag.py:2573} INFO - Sync 1 DAGs
[2024-04-28T06:27:54.602+0000] {logging_mixin.py:117} INFO - [2024-04-28T06:27:54.602+0000] {dag.py:3328} INFO - Setting next_dagrun for example_bash_operator to 2024-04-27T00:00:00+00:00, run_after=2024-04-28T00:00:00+00:00
[2024-04-28T06:27:54.627+0000] {processor.py:178} INFO - Processing /home/airflow/.local/lib/python3.7/site-packages/airflow/example_dags/example_bash_operator.py took 0.146 seconds
[2024-04-28T06:28:25.191+0000] {processor.py:156} INFO - Started process (PID=6365) to work on /home/airflow/.local/lib/python3.7/site-packages/airflow/example_dags/example_bash_operator.py
[2024-04-28T06:28:25.191+0000] {processor.py:758} INFO - Processing file /home/airflow/.local/lib/python3.7/site-packages/airflow/example_dags/example_bash_operator.py for tasks to queue
[2024-04-28T06:28:25.192+0000] {logging_mixin.py:117} INFO - [2024-04-28T06:28:25.192+0000] {dagbag.py:525} INFO - Filling up the DagBag from /home/airflow/.local/lib/python3.7/site-packages/airflow/example_dags/example_bash_operator.py
[2024-04-28T06:28:25.217+0000] {processor.py:768} INFO - DAG(s) dict_keys(['example_bash_operator']) retrieved from /home/airflow/.local/lib/python3.7/site-packages/airflow/example_dags/example_bash_operator.py
[2024-04-28T06:28:25.272+0000] {logging_mixin.py:117} INFO - [2024-04-28T06:28:25.272+0000] {dag.py:2573} INFO - Sync 1 DAGs
[2024-04-28T06:28:25.303+0000] {logging_mixin.py:117} INFO - [2024-04-28T06:28:25.303+0000] {dag.py:3328} INFO - Setting next_dagrun for example_bash_operator to 2024-04-27T00:00:00+00:00, run_after=2024-04-28T00:00:00+00:00
[2024-04-28T06:28:25.333+0000] {processor.py:178} INFO - Processing /home/airflow/.local/lib/python3.7/site-packages/airflow/example_dags/example_bash_operator.py took 0.145 seconds
[2024-04-28T06:28:57.493+0000] {processor.py:156} INFO - Started process (PID=6585) to work on /home/airflow/.local/lib/python3.7/site-packages/airflow/example_dags/example_bash_operator.py
[2024-04-28T06:28:57.501+0000] {processor.py:758} INFO - Processing file /home/airflow/.local/lib/python3.7/site-packages/airflow/example_dags/example_bash_operator.py for tasks to queue
[2024-04-28T06:28:57.502+0000] {logging_mixin.py:117} INFO - [2024-04-28T06:28:57.502+0000] {dagbag.py:525} INFO - Filling up the DagBag from /home/airflow/.local/lib/python3.7/site-packages/airflow/example_dags/example_bash_operator.py
[2024-04-28T06:28:57.541+0000] {processor.py:768} INFO - DAG(s) dict_keys(['example_bash_operator']) retrieved from /home/airflow/.local/lib/python3.7/site-packages/airflow/example_dags/example_bash_operator.py
[2024-04-28T06:28:57.730+0000] {logging_mixin.py:117} INFO - [2024-04-28T06:28:57.730+0000] {dag.py:2573} INFO - Sync 1 DAGs
[2024-04-28T06:28:57.818+0000] {logging_mixin.py:117} INFO - [2024-04-28T06:28:57.818+0000] {dag.py:3328} INFO - Setting next_dagrun for example_bash_operator to 2024-04-27T00:00:00+00:00, run_after=2024-04-28T00:00:00+00:00
[2024-04-28T06:28:57.852+0000] {processor.py:178} INFO - Processing /home/airflow/.local/lib/python3.7/site-packages/airflow/example_dags/example_bash_operator.py took 0.361 seconds
[2024-04-28T06:29:28.827+0000] {processor.py:156} INFO - Started process (PID=6814) to work on /home/airflow/.local/lib/python3.7/site-packages/airflow/example_dags/example_bash_operator.py
[2024-04-28T06:29:28.828+0000] {processor.py:758} INFO - Processing file /home/airflow/.local/lib/python3.7/site-packages/airflow/example_dags/example_bash_operator.py for tasks to queue
[2024-04-28T06:29:28.829+0000] {logging_mixin.py:117} INFO - [2024-04-28T06:29:28.829+0000] {dagbag.py:525} INFO - Filling up the DagBag from /home/airflow/.local/lib/python3.7/site-packages/airflow/example_dags/example_bash_operator.py
[2024-04-28T06:29:28.852+0000] {processor.py:768} INFO - DAG(s) dict_keys(['example_bash_operator']) retrieved from /home/airflow/.local/lib/python3.7/site-packages/airflow/example_dags/example_bash_operator.py
[2024-04-28T06:29:28.894+0000] {logging_mixin.py:117} INFO - [2024-04-28T06:29:28.894+0000] {dag.py:2573} INFO - Sync 1 DAGs
[2024-04-28T06:29:28.915+0000] {logging_mixin.py:117} INFO - [2024-04-28T06:29:28.915+0000] {dag.py:3328} INFO - Setting next_dagrun for example_bash_operator to 2024-04-27T00:00:00+00:00, run_after=2024-04-28T00:00:00+00:00
[2024-04-28T06:29:28.938+0000] {processor.py:178} INFO - Processing /home/airflow/.local/lib/python3.7/site-packages/airflow/example_dags/example_bash_operator.py took 0.113 seconds
[2024-04-28T06:29:59.315+0000] {processor.py:156} INFO - Started process (PID=7034) to work on /home/airflow/.local/lib/python3.7/site-packages/airflow/example_dags/example_bash_operator.py
[2024-04-28T06:29:59.321+0000] {processor.py:758} INFO - Processing file /home/airflow/.local/lib/python3.7/site-packages/airflow/example_dags/example_bash_operator.py for tasks to queue
[2024-04-28T06:29:59.322+0000] {logging_mixin.py:117} INFO - [2024-04-28T06:29:59.322+0000] {dagbag.py:525} INFO - Filling up the DagBag from /home/airflow/.local/lib/python3.7/site-packages/airflow/example_dags/example_bash_operator.py
[2024-04-28T06:29:59.388+0000] {processor.py:768} INFO - DAG(s) dict_keys(['example_bash_operator']) retrieved from /home/airflow/.local/lib/python3.7/site-packages/airflow/example_dags/example_bash_operator.py
[2024-04-28T06:29:59.463+0000] {logging_mixin.py:117} INFO - [2024-04-28T06:29:59.463+0000] {dag.py:2573} INFO - Sync 1 DAGs
[2024-04-28T06:29:59.496+0000] {logging_mixin.py:117} INFO - [2024-04-28T06:29:59.496+0000] {dag.py:3328} INFO - Setting next_dagrun for example_bash_operator to 2024-04-27T00:00:00+00:00, run_after=2024-04-28T00:00:00+00:00
[2024-04-28T06:29:59.523+0000] {processor.py:178} INFO - Processing /home/airflow/.local/lib/python3.7/site-packages/airflow/example_dags/example_bash_operator.py took 0.218 seconds
[2024-04-28T06:30:30.066+0000] {processor.py:156} INFO - Started process (PID=7242) to work on /home/airflow/.local/lib/python3.7/site-packages/airflow/example_dags/example_bash_operator.py
[2024-04-28T06:30:30.067+0000] {processor.py:758} INFO - Processing file /home/airflow/.local/lib/python3.7/site-packages/airflow/example_dags/example_bash_operator.py for tasks to queue
[2024-04-28T06:30:30.068+0000] {logging_mixin.py:117} INFO - [2024-04-28T06:30:30.068+0000] {dagbag.py:525} INFO - Filling up the DagBag from /home/airflow/.local/lib/python3.7/site-packages/airflow/example_dags/example_bash_operator.py
[2024-04-28T06:30:30.095+0000] {processor.py:768} INFO - DAG(s) dict_keys(['example_bash_operator']) retrieved from /home/airflow/.local/lib/python3.7/site-packages/airflow/example_dags/example_bash_operator.py
[2024-04-28T06:30:30.135+0000] {logging_mixin.py:117} INFO - [2024-04-28T06:30:30.135+0000] {dag.py:2573} INFO - Sync 1 DAGs
[2024-04-28T06:30:30.156+0000] {logging_mixin.py:117} INFO - [2024-04-28T06:30:30.156+0000] {dag.py:3328} INFO - Setting next_dagrun for example_bash_operator to 2024-04-27T00:00:00+00:00, run_after=2024-04-28T00:00:00+00:00
[2024-04-28T06:30:30.177+0000] {processor.py:178} INFO - Processing /home/airflow/.local/lib/python3.7/site-packages/airflow/example_dags/example_bash_operator.py took 0.115 seconds
[2024-04-28T06:31:00.630+0000] {processor.py:156} INFO - Started process (PID=7462) to work on /home/airflow/.local/lib/python3.7/site-packages/airflow/example_dags/example_bash_operator.py
[2024-04-28T06:31:00.630+0000] {processor.py:758} INFO - Processing file /home/airflow/.local/lib/python3.7/site-packages/airflow/example_dags/example_bash_operator.py for tasks to queue
[2024-04-28T06:31:00.631+0000] {logging_mixin.py:117} INFO - [2024-04-28T06:31:00.631+0000] {dagbag.py:525} INFO - Filling up the DagBag from /home/airflow/.local/lib/python3.7/site-packages/airflow/example_dags/example_bash_operator.py
[2024-04-28T06:31:00.649+0000] {processor.py:768} INFO - DAG(s) dict_keys(['example_bash_operator']) retrieved from /home/airflow/.local/lib/python3.7/site-packages/airflow/example_dags/example_bash_operator.py
[2024-04-28T06:31:00.701+0000] {logging_mixin.py:117} INFO - [2024-04-28T06:31:00.701+0000] {dag.py:2573} INFO - Sync 1 DAGs
[2024-04-28T06:31:00.725+0000] {logging_mixin.py:117} INFO - [2024-04-28T06:31:00.724+0000] {dag.py:3328} INFO - Setting next_dagrun for example_bash_operator to 2024-04-27T00:00:00+00:00, run_after=2024-04-28T00:00:00+00:00
[2024-04-28T06:31:00.749+0000] {processor.py:178} INFO - Processing /home/airflow/.local/lib/python3.7/site-packages/airflow/example_dags/example_bash_operator.py took 0.121 seconds
[2024-04-28T06:31:31.114+0000] {processor.py:156} INFO - Started process (PID=7673) to work on /home/airflow/.local/lib/python3.7/site-packages/airflow/example_dags/example_bash_operator.py
[2024-04-28T06:31:31.115+0000] {processor.py:758} INFO - Processing file /home/airflow/.local/lib/python3.7/site-packages/airflow/example_dags/example_bash_operator.py for tasks to queue
[2024-04-28T06:31:31.116+0000] {logging_mixin.py:117} INFO - [2024-04-28T06:31:31.115+0000] {dagbag.py:525} INFO - Filling up the DagBag from /home/airflow/.local/lib/python3.7/site-packages/airflow/example_dags/example_bash_operator.py
[2024-04-28T06:31:31.154+0000] {processor.py:768} INFO - DAG(s) dict_keys(['example_bash_operator']) retrieved from /home/airflow/.local/lib/python3.7/site-packages/airflow/example_dags/example_bash_operator.py
[2024-04-28T06:31:31.215+0000] {logging_mixin.py:117} INFO - [2024-04-28T06:31:31.214+0000] {dag.py:2573} INFO - Sync 1 DAGs
[2024-04-28T06:31:31.270+0000] {logging_mixin.py:117} INFO - [2024-04-28T06:31:31.270+0000] {dag.py:3328} INFO - Setting next_dagrun for example_bash_operator to 2024-04-27T00:00:00+00:00, run_after=2024-04-28T00:00:00+00:00
[2024-04-28T06:31:31.308+0000] {processor.py:178} INFO - Processing /home/airflow/.local/lib/python3.7/site-packages/airflow/example_dags/example_bash_operator.py took 0.198 seconds
[2024-04-28T06:32:01.352+0000] {processor.py:156} INFO - Started process (PID=7880) to work on /home/airflow/.local/lib/python3.7/site-packages/airflow/example_dags/example_bash_operator.py
[2024-04-28T06:32:01.352+0000] {processor.py:758} INFO - Processing file /home/airflow/.local/lib/python3.7/site-packages/airflow/example_dags/example_bash_operator.py for tasks to queue
[2024-04-28T06:32:01.353+0000] {logging_mixin.py:117} INFO - [2024-04-28T06:32:01.353+0000] {dagbag.py:525} INFO - Filling up the DagBag from /home/airflow/.local/lib/python3.7/site-packages/airflow/example_dags/example_bash_operator.py
[2024-04-28T06:32:01.371+0000] {processor.py:768} INFO - DAG(s) dict_keys(['example_bash_operator']) retrieved from /home/airflow/.local/lib/python3.7/site-packages/airflow/example_dags/example_bash_operator.py
[2024-04-28T06:32:01.409+0000] {logging_mixin.py:117} INFO - [2024-04-28T06:32:01.409+0000] {dag.py:2573} INFO - Sync 1 DAGs
[2024-04-28T06:32:01.431+0000] {logging_mixin.py:117} INFO - [2024-04-28T06:32:01.431+0000] {dag.py:3328} INFO - Setting next_dagrun for example_bash_operator to 2024-04-27T00:00:00+00:00, run_after=2024-04-28T00:00:00+00:00
[2024-04-28T06:32:01.452+0000] {processor.py:178} INFO - Processing /home/airflow/.local/lib/python3.7/site-packages/airflow/example_dags/example_bash_operator.py took 0.103 seconds
[2024-04-28T06:32:32.314+0000] {processor.py:156} INFO - Started process (PID=8097) to work on /home/airflow/.local/lib/python3.7/site-packages/airflow/example_dags/example_bash_operator.py
[2024-04-28T06:32:32.315+0000] {processor.py:758} INFO - Processing file /home/airflow/.local/lib/python3.7/site-packages/airflow/example_dags/example_bash_operator.py for tasks to queue
[2024-04-28T06:32:32.316+0000] {logging_mixin.py:117} INFO - [2024-04-28T06:32:32.316+0000] {dagbag.py:525} INFO - Filling up the DagBag from /home/airflow/.local/lib/python3.7/site-packages/airflow/example_dags/example_bash_operator.py
[2024-04-28T06:32:32.344+0000] {processor.py:768} INFO - DAG(s) dict_keys(['example_bash_operator']) retrieved from /home/airflow/.local/lib/python3.7/site-packages/airflow/example_dags/example_bash_operator.py
[2024-04-28T06:32:32.404+0000] {logging_mixin.py:117} INFO - [2024-04-28T06:32:32.404+0000] {dag.py:2573} INFO - Sync 1 DAGs
[2024-04-28T06:32:32.451+0000] {logging_mixin.py:117} INFO - [2024-04-28T06:32:32.451+0000] {dag.py:3328} INFO - Setting next_dagrun for example_bash_operator to 2024-04-27T00:00:00+00:00, run_after=2024-04-28T00:00:00+00:00
[2024-04-28T06:32:32.475+0000] {processor.py:178} INFO - Processing /home/airflow/.local/lib/python3.7/site-packages/airflow/example_dags/example_bash_operator.py took 0.164 seconds
[2024-04-28T06:33:03.435+0000] {processor.py:156} INFO - Started process (PID=8317) to work on /home/airflow/.local/lib/python3.7/site-packages/airflow/example_dags/example_bash_operator.py
[2024-04-28T06:33:03.440+0000] {processor.py:758} INFO - Processing file /home/airflow/.local/lib/python3.7/site-packages/airflow/example_dags/example_bash_operator.py for tasks to queue
[2024-04-28T06:33:03.440+0000] {logging_mixin.py:117} INFO - [2024-04-28T06:33:03.440+0000] {dagbag.py:525} INFO - Filling up the DagBag from /home/airflow/.local/lib/python3.7/site-packages/airflow/example_dags/example_bash_operator.py
[2024-04-28T06:33:03.504+0000] {processor.py:768} INFO - DAG(s) dict_keys(['example_bash_operator']) retrieved from /home/airflow/.local/lib/python3.7/site-packages/airflow/example_dags/example_bash_operator.py
[2024-04-28T06:33:03.580+0000] {logging_mixin.py:117} INFO - [2024-04-28T06:33:03.580+0000] {dag.py:2573} INFO - Sync 1 DAGs
[2024-04-28T06:33:03.617+0000] {logging_mixin.py:117} INFO - [2024-04-28T06:33:03.617+0000] {dag.py:3328} INFO - Setting next_dagrun for example_bash_operator to 2024-04-27T00:00:00+00:00, run_after=2024-04-28T00:00:00+00:00
[2024-04-28T06:33:03.661+0000] {processor.py:178} INFO - Processing /home/airflow/.local/lib/python3.7/site-packages/airflow/example_dags/example_bash_operator.py took 0.229 seconds
[2024-04-28T06:33:33.769+0000] {processor.py:156} INFO - Started process (PID=8528) to work on /home/airflow/.local/lib/python3.7/site-packages/airflow/example_dags/example_bash_operator.py
[2024-04-28T06:33:33.769+0000] {processor.py:758} INFO - Processing file /home/airflow/.local/lib/python3.7/site-packages/airflow/example_dags/example_bash_operator.py for tasks to queue
[2024-04-28T06:33:33.770+0000] {logging_mixin.py:117} INFO - [2024-04-28T06:33:33.770+0000] {dagbag.py:525} INFO - Filling up the DagBag from /home/airflow/.local/lib/python3.7/site-packages/airflow/example_dags/example_bash_operator.py
[2024-04-28T06:33:33.800+0000] {processor.py:768} INFO - DAG(s) dict_keys(['example_bash_operator']) retrieved from /home/airflow/.local/lib/python3.7/site-packages/airflow/example_dags/example_bash_operator.py
[2024-04-28T06:33:33.857+0000] {logging_mixin.py:117} INFO - [2024-04-28T06:33:33.857+0000] {dag.py:2573} INFO - Sync 1 DAGs
[2024-04-28T06:33:33.890+0000] {logging_mixin.py:117} INFO - [2024-04-28T06:33:33.889+0000] {dag.py:3328} INFO - Setting next_dagrun for example_bash_operator to 2024-04-27T00:00:00+00:00, run_after=2024-04-28T00:00:00+00:00
[2024-04-28T06:33:33.910+0000] {processor.py:178} INFO - Processing /home/airflow/.local/lib/python3.7/site-packages/airflow/example_dags/example_bash_operator.py took 0.145 seconds
[2024-04-28T06:34:04.471+0000] {processor.py:156} INFO - Started process (PID=8743) to work on /home/airflow/.local/lib/python3.7/site-packages/airflow/example_dags/example_bash_operator.py
[2024-04-28T06:34:04.472+0000] {processor.py:758} INFO - Processing file /home/airflow/.local/lib/python3.7/site-packages/airflow/example_dags/example_bash_operator.py for tasks to queue
[2024-04-28T06:34:04.473+0000] {logging_mixin.py:117} INFO - [2024-04-28T06:34:04.472+0000] {dagbag.py:525} INFO - Filling up the DagBag from /home/airflow/.local/lib/python3.7/site-packages/airflow/example_dags/example_bash_operator.py
[2024-04-28T06:34:04.499+0000] {processor.py:768} INFO - DAG(s) dict_keys(['example_bash_operator']) retrieved from /home/airflow/.local/lib/python3.7/site-packages/airflow/example_dags/example_bash_operator.py
[2024-04-28T06:34:04.584+0000] {logging_mixin.py:117} INFO - [2024-04-28T06:34:04.584+0000] {dag.py:2573} INFO - Sync 1 DAGs
[2024-04-28T06:34:04.632+0000] {logging_mixin.py:117} INFO - [2024-04-28T06:34:04.631+0000] {dag.py:3328} INFO - Setting next_dagrun for example_bash_operator to 2024-04-27T00:00:00+00:00, run_after=2024-04-28T00:00:00+00:00
[2024-04-28T06:34:04.657+0000] {processor.py:178} INFO - Processing /home/airflow/.local/lib/python3.7/site-packages/airflow/example_dags/example_bash_operator.py took 0.190 seconds
[2024-04-28T06:34:35.743+0000] {processor.py:156} INFO - Started process (PID=8961) to work on /home/airflow/.local/lib/python3.7/site-packages/airflow/example_dags/example_bash_operator.py
[2024-04-28T06:34:35.743+0000] {processor.py:758} INFO - Processing file /home/airflow/.local/lib/python3.7/site-packages/airflow/example_dags/example_bash_operator.py for tasks to queue
[2024-04-28T06:34:35.744+0000] {logging_mixin.py:117} INFO - [2024-04-28T06:34:35.744+0000] {dagbag.py:525} INFO - Filling up the DagBag from /home/airflow/.local/lib/python3.7/site-packages/airflow/example_dags/example_bash_operator.py
[2024-04-28T06:34:35.769+0000] {processor.py:768} INFO - DAG(s) dict_keys(['example_bash_operator']) retrieved from /home/airflow/.local/lib/python3.7/site-packages/airflow/example_dags/example_bash_operator.py
[2024-04-28T06:34:35.823+0000] {logging_mixin.py:117} INFO - [2024-04-28T06:34:35.822+0000] {dag.py:2573} INFO - Sync 1 DAGs
[2024-04-28T06:34:35.855+0000] {logging_mixin.py:117} INFO - [2024-04-28T06:34:35.855+0000] {dag.py:3328} INFO - Setting next_dagrun for example_bash_operator to 2024-04-27T00:00:00+00:00, run_after=2024-04-28T00:00:00+00:00
[2024-04-28T06:34:35.882+0000] {processor.py:178} INFO - Processing /home/airflow/.local/lib/python3.7/site-packages/airflow/example_dags/example_bash_operator.py took 0.142 seconds
[2024-04-28T06:35:06.698+0000] {processor.py:156} INFO - Started process (PID=9169) to work on /home/airflow/.local/lib/python3.7/site-packages/airflow/example_dags/example_bash_operator.py
[2024-04-28T06:35:06.699+0000] {processor.py:758} INFO - Processing file /home/airflow/.local/lib/python3.7/site-packages/airflow/example_dags/example_bash_operator.py for tasks to queue
[2024-04-28T06:35:06.700+0000] {logging_mixin.py:117} INFO - [2024-04-28T06:35:06.699+0000] {dagbag.py:525} INFO - Filling up the DagBag from /home/airflow/.local/lib/python3.7/site-packages/airflow/example_dags/example_bash_operator.py
[2024-04-28T06:35:06.726+0000] {processor.py:768} INFO - DAG(s) dict_keys(['example_bash_operator']) retrieved from /home/airflow/.local/lib/python3.7/site-packages/airflow/example_dags/example_bash_operator.py
[2024-04-28T06:35:06.785+0000] {logging_mixin.py:117} INFO - [2024-04-28T06:35:06.785+0000] {dag.py:2573} INFO - Sync 1 DAGs
[2024-04-28T06:35:06.818+0000] {logging_mixin.py:117} INFO - [2024-04-28T06:35:06.818+0000] {dag.py:3328} INFO - Setting next_dagrun for example_bash_operator to 2024-04-27T00:00:00+00:00, run_after=2024-04-28T00:00:00+00:00
[2024-04-28T06:35:06.842+0000] {processor.py:178} INFO - Processing /home/airflow/.local/lib/python3.7/site-packages/airflow/example_dags/example_bash_operator.py took 0.148 seconds
[2024-04-28T06:35:37.614+0000] {processor.py:156} INFO - Started process (PID=9391) to work on /home/airflow/.local/lib/python3.7/site-packages/airflow/example_dags/example_bash_operator.py
[2024-04-28T06:35:37.616+0000] {processor.py:758} INFO - Processing file /home/airflow/.local/lib/python3.7/site-packages/airflow/example_dags/example_bash_operator.py for tasks to queue
[2024-04-28T06:35:37.616+0000] {logging_mixin.py:117} INFO - [2024-04-28T06:35:37.616+0000] {dagbag.py:525} INFO - Filling up the DagBag from /home/airflow/.local/lib/python3.7/site-packages/airflow/example_dags/example_bash_operator.py
[2024-04-28T06:35:37.643+0000] {processor.py:768} INFO - DAG(s) dict_keys(['example_bash_operator']) retrieved from /home/airflow/.local/lib/python3.7/site-packages/airflow/example_dags/example_bash_operator.py
[2024-04-28T06:35:37.698+0000] {logging_mixin.py:117} INFO - [2024-04-28T06:35:37.698+0000] {dag.py:2573} INFO - Sync 1 DAGs
[2024-04-28T06:35:37.728+0000] {logging_mixin.py:117} INFO - [2024-04-28T06:35:37.728+0000] {dag.py:3328} INFO - Setting next_dagrun for example_bash_operator to 2024-04-27T00:00:00+00:00, run_after=2024-04-28T00:00:00+00:00
[2024-04-28T06:35:37.751+0000] {processor.py:178} INFO - Processing /home/airflow/.local/lib/python3.7/site-packages/airflow/example_dags/example_bash_operator.py took 0.140 seconds
[2024-04-28T06:36:08.141+0000] {processor.py:156} INFO - Started process (PID=9615) to work on /home/airflow/.local/lib/python3.7/site-packages/airflow/example_dags/example_bash_operator.py
[2024-04-28T06:36:08.142+0000] {processor.py:758} INFO - Processing file /home/airflow/.local/lib/python3.7/site-packages/airflow/example_dags/example_bash_operator.py for tasks to queue
[2024-04-28T06:36:08.142+0000] {logging_mixin.py:117} INFO - [2024-04-28T06:36:08.142+0000] {dagbag.py:525} INFO - Filling up the DagBag from /home/airflow/.local/lib/python3.7/site-packages/airflow/example_dags/example_bash_operator.py
[2024-04-28T06:36:08.162+0000] {processor.py:768} INFO - DAG(s) dict_keys(['example_bash_operator']) retrieved from /home/airflow/.local/lib/python3.7/site-packages/airflow/example_dags/example_bash_operator.py
[2024-04-28T06:36:08.202+0000] {logging_mixin.py:117} INFO - [2024-04-28T06:36:08.202+0000] {dag.py:2573} INFO - Sync 1 DAGs
[2024-04-28T06:36:08.223+0000] {logging_mixin.py:117} INFO - [2024-04-28T06:36:08.223+0000] {dag.py:3328} INFO - Setting next_dagrun for example_bash_operator to 2024-04-27T00:00:00+00:00, run_after=2024-04-28T00:00:00+00:00
[2024-04-28T06:36:08.244+0000] {processor.py:178} INFO - Processing /home/airflow/.local/lib/python3.7/site-packages/airflow/example_dags/example_bash_operator.py took 0.106 seconds
[2024-04-28T06:36:39.464+0000] {processor.py:156} INFO - Started process (PID=9826) to work on /home/airflow/.local/lib/python3.7/site-packages/airflow/example_dags/example_bash_operator.py
[2024-04-28T06:36:39.465+0000] {processor.py:758} INFO - Processing file /home/airflow/.local/lib/python3.7/site-packages/airflow/example_dags/example_bash_operator.py for tasks to queue
[2024-04-28T06:36:39.466+0000] {logging_mixin.py:117} INFO - [2024-04-28T06:36:39.465+0000] {dagbag.py:525} INFO - Filling up the DagBag from /home/airflow/.local/lib/python3.7/site-packages/airflow/example_dags/example_bash_operator.py
[2024-04-28T06:36:39.496+0000] {processor.py:768} INFO - DAG(s) dict_keys(['example_bash_operator']) retrieved from /home/airflow/.local/lib/python3.7/site-packages/airflow/example_dags/example_bash_operator.py
[2024-04-28T06:36:39.558+0000] {logging_mixin.py:117} INFO - [2024-04-28T06:36:39.558+0000] {dag.py:2573} INFO - Sync 1 DAGs
[2024-04-28T06:36:39.609+0000] {logging_mixin.py:117} INFO - [2024-04-28T06:36:39.609+0000] {dag.py:3328} INFO - Setting next_dagrun for example_bash_operator to 2024-04-27T00:00:00+00:00, run_after=2024-04-28T00:00:00+00:00
[2024-04-28T06:36:39.651+0000] {processor.py:178} INFO - Processing /home/airflow/.local/lib/python3.7/site-packages/airflow/example_dags/example_bash_operator.py took 0.191 seconds
[2024-04-28T06:37:10.553+0000] {processor.py:156} INFO - Started process (PID=10035) to work on /home/airflow/.local/lib/python3.7/site-packages/airflow/example_dags/example_bash_operator.py
[2024-04-28T06:37:10.554+0000] {processor.py:758} INFO - Processing file /home/airflow/.local/lib/python3.7/site-packages/airflow/example_dags/example_bash_operator.py for tasks to queue
[2024-04-28T06:37:10.555+0000] {logging_mixin.py:117} INFO - [2024-04-28T06:37:10.554+0000] {dagbag.py:525} INFO - Filling up the DagBag from /home/airflow/.local/lib/python3.7/site-packages/airflow/example_dags/example_bash_operator.py
[2024-04-28T06:37:10.580+0000] {processor.py:768} INFO - DAG(s) dict_keys(['example_bash_operator']) retrieved from /home/airflow/.local/lib/python3.7/site-packages/airflow/example_dags/example_bash_operator.py
[2024-04-28T06:37:10.637+0000] {logging_mixin.py:117} INFO - [2024-04-28T06:37:10.637+0000] {dag.py:2573} INFO - Sync 1 DAGs
[2024-04-28T06:37:10.682+0000] {logging_mixin.py:117} INFO - [2024-04-28T06:37:10.681+0000] {dag.py:3328} INFO - Setting next_dagrun for example_bash_operator to 2024-04-27T00:00:00+00:00, run_after=2024-04-28T00:00:00+00:00
[2024-04-28T06:37:10.705+0000] {processor.py:178} INFO - Processing /home/airflow/.local/lib/python3.7/site-packages/airflow/example_dags/example_bash_operator.py took 0.155 seconds
[2024-04-28T06:37:41.643+0000] {processor.py:156} INFO - Started process (PID=10256) to work on /home/airflow/.local/lib/python3.7/site-packages/airflow/example_dags/example_bash_operator.py
[2024-04-28T06:37:41.644+0000] {processor.py:758} INFO - Processing file /home/airflow/.local/lib/python3.7/site-packages/airflow/example_dags/example_bash_operator.py for tasks to queue
[2024-04-28T06:37:41.644+0000] {logging_mixin.py:117} INFO - [2024-04-28T06:37:41.644+0000] {dagbag.py:525} INFO - Filling up the DagBag from /home/airflow/.local/lib/python3.7/site-packages/airflow/example_dags/example_bash_operator.py
[2024-04-28T06:37:41.674+0000] {processor.py:768} INFO - DAG(s) dict_keys(['example_bash_operator']) retrieved from /home/airflow/.local/lib/python3.7/site-packages/airflow/example_dags/example_bash_operator.py
[2024-04-28T06:37:41.854+0000] {logging_mixin.py:117} INFO - [2024-04-28T06:37:41.854+0000] {dag.py:2573} INFO - Sync 1 DAGs
[2024-04-28T06:37:41.883+0000] {logging_mixin.py:117} INFO - [2024-04-28T06:37:41.882+0000] {dag.py:3328} INFO - Setting next_dagrun for example_bash_operator to 2024-04-27T00:00:00+00:00, run_after=2024-04-28T00:00:00+00:00
[2024-04-28T06:37:41.903+0000] {processor.py:178} INFO - Processing /home/airflow/.local/lib/python3.7/site-packages/airflow/example_dags/example_bash_operator.py took 0.262 seconds
[2024-04-28T06:38:12.716+0000] {processor.py:156} INFO - Started process (PID=10472) to work on /home/airflow/.local/lib/python3.7/site-packages/airflow/example_dags/example_bash_operator.py
[2024-04-28T06:38:12.717+0000] {processor.py:758} INFO - Processing file /home/airflow/.local/lib/python3.7/site-packages/airflow/example_dags/example_bash_operator.py for tasks to queue
[2024-04-28T06:38:12.718+0000] {logging_mixin.py:117} INFO - [2024-04-28T06:38:12.717+0000] {dagbag.py:525} INFO - Filling up the DagBag from /home/airflow/.local/lib/python3.7/site-packages/airflow/example_dags/example_bash_operator.py
[2024-04-28T06:38:12.764+0000] {processor.py:768} INFO - DAG(s) dict_keys(['example_bash_operator']) retrieved from /home/airflow/.local/lib/python3.7/site-packages/airflow/example_dags/example_bash_operator.py
[2024-04-28T06:38:12.822+0000] {logging_mixin.py:117} INFO - [2024-04-28T06:38:12.822+0000] {dag.py:2573} INFO - Sync 1 DAGs
[2024-04-28T06:38:12.853+0000] {logging_mixin.py:117} INFO - [2024-04-28T06:38:12.853+0000] {dag.py:3328} INFO - Setting next_dagrun for example_bash_operator to 2024-04-27T00:00:00+00:00, run_after=2024-04-28T00:00:00+00:00
[2024-04-28T06:38:12.880+0000] {processor.py:178} INFO - Processing /home/airflow/.local/lib/python3.7/site-packages/airflow/example_dags/example_bash_operator.py took 0.167 seconds
[2024-04-28T06:38:43.665+0000] {processor.py:156} INFO - Started process (PID=10681) to work on /home/airflow/.local/lib/python3.7/site-packages/airflow/example_dags/example_bash_operator.py
[2024-04-28T06:38:43.666+0000] {processor.py:758} INFO - Processing file /home/airflow/.local/lib/python3.7/site-packages/airflow/example_dags/example_bash_operator.py for tasks to queue
[2024-04-28T06:38:43.667+0000] {logging_mixin.py:117} INFO - [2024-04-28T06:38:43.667+0000] {dagbag.py:525} INFO - Filling up the DagBag from /home/airflow/.local/lib/python3.7/site-packages/airflow/example_dags/example_bash_operator.py
[2024-04-28T06:38:43.693+0000] {processor.py:768} INFO - DAG(s) dict_keys(['example_bash_operator']) retrieved from /home/airflow/.local/lib/python3.7/site-packages/airflow/example_dags/example_bash_operator.py
[2024-04-28T06:38:43.771+0000] {logging_mixin.py:117} INFO - [2024-04-28T06:38:43.771+0000] {dag.py:2573} INFO - Sync 1 DAGs
[2024-04-28T06:38:43.805+0000] {logging_mixin.py:117} INFO - [2024-04-28T06:38:43.805+0000] {dag.py:3328} INFO - Setting next_dagrun for example_bash_operator to 2024-04-27T00:00:00+00:00, run_after=2024-04-28T00:00:00+00:00
[2024-04-28T06:38:43.829+0000] {processor.py:178} INFO - Processing /home/airflow/.local/lib/python3.7/site-packages/airflow/example_dags/example_bash_operator.py took 0.167 seconds
[2024-04-28T06:39:14.709+0000] {processor.py:156} INFO - Started process (PID=10901) to work on /home/airflow/.local/lib/python3.7/site-packages/airflow/example_dags/example_bash_operator.py
[2024-04-28T06:39:14.709+0000] {processor.py:758} INFO - Processing file /home/airflow/.local/lib/python3.7/site-packages/airflow/example_dags/example_bash_operator.py for tasks to queue
[2024-04-28T06:39:14.710+0000] {logging_mixin.py:117} INFO - [2024-04-28T06:39:14.710+0000] {dagbag.py:525} INFO - Filling up the DagBag from /home/airflow/.local/lib/python3.7/site-packages/airflow/example_dags/example_bash_operator.py
[2024-04-28T06:39:14.736+0000] {processor.py:768} INFO - DAG(s) dict_keys(['example_bash_operator']) retrieved from /home/airflow/.local/lib/python3.7/site-packages/airflow/example_dags/example_bash_operator.py
[2024-04-28T06:39:14.810+0000] {logging_mixin.py:117} INFO - [2024-04-28T06:39:14.810+0000] {dag.py:2573} INFO - Sync 1 DAGs
[2024-04-28T06:39:14.845+0000] {logging_mixin.py:117} INFO - [2024-04-28T06:39:14.845+0000] {dag.py:3328} INFO - Setting next_dagrun for example_bash_operator to 2024-04-27T00:00:00+00:00, run_after=2024-04-28T00:00:00+00:00
[2024-04-28T06:39:14.888+0000] {processor.py:178} INFO - Processing /home/airflow/.local/lib/python3.7/site-packages/airflow/example_dags/example_bash_operator.py took 0.182 seconds
[2024-04-28T06:39:45.643+0000] {processor.py:156} INFO - Started process (PID=11119) to work on /home/airflow/.local/lib/python3.7/site-packages/airflow/example_dags/example_bash_operator.py
[2024-04-28T06:39:45.644+0000] {processor.py:758} INFO - Processing file /home/airflow/.local/lib/python3.7/site-packages/airflow/example_dags/example_bash_operator.py for tasks to queue
[2024-04-28T06:39:45.645+0000] {logging_mixin.py:117} INFO - [2024-04-28T06:39:45.645+0000] {dagbag.py:525} INFO - Filling up the DagBag from /home/airflow/.local/lib/python3.7/site-packages/airflow/example_dags/example_bash_operator.py
[2024-04-28T06:39:45.672+0000] {processor.py:768} INFO - DAG(s) dict_keys(['example_bash_operator']) retrieved from /home/airflow/.local/lib/python3.7/site-packages/airflow/example_dags/example_bash_operator.py
[2024-04-28T06:39:45.727+0000] {logging_mixin.py:117} INFO - [2024-04-28T06:39:45.727+0000] {dag.py:2573} INFO - Sync 1 DAGs
[2024-04-28T06:39:45.758+0000] {logging_mixin.py:117} INFO - [2024-04-28T06:39:45.758+0000] {dag.py:3328} INFO - Setting next_dagrun for example_bash_operator to 2024-04-27T00:00:00+00:00, run_after=2024-04-28T00:00:00+00:00
[2024-04-28T06:39:45.786+0000] {processor.py:178} INFO - Processing /home/airflow/.local/lib/python3.7/site-packages/airflow/example_dags/example_bash_operator.py took 0.146 seconds
[2024-04-28T06:40:16.187+0000] {processor.py:156} INFO - Started process (PID=11337) to work on /home/airflow/.local/lib/python3.7/site-packages/airflow/example_dags/example_bash_operator.py
[2024-04-28T06:40:16.192+0000] {processor.py:758} INFO - Processing file /home/airflow/.local/lib/python3.7/site-packages/airflow/example_dags/example_bash_operator.py for tasks to queue
[2024-04-28T06:40:16.193+0000] {logging_mixin.py:117} INFO - [2024-04-28T06:40:16.193+0000] {dagbag.py:525} INFO - Filling up the DagBag from /home/airflow/.local/lib/python3.7/site-packages/airflow/example_dags/example_bash_operator.py
[2024-04-28T06:40:16.239+0000] {processor.py:768} INFO - DAG(s) dict_keys(['example_bash_operator']) retrieved from /home/airflow/.local/lib/python3.7/site-packages/airflow/example_dags/example_bash_operator.py
[2024-04-28T06:40:16.307+0000] {logging_mixin.py:117} INFO - [2024-04-28T06:40:16.306+0000] {dag.py:2573} INFO - Sync 1 DAGs
[2024-04-28T06:40:16.340+0000] {logging_mixin.py:117} INFO - [2024-04-28T06:40:16.340+0000] {dag.py:3328} INFO - Setting next_dagrun for example_bash_operator to 2024-04-27T00:00:00+00:00, run_after=2024-04-28T00:00:00+00:00
[2024-04-28T06:40:16.372+0000] {processor.py:178} INFO - Processing /home/airflow/.local/lib/python3.7/site-packages/airflow/example_dags/example_bash_operator.py took 0.189 seconds
[2024-04-28T06:40:46.500+0000] {processor.py:156} INFO - Started process (PID=11548) to work on /home/airflow/.local/lib/python3.7/site-packages/airflow/example_dags/example_bash_operator.py
[2024-04-28T06:40:46.501+0000] {processor.py:758} INFO - Processing file /home/airflow/.local/lib/python3.7/site-packages/airflow/example_dags/example_bash_operator.py for tasks to queue
[2024-04-28T06:40:46.502+0000] {logging_mixin.py:117} INFO - [2024-04-28T06:40:46.502+0000] {dagbag.py:525} INFO - Filling up the DagBag from /home/airflow/.local/lib/python3.7/site-packages/airflow/example_dags/example_bash_operator.py
[2024-04-28T06:40:46.542+0000] {processor.py:768} INFO - DAG(s) dict_keys(['example_bash_operator']) retrieved from /home/airflow/.local/lib/python3.7/site-packages/airflow/example_dags/example_bash_operator.py
[2024-04-28T06:40:46.598+0000] {logging_mixin.py:117} INFO - [2024-04-28T06:40:46.598+0000] {dag.py:2573} INFO - Sync 1 DAGs
[2024-04-28T06:40:46.624+0000] {logging_mixin.py:117} INFO - [2024-04-28T06:40:46.624+0000] {dag.py:3328} INFO - Setting next_dagrun for example_bash_operator to 2024-04-27T00:00:00+00:00, run_after=2024-04-28T00:00:00+00:00
[2024-04-28T06:40:46.649+0000] {processor.py:178} INFO - Processing /home/airflow/.local/lib/python3.7/site-packages/airflow/example_dags/example_bash_operator.py took 0.153 seconds
[2024-04-28T06:41:17.425+0000] {processor.py:156} INFO - Started process (PID=11763) to work on /home/airflow/.local/lib/python3.7/site-packages/airflow/example_dags/example_bash_operator.py
[2024-04-28T06:41:17.426+0000] {processor.py:758} INFO - Processing file /home/airflow/.local/lib/python3.7/site-packages/airflow/example_dags/example_bash_operator.py for tasks to queue
[2024-04-28T06:41:17.427+0000] {logging_mixin.py:117} INFO - [2024-04-28T06:41:17.427+0000] {dagbag.py:525} INFO - Filling up the DagBag from /home/airflow/.local/lib/python3.7/site-packages/airflow/example_dags/example_bash_operator.py
[2024-04-28T06:41:17.455+0000] {processor.py:768} INFO - DAG(s) dict_keys(['example_bash_operator']) retrieved from /home/airflow/.local/lib/python3.7/site-packages/airflow/example_dags/example_bash_operator.py
[2024-04-28T06:41:17.510+0000] {logging_mixin.py:117} INFO - [2024-04-28T06:41:17.509+0000] {dag.py:2573} INFO - Sync 1 DAGs
[2024-04-28T06:41:17.544+0000] {logging_mixin.py:117} INFO - [2024-04-28T06:41:17.544+0000] {dag.py:3328} INFO - Setting next_dagrun for example_bash_operator to 2024-04-27T00:00:00+00:00, run_after=2024-04-28T00:00:00+00:00
[2024-04-28T06:41:17.568+0000] {processor.py:178} INFO - Processing /home/airflow/.local/lib/python3.7/site-packages/airflow/example_dags/example_bash_operator.py took 0.146 seconds
