[2024-04-28T06:14:00.145+0000] {processor.py:156} INFO - Started process (PID=336) to work on /home/airflow/.local/lib/python3.7/site-packages/airflow/example_dags/example_xcomargs.py
[2024-04-28T06:14:00.146+0000] {processor.py:758} INFO - Processing file /home/airflow/.local/lib/python3.7/site-packages/airflow/example_dags/example_xcomargs.py for tasks to queue
[2024-04-28T06:14:00.147+0000] {logging_mixin.py:117} INFO - [2024-04-28T06:14:00.147+0000] {dagbag.py:525} INFO - Filling up the DagBag from /home/airflow/.local/lib/python3.7/site-packages/airflow/example_dags/example_xcomargs.py
[2024-04-28T06:14:00.191+0000] {processor.py:768} INFO - DAG(s) dict_keys(['example_xcom_args_with_operators', 'example_xcom_args']) retrieved from /home/airflow/.local/lib/python3.7/site-packages/airflow/example_dags/example_xcomargs.py
[2024-04-28T06:14:00.248+0000] {logging_mixin.py:117} INFO - [2024-04-28T06:14:00.247+0000] {dag.py:2573} INFO - Sync 2 DAGs
[2024-04-28T06:14:00.301+0000] {logging_mixin.py:117} INFO - [2024-04-28T06:14:00.301+0000] {dag.py:3328} INFO - Setting next_dagrun for example_xcom_args to None, run_after=None
[2024-04-28T06:14:00.320+0000] {logging_mixin.py:117} INFO - [2024-04-28T06:14:00.317+0000] {dag.py:3328} INFO - Setting next_dagrun for example_xcom_args_with_operators to None, run_after=None
[2024-04-28T06:14:00.391+0000] {processor.py:178} INFO - Processing /home/airflow/.local/lib/python3.7/site-packages/airflow/example_dags/example_xcomargs.py took 0.249 seconds
[2024-04-28T06:14:31.014+0000] {processor.py:156} INFO - Started process (PID=554) to work on /home/airflow/.local/lib/python3.7/site-packages/airflow/example_dags/example_xcomargs.py
[2024-04-28T06:14:31.015+0000] {processor.py:758} INFO - Processing file /home/airflow/.local/lib/python3.7/site-packages/airflow/example_dags/example_xcomargs.py for tasks to queue
[2024-04-28T06:14:31.015+0000] {logging_mixin.py:117} INFO - [2024-04-28T06:14:31.015+0000] {dagbag.py:525} INFO - Filling up the DagBag from /home/airflow/.local/lib/python3.7/site-packages/airflow/example_dags/example_xcomargs.py
[2024-04-28T06:14:31.045+0000] {processor.py:768} INFO - DAG(s) dict_keys(['example_xcom_args_with_operators', 'example_xcom_args']) retrieved from /home/airflow/.local/lib/python3.7/site-packages/airflow/example_dags/example_xcomargs.py
[2024-04-28T06:14:31.097+0000] {logging_mixin.py:117} INFO - [2024-04-28T06:14:31.096+0000] {dag.py:2573} INFO - Sync 2 DAGs
[2024-04-28T06:14:31.128+0000] {logging_mixin.py:117} INFO - [2024-04-28T06:14:31.128+0000] {dag.py:3328} INFO - Setting next_dagrun for example_xcom_args to None, run_after=None
[2024-04-28T06:14:31.133+0000] {logging_mixin.py:117} INFO - [2024-04-28T06:14:31.132+0000] {dag.py:3328} INFO - Setting next_dagrun for example_xcom_args_with_operators to None, run_after=None
[2024-04-28T06:14:31.158+0000] {processor.py:178} INFO - Processing /home/airflow/.local/lib/python3.7/site-packages/airflow/example_dags/example_xcomargs.py took 0.148 seconds
[2024-04-28T06:15:01.610+0000] {processor.py:156} INFO - Started process (PID=773) to work on /home/airflow/.local/lib/python3.7/site-packages/airflow/example_dags/example_xcomargs.py
[2024-04-28T06:15:01.611+0000] {processor.py:758} INFO - Processing file /home/airflow/.local/lib/python3.7/site-packages/airflow/example_dags/example_xcomargs.py for tasks to queue
[2024-04-28T06:15:01.612+0000] {logging_mixin.py:117} INFO - [2024-04-28T06:15:01.612+0000] {dagbag.py:525} INFO - Filling up the DagBag from /home/airflow/.local/lib/python3.7/site-packages/airflow/example_dags/example_xcomargs.py
[2024-04-28T06:15:01.732+0000] {processor.py:768} INFO - DAG(s) dict_keys(['example_xcom_args', 'example_xcom_args_with_operators']) retrieved from /home/airflow/.local/lib/python3.7/site-packages/airflow/example_dags/example_xcomargs.py
[2024-04-28T06:15:01.834+0000] {logging_mixin.py:117} INFO - [2024-04-28T06:15:01.834+0000] {dag.py:2573} INFO - Sync 2 DAGs
[2024-04-28T06:15:01.892+0000] {logging_mixin.py:117} INFO - [2024-04-28T06:15:01.892+0000] {dag.py:3328} INFO - Setting next_dagrun for example_xcom_args to None, run_after=None
[2024-04-28T06:15:01.897+0000] {logging_mixin.py:117} INFO - [2024-04-28T06:15:01.897+0000] {dag.py:3328} INFO - Setting next_dagrun for example_xcom_args_with_operators to None, run_after=None
[2024-04-28T06:15:01.930+0000] {processor.py:178} INFO - Processing /home/airflow/.local/lib/python3.7/site-packages/airflow/example_dags/example_xcomargs.py took 0.323 seconds
[2024-04-28T06:15:32.009+0000] {processor.py:156} INFO - Started process (PID=984) to work on /home/airflow/.local/lib/python3.7/site-packages/airflow/example_dags/example_xcomargs.py
[2024-04-28T06:15:32.010+0000] {processor.py:758} INFO - Processing file /home/airflow/.local/lib/python3.7/site-packages/airflow/example_dags/example_xcomargs.py for tasks to queue
[2024-04-28T06:15:32.011+0000] {logging_mixin.py:117} INFO - [2024-04-28T06:15:32.011+0000] {dagbag.py:525} INFO - Filling up the DagBag from /home/airflow/.local/lib/python3.7/site-packages/airflow/example_dags/example_xcomargs.py
[2024-04-28T06:15:32.045+0000] {processor.py:768} INFO - DAG(s) dict_keys(['example_xcom_args_with_operators', 'example_xcom_args']) retrieved from /home/airflow/.local/lib/python3.7/site-packages/airflow/example_dags/example_xcomargs.py
[2024-04-28T06:15:32.101+0000] {logging_mixin.py:117} INFO - [2024-04-28T06:15:32.100+0000] {dag.py:2573} INFO - Sync 2 DAGs
[2024-04-28T06:15:32.160+0000] {logging_mixin.py:117} INFO - [2024-04-28T06:15:32.160+0000] {dag.py:3328} INFO - Setting next_dagrun for example_xcom_args to None, run_after=None
[2024-04-28T06:15:32.168+0000] {logging_mixin.py:117} INFO - [2024-04-28T06:15:32.167+0000] {dag.py:3328} INFO - Setting next_dagrun for example_xcom_args_with_operators to None, run_after=None
[2024-04-28T06:15:32.197+0000] {processor.py:178} INFO - Processing /home/airflow/.local/lib/python3.7/site-packages/airflow/example_dags/example_xcomargs.py took 0.190 seconds
[2024-04-28T06:16:04.415+0000] {processor.py:156} INFO - Started process (PID=1209) to work on /home/airflow/.local/lib/python3.7/site-packages/airflow/example_dags/example_xcomargs.py
[2024-04-28T06:16:04.415+0000] {processor.py:758} INFO - Processing file /home/airflow/.local/lib/python3.7/site-packages/airflow/example_dags/example_xcomargs.py for tasks to queue
[2024-04-28T06:16:04.416+0000] {logging_mixin.py:117} INFO - [2024-04-28T06:16:04.416+0000] {dagbag.py:525} INFO - Filling up the DagBag from /home/airflow/.local/lib/python3.7/site-packages/airflow/example_dags/example_xcomargs.py
[2024-04-28T06:16:04.447+0000] {processor.py:768} INFO - DAG(s) dict_keys(['example_xcom_args', 'example_xcom_args_with_operators']) retrieved from /home/airflow/.local/lib/python3.7/site-packages/airflow/example_dags/example_xcomargs.py
[2024-04-28T06:16:04.543+0000] {logging_mixin.py:117} INFO - [2024-04-28T06:16:04.543+0000] {dag.py:2573} INFO - Sync 2 DAGs
[2024-04-28T06:16:04.793+0000] {logging_mixin.py:117} INFO - [2024-04-28T06:16:04.793+0000] {dag.py:3328} INFO - Setting next_dagrun for example_xcom_args to None, run_after=None
[2024-04-28T06:16:04.797+0000] {logging_mixin.py:117} INFO - [2024-04-28T06:16:04.797+0000] {dag.py:3328} INFO - Setting next_dagrun for example_xcom_args_with_operators to None, run_after=None
[2024-04-28T06:16:04.819+0000] {processor.py:178} INFO - Processing /home/airflow/.local/lib/python3.7/site-packages/airflow/example_dags/example_xcomargs.py took 0.408 seconds
[2024-04-28T06:16:37.050+0000] {processor.py:156} INFO - Started process (PID=1420) to work on /home/airflow/.local/lib/python3.7/site-packages/airflow/example_dags/example_xcomargs.py
[2024-04-28T06:16:37.051+0000] {processor.py:758} INFO - Processing file /home/airflow/.local/lib/python3.7/site-packages/airflow/example_dags/example_xcomargs.py for tasks to queue
[2024-04-28T06:16:37.051+0000] {logging_mixin.py:117} INFO - [2024-04-28T06:16:37.051+0000] {dagbag.py:525} INFO - Filling up the DagBag from /home/airflow/.local/lib/python3.7/site-packages/airflow/example_dags/example_xcomargs.py
[2024-04-28T06:16:37.082+0000] {processor.py:768} INFO - DAG(s) dict_keys(['example_xcom_args', 'example_xcom_args_with_operators']) retrieved from /home/airflow/.local/lib/python3.7/site-packages/airflow/example_dags/example_xcomargs.py
[2024-04-28T06:16:37.131+0000] {logging_mixin.py:117} INFO - [2024-04-28T06:16:37.131+0000] {dag.py:2573} INFO - Sync 2 DAGs
[2024-04-28T06:16:37.320+0000] {logging_mixin.py:117} INFO - [2024-04-28T06:16:37.320+0000] {dag.py:3328} INFO - Setting next_dagrun for example_xcom_args to None, run_after=None
[2024-04-28T06:16:37.324+0000] {logging_mixin.py:117} INFO - [2024-04-28T06:16:37.324+0000] {dag.py:3328} INFO - Setting next_dagrun for example_xcom_args_with_operators to None, run_after=None
[2024-04-28T06:16:37.347+0000] {processor.py:178} INFO - Processing /home/airflow/.local/lib/python3.7/site-packages/airflow/example_dags/example_xcomargs.py took 0.300 seconds
[2024-04-28T06:17:07.827+0000] {processor.py:156} INFO - Started process (PID=1634) to work on /home/airflow/.local/lib/python3.7/site-packages/airflow/example_dags/example_xcomargs.py
[2024-04-28T06:17:07.828+0000] {processor.py:758} INFO - Processing file /home/airflow/.local/lib/python3.7/site-packages/airflow/example_dags/example_xcomargs.py for tasks to queue
[2024-04-28T06:17:07.829+0000] {logging_mixin.py:117} INFO - [2024-04-28T06:17:07.829+0000] {dagbag.py:525} INFO - Filling up the DagBag from /home/airflow/.local/lib/python3.7/site-packages/airflow/example_dags/example_xcomargs.py
[2024-04-28T06:17:07.903+0000] {processor.py:768} INFO - DAG(s) dict_keys(['example_xcom_args_with_operators', 'example_xcom_args']) retrieved from /home/airflow/.local/lib/python3.7/site-packages/airflow/example_dags/example_xcomargs.py
[2024-04-28T06:17:08.188+0000] {logging_mixin.py:117} INFO - [2024-04-28T06:17:08.188+0000] {dag.py:2573} INFO - Sync 2 DAGs
[2024-04-28T06:17:08.242+0000] {logging_mixin.py:117} INFO - [2024-04-28T06:17:08.242+0000] {dag.py:3328} INFO - Setting next_dagrun for example_xcom_args to None, run_after=None
[2024-04-28T06:17:08.258+0000] {logging_mixin.py:117} INFO - [2024-04-28T06:17:08.258+0000] {dag.py:3328} INFO - Setting next_dagrun for example_xcom_args_with_operators to None, run_after=None
[2024-04-28T06:17:08.336+0000] {processor.py:178} INFO - Processing /home/airflow/.local/lib/python3.7/site-packages/airflow/example_dags/example_xcomargs.py took 0.512 seconds
[2024-04-28T06:17:38.753+0000] {processor.py:156} INFO - Started process (PID=1847) to work on /home/airflow/.local/lib/python3.7/site-packages/airflow/example_dags/example_xcomargs.py
[2024-04-28T06:17:38.753+0000] {processor.py:758} INFO - Processing file /home/airflow/.local/lib/python3.7/site-packages/airflow/example_dags/example_xcomargs.py for tasks to queue
[2024-04-28T06:17:38.754+0000] {logging_mixin.py:117} INFO - [2024-04-28T06:17:38.754+0000] {dagbag.py:525} INFO - Filling up the DagBag from /home/airflow/.local/lib/python3.7/site-packages/airflow/example_dags/example_xcomargs.py
[2024-04-28T06:17:38.777+0000] {processor.py:768} INFO - DAG(s) dict_keys(['example_xcom_args_with_operators', 'example_xcom_args']) retrieved from /home/airflow/.local/lib/python3.7/site-packages/airflow/example_dags/example_xcomargs.py
[2024-04-28T06:17:38.947+0000] {logging_mixin.py:117} INFO - [2024-04-28T06:17:38.947+0000] {dag.py:2573} INFO - Sync 2 DAGs
[2024-04-28T06:17:38.966+0000] {logging_mixin.py:117} INFO - [2024-04-28T06:17:38.966+0000] {dag.py:3328} INFO - Setting next_dagrun for example_xcom_args to None, run_after=None
[2024-04-28T06:17:38.969+0000] {logging_mixin.py:117} INFO - [2024-04-28T06:17:38.969+0000] {dag.py:3328} INFO - Setting next_dagrun for example_xcom_args_with_operators to None, run_after=None
[2024-04-28T06:17:38.992+0000] {processor.py:178} INFO - Processing /home/airflow/.local/lib/python3.7/site-packages/airflow/example_dags/example_xcomargs.py took 0.242 seconds
[2024-04-28T06:18:09.429+0000] {processor.py:156} INFO - Started process (PID=2063) to work on /home/airflow/.local/lib/python3.7/site-packages/airflow/example_dags/example_xcomargs.py
[2024-04-28T06:18:09.429+0000] {processor.py:758} INFO - Processing file /home/airflow/.local/lib/python3.7/site-packages/airflow/example_dags/example_xcomargs.py for tasks to queue
[2024-04-28T06:18:09.431+0000] {logging_mixin.py:117} INFO - [2024-04-28T06:18:09.431+0000] {dagbag.py:525} INFO - Filling up the DagBag from /home/airflow/.local/lib/python3.7/site-packages/airflow/example_dags/example_xcomargs.py
[2024-04-28T06:18:09.626+0000] {processor.py:768} INFO - DAG(s) dict_keys(['example_xcom_args_with_operators', 'example_xcom_args']) retrieved from /home/airflow/.local/lib/python3.7/site-packages/airflow/example_dags/example_xcomargs.py
[2024-04-28T06:18:09.670+0000] {logging_mixin.py:117} INFO - [2024-04-28T06:18:09.669+0000] {dag.py:2573} INFO - Sync 2 DAGs
[2024-04-28T06:18:09.701+0000] {logging_mixin.py:117} INFO - [2024-04-28T06:18:09.701+0000] {dag.py:3328} INFO - Setting next_dagrun for example_xcom_args to None, run_after=None
[2024-04-28T06:18:09.705+0000] {logging_mixin.py:117} INFO - [2024-04-28T06:18:09.705+0000] {dag.py:3328} INFO - Setting next_dagrun for example_xcom_args_with_operators to None, run_after=None
[2024-04-28T06:18:09.730+0000] {processor.py:178} INFO - Processing /home/airflow/.local/lib/python3.7/site-packages/airflow/example_dags/example_xcomargs.py took 0.316 seconds
[2024-04-28T06:18:40.286+0000] {processor.py:156} INFO - Started process (PID=2277) to work on /home/airflow/.local/lib/python3.7/site-packages/airflow/example_dags/example_xcomargs.py
[2024-04-28T06:18:40.287+0000] {processor.py:758} INFO - Processing file /home/airflow/.local/lib/python3.7/site-packages/airflow/example_dags/example_xcomargs.py for tasks to queue
[2024-04-28T06:18:40.288+0000] {logging_mixin.py:117} INFO - [2024-04-28T06:18:40.288+0000] {dagbag.py:525} INFO - Filling up the DagBag from /home/airflow/.local/lib/python3.7/site-packages/airflow/example_dags/example_xcomargs.py
[2024-04-28T06:18:40.324+0000] {processor.py:768} INFO - DAG(s) dict_keys(['example_xcom_args_with_operators', 'example_xcom_args']) retrieved from /home/airflow/.local/lib/python3.7/site-packages/airflow/example_dags/example_xcomargs.py
[2024-04-28T06:18:40.449+0000] {logging_mixin.py:117} INFO - [2024-04-28T06:18:40.449+0000] {dag.py:2573} INFO - Sync 2 DAGs
[2024-04-28T06:18:40.920+0000] {logging_mixin.py:117} INFO - [2024-04-28T06:18:40.920+0000] {dag.py:3328} INFO - Setting next_dagrun for example_xcom_args to None, run_after=None
[2024-04-28T06:18:40.927+0000] {logging_mixin.py:117} INFO - [2024-04-28T06:18:40.927+0000] {dag.py:3328} INFO - Setting next_dagrun for example_xcom_args_with_operators to None, run_after=None
[2024-04-28T06:18:40.967+0000] {processor.py:178} INFO - Processing /home/airflow/.local/lib/python3.7/site-packages/airflow/example_dags/example_xcomargs.py took 0.684 seconds
[2024-04-28T06:19:11.718+0000] {processor.py:156} INFO - Started process (PID=2490) to work on /home/airflow/.local/lib/python3.7/site-packages/airflow/example_dags/example_xcomargs.py
[2024-04-28T06:19:11.719+0000] {processor.py:758} INFO - Processing file /home/airflow/.local/lib/python3.7/site-packages/airflow/example_dags/example_xcomargs.py for tasks to queue
[2024-04-28T06:19:11.720+0000] {logging_mixin.py:117} INFO - [2024-04-28T06:19:11.720+0000] {dagbag.py:525} INFO - Filling up the DagBag from /home/airflow/.local/lib/python3.7/site-packages/airflow/example_dags/example_xcomargs.py
[2024-04-28T06:19:11.750+0000] {processor.py:768} INFO - DAG(s) dict_keys(['example_xcom_args', 'example_xcom_args_with_operators']) retrieved from /home/airflow/.local/lib/python3.7/site-packages/airflow/example_dags/example_xcomargs.py
[2024-04-28T06:19:11.937+0000] {logging_mixin.py:117} INFO - [2024-04-28T06:19:11.937+0000] {dag.py:2573} INFO - Sync 2 DAGs
[2024-04-28T06:19:11.962+0000] {logging_mixin.py:117} INFO - [2024-04-28T06:19:11.962+0000] {dag.py:3328} INFO - Setting next_dagrun for example_xcom_args to None, run_after=None
[2024-04-28T06:19:11.966+0000] {logging_mixin.py:117} INFO - [2024-04-28T06:19:11.966+0000] {dag.py:3328} INFO - Setting next_dagrun for example_xcom_args_with_operators to None, run_after=None
[2024-04-28T06:19:11.988+0000] {processor.py:178} INFO - Processing /home/airflow/.local/lib/python3.7/site-packages/airflow/example_dags/example_xcomargs.py took 0.273 seconds
[2024-04-28T06:19:43.030+0000] {processor.py:156} INFO - Started process (PID=2707) to work on /home/airflow/.local/lib/python3.7/site-packages/airflow/example_dags/example_xcomargs.py
[2024-04-28T06:19:43.031+0000] {processor.py:758} INFO - Processing file /home/airflow/.local/lib/python3.7/site-packages/airflow/example_dags/example_xcomargs.py for tasks to queue
[2024-04-28T06:19:43.032+0000] {logging_mixin.py:117} INFO - [2024-04-28T06:19:43.032+0000] {dagbag.py:525} INFO - Filling up the DagBag from /home/airflow/.local/lib/python3.7/site-packages/airflow/example_dags/example_xcomargs.py
[2024-04-28T06:19:43.063+0000] {processor.py:768} INFO - DAG(s) dict_keys(['example_xcom_args', 'example_xcom_args_with_operators']) retrieved from /home/airflow/.local/lib/python3.7/site-packages/airflow/example_dags/example_xcomargs.py
[2024-04-28T06:19:43.275+0000] {logging_mixin.py:117} INFO - [2024-04-28T06:19:43.275+0000] {dag.py:2573} INFO - Sync 2 DAGs
[2024-04-28T06:19:43.303+0000] {logging_mixin.py:117} INFO - [2024-04-28T06:19:43.303+0000] {dag.py:3328} INFO - Setting next_dagrun for example_xcom_args to None, run_after=None
[2024-04-28T06:19:43.308+0000] {logging_mixin.py:117} INFO - [2024-04-28T06:19:43.308+0000] {dag.py:3328} INFO - Setting next_dagrun for example_xcom_args_with_operators to None, run_after=None
[2024-04-28T06:19:43.334+0000] {processor.py:178} INFO - Processing /home/airflow/.local/lib/python3.7/site-packages/airflow/example_dags/example_xcomargs.py took 0.311 seconds
[2024-04-28T06:20:13.831+0000] {processor.py:156} INFO - Started process (PID=2925) to work on /home/airflow/.local/lib/python3.7/site-packages/airflow/example_dags/example_xcomargs.py
[2024-04-28T06:20:13.832+0000] {processor.py:758} INFO - Processing file /home/airflow/.local/lib/python3.7/site-packages/airflow/example_dags/example_xcomargs.py for tasks to queue
[2024-04-28T06:20:13.832+0000] {logging_mixin.py:117} INFO - [2024-04-28T06:20:13.832+0000] {dagbag.py:525} INFO - Filling up the DagBag from /home/airflow/.local/lib/python3.7/site-packages/airflow/example_dags/example_xcomargs.py
[2024-04-28T06:20:14.110+0000] {processor.py:768} INFO - DAG(s) dict_keys(['example_xcom_args', 'example_xcom_args_with_operators']) retrieved from /home/airflow/.local/lib/python3.7/site-packages/airflow/example_dags/example_xcomargs.py
[2024-04-28T06:20:14.154+0000] {logging_mixin.py:117} INFO - [2024-04-28T06:20:14.154+0000] {dag.py:2573} INFO - Sync 2 DAGs
[2024-04-28T06:20:14.183+0000] {logging_mixin.py:117} INFO - [2024-04-28T06:20:14.183+0000] {dag.py:3328} INFO - Setting next_dagrun for example_xcom_args to None, run_after=None
[2024-04-28T06:20:14.188+0000] {logging_mixin.py:117} INFO - [2024-04-28T06:20:14.188+0000] {dag.py:3328} INFO - Setting next_dagrun for example_xcom_args_with_operators to None, run_after=None
[2024-04-28T06:20:14.221+0000] {processor.py:178} INFO - Processing /home/airflow/.local/lib/python3.7/site-packages/airflow/example_dags/example_xcomargs.py took 0.397 seconds
[2024-04-28T06:20:45.211+0000] {processor.py:156} INFO - Started process (PID=3136) to work on /home/airflow/.local/lib/python3.7/site-packages/airflow/example_dags/example_xcomargs.py
[2024-04-28T06:20:45.212+0000] {processor.py:758} INFO - Processing file /home/airflow/.local/lib/python3.7/site-packages/airflow/example_dags/example_xcomargs.py for tasks to queue
[2024-04-28T06:20:45.213+0000] {logging_mixin.py:117} INFO - [2024-04-28T06:20:45.213+0000] {dagbag.py:525} INFO - Filling up the DagBag from /home/airflow/.local/lib/python3.7/site-packages/airflow/example_dags/example_xcomargs.py
[2024-04-28T06:20:45.384+0000] {processor.py:768} INFO - DAG(s) dict_keys(['example_xcom_args_with_operators', 'example_xcom_args']) retrieved from /home/airflow/.local/lib/python3.7/site-packages/airflow/example_dags/example_xcomargs.py
[2024-04-28T06:20:45.449+0000] {logging_mixin.py:117} INFO - [2024-04-28T06:20:45.448+0000] {dag.py:2573} INFO - Sync 2 DAGs
[2024-04-28T06:20:45.475+0000] {logging_mixin.py:117} INFO - [2024-04-28T06:20:45.475+0000] {dag.py:3328} INFO - Setting next_dagrun for example_xcom_args to None, run_after=None
[2024-04-28T06:20:45.479+0000] {logging_mixin.py:117} INFO - [2024-04-28T06:20:45.478+0000] {dag.py:3328} INFO - Setting next_dagrun for example_xcom_args_with_operators to None, run_after=None
[2024-04-28T06:20:45.502+0000] {processor.py:178} INFO - Processing /home/airflow/.local/lib/python3.7/site-packages/airflow/example_dags/example_xcomargs.py took 0.295 seconds
[2024-04-28T06:21:16.169+0000] {processor.py:156} INFO - Started process (PID=3353) to work on /home/airflow/.local/lib/python3.7/site-packages/airflow/example_dags/example_xcomargs.py
[2024-04-28T06:21:16.170+0000] {processor.py:758} INFO - Processing file /home/airflow/.local/lib/python3.7/site-packages/airflow/example_dags/example_xcomargs.py for tasks to queue
[2024-04-28T06:21:16.170+0000] {logging_mixin.py:117} INFO - [2024-04-28T06:21:16.170+0000] {dagbag.py:525} INFO - Filling up the DagBag from /home/airflow/.local/lib/python3.7/site-packages/airflow/example_dags/example_xcomargs.py
[2024-04-28T06:21:16.215+0000] {processor.py:768} INFO - DAG(s) dict_keys(['example_xcom_args_with_operators', 'example_xcom_args']) retrieved from /home/airflow/.local/lib/python3.7/site-packages/airflow/example_dags/example_xcomargs.py
[2024-04-28T06:21:16.264+0000] {logging_mixin.py:117} INFO - [2024-04-28T06:21:16.263+0000] {dag.py:2573} INFO - Sync 2 DAGs
[2024-04-28T06:21:16.428+0000] {logging_mixin.py:117} INFO - [2024-04-28T06:21:16.428+0000] {dag.py:3328} INFO - Setting next_dagrun for example_xcom_args to None, run_after=None
[2024-04-28T06:21:16.432+0000] {logging_mixin.py:117} INFO - [2024-04-28T06:21:16.432+0000] {dag.py:3328} INFO - Setting next_dagrun for example_xcom_args_with_operators to None, run_after=None
[2024-04-28T06:21:16.457+0000] {processor.py:178} INFO - Processing /home/airflow/.local/lib/python3.7/site-packages/airflow/example_dags/example_xcomargs.py took 0.292 seconds
[2024-04-28T06:21:46.634+0000] {processor.py:156} INFO - Started process (PID=3570) to work on /home/airflow/.local/lib/python3.7/site-packages/airflow/example_dags/example_xcomargs.py
[2024-04-28T06:21:46.635+0000] {processor.py:758} INFO - Processing file /home/airflow/.local/lib/python3.7/site-packages/airflow/example_dags/example_xcomargs.py for tasks to queue
[2024-04-28T06:21:46.635+0000] {logging_mixin.py:117} INFO - [2024-04-28T06:21:46.635+0000] {dagbag.py:525} INFO - Filling up the DagBag from /home/airflow/.local/lib/python3.7/site-packages/airflow/example_dags/example_xcomargs.py
[2024-04-28T06:21:46.717+0000] {processor.py:768} INFO - DAG(s) dict_keys(['example_xcom_args', 'example_xcom_args_with_operators']) retrieved from /home/airflow/.local/lib/python3.7/site-packages/airflow/example_dags/example_xcomargs.py
[2024-04-28T06:21:47.049+0000] {logging_mixin.py:117} INFO - [2024-04-28T06:21:47.049+0000] {dag.py:2573} INFO - Sync 2 DAGs
[2024-04-28T06:21:47.081+0000] {logging_mixin.py:117} INFO - [2024-04-28T06:21:47.081+0000] {dag.py:3328} INFO - Setting next_dagrun for example_xcom_args to None, run_after=None
[2024-04-28T06:21:47.086+0000] {logging_mixin.py:117} INFO - [2024-04-28T06:21:47.086+0000] {dag.py:3328} INFO - Setting next_dagrun for example_xcom_args_with_operators to None, run_after=None
[2024-04-28T06:21:47.122+0000] {processor.py:178} INFO - Processing /home/airflow/.local/lib/python3.7/site-packages/airflow/example_dags/example_xcomargs.py took 0.491 seconds
[2024-04-28T06:22:17.212+0000] {processor.py:156} INFO - Started process (PID=3778) to work on /home/airflow/.local/lib/python3.7/site-packages/airflow/example_dags/example_xcomargs.py
[2024-04-28T06:22:17.213+0000] {processor.py:758} INFO - Processing file /home/airflow/.local/lib/python3.7/site-packages/airflow/example_dags/example_xcomargs.py for tasks to queue
[2024-04-28T06:22:17.214+0000] {logging_mixin.py:117} INFO - [2024-04-28T06:22:17.214+0000] {dagbag.py:525} INFO - Filling up the DagBag from /home/airflow/.local/lib/python3.7/site-packages/airflow/example_dags/example_xcomargs.py
[2024-04-28T06:22:17.244+0000] {processor.py:768} INFO - DAG(s) dict_keys(['example_xcom_args', 'example_xcom_args_with_operators']) retrieved from /home/airflow/.local/lib/python3.7/site-packages/airflow/example_dags/example_xcomargs.py
[2024-04-28T06:22:17.430+0000] {logging_mixin.py:117} INFO - [2024-04-28T06:22:17.429+0000] {dag.py:2573} INFO - Sync 2 DAGs
[2024-04-28T06:22:17.457+0000] {logging_mixin.py:117} INFO - [2024-04-28T06:22:17.457+0000] {dag.py:3328} INFO - Setting next_dagrun for example_xcom_args to None, run_after=None
[2024-04-28T06:22:17.461+0000] {logging_mixin.py:117} INFO - [2024-04-28T06:22:17.461+0000] {dag.py:3328} INFO - Setting next_dagrun for example_xcom_args_with_operators to None, run_after=None
[2024-04-28T06:22:17.483+0000] {processor.py:178} INFO - Processing /home/airflow/.local/lib/python3.7/site-packages/airflow/example_dags/example_xcomargs.py took 0.274 seconds
[2024-04-28T06:22:47.668+0000] {processor.py:156} INFO - Started process (PID=3998) to work on /home/airflow/.local/lib/python3.7/site-packages/airflow/example_dags/example_xcomargs.py
[2024-04-28T06:22:47.668+0000] {processor.py:758} INFO - Processing file /home/airflow/.local/lib/python3.7/site-packages/airflow/example_dags/example_xcomargs.py for tasks to queue
[2024-04-28T06:22:47.669+0000] {logging_mixin.py:117} INFO - [2024-04-28T06:22:47.669+0000] {dagbag.py:525} INFO - Filling up the DagBag from /home/airflow/.local/lib/python3.7/site-packages/airflow/example_dags/example_xcomargs.py
[2024-04-28T06:22:47.846+0000] {processor.py:768} INFO - DAG(s) dict_keys(['example_xcom_args_with_operators', 'example_xcom_args']) retrieved from /home/airflow/.local/lib/python3.7/site-packages/airflow/example_dags/example_xcomargs.py
[2024-04-28T06:22:47.895+0000] {logging_mixin.py:117} INFO - [2024-04-28T06:22:47.895+0000] {dag.py:2573} INFO - Sync 2 DAGs
[2024-04-28T06:22:47.926+0000] {logging_mixin.py:117} INFO - [2024-04-28T06:22:47.926+0000] {dag.py:3328} INFO - Setting next_dagrun for example_xcom_args to None, run_after=None
[2024-04-28T06:22:47.930+0000] {logging_mixin.py:117} INFO - [2024-04-28T06:22:47.930+0000] {dag.py:3328} INFO - Setting next_dagrun for example_xcom_args_with_operators to None, run_after=None
[2024-04-28T06:22:47.952+0000] {processor.py:178} INFO - Processing /home/airflow/.local/lib/python3.7/site-packages/airflow/example_dags/example_xcomargs.py took 0.289 seconds
[2024-04-28T06:23:18.392+0000] {processor.py:156} INFO - Started process (PID=4213) to work on /home/airflow/.local/lib/python3.7/site-packages/airflow/example_dags/example_xcomargs.py
[2024-04-28T06:23:18.393+0000] {processor.py:758} INFO - Processing file /home/airflow/.local/lib/python3.7/site-packages/airflow/example_dags/example_xcomargs.py for tasks to queue
[2024-04-28T06:23:18.396+0000] {logging_mixin.py:117} INFO - [2024-04-28T06:23:18.395+0000] {dagbag.py:525} INFO - Filling up the DagBag from /home/airflow/.local/lib/python3.7/site-packages/airflow/example_dags/example_xcomargs.py
[2024-04-28T06:23:18.453+0000] {processor.py:768} INFO - DAG(s) dict_keys(['example_xcom_args', 'example_xcom_args_with_operators']) retrieved from /home/airflow/.local/lib/python3.7/site-packages/airflow/example_dags/example_xcomargs.py
[2024-04-28T06:23:18.526+0000] {logging_mixin.py:117} INFO - [2024-04-28T06:23:18.526+0000] {dag.py:2573} INFO - Sync 2 DAGs
[2024-04-28T06:23:18.585+0000] {logging_mixin.py:117} INFO - [2024-04-28T06:23:18.584+0000] {dag.py:3328} INFO - Setting next_dagrun for example_xcom_args to None, run_after=None
[2024-04-28T06:23:18.597+0000] {logging_mixin.py:117} INFO - [2024-04-28T06:23:18.596+0000] {dag.py:3328} INFO - Setting next_dagrun for example_xcom_args_with_operators to None, run_after=None
[2024-04-28T06:23:18.624+0000] {processor.py:178} INFO - Processing /home/airflow/.local/lib/python3.7/site-packages/airflow/example_dags/example_xcomargs.py took 0.235 seconds
[2024-04-28T06:23:48.710+0000] {processor.py:156} INFO - Started process (PID=4423) to work on /home/airflow/.local/lib/python3.7/site-packages/airflow/example_dags/example_xcomargs.py
[2024-04-28T06:23:48.711+0000] {processor.py:758} INFO - Processing file /home/airflow/.local/lib/python3.7/site-packages/airflow/example_dags/example_xcomargs.py for tasks to queue
[2024-04-28T06:23:48.713+0000] {logging_mixin.py:117} INFO - [2024-04-28T06:23:48.713+0000] {dagbag.py:525} INFO - Filling up the DagBag from /home/airflow/.local/lib/python3.7/site-packages/airflow/example_dags/example_xcomargs.py
[2024-04-28T06:23:48.743+0000] {processor.py:768} INFO - DAG(s) dict_keys(['example_xcom_args_with_operators', 'example_xcom_args']) retrieved from /home/airflow/.local/lib/python3.7/site-packages/airflow/example_dags/example_xcomargs.py
[2024-04-28T06:23:48.792+0000] {logging_mixin.py:117} INFO - [2024-04-28T06:23:48.792+0000] {dag.py:2573} INFO - Sync 2 DAGs
[2024-04-28T06:23:48.827+0000] {logging_mixin.py:117} INFO - [2024-04-28T06:23:48.826+0000] {dag.py:3328} INFO - Setting next_dagrun for example_xcom_args to None, run_after=None
[2024-04-28T06:23:48.831+0000] {logging_mixin.py:117} INFO - [2024-04-28T06:23:48.830+0000] {dag.py:3328} INFO - Setting next_dagrun for example_xcom_args_with_operators to None, run_after=None
[2024-04-28T06:23:48.860+0000] {processor.py:178} INFO - Processing /home/airflow/.local/lib/python3.7/site-packages/airflow/example_dags/example_xcomargs.py took 0.154 seconds
[2024-04-28T06:24:19.059+0000] {processor.py:156} INFO - Started process (PID=4640) to work on /home/airflow/.local/lib/python3.7/site-packages/airflow/example_dags/example_xcomargs.py
[2024-04-28T06:24:19.060+0000] {processor.py:758} INFO - Processing file /home/airflow/.local/lib/python3.7/site-packages/airflow/example_dags/example_xcomargs.py for tasks to queue
[2024-04-28T06:24:19.060+0000] {logging_mixin.py:117} INFO - [2024-04-28T06:24:19.060+0000] {dagbag.py:525} INFO - Filling up the DagBag from /home/airflow/.local/lib/python3.7/site-packages/airflow/example_dags/example_xcomargs.py
[2024-04-28T06:24:19.092+0000] {processor.py:768} INFO - DAG(s) dict_keys(['example_xcom_args', 'example_xcom_args_with_operators']) retrieved from /home/airflow/.local/lib/python3.7/site-packages/airflow/example_dags/example_xcomargs.py
[2024-04-28T06:24:19.138+0000] {logging_mixin.py:117} INFO - [2024-04-28T06:24:19.138+0000] {dag.py:2573} INFO - Sync 2 DAGs
[2024-04-28T06:24:19.169+0000] {logging_mixin.py:117} INFO - [2024-04-28T06:24:19.169+0000] {dag.py:3328} INFO - Setting next_dagrun for example_xcom_args to None, run_after=None
[2024-04-28T06:24:19.173+0000] {logging_mixin.py:117} INFO - [2024-04-28T06:24:19.173+0000] {dag.py:3328} INFO - Setting next_dagrun for example_xcom_args_with_operators to None, run_after=None
[2024-04-28T06:24:19.200+0000] {processor.py:178} INFO - Processing /home/airflow/.local/lib/python3.7/site-packages/airflow/example_dags/example_xcomargs.py took 0.144 seconds
[2024-04-28T06:24:49.945+0000] {processor.py:156} INFO - Started process (PID=4857) to work on /home/airflow/.local/lib/python3.7/site-packages/airflow/example_dags/example_xcomargs.py
[2024-04-28T06:24:49.946+0000] {processor.py:758} INFO - Processing file /home/airflow/.local/lib/python3.7/site-packages/airflow/example_dags/example_xcomargs.py for tasks to queue
[2024-04-28T06:24:49.946+0000] {logging_mixin.py:117} INFO - [2024-04-28T06:24:49.946+0000] {dagbag.py:525} INFO - Filling up the DagBag from /home/airflow/.local/lib/python3.7/site-packages/airflow/example_dags/example_xcomargs.py
[2024-04-28T06:24:50.000+0000] {processor.py:768} INFO - DAG(s) dict_keys(['example_xcom_args', 'example_xcom_args_with_operators']) retrieved from /home/airflow/.local/lib/python3.7/site-packages/airflow/example_dags/example_xcomargs.py
[2024-04-28T06:24:50.049+0000] {logging_mixin.py:117} INFO - [2024-04-28T06:24:50.049+0000] {dag.py:2573} INFO - Sync 2 DAGs
[2024-04-28T06:24:50.083+0000] {logging_mixin.py:117} INFO - [2024-04-28T06:24:50.083+0000] {dag.py:3328} INFO - Setting next_dagrun for example_xcom_args to None, run_after=None
[2024-04-28T06:24:50.087+0000] {logging_mixin.py:117} INFO - [2024-04-28T06:24:50.087+0000] {dag.py:3328} INFO - Setting next_dagrun for example_xcom_args_with_operators to None, run_after=None
[2024-04-28T06:24:50.136+0000] {processor.py:178} INFO - Processing /home/airflow/.local/lib/python3.7/site-packages/airflow/example_dags/example_xcomargs.py took 0.195 seconds
[2024-04-28T06:25:20.304+0000] {processor.py:156} INFO - Started process (PID=5066) to work on /home/airflow/.local/lib/python3.7/site-packages/airflow/example_dags/example_xcomargs.py
[2024-04-28T06:25:20.305+0000] {processor.py:758} INFO - Processing file /home/airflow/.local/lib/python3.7/site-packages/airflow/example_dags/example_xcomargs.py for tasks to queue
[2024-04-28T06:25:20.308+0000] {logging_mixin.py:117} INFO - [2024-04-28T06:25:20.308+0000] {dagbag.py:525} INFO - Filling up the DagBag from /home/airflow/.local/lib/python3.7/site-packages/airflow/example_dags/example_xcomargs.py
[2024-04-28T06:25:20.362+0000] {processor.py:768} INFO - DAG(s) dict_keys(['example_xcom_args_with_operators', 'example_xcom_args']) retrieved from /home/airflow/.local/lib/python3.7/site-packages/airflow/example_dags/example_xcomargs.py
[2024-04-28T06:25:20.435+0000] {logging_mixin.py:117} INFO - [2024-04-28T06:25:20.435+0000] {dag.py:2573} INFO - Sync 2 DAGs
[2024-04-28T06:25:20.475+0000] {logging_mixin.py:117} INFO - [2024-04-28T06:25:20.475+0000] {dag.py:3328} INFO - Setting next_dagrun for example_xcom_args to None, run_after=None
[2024-04-28T06:25:20.478+0000] {logging_mixin.py:117} INFO - [2024-04-28T06:25:20.478+0000] {dag.py:3328} INFO - Setting next_dagrun for example_xcom_args_with_operators to None, run_after=None
[2024-04-28T06:25:20.502+0000] {processor.py:178} INFO - Processing /home/airflow/.local/lib/python3.7/site-packages/airflow/example_dags/example_xcomargs.py took 0.201 seconds
[2024-04-28T06:25:50.610+0000] {processor.py:156} INFO - Started process (PID=5284) to work on /home/airflow/.local/lib/python3.7/site-packages/airflow/example_dags/example_xcomargs.py
[2024-04-28T06:25:50.611+0000] {processor.py:758} INFO - Processing file /home/airflow/.local/lib/python3.7/site-packages/airflow/example_dags/example_xcomargs.py for tasks to queue
[2024-04-28T06:25:50.612+0000] {logging_mixin.py:117} INFO - [2024-04-28T06:25:50.612+0000] {dagbag.py:525} INFO - Filling up the DagBag from /home/airflow/.local/lib/python3.7/site-packages/airflow/example_dags/example_xcomargs.py
[2024-04-28T06:25:50.645+0000] {processor.py:768} INFO - DAG(s) dict_keys(['example_xcom_args_with_operators', 'example_xcom_args']) retrieved from /home/airflow/.local/lib/python3.7/site-packages/airflow/example_dags/example_xcomargs.py
[2024-04-28T06:25:50.708+0000] {logging_mixin.py:117} INFO - [2024-04-28T06:25:50.708+0000] {dag.py:2573} INFO - Sync 2 DAGs
[2024-04-28T06:25:50.770+0000] {logging_mixin.py:117} INFO - [2024-04-28T06:25:50.769+0000] {dag.py:3328} INFO - Setting next_dagrun for example_xcom_args to None, run_after=None
[2024-04-28T06:25:50.780+0000] {logging_mixin.py:117} INFO - [2024-04-28T06:25:50.780+0000] {dag.py:3328} INFO - Setting next_dagrun for example_xcom_args_with_operators to None, run_after=None
[2024-04-28T06:25:50.823+0000] {processor.py:178} INFO - Processing /home/airflow/.local/lib/python3.7/site-packages/airflow/example_dags/example_xcomargs.py took 0.215 seconds
[2024-04-28T06:26:21.862+0000] {processor.py:156} INFO - Started process (PID=5501) to work on /home/airflow/.local/lib/python3.7/site-packages/airflow/example_dags/example_xcomargs.py
[2024-04-28T06:26:21.862+0000] {processor.py:758} INFO - Processing file /home/airflow/.local/lib/python3.7/site-packages/airflow/example_dags/example_xcomargs.py for tasks to queue
[2024-04-28T06:26:21.863+0000] {logging_mixin.py:117} INFO - [2024-04-28T06:26:21.863+0000] {dagbag.py:525} INFO - Filling up the DagBag from /home/airflow/.local/lib/python3.7/site-packages/airflow/example_dags/example_xcomargs.py
[2024-04-28T06:26:21.900+0000] {processor.py:768} INFO - DAG(s) dict_keys(['example_xcom_args_with_operators', 'example_xcom_args']) retrieved from /home/airflow/.local/lib/python3.7/site-packages/airflow/example_dags/example_xcomargs.py
[2024-04-28T06:26:21.948+0000] {logging_mixin.py:117} INFO - [2024-04-28T06:26:21.948+0000] {dag.py:2573} INFO - Sync 2 DAGs
[2024-04-28T06:26:21.977+0000] {logging_mixin.py:117} INFO - [2024-04-28T06:26:21.977+0000] {dag.py:3328} INFO - Setting next_dagrun for example_xcom_args to None, run_after=None
[2024-04-28T06:26:21.980+0000] {logging_mixin.py:117} INFO - [2024-04-28T06:26:21.980+0000] {dag.py:3328} INFO - Setting next_dagrun for example_xcom_args_with_operators to None, run_after=None
[2024-04-28T06:26:22.004+0000] {processor.py:178} INFO - Processing /home/airflow/.local/lib/python3.7/site-packages/airflow/example_dags/example_xcomargs.py took 0.145 seconds
[2024-04-28T06:26:52.803+0000] {processor.py:156} INFO - Started process (PID=5710) to work on /home/airflow/.local/lib/python3.7/site-packages/airflow/example_dags/example_xcomargs.py
[2024-04-28T06:26:52.804+0000] {processor.py:758} INFO - Processing file /home/airflow/.local/lib/python3.7/site-packages/airflow/example_dags/example_xcomargs.py for tasks to queue
[2024-04-28T06:26:52.804+0000] {logging_mixin.py:117} INFO - [2024-04-28T06:26:52.804+0000] {dagbag.py:525} INFO - Filling up the DagBag from /home/airflow/.local/lib/python3.7/site-packages/airflow/example_dags/example_xcomargs.py
[2024-04-28T06:26:52.836+0000] {processor.py:768} INFO - DAG(s) dict_keys(['example_xcom_args_with_operators', 'example_xcom_args']) retrieved from /home/airflow/.local/lib/python3.7/site-packages/airflow/example_dags/example_xcomargs.py
[2024-04-28T06:26:52.901+0000] {logging_mixin.py:117} INFO - [2024-04-28T06:26:52.901+0000] {dag.py:2573} INFO - Sync 2 DAGs
[2024-04-28T06:26:52.931+0000] {logging_mixin.py:117} INFO - [2024-04-28T06:26:52.931+0000] {dag.py:3328} INFO - Setting next_dagrun for example_xcom_args to None, run_after=None
[2024-04-28T06:26:52.936+0000] {logging_mixin.py:117} INFO - [2024-04-28T06:26:52.936+0000] {dag.py:3328} INFO - Setting next_dagrun for example_xcom_args_with_operators to None, run_after=None
[2024-04-28T06:26:52.958+0000] {processor.py:178} INFO - Processing /home/airflow/.local/lib/python3.7/site-packages/airflow/example_dags/example_xcomargs.py took 0.159 seconds
[2024-04-28T06:27:23.349+0000] {processor.py:156} INFO - Started process (PID=5929) to work on /home/airflow/.local/lib/python3.7/site-packages/airflow/example_dags/example_xcomargs.py
[2024-04-28T06:27:23.350+0000] {processor.py:758} INFO - Processing file /home/airflow/.local/lib/python3.7/site-packages/airflow/example_dags/example_xcomargs.py for tasks to queue
[2024-04-28T06:27:23.351+0000] {logging_mixin.py:117} INFO - [2024-04-28T06:27:23.351+0000] {dagbag.py:525} INFO - Filling up the DagBag from /home/airflow/.local/lib/python3.7/site-packages/airflow/example_dags/example_xcomargs.py
[2024-04-28T06:27:23.382+0000] {processor.py:768} INFO - DAG(s) dict_keys(['example_xcom_args_with_operators', 'example_xcom_args']) retrieved from /home/airflow/.local/lib/python3.7/site-packages/airflow/example_dags/example_xcomargs.py
[2024-04-28T06:27:23.435+0000] {logging_mixin.py:117} INFO - [2024-04-28T06:27:23.435+0000] {dag.py:2573} INFO - Sync 2 DAGs
[2024-04-28T06:27:23.472+0000] {logging_mixin.py:117} INFO - [2024-04-28T06:27:23.472+0000] {dag.py:3328} INFO - Setting next_dagrun for example_xcom_args to None, run_after=None
[2024-04-28T06:27:23.476+0000] {logging_mixin.py:117} INFO - [2024-04-28T06:27:23.476+0000] {dag.py:3328} INFO - Setting next_dagrun for example_xcom_args_with_operators to None, run_after=None
[2024-04-28T06:27:23.497+0000] {processor.py:178} INFO - Processing /home/airflow/.local/lib/python3.7/site-packages/airflow/example_dags/example_xcomargs.py took 0.152 seconds
[2024-04-28T06:27:54.287+0000] {processor.py:156} INFO - Started process (PID=6147) to work on /home/airflow/.local/lib/python3.7/site-packages/airflow/example_dags/example_xcomargs.py
[2024-04-28T06:27:54.300+0000] {processor.py:758} INFO - Processing file /home/airflow/.local/lib/python3.7/site-packages/airflow/example_dags/example_xcomargs.py for tasks to queue
[2024-04-28T06:27:54.301+0000] {logging_mixin.py:117} INFO - [2024-04-28T06:27:54.301+0000] {dagbag.py:525} INFO - Filling up the DagBag from /home/airflow/.local/lib/python3.7/site-packages/airflow/example_dags/example_xcomargs.py
[2024-04-28T06:27:54.343+0000] {processor.py:768} INFO - DAG(s) dict_keys(['example_xcom_args', 'example_xcom_args_with_operators']) retrieved from /home/airflow/.local/lib/python3.7/site-packages/airflow/example_dags/example_xcomargs.py
[2024-04-28T06:27:54.393+0000] {logging_mixin.py:117} INFO - [2024-04-28T06:27:54.392+0000] {dag.py:2573} INFO - Sync 2 DAGs
[2024-04-28T06:27:54.426+0000] {logging_mixin.py:117} INFO - [2024-04-28T06:27:54.425+0000] {dag.py:3328} INFO - Setting next_dagrun for example_xcom_args to None, run_after=None
[2024-04-28T06:27:54.429+0000] {logging_mixin.py:117} INFO - [2024-04-28T06:27:54.429+0000] {dag.py:3328} INFO - Setting next_dagrun for example_xcom_args_with_operators to None, run_after=None
[2024-04-28T06:27:54.452+0000] {processor.py:178} INFO - Processing /home/airflow/.local/lib/python3.7/site-packages/airflow/example_dags/example_xcomargs.py took 0.169 seconds
[2024-04-28T06:28:24.981+0000] {processor.py:156} INFO - Started process (PID=6355) to work on /home/airflow/.local/lib/python3.7/site-packages/airflow/example_dags/example_xcomargs.py
[2024-04-28T06:28:24.981+0000] {processor.py:758} INFO - Processing file /home/airflow/.local/lib/python3.7/site-packages/airflow/example_dags/example_xcomargs.py for tasks to queue
[2024-04-28T06:28:24.982+0000] {logging_mixin.py:117} INFO - [2024-04-28T06:28:24.982+0000] {dagbag.py:525} INFO - Filling up the DagBag from /home/airflow/.local/lib/python3.7/site-packages/airflow/example_dags/example_xcomargs.py
[2024-04-28T06:28:25.030+0000] {processor.py:768} INFO - DAG(s) dict_keys(['example_xcom_args_with_operators', 'example_xcom_args']) retrieved from /home/airflow/.local/lib/python3.7/site-packages/airflow/example_dags/example_xcomargs.py
[2024-04-28T06:28:25.089+0000] {logging_mixin.py:117} INFO - [2024-04-28T06:28:25.089+0000] {dag.py:2573} INFO - Sync 2 DAGs
[2024-04-28T06:28:25.124+0000] {logging_mixin.py:117} INFO - [2024-04-28T06:28:25.124+0000] {dag.py:3328} INFO - Setting next_dagrun for example_xcom_args to None, run_after=None
[2024-04-28T06:28:25.128+0000] {logging_mixin.py:117} INFO - [2024-04-28T06:28:25.127+0000] {dag.py:3328} INFO - Setting next_dagrun for example_xcom_args_with_operators to None, run_after=None
[2024-04-28T06:28:25.155+0000] {processor.py:178} INFO - Processing /home/airflow/.local/lib/python3.7/site-packages/airflow/example_dags/example_xcomargs.py took 0.178 seconds
[2024-04-28T06:28:57.101+0000] {processor.py:156} INFO - Started process (PID=6574) to work on /home/airflow/.local/lib/python3.7/site-packages/airflow/example_dags/example_xcomargs.py
[2024-04-28T06:28:57.109+0000] {processor.py:758} INFO - Processing file /home/airflow/.local/lib/python3.7/site-packages/airflow/example_dags/example_xcomargs.py for tasks to queue
[2024-04-28T06:28:57.110+0000] {logging_mixin.py:117} INFO - [2024-04-28T06:28:57.110+0000] {dagbag.py:525} INFO - Filling up the DagBag from /home/airflow/.local/lib/python3.7/site-packages/airflow/example_dags/example_xcomargs.py
[2024-04-28T06:28:57.219+0000] {processor.py:768} INFO - DAG(s) dict_keys(['example_xcom_args_with_operators', 'example_xcom_args']) retrieved from /home/airflow/.local/lib/python3.7/site-packages/airflow/example_dags/example_xcomargs.py
[2024-04-28T06:28:57.336+0000] {logging_mixin.py:117} INFO - [2024-04-28T06:28:57.336+0000] {dag.py:2573} INFO - Sync 2 DAGs
[2024-04-28T06:28:57.398+0000] {logging_mixin.py:117} INFO - [2024-04-28T06:28:57.397+0000] {dag.py:3328} INFO - Setting next_dagrun for example_xcom_args to None, run_after=None
[2024-04-28T06:28:57.414+0000] {logging_mixin.py:117} INFO - [2024-04-28T06:28:57.414+0000] {dag.py:3328} INFO - Setting next_dagrun for example_xcom_args_with_operators to None, run_after=None
[2024-04-28T06:28:57.451+0000] {processor.py:178} INFO - Processing /home/airflow/.local/lib/python3.7/site-packages/airflow/example_dags/example_xcomargs.py took 0.354 seconds
[2024-04-28T06:29:27.616+0000] {processor.py:156} INFO - Started process (PID=6794) to work on /home/airflow/.local/lib/python3.7/site-packages/airflow/example_dags/example_xcomargs.py
[2024-04-28T06:29:27.616+0000] {processor.py:758} INFO - Processing file /home/airflow/.local/lib/python3.7/site-packages/airflow/example_dags/example_xcomargs.py for tasks to queue
[2024-04-28T06:29:27.617+0000] {logging_mixin.py:117} INFO - [2024-04-28T06:29:27.617+0000] {dagbag.py:525} INFO - Filling up the DagBag from /home/airflow/.local/lib/python3.7/site-packages/airflow/example_dags/example_xcomargs.py
[2024-04-28T06:29:27.648+0000] {processor.py:768} INFO - DAG(s) dict_keys(['example_xcom_args_with_operators', 'example_xcom_args']) retrieved from /home/airflow/.local/lib/python3.7/site-packages/airflow/example_dags/example_xcomargs.py
[2024-04-28T06:29:27.698+0000] {logging_mixin.py:117} INFO - [2024-04-28T06:29:27.698+0000] {dag.py:2573} INFO - Sync 2 DAGs
[2024-04-28T06:29:27.727+0000] {logging_mixin.py:117} INFO - [2024-04-28T06:29:27.727+0000] {dag.py:3328} INFO - Setting next_dagrun for example_xcom_args to None, run_after=None
[2024-04-28T06:29:27.731+0000] {logging_mixin.py:117} INFO - [2024-04-28T06:29:27.731+0000] {dag.py:3328} INFO - Setting next_dagrun for example_xcom_args_with_operators to None, run_after=None
[2024-04-28T06:29:27.759+0000] {processor.py:178} INFO - Processing /home/airflow/.local/lib/python3.7/site-packages/airflow/example_dags/example_xcomargs.py took 0.147 seconds
[2024-04-28T06:29:58.028+0000] {processor.py:156} INFO - Started process (PID=7004) to work on /home/airflow/.local/lib/python3.7/site-packages/airflow/example_dags/example_xcomargs.py
[2024-04-28T06:29:58.028+0000] {processor.py:758} INFO - Processing file /home/airflow/.local/lib/python3.7/site-packages/airflow/example_dags/example_xcomargs.py for tasks to queue
[2024-04-28T06:29:58.029+0000] {logging_mixin.py:117} INFO - [2024-04-28T06:29:58.029+0000] {dagbag.py:525} INFO - Filling up the DagBag from /home/airflow/.local/lib/python3.7/site-packages/airflow/example_dags/example_xcomargs.py
[2024-04-28T06:29:58.050+0000] {processor.py:768} INFO - DAG(s) dict_keys(['example_xcom_args', 'example_xcom_args_with_operators']) retrieved from /home/airflow/.local/lib/python3.7/site-packages/airflow/example_dags/example_xcomargs.py
[2024-04-28T06:29:58.085+0000] {logging_mixin.py:117} INFO - [2024-04-28T06:29:58.085+0000] {dag.py:2573} INFO - Sync 2 DAGs
[2024-04-28T06:29:58.104+0000] {logging_mixin.py:117} INFO - [2024-04-28T06:29:58.104+0000] {dag.py:3328} INFO - Setting next_dagrun for example_xcom_args to None, run_after=None
[2024-04-28T06:29:58.107+0000] {logging_mixin.py:117} INFO - [2024-04-28T06:29:58.107+0000] {dag.py:3328} INFO - Setting next_dagrun for example_xcom_args_with_operators to None, run_after=None
[2024-04-28T06:29:58.125+0000] {processor.py:178} INFO - Processing /home/airflow/.local/lib/python3.7/site-packages/airflow/example_dags/example_xcomargs.py took 0.099 seconds
[2024-04-28T06:30:28.835+0000] {processor.py:156} INFO - Started process (PID=7222) to work on /home/airflow/.local/lib/python3.7/site-packages/airflow/example_dags/example_xcomargs.py
[2024-04-28T06:30:28.836+0000] {processor.py:758} INFO - Processing file /home/airflow/.local/lib/python3.7/site-packages/airflow/example_dags/example_xcomargs.py for tasks to queue
[2024-04-28T06:30:28.837+0000] {logging_mixin.py:117} INFO - [2024-04-28T06:30:28.836+0000] {dagbag.py:525} INFO - Filling up the DagBag from /home/airflow/.local/lib/python3.7/site-packages/airflow/example_dags/example_xcomargs.py
[2024-04-28T06:30:28.867+0000] {processor.py:768} INFO - DAG(s) dict_keys(['example_xcom_args_with_operators', 'example_xcom_args']) retrieved from /home/airflow/.local/lib/python3.7/site-packages/airflow/example_dags/example_xcomargs.py
[2024-04-28T06:30:28.922+0000] {logging_mixin.py:117} INFO - [2024-04-28T06:30:28.922+0000] {dag.py:2573} INFO - Sync 2 DAGs
[2024-04-28T06:30:28.956+0000] {logging_mixin.py:117} INFO - [2024-04-28T06:30:28.956+0000] {dag.py:3328} INFO - Setting next_dagrun for example_xcom_args to None, run_after=None
[2024-04-28T06:30:28.960+0000] {logging_mixin.py:117} INFO - [2024-04-28T06:30:28.960+0000] {dag.py:3328} INFO - Setting next_dagrun for example_xcom_args_with_operators to None, run_after=None
[2024-04-28T06:30:28.991+0000] {processor.py:178} INFO - Processing /home/airflow/.local/lib/python3.7/site-packages/airflow/example_dags/example_xcomargs.py took 0.158 seconds
[2024-04-28T06:30:59.389+0000] {processor.py:156} INFO - Started process (PID=7440) to work on /home/airflow/.local/lib/python3.7/site-packages/airflow/example_dags/example_xcomargs.py
[2024-04-28T06:30:59.390+0000] {processor.py:758} INFO - Processing file /home/airflow/.local/lib/python3.7/site-packages/airflow/example_dags/example_xcomargs.py for tasks to queue
[2024-04-28T06:30:59.390+0000] {logging_mixin.py:117} INFO - [2024-04-28T06:30:59.390+0000] {dagbag.py:525} INFO - Filling up the DagBag from /home/airflow/.local/lib/python3.7/site-packages/airflow/example_dags/example_xcomargs.py
[2024-04-28T06:30:59.420+0000] {processor.py:768} INFO - DAG(s) dict_keys(['example_xcom_args_with_operators', 'example_xcom_args']) retrieved from /home/airflow/.local/lib/python3.7/site-packages/airflow/example_dags/example_xcomargs.py
[2024-04-28T06:30:59.469+0000] {logging_mixin.py:117} INFO - [2024-04-28T06:30:59.469+0000] {dag.py:2573} INFO - Sync 2 DAGs
[2024-04-28T06:30:59.502+0000] {logging_mixin.py:117} INFO - [2024-04-28T06:30:59.502+0000] {dag.py:3328} INFO - Setting next_dagrun for example_xcom_args to None, run_after=None
[2024-04-28T06:30:59.506+0000] {logging_mixin.py:117} INFO - [2024-04-28T06:30:59.506+0000] {dag.py:3328} INFO - Setting next_dagrun for example_xcom_args_with_operators to None, run_after=None
[2024-04-28T06:30:59.529+0000] {processor.py:178} INFO - Processing /home/airflow/.local/lib/python3.7/site-packages/airflow/example_dags/example_xcomargs.py took 0.143 seconds
[2024-04-28T06:31:30.690+0000] {processor.py:156} INFO - Started process (PID=7658) to work on /home/airflow/.local/lib/python3.7/site-packages/airflow/example_dags/example_xcomargs.py
[2024-04-28T06:31:30.691+0000] {processor.py:758} INFO - Processing file /home/airflow/.local/lib/python3.7/site-packages/airflow/example_dags/example_xcomargs.py for tasks to queue
[2024-04-28T06:31:30.691+0000] {logging_mixin.py:117} INFO - [2024-04-28T06:31:30.691+0000] {dagbag.py:525} INFO - Filling up the DagBag from /home/airflow/.local/lib/python3.7/site-packages/airflow/example_dags/example_xcomargs.py
[2024-04-28T06:31:30.725+0000] {processor.py:768} INFO - DAG(s) dict_keys(['example_xcom_args_with_operators', 'example_xcom_args']) retrieved from /home/airflow/.local/lib/python3.7/site-packages/airflow/example_dags/example_xcomargs.py
[2024-04-28T06:31:30.928+0000] {logging_mixin.py:117} INFO - [2024-04-28T06:31:30.927+0000] {dag.py:2573} INFO - Sync 2 DAGs
[2024-04-28T06:31:31.000+0000] {logging_mixin.py:117} INFO - [2024-04-28T06:31:31.000+0000] {dag.py:3328} INFO - Setting next_dagrun for example_xcom_args to None, run_after=None
[2024-04-28T06:31:31.004+0000] {logging_mixin.py:117} INFO - [2024-04-28T06:31:31.004+0000] {dag.py:3328} INFO - Setting next_dagrun for example_xcom_args_with_operators to None, run_after=None
[2024-04-28T06:31:31.036+0000] {processor.py:178} INFO - Processing /home/airflow/.local/lib/python3.7/site-packages/airflow/example_dags/example_xcomargs.py took 0.349 seconds
[2024-04-28T06:32:01.184+0000] {processor.py:156} INFO - Started process (PID=7870) to work on /home/airflow/.local/lib/python3.7/site-packages/airflow/example_dags/example_xcomargs.py
[2024-04-28T06:32:01.185+0000] {processor.py:758} INFO - Processing file /home/airflow/.local/lib/python3.7/site-packages/airflow/example_dags/example_xcomargs.py for tasks to queue
[2024-04-28T06:32:01.186+0000] {logging_mixin.py:117} INFO - [2024-04-28T06:32:01.186+0000] {dagbag.py:525} INFO - Filling up the DagBag from /home/airflow/.local/lib/python3.7/site-packages/airflow/example_dags/example_xcomargs.py
[2024-04-28T06:32:01.218+0000] {processor.py:768} INFO - DAG(s) dict_keys(['example_xcom_args', 'example_xcom_args_with_operators']) retrieved from /home/airflow/.local/lib/python3.7/site-packages/airflow/example_dags/example_xcomargs.py
[2024-04-28T06:32:01.266+0000] {logging_mixin.py:117} INFO - [2024-04-28T06:32:01.266+0000] {dag.py:2573} INFO - Sync 2 DAGs
[2024-04-28T06:32:01.295+0000] {logging_mixin.py:117} INFO - [2024-04-28T06:32:01.295+0000] {dag.py:3328} INFO - Setting next_dagrun for example_xcom_args to None, run_after=None
[2024-04-28T06:32:01.299+0000] {logging_mixin.py:117} INFO - [2024-04-28T06:32:01.299+0000] {dag.py:3328} INFO - Setting next_dagrun for example_xcom_args_with_operators to None, run_after=None
[2024-04-28T06:32:01.327+0000] {processor.py:178} INFO - Processing /home/airflow/.local/lib/python3.7/site-packages/airflow/example_dags/example_xcomargs.py took 0.146 seconds
[2024-04-28T06:32:32.081+0000] {processor.py:156} INFO - Started process (PID=8089) to work on /home/airflow/.local/lib/python3.7/site-packages/airflow/example_dags/example_xcomargs.py
[2024-04-28T06:32:32.082+0000] {processor.py:758} INFO - Processing file /home/airflow/.local/lib/python3.7/site-packages/airflow/example_dags/example_xcomargs.py for tasks to queue
[2024-04-28T06:32:32.083+0000] {logging_mixin.py:117} INFO - [2024-04-28T06:32:32.083+0000] {dagbag.py:525} INFO - Filling up the DagBag from /home/airflow/.local/lib/python3.7/site-packages/airflow/example_dags/example_xcomargs.py
[2024-04-28T06:32:32.139+0000] {processor.py:768} INFO - DAG(s) dict_keys(['example_xcom_args', 'example_xcom_args_with_operators']) retrieved from /home/airflow/.local/lib/python3.7/site-packages/airflow/example_dags/example_xcomargs.py
[2024-04-28T06:32:32.210+0000] {logging_mixin.py:117} INFO - [2024-04-28T06:32:32.210+0000] {dag.py:2573} INFO - Sync 2 DAGs
[2024-04-28T06:32:32.242+0000] {logging_mixin.py:117} INFO - [2024-04-28T06:32:32.241+0000] {dag.py:3328} INFO - Setting next_dagrun for example_xcom_args to None, run_after=None
[2024-04-28T06:32:32.246+0000] {logging_mixin.py:117} INFO - [2024-04-28T06:32:32.245+0000] {dag.py:3328} INFO - Setting next_dagrun for example_xcom_args_with_operators to None, run_after=None
[2024-04-28T06:32:32.275+0000] {processor.py:178} INFO - Processing /home/airflow/.local/lib/python3.7/site-packages/airflow/example_dags/example_xcomargs.py took 0.197 seconds
[2024-04-28T06:33:03.085+0000] {processor.py:156} INFO - Started process (PID=8307) to work on /home/airflow/.local/lib/python3.7/site-packages/airflow/example_dags/example_xcomargs.py
[2024-04-28T06:33:03.086+0000] {processor.py:758} INFO - Processing file /home/airflow/.local/lib/python3.7/site-packages/airflow/example_dags/example_xcomargs.py for tasks to queue
[2024-04-28T06:33:03.087+0000] {logging_mixin.py:117} INFO - [2024-04-28T06:33:03.087+0000] {dagbag.py:525} INFO - Filling up the DagBag from /home/airflow/.local/lib/python3.7/site-packages/airflow/example_dags/example_xcomargs.py
[2024-04-28T06:33:03.120+0000] {processor.py:768} INFO - DAG(s) dict_keys(['example_xcom_args', 'example_xcom_args_with_operators']) retrieved from /home/airflow/.local/lib/python3.7/site-packages/airflow/example_dags/example_xcomargs.py
[2024-04-28T06:33:03.208+0000] {logging_mixin.py:117} INFO - [2024-04-28T06:33:03.208+0000] {dag.py:2573} INFO - Sync 2 DAGs
[2024-04-28T06:33:03.291+0000] {logging_mixin.py:117} INFO - [2024-04-28T06:33:03.290+0000] {dag.py:3328} INFO - Setting next_dagrun for example_xcom_args to None, run_after=None
[2024-04-28T06:33:03.302+0000] {logging_mixin.py:117} INFO - [2024-04-28T06:33:03.302+0000] {dag.py:3328} INFO - Setting next_dagrun for example_xcom_args_with_operators to None, run_after=None
[2024-04-28T06:33:03.350+0000] {processor.py:178} INFO - Processing /home/airflow/.local/lib/python3.7/site-packages/airflow/example_dags/example_xcomargs.py took 0.269 seconds
[2024-04-28T06:33:33.524+0000] {processor.py:156} INFO - Started process (PID=8518) to work on /home/airflow/.local/lib/python3.7/site-packages/airflow/example_dags/example_xcomargs.py
[2024-04-28T06:33:33.525+0000] {processor.py:758} INFO - Processing file /home/airflow/.local/lib/python3.7/site-packages/airflow/example_dags/example_xcomargs.py for tasks to queue
[2024-04-28T06:33:33.525+0000] {logging_mixin.py:117} INFO - [2024-04-28T06:33:33.525+0000] {dagbag.py:525} INFO - Filling up the DagBag from /home/airflow/.local/lib/python3.7/site-packages/airflow/example_dags/example_xcomargs.py
[2024-04-28T06:33:33.549+0000] {processor.py:768} INFO - DAG(s) dict_keys(['example_xcom_args_with_operators', 'example_xcom_args']) retrieved from /home/airflow/.local/lib/python3.7/site-packages/airflow/example_dags/example_xcomargs.py
[2024-04-28T06:33:33.583+0000] {logging_mixin.py:117} INFO - [2024-04-28T06:33:33.583+0000] {dag.py:2573} INFO - Sync 2 DAGs
[2024-04-28T06:33:33.603+0000] {logging_mixin.py:117} INFO - [2024-04-28T06:33:33.602+0000] {dag.py:3328} INFO - Setting next_dagrun for example_xcom_args to None, run_after=None
[2024-04-28T06:33:33.605+0000] {logging_mixin.py:117} INFO - [2024-04-28T06:33:33.605+0000] {dag.py:3328} INFO - Setting next_dagrun for example_xcom_args_with_operators to None, run_after=None
[2024-04-28T06:33:33.624+0000] {processor.py:178} INFO - Processing /home/airflow/.local/lib/python3.7/site-packages/airflow/example_dags/example_xcomargs.py took 0.103 seconds
[2024-04-28T06:34:04.299+0000] {processor.py:156} INFO - Started process (PID=8735) to work on /home/airflow/.local/lib/python3.7/site-packages/airflow/example_dags/example_xcomargs.py
[2024-04-28T06:34:04.303+0000] {processor.py:758} INFO - Processing file /home/airflow/.local/lib/python3.7/site-packages/airflow/example_dags/example_xcomargs.py for tasks to queue
[2024-04-28T06:34:04.304+0000] {logging_mixin.py:117} INFO - [2024-04-28T06:34:04.304+0000] {dagbag.py:525} INFO - Filling up the DagBag from /home/airflow/.local/lib/python3.7/site-packages/airflow/example_dags/example_xcomargs.py
[2024-04-28T06:34:04.335+0000] {processor.py:768} INFO - DAG(s) dict_keys(['example_xcom_args_with_operators', 'example_xcom_args']) retrieved from /home/airflow/.local/lib/python3.7/site-packages/airflow/example_dags/example_xcomargs.py
[2024-04-28T06:34:04.394+0000] {logging_mixin.py:117} INFO - [2024-04-28T06:34:04.394+0000] {dag.py:2573} INFO - Sync 2 DAGs
[2024-04-28T06:34:04.414+0000] {logging_mixin.py:117} INFO - [2024-04-28T06:34:04.414+0000] {dag.py:3328} INFO - Setting next_dagrun for example_xcom_args to None, run_after=None
[2024-04-28T06:34:04.417+0000] {logging_mixin.py:117} INFO - [2024-04-28T06:34:04.417+0000] {dag.py:3328} INFO - Setting next_dagrun for example_xcom_args_with_operators to None, run_after=None
[2024-04-28T06:34:04.436+0000] {processor.py:178} INFO - Processing /home/airflow/.local/lib/python3.7/site-packages/airflow/example_dags/example_xcomargs.py took 0.140 seconds
[2024-04-28T06:34:35.493+0000] {processor.py:156} INFO - Started process (PID=8951) to work on /home/airflow/.local/lib/python3.7/site-packages/airflow/example_dags/example_xcomargs.py
[2024-04-28T06:34:35.494+0000] {processor.py:758} INFO - Processing file /home/airflow/.local/lib/python3.7/site-packages/airflow/example_dags/example_xcomargs.py for tasks to queue
[2024-04-28T06:34:35.495+0000] {logging_mixin.py:117} INFO - [2024-04-28T06:34:35.495+0000] {dagbag.py:525} INFO - Filling up the DagBag from /home/airflow/.local/lib/python3.7/site-packages/airflow/example_dags/example_xcomargs.py
[2024-04-28T06:34:35.532+0000] {processor.py:768} INFO - DAG(s) dict_keys(['example_xcom_args', 'example_xcom_args_with_operators']) retrieved from /home/airflow/.local/lib/python3.7/site-packages/airflow/example_dags/example_xcomargs.py
[2024-04-28T06:34:35.619+0000] {logging_mixin.py:117} INFO - [2024-04-28T06:34:35.619+0000] {dag.py:2573} INFO - Sync 2 DAGs
[2024-04-28T06:34:35.664+0000] {logging_mixin.py:117} INFO - [2024-04-28T06:34:35.663+0000] {dag.py:3328} INFO - Setting next_dagrun for example_xcom_args to None, run_after=None
[2024-04-28T06:34:35.677+0000] {logging_mixin.py:117} INFO - [2024-04-28T06:34:35.677+0000] {dag.py:3328} INFO - Setting next_dagrun for example_xcom_args_with_operators to None, run_after=None
[2024-04-28T06:34:35.708+0000] {processor.py:178} INFO - Processing /home/airflow/.local/lib/python3.7/site-packages/airflow/example_dags/example_xcomargs.py took 0.219 seconds
[2024-04-28T06:35:06.566+0000] {processor.py:156} INFO - Started process (PID=9161) to work on /home/airflow/.local/lib/python3.7/site-packages/airflow/example_dags/example_xcomargs.py
[2024-04-28T06:35:06.566+0000] {processor.py:758} INFO - Processing file /home/airflow/.local/lib/python3.7/site-packages/airflow/example_dags/example_xcomargs.py for tasks to queue
[2024-04-28T06:35:06.567+0000] {logging_mixin.py:117} INFO - [2024-04-28T06:35:06.567+0000] {dagbag.py:525} INFO - Filling up the DagBag from /home/airflow/.local/lib/python3.7/site-packages/airflow/example_dags/example_xcomargs.py
[2024-04-28T06:35:06.588+0000] {processor.py:768} INFO - DAG(s) dict_keys(['example_xcom_args_with_operators', 'example_xcom_args']) retrieved from /home/airflow/.local/lib/python3.7/site-packages/airflow/example_dags/example_xcomargs.py
[2024-04-28T06:35:06.623+0000] {logging_mixin.py:117} INFO - [2024-04-28T06:35:06.623+0000] {dag.py:2573} INFO - Sync 2 DAGs
[2024-04-28T06:35:06.643+0000] {logging_mixin.py:117} INFO - [2024-04-28T06:35:06.643+0000] {dag.py:3328} INFO - Setting next_dagrun for example_xcom_args to None, run_after=None
[2024-04-28T06:35:06.646+0000] {logging_mixin.py:117} INFO - [2024-04-28T06:35:06.646+0000] {dag.py:3328} INFO - Setting next_dagrun for example_xcom_args_with_operators to None, run_after=None
[2024-04-28T06:35:06.664+0000] {processor.py:178} INFO - Processing /home/airflow/.local/lib/python3.7/site-packages/airflow/example_dags/example_xcomargs.py took 0.101 seconds
[2024-04-28T06:35:37.407+0000] {processor.py:156} INFO - Started process (PID=9380) to work on /home/airflow/.local/lib/python3.7/site-packages/airflow/example_dags/example_xcomargs.py
[2024-04-28T06:35:37.408+0000] {processor.py:758} INFO - Processing file /home/airflow/.local/lib/python3.7/site-packages/airflow/example_dags/example_xcomargs.py for tasks to queue
[2024-04-28T06:35:37.409+0000] {logging_mixin.py:117} INFO - [2024-04-28T06:35:37.408+0000] {dagbag.py:525} INFO - Filling up the DagBag from /home/airflow/.local/lib/python3.7/site-packages/airflow/example_dags/example_xcomargs.py
[2024-04-28T06:35:37.450+0000] {processor.py:768} INFO - DAG(s) dict_keys(['example_xcom_args_with_operators', 'example_xcom_args']) retrieved from /home/airflow/.local/lib/python3.7/site-packages/airflow/example_dags/example_xcomargs.py
[2024-04-28T06:35:37.504+0000] {logging_mixin.py:117} INFO - [2024-04-28T06:35:37.503+0000] {dag.py:2573} INFO - Sync 2 DAGs
[2024-04-28T06:35:37.535+0000] {logging_mixin.py:117} INFO - [2024-04-28T06:35:37.534+0000] {dag.py:3328} INFO - Setting next_dagrun for example_xcom_args to None, run_after=None
[2024-04-28T06:35:37.542+0000] {logging_mixin.py:117} INFO - [2024-04-28T06:35:37.542+0000] {dag.py:3328} INFO - Setting next_dagrun for example_xcom_args_with_operators to None, run_after=None
[2024-04-28T06:35:37.577+0000] {processor.py:178} INFO - Processing /home/airflow/.local/lib/python3.7/site-packages/airflow/example_dags/example_xcomargs.py took 0.173 seconds
[2024-04-28T06:36:07.910+0000] {processor.py:156} INFO - Started process (PID=9598) to work on /home/airflow/.local/lib/python3.7/site-packages/airflow/example_dags/example_xcomargs.py
[2024-04-28T06:36:07.911+0000] {processor.py:758} INFO - Processing file /home/airflow/.local/lib/python3.7/site-packages/airflow/example_dags/example_xcomargs.py for tasks to queue
[2024-04-28T06:36:07.916+0000] {logging_mixin.py:117} INFO - [2024-04-28T06:36:07.915+0000] {dagbag.py:525} INFO - Filling up the DagBag from /home/airflow/.local/lib/python3.7/site-packages/airflow/example_dags/example_xcomargs.py
[2024-04-28T06:36:07.948+0000] {processor.py:768} INFO - DAG(s) dict_keys(['example_xcom_args_with_operators', 'example_xcom_args']) retrieved from /home/airflow/.local/lib/python3.7/site-packages/airflow/example_dags/example_xcomargs.py
[2024-04-28T06:36:08.002+0000] {logging_mixin.py:117} INFO - [2024-04-28T06:36:08.002+0000] {dag.py:2573} INFO - Sync 2 DAGs
[2024-04-28T06:36:08.034+0000] {logging_mixin.py:117} INFO - [2024-04-28T06:36:08.033+0000] {dag.py:3328} INFO - Setting next_dagrun for example_xcom_args to None, run_after=None
[2024-04-28T06:36:08.038+0000] {logging_mixin.py:117} INFO - [2024-04-28T06:36:08.038+0000] {dag.py:3328} INFO - Setting next_dagrun for example_xcom_args_with_operators to None, run_after=None
[2024-04-28T06:36:08.062+0000] {processor.py:178} INFO - Processing /home/airflow/.local/lib/python3.7/site-packages/airflow/example_dags/example_xcomargs.py took 0.160 seconds
[2024-04-28T06:36:39.223+0000] {processor.py:156} INFO - Started process (PID=9816) to work on /home/airflow/.local/lib/python3.7/site-packages/airflow/example_dags/example_xcomargs.py
[2024-04-28T06:36:39.224+0000] {processor.py:758} INFO - Processing file /home/airflow/.local/lib/python3.7/site-packages/airflow/example_dags/example_xcomargs.py for tasks to queue
[2024-04-28T06:36:39.225+0000] {logging_mixin.py:117} INFO - [2024-04-28T06:36:39.225+0000] {dagbag.py:525} INFO - Filling up the DagBag from /home/airflow/.local/lib/python3.7/site-packages/airflow/example_dags/example_xcomargs.py
[2024-04-28T06:36:39.273+0000] {processor.py:768} INFO - DAG(s) dict_keys(['example_xcom_args_with_operators', 'example_xcom_args']) retrieved from /home/airflow/.local/lib/python3.7/site-packages/airflow/example_dags/example_xcomargs.py
[2024-04-28T06:36:39.329+0000] {logging_mixin.py:117} INFO - [2024-04-28T06:36:39.329+0000] {dag.py:2573} INFO - Sync 2 DAGs
[2024-04-28T06:36:39.364+0000] {logging_mixin.py:117} INFO - [2024-04-28T06:36:39.364+0000] {dag.py:3328} INFO - Setting next_dagrun for example_xcom_args to None, run_after=None
[2024-04-28T06:36:39.368+0000] {logging_mixin.py:117} INFO - [2024-04-28T06:36:39.368+0000] {dag.py:3328} INFO - Setting next_dagrun for example_xcom_args_with_operators to None, run_after=None
[2024-04-28T06:36:39.396+0000] {processor.py:178} INFO - Processing /home/airflow/.local/lib/python3.7/site-packages/airflow/example_dags/example_xcomargs.py took 0.180 seconds
[2024-04-28T06:37:10.380+0000] {processor.py:156} INFO - Started process (PID=10025) to work on /home/airflow/.local/lib/python3.7/site-packages/airflow/example_dags/example_xcomargs.py
[2024-04-28T06:37:10.381+0000] {processor.py:758} INFO - Processing file /home/airflow/.local/lib/python3.7/site-packages/airflow/example_dags/example_xcomargs.py for tasks to queue
[2024-04-28T06:37:10.381+0000] {logging_mixin.py:117} INFO - [2024-04-28T06:37:10.381+0000] {dagbag.py:525} INFO - Filling up the DagBag from /home/airflow/.local/lib/python3.7/site-packages/airflow/example_dags/example_xcomargs.py
[2024-04-28T06:37:10.409+0000] {processor.py:768} INFO - DAG(s) dict_keys(['example_xcom_args_with_operators', 'example_xcom_args']) retrieved from /home/airflow/.local/lib/python3.7/site-packages/airflow/example_dags/example_xcomargs.py
[2024-04-28T06:37:10.458+0000] {logging_mixin.py:117} INFO - [2024-04-28T06:37:10.458+0000] {dag.py:2573} INFO - Sync 2 DAGs
[2024-04-28T06:37:10.491+0000] {logging_mixin.py:117} INFO - [2024-04-28T06:37:10.491+0000] {dag.py:3328} INFO - Setting next_dagrun for example_xcom_args to None, run_after=None
[2024-04-28T06:37:10.495+0000] {logging_mixin.py:117} INFO - [2024-04-28T06:37:10.495+0000] {dag.py:3328} INFO - Setting next_dagrun for example_xcom_args_with_operators to None, run_after=None
[2024-04-28T06:37:10.519+0000] {processor.py:178} INFO - Processing /home/airflow/.local/lib/python3.7/site-packages/airflow/example_dags/example_xcomargs.py took 0.143 seconds
[2024-04-28T06:37:41.459+0000] {processor.py:156} INFO - Started process (PID=10246) to work on /home/airflow/.local/lib/python3.7/site-packages/airflow/example_dags/example_xcomargs.py
[2024-04-28T06:37:41.460+0000] {processor.py:758} INFO - Processing file /home/airflow/.local/lib/python3.7/site-packages/airflow/example_dags/example_xcomargs.py for tasks to queue
[2024-04-28T06:37:41.460+0000] {logging_mixin.py:117} INFO - [2024-04-28T06:37:41.460+0000] {dagbag.py:525} INFO - Filling up the DagBag from /home/airflow/.local/lib/python3.7/site-packages/airflow/example_dags/example_xcomargs.py
[2024-04-28T06:37:41.491+0000] {processor.py:768} INFO - DAG(s) dict_keys(['example_xcom_args_with_operators', 'example_xcom_args']) retrieved from /home/airflow/.local/lib/python3.7/site-packages/airflow/example_dags/example_xcomargs.py
[2024-04-28T06:37:41.542+0000] {logging_mixin.py:117} INFO - [2024-04-28T06:37:41.541+0000] {dag.py:2573} INFO - Sync 2 DAGs
[2024-04-28T06:37:41.575+0000] {logging_mixin.py:117} INFO - [2024-04-28T06:37:41.575+0000] {dag.py:3328} INFO - Setting next_dagrun for example_xcom_args to None, run_after=None
[2024-04-28T06:37:41.580+0000] {logging_mixin.py:117} INFO - [2024-04-28T06:37:41.580+0000] {dag.py:3328} INFO - Setting next_dagrun for example_xcom_args_with_operators to None, run_after=None
[2024-04-28T06:37:41.602+0000] {processor.py:178} INFO - Processing /home/airflow/.local/lib/python3.7/site-packages/airflow/example_dags/example_xcomargs.py took 0.146 seconds
[2024-04-28T06:38:12.451+0000] {processor.py:156} INFO - Started process (PID=10462) to work on /home/airflow/.local/lib/python3.7/site-packages/airflow/example_dags/example_xcomargs.py
[2024-04-28T06:38:12.451+0000] {processor.py:758} INFO - Processing file /home/airflow/.local/lib/python3.7/site-packages/airflow/example_dags/example_xcomargs.py for tasks to queue
[2024-04-28T06:38:12.452+0000] {logging_mixin.py:117} INFO - [2024-04-28T06:38:12.452+0000] {dagbag.py:525} INFO - Filling up the DagBag from /home/airflow/.local/lib/python3.7/site-packages/airflow/example_dags/example_xcomargs.py
[2024-04-28T06:38:12.491+0000] {processor.py:768} INFO - DAG(s) dict_keys(['example_xcom_args', 'example_xcom_args_with_operators']) retrieved from /home/airflow/.local/lib/python3.7/site-packages/airflow/example_dags/example_xcomargs.py
[2024-04-28T06:38:12.612+0000] {logging_mixin.py:117} INFO - [2024-04-28T06:38:12.611+0000] {dag.py:2573} INFO - Sync 2 DAGs
[2024-04-28T06:38:12.649+0000] {logging_mixin.py:117} INFO - [2024-04-28T06:38:12.649+0000] {dag.py:3328} INFO - Setting next_dagrun for example_xcom_args to None, run_after=None
[2024-04-28T06:38:12.654+0000] {logging_mixin.py:117} INFO - [2024-04-28T06:38:12.654+0000] {dag.py:3328} INFO - Setting next_dagrun for example_xcom_args_with_operators to None, run_after=None
[2024-04-28T06:38:12.677+0000] {processor.py:178} INFO - Processing /home/airflow/.local/lib/python3.7/site-packages/airflow/example_dags/example_xcomargs.py took 0.230 seconds
[2024-04-28T06:38:43.494+0000] {processor.py:156} INFO - Started process (PID=10673) to work on /home/airflow/.local/lib/python3.7/site-packages/airflow/example_dags/example_xcomargs.py
[2024-04-28T06:38:43.495+0000] {processor.py:758} INFO - Processing file /home/airflow/.local/lib/python3.7/site-packages/airflow/example_dags/example_xcomargs.py for tasks to queue
[2024-04-28T06:38:43.496+0000] {logging_mixin.py:117} INFO - [2024-04-28T06:38:43.495+0000] {dagbag.py:525} INFO - Filling up the DagBag from /home/airflow/.local/lib/python3.7/site-packages/airflow/example_dags/example_xcomargs.py
[2024-04-28T06:38:43.549+0000] {processor.py:768} INFO - DAG(s) dict_keys(['example_xcom_args_with_operators', 'example_xcom_args']) retrieved from /home/airflow/.local/lib/python3.7/site-packages/airflow/example_dags/example_xcomargs.py
[2024-04-28T06:38:43.599+0000] {logging_mixin.py:117} INFO - [2024-04-28T06:38:43.599+0000] {dag.py:2573} INFO - Sync 2 DAGs
[2024-04-28T06:38:43.628+0000] {logging_mixin.py:117} INFO - [2024-04-28T06:38:43.628+0000] {dag.py:3328} INFO - Setting next_dagrun for example_xcom_args to None, run_after=None
[2024-04-28T06:38:43.632+0000] {logging_mixin.py:117} INFO - [2024-04-28T06:38:43.632+0000] {dag.py:3328} INFO - Setting next_dagrun for example_xcom_args_with_operators to None, run_after=None
[2024-04-28T06:38:43.654+0000] {processor.py:178} INFO - Processing /home/airflow/.local/lib/python3.7/site-packages/airflow/example_dags/example_xcomargs.py took 0.164 seconds
[2024-04-28T06:39:14.540+0000] {processor.py:156} INFO - Started process (PID=10893) to work on /home/airflow/.local/lib/python3.7/site-packages/airflow/example_dags/example_xcomargs.py
[2024-04-28T06:39:14.541+0000] {processor.py:758} INFO - Processing file /home/airflow/.local/lib/python3.7/site-packages/airflow/example_dags/example_xcomargs.py for tasks to queue
[2024-04-28T06:39:14.542+0000] {logging_mixin.py:117} INFO - [2024-04-28T06:39:14.542+0000] {dagbag.py:525} INFO - Filling up the DagBag from /home/airflow/.local/lib/python3.7/site-packages/airflow/example_dags/example_xcomargs.py
[2024-04-28T06:39:14.572+0000] {processor.py:768} INFO - DAG(s) dict_keys(['example_xcom_args_with_operators', 'example_xcom_args']) retrieved from /home/airflow/.local/lib/python3.7/site-packages/airflow/example_dags/example_xcomargs.py
[2024-04-28T06:39:14.623+0000] {logging_mixin.py:117} INFO - [2024-04-28T06:39:14.622+0000] {dag.py:2573} INFO - Sync 2 DAGs
[2024-04-28T06:39:14.668+0000] {logging_mixin.py:117} INFO - [2024-04-28T06:39:14.667+0000] {dag.py:3328} INFO - Setting next_dagrun for example_xcom_args to None, run_after=None
[2024-04-28T06:39:14.672+0000] {logging_mixin.py:117} INFO - [2024-04-28T06:39:14.672+0000] {dag.py:3328} INFO - Setting next_dagrun for example_xcom_args_with_operators to None, run_after=None
[2024-04-28T06:39:14.704+0000] {processor.py:178} INFO - Processing /home/airflow/.local/lib/python3.7/site-packages/airflow/example_dags/example_xcomargs.py took 0.167 seconds
[2024-04-28T06:39:45.471+0000] {processor.py:156} INFO - Started process (PID=11109) to work on /home/airflow/.local/lib/python3.7/site-packages/airflow/example_dags/example_xcomargs.py
[2024-04-28T06:39:45.472+0000] {processor.py:758} INFO - Processing file /home/airflow/.local/lib/python3.7/site-packages/airflow/example_dags/example_xcomargs.py for tasks to queue
[2024-04-28T06:39:45.472+0000] {logging_mixin.py:117} INFO - [2024-04-28T06:39:45.472+0000] {dagbag.py:525} INFO - Filling up the DagBag from /home/airflow/.local/lib/python3.7/site-packages/airflow/example_dags/example_xcomargs.py
[2024-04-28T06:39:45.504+0000] {processor.py:768} INFO - DAG(s) dict_keys(['example_xcom_args_with_operators', 'example_xcom_args']) retrieved from /home/airflow/.local/lib/python3.7/site-packages/airflow/example_dags/example_xcomargs.py
[2024-04-28T06:39:45.555+0000] {logging_mixin.py:117} INFO - [2024-04-28T06:39:45.555+0000] {dag.py:2573} INFO - Sync 2 DAGs
[2024-04-28T06:39:45.583+0000] {logging_mixin.py:117} INFO - [2024-04-28T06:39:45.583+0000] {dag.py:3328} INFO - Setting next_dagrun for example_xcom_args to None, run_after=None
[2024-04-28T06:39:45.587+0000] {logging_mixin.py:117} INFO - [2024-04-28T06:39:45.587+0000] {dag.py:3328} INFO - Setting next_dagrun for example_xcom_args_with_operators to None, run_after=None
[2024-04-28T06:39:45.609+0000] {processor.py:178} INFO - Processing /home/airflow/.local/lib/python3.7/site-packages/airflow/example_dags/example_xcomargs.py took 0.142 seconds
[2024-04-28T06:40:15.867+0000] {processor.py:156} INFO - Started process (PID=11327) to work on /home/airflow/.local/lib/python3.7/site-packages/airflow/example_dags/example_xcomargs.py
[2024-04-28T06:40:15.868+0000] {processor.py:758} INFO - Processing file /home/airflow/.local/lib/python3.7/site-packages/airflow/example_dags/example_xcomargs.py for tasks to queue
[2024-04-28T06:40:15.869+0000] {logging_mixin.py:117} INFO - [2024-04-28T06:40:15.869+0000] {dagbag.py:525} INFO - Filling up the DagBag from /home/airflow/.local/lib/python3.7/site-packages/airflow/example_dags/example_xcomargs.py
[2024-04-28T06:40:15.934+0000] {processor.py:768} INFO - DAG(s) dict_keys(['example_xcom_args', 'example_xcom_args_with_operators']) retrieved from /home/airflow/.local/lib/python3.7/site-packages/airflow/example_dags/example_xcomargs.py
[2024-04-28T06:40:16.058+0000] {logging_mixin.py:117} INFO - [2024-04-28T06:40:16.057+0000] {dag.py:2573} INFO - Sync 2 DAGs
[2024-04-28T06:40:16.096+0000] {logging_mixin.py:117} INFO - [2024-04-28T06:40:16.095+0000] {dag.py:3328} INFO - Setting next_dagrun for example_xcom_args to None, run_after=None
[2024-04-28T06:40:16.100+0000] {logging_mixin.py:117} INFO - [2024-04-28T06:40:16.099+0000] {dag.py:3328} INFO - Setting next_dagrun for example_xcom_args_with_operators to None, run_after=None
[2024-04-28T06:40:16.127+0000] {processor.py:178} INFO - Processing /home/airflow/.local/lib/python3.7/site-packages/airflow/example_dags/example_xcomargs.py took 0.270 seconds
[2024-04-28T06:40:46.218+0000] {processor.py:156} INFO - Started process (PID=11536) to work on /home/airflow/.local/lib/python3.7/site-packages/airflow/example_dags/example_xcomargs.py
[2024-04-28T06:40:46.218+0000] {processor.py:758} INFO - Processing file /home/airflow/.local/lib/python3.7/site-packages/airflow/example_dags/example_xcomargs.py for tasks to queue
[2024-04-28T06:40:46.219+0000] {logging_mixin.py:117} INFO - [2024-04-28T06:40:46.219+0000] {dagbag.py:525} INFO - Filling up the DagBag from /home/airflow/.local/lib/python3.7/site-packages/airflow/example_dags/example_xcomargs.py
[2024-04-28T06:40:46.252+0000] {processor.py:768} INFO - DAG(s) dict_keys(['example_xcom_args', 'example_xcom_args_with_operators']) retrieved from /home/airflow/.local/lib/python3.7/site-packages/airflow/example_dags/example_xcomargs.py
[2024-04-28T06:40:46.300+0000] {logging_mixin.py:117} INFO - [2024-04-28T06:40:46.300+0000] {dag.py:2573} INFO - Sync 2 DAGs
[2024-04-28T06:40:46.329+0000] {logging_mixin.py:117} INFO - [2024-04-28T06:40:46.329+0000] {dag.py:3328} INFO - Setting next_dagrun for example_xcom_args to None, run_after=None
[2024-04-28T06:40:46.333+0000] {logging_mixin.py:117} INFO - [2024-04-28T06:40:46.332+0000] {dag.py:3328} INFO - Setting next_dagrun for example_xcom_args_with_operators to None, run_after=None
[2024-04-28T06:40:46.356+0000] {processor.py:178} INFO - Processing /home/airflow/.local/lib/python3.7/site-packages/airflow/example_dags/example_xcomargs.py took 0.142 seconds
[2024-04-28T06:41:17.189+0000] {processor.py:156} INFO - Started process (PID=11753) to work on /home/airflow/.local/lib/python3.7/site-packages/airflow/example_dags/example_xcomargs.py
[2024-04-28T06:41:17.197+0000] {processor.py:758} INFO - Processing file /home/airflow/.local/lib/python3.7/site-packages/airflow/example_dags/example_xcomargs.py for tasks to queue
[2024-04-28T06:41:17.198+0000] {logging_mixin.py:117} INFO - [2024-04-28T06:41:17.198+0000] {dagbag.py:525} INFO - Filling up the DagBag from /home/airflow/.local/lib/python3.7/site-packages/airflow/example_dags/example_xcomargs.py
[2024-04-28T06:41:17.266+0000] {processor.py:768} INFO - DAG(s) dict_keys(['example_xcom_args_with_operators', 'example_xcom_args']) retrieved from /home/airflow/.local/lib/python3.7/site-packages/airflow/example_dags/example_xcomargs.py
[2024-04-28T06:41:17.328+0000] {logging_mixin.py:117} INFO - [2024-04-28T06:41:17.328+0000] {dag.py:2573} INFO - Sync 2 DAGs
[2024-04-28T06:41:17.363+0000] {logging_mixin.py:117} INFO - [2024-04-28T06:41:17.363+0000] {dag.py:3328} INFO - Setting next_dagrun for example_xcom_args to None, run_after=None
[2024-04-28T06:41:17.367+0000] {logging_mixin.py:117} INFO - [2024-04-28T06:41:17.367+0000] {dag.py:3328} INFO - Setting next_dagrun for example_xcom_args_with_operators to None, run_after=None
[2024-04-28T06:41:17.390+0000] {processor.py:178} INFO - Processing /home/airflow/.local/lib/python3.7/site-packages/airflow/example_dags/example_xcomargs.py took 0.206 seconds
[2024-04-28T06:41:49.513+0000] {processor.py:156} INFO - Started process (PID=11969) to work on /home/airflow/.local/lib/python3.7/site-packages/airflow/example_dags/example_xcomargs.py
[2024-04-28T06:41:49.514+0000] {processor.py:758} INFO - Processing file /home/airflow/.local/lib/python3.7/site-packages/airflow/example_dags/example_xcomargs.py for tasks to queue
[2024-04-28T06:41:49.515+0000] {logging_mixin.py:117} INFO - [2024-04-28T06:41:49.515+0000] {dagbag.py:525} INFO - Filling up the DagBag from /home/airflow/.local/lib/python3.7/site-packages/airflow/example_dags/example_xcomargs.py
[2024-04-28T06:41:49.575+0000] {processor.py:768} INFO - DAG(s) dict_keys(['example_xcom_args_with_operators', 'example_xcom_args']) retrieved from /home/airflow/.local/lib/python3.7/site-packages/airflow/example_dags/example_xcomargs.py
