[2024-04-28T06:13:58.202+0000] {processor.py:156} INFO - Started process (PID=258) to work on /home/airflow/.local/lib/python3.7/site-packages/airflow/example_dags/example_branch_operator_decorator.py
[2024-04-28T06:13:58.202+0000] {processor.py:758} INFO - Processing file /home/airflow/.local/lib/python3.7/site-packages/airflow/example_dags/example_branch_operator_decorator.py for tasks to queue
[2024-04-28T06:13:58.203+0000] {logging_mixin.py:117} INFO - [2024-04-28T06:13:58.203+0000] {dagbag.py:525} INFO - Filling up the DagBag from /home/airflow/.local/lib/python3.7/site-packages/airflow/example_dags/example_branch_operator_decorator.py
[2024-04-28T06:13:58.229+0000] {processor.py:768} INFO - DAG(s) dict_keys(['example_branch_python_operator_decorator']) retrieved from /home/airflow/.local/lib/python3.7/site-packages/airflow/example_dags/example_branch_operator_decorator.py
[2024-04-28T06:13:58.274+0000] {logging_mixin.py:117} INFO - [2024-04-28T06:13:58.274+0000] {dag.py:2573} INFO - Sync 1 DAGs
[2024-04-28T06:13:58.297+0000] {logging_mixin.py:117} INFO - [2024-04-28T06:13:58.297+0000] {dag.py:3328} INFO - Setting next_dagrun for example_branch_python_operator_decorator to 2024-04-27T00:00:00+00:00, run_after=2024-04-28T00:00:00+00:00
[2024-04-28T06:13:58.321+0000] {processor.py:178} INFO - Processing /home/airflow/.local/lib/python3.7/site-packages/airflow/example_dags/example_branch_operator_decorator.py took 0.123 seconds
[2024-04-28T06:14:29.460+0000] {processor.py:156} INFO - Started process (PID=476) to work on /home/airflow/.local/lib/python3.7/site-packages/airflow/example_dags/example_branch_operator_decorator.py
[2024-04-28T06:14:29.461+0000] {processor.py:758} INFO - Processing file /home/airflow/.local/lib/python3.7/site-packages/airflow/example_dags/example_branch_operator_decorator.py for tasks to queue
[2024-04-28T06:14:29.462+0000] {logging_mixin.py:117} INFO - [2024-04-28T06:14:29.462+0000] {dagbag.py:525} INFO - Filling up the DagBag from /home/airflow/.local/lib/python3.7/site-packages/airflow/example_dags/example_branch_operator_decorator.py
[2024-04-28T06:14:29.493+0000] {processor.py:768} INFO - DAG(s) dict_keys(['example_branch_python_operator_decorator']) retrieved from /home/airflow/.local/lib/python3.7/site-packages/airflow/example_dags/example_branch_operator_decorator.py
[2024-04-28T06:14:29.559+0000] {logging_mixin.py:117} INFO - [2024-04-28T06:14:29.559+0000] {dag.py:2573} INFO - Sync 1 DAGs
[2024-04-28T06:14:29.592+0000] {logging_mixin.py:117} INFO - [2024-04-28T06:14:29.592+0000] {dag.py:3328} INFO - Setting next_dagrun for example_branch_python_operator_decorator to 2024-04-27T00:00:00+00:00, run_after=2024-04-28T00:00:00+00:00
[2024-04-28T06:14:29.622+0000] {processor.py:178} INFO - Processing /home/airflow/.local/lib/python3.7/site-packages/airflow/example_dags/example_branch_operator_decorator.py took 0.165 seconds
[2024-04-28T06:14:59.800+0000] {processor.py:156} INFO - Started process (PID=684) to work on /home/airflow/.local/lib/python3.7/site-packages/airflow/example_dags/example_branch_operator_decorator.py
[2024-04-28T06:14:59.801+0000] {processor.py:758} INFO - Processing file /home/airflow/.local/lib/python3.7/site-packages/airflow/example_dags/example_branch_operator_decorator.py for tasks to queue
[2024-04-28T06:14:59.802+0000] {logging_mixin.py:117} INFO - [2024-04-28T06:14:59.802+0000] {dagbag.py:525} INFO - Filling up the DagBag from /home/airflow/.local/lib/python3.7/site-packages/airflow/example_dags/example_branch_operator_decorator.py
[2024-04-28T06:14:59.839+0000] {processor.py:768} INFO - DAG(s) dict_keys(['example_branch_python_operator_decorator']) retrieved from /home/airflow/.local/lib/python3.7/site-packages/airflow/example_dags/example_branch_operator_decorator.py
[2024-04-28T06:14:59.886+0000] {logging_mixin.py:117} INFO - [2024-04-28T06:14:59.886+0000] {dag.py:2573} INFO - Sync 1 DAGs
[2024-04-28T06:14:59.917+0000] {logging_mixin.py:117} INFO - [2024-04-28T06:14:59.916+0000] {dag.py:3328} INFO - Setting next_dagrun for example_branch_python_operator_decorator to 2024-04-27T00:00:00+00:00, run_after=2024-04-28T00:00:00+00:00
[2024-04-28T06:14:59.942+0000] {processor.py:178} INFO - Processing /home/airflow/.local/lib/python3.7/site-packages/airflow/example_dags/example_branch_operator_decorator.py took 0.146 seconds
[2024-04-28T06:15:30.180+0000] {processor.py:156} INFO - Started process (PID=903) to work on /home/airflow/.local/lib/python3.7/site-packages/airflow/example_dags/example_branch_operator_decorator.py
[2024-04-28T06:15:30.182+0000] {processor.py:758} INFO - Processing file /home/airflow/.local/lib/python3.7/site-packages/airflow/example_dags/example_branch_operator_decorator.py for tasks to queue
[2024-04-28T06:15:30.183+0000] {logging_mixin.py:117} INFO - [2024-04-28T06:15:30.183+0000] {dagbag.py:525} INFO - Filling up the DagBag from /home/airflow/.local/lib/python3.7/site-packages/airflow/example_dags/example_branch_operator_decorator.py
[2024-04-28T06:15:30.232+0000] {processor.py:768} INFO - DAG(s) dict_keys(['example_branch_python_operator_decorator']) retrieved from /home/airflow/.local/lib/python3.7/site-packages/airflow/example_dags/example_branch_operator_decorator.py
[2024-04-28T06:15:30.332+0000] {logging_mixin.py:117} INFO - [2024-04-28T06:15:30.332+0000] {dag.py:2573} INFO - Sync 1 DAGs
[2024-04-28T06:15:30.373+0000] {logging_mixin.py:117} INFO - [2024-04-28T06:15:30.373+0000] {dag.py:3328} INFO - Setting next_dagrun for example_branch_python_operator_decorator to 2024-04-27T00:00:00+00:00, run_after=2024-04-28T00:00:00+00:00
[2024-04-28T06:15:30.417+0000] {processor.py:178} INFO - Processing /home/airflow/.local/lib/python3.7/site-packages/airflow/example_dags/example_branch_operator_decorator.py took 0.240 seconds
[2024-04-28T06:16:01.819+0000] {processor.py:156} INFO - Started process (PID=1124) to work on /home/airflow/.local/lib/python3.7/site-packages/airflow/example_dags/example_branch_operator_decorator.py
[2024-04-28T06:16:01.819+0000] {processor.py:758} INFO - Processing file /home/airflow/.local/lib/python3.7/site-packages/airflow/example_dags/example_branch_operator_decorator.py for tasks to queue
[2024-04-28T06:16:01.820+0000] {logging_mixin.py:117} INFO - [2024-04-28T06:16:01.820+0000] {dagbag.py:525} INFO - Filling up the DagBag from /home/airflow/.local/lib/python3.7/site-packages/airflow/example_dags/example_branch_operator_decorator.py
[2024-04-28T06:16:01.851+0000] {processor.py:768} INFO - DAG(s) dict_keys(['example_branch_python_operator_decorator']) retrieved from /home/airflow/.local/lib/python3.7/site-packages/airflow/example_dags/example_branch_operator_decorator.py
[2024-04-28T06:16:01.940+0000] {logging_mixin.py:117} INFO - [2024-04-28T06:16:01.939+0000] {dag.py:2573} INFO - Sync 1 DAGs
[2024-04-28T06:16:01.983+0000] {logging_mixin.py:117} INFO - [2024-04-28T06:16:01.983+0000] {dag.py:3328} INFO - Setting next_dagrun for example_branch_python_operator_decorator to 2024-04-27T00:00:00+00:00, run_after=2024-04-28T00:00:00+00:00
[2024-04-28T06:16:02.156+0000] {processor.py:178} INFO - Processing /home/airflow/.local/lib/python3.7/site-packages/airflow/example_dags/example_branch_operator_decorator.py took 0.340 seconds
[2024-04-28T06:16:33.441+0000] {processor.py:156} INFO - Started process (PID=1340) to work on /home/airflow/.local/lib/python3.7/site-packages/airflow/example_dags/example_branch_operator_decorator.py
[2024-04-28T06:16:33.442+0000] {processor.py:758} INFO - Processing file /home/airflow/.local/lib/python3.7/site-packages/airflow/example_dags/example_branch_operator_decorator.py for tasks to queue
[2024-04-28T06:16:33.443+0000] {logging_mixin.py:117} INFO - [2024-04-28T06:16:33.443+0000] {dagbag.py:525} INFO - Filling up the DagBag from /home/airflow/.local/lib/python3.7/site-packages/airflow/example_dags/example_branch_operator_decorator.py
[2024-04-28T06:16:33.497+0000] {processor.py:768} INFO - DAG(s) dict_keys(['example_branch_python_operator_decorator']) retrieved from /home/airflow/.local/lib/python3.7/site-packages/airflow/example_dags/example_branch_operator_decorator.py
[2024-04-28T06:16:33.560+0000] {logging_mixin.py:117} INFO - [2024-04-28T06:16:33.559+0000] {dag.py:2573} INFO - Sync 1 DAGs
[2024-04-28T06:16:33.761+0000] {logging_mixin.py:117} INFO - [2024-04-28T06:16:33.760+0000] {dag.py:3328} INFO - Setting next_dagrun for example_branch_python_operator_decorator to 2024-04-27T00:00:00+00:00, run_after=2024-04-28T00:00:00+00:00
[2024-04-28T06:16:33.803+0000] {processor.py:178} INFO - Processing /home/airflow/.local/lib/python3.7/site-packages/airflow/example_dags/example_branch_operator_decorator.py took 0.366 seconds
[2024-04-28T06:17:03.887+0000] {processor.py:156} INFO - Started process (PID=1550) to work on /home/airflow/.local/lib/python3.7/site-packages/airflow/example_dags/example_branch_operator_decorator.py
[2024-04-28T06:17:03.887+0000] {processor.py:758} INFO - Processing file /home/airflow/.local/lib/python3.7/site-packages/airflow/example_dags/example_branch_operator_decorator.py for tasks to queue
[2024-04-28T06:17:03.888+0000] {logging_mixin.py:117} INFO - [2024-04-28T06:17:03.888+0000] {dagbag.py:525} INFO - Filling up the DagBag from /home/airflow/.local/lib/python3.7/site-packages/airflow/example_dags/example_branch_operator_decorator.py
[2024-04-28T06:17:03.916+0000] {processor.py:768} INFO - DAG(s) dict_keys(['example_branch_python_operator_decorator']) retrieved from /home/airflow/.local/lib/python3.7/site-packages/airflow/example_dags/example_branch_operator_decorator.py
[2024-04-28T06:17:04.118+0000] {logging_mixin.py:117} INFO - [2024-04-28T06:17:04.118+0000] {dag.py:2573} INFO - Sync 1 DAGs
[2024-04-28T06:17:04.139+0000] {logging_mixin.py:117} INFO - [2024-04-28T06:17:04.139+0000] {dag.py:3328} INFO - Setting next_dagrun for example_branch_python_operator_decorator to 2024-04-27T00:00:00+00:00, run_after=2024-04-28T00:00:00+00:00
[2024-04-28T06:17:04.159+0000] {processor.py:178} INFO - Processing /home/airflow/.local/lib/python3.7/site-packages/airflow/example_dags/example_branch_operator_decorator.py took 0.276 seconds
[2024-04-28T06:17:34.737+0000] {processor.py:156} INFO - Started process (PID=1765) to work on /home/airflow/.local/lib/python3.7/site-packages/airflow/example_dags/example_branch_operator_decorator.py
[2024-04-28T06:17:34.738+0000] {processor.py:758} INFO - Processing file /home/airflow/.local/lib/python3.7/site-packages/airflow/example_dags/example_branch_operator_decorator.py for tasks to queue
[2024-04-28T06:17:34.739+0000] {logging_mixin.py:117} INFO - [2024-04-28T06:17:34.739+0000] {dagbag.py:525} INFO - Filling up the DagBag from /home/airflow/.local/lib/python3.7/site-packages/airflow/example_dags/example_branch_operator_decorator.py
[2024-04-28T06:17:34.770+0000] {processor.py:768} INFO - DAG(s) dict_keys(['example_branch_python_operator_decorator']) retrieved from /home/airflow/.local/lib/python3.7/site-packages/airflow/example_dags/example_branch_operator_decorator.py
[2024-04-28T06:17:34.964+0000] {logging_mixin.py:117} INFO - [2024-04-28T06:17:34.964+0000] {dag.py:2573} INFO - Sync 1 DAGs
[2024-04-28T06:17:34.987+0000] {logging_mixin.py:117} INFO - [2024-04-28T06:17:34.987+0000] {dag.py:3328} INFO - Setting next_dagrun for example_branch_python_operator_decorator to 2024-04-27T00:00:00+00:00, run_after=2024-04-28T00:00:00+00:00
[2024-04-28T06:17:35.007+0000] {processor.py:178} INFO - Processing /home/airflow/.local/lib/python3.7/site-packages/airflow/example_dags/example_branch_operator_decorator.py took 0.273 seconds
[2024-04-28T06:18:05.928+0000] {processor.py:156} INFO - Started process (PID=1983) to work on /home/airflow/.local/lib/python3.7/site-packages/airflow/example_dags/example_branch_operator_decorator.py
[2024-04-28T06:18:05.935+0000] {processor.py:758} INFO - Processing file /home/airflow/.local/lib/python3.7/site-packages/airflow/example_dags/example_branch_operator_decorator.py for tasks to queue
[2024-04-28T06:18:05.935+0000] {logging_mixin.py:117} INFO - [2024-04-28T06:18:05.935+0000] {dagbag.py:525} INFO - Filling up the DagBag from /home/airflow/.local/lib/python3.7/site-packages/airflow/example_dags/example_branch_operator_decorator.py
[2024-04-28T06:18:06.028+0000] {processor.py:768} INFO - DAG(s) dict_keys(['example_branch_python_operator_decorator']) retrieved from /home/airflow/.local/lib/python3.7/site-packages/airflow/example_dags/example_branch_operator_decorator.py
[2024-04-28T06:18:06.221+0000] {logging_mixin.py:117} INFO - [2024-04-28T06:18:06.221+0000] {dag.py:2573} INFO - Sync 1 DAGs
[2024-04-28T06:18:06.266+0000] {logging_mixin.py:117} INFO - [2024-04-28T06:18:06.266+0000] {dag.py:3328} INFO - Setting next_dagrun for example_branch_python_operator_decorator to 2024-04-27T00:00:00+00:00, run_after=2024-04-28T00:00:00+00:00
[2024-04-28T06:18:06.302+0000] {processor.py:178} INFO - Processing /home/airflow/.local/lib/python3.7/site-packages/airflow/example_dags/example_branch_operator_decorator.py took 0.378 seconds
[2024-04-28T06:18:36.379+0000] {processor.py:156} INFO - Started process (PID=2191) to work on /home/airflow/.local/lib/python3.7/site-packages/airflow/example_dags/example_branch_operator_decorator.py
[2024-04-28T06:18:36.380+0000] {processor.py:758} INFO - Processing file /home/airflow/.local/lib/python3.7/site-packages/airflow/example_dags/example_branch_operator_decorator.py for tasks to queue
[2024-04-28T06:18:36.381+0000] {logging_mixin.py:117} INFO - [2024-04-28T06:18:36.381+0000] {dagbag.py:525} INFO - Filling up the DagBag from /home/airflow/.local/lib/python3.7/site-packages/airflow/example_dags/example_branch_operator_decorator.py
[2024-04-28T06:18:36.554+0000] {processor.py:768} INFO - DAG(s) dict_keys(['example_branch_python_operator_decorator']) retrieved from /home/airflow/.local/lib/python3.7/site-packages/airflow/example_dags/example_branch_operator_decorator.py
[2024-04-28T06:18:36.589+0000] {logging_mixin.py:117} INFO - [2024-04-28T06:18:36.589+0000] {dag.py:2573} INFO - Sync 1 DAGs
[2024-04-28T06:18:36.614+0000] {logging_mixin.py:117} INFO - [2024-04-28T06:18:36.614+0000] {dag.py:3328} INFO - Setting next_dagrun for example_branch_python_operator_decorator to 2024-04-27T00:00:00+00:00, run_after=2024-04-28T00:00:00+00:00
[2024-04-28T06:18:36.639+0000] {processor.py:178} INFO - Processing /home/airflow/.local/lib/python3.7/site-packages/airflow/example_dags/example_branch_operator_decorator.py took 0.263 seconds
[2024-04-28T06:19:07.774+0000] {processor.py:156} INFO - Started process (PID=2412) to work on /home/airflow/.local/lib/python3.7/site-packages/airflow/example_dags/example_branch_operator_decorator.py
[2024-04-28T06:19:07.775+0000] {processor.py:758} INFO - Processing file /home/airflow/.local/lib/python3.7/site-packages/airflow/example_dags/example_branch_operator_decorator.py for tasks to queue
[2024-04-28T06:19:07.775+0000] {logging_mixin.py:117} INFO - [2024-04-28T06:19:07.775+0000] {dagbag.py:525} INFO - Filling up the DagBag from /home/airflow/.local/lib/python3.7/site-packages/airflow/example_dags/example_branch_operator_decorator.py
[2024-04-28T06:19:07.796+0000] {processor.py:768} INFO - DAG(s) dict_keys(['example_branch_python_operator_decorator']) retrieved from /home/airflow/.local/lib/python3.7/site-packages/airflow/example_dags/example_branch_operator_decorator.py
[2024-04-28T06:19:07.831+0000] {logging_mixin.py:117} INFO - [2024-04-28T06:19:07.831+0000] {dag.py:2573} INFO - Sync 1 DAGs
[2024-04-28T06:19:07.987+0000] {logging_mixin.py:117} INFO - [2024-04-28T06:19:07.987+0000] {dag.py:3328} INFO - Setting next_dagrun for example_branch_python_operator_decorator to 2024-04-27T00:00:00+00:00, run_after=2024-04-28T00:00:00+00:00
[2024-04-28T06:19:08.006+0000] {processor.py:178} INFO - Processing /home/airflow/.local/lib/python3.7/site-packages/airflow/example_dags/example_branch_operator_decorator.py took 0.235 seconds
[2024-04-28T06:19:39.263+0000] {processor.py:156} INFO - Started process (PID=2627) to work on /home/airflow/.local/lib/python3.7/site-packages/airflow/example_dags/example_branch_operator_decorator.py
[2024-04-28T06:19:39.264+0000] {processor.py:758} INFO - Processing file /home/airflow/.local/lib/python3.7/site-packages/airflow/example_dags/example_branch_operator_decorator.py for tasks to queue
[2024-04-28T06:19:39.265+0000] {logging_mixin.py:117} INFO - [2024-04-28T06:19:39.265+0000] {dagbag.py:525} INFO - Filling up the DagBag from /home/airflow/.local/lib/python3.7/site-packages/airflow/example_dags/example_branch_operator_decorator.py
[2024-04-28T06:19:39.299+0000] {processor.py:768} INFO - DAG(s) dict_keys(['example_branch_python_operator_decorator']) retrieved from /home/airflow/.local/lib/python3.7/site-packages/airflow/example_dags/example_branch_operator_decorator.py
[2024-04-28T06:19:39.641+0000] {logging_mixin.py:117} INFO - [2024-04-28T06:19:39.640+0000] {dag.py:2573} INFO - Sync 1 DAGs
[2024-04-28T06:19:39.672+0000] {logging_mixin.py:117} INFO - [2024-04-28T06:19:39.672+0000] {dag.py:3328} INFO - Setting next_dagrun for example_branch_python_operator_decorator to 2024-04-27T00:00:00+00:00, run_after=2024-04-28T00:00:00+00:00
[2024-04-28T06:19:39.710+0000] {processor.py:178} INFO - Processing /home/airflow/.local/lib/python3.7/site-packages/airflow/example_dags/example_branch_operator_decorator.py took 0.451 seconds
[2024-04-28T06:20:09.794+0000] {processor.py:156} INFO - Started process (PID=2838) to work on /home/airflow/.local/lib/python3.7/site-packages/airflow/example_dags/example_branch_operator_decorator.py
[2024-04-28T06:20:09.795+0000] {processor.py:758} INFO - Processing file /home/airflow/.local/lib/python3.7/site-packages/airflow/example_dags/example_branch_operator_decorator.py for tasks to queue
[2024-04-28T06:20:09.795+0000] {logging_mixin.py:117} INFO - [2024-04-28T06:20:09.795+0000] {dagbag.py:525} INFO - Filling up the DagBag from /home/airflow/.local/lib/python3.7/site-packages/airflow/example_dags/example_branch_operator_decorator.py
[2024-04-28T06:20:09.816+0000] {processor.py:768} INFO - DAG(s) dict_keys(['example_branch_python_operator_decorator']) retrieved from /home/airflow/.local/lib/python3.7/site-packages/airflow/example_dags/example_branch_operator_decorator.py
[2024-04-28T06:20:09.956+0000] {logging_mixin.py:117} INFO - [2024-04-28T06:20:09.956+0000] {dag.py:2573} INFO - Sync 1 DAGs
[2024-04-28T06:20:09.985+0000] {logging_mixin.py:117} INFO - [2024-04-28T06:20:09.985+0000] {dag.py:3328} INFO - Setting next_dagrun for example_branch_python_operator_decorator to 2024-04-27T00:00:00+00:00, run_after=2024-04-28T00:00:00+00:00
[2024-04-28T06:20:10.006+0000] {processor.py:178} INFO - Processing /home/airflow/.local/lib/python3.7/site-packages/airflow/example_dags/example_branch_operator_decorator.py took 0.215 seconds
[2024-04-28T06:20:40.185+0000] {processor.py:156} INFO - Started process (PID=3054) to work on /home/airflow/.local/lib/python3.7/site-packages/airflow/example_dags/example_branch_operator_decorator.py
[2024-04-28T06:20:40.186+0000] {processor.py:758} INFO - Processing file /home/airflow/.local/lib/python3.7/site-packages/airflow/example_dags/example_branch_operator_decorator.py for tasks to queue
[2024-04-28T06:20:40.186+0000] {logging_mixin.py:117} INFO - [2024-04-28T06:20:40.186+0000] {dagbag.py:525} INFO - Filling up the DagBag from /home/airflow/.local/lib/python3.7/site-packages/airflow/example_dags/example_branch_operator_decorator.py
[2024-04-28T06:20:40.373+0000] {processor.py:768} INFO - DAG(s) dict_keys(['example_branch_python_operator_decorator']) retrieved from /home/airflow/.local/lib/python3.7/site-packages/airflow/example_dags/example_branch_operator_decorator.py
[2024-04-28T06:20:40.429+0000] {logging_mixin.py:117} INFO - [2024-04-28T06:20:40.428+0000] {dag.py:2573} INFO - Sync 1 DAGs
[2024-04-28T06:20:40.460+0000] {logging_mixin.py:117} INFO - [2024-04-28T06:20:40.459+0000] {dag.py:3328} INFO - Setting next_dagrun for example_branch_python_operator_decorator to 2024-04-27T00:00:00+00:00, run_after=2024-04-28T00:00:00+00:00
[2024-04-28T06:20:40.483+0000] {processor.py:178} INFO - Processing /home/airflow/.local/lib/python3.7/site-packages/airflow/example_dags/example_branch_operator_decorator.py took 0.302 seconds
[2024-04-28T06:21:10.764+0000] {processor.py:156} INFO - Started process (PID=3269) to work on /home/airflow/.local/lib/python3.7/site-packages/airflow/example_dags/example_branch_operator_decorator.py
[2024-04-28T06:21:10.766+0000] {processor.py:758} INFO - Processing file /home/airflow/.local/lib/python3.7/site-packages/airflow/example_dags/example_branch_operator_decorator.py for tasks to queue
[2024-04-28T06:21:10.768+0000] {logging_mixin.py:117} INFO - [2024-04-28T06:21:10.767+0000] {dagbag.py:525} INFO - Filling up the DagBag from /home/airflow/.local/lib/python3.7/site-packages/airflow/example_dags/example_branch_operator_decorator.py
[2024-04-28T06:21:10.832+0000] {processor.py:768} INFO - DAG(s) dict_keys(['example_branch_python_operator_decorator']) retrieved from /home/airflow/.local/lib/python3.7/site-packages/airflow/example_dags/example_branch_operator_decorator.py
[2024-04-28T06:21:10.916+0000] {logging_mixin.py:117} INFO - [2024-04-28T06:21:10.915+0000] {dag.py:2573} INFO - Sync 1 DAGs
[2024-04-28T06:21:11.219+0000] {logging_mixin.py:117} INFO - [2024-04-28T06:21:11.219+0000] {dag.py:3328} INFO - Setting next_dagrun for example_branch_python_operator_decorator to 2024-04-27T00:00:00+00:00, run_after=2024-04-28T00:00:00+00:00
[2024-04-28T06:21:11.262+0000] {processor.py:178} INFO - Processing /home/airflow/.local/lib/python3.7/site-packages/airflow/example_dags/example_branch_operator_decorator.py took 0.501 seconds
[2024-04-28T06:21:41.834+0000] {processor.py:156} INFO - Started process (PID=3479) to work on /home/airflow/.local/lib/python3.7/site-packages/airflow/example_dags/example_branch_operator_decorator.py
[2024-04-28T06:21:41.835+0000] {processor.py:758} INFO - Processing file /home/airflow/.local/lib/python3.7/site-packages/airflow/example_dags/example_branch_operator_decorator.py for tasks to queue
[2024-04-28T06:21:41.835+0000] {logging_mixin.py:117} INFO - [2024-04-28T06:21:41.835+0000] {dagbag.py:525} INFO - Filling up the DagBag from /home/airflow/.local/lib/python3.7/site-packages/airflow/example_dags/example_branch_operator_decorator.py
[2024-04-28T06:21:41.884+0000] {processor.py:768} INFO - DAG(s) dict_keys(['example_branch_python_operator_decorator']) retrieved from /home/airflow/.local/lib/python3.7/site-packages/airflow/example_dags/example_branch_operator_decorator.py
[2024-04-28T06:21:42.150+0000] {logging_mixin.py:117} INFO - [2024-04-28T06:21:42.150+0000] {dag.py:2573} INFO - Sync 1 DAGs
[2024-04-28T06:21:42.203+0000] {logging_mixin.py:117} INFO - [2024-04-28T06:21:42.203+0000] {dag.py:3328} INFO - Setting next_dagrun for example_branch_python_operator_decorator to 2024-04-27T00:00:00+00:00, run_after=2024-04-28T00:00:00+00:00
[2024-04-28T06:21:42.240+0000] {processor.py:178} INFO - Processing /home/airflow/.local/lib/python3.7/site-packages/airflow/example_dags/example_branch_operator_decorator.py took 0.410 seconds
[2024-04-28T06:22:12.422+0000] {processor.py:156} INFO - Started process (PID=3696) to work on /home/airflow/.local/lib/python3.7/site-packages/airflow/example_dags/example_branch_operator_decorator.py
[2024-04-28T06:22:12.424+0000] {processor.py:758} INFO - Processing file /home/airflow/.local/lib/python3.7/site-packages/airflow/example_dags/example_branch_operator_decorator.py for tasks to queue
[2024-04-28T06:22:12.424+0000] {logging_mixin.py:117} INFO - [2024-04-28T06:22:12.424+0000] {dagbag.py:525} INFO - Filling up the DagBag from /home/airflow/.local/lib/python3.7/site-packages/airflow/example_dags/example_branch_operator_decorator.py
[2024-04-28T06:22:12.453+0000] {processor.py:768} INFO - DAG(s) dict_keys(['example_branch_python_operator_decorator']) retrieved from /home/airflow/.local/lib/python3.7/site-packages/airflow/example_dags/example_branch_operator_decorator.py
[2024-04-28T06:22:12.632+0000] {logging_mixin.py:117} INFO - [2024-04-28T06:22:12.632+0000] {dag.py:2573} INFO - Sync 1 DAGs
[2024-04-28T06:22:12.664+0000] {logging_mixin.py:117} INFO - [2024-04-28T06:22:12.664+0000] {dag.py:3328} INFO - Setting next_dagrun for example_branch_python_operator_decorator to 2024-04-27T00:00:00+00:00, run_after=2024-04-28T00:00:00+00:00
[2024-04-28T06:22:12.689+0000] {processor.py:178} INFO - Processing /home/airflow/.local/lib/python3.7/site-packages/airflow/example_dags/example_branch_operator_decorator.py took 0.269 seconds
[2024-04-28T06:22:43.357+0000] {processor.py:156} INFO - Started process (PID=3914) to work on /home/airflow/.local/lib/python3.7/site-packages/airflow/example_dags/example_branch_operator_decorator.py
[2024-04-28T06:22:43.358+0000] {processor.py:758} INFO - Processing file /home/airflow/.local/lib/python3.7/site-packages/airflow/example_dags/example_branch_operator_decorator.py for tasks to queue
[2024-04-28T06:22:43.358+0000] {logging_mixin.py:117} INFO - [2024-04-28T06:22:43.358+0000] {dagbag.py:525} INFO - Filling up the DagBag from /home/airflow/.local/lib/python3.7/site-packages/airflow/example_dags/example_branch_operator_decorator.py
[2024-04-28T06:22:43.557+0000] {processor.py:768} INFO - DAG(s) dict_keys(['example_branch_python_operator_decorator']) retrieved from /home/airflow/.local/lib/python3.7/site-packages/airflow/example_dags/example_branch_operator_decorator.py
[2024-04-28T06:22:43.613+0000] {logging_mixin.py:117} INFO - [2024-04-28T06:22:43.613+0000] {dag.py:2573} INFO - Sync 1 DAGs
[2024-04-28T06:22:43.652+0000] {logging_mixin.py:117} INFO - [2024-04-28T06:22:43.652+0000] {dag.py:3328} INFO - Setting next_dagrun for example_branch_python_operator_decorator to 2024-04-27T00:00:00+00:00, run_after=2024-04-28T00:00:00+00:00
[2024-04-28T06:22:43.684+0000] {processor.py:178} INFO - Processing /home/airflow/.local/lib/python3.7/site-packages/airflow/example_dags/example_branch_operator_decorator.py took 0.330 seconds
[2024-04-28T06:23:14.209+0000] {processor.py:156} INFO - Started process (PID=4124) to work on /home/airflow/.local/lib/python3.7/site-packages/airflow/example_dags/example_branch_operator_decorator.py
[2024-04-28T06:23:14.210+0000] {processor.py:758} INFO - Processing file /home/airflow/.local/lib/python3.7/site-packages/airflow/example_dags/example_branch_operator_decorator.py for tasks to queue
[2024-04-28T06:23:14.210+0000] {logging_mixin.py:117} INFO - [2024-04-28T06:23:14.210+0000] {dagbag.py:525} INFO - Filling up the DagBag from /home/airflow/.local/lib/python3.7/site-packages/airflow/example_dags/example_branch_operator_decorator.py
[2024-04-28T06:23:14.241+0000] {processor.py:768} INFO - DAG(s) dict_keys(['example_branch_python_operator_decorator']) retrieved from /home/airflow/.local/lib/python3.7/site-packages/airflow/example_dags/example_branch_operator_decorator.py
[2024-04-28T06:23:14.286+0000] {logging_mixin.py:117} INFO - [2024-04-28T06:23:14.286+0000] {dag.py:2573} INFO - Sync 1 DAGs
[2024-04-28T06:23:14.316+0000] {logging_mixin.py:117} INFO - [2024-04-28T06:23:14.316+0000] {dag.py:3328} INFO - Setting next_dagrun for example_branch_python_operator_decorator to 2024-04-27T00:00:00+00:00, run_after=2024-04-28T00:00:00+00:00
[2024-04-28T06:23:14.341+0000] {processor.py:178} INFO - Processing /home/airflow/.local/lib/python3.7/site-packages/airflow/example_dags/example_branch_operator_decorator.py took 0.135 seconds
[2024-04-28T06:23:44.936+0000] {processor.py:156} INFO - Started process (PID=4341) to work on /home/airflow/.local/lib/python3.7/site-packages/airflow/example_dags/example_branch_operator_decorator.py
[2024-04-28T06:23:44.937+0000] {processor.py:758} INFO - Processing file /home/airflow/.local/lib/python3.7/site-packages/airflow/example_dags/example_branch_operator_decorator.py for tasks to queue
[2024-04-28T06:23:44.938+0000] {logging_mixin.py:117} INFO - [2024-04-28T06:23:44.938+0000] {dagbag.py:525} INFO - Filling up the DagBag from /home/airflow/.local/lib/python3.7/site-packages/airflow/example_dags/example_branch_operator_decorator.py
[2024-04-28T06:23:44.972+0000] {processor.py:768} INFO - DAG(s) dict_keys(['example_branch_python_operator_decorator']) retrieved from /home/airflow/.local/lib/python3.7/site-packages/airflow/example_dags/example_branch_operator_decorator.py
[2024-04-28T06:23:45.020+0000] {logging_mixin.py:117} INFO - [2024-04-28T06:23:45.020+0000] {dag.py:2573} INFO - Sync 1 DAGs
[2024-04-28T06:23:45.048+0000] {logging_mixin.py:117} INFO - [2024-04-28T06:23:45.048+0000] {dag.py:3328} INFO - Setting next_dagrun for example_branch_python_operator_decorator to 2024-04-27T00:00:00+00:00, run_after=2024-04-28T00:00:00+00:00
[2024-04-28T06:23:45.073+0000] {processor.py:178} INFO - Processing /home/airflow/.local/lib/python3.7/site-packages/airflow/example_dags/example_branch_operator_decorator.py took 0.141 seconds
[2024-04-28T06:24:16.063+0000] {processor.py:156} INFO - Started process (PID=4560) to work on /home/airflow/.local/lib/python3.7/site-packages/airflow/example_dags/example_branch_operator_decorator.py
[2024-04-28T06:24:16.064+0000] {processor.py:758} INFO - Processing file /home/airflow/.local/lib/python3.7/site-packages/airflow/example_dags/example_branch_operator_decorator.py for tasks to queue
[2024-04-28T06:24:16.065+0000] {logging_mixin.py:117} INFO - [2024-04-28T06:24:16.064+0000] {dagbag.py:525} INFO - Filling up the DagBag from /home/airflow/.local/lib/python3.7/site-packages/airflow/example_dags/example_branch_operator_decorator.py
[2024-04-28T06:24:16.086+0000] {processor.py:768} INFO - DAG(s) dict_keys(['example_branch_python_operator_decorator']) retrieved from /home/airflow/.local/lib/python3.7/site-packages/airflow/example_dags/example_branch_operator_decorator.py
[2024-04-28T06:24:16.130+0000] {logging_mixin.py:117} INFO - [2024-04-28T06:24:16.130+0000] {dag.py:2573} INFO - Sync 1 DAGs
[2024-04-28T06:24:16.166+0000] {logging_mixin.py:117} INFO - [2024-04-28T06:24:16.166+0000] {dag.py:3328} INFO - Setting next_dagrun for example_branch_python_operator_decorator to 2024-04-27T00:00:00+00:00, run_after=2024-04-28T00:00:00+00:00
[2024-04-28T06:24:16.186+0000] {processor.py:178} INFO - Processing /home/airflow/.local/lib/python3.7/site-packages/airflow/example_dags/example_branch_operator_decorator.py took 0.125 seconds
[2024-04-28T06:24:47.141+0000] {processor.py:156} INFO - Started process (PID=4769) to work on /home/airflow/.local/lib/python3.7/site-packages/airflow/example_dags/example_branch_operator_decorator.py
[2024-04-28T06:24:47.142+0000] {processor.py:758} INFO - Processing file /home/airflow/.local/lib/python3.7/site-packages/airflow/example_dags/example_branch_operator_decorator.py for tasks to queue
[2024-04-28T06:24:47.142+0000] {logging_mixin.py:117} INFO - [2024-04-28T06:24:47.142+0000] {dagbag.py:525} INFO - Filling up the DagBag from /home/airflow/.local/lib/python3.7/site-packages/airflow/example_dags/example_branch_operator_decorator.py
[2024-04-28T06:24:47.174+0000] {processor.py:768} INFO - DAG(s) dict_keys(['example_branch_python_operator_decorator']) retrieved from /home/airflow/.local/lib/python3.7/site-packages/airflow/example_dags/example_branch_operator_decorator.py
[2024-04-28T06:24:47.270+0000] {logging_mixin.py:117} INFO - [2024-04-28T06:24:47.270+0000] {dag.py:2573} INFO - Sync 1 DAGs
[2024-04-28T06:24:47.314+0000] {logging_mixin.py:117} INFO - [2024-04-28T06:24:47.314+0000] {dag.py:3328} INFO - Setting next_dagrun for example_branch_python_operator_decorator to 2024-04-27T00:00:00+00:00, run_after=2024-04-28T00:00:00+00:00
[2024-04-28T06:24:47.351+0000] {processor.py:178} INFO - Processing /home/airflow/.local/lib/python3.7/site-packages/airflow/example_dags/example_branch_operator_decorator.py took 0.215 seconds
[2024-04-28T06:25:17.594+0000] {processor.py:156} INFO - Started process (PID=4986) to work on /home/airflow/.local/lib/python3.7/site-packages/airflow/example_dags/example_branch_operator_decorator.py
[2024-04-28T06:25:17.594+0000] {processor.py:758} INFO - Processing file /home/airflow/.local/lib/python3.7/site-packages/airflow/example_dags/example_branch_operator_decorator.py for tasks to queue
[2024-04-28T06:25:17.595+0000] {logging_mixin.py:117} INFO - [2024-04-28T06:25:17.595+0000] {dagbag.py:525} INFO - Filling up the DagBag from /home/airflow/.local/lib/python3.7/site-packages/airflow/example_dags/example_branch_operator_decorator.py
[2024-04-28T06:25:17.649+0000] {processor.py:768} INFO - DAG(s) dict_keys(['example_branch_python_operator_decorator']) retrieved from /home/airflow/.local/lib/python3.7/site-packages/airflow/example_dags/example_branch_operator_decorator.py
[2024-04-28T06:25:17.733+0000] {logging_mixin.py:117} INFO - [2024-04-28T06:25:17.732+0000] {dag.py:2573} INFO - Sync 1 DAGs
[2024-04-28T06:25:17.767+0000] {logging_mixin.py:117} INFO - [2024-04-28T06:25:17.767+0000] {dag.py:3328} INFO - Setting next_dagrun for example_branch_python_operator_decorator to 2024-04-27T00:00:00+00:00, run_after=2024-04-28T00:00:00+00:00
[2024-04-28T06:25:17.793+0000] {processor.py:178} INFO - Processing /home/airflow/.local/lib/python3.7/site-packages/airflow/example_dags/example_branch_operator_decorator.py took 0.203 seconds
[2024-04-28T06:25:48.676+0000] {processor.py:156} INFO - Started process (PID=5202) to work on /home/airflow/.local/lib/python3.7/site-packages/airflow/example_dags/example_branch_operator_decorator.py
[2024-04-28T06:25:48.677+0000] {processor.py:758} INFO - Processing file /home/airflow/.local/lib/python3.7/site-packages/airflow/example_dags/example_branch_operator_decorator.py for tasks to queue
[2024-04-28T06:25:48.678+0000] {logging_mixin.py:117} INFO - [2024-04-28T06:25:48.678+0000] {dagbag.py:525} INFO - Filling up the DagBag from /home/airflow/.local/lib/python3.7/site-packages/airflow/example_dags/example_branch_operator_decorator.py
[2024-04-28T06:25:48.709+0000] {processor.py:768} INFO - DAG(s) dict_keys(['example_branch_python_operator_decorator']) retrieved from /home/airflow/.local/lib/python3.7/site-packages/airflow/example_dags/example_branch_operator_decorator.py
[2024-04-28T06:25:48.758+0000] {logging_mixin.py:117} INFO - [2024-04-28T06:25:48.758+0000] {dag.py:2573} INFO - Sync 1 DAGs
[2024-04-28T06:25:48.812+0000] {logging_mixin.py:117} INFO - [2024-04-28T06:25:48.812+0000] {dag.py:3328} INFO - Setting next_dagrun for example_branch_python_operator_decorator to 2024-04-27T00:00:00+00:00, run_after=2024-04-28T00:00:00+00:00
[2024-04-28T06:25:48.845+0000] {processor.py:178} INFO - Processing /home/airflow/.local/lib/python3.7/site-packages/airflow/example_dags/example_branch_operator_decorator.py took 0.173 seconds
[2024-04-28T06:26:19.491+0000] {processor.py:156} INFO - Started process (PID=5419) to work on /home/airflow/.local/lib/python3.7/site-packages/airflow/example_dags/example_branch_operator_decorator.py
[2024-04-28T06:26:19.493+0000] {processor.py:758} INFO - Processing file /home/airflow/.local/lib/python3.7/site-packages/airflow/example_dags/example_branch_operator_decorator.py for tasks to queue
[2024-04-28T06:26:19.493+0000] {logging_mixin.py:117} INFO - [2024-04-28T06:26:19.493+0000] {dagbag.py:525} INFO - Filling up the DagBag from /home/airflow/.local/lib/python3.7/site-packages/airflow/example_dags/example_branch_operator_decorator.py
[2024-04-28T06:26:19.523+0000] {processor.py:768} INFO - DAG(s) dict_keys(['example_branch_python_operator_decorator']) retrieved from /home/airflow/.local/lib/python3.7/site-packages/airflow/example_dags/example_branch_operator_decorator.py
[2024-04-28T06:26:19.571+0000] {logging_mixin.py:117} INFO - [2024-04-28T06:26:19.571+0000] {dag.py:2573} INFO - Sync 1 DAGs
[2024-04-28T06:26:19.606+0000] {logging_mixin.py:117} INFO - [2024-04-28T06:26:19.606+0000] {dag.py:3328} INFO - Setting next_dagrun for example_branch_python_operator_decorator to 2024-04-27T00:00:00+00:00, run_after=2024-04-28T00:00:00+00:00
[2024-04-28T06:26:19.633+0000] {processor.py:178} INFO - Processing /home/airflow/.local/lib/python3.7/site-packages/airflow/example_dags/example_branch_operator_decorator.py took 0.146 seconds
[2024-04-28T06:26:50.329+0000] {processor.py:156} INFO - Started process (PID=5630) to work on /home/airflow/.local/lib/python3.7/site-packages/airflow/example_dags/example_branch_operator_decorator.py
[2024-04-28T06:26:50.330+0000] {processor.py:758} INFO - Processing file /home/airflow/.local/lib/python3.7/site-packages/airflow/example_dags/example_branch_operator_decorator.py for tasks to queue
[2024-04-28T06:26:50.331+0000] {logging_mixin.py:117} INFO - [2024-04-28T06:26:50.331+0000] {dagbag.py:525} INFO - Filling up the DagBag from /home/airflow/.local/lib/python3.7/site-packages/airflow/example_dags/example_branch_operator_decorator.py
[2024-04-28T06:26:50.375+0000] {processor.py:768} INFO - DAG(s) dict_keys(['example_branch_python_operator_decorator']) retrieved from /home/airflow/.local/lib/python3.7/site-packages/airflow/example_dags/example_branch_operator_decorator.py
[2024-04-28T06:26:50.440+0000] {logging_mixin.py:117} INFO - [2024-04-28T06:26:50.440+0000] {dag.py:2573} INFO - Sync 1 DAGs
[2024-04-28T06:26:50.474+0000] {logging_mixin.py:117} INFO - [2024-04-28T06:26:50.473+0000] {dag.py:3328} INFO - Setting next_dagrun for example_branch_python_operator_decorator to 2024-04-27T00:00:00+00:00, run_after=2024-04-28T00:00:00+00:00
[2024-04-28T06:26:50.500+0000] {processor.py:178} INFO - Processing /home/airflow/.local/lib/python3.7/site-packages/airflow/example_dags/example_branch_operator_decorator.py took 0.175 seconds
[2024-04-28T06:27:20.845+0000] {processor.py:156} INFO - Started process (PID=5851) to work on /home/airflow/.local/lib/python3.7/site-packages/airflow/example_dags/example_branch_operator_decorator.py
[2024-04-28T06:27:20.846+0000] {processor.py:758} INFO - Processing file /home/airflow/.local/lib/python3.7/site-packages/airflow/example_dags/example_branch_operator_decorator.py for tasks to queue
[2024-04-28T06:27:20.848+0000] {logging_mixin.py:117} INFO - [2024-04-28T06:27:20.848+0000] {dagbag.py:525} INFO - Filling up the DagBag from /home/airflow/.local/lib/python3.7/site-packages/airflow/example_dags/example_branch_operator_decorator.py
[2024-04-28T06:27:20.879+0000] {processor.py:768} INFO - DAG(s) dict_keys(['example_branch_python_operator_decorator']) retrieved from /home/airflow/.local/lib/python3.7/site-packages/airflow/example_dags/example_branch_operator_decorator.py
[2024-04-28T06:27:20.928+0000] {logging_mixin.py:117} INFO - [2024-04-28T06:27:20.928+0000] {dag.py:2573} INFO - Sync 1 DAGs
[2024-04-28T06:27:20.963+0000] {logging_mixin.py:117} INFO - [2024-04-28T06:27:20.963+0000] {dag.py:3328} INFO - Setting next_dagrun for example_branch_python_operator_decorator to 2024-04-27T00:00:00+00:00, run_after=2024-04-28T00:00:00+00:00
[2024-04-28T06:27:20.986+0000] {processor.py:178} INFO - Processing /home/airflow/.local/lib/python3.7/site-packages/airflow/example_dags/example_branch_operator_decorator.py took 0.144 seconds
[2024-04-28T06:27:52.457+0000] {processor.py:156} INFO - Started process (PID=6067) to work on /home/airflow/.local/lib/python3.7/site-packages/airflow/example_dags/example_branch_operator_decorator.py
[2024-04-28T06:27:52.460+0000] {processor.py:758} INFO - Processing file /home/airflow/.local/lib/python3.7/site-packages/airflow/example_dags/example_branch_operator_decorator.py for tasks to queue
[2024-04-28T06:27:52.461+0000] {logging_mixin.py:117} INFO - [2024-04-28T06:27:52.461+0000] {dagbag.py:525} INFO - Filling up the DagBag from /home/airflow/.local/lib/python3.7/site-packages/airflow/example_dags/example_branch_operator_decorator.py
[2024-04-28T06:27:52.496+0000] {processor.py:768} INFO - DAG(s) dict_keys(['example_branch_python_operator_decorator']) retrieved from /home/airflow/.local/lib/python3.7/site-packages/airflow/example_dags/example_branch_operator_decorator.py
[2024-04-28T06:27:52.551+0000] {logging_mixin.py:117} INFO - [2024-04-28T06:27:52.551+0000] {dag.py:2573} INFO - Sync 1 DAGs
[2024-04-28T06:27:52.585+0000] {logging_mixin.py:117} INFO - [2024-04-28T06:27:52.585+0000] {dag.py:3328} INFO - Setting next_dagrun for example_branch_python_operator_decorator to 2024-04-27T00:00:00+00:00, run_after=2024-04-28T00:00:00+00:00
[2024-04-28T06:27:52.623+0000] {processor.py:178} INFO - Processing /home/airflow/.local/lib/python3.7/site-packages/airflow/example_dags/example_branch_operator_decorator.py took 0.169 seconds
[2024-04-28T06:28:22.846+0000] {processor.py:156} INFO - Started process (PID=6277) to work on /home/airflow/.local/lib/python3.7/site-packages/airflow/example_dags/example_branch_operator_decorator.py
[2024-04-28T06:28:22.847+0000] {processor.py:758} INFO - Processing file /home/airflow/.local/lib/python3.7/site-packages/airflow/example_dags/example_branch_operator_decorator.py for tasks to queue
[2024-04-28T06:28:22.848+0000] {logging_mixin.py:117} INFO - [2024-04-28T06:28:22.847+0000] {dagbag.py:525} INFO - Filling up the DagBag from /home/airflow/.local/lib/python3.7/site-packages/airflow/example_dags/example_branch_operator_decorator.py
[2024-04-28T06:28:22.871+0000] {processor.py:768} INFO - DAG(s) dict_keys(['example_branch_python_operator_decorator']) retrieved from /home/airflow/.local/lib/python3.7/site-packages/airflow/example_dags/example_branch_operator_decorator.py
[2024-04-28T06:28:22.904+0000] {logging_mixin.py:117} INFO - [2024-04-28T06:28:22.904+0000] {dag.py:2573} INFO - Sync 1 DAGs
[2024-04-28T06:28:22.930+0000] {logging_mixin.py:117} INFO - [2024-04-28T06:28:22.930+0000] {dag.py:3328} INFO - Setting next_dagrun for example_branch_python_operator_decorator to 2024-04-27T00:00:00+00:00, run_after=2024-04-28T00:00:00+00:00
[2024-04-28T06:28:22.953+0000] {processor.py:178} INFO - Processing /home/airflow/.local/lib/python3.7/site-packages/airflow/example_dags/example_branch_operator_decorator.py took 0.110 seconds
[2024-04-28T06:28:53.377+0000] {processor.py:156} INFO - Started process (PID=6493) to work on /home/airflow/.local/lib/python3.7/site-packages/airflow/example_dags/example_branch_operator_decorator.py
[2024-04-28T06:28:53.378+0000] {processor.py:758} INFO - Processing file /home/airflow/.local/lib/python3.7/site-packages/airflow/example_dags/example_branch_operator_decorator.py for tasks to queue
[2024-04-28T06:28:53.379+0000] {logging_mixin.py:117} INFO - [2024-04-28T06:28:53.379+0000] {dagbag.py:525} INFO - Filling up the DagBag from /home/airflow/.local/lib/python3.7/site-packages/airflow/example_dags/example_branch_operator_decorator.py
[2024-04-28T06:28:53.413+0000] {processor.py:768} INFO - DAG(s) dict_keys(['example_branch_python_operator_decorator']) retrieved from /home/airflow/.local/lib/python3.7/site-packages/airflow/example_dags/example_branch_operator_decorator.py
[2024-04-28T06:28:53.458+0000] {logging_mixin.py:117} INFO - [2024-04-28T06:28:53.458+0000] {dag.py:2573} INFO - Sync 1 DAGs
[2024-04-28T06:28:53.562+0000] {logging_mixin.py:117} INFO - [2024-04-28T06:28:53.562+0000] {dag.py:3328} INFO - Setting next_dagrun for example_branch_python_operator_decorator to 2024-04-27T00:00:00+00:00, run_after=2024-04-28T00:00:00+00:00
[2024-04-28T06:28:53.653+0000] {processor.py:178} INFO - Processing /home/airflow/.local/lib/python3.7/site-packages/airflow/example_dags/example_branch_operator_decorator.py took 0.279 seconds
[2024-04-28T06:29:24.395+0000] {processor.py:156} INFO - Started process (PID=6712) to work on /home/airflow/.local/lib/python3.7/site-packages/airflow/example_dags/example_branch_operator_decorator.py
[2024-04-28T06:29:24.396+0000] {processor.py:758} INFO - Processing file /home/airflow/.local/lib/python3.7/site-packages/airflow/example_dags/example_branch_operator_decorator.py for tasks to queue
[2024-04-28T06:29:24.403+0000] {logging_mixin.py:117} INFO - [2024-04-28T06:29:24.403+0000] {dagbag.py:525} INFO - Filling up the DagBag from /home/airflow/.local/lib/python3.7/site-packages/airflow/example_dags/example_branch_operator_decorator.py
[2024-04-28T06:29:24.466+0000] {processor.py:768} INFO - DAG(s) dict_keys(['example_branch_python_operator_decorator']) retrieved from /home/airflow/.local/lib/python3.7/site-packages/airflow/example_dags/example_branch_operator_decorator.py
[2024-04-28T06:29:24.590+0000] {logging_mixin.py:117} INFO - [2024-04-28T06:29:24.590+0000] {dag.py:2573} INFO - Sync 1 DAGs
[2024-04-28T06:29:24.625+0000] {logging_mixin.py:117} INFO - [2024-04-28T06:29:24.625+0000] {dag.py:3328} INFO - Setting next_dagrun for example_branch_python_operator_decorator to 2024-04-27T00:00:00+00:00, run_after=2024-04-28T00:00:00+00:00
[2024-04-28T06:29:24.656+0000] {processor.py:178} INFO - Processing /home/airflow/.local/lib/python3.7/site-packages/airflow/example_dags/example_branch_operator_decorator.py took 0.264 seconds
[2024-04-28T06:29:55.340+0000] {processor.py:156} INFO - Started process (PID=6922) to work on /home/airflow/.local/lib/python3.7/site-packages/airflow/example_dags/example_branch_operator_decorator.py
[2024-04-28T06:29:55.341+0000] {processor.py:758} INFO - Processing file /home/airflow/.local/lib/python3.7/site-packages/airflow/example_dags/example_branch_operator_decorator.py for tasks to queue
[2024-04-28T06:29:55.342+0000] {logging_mixin.py:117} INFO - [2024-04-28T06:29:55.341+0000] {dagbag.py:525} INFO - Filling up the DagBag from /home/airflow/.local/lib/python3.7/site-packages/airflow/example_dags/example_branch_operator_decorator.py
[2024-04-28T06:29:55.374+0000] {processor.py:768} INFO - DAG(s) dict_keys(['example_branch_python_operator_decorator']) retrieved from /home/airflow/.local/lib/python3.7/site-packages/airflow/example_dags/example_branch_operator_decorator.py
[2024-04-28T06:29:55.465+0000] {logging_mixin.py:117} INFO - [2024-04-28T06:29:55.464+0000] {dag.py:2573} INFO - Sync 1 DAGs
[2024-04-28T06:29:55.507+0000] {logging_mixin.py:117} INFO - [2024-04-28T06:29:55.507+0000] {dag.py:3328} INFO - Setting next_dagrun for example_branch_python_operator_decorator to 2024-04-27T00:00:00+00:00, run_after=2024-04-28T00:00:00+00:00
[2024-04-28T06:29:55.566+0000] {processor.py:178} INFO - Processing /home/airflow/.local/lib/python3.7/site-packages/airflow/example_dags/example_branch_operator_decorator.py took 0.230 seconds
[2024-04-28T06:30:26.276+0000] {processor.py:156} INFO - Started process (PID=7140) to work on /home/airflow/.local/lib/python3.7/site-packages/airflow/example_dags/example_branch_operator_decorator.py
[2024-04-28T06:30:26.277+0000] {processor.py:758} INFO - Processing file /home/airflow/.local/lib/python3.7/site-packages/airflow/example_dags/example_branch_operator_decorator.py for tasks to queue
[2024-04-28T06:30:26.278+0000] {logging_mixin.py:117} INFO - [2024-04-28T06:30:26.278+0000] {dagbag.py:525} INFO - Filling up the DagBag from /home/airflow/.local/lib/python3.7/site-packages/airflow/example_dags/example_branch_operator_decorator.py
[2024-04-28T06:30:26.311+0000] {processor.py:768} INFO - DAG(s) dict_keys(['example_branch_python_operator_decorator']) retrieved from /home/airflow/.local/lib/python3.7/site-packages/airflow/example_dags/example_branch_operator_decorator.py
[2024-04-28T06:30:26.359+0000] {logging_mixin.py:117} INFO - [2024-04-28T06:30:26.358+0000] {dag.py:2573} INFO - Sync 1 DAGs
[2024-04-28T06:30:26.390+0000] {logging_mixin.py:117} INFO - [2024-04-28T06:30:26.389+0000] {dag.py:3328} INFO - Setting next_dagrun for example_branch_python_operator_decorator to 2024-04-27T00:00:00+00:00, run_after=2024-04-28T00:00:00+00:00
[2024-04-28T06:30:26.417+0000] {processor.py:178} INFO - Processing /home/airflow/.local/lib/python3.7/site-packages/airflow/example_dags/example_branch_operator_decorator.py took 0.144 seconds
[2024-04-28T06:30:57.676+0000] {processor.py:156} INFO - Started process (PID=7362) to work on /home/airflow/.local/lib/python3.7/site-packages/airflow/example_dags/example_branch_operator_decorator.py
[2024-04-28T06:30:57.677+0000] {processor.py:758} INFO - Processing file /home/airflow/.local/lib/python3.7/site-packages/airflow/example_dags/example_branch_operator_decorator.py for tasks to queue
[2024-04-28T06:30:57.678+0000] {logging_mixin.py:117} INFO - [2024-04-28T06:30:57.678+0000] {dagbag.py:525} INFO - Filling up the DagBag from /home/airflow/.local/lib/python3.7/site-packages/airflow/example_dags/example_branch_operator_decorator.py
[2024-04-28T06:30:57.720+0000] {processor.py:768} INFO - DAG(s) dict_keys(['example_branch_python_operator_decorator']) retrieved from /home/airflow/.local/lib/python3.7/site-packages/airflow/example_dags/example_branch_operator_decorator.py
[2024-04-28T06:30:57.770+0000] {logging_mixin.py:117} INFO - [2024-04-28T06:30:57.770+0000] {dag.py:2573} INFO - Sync 1 DAGs
[2024-04-28T06:30:57.809+0000] {logging_mixin.py:117} INFO - [2024-04-28T06:30:57.809+0000] {dag.py:3328} INFO - Setting next_dagrun for example_branch_python_operator_decorator to 2024-04-27T00:00:00+00:00, run_after=2024-04-28T00:00:00+00:00
[2024-04-28T06:30:57.835+0000] {processor.py:178} INFO - Processing /home/airflow/.local/lib/python3.7/site-packages/airflow/example_dags/example_branch_operator_decorator.py took 0.163 seconds
[2024-04-28T06:31:27.958+0000] {processor.py:156} INFO - Started process (PID=7569) to work on /home/airflow/.local/lib/python3.7/site-packages/airflow/example_dags/example_branch_operator_decorator.py
[2024-04-28T06:31:27.959+0000] {processor.py:758} INFO - Processing file /home/airflow/.local/lib/python3.7/site-packages/airflow/example_dags/example_branch_operator_decorator.py for tasks to queue
[2024-04-28T06:31:27.960+0000] {logging_mixin.py:117} INFO - [2024-04-28T06:31:27.960+0000] {dagbag.py:525} INFO - Filling up the DagBag from /home/airflow/.local/lib/python3.7/site-packages/airflow/example_dags/example_branch_operator_decorator.py
[2024-04-28T06:31:27.991+0000] {processor.py:768} INFO - DAG(s) dict_keys(['example_branch_python_operator_decorator']) retrieved from /home/airflow/.local/lib/python3.7/site-packages/airflow/example_dags/example_branch_operator_decorator.py
[2024-04-28T06:31:28.040+0000] {logging_mixin.py:117} INFO - [2024-04-28T06:31:28.040+0000] {dag.py:2573} INFO - Sync 1 DAGs
[2024-04-28T06:31:28.070+0000] {logging_mixin.py:117} INFO - [2024-04-28T06:31:28.070+0000] {dag.py:3328} INFO - Setting next_dagrun for example_branch_python_operator_decorator to 2024-04-27T00:00:00+00:00, run_after=2024-04-28T00:00:00+00:00
[2024-04-28T06:31:28.094+0000] {processor.py:178} INFO - Processing /home/airflow/.local/lib/python3.7/site-packages/airflow/example_dags/example_branch_operator_decorator.py took 0.139 seconds
[2024-04-28T06:31:58.559+0000] {processor.py:156} INFO - Started process (PID=7788) to work on /home/airflow/.local/lib/python3.7/site-packages/airflow/example_dags/example_branch_operator_decorator.py
[2024-04-28T06:31:58.560+0000] {processor.py:758} INFO - Processing file /home/airflow/.local/lib/python3.7/site-packages/airflow/example_dags/example_branch_operator_decorator.py for tasks to queue
[2024-04-28T06:31:58.561+0000] {logging_mixin.py:117} INFO - [2024-04-28T06:31:58.560+0000] {dagbag.py:525} INFO - Filling up the DagBag from /home/airflow/.local/lib/python3.7/site-packages/airflow/example_dags/example_branch_operator_decorator.py
[2024-04-28T06:31:58.592+0000] {processor.py:768} INFO - DAG(s) dict_keys(['example_branch_python_operator_decorator']) retrieved from /home/airflow/.local/lib/python3.7/site-packages/airflow/example_dags/example_branch_operator_decorator.py
[2024-04-28T06:31:58.640+0000] {logging_mixin.py:117} INFO - [2024-04-28T06:31:58.639+0000] {dag.py:2573} INFO - Sync 1 DAGs
[2024-04-28T06:31:58.669+0000] {logging_mixin.py:117} INFO - [2024-04-28T06:31:58.669+0000] {dag.py:3328} INFO - Setting next_dagrun for example_branch_python_operator_decorator to 2024-04-27T00:00:00+00:00, run_after=2024-04-28T00:00:00+00:00
[2024-04-28T06:31:58.694+0000] {processor.py:178} INFO - Processing /home/airflow/.local/lib/python3.7/site-packages/airflow/example_dags/example_branch_operator_decorator.py took 0.138 seconds
[2024-04-28T06:32:29.557+0000] {processor.py:156} INFO - Started process (PID=8007) to work on /home/airflow/.local/lib/python3.7/site-packages/airflow/example_dags/example_branch_operator_decorator.py
[2024-04-28T06:32:29.558+0000] {processor.py:758} INFO - Processing file /home/airflow/.local/lib/python3.7/site-packages/airflow/example_dags/example_branch_operator_decorator.py for tasks to queue
[2024-04-28T06:32:29.559+0000] {logging_mixin.py:117} INFO - [2024-04-28T06:32:29.558+0000] {dagbag.py:525} INFO - Filling up the DagBag from /home/airflow/.local/lib/python3.7/site-packages/airflow/example_dags/example_branch_operator_decorator.py
[2024-04-28T06:32:29.590+0000] {processor.py:768} INFO - DAG(s) dict_keys(['example_branch_python_operator_decorator']) retrieved from /home/airflow/.local/lib/python3.7/site-packages/airflow/example_dags/example_branch_operator_decorator.py
[2024-04-28T06:32:29.640+0000] {logging_mixin.py:117} INFO - [2024-04-28T06:32:29.640+0000] {dag.py:2573} INFO - Sync 1 DAGs
[2024-04-28T06:32:29.675+0000] {logging_mixin.py:117} INFO - [2024-04-28T06:32:29.675+0000] {dag.py:3328} INFO - Setting next_dagrun for example_branch_python_operator_decorator to 2024-04-27T00:00:00+00:00, run_after=2024-04-28T00:00:00+00:00
[2024-04-28T06:32:29.704+0000] {processor.py:178} INFO - Processing /home/airflow/.local/lib/python3.7/site-packages/airflow/example_dags/example_branch_operator_decorator.py took 0.151 seconds
[2024-04-28T06:32:59.996+0000] {processor.py:156} INFO - Started process (PID=8217) to work on /home/airflow/.local/lib/python3.7/site-packages/airflow/example_dags/example_branch_operator_decorator.py
[2024-04-28T06:32:59.997+0000] {processor.py:758} INFO - Processing file /home/airflow/.local/lib/python3.7/site-packages/airflow/example_dags/example_branch_operator_decorator.py for tasks to queue
[2024-04-28T06:32:59.999+0000] {logging_mixin.py:117} INFO - [2024-04-28T06:32:59.999+0000] {dagbag.py:525} INFO - Filling up the DagBag from /home/airflow/.local/lib/python3.7/site-packages/airflow/example_dags/example_branch_operator_decorator.py
[2024-04-28T06:33:00.031+0000] {processor.py:768} INFO - DAG(s) dict_keys(['example_branch_python_operator_decorator']) retrieved from /home/airflow/.local/lib/python3.7/site-packages/airflow/example_dags/example_branch_operator_decorator.py
[2024-04-28T06:33:00.093+0000] {logging_mixin.py:117} INFO - [2024-04-28T06:33:00.093+0000] {dag.py:2573} INFO - Sync 1 DAGs
[2024-04-28T06:33:00.146+0000] {logging_mixin.py:117} INFO - [2024-04-28T06:33:00.146+0000] {dag.py:3328} INFO - Setting next_dagrun for example_branch_python_operator_decorator to 2024-04-27T00:00:00+00:00, run_after=2024-04-28T00:00:00+00:00
[2024-04-28T06:33:00.218+0000] {processor.py:178} INFO - Processing /home/airflow/.local/lib/python3.7/site-packages/airflow/example_dags/example_branch_operator_decorator.py took 0.226 seconds
[2024-04-28T06:33:30.816+0000] {processor.py:156} INFO - Started process (PID=8436) to work on /home/airflow/.local/lib/python3.7/site-packages/airflow/example_dags/example_branch_operator_decorator.py
[2024-04-28T06:33:30.817+0000] {processor.py:758} INFO - Processing file /home/airflow/.local/lib/python3.7/site-packages/airflow/example_dags/example_branch_operator_decorator.py for tasks to queue
[2024-04-28T06:33:30.817+0000] {logging_mixin.py:117} INFO - [2024-04-28T06:33:30.817+0000] {dagbag.py:525} INFO - Filling up the DagBag from /home/airflow/.local/lib/python3.7/site-packages/airflow/example_dags/example_branch_operator_decorator.py
[2024-04-28T06:33:30.853+0000] {processor.py:768} INFO - DAG(s) dict_keys(['example_branch_python_operator_decorator']) retrieved from /home/airflow/.local/lib/python3.7/site-packages/airflow/example_dags/example_branch_operator_decorator.py
[2024-04-28T06:33:30.898+0000] {logging_mixin.py:117} INFO - [2024-04-28T06:33:30.898+0000] {dag.py:2573} INFO - Sync 1 DAGs
[2024-04-28T06:33:30.932+0000] {logging_mixin.py:117} INFO - [2024-04-28T06:33:30.932+0000] {dag.py:3328} INFO - Setting next_dagrun for example_branch_python_operator_decorator to 2024-04-27T00:00:00+00:00, run_after=2024-04-28T00:00:00+00:00
[2024-04-28T06:33:30.960+0000] {processor.py:178} INFO - Processing /home/airflow/.local/lib/python3.7/site-packages/airflow/example_dags/example_branch_operator_decorator.py took 0.148 seconds
[2024-04-28T06:34:01.831+0000] {processor.py:156} INFO - Started process (PID=8655) to work on /home/airflow/.local/lib/python3.7/site-packages/airflow/example_dags/example_branch_operator_decorator.py
[2024-04-28T06:34:01.831+0000] {processor.py:758} INFO - Processing file /home/airflow/.local/lib/python3.7/site-packages/airflow/example_dags/example_branch_operator_decorator.py for tasks to queue
[2024-04-28T06:34:01.832+0000] {logging_mixin.py:117} INFO - [2024-04-28T06:34:01.832+0000] {dagbag.py:525} INFO - Filling up the DagBag from /home/airflow/.local/lib/python3.7/site-packages/airflow/example_dags/example_branch_operator_decorator.py
[2024-04-28T06:34:01.866+0000] {processor.py:768} INFO - DAG(s) dict_keys(['example_branch_python_operator_decorator']) retrieved from /home/airflow/.local/lib/python3.7/site-packages/airflow/example_dags/example_branch_operator_decorator.py
[2024-04-28T06:34:01.917+0000] {logging_mixin.py:117} INFO - [2024-04-28T06:34:01.917+0000] {dag.py:2573} INFO - Sync 1 DAGs
[2024-04-28T06:34:01.953+0000] {logging_mixin.py:117} INFO - [2024-04-28T06:34:01.953+0000] {dag.py:3328} INFO - Setting next_dagrun for example_branch_python_operator_decorator to 2024-04-27T00:00:00+00:00, run_after=2024-04-28T00:00:00+00:00
[2024-04-28T06:34:01.984+0000] {processor.py:178} INFO - Processing /home/airflow/.local/lib/python3.7/site-packages/airflow/example_dags/example_branch_operator_decorator.py took 0.157 seconds
[2024-04-28T06:34:32.765+0000] {processor.py:156} INFO - Started process (PID=8862) to work on /home/airflow/.local/lib/python3.7/site-packages/airflow/example_dags/example_branch_operator_decorator.py
[2024-04-28T06:34:32.766+0000] {processor.py:758} INFO - Processing file /home/airflow/.local/lib/python3.7/site-packages/airflow/example_dags/example_branch_operator_decorator.py for tasks to queue
[2024-04-28T06:34:32.767+0000] {logging_mixin.py:117} INFO - [2024-04-28T06:34:32.766+0000] {dagbag.py:525} INFO - Filling up the DagBag from /home/airflow/.local/lib/python3.7/site-packages/airflow/example_dags/example_branch_operator_decorator.py
[2024-04-28T06:34:32.814+0000] {processor.py:768} INFO - DAG(s) dict_keys(['example_branch_python_operator_decorator']) retrieved from /home/airflow/.local/lib/python3.7/site-packages/airflow/example_dags/example_branch_operator_decorator.py
[2024-04-28T06:34:32.890+0000] {logging_mixin.py:117} INFO - [2024-04-28T06:34:32.890+0000] {dag.py:2573} INFO - Sync 1 DAGs
[2024-04-28T06:34:32.935+0000] {logging_mixin.py:117} INFO - [2024-04-28T06:34:32.934+0000] {dag.py:3328} INFO - Setting next_dagrun for example_branch_python_operator_decorator to 2024-04-27T00:00:00+00:00, run_after=2024-04-28T00:00:00+00:00
[2024-04-28T06:34:32.984+0000] {processor.py:178} INFO - Processing /home/airflow/.local/lib/python3.7/site-packages/airflow/example_dags/example_branch_operator_decorator.py took 0.222 seconds
[2024-04-28T06:35:03.613+0000] {processor.py:156} INFO - Started process (PID=9077) to work on /home/airflow/.local/lib/python3.7/site-packages/airflow/example_dags/example_branch_operator_decorator.py
[2024-04-28T06:35:03.614+0000] {processor.py:758} INFO - Processing file /home/airflow/.local/lib/python3.7/site-packages/airflow/example_dags/example_branch_operator_decorator.py for tasks to queue
[2024-04-28T06:35:03.621+0000] {logging_mixin.py:117} INFO - [2024-04-28T06:35:03.615+0000] {dagbag.py:525} INFO - Filling up the DagBag from /home/airflow/.local/lib/python3.7/site-packages/airflow/example_dags/example_branch_operator_decorator.py
[2024-04-28T06:35:03.654+0000] {processor.py:768} INFO - DAG(s) dict_keys(['example_branch_python_operator_decorator']) retrieved from /home/airflow/.local/lib/python3.7/site-packages/airflow/example_dags/example_branch_operator_decorator.py
[2024-04-28T06:35:03.704+0000] {logging_mixin.py:117} INFO - [2024-04-28T06:35:03.704+0000] {dag.py:2573} INFO - Sync 1 DAGs
[2024-04-28T06:35:03.736+0000] {logging_mixin.py:117} INFO - [2024-04-28T06:35:03.735+0000] {dag.py:3328} INFO - Setting next_dagrun for example_branch_python_operator_decorator to 2024-04-27T00:00:00+00:00, run_after=2024-04-28T00:00:00+00:00
[2024-04-28T06:35:03.759+0000] {processor.py:178} INFO - Processing /home/airflow/.local/lib/python3.7/site-packages/airflow/example_dags/example_branch_operator_decorator.py took 0.149 seconds
[2024-04-28T06:35:34.665+0000] {processor.py:156} INFO - Started process (PID=9299) to work on /home/airflow/.local/lib/python3.7/site-packages/airflow/example_dags/example_branch_operator_decorator.py
[2024-04-28T06:35:34.666+0000] {processor.py:758} INFO - Processing file /home/airflow/.local/lib/python3.7/site-packages/airflow/example_dags/example_branch_operator_decorator.py for tasks to queue
[2024-04-28T06:35:34.666+0000] {logging_mixin.py:117} INFO - [2024-04-28T06:35:34.666+0000] {dagbag.py:525} INFO - Filling up the DagBag from /home/airflow/.local/lib/python3.7/site-packages/airflow/example_dags/example_branch_operator_decorator.py
[2024-04-28T06:35:34.709+0000] {processor.py:768} INFO - DAG(s) dict_keys(['example_branch_python_operator_decorator']) retrieved from /home/airflow/.local/lib/python3.7/site-packages/airflow/example_dags/example_branch_operator_decorator.py
[2024-04-28T06:35:34.783+0000] {logging_mixin.py:117} INFO - [2024-04-28T06:35:34.783+0000] {dag.py:2573} INFO - Sync 1 DAGs
[2024-04-28T06:35:34.825+0000] {logging_mixin.py:117} INFO - [2024-04-28T06:35:34.825+0000] {dag.py:3328} INFO - Setting next_dagrun for example_branch_python_operator_decorator to 2024-04-27T00:00:00+00:00, run_after=2024-04-28T00:00:00+00:00
[2024-04-28T06:35:34.866+0000] {processor.py:178} INFO - Processing /home/airflow/.local/lib/python3.7/site-packages/airflow/example_dags/example_branch_operator_decorator.py took 0.204 seconds
[2024-04-28T06:36:06.359+0000] {processor.py:156} INFO - Started process (PID=9518) to work on /home/airflow/.local/lib/python3.7/site-packages/airflow/example_dags/example_branch_operator_decorator.py
[2024-04-28T06:36:06.360+0000] {processor.py:758} INFO - Processing file /home/airflow/.local/lib/python3.7/site-packages/airflow/example_dags/example_branch_operator_decorator.py for tasks to queue
[2024-04-28T06:36:06.364+0000] {logging_mixin.py:117} INFO - [2024-04-28T06:36:06.364+0000] {dagbag.py:525} INFO - Filling up the DagBag from /home/airflow/.local/lib/python3.7/site-packages/airflow/example_dags/example_branch_operator_decorator.py
[2024-04-28T06:36:06.431+0000] {processor.py:768} INFO - DAG(s) dict_keys(['example_branch_python_operator_decorator']) retrieved from /home/airflow/.local/lib/python3.7/site-packages/airflow/example_dags/example_branch_operator_decorator.py
[2024-04-28T06:36:06.492+0000] {logging_mixin.py:117} INFO - [2024-04-28T06:36:06.492+0000] {dag.py:2573} INFO - Sync 1 DAGs
[2024-04-28T06:36:06.524+0000] {logging_mixin.py:117} INFO - [2024-04-28T06:36:06.524+0000] {dag.py:3328} INFO - Setting next_dagrun for example_branch_python_operator_decorator to 2024-04-27T00:00:00+00:00, run_after=2024-04-28T00:00:00+00:00
[2024-04-28T06:36:06.551+0000] {processor.py:178} INFO - Processing /home/airflow/.local/lib/python3.7/site-packages/airflow/example_dags/example_branch_operator_decorator.py took 0.208 seconds
[2024-04-28T06:36:37.300+0000] {processor.py:156} INFO - Started process (PID=9727) to work on /home/airflow/.local/lib/python3.7/site-packages/airflow/example_dags/example_branch_operator_decorator.py
[2024-04-28T06:36:37.300+0000] {processor.py:758} INFO - Processing file /home/airflow/.local/lib/python3.7/site-packages/airflow/example_dags/example_branch_operator_decorator.py for tasks to queue
[2024-04-28T06:36:37.301+0000] {logging_mixin.py:117} INFO - [2024-04-28T06:36:37.301+0000] {dagbag.py:525} INFO - Filling up the DagBag from /home/airflow/.local/lib/python3.7/site-packages/airflow/example_dags/example_branch_operator_decorator.py
[2024-04-28T06:36:37.332+0000] {processor.py:768} INFO - DAG(s) dict_keys(['example_branch_python_operator_decorator']) retrieved from /home/airflow/.local/lib/python3.7/site-packages/airflow/example_dags/example_branch_operator_decorator.py
[2024-04-28T06:36:37.378+0000] {logging_mixin.py:117} INFO - [2024-04-28T06:36:37.378+0000] {dag.py:2573} INFO - Sync 1 DAGs
[2024-04-28T06:36:37.412+0000] {logging_mixin.py:117} INFO - [2024-04-28T06:36:37.412+0000] {dag.py:3328} INFO - Setting next_dagrun for example_branch_python_operator_decorator to 2024-04-27T00:00:00+00:00, run_after=2024-04-28T00:00:00+00:00
[2024-04-28T06:36:37.440+0000] {processor.py:178} INFO - Processing /home/airflow/.local/lib/python3.7/site-packages/airflow/example_dags/example_branch_operator_decorator.py took 0.144 seconds
[2024-04-28T06:37:07.701+0000] {processor.py:156} INFO - Started process (PID=9947) to work on /home/airflow/.local/lib/python3.7/site-packages/airflow/example_dags/example_branch_operator_decorator.py
[2024-04-28T06:37:07.702+0000] {processor.py:758} INFO - Processing file /home/airflow/.local/lib/python3.7/site-packages/airflow/example_dags/example_branch_operator_decorator.py for tasks to queue
[2024-04-28T06:37:07.702+0000] {logging_mixin.py:117} INFO - [2024-04-28T06:37:07.702+0000] {dagbag.py:525} INFO - Filling up the DagBag from /home/airflow/.local/lib/python3.7/site-packages/airflow/example_dags/example_branch_operator_decorator.py
[2024-04-28T06:37:07.737+0000] {processor.py:768} INFO - DAG(s) dict_keys(['example_branch_python_operator_decorator']) retrieved from /home/airflow/.local/lib/python3.7/site-packages/airflow/example_dags/example_branch_operator_decorator.py
[2024-04-28T06:37:07.800+0000] {logging_mixin.py:117} INFO - [2024-04-28T06:37:07.800+0000] {dag.py:2573} INFO - Sync 1 DAGs
[2024-04-28T06:37:07.869+0000] {logging_mixin.py:117} INFO - [2024-04-28T06:37:07.869+0000] {dag.py:3328} INFO - Setting next_dagrun for example_branch_python_operator_decorator to 2024-04-27T00:00:00+00:00, run_after=2024-04-28T00:00:00+00:00
[2024-04-28T06:37:07.904+0000] {processor.py:178} INFO - Processing /home/airflow/.local/lib/python3.7/site-packages/airflow/example_dags/example_branch_operator_decorator.py took 0.206 seconds
[2024-04-28T06:37:38.997+0000] {processor.py:156} INFO - Started process (PID=10169) to work on /home/airflow/.local/lib/python3.7/site-packages/airflow/example_dags/example_branch_operator_decorator.py
[2024-04-28T06:37:38.998+0000] {processor.py:758} INFO - Processing file /home/airflow/.local/lib/python3.7/site-packages/airflow/example_dags/example_branch_operator_decorator.py for tasks to queue
[2024-04-28T06:37:38.998+0000] {logging_mixin.py:117} INFO - [2024-04-28T06:37:38.998+0000] {dagbag.py:525} INFO - Filling up the DagBag from /home/airflow/.local/lib/python3.7/site-packages/airflow/example_dags/example_branch_operator_decorator.py
[2024-04-28T06:37:39.031+0000] {processor.py:768} INFO - DAG(s) dict_keys(['example_branch_python_operator_decorator']) retrieved from /home/airflow/.local/lib/python3.7/site-packages/airflow/example_dags/example_branch_operator_decorator.py
[2024-04-28T06:37:39.078+0000] {logging_mixin.py:117} INFO - [2024-04-28T06:37:39.078+0000] {dag.py:2573} INFO - Sync 1 DAGs
[2024-04-28T06:37:39.111+0000] {logging_mixin.py:117} INFO - [2024-04-28T06:37:39.111+0000] {dag.py:3328} INFO - Setting next_dagrun for example_branch_python_operator_decorator to 2024-04-27T00:00:00+00:00, run_after=2024-04-28T00:00:00+00:00
[2024-04-28T06:37:39.138+0000] {processor.py:178} INFO - Processing /home/airflow/.local/lib/python3.7/site-packages/airflow/example_dags/example_branch_operator_decorator.py took 0.145 seconds
[2024-04-28T06:38:10.323+0000] {processor.py:156} INFO - Started process (PID=10382) to work on /home/airflow/.local/lib/python3.7/site-packages/airflow/example_dags/example_branch_operator_decorator.py
[2024-04-28T06:38:10.324+0000] {processor.py:758} INFO - Processing file /home/airflow/.local/lib/python3.7/site-packages/airflow/example_dags/example_branch_operator_decorator.py for tasks to queue
[2024-04-28T06:38:10.325+0000] {logging_mixin.py:117} INFO - [2024-04-28T06:38:10.325+0000] {dagbag.py:525} INFO - Filling up the DagBag from /home/airflow/.local/lib/python3.7/site-packages/airflow/example_dags/example_branch_operator_decorator.py
[2024-04-28T06:38:10.356+0000] {processor.py:768} INFO - DAG(s) dict_keys(['example_branch_python_operator_decorator']) retrieved from /home/airflow/.local/lib/python3.7/site-packages/airflow/example_dags/example_branch_operator_decorator.py
[2024-04-28T06:38:10.412+0000] {logging_mixin.py:117} INFO - [2024-04-28T06:38:10.412+0000] {dag.py:2573} INFO - Sync 1 DAGs
[2024-04-28T06:38:10.465+0000] {logging_mixin.py:117} INFO - [2024-04-28T06:38:10.465+0000] {dag.py:3328} INFO - Setting next_dagrun for example_branch_python_operator_decorator to 2024-04-27T00:00:00+00:00, run_after=2024-04-28T00:00:00+00:00
[2024-04-28T06:38:10.508+0000] {processor.py:178} INFO - Processing /home/airflow/.local/lib/python3.7/site-packages/airflow/example_dags/example_branch_operator_decorator.py took 0.189 seconds
[2024-04-28T06:38:40.776+0000] {processor.py:156} INFO - Started process (PID=10591) to work on /home/airflow/.local/lib/python3.7/site-packages/airflow/example_dags/example_branch_operator_decorator.py
[2024-04-28T06:38:40.777+0000] {processor.py:758} INFO - Processing file /home/airflow/.local/lib/python3.7/site-packages/airflow/example_dags/example_branch_operator_decorator.py for tasks to queue
[2024-04-28T06:38:40.778+0000] {logging_mixin.py:117} INFO - [2024-04-28T06:38:40.778+0000] {dagbag.py:525} INFO - Filling up the DagBag from /home/airflow/.local/lib/python3.7/site-packages/airflow/example_dags/example_branch_operator_decorator.py
[2024-04-28T06:38:40.810+0000] {processor.py:768} INFO - DAG(s) dict_keys(['example_branch_python_operator_decorator']) retrieved from /home/airflow/.local/lib/python3.7/site-packages/airflow/example_dags/example_branch_operator_decorator.py
[2024-04-28T06:38:40.857+0000] {logging_mixin.py:117} INFO - [2024-04-28T06:38:40.856+0000] {dag.py:2573} INFO - Sync 1 DAGs
[2024-04-28T06:38:40.886+0000] {logging_mixin.py:117} INFO - [2024-04-28T06:38:40.886+0000] {dag.py:3328} INFO - Setting next_dagrun for example_branch_python_operator_decorator to 2024-04-27T00:00:00+00:00, run_after=2024-04-28T00:00:00+00:00
[2024-04-28T06:38:40.912+0000] {processor.py:178} INFO - Processing /home/airflow/.local/lib/python3.7/site-packages/airflow/example_dags/example_branch_operator_decorator.py took 0.140 seconds
[2024-04-28T06:39:11.964+0000] {processor.py:156} INFO - Started process (PID=10811) to work on /home/airflow/.local/lib/python3.7/site-packages/airflow/example_dags/example_branch_operator_decorator.py
[2024-04-28T06:39:11.965+0000] {processor.py:758} INFO - Processing file /home/airflow/.local/lib/python3.7/site-packages/airflow/example_dags/example_branch_operator_decorator.py for tasks to queue
[2024-04-28T06:39:11.966+0000] {logging_mixin.py:117} INFO - [2024-04-28T06:39:11.966+0000] {dagbag.py:525} INFO - Filling up the DagBag from /home/airflow/.local/lib/python3.7/site-packages/airflow/example_dags/example_branch_operator_decorator.py
[2024-04-28T06:39:11.997+0000] {processor.py:768} INFO - DAG(s) dict_keys(['example_branch_python_operator_decorator']) retrieved from /home/airflow/.local/lib/python3.7/site-packages/airflow/example_dags/example_branch_operator_decorator.py
[2024-04-28T06:39:12.044+0000] {logging_mixin.py:117} INFO - [2024-04-28T06:39:12.043+0000] {dag.py:2573} INFO - Sync 1 DAGs
[2024-04-28T06:39:12.091+0000] {logging_mixin.py:117} INFO - [2024-04-28T06:39:12.091+0000] {dag.py:3328} INFO - Setting next_dagrun for example_branch_python_operator_decorator to 2024-04-27T00:00:00+00:00, run_after=2024-04-28T00:00:00+00:00
[2024-04-28T06:39:12.131+0000] {processor.py:178} INFO - Processing /home/airflow/.local/lib/python3.7/site-packages/airflow/example_dags/example_branch_operator_decorator.py took 0.170 seconds
[2024-04-28T06:39:42.795+0000] {processor.py:156} INFO - Started process (PID=11029) to work on /home/airflow/.local/lib/python3.7/site-packages/airflow/example_dags/example_branch_operator_decorator.py
[2024-04-28T06:39:42.796+0000] {processor.py:758} INFO - Processing file /home/airflow/.local/lib/python3.7/site-packages/airflow/example_dags/example_branch_operator_decorator.py for tasks to queue
[2024-04-28T06:39:42.796+0000] {logging_mixin.py:117} INFO - [2024-04-28T06:39:42.796+0000] {dagbag.py:525} INFO - Filling up the DagBag from /home/airflow/.local/lib/python3.7/site-packages/airflow/example_dags/example_branch_operator_decorator.py
[2024-04-28T06:39:42.828+0000] {processor.py:768} INFO - DAG(s) dict_keys(['example_branch_python_operator_decorator']) retrieved from /home/airflow/.local/lib/python3.7/site-packages/airflow/example_dags/example_branch_operator_decorator.py
[2024-04-28T06:39:42.875+0000] {logging_mixin.py:117} INFO - [2024-04-28T06:39:42.875+0000] {dag.py:2573} INFO - Sync 1 DAGs
[2024-04-28T06:39:42.904+0000] {logging_mixin.py:117} INFO - [2024-04-28T06:39:42.904+0000] {dag.py:3328} INFO - Setting next_dagrun for example_branch_python_operator_decorator to 2024-04-27T00:00:00+00:00, run_after=2024-04-28T00:00:00+00:00
[2024-04-28T06:39:42.933+0000] {processor.py:178} INFO - Processing /home/airflow/.local/lib/python3.7/site-packages/airflow/example_dags/example_branch_operator_decorator.py took 0.141 seconds
[2024-04-28T06:40:13.642+0000] {processor.py:156} INFO - Started process (PID=11238) to work on /home/airflow/.local/lib/python3.7/site-packages/airflow/example_dags/example_branch_operator_decorator.py
[2024-04-28T06:40:13.643+0000] {processor.py:758} INFO - Processing file /home/airflow/.local/lib/python3.7/site-packages/airflow/example_dags/example_branch_operator_decorator.py for tasks to queue
[2024-04-28T06:40:13.643+0000] {logging_mixin.py:117} INFO - [2024-04-28T06:40:13.643+0000] {dagbag.py:525} INFO - Filling up the DagBag from /home/airflow/.local/lib/python3.7/site-packages/airflow/example_dags/example_branch_operator_decorator.py
[2024-04-28T06:40:13.674+0000] {processor.py:768} INFO - DAG(s) dict_keys(['example_branch_python_operator_decorator']) retrieved from /home/airflow/.local/lib/python3.7/site-packages/airflow/example_dags/example_branch_operator_decorator.py
[2024-04-28T06:40:13.722+0000] {logging_mixin.py:117} INFO - [2024-04-28T06:40:13.722+0000] {dag.py:2573} INFO - Sync 1 DAGs
[2024-04-28T06:40:13.752+0000] {logging_mixin.py:117} INFO - [2024-04-28T06:40:13.752+0000] {dag.py:3328} INFO - Setting next_dagrun for example_branch_python_operator_decorator to 2024-04-27T00:00:00+00:00, run_after=2024-04-28T00:00:00+00:00
[2024-04-28T06:40:13.777+0000] {processor.py:178} INFO - Processing /home/airflow/.local/lib/python3.7/site-packages/airflow/example_dags/example_branch_operator_decorator.py took 0.138 seconds
[2024-04-28T06:40:44.384+0000] {processor.py:156} INFO - Started process (PID=11456) to work on /home/airflow/.local/lib/python3.7/site-packages/airflow/example_dags/example_branch_operator_decorator.py
[2024-04-28T06:40:44.385+0000] {processor.py:758} INFO - Processing file /home/airflow/.local/lib/python3.7/site-packages/airflow/example_dags/example_branch_operator_decorator.py for tasks to queue
[2024-04-28T06:40:44.385+0000] {logging_mixin.py:117} INFO - [2024-04-28T06:40:44.385+0000] {dagbag.py:525} INFO - Filling up the DagBag from /home/airflow/.local/lib/python3.7/site-packages/airflow/example_dags/example_branch_operator_decorator.py
[2024-04-28T06:40:44.416+0000] {processor.py:768} INFO - DAG(s) dict_keys(['example_branch_python_operator_decorator']) retrieved from /home/airflow/.local/lib/python3.7/site-packages/airflow/example_dags/example_branch_operator_decorator.py
[2024-04-28T06:40:44.483+0000] {logging_mixin.py:117} INFO - [2024-04-28T06:40:44.483+0000] {dag.py:2573} INFO - Sync 1 DAGs
[2024-04-28T06:40:44.520+0000] {logging_mixin.py:117} INFO - [2024-04-28T06:40:44.520+0000] {dag.py:3328} INFO - Setting next_dagrun for example_branch_python_operator_decorator to 2024-04-27T00:00:00+00:00, run_after=2024-04-28T00:00:00+00:00
[2024-04-28T06:40:44.545+0000] {processor.py:178} INFO - Processing /home/airflow/.local/lib/python3.7/site-packages/airflow/example_dags/example_branch_operator_decorator.py took 0.163 seconds
[2024-04-28T06:41:15.583+0000] {processor.py:156} INFO - Started process (PID=11673) to work on /home/airflow/.local/lib/python3.7/site-packages/airflow/example_dags/example_branch_operator_decorator.py
[2024-04-28T06:41:15.584+0000] {processor.py:758} INFO - Processing file /home/airflow/.local/lib/python3.7/site-packages/airflow/example_dags/example_branch_operator_decorator.py for tasks to queue
[2024-04-28T06:41:15.585+0000] {logging_mixin.py:117} INFO - [2024-04-28T06:41:15.585+0000] {dagbag.py:525} INFO - Filling up the DagBag from /home/airflow/.local/lib/python3.7/site-packages/airflow/example_dags/example_branch_operator_decorator.py
[2024-04-28T06:41:15.619+0000] {processor.py:768} INFO - DAG(s) dict_keys(['example_branch_python_operator_decorator']) retrieved from /home/airflow/.local/lib/python3.7/site-packages/airflow/example_dags/example_branch_operator_decorator.py
[2024-04-28T06:41:15.668+0000] {logging_mixin.py:117} INFO - [2024-04-28T06:41:15.668+0000] {dag.py:2573} INFO - Sync 1 DAGs
[2024-04-28T06:41:15.703+0000] {logging_mixin.py:117} INFO - [2024-04-28T06:41:15.703+0000] {dag.py:3328} INFO - Setting next_dagrun for example_branch_python_operator_decorator to 2024-04-27T00:00:00+00:00, run_after=2024-04-28T00:00:00+00:00
[2024-04-28T06:41:15.728+0000] {processor.py:178} INFO - Processing /home/airflow/.local/lib/python3.7/site-packages/airflow/example_dags/example_branch_operator_decorator.py took 0.147 seconds
[2024-04-28T06:41:47.004+0000] {processor.py:156} INFO - Started process (PID=11890) to work on /home/airflow/.local/lib/python3.7/site-packages/airflow/example_dags/example_branch_operator_decorator.py
[2024-04-28T06:41:47.005+0000] {processor.py:758} INFO - Processing file /home/airflow/.local/lib/python3.7/site-packages/airflow/example_dags/example_branch_operator_decorator.py for tasks to queue
[2024-04-28T06:41:47.007+0000] {logging_mixin.py:117} INFO - [2024-04-28T06:41:47.006+0000] {dagbag.py:525} INFO - Filling up the DagBag from /home/airflow/.local/lib/python3.7/site-packages/airflow/example_dags/example_branch_operator_decorator.py
[2024-04-28T06:41:47.038+0000] {processor.py:768} INFO - DAG(s) dict_keys(['example_branch_python_operator_decorator']) retrieved from /home/airflow/.local/lib/python3.7/site-packages/airflow/example_dags/example_branch_operator_decorator.py
[2024-04-28T06:41:47.134+0000] {logging_mixin.py:117} INFO - [2024-04-28T06:41:47.134+0000] {dag.py:2573} INFO - Sync 1 DAGs
[2024-04-28T06:41:47.189+0000] {logging_mixin.py:117} INFO - [2024-04-28T06:41:47.189+0000] {dag.py:3328} INFO - Setting next_dagrun for example_branch_python_operator_decorator to 2024-04-27T00:00:00+00:00, run_after=2024-04-28T00:00:00+00:00
[2024-04-28T06:41:47.227+0000] {processor.py:178} INFO - Processing /home/airflow/.local/lib/python3.7/site-packages/airflow/example_dags/example_branch_operator_decorator.py took 0.226 seconds
