[2024-04-28T06:13:57.400+0000] {processor.py:156} INFO - Started process (PID=236) to work on /home/airflow/.local/lib/python3.7/site-packages/airflow/example_dags/example_short_circuit_operator.py
[2024-04-28T06:13:57.404+0000] {processor.py:758} INFO - Processing file /home/airflow/.local/lib/python3.7/site-packages/airflow/example_dags/example_short_circuit_operator.py for tasks to queue
[2024-04-28T06:13:57.405+0000] {logging_mixin.py:117} INFO - [2024-04-28T06:13:57.405+0000] {dagbag.py:525} INFO - Filling up the DagBag from /home/airflow/.local/lib/python3.7/site-packages/airflow/example_dags/example_short_circuit_operator.py
[2024-04-28T06:13:57.454+0000] {processor.py:768} INFO - DAG(s) dict_keys(['example_short_circuit_operator']) retrieved from /home/airflow/.local/lib/python3.7/site-packages/airflow/example_dags/example_short_circuit_operator.py
[2024-04-28T06:13:57.528+0000] {logging_mixin.py:117} INFO - [2024-04-28T06:13:57.528+0000] {dag.py:2573} INFO - Sync 1 DAGs
[2024-04-28T06:13:57.588+0000] {logging_mixin.py:117} INFO - [2024-04-28T06:13:57.588+0000] {dag.py:3328} INFO - Setting next_dagrun for example_short_circuit_operator to 2024-04-27T06:13:57.588118+00:00, run_after=2024-04-28T06:13:57.588118+00:00
[2024-04-28T06:13:57.638+0000] {processor.py:178} INFO - Processing /home/airflow/.local/lib/python3.7/site-packages/airflow/example_dags/example_short_circuit_operator.py took 0.248 seconds
[2024-04-28T06:14:28.855+0000] {processor.py:156} INFO - Started process (PID=454) to work on /home/airflow/.local/lib/python3.7/site-packages/airflow/example_dags/example_short_circuit_operator.py
[2024-04-28T06:14:28.856+0000] {processor.py:758} INFO - Processing file /home/airflow/.local/lib/python3.7/site-packages/airflow/example_dags/example_short_circuit_operator.py for tasks to queue
[2024-04-28T06:14:28.860+0000] {logging_mixin.py:117} INFO - [2024-04-28T06:14:28.860+0000] {dagbag.py:525} INFO - Filling up the DagBag from /home/airflow/.local/lib/python3.7/site-packages/airflow/example_dags/example_short_circuit_operator.py
[2024-04-28T06:14:28.887+0000] {processor.py:768} INFO - DAG(s) dict_keys(['example_short_circuit_operator']) retrieved from /home/airflow/.local/lib/python3.7/site-packages/airflow/example_dags/example_short_circuit_operator.py
[2024-04-28T06:14:29.000+0000] {logging_mixin.py:117} INFO - [2024-04-28T06:14:28.999+0000] {dag.py:2573} INFO - Sync 1 DAGs
[2024-04-28T06:14:29.073+0000] {logging_mixin.py:117} INFO - [2024-04-28T06:14:29.073+0000] {dag.py:3328} INFO - Setting next_dagrun for example_short_circuit_operator to 2024-04-27T06:14:29.073132+00:00, run_after=2024-04-28T06:14:29.073132+00:00
[2024-04-28T06:14:29.114+0000] {processor.py:178} INFO - Processing /home/airflow/.local/lib/python3.7/site-packages/airflow/example_dags/example_short_circuit_operator.py took 0.262 seconds
[2024-04-28T06:14:59.177+0000] {processor.py:156} INFO - Started process (PID=659) to work on /home/airflow/.local/lib/python3.7/site-packages/airflow/example_dags/example_short_circuit_operator.py
[2024-04-28T06:14:59.178+0000] {processor.py:758} INFO - Processing file /home/airflow/.local/lib/python3.7/site-packages/airflow/example_dags/example_short_circuit_operator.py for tasks to queue
[2024-04-28T06:14:59.179+0000] {logging_mixin.py:117} INFO - [2024-04-28T06:14:59.179+0000] {dagbag.py:525} INFO - Filling up the DagBag from /home/airflow/.local/lib/python3.7/site-packages/airflow/example_dags/example_short_circuit_operator.py
[2024-04-28T06:14:59.201+0000] {processor.py:768} INFO - DAG(s) dict_keys(['example_short_circuit_operator']) retrieved from /home/airflow/.local/lib/python3.7/site-packages/airflow/example_dags/example_short_circuit_operator.py
[2024-04-28T06:14:59.270+0000] {logging_mixin.py:117} INFO - [2024-04-28T06:14:59.270+0000] {dag.py:2573} INFO - Sync 1 DAGs
[2024-04-28T06:14:59.331+0000] {logging_mixin.py:117} INFO - [2024-04-28T06:14:59.331+0000] {dag.py:3328} INFO - Setting next_dagrun for example_short_circuit_operator to 2024-04-27T06:14:59.331339+00:00, run_after=2024-04-28T06:14:59.331339+00:00
[2024-04-28T06:14:59.368+0000] {processor.py:178} INFO - Processing /home/airflow/.local/lib/python3.7/site-packages/airflow/example_dags/example_short_circuit_operator.py took 0.194 seconds
[2024-04-28T06:15:29.634+0000] {processor.py:156} INFO - Started process (PID=877) to work on /home/airflow/.local/lib/python3.7/site-packages/airflow/example_dags/example_short_circuit_operator.py
[2024-04-28T06:15:29.634+0000] {processor.py:758} INFO - Processing file /home/airflow/.local/lib/python3.7/site-packages/airflow/example_dags/example_short_circuit_operator.py for tasks to queue
[2024-04-28T06:15:29.635+0000] {logging_mixin.py:117} INFO - [2024-04-28T06:15:29.635+0000] {dagbag.py:525} INFO - Filling up the DagBag from /home/airflow/.local/lib/python3.7/site-packages/airflow/example_dags/example_short_circuit_operator.py
[2024-04-28T06:15:29.652+0000] {processor.py:768} INFO - DAG(s) dict_keys(['example_short_circuit_operator']) retrieved from /home/airflow/.local/lib/python3.7/site-packages/airflow/example_dags/example_short_circuit_operator.py
[2024-04-28T06:15:29.699+0000] {logging_mixin.py:117} INFO - [2024-04-28T06:15:29.699+0000] {dag.py:2573} INFO - Sync 1 DAGs
[2024-04-28T06:15:29.760+0000] {logging_mixin.py:117} INFO - [2024-04-28T06:15:29.760+0000] {dag.py:3328} INFO - Setting next_dagrun for example_short_circuit_operator to 2024-04-27T06:15:29.759824+00:00, run_after=2024-04-28T06:15:29.759824+00:00
[2024-04-28T06:15:29.788+0000] {processor.py:178} INFO - Processing /home/airflow/.local/lib/python3.7/site-packages/airflow/example_dags/example_short_circuit_operator.py took 0.158 seconds
[2024-04-28T06:16:01.418+0000] {processor.py:156} INFO - Started process (PID=1104) to work on /home/airflow/.local/lib/python3.7/site-packages/airflow/example_dags/example_short_circuit_operator.py
[2024-04-28T06:16:01.419+0000] {processor.py:758} INFO - Processing file /home/airflow/.local/lib/python3.7/site-packages/airflow/example_dags/example_short_circuit_operator.py for tasks to queue
[2024-04-28T06:16:01.420+0000] {logging_mixin.py:117} INFO - [2024-04-28T06:16:01.420+0000] {dagbag.py:525} INFO - Filling up the DagBag from /home/airflow/.local/lib/python3.7/site-packages/airflow/example_dags/example_short_circuit_operator.py
[2024-04-28T06:16:01.434+0000] {processor.py:768} INFO - DAG(s) dict_keys(['example_short_circuit_operator']) retrieved from /home/airflow/.local/lib/python3.7/site-packages/airflow/example_dags/example_short_circuit_operator.py
[2024-04-28T06:16:01.471+0000] {logging_mixin.py:117} INFO - [2024-04-28T06:16:01.471+0000] {dag.py:2573} INFO - Sync 1 DAGs
[2024-04-28T06:16:01.500+0000] {logging_mixin.py:117} INFO - [2024-04-28T06:16:01.500+0000] {dag.py:3328} INFO - Setting next_dagrun for example_short_circuit_operator to 2024-04-27T06:16:01.500629+00:00, run_after=2024-04-28T06:16:01.500629+00:00
[2024-04-28T06:16:01.523+0000] {processor.py:178} INFO - Processing /home/airflow/.local/lib/python3.7/site-packages/airflow/example_dags/example_short_circuit_operator.py took 0.107 seconds
[2024-04-28T06:16:32.300+0000] {processor.py:156} INFO - Started process (PID=1311) to work on /home/airflow/.local/lib/python3.7/site-packages/airflow/example_dags/example_short_circuit_operator.py
[2024-04-28T06:16:32.301+0000] {processor.py:758} INFO - Processing file /home/airflow/.local/lib/python3.7/site-packages/airflow/example_dags/example_short_circuit_operator.py for tasks to queue
[2024-04-28T06:16:32.301+0000] {logging_mixin.py:117} INFO - [2024-04-28T06:16:32.301+0000] {dagbag.py:525} INFO - Filling up the DagBag from /home/airflow/.local/lib/python3.7/site-packages/airflow/example_dags/example_short_circuit_operator.py
[2024-04-28T06:16:32.321+0000] {processor.py:768} INFO - DAG(s) dict_keys(['example_short_circuit_operator']) retrieved from /home/airflow/.local/lib/python3.7/site-packages/airflow/example_dags/example_short_circuit_operator.py
[2024-04-28T06:16:32.371+0000] {logging_mixin.py:117} INFO - [2024-04-28T06:16:32.371+0000] {dag.py:2573} INFO - Sync 1 DAGs
[2024-04-28T06:16:32.434+0000] {logging_mixin.py:117} INFO - [2024-04-28T06:16:32.434+0000] {dag.py:3328} INFO - Setting next_dagrun for example_short_circuit_operator to 2024-04-27T06:16:32.434091+00:00, run_after=2024-04-28T06:16:32.434091+00:00
[2024-04-28T06:16:32.692+0000] {processor.py:178} INFO - Processing /home/airflow/.local/lib/python3.7/site-packages/airflow/example_dags/example_short_circuit_operator.py took 0.396 seconds
[2024-04-28T06:17:03.063+0000] {processor.py:156} INFO - Started process (PID=1528) to work on /home/airflow/.local/lib/python3.7/site-packages/airflow/example_dags/example_short_circuit_operator.py
[2024-04-28T06:17:03.064+0000] {processor.py:758} INFO - Processing file /home/airflow/.local/lib/python3.7/site-packages/airflow/example_dags/example_short_circuit_operator.py for tasks to queue
[2024-04-28T06:17:03.064+0000] {logging_mixin.py:117} INFO - [2024-04-28T06:17:03.064+0000] {dagbag.py:525} INFO - Filling up the DagBag from /home/airflow/.local/lib/python3.7/site-packages/airflow/example_dags/example_short_circuit_operator.py
[2024-04-28T06:17:03.083+0000] {processor.py:768} INFO - DAG(s) dict_keys(['example_short_circuit_operator']) retrieved from /home/airflow/.local/lib/python3.7/site-packages/airflow/example_dags/example_short_circuit_operator.py
[2024-04-28T06:17:03.135+0000] {logging_mixin.py:117} INFO - [2024-04-28T06:17:03.134+0000] {dag.py:2573} INFO - Sync 1 DAGs
[2024-04-28T06:17:03.310+0000] {logging_mixin.py:117} INFO - [2024-04-28T06:17:03.310+0000] {dag.py:3328} INFO - Setting next_dagrun for example_short_circuit_operator to 2024-04-27T06:17:03.310527+00:00, run_after=2024-04-28T06:17:03.310527+00:00
[2024-04-28T06:17:03.334+0000] {processor.py:178} INFO - Processing /home/airflow/.local/lib/python3.7/site-packages/airflow/example_dags/example_short_circuit_operator.py took 0.275 seconds
[2024-04-28T06:17:33.980+0000] {processor.py:156} INFO - Started process (PID=1745) to work on /home/airflow/.local/lib/python3.7/site-packages/airflow/example_dags/example_short_circuit_operator.py
[2024-04-28T06:17:33.981+0000] {processor.py:758} INFO - Processing file /home/airflow/.local/lib/python3.7/site-packages/airflow/example_dags/example_short_circuit_operator.py for tasks to queue
[2024-04-28T06:17:33.982+0000] {logging_mixin.py:117} INFO - [2024-04-28T06:17:33.982+0000] {dagbag.py:525} INFO - Filling up the DagBag from /home/airflow/.local/lib/python3.7/site-packages/airflow/example_dags/example_short_circuit_operator.py
[2024-04-28T06:17:34.002+0000] {processor.py:768} INFO - DAG(s) dict_keys(['example_short_circuit_operator']) retrieved from /home/airflow/.local/lib/python3.7/site-packages/airflow/example_dags/example_short_circuit_operator.py
[2024-04-28T06:17:34.192+0000] {logging_mixin.py:117} INFO - [2024-04-28T06:17:34.192+0000] {dag.py:2573} INFO - Sync 1 DAGs
[2024-04-28T06:17:34.248+0000] {logging_mixin.py:117} INFO - [2024-04-28T06:17:34.248+0000] {dag.py:3328} INFO - Setting next_dagrun for example_short_circuit_operator to 2024-04-27T06:17:34.247766+00:00, run_after=2024-04-28T06:17:34.247766+00:00
[2024-04-28T06:17:34.294+0000] {processor.py:178} INFO - Processing /home/airflow/.local/lib/python3.7/site-packages/airflow/example_dags/example_short_circuit_operator.py took 0.318 seconds
[2024-04-28T06:18:04.378+0000] {processor.py:156} INFO - Started process (PID=1949) to work on /home/airflow/.local/lib/python3.7/site-packages/airflow/example_dags/example_short_circuit_operator.py
[2024-04-28T06:18:04.379+0000] {processor.py:758} INFO - Processing file /home/airflow/.local/lib/python3.7/site-packages/airflow/example_dags/example_short_circuit_operator.py for tasks to queue
[2024-04-28T06:18:04.379+0000] {logging_mixin.py:117} INFO - [2024-04-28T06:18:04.379+0000] {dagbag.py:525} INFO - Filling up the DagBag from /home/airflow/.local/lib/python3.7/site-packages/airflow/example_dags/example_short_circuit_operator.py
[2024-04-28T06:18:04.420+0000] {processor.py:768} INFO - DAG(s) dict_keys(['example_short_circuit_operator']) retrieved from /home/airflow/.local/lib/python3.7/site-packages/airflow/example_dags/example_short_circuit_operator.py
[2024-04-28T06:18:04.700+0000] {logging_mixin.py:117} INFO - [2024-04-28T06:18:04.700+0000] {dag.py:2573} INFO - Sync 1 DAGs
[2024-04-28T06:18:04.751+0000] {logging_mixin.py:117} INFO - [2024-04-28T06:18:04.751+0000] {dag.py:3328} INFO - Setting next_dagrun for example_short_circuit_operator to 2024-04-27T06:18:04.750968+00:00, run_after=2024-04-28T06:18:04.750968+00:00
[2024-04-28T06:18:04.794+0000] {processor.py:178} INFO - Processing /home/airflow/.local/lib/python3.7/site-packages/airflow/example_dags/example_short_circuit_operator.py took 0.419 seconds
[2024-04-28T06:18:35.438+0000] {processor.py:156} INFO - Started process (PID=2166) to work on /home/airflow/.local/lib/python3.7/site-packages/airflow/example_dags/example_short_circuit_operator.py
[2024-04-28T06:18:35.439+0000] {processor.py:758} INFO - Processing file /home/airflow/.local/lib/python3.7/site-packages/airflow/example_dags/example_short_circuit_operator.py for tasks to queue
[2024-04-28T06:18:35.440+0000] {logging_mixin.py:117} INFO - [2024-04-28T06:18:35.440+0000] {dagbag.py:525} INFO - Filling up the DagBag from /home/airflow/.local/lib/python3.7/site-packages/airflow/example_dags/example_short_circuit_operator.py
[2024-04-28T06:18:35.605+0000] {processor.py:768} INFO - DAG(s) dict_keys(['example_short_circuit_operator']) retrieved from /home/airflow/.local/lib/python3.7/site-packages/airflow/example_dags/example_short_circuit_operator.py
[2024-04-28T06:18:35.649+0000] {logging_mixin.py:117} INFO - [2024-04-28T06:18:35.648+0000] {dag.py:2573} INFO - Sync 1 DAGs
[2024-04-28T06:18:35.679+0000] {logging_mixin.py:117} INFO - [2024-04-28T06:18:35.679+0000] {dag.py:3328} INFO - Setting next_dagrun for example_short_circuit_operator to 2024-04-27T06:18:35.679007+00:00, run_after=2024-04-28T06:18:35.679007+00:00
[2024-04-28T06:18:35.703+0000] {processor.py:178} INFO - Processing /home/airflow/.local/lib/python3.7/site-packages/airflow/example_dags/example_short_circuit_operator.py took 0.269 seconds
[2024-04-28T06:19:06.717+0000] {processor.py:156} INFO - Started process (PID=2390) to work on /home/airflow/.local/lib/python3.7/site-packages/airflow/example_dags/example_short_circuit_operator.py
[2024-04-28T06:19:06.718+0000] {processor.py:758} INFO - Processing file /home/airflow/.local/lib/python3.7/site-packages/airflow/example_dags/example_short_circuit_operator.py for tasks to queue
[2024-04-28T06:19:06.719+0000] {logging_mixin.py:117} INFO - [2024-04-28T06:19:06.719+0000] {dagbag.py:525} INFO - Filling up the DagBag from /home/airflow/.local/lib/python3.7/site-packages/airflow/example_dags/example_short_circuit_operator.py
[2024-04-28T06:19:06.741+0000] {processor.py:768} INFO - DAG(s) dict_keys(['example_short_circuit_operator']) retrieved from /home/airflow/.local/lib/python3.7/site-packages/airflow/example_dags/example_short_circuit_operator.py
[2024-04-28T06:19:06.791+0000] {logging_mixin.py:117} INFO - [2024-04-28T06:19:06.791+0000] {dag.py:2573} INFO - Sync 1 DAGs
[2024-04-28T06:19:06.967+0000] {logging_mixin.py:117} INFO - [2024-04-28T06:19:06.967+0000] {dag.py:3328} INFO - Setting next_dagrun for example_short_circuit_operator to 2024-04-27T06:19:06.967345+00:00, run_after=2024-04-28T06:19:06.967345+00:00
[2024-04-28T06:19:06.991+0000] {processor.py:178} INFO - Processing /home/airflow/.local/lib/python3.7/site-packages/airflow/example_dags/example_short_circuit_operator.py took 0.277 seconds
[2024-04-28T06:19:37.588+0000] {processor.py:156} INFO - Started process (PID=2593) to work on /home/airflow/.local/lib/python3.7/site-packages/airflow/example_dags/example_short_circuit_operator.py
[2024-04-28T06:19:37.589+0000] {processor.py:758} INFO - Processing file /home/airflow/.local/lib/python3.7/site-packages/airflow/example_dags/example_short_circuit_operator.py for tasks to queue
[2024-04-28T06:19:37.589+0000] {logging_mixin.py:117} INFO - [2024-04-28T06:19:37.589+0000] {dagbag.py:525} INFO - Filling up the DagBag from /home/airflow/.local/lib/python3.7/site-packages/airflow/example_dags/example_short_circuit_operator.py
[2024-04-28T06:19:37.642+0000] {processor.py:768} INFO - DAG(s) dict_keys(['example_short_circuit_operator']) retrieved from /home/airflow/.local/lib/python3.7/site-packages/airflow/example_dags/example_short_circuit_operator.py
[2024-04-28T06:19:37.983+0000] {logging_mixin.py:117} INFO - [2024-04-28T06:19:37.982+0000] {dag.py:2573} INFO - Sync 1 DAGs
[2024-04-28T06:19:38.011+0000] {logging_mixin.py:117} INFO - [2024-04-28T06:19:38.011+0000] {dag.py:3328} INFO - Setting next_dagrun for example_short_circuit_operator to 2024-04-27T06:19:38.011500+00:00, run_after=2024-04-28T06:19:38.011500+00:00
[2024-04-28T06:19:38.040+0000] {processor.py:178} INFO - Processing /home/airflow/.local/lib/python3.7/site-packages/airflow/example_dags/example_short_circuit_operator.py took 0.456 seconds
[2024-04-28T06:20:08.795+0000] {processor.py:156} INFO - Started process (PID=2811) to work on /home/airflow/.local/lib/python3.7/site-packages/airflow/example_dags/example_short_circuit_operator.py
[2024-04-28T06:20:08.796+0000] {processor.py:758} INFO - Processing file /home/airflow/.local/lib/python3.7/site-packages/airflow/example_dags/example_short_circuit_operator.py for tasks to queue
[2024-04-28T06:20:08.797+0000] {logging_mixin.py:117} INFO - [2024-04-28T06:20:08.797+0000] {dagbag.py:525} INFO - Filling up the DagBag from /home/airflow/.local/lib/python3.7/site-packages/airflow/example_dags/example_short_circuit_operator.py
[2024-04-28T06:20:08.853+0000] {processor.py:768} INFO - DAG(s) dict_keys(['example_short_circuit_operator']) retrieved from /home/airflow/.local/lib/python3.7/site-packages/airflow/example_dags/example_short_circuit_operator.py
[2024-04-28T06:20:09.092+0000] {logging_mixin.py:117} INFO - [2024-04-28T06:20:09.092+0000] {dag.py:2573} INFO - Sync 1 DAGs
[2024-04-28T06:20:09.120+0000] {logging_mixin.py:117} INFO - [2024-04-28T06:20:09.120+0000] {dag.py:3328} INFO - Setting next_dagrun for example_short_circuit_operator to 2024-04-27T06:20:09.119829+00:00, run_after=2024-04-28T06:20:09.119829+00:00
[2024-04-28T06:20:09.144+0000] {processor.py:178} INFO - Processing /home/airflow/.local/lib/python3.7/site-packages/airflow/example_dags/example_short_circuit_operator.py took 0.352 seconds
[2024-04-28T06:20:39.336+0000] {processor.py:156} INFO - Started process (PID=3031) to work on /home/airflow/.local/lib/python3.7/site-packages/airflow/example_dags/example_short_circuit_operator.py
[2024-04-28T06:20:39.336+0000] {processor.py:758} INFO - Processing file /home/airflow/.local/lib/python3.7/site-packages/airflow/example_dags/example_short_circuit_operator.py for tasks to queue
[2024-04-28T06:20:39.337+0000] {logging_mixin.py:117} INFO - [2024-04-28T06:20:39.337+0000] {dagbag.py:525} INFO - Filling up the DagBag from /home/airflow/.local/lib/python3.7/site-packages/airflow/example_dags/example_short_circuit_operator.py
[2024-04-28T06:20:39.488+0000] {processor.py:768} INFO - DAG(s) dict_keys(['example_short_circuit_operator']) retrieved from /home/airflow/.local/lib/python3.7/site-packages/airflow/example_dags/example_short_circuit_operator.py
[2024-04-28T06:20:39.518+0000] {logging_mixin.py:117} INFO - [2024-04-28T06:20:39.518+0000] {dag.py:2573} INFO - Sync 1 DAGs
[2024-04-28T06:20:39.537+0000] {logging_mixin.py:117} INFO - [2024-04-28T06:20:39.537+0000] {dag.py:3328} INFO - Setting next_dagrun for example_short_circuit_operator to 2024-04-27T06:20:39.537656+00:00, run_after=2024-04-28T06:20:39.537656+00:00
[2024-04-28T06:20:39.557+0000] {processor.py:178} INFO - Processing /home/airflow/.local/lib/python3.7/site-packages/airflow/example_dags/example_short_circuit_operator.py took 0.224 seconds
[2024-04-28T06:21:09.773+0000] {processor.py:156} INFO - Started process (PID=3238) to work on /home/airflow/.local/lib/python3.7/site-packages/airflow/example_dags/example_short_circuit_operator.py
[2024-04-28T06:21:09.774+0000] {processor.py:758} INFO - Processing file /home/airflow/.local/lib/python3.7/site-packages/airflow/example_dags/example_short_circuit_operator.py for tasks to queue
[2024-04-28T06:21:09.774+0000] {logging_mixin.py:117} INFO - [2024-04-28T06:21:09.774+0000] {dagbag.py:525} INFO - Filling up the DagBag from /home/airflow/.local/lib/python3.7/site-packages/airflow/example_dags/example_short_circuit_operator.py
[2024-04-28T06:21:09.795+0000] {processor.py:768} INFO - DAG(s) dict_keys(['example_short_circuit_operator']) retrieved from /home/airflow/.local/lib/python3.7/site-packages/airflow/example_dags/example_short_circuit_operator.py
[2024-04-28T06:21:09.841+0000] {logging_mixin.py:117} INFO - [2024-04-28T06:21:09.841+0000] {dag.py:2573} INFO - Sync 1 DAGs
[2024-04-28T06:21:10.043+0000] {logging_mixin.py:117} INFO - [2024-04-28T06:21:10.043+0000] {dag.py:3328} INFO - Setting next_dagrun for example_short_circuit_operator to 2024-04-27T06:21:10.042883+00:00, run_after=2024-04-28T06:21:10.042883+00:00
[2024-04-28T06:21:10.130+0000] {processor.py:178} INFO - Processing /home/airflow/.local/lib/python3.7/site-packages/airflow/example_dags/example_short_circuit_operator.py took 0.360 seconds
[2024-04-28T06:21:40.932+0000] {processor.py:156} INFO - Started process (PID=3454) to work on /home/airflow/.local/lib/python3.7/site-packages/airflow/example_dags/example_short_circuit_operator.py
[2024-04-28T06:21:40.933+0000] {processor.py:758} INFO - Processing file /home/airflow/.local/lib/python3.7/site-packages/airflow/example_dags/example_short_circuit_operator.py for tasks to queue
[2024-04-28T06:21:40.934+0000] {logging_mixin.py:117} INFO - [2024-04-28T06:21:40.934+0000] {dagbag.py:525} INFO - Filling up the DagBag from /home/airflow/.local/lib/python3.7/site-packages/airflow/example_dags/example_short_circuit_operator.py
[2024-04-28T06:21:40.952+0000] {processor.py:768} INFO - DAG(s) dict_keys(['example_short_circuit_operator']) retrieved from /home/airflow/.local/lib/python3.7/site-packages/airflow/example_dags/example_short_circuit_operator.py
[2024-04-28T06:21:41.000+0000] {logging_mixin.py:117} INFO - [2024-04-28T06:21:40.999+0000] {dag.py:2573} INFO - Sync 1 DAGs
[2024-04-28T06:21:41.159+0000] {logging_mixin.py:117} INFO - [2024-04-28T06:21:41.159+0000] {dag.py:3328} INFO - Setting next_dagrun for example_short_circuit_operator to 2024-04-27T06:21:41.159154+00:00, run_after=2024-04-28T06:21:41.159154+00:00
[2024-04-28T06:21:41.185+0000] {processor.py:178} INFO - Processing /home/airflow/.local/lib/python3.7/site-packages/airflow/example_dags/example_short_circuit_operator.py took 0.256 seconds
[2024-04-28T06:22:11.514+0000] {processor.py:156} INFO - Started process (PID=3671) to work on /home/airflow/.local/lib/python3.7/site-packages/airflow/example_dags/example_short_circuit_operator.py
[2024-04-28T06:22:11.515+0000] {processor.py:758} INFO - Processing file /home/airflow/.local/lib/python3.7/site-packages/airflow/example_dags/example_short_circuit_operator.py for tasks to queue
[2024-04-28T06:22:11.515+0000] {logging_mixin.py:117} INFO - [2024-04-28T06:22:11.515+0000] {dagbag.py:525} INFO - Filling up the DagBag from /home/airflow/.local/lib/python3.7/site-packages/airflow/example_dags/example_short_circuit_operator.py
[2024-04-28T06:22:11.534+0000] {processor.py:768} INFO - DAG(s) dict_keys(['example_short_circuit_operator']) retrieved from /home/airflow/.local/lib/python3.7/site-packages/airflow/example_dags/example_short_circuit_operator.py
[2024-04-28T06:22:11.715+0000] {logging_mixin.py:117} INFO - [2024-04-28T06:22:11.715+0000] {dag.py:2573} INFO - Sync 1 DAGs
[2024-04-28T06:22:11.743+0000] {logging_mixin.py:117} INFO - [2024-04-28T06:22:11.743+0000] {dag.py:3328} INFO - Setting next_dagrun for example_short_circuit_operator to 2024-04-27T06:22:11.743507+00:00, run_after=2024-04-28T06:22:11.743507+00:00
[2024-04-28T06:22:11.773+0000] {processor.py:178} INFO - Processing /home/airflow/.local/lib/python3.7/site-packages/airflow/example_dags/example_short_circuit_operator.py took 0.262 seconds
[2024-04-28T06:22:42.111+0000] {processor.py:156} INFO - Started process (PID=3882) to work on /home/airflow/.local/lib/python3.7/site-packages/airflow/example_dags/example_short_circuit_operator.py
[2024-04-28T06:22:42.112+0000] {processor.py:758} INFO - Processing file /home/airflow/.local/lib/python3.7/site-packages/airflow/example_dags/example_short_circuit_operator.py for tasks to queue
[2024-04-28T06:22:42.114+0000] {logging_mixin.py:117} INFO - [2024-04-28T06:22:42.114+0000] {dagbag.py:525} INFO - Filling up the DagBag from /home/airflow/.local/lib/python3.7/site-packages/airflow/example_dags/example_short_circuit_operator.py
[2024-04-28T06:22:42.287+0000] {processor.py:768} INFO - DAG(s) dict_keys(['example_short_circuit_operator']) retrieved from /home/airflow/.local/lib/python3.7/site-packages/airflow/example_dags/example_short_circuit_operator.py
[2024-04-28T06:22:42.328+0000] {logging_mixin.py:117} INFO - [2024-04-28T06:22:42.328+0000] {dag.py:2573} INFO - Sync 1 DAGs
[2024-04-28T06:22:42.355+0000] {logging_mixin.py:117} INFO - [2024-04-28T06:22:42.355+0000] {dag.py:3328} INFO - Setting next_dagrun for example_short_circuit_operator to 2024-04-27T06:22:42.354934+00:00, run_after=2024-04-28T06:22:42.354934+00:00
[2024-04-28T06:22:42.397+0000] {processor.py:178} INFO - Processing /home/airflow/.local/lib/python3.7/site-packages/airflow/example_dags/example_short_circuit_operator.py took 0.290 seconds
[2024-04-28T06:23:13.502+0000] {processor.py:156} INFO - Started process (PID=4099) to work on /home/airflow/.local/lib/python3.7/site-packages/airflow/example_dags/example_short_circuit_operator.py
[2024-04-28T06:23:13.519+0000] {processor.py:758} INFO - Processing file /home/airflow/.local/lib/python3.7/site-packages/airflow/example_dags/example_short_circuit_operator.py for tasks to queue
[2024-04-28T06:23:13.520+0000] {logging_mixin.py:117} INFO - [2024-04-28T06:23:13.520+0000] {dagbag.py:525} INFO - Filling up the DagBag from /home/airflow/.local/lib/python3.7/site-packages/airflow/example_dags/example_short_circuit_operator.py
[2024-04-28T06:23:13.555+0000] {processor.py:768} INFO - DAG(s) dict_keys(['example_short_circuit_operator']) retrieved from /home/airflow/.local/lib/python3.7/site-packages/airflow/example_dags/example_short_circuit_operator.py
[2024-04-28T06:23:13.601+0000] {logging_mixin.py:117} INFO - [2024-04-28T06:23:13.601+0000] {dag.py:2573} INFO - Sync 1 DAGs
[2024-04-28T06:23:13.630+0000] {logging_mixin.py:117} INFO - [2024-04-28T06:23:13.630+0000] {dag.py:3328} INFO - Setting next_dagrun for example_short_circuit_operator to 2024-04-27T06:23:13.630510+00:00, run_after=2024-04-28T06:23:13.630510+00:00
[2024-04-28T06:23:13.654+0000] {processor.py:178} INFO - Processing /home/airflow/.local/lib/python3.7/site-packages/airflow/example_dags/example_short_circuit_operator.py took 0.296 seconds
[2024-04-28T06:23:44.389+0000] {processor.py:156} INFO - Started process (PID=4316) to work on /home/airflow/.local/lib/python3.7/site-packages/airflow/example_dags/example_short_circuit_operator.py
[2024-04-28T06:23:44.389+0000] {processor.py:758} INFO - Processing file /home/airflow/.local/lib/python3.7/site-packages/airflow/example_dags/example_short_circuit_operator.py for tasks to queue
[2024-04-28T06:23:44.390+0000] {logging_mixin.py:117} INFO - [2024-04-28T06:23:44.390+0000] {dagbag.py:525} INFO - Filling up the DagBag from /home/airflow/.local/lib/python3.7/site-packages/airflow/example_dags/example_short_circuit_operator.py
[2024-04-28T06:23:44.411+0000] {processor.py:768} INFO - DAG(s) dict_keys(['example_short_circuit_operator']) retrieved from /home/airflow/.local/lib/python3.7/site-packages/airflow/example_dags/example_short_circuit_operator.py
[2024-04-28T06:23:44.460+0000] {logging_mixin.py:117} INFO - [2024-04-28T06:23:44.460+0000] {dag.py:2573} INFO - Sync 1 DAGs
[2024-04-28T06:23:44.490+0000] {logging_mixin.py:117} INFO - [2024-04-28T06:23:44.490+0000] {dag.py:3328} INFO - Setting next_dagrun for example_short_circuit_operator to 2024-04-27T06:23:44.490252+00:00, run_after=2024-04-28T06:23:44.490252+00:00
[2024-04-28T06:23:44.516+0000] {processor.py:178} INFO - Processing /home/airflow/.local/lib/python3.7/site-packages/airflow/example_dags/example_short_circuit_operator.py took 0.132 seconds
[2024-04-28T06:24:15.591+0000] {processor.py:156} INFO - Started process (PID=4538) to work on /home/airflow/.local/lib/python3.7/site-packages/airflow/example_dags/example_short_circuit_operator.py
[2024-04-28T06:24:15.591+0000] {processor.py:758} INFO - Processing file /home/airflow/.local/lib/python3.7/site-packages/airflow/example_dags/example_short_circuit_operator.py for tasks to queue
[2024-04-28T06:24:15.592+0000] {logging_mixin.py:117} INFO - [2024-04-28T06:24:15.592+0000] {dagbag.py:525} INFO - Filling up the DagBag from /home/airflow/.local/lib/python3.7/site-packages/airflow/example_dags/example_short_circuit_operator.py
[2024-04-28T06:24:15.612+0000] {processor.py:768} INFO - DAG(s) dict_keys(['example_short_circuit_operator']) retrieved from /home/airflow/.local/lib/python3.7/site-packages/airflow/example_dags/example_short_circuit_operator.py
[2024-04-28T06:24:15.660+0000] {logging_mixin.py:117} INFO - [2024-04-28T06:24:15.660+0000] {dag.py:2573} INFO - Sync 1 DAGs
[2024-04-28T06:24:15.688+0000] {logging_mixin.py:117} INFO - [2024-04-28T06:24:15.688+0000] {dag.py:3328} INFO - Setting next_dagrun for example_short_circuit_operator to 2024-04-27T06:24:15.688475+00:00, run_after=2024-04-28T06:24:15.688475+00:00
[2024-04-28T06:24:15.712+0000] {processor.py:178} INFO - Processing /home/airflow/.local/lib/python3.7/site-packages/airflow/example_dags/example_short_circuit_operator.py took 0.125 seconds
[2024-04-28T06:24:46.775+0000] {processor.py:156} INFO - Started process (PID=4749) to work on /home/airflow/.local/lib/python3.7/site-packages/airflow/example_dags/example_short_circuit_operator.py
[2024-04-28T06:24:46.775+0000] {processor.py:758} INFO - Processing file /home/airflow/.local/lib/python3.7/site-packages/airflow/example_dags/example_short_circuit_operator.py for tasks to queue
[2024-04-28T06:24:46.776+0000] {logging_mixin.py:117} INFO - [2024-04-28T06:24:46.776+0000] {dagbag.py:525} INFO - Filling up the DagBag from /home/airflow/.local/lib/python3.7/site-packages/airflow/example_dags/example_short_circuit_operator.py
[2024-04-28T06:24:46.804+0000] {processor.py:768} INFO - DAG(s) dict_keys(['example_short_circuit_operator']) retrieved from /home/airflow/.local/lib/python3.7/site-packages/airflow/example_dags/example_short_circuit_operator.py
[2024-04-28T06:24:46.854+0000] {logging_mixin.py:117} INFO - [2024-04-28T06:24:46.853+0000] {dag.py:2573} INFO - Sync 1 DAGs
[2024-04-28T06:24:46.886+0000] {logging_mixin.py:117} INFO - [2024-04-28T06:24:46.886+0000] {dag.py:3328} INFO - Setting next_dagrun for example_short_circuit_operator to 2024-04-27T06:24:46.885889+00:00, run_after=2024-04-28T06:24:46.885889+00:00
[2024-04-28T06:24:46.911+0000] {processor.py:178} INFO - Processing /home/airflow/.local/lib/python3.7/site-packages/airflow/example_dags/example_short_circuit_operator.py took 0.140 seconds
[2024-04-28T06:25:17.197+0000] {processor.py:156} INFO - Started process (PID=4966) to work on /home/airflow/.local/lib/python3.7/site-packages/airflow/example_dags/example_short_circuit_operator.py
[2024-04-28T06:25:17.197+0000] {processor.py:758} INFO - Processing file /home/airflow/.local/lib/python3.7/site-packages/airflow/example_dags/example_short_circuit_operator.py for tasks to queue
[2024-04-28T06:25:17.198+0000] {logging_mixin.py:117} INFO - [2024-04-28T06:25:17.198+0000] {dagbag.py:525} INFO - Filling up the DagBag from /home/airflow/.local/lib/python3.7/site-packages/airflow/example_dags/example_short_circuit_operator.py
[2024-04-28T06:25:17.224+0000] {processor.py:768} INFO - DAG(s) dict_keys(['example_short_circuit_operator']) retrieved from /home/airflow/.local/lib/python3.7/site-packages/airflow/example_dags/example_short_circuit_operator.py
[2024-04-28T06:25:17.276+0000] {logging_mixin.py:117} INFO - [2024-04-28T06:25:17.276+0000] {dag.py:2573} INFO - Sync 1 DAGs
[2024-04-28T06:25:17.304+0000] {logging_mixin.py:117} INFO - [2024-04-28T06:25:17.303+0000] {dag.py:3328} INFO - Setting next_dagrun for example_short_circuit_operator to 2024-04-27T06:25:17.303722+00:00, run_after=2024-04-28T06:25:17.303722+00:00
[2024-04-28T06:25:17.328+0000] {processor.py:178} INFO - Processing /home/airflow/.local/lib/python3.7/site-packages/airflow/example_dags/example_short_circuit_operator.py took 0.134 seconds
[2024-04-28T06:25:48.358+0000] {processor.py:156} INFO - Started process (PID=5182) to work on /home/airflow/.local/lib/python3.7/site-packages/airflow/example_dags/example_short_circuit_operator.py
[2024-04-28T06:25:48.359+0000] {processor.py:758} INFO - Processing file /home/airflow/.local/lib/python3.7/site-packages/airflow/example_dags/example_short_circuit_operator.py for tasks to queue
[2024-04-28T06:25:48.360+0000] {logging_mixin.py:117} INFO - [2024-04-28T06:25:48.359+0000] {dagbag.py:525} INFO - Filling up the DagBag from /home/airflow/.local/lib/python3.7/site-packages/airflow/example_dags/example_short_circuit_operator.py
[2024-04-28T06:25:48.381+0000] {processor.py:768} INFO - DAG(s) dict_keys(['example_short_circuit_operator']) retrieved from /home/airflow/.local/lib/python3.7/site-packages/airflow/example_dags/example_short_circuit_operator.py
[2024-04-28T06:25:48.430+0000] {logging_mixin.py:117} INFO - [2024-04-28T06:25:48.430+0000] {dag.py:2573} INFO - Sync 1 DAGs
[2024-04-28T06:25:48.457+0000] {logging_mixin.py:117} INFO - [2024-04-28T06:25:48.457+0000] {dag.py:3328} INFO - Setting next_dagrun for example_short_circuit_operator to 2024-04-27T06:25:48.456790+00:00, run_after=2024-04-28T06:25:48.456790+00:00
[2024-04-28T06:25:48.482+0000] {processor.py:178} INFO - Processing /home/airflow/.local/lib/python3.7/site-packages/airflow/example_dags/example_short_circuit_operator.py took 0.127 seconds
[2024-04-28T06:26:18.791+0000] {processor.py:156} INFO - Started process (PID=5392) to work on /home/airflow/.local/lib/python3.7/site-packages/airflow/example_dags/example_short_circuit_operator.py
[2024-04-28T06:26:18.791+0000] {processor.py:758} INFO - Processing file /home/airflow/.local/lib/python3.7/site-packages/airflow/example_dags/example_short_circuit_operator.py for tasks to queue
[2024-04-28T06:26:18.792+0000] {logging_mixin.py:117} INFO - [2024-04-28T06:26:18.792+0000] {dagbag.py:525} INFO - Filling up the DagBag from /home/airflow/.local/lib/python3.7/site-packages/airflow/example_dags/example_short_circuit_operator.py
[2024-04-28T06:26:18.834+0000] {processor.py:768} INFO - DAG(s) dict_keys(['example_short_circuit_operator']) retrieved from /home/airflow/.local/lib/python3.7/site-packages/airflow/example_dags/example_short_circuit_operator.py
[2024-04-28T06:26:18.918+0000] {logging_mixin.py:117} INFO - [2024-04-28T06:26:18.918+0000] {dag.py:2573} INFO - Sync 1 DAGs
[2024-04-28T06:26:18.973+0000] {logging_mixin.py:117} INFO - [2024-04-28T06:26:18.973+0000] {dag.py:3328} INFO - Setting next_dagrun for example_short_circuit_operator to 2024-04-27T06:26:18.973152+00:00, run_after=2024-04-28T06:26:18.973152+00:00
[2024-04-28T06:26:19.005+0000] {processor.py:178} INFO - Processing /home/airflow/.local/lib/python3.7/site-packages/airflow/example_dags/example_short_circuit_operator.py took 0.218 seconds
[2024-04-28T06:26:49.934+0000] {processor.py:156} INFO - Started process (PID=5610) to work on /home/airflow/.local/lib/python3.7/site-packages/airflow/example_dags/example_short_circuit_operator.py
[2024-04-28T06:26:49.934+0000] {processor.py:758} INFO - Processing file /home/airflow/.local/lib/python3.7/site-packages/airflow/example_dags/example_short_circuit_operator.py for tasks to queue
[2024-04-28T06:26:49.935+0000] {logging_mixin.py:117} INFO - [2024-04-28T06:26:49.935+0000] {dagbag.py:525} INFO - Filling up the DagBag from /home/airflow/.local/lib/python3.7/site-packages/airflow/example_dags/example_short_circuit_operator.py
[2024-04-28T06:26:49.958+0000] {processor.py:768} INFO - DAG(s) dict_keys(['example_short_circuit_operator']) retrieved from /home/airflow/.local/lib/python3.7/site-packages/airflow/example_dags/example_short_circuit_operator.py
[2024-04-28T06:26:50.007+0000] {logging_mixin.py:117} INFO - [2024-04-28T06:26:50.006+0000] {dag.py:2573} INFO - Sync 1 DAGs
[2024-04-28T06:26:50.068+0000] {logging_mixin.py:117} INFO - [2024-04-28T06:26:50.068+0000] {dag.py:3328} INFO - Setting next_dagrun for example_short_circuit_operator to 2024-04-27T06:26:50.067761+00:00, run_after=2024-04-28T06:26:50.067761+00:00
[2024-04-28T06:26:50.102+0000] {processor.py:178} INFO - Processing /home/airflow/.local/lib/python3.7/site-packages/airflow/example_dags/example_short_circuit_operator.py took 0.173 seconds
[2024-04-28T06:27:20.344+0000] {processor.py:156} INFO - Started process (PID=5829) to work on /home/airflow/.local/lib/python3.7/site-packages/airflow/example_dags/example_short_circuit_operator.py
[2024-04-28T06:27:20.345+0000] {processor.py:758} INFO - Processing file /home/airflow/.local/lib/python3.7/site-packages/airflow/example_dags/example_short_circuit_operator.py for tasks to queue
[2024-04-28T06:27:20.346+0000] {logging_mixin.py:117} INFO - [2024-04-28T06:27:20.346+0000] {dagbag.py:525} INFO - Filling up the DagBag from /home/airflow/.local/lib/python3.7/site-packages/airflow/example_dags/example_short_circuit_operator.py
[2024-04-28T06:27:20.368+0000] {processor.py:768} INFO - DAG(s) dict_keys(['example_short_circuit_operator']) retrieved from /home/airflow/.local/lib/python3.7/site-packages/airflow/example_dags/example_short_circuit_operator.py
[2024-04-28T06:27:20.424+0000] {logging_mixin.py:117} INFO - [2024-04-28T06:27:20.424+0000] {dag.py:2573} INFO - Sync 1 DAGs
[2024-04-28T06:27:20.456+0000] {logging_mixin.py:117} INFO - [2024-04-28T06:27:20.456+0000] {dag.py:3328} INFO - Setting next_dagrun for example_short_circuit_operator to 2024-04-27T06:27:20.455849+00:00, run_after=2024-04-28T06:27:20.455849+00:00
[2024-04-28T06:27:20.489+0000] {processor.py:178} INFO - Processing /home/airflow/.local/lib/python3.7/site-packages/airflow/example_dags/example_short_circuit_operator.py took 0.148 seconds
[2024-04-28T06:27:51.901+0000] {processor.py:156} INFO - Started process (PID=6047) to work on /home/airflow/.local/lib/python3.7/site-packages/airflow/example_dags/example_short_circuit_operator.py
[2024-04-28T06:27:51.902+0000] {processor.py:758} INFO - Processing file /home/airflow/.local/lib/python3.7/site-packages/airflow/example_dags/example_short_circuit_operator.py for tasks to queue
[2024-04-28T06:27:51.904+0000] {logging_mixin.py:117} INFO - [2024-04-28T06:27:51.904+0000] {dagbag.py:525} INFO - Filling up the DagBag from /home/airflow/.local/lib/python3.7/site-packages/airflow/example_dags/example_short_circuit_operator.py
[2024-04-28T06:27:51.961+0000] {processor.py:768} INFO - DAG(s) dict_keys(['example_short_circuit_operator']) retrieved from /home/airflow/.local/lib/python3.7/site-packages/airflow/example_dags/example_short_circuit_operator.py
[2024-04-28T06:27:52.033+0000] {logging_mixin.py:117} INFO - [2024-04-28T06:27:52.033+0000] {dag.py:2573} INFO - Sync 1 DAGs
[2024-04-28T06:27:52.077+0000] {logging_mixin.py:117} INFO - [2024-04-28T06:27:52.077+0000] {dag.py:3328} INFO - Setting next_dagrun for example_short_circuit_operator to 2024-04-27T06:27:52.077197+00:00, run_after=2024-04-28T06:27:52.077197+00:00
[2024-04-28T06:27:52.107+0000] {processor.py:178} INFO - Processing /home/airflow/.local/lib/python3.7/site-packages/airflow/example_dags/example_short_circuit_operator.py took 0.209 seconds
[2024-04-28T06:28:22.400+0000] {processor.py:156} INFO - Started process (PID=6255) to work on /home/airflow/.local/lib/python3.7/site-packages/airflow/example_dags/example_short_circuit_operator.py
[2024-04-28T06:28:22.400+0000] {processor.py:758} INFO - Processing file /home/airflow/.local/lib/python3.7/site-packages/airflow/example_dags/example_short_circuit_operator.py for tasks to queue
[2024-04-28T06:28:22.401+0000] {logging_mixin.py:117} INFO - [2024-04-28T06:28:22.401+0000] {dagbag.py:525} INFO - Filling up the DagBag from /home/airflow/.local/lib/python3.7/site-packages/airflow/example_dags/example_short_circuit_operator.py
[2024-04-28T06:28:22.423+0000] {processor.py:768} INFO - DAG(s) dict_keys(['example_short_circuit_operator']) retrieved from /home/airflow/.local/lib/python3.7/site-packages/airflow/example_dags/example_short_circuit_operator.py
[2024-04-28T06:28:22.471+0000] {logging_mixin.py:117} INFO - [2024-04-28T06:28:22.471+0000] {dag.py:2573} INFO - Sync 1 DAGs
[2024-04-28T06:28:22.502+0000] {logging_mixin.py:117} INFO - [2024-04-28T06:28:22.502+0000] {dag.py:3328} INFO - Setting next_dagrun for example_short_circuit_operator to 2024-04-27T06:28:22.501839+00:00, run_after=2024-04-28T06:28:22.501839+00:00
[2024-04-28T06:28:22.536+0000] {processor.py:178} INFO - Processing /home/airflow/.local/lib/python3.7/site-packages/airflow/example_dags/example_short_circuit_operator.py took 0.140 seconds
[2024-04-28T06:28:52.983+0000] {processor.py:156} INFO - Started process (PID=6473) to work on /home/airflow/.local/lib/python3.7/site-packages/airflow/example_dags/example_short_circuit_operator.py
[2024-04-28T06:28:52.984+0000] {processor.py:758} INFO - Processing file /home/airflow/.local/lib/python3.7/site-packages/airflow/example_dags/example_short_circuit_operator.py for tasks to queue
[2024-04-28T06:28:52.985+0000] {logging_mixin.py:117} INFO - [2024-04-28T06:28:52.984+0000] {dagbag.py:525} INFO - Filling up the DagBag from /home/airflow/.local/lib/python3.7/site-packages/airflow/example_dags/example_short_circuit_operator.py
[2024-04-28T06:28:53.005+0000] {processor.py:768} INFO - DAG(s) dict_keys(['example_short_circuit_operator']) retrieved from /home/airflow/.local/lib/python3.7/site-packages/airflow/example_dags/example_short_circuit_operator.py
[2024-04-28T06:28:53.052+0000] {logging_mixin.py:117} INFO - [2024-04-28T06:28:53.052+0000] {dag.py:2573} INFO - Sync 1 DAGs
[2024-04-28T06:28:53.087+0000] {logging_mixin.py:117} INFO - [2024-04-28T06:28:53.087+0000] {dag.py:3328} INFO - Setting next_dagrun for example_short_circuit_operator to 2024-04-27T06:28:53.086847+00:00, run_after=2024-04-28T06:28:53.086847+00:00
[2024-04-28T06:28:53.112+0000] {processor.py:178} INFO - Processing /home/airflow/.local/lib/python3.7/site-packages/airflow/example_dags/example_short_circuit_operator.py took 0.132 seconds
[2024-04-28T06:29:23.711+0000] {processor.py:156} INFO - Started process (PID=6690) to work on /home/airflow/.local/lib/python3.7/site-packages/airflow/example_dags/example_short_circuit_operator.py
[2024-04-28T06:29:23.712+0000] {processor.py:758} INFO - Processing file /home/airflow/.local/lib/python3.7/site-packages/airflow/example_dags/example_short_circuit_operator.py for tasks to queue
[2024-04-28T06:29:23.713+0000] {logging_mixin.py:117} INFO - [2024-04-28T06:29:23.713+0000] {dagbag.py:525} INFO - Filling up the DagBag from /home/airflow/.local/lib/python3.7/site-packages/airflow/example_dags/example_short_circuit_operator.py
[2024-04-28T06:29:23.761+0000] {processor.py:768} INFO - DAG(s) dict_keys(['example_short_circuit_operator']) retrieved from /home/airflow/.local/lib/python3.7/site-packages/airflow/example_dags/example_short_circuit_operator.py
[2024-04-28T06:29:23.862+0000] {logging_mixin.py:117} INFO - [2024-04-28T06:29:23.862+0000] {dag.py:2573} INFO - Sync 1 DAGs
[2024-04-28T06:29:23.935+0000] {logging_mixin.py:117} INFO - [2024-04-28T06:29:23.935+0000] {dag.py:3328} INFO - Setting next_dagrun for example_short_circuit_operator to 2024-04-27T06:29:23.935014+00:00, run_after=2024-04-28T06:29:23.935014+00:00
[2024-04-28T06:29:23.994+0000] {processor.py:178} INFO - Processing /home/airflow/.local/lib/python3.7/site-packages/airflow/example_dags/example_short_circuit_operator.py took 0.286 seconds
[2024-04-28T06:29:54.839+0000] {processor.py:156} INFO - Started process (PID=6902) to work on /home/airflow/.local/lib/python3.7/site-packages/airflow/example_dags/example_short_circuit_operator.py
[2024-04-28T06:29:54.848+0000] {processor.py:758} INFO - Processing file /home/airflow/.local/lib/python3.7/site-packages/airflow/example_dags/example_short_circuit_operator.py for tasks to queue
[2024-04-28T06:29:54.849+0000] {logging_mixin.py:117} INFO - [2024-04-28T06:29:54.849+0000] {dagbag.py:525} INFO - Filling up the DagBag from /home/airflow/.local/lib/python3.7/site-packages/airflow/example_dags/example_short_circuit_operator.py
[2024-04-28T06:29:54.890+0000] {processor.py:768} INFO - DAG(s) dict_keys(['example_short_circuit_operator']) retrieved from /home/airflow/.local/lib/python3.7/site-packages/airflow/example_dags/example_short_circuit_operator.py
[2024-04-28T06:29:55.019+0000] {logging_mixin.py:117} INFO - [2024-04-28T06:29:55.019+0000] {dag.py:2573} INFO - Sync 1 DAGs
[2024-04-28T06:29:55.088+0000] {logging_mixin.py:117} INFO - [2024-04-28T06:29:55.088+0000] {dag.py:3328} INFO - Setting next_dagrun for example_short_circuit_operator to 2024-04-27T06:29:55.087754+00:00, run_after=2024-04-28T06:29:55.087754+00:00
[2024-04-28T06:29:55.112+0000] {processor.py:178} INFO - Processing /home/airflow/.local/lib/python3.7/site-packages/airflow/example_dags/example_short_circuit_operator.py took 0.278 seconds
[2024-04-28T06:30:25.986+0000] {processor.py:156} INFO - Started process (PID=7122) to work on /home/airflow/.local/lib/python3.7/site-packages/airflow/example_dags/example_short_circuit_operator.py
[2024-04-28T06:30:25.986+0000] {processor.py:758} INFO - Processing file /home/airflow/.local/lib/python3.7/site-packages/airflow/example_dags/example_short_circuit_operator.py for tasks to queue
[2024-04-28T06:30:25.987+0000] {logging_mixin.py:117} INFO - [2024-04-28T06:30:25.987+0000] {dagbag.py:525} INFO - Filling up the DagBag from /home/airflow/.local/lib/python3.7/site-packages/airflow/example_dags/example_short_circuit_operator.py
[2024-04-28T06:30:26.008+0000] {processor.py:768} INFO - DAG(s) dict_keys(['example_short_circuit_operator']) retrieved from /home/airflow/.local/lib/python3.7/site-packages/airflow/example_dags/example_short_circuit_operator.py
[2024-04-28T06:30:26.057+0000] {logging_mixin.py:117} INFO - [2024-04-28T06:30:26.056+0000] {dag.py:2573} INFO - Sync 1 DAGs
[2024-04-28T06:30:26.088+0000] {logging_mixin.py:117} INFO - [2024-04-28T06:30:26.088+0000] {dag.py:3328} INFO - Setting next_dagrun for example_short_circuit_operator to 2024-04-27T06:30:26.088525+00:00, run_after=2024-04-28T06:30:26.088525+00:00
[2024-04-28T06:30:26.113+0000] {processor.py:178} INFO - Processing /home/airflow/.local/lib/python3.7/site-packages/airflow/example_dags/example_short_circuit_operator.py took 0.130 seconds
[2024-04-28T06:30:56.985+0000] {processor.py:156} INFO - Started process (PID=7340) to work on /home/airflow/.local/lib/python3.7/site-packages/airflow/example_dags/example_short_circuit_operator.py
[2024-04-28T06:30:56.986+0000] {processor.py:758} INFO - Processing file /home/airflow/.local/lib/python3.7/site-packages/airflow/example_dags/example_short_circuit_operator.py for tasks to queue
[2024-04-28T06:30:56.986+0000] {logging_mixin.py:117} INFO - [2024-04-28T06:30:56.986+0000] {dagbag.py:525} INFO - Filling up the DagBag from /home/airflow/.local/lib/python3.7/site-packages/airflow/example_dags/example_short_circuit_operator.py
[2024-04-28T06:30:57.005+0000] {processor.py:768} INFO - DAG(s) dict_keys(['example_short_circuit_operator']) retrieved from /home/airflow/.local/lib/python3.7/site-packages/airflow/example_dags/example_short_circuit_operator.py
[2024-04-28T06:30:57.058+0000] {logging_mixin.py:117} INFO - [2024-04-28T06:30:57.058+0000] {dag.py:2573} INFO - Sync 1 DAGs
[2024-04-28T06:30:57.094+0000] {logging_mixin.py:117} INFO - [2024-04-28T06:30:57.093+0000] {dag.py:3328} INFO - Setting next_dagrun for example_short_circuit_operator to 2024-04-27T06:30:57.093570+00:00, run_after=2024-04-28T06:30:57.093570+00:00
[2024-04-28T06:30:57.120+0000] {processor.py:178} INFO - Processing /home/airflow/.local/lib/python3.7/site-packages/airflow/example_dags/example_short_circuit_operator.py took 0.138 seconds
[2024-04-28T06:31:27.598+0000] {processor.py:156} INFO - Started process (PID=7549) to work on /home/airflow/.local/lib/python3.7/site-packages/airflow/example_dags/example_short_circuit_operator.py
[2024-04-28T06:31:27.599+0000] {processor.py:758} INFO - Processing file /home/airflow/.local/lib/python3.7/site-packages/airflow/example_dags/example_short_circuit_operator.py for tasks to queue
[2024-04-28T06:31:27.600+0000] {logging_mixin.py:117} INFO - [2024-04-28T06:31:27.600+0000] {dagbag.py:525} INFO - Filling up the DagBag from /home/airflow/.local/lib/python3.7/site-packages/airflow/example_dags/example_short_circuit_operator.py
[2024-04-28T06:31:27.621+0000] {processor.py:768} INFO - DAG(s) dict_keys(['example_short_circuit_operator']) retrieved from /home/airflow/.local/lib/python3.7/site-packages/airflow/example_dags/example_short_circuit_operator.py
[2024-04-28T06:31:27.667+0000] {logging_mixin.py:117} INFO - [2024-04-28T06:31:27.667+0000] {dag.py:2573} INFO - Sync 1 DAGs
[2024-04-28T06:31:27.700+0000] {logging_mixin.py:117} INFO - [2024-04-28T06:31:27.700+0000] {dag.py:3328} INFO - Setting next_dagrun for example_short_circuit_operator to 2024-04-27T06:31:27.700129+00:00, run_after=2024-04-28T06:31:27.700129+00:00
[2024-04-28T06:31:27.725+0000] {processor.py:178} INFO - Processing /home/airflow/.local/lib/python3.7/site-packages/airflow/example_dags/example_short_circuit_operator.py took 0.131 seconds
[2024-04-28T06:31:58.078+0000] {processor.py:156} INFO - Started process (PID=7768) to work on /home/airflow/.local/lib/python3.7/site-packages/airflow/example_dags/example_short_circuit_operator.py
[2024-04-28T06:31:58.079+0000] {processor.py:758} INFO - Processing file /home/airflow/.local/lib/python3.7/site-packages/airflow/example_dags/example_short_circuit_operator.py for tasks to queue
[2024-04-28T06:31:58.080+0000] {logging_mixin.py:117} INFO - [2024-04-28T06:31:58.079+0000] {dagbag.py:525} INFO - Filling up the DagBag from /home/airflow/.local/lib/python3.7/site-packages/airflow/example_dags/example_short_circuit_operator.py
[2024-04-28T06:31:58.101+0000] {processor.py:768} INFO - DAG(s) dict_keys(['example_short_circuit_operator']) retrieved from /home/airflow/.local/lib/python3.7/site-packages/airflow/example_dags/example_short_circuit_operator.py
[2024-04-28T06:31:58.183+0000] {logging_mixin.py:117} INFO - [2024-04-28T06:31:58.183+0000] {dag.py:2573} INFO - Sync 1 DAGs
[2024-04-28T06:31:58.218+0000] {logging_mixin.py:117} INFO - [2024-04-28T06:31:58.218+0000] {dag.py:3328} INFO - Setting next_dagrun for example_short_circuit_operator to 2024-04-27T06:31:58.218099+00:00, run_after=2024-04-28T06:31:58.218099+00:00
[2024-04-28T06:31:58.244+0000] {processor.py:178} INFO - Processing /home/airflow/.local/lib/python3.7/site-packages/airflow/example_dags/example_short_circuit_operator.py took 0.170 seconds
[2024-04-28T06:32:29.104+0000] {processor.py:156} INFO - Started process (PID=7987) to work on /home/airflow/.local/lib/python3.7/site-packages/airflow/example_dags/example_short_circuit_operator.py
[2024-04-28T06:32:29.105+0000] {processor.py:758} INFO - Processing file /home/airflow/.local/lib/python3.7/site-packages/airflow/example_dags/example_short_circuit_operator.py for tasks to queue
[2024-04-28T06:32:29.106+0000] {logging_mixin.py:117} INFO - [2024-04-28T06:32:29.105+0000] {dagbag.py:525} INFO - Filling up the DagBag from /home/airflow/.local/lib/python3.7/site-packages/airflow/example_dags/example_short_circuit_operator.py
[2024-04-28T06:32:29.127+0000] {processor.py:768} INFO - DAG(s) dict_keys(['example_short_circuit_operator']) retrieved from /home/airflow/.local/lib/python3.7/site-packages/airflow/example_dags/example_short_circuit_operator.py
[2024-04-28T06:32:29.201+0000] {logging_mixin.py:117} INFO - [2024-04-28T06:32:29.200+0000] {dag.py:2573} INFO - Sync 1 DAGs
[2024-04-28T06:32:29.235+0000] {logging_mixin.py:117} INFO - [2024-04-28T06:32:29.235+0000] {dag.py:3328} INFO - Setting next_dagrun for example_short_circuit_operator to 2024-04-27T06:32:29.234891+00:00, run_after=2024-04-28T06:32:29.234891+00:00
[2024-04-28T06:32:29.262+0000] {processor.py:178} INFO - Processing /home/airflow/.local/lib/python3.7/site-packages/airflow/example_dags/example_short_circuit_operator.py took 0.162 seconds
[2024-04-28T06:32:59.640+0000] {processor.py:156} INFO - Started process (PID=8197) to work on /home/airflow/.local/lib/python3.7/site-packages/airflow/example_dags/example_short_circuit_operator.py
[2024-04-28T06:32:59.640+0000] {processor.py:758} INFO - Processing file /home/airflow/.local/lib/python3.7/site-packages/airflow/example_dags/example_short_circuit_operator.py for tasks to queue
[2024-04-28T06:32:59.641+0000] {logging_mixin.py:117} INFO - [2024-04-28T06:32:59.641+0000] {dagbag.py:525} INFO - Filling up the DagBag from /home/airflow/.local/lib/python3.7/site-packages/airflow/example_dags/example_short_circuit_operator.py
[2024-04-28T06:32:59.662+0000] {processor.py:768} INFO - DAG(s) dict_keys(['example_short_circuit_operator']) retrieved from /home/airflow/.local/lib/python3.7/site-packages/airflow/example_dags/example_short_circuit_operator.py
[2024-04-28T06:32:59.714+0000] {logging_mixin.py:117} INFO - [2024-04-28T06:32:59.713+0000] {dag.py:2573} INFO - Sync 1 DAGs
[2024-04-28T06:32:59.745+0000] {logging_mixin.py:117} INFO - [2024-04-28T06:32:59.745+0000] {dag.py:3328} INFO - Setting next_dagrun for example_short_circuit_operator to 2024-04-27T06:32:59.745339+00:00, run_after=2024-04-28T06:32:59.745339+00:00
[2024-04-28T06:32:59.769+0000] {processor.py:178} INFO - Processing /home/airflow/.local/lib/python3.7/site-packages/airflow/example_dags/example_short_circuit_operator.py took 0.133 seconds
[2024-04-28T06:33:30.376+0000] {processor.py:156} INFO - Started process (PID=8416) to work on /home/airflow/.local/lib/python3.7/site-packages/airflow/example_dags/example_short_circuit_operator.py
[2024-04-28T06:33:30.376+0000] {processor.py:758} INFO - Processing file /home/airflow/.local/lib/python3.7/site-packages/airflow/example_dags/example_short_circuit_operator.py for tasks to queue
[2024-04-28T06:33:30.377+0000] {logging_mixin.py:117} INFO - [2024-04-28T06:33:30.377+0000] {dagbag.py:525} INFO - Filling up the DagBag from /home/airflow/.local/lib/python3.7/site-packages/airflow/example_dags/example_short_circuit_operator.py
[2024-04-28T06:33:30.398+0000] {processor.py:768} INFO - DAG(s) dict_keys(['example_short_circuit_operator']) retrieved from /home/airflow/.local/lib/python3.7/site-packages/airflow/example_dags/example_short_circuit_operator.py
[2024-04-28T06:33:30.472+0000] {logging_mixin.py:117} INFO - [2024-04-28T06:33:30.471+0000] {dag.py:2573} INFO - Sync 1 DAGs
[2024-04-28T06:33:30.502+0000] {logging_mixin.py:117} INFO - [2024-04-28T06:33:30.501+0000] {dag.py:3328} INFO - Setting next_dagrun for example_short_circuit_operator to 2024-04-27T06:33:30.501297+00:00, run_after=2024-04-28T06:33:30.501297+00:00
[2024-04-28T06:33:30.559+0000] {processor.py:178} INFO - Processing /home/airflow/.local/lib/python3.7/site-packages/airflow/example_dags/example_short_circuit_operator.py took 0.187 seconds
[2024-04-28T06:34:01.406+0000] {processor.py:156} INFO - Started process (PID=8633) to work on /home/airflow/.local/lib/python3.7/site-packages/airflow/example_dags/example_short_circuit_operator.py
[2024-04-28T06:34:01.406+0000] {processor.py:758} INFO - Processing file /home/airflow/.local/lib/python3.7/site-packages/airflow/example_dags/example_short_circuit_operator.py for tasks to queue
[2024-04-28T06:34:01.407+0000] {logging_mixin.py:117} INFO - [2024-04-28T06:34:01.407+0000] {dagbag.py:525} INFO - Filling up the DagBag from /home/airflow/.local/lib/python3.7/site-packages/airflow/example_dags/example_short_circuit_operator.py
[2024-04-28T06:34:01.428+0000] {processor.py:768} INFO - DAG(s) dict_keys(['example_short_circuit_operator']) retrieved from /home/airflow/.local/lib/python3.7/site-packages/airflow/example_dags/example_short_circuit_operator.py
[2024-04-28T06:34:01.478+0000] {logging_mixin.py:117} INFO - [2024-04-28T06:34:01.478+0000] {dag.py:2573} INFO - Sync 1 DAGs
[2024-04-28T06:34:01.505+0000] {logging_mixin.py:117} INFO - [2024-04-28T06:34:01.505+0000] {dag.py:3328} INFO - Setting next_dagrun for example_short_circuit_operator to 2024-04-27T06:34:01.505468+00:00, run_after=2024-04-28T06:34:01.505468+00:00
[2024-04-28T06:34:01.530+0000] {processor.py:178} INFO - Processing /home/airflow/.local/lib/python3.7/site-packages/airflow/example_dags/example_short_circuit_operator.py took 0.128 seconds
[2024-04-28T06:34:32.367+0000] {processor.py:156} INFO - Started process (PID=8842) to work on /home/airflow/.local/lib/python3.7/site-packages/airflow/example_dags/example_short_circuit_operator.py
[2024-04-28T06:34:32.368+0000] {processor.py:758} INFO - Processing file /home/airflow/.local/lib/python3.7/site-packages/airflow/example_dags/example_short_circuit_operator.py for tasks to queue
[2024-04-28T06:34:32.369+0000] {logging_mixin.py:117} INFO - [2024-04-28T06:34:32.369+0000] {dagbag.py:525} INFO - Filling up the DagBag from /home/airflow/.local/lib/python3.7/site-packages/airflow/example_dags/example_short_circuit_operator.py
[2024-04-28T06:34:32.390+0000] {processor.py:768} INFO - DAG(s) dict_keys(['example_short_circuit_operator']) retrieved from /home/airflow/.local/lib/python3.7/site-packages/airflow/example_dags/example_short_circuit_operator.py
[2024-04-28T06:34:32.437+0000] {logging_mixin.py:117} INFO - [2024-04-28T06:34:32.437+0000] {dag.py:2573} INFO - Sync 1 DAGs
[2024-04-28T06:34:32.474+0000] {logging_mixin.py:117} INFO - [2024-04-28T06:34:32.474+0000] {dag.py:3328} INFO - Setting next_dagrun for example_short_circuit_operator to 2024-04-27T06:34:32.474556+00:00, run_after=2024-04-28T06:34:32.474556+00:00
[2024-04-28T06:34:32.515+0000] {processor.py:178} INFO - Processing /home/airflow/.local/lib/python3.7/site-packages/airflow/example_dags/example_short_circuit_operator.py took 0.152 seconds
[2024-04-28T06:35:03.234+0000] {processor.py:156} INFO - Started process (PID=9061) to work on /home/airflow/.local/lib/python3.7/site-packages/airflow/example_dags/example_short_circuit_operator.py
[2024-04-28T06:35:03.235+0000] {processor.py:758} INFO - Processing file /home/airflow/.local/lib/python3.7/site-packages/airflow/example_dags/example_short_circuit_operator.py for tasks to queue
[2024-04-28T06:35:03.235+0000] {logging_mixin.py:117} INFO - [2024-04-28T06:35:03.235+0000] {dagbag.py:525} INFO - Filling up the DagBag from /home/airflow/.local/lib/python3.7/site-packages/airflow/example_dags/example_short_circuit_operator.py
[2024-04-28T06:35:03.256+0000] {processor.py:768} INFO - DAG(s) dict_keys(['example_short_circuit_operator']) retrieved from /home/airflow/.local/lib/python3.7/site-packages/airflow/example_dags/example_short_circuit_operator.py
[2024-04-28T06:35:03.306+0000] {logging_mixin.py:117} INFO - [2024-04-28T06:35:03.306+0000] {dag.py:2573} INFO - Sync 1 DAGs
[2024-04-28T06:35:03.337+0000] {logging_mixin.py:117} INFO - [2024-04-28T06:35:03.337+0000] {dag.py:3328} INFO - Setting next_dagrun for example_short_circuit_operator to 2024-04-27T06:35:03.337024+00:00, run_after=2024-04-28T06:35:03.337024+00:00
[2024-04-28T06:35:03.378+0000] {processor.py:178} INFO - Processing /home/airflow/.local/lib/python3.7/site-packages/airflow/example_dags/example_short_circuit_operator.py took 0.147 seconds
[2024-04-28T06:35:34.329+0000] {processor.py:156} INFO - Started process (PID=9279) to work on /home/airflow/.local/lib/python3.7/site-packages/airflow/example_dags/example_short_circuit_operator.py
[2024-04-28T06:35:34.330+0000] {processor.py:758} INFO - Processing file /home/airflow/.local/lib/python3.7/site-packages/airflow/example_dags/example_short_circuit_operator.py for tasks to queue
[2024-04-28T06:35:34.330+0000] {logging_mixin.py:117} INFO - [2024-04-28T06:35:34.330+0000] {dagbag.py:525} INFO - Filling up the DagBag from /home/airflow/.local/lib/python3.7/site-packages/airflow/example_dags/example_short_circuit_operator.py
[2024-04-28T06:35:34.353+0000] {processor.py:768} INFO - DAG(s) dict_keys(['example_short_circuit_operator']) retrieved from /home/airflow/.local/lib/python3.7/site-packages/airflow/example_dags/example_short_circuit_operator.py
[2024-04-28T06:35:34.402+0000] {logging_mixin.py:117} INFO - [2024-04-28T06:35:34.402+0000] {dag.py:2573} INFO - Sync 1 DAGs
[2024-04-28T06:35:34.430+0000] {logging_mixin.py:117} INFO - [2024-04-28T06:35:34.430+0000] {dag.py:3328} INFO - Setting next_dagrun for example_short_circuit_operator to 2024-04-27T06:35:34.430082+00:00, run_after=2024-04-28T06:35:34.430082+00:00
[2024-04-28T06:35:34.455+0000] {processor.py:178} INFO - Processing /home/airflow/.local/lib/python3.7/site-packages/airflow/example_dags/example_short_circuit_operator.py took 0.129 seconds
[2024-04-28T06:36:05.781+0000] {processor.py:156} INFO - Started process (PID=9498) to work on /home/airflow/.local/lib/python3.7/site-packages/airflow/example_dags/example_short_circuit_operator.py
[2024-04-28T06:36:05.782+0000] {processor.py:758} INFO - Processing file /home/airflow/.local/lib/python3.7/site-packages/airflow/example_dags/example_short_circuit_operator.py for tasks to queue
[2024-04-28T06:36:05.783+0000] {logging_mixin.py:117} INFO - [2024-04-28T06:36:05.783+0000] {dagbag.py:525} INFO - Filling up the DagBag from /home/airflow/.local/lib/python3.7/site-packages/airflow/example_dags/example_short_circuit_operator.py
[2024-04-28T06:36:05.827+0000] {processor.py:768} INFO - DAG(s) dict_keys(['example_short_circuit_operator']) retrieved from /home/airflow/.local/lib/python3.7/site-packages/airflow/example_dags/example_short_circuit_operator.py
[2024-04-28T06:36:05.914+0000] {logging_mixin.py:117} INFO - [2024-04-28T06:36:05.914+0000] {dag.py:2573} INFO - Sync 1 DAGs
[2024-04-28T06:36:05.969+0000] {logging_mixin.py:117} INFO - [2024-04-28T06:36:05.969+0000] {dag.py:3328} INFO - Setting next_dagrun for example_short_circuit_operator to 2024-04-27T06:36:05.969474+00:00, run_after=2024-04-28T06:36:05.969474+00:00
[2024-04-28T06:36:06.012+0000] {processor.py:178} INFO - Processing /home/airflow/.local/lib/python3.7/site-packages/airflow/example_dags/example_short_circuit_operator.py took 0.234 seconds
[2024-04-28T06:36:36.828+0000] {processor.py:156} INFO - Started process (PID=9709) to work on /home/airflow/.local/lib/python3.7/site-packages/airflow/example_dags/example_short_circuit_operator.py
[2024-04-28T06:36:36.829+0000] {processor.py:758} INFO - Processing file /home/airflow/.local/lib/python3.7/site-packages/airflow/example_dags/example_short_circuit_operator.py for tasks to queue
[2024-04-28T06:36:36.830+0000] {logging_mixin.py:117} INFO - [2024-04-28T06:36:36.829+0000] {dagbag.py:525} INFO - Filling up the DagBag from /home/airflow/.local/lib/python3.7/site-packages/airflow/example_dags/example_short_circuit_operator.py
[2024-04-28T06:36:36.867+0000] {processor.py:768} INFO - DAG(s) dict_keys(['example_short_circuit_operator']) retrieved from /home/airflow/.local/lib/python3.7/site-packages/airflow/example_dags/example_short_circuit_operator.py
[2024-04-28T06:36:36.957+0000] {logging_mixin.py:117} INFO - [2024-04-28T06:36:36.957+0000] {dag.py:2573} INFO - Sync 1 DAGs
[2024-04-28T06:36:37.023+0000] {logging_mixin.py:117} INFO - [2024-04-28T06:36:37.022+0000] {dag.py:3328} INFO - Setting next_dagrun for example_short_circuit_operator to 2024-04-27T06:36:37.022383+00:00, run_after=2024-04-28T06:36:37.022383+00:00
[2024-04-28T06:36:37.069+0000] {processor.py:178} INFO - Processing /home/airflow/.local/lib/python3.7/site-packages/airflow/example_dags/example_short_circuit_operator.py took 0.247 seconds
[2024-04-28T06:37:07.219+0000] {processor.py:156} INFO - Started process (PID=9925) to work on /home/airflow/.local/lib/python3.7/site-packages/airflow/example_dags/example_short_circuit_operator.py
[2024-04-28T06:37:07.220+0000] {processor.py:758} INFO - Processing file /home/airflow/.local/lib/python3.7/site-packages/airflow/example_dags/example_short_circuit_operator.py for tasks to queue
[2024-04-28T06:37:07.220+0000] {logging_mixin.py:117} INFO - [2024-04-28T06:37:07.220+0000] {dagbag.py:525} INFO - Filling up the DagBag from /home/airflow/.local/lib/python3.7/site-packages/airflow/example_dags/example_short_circuit_operator.py
[2024-04-28T06:37:07.241+0000] {processor.py:768} INFO - DAG(s) dict_keys(['example_short_circuit_operator']) retrieved from /home/airflow/.local/lib/python3.7/site-packages/airflow/example_dags/example_short_circuit_operator.py
[2024-04-28T06:37:07.292+0000] {logging_mixin.py:117} INFO - [2024-04-28T06:37:07.292+0000] {dag.py:2573} INFO - Sync 1 DAGs
[2024-04-28T06:37:07.327+0000] {logging_mixin.py:117} INFO - [2024-04-28T06:37:07.327+0000] {dag.py:3328} INFO - Setting next_dagrun for example_short_circuit_operator to 2024-04-27T06:37:07.327165+00:00, run_after=2024-04-28T06:37:07.327165+00:00
[2024-04-28T06:37:07.352+0000] {processor.py:178} INFO - Processing /home/airflow/.local/lib/python3.7/site-packages/airflow/example_dags/example_short_circuit_operator.py took 0.137 seconds
[2024-04-28T06:37:38.394+0000] {processor.py:156} INFO - Started process (PID=10144) to work on /home/airflow/.local/lib/python3.7/site-packages/airflow/example_dags/example_short_circuit_operator.py
[2024-04-28T06:37:38.395+0000] {processor.py:758} INFO - Processing file /home/airflow/.local/lib/python3.7/site-packages/airflow/example_dags/example_short_circuit_operator.py for tasks to queue
[2024-04-28T06:37:38.396+0000] {logging_mixin.py:117} INFO - [2024-04-28T06:37:38.395+0000] {dagbag.py:525} INFO - Filling up the DagBag from /home/airflow/.local/lib/python3.7/site-packages/airflow/example_dags/example_short_circuit_operator.py
[2024-04-28T06:37:38.416+0000] {processor.py:768} INFO - DAG(s) dict_keys(['example_short_circuit_operator']) retrieved from /home/airflow/.local/lib/python3.7/site-packages/airflow/example_dags/example_short_circuit_operator.py
[2024-04-28T06:37:38.535+0000] {logging_mixin.py:117} INFO - [2024-04-28T06:37:38.535+0000] {dag.py:2573} INFO - Sync 1 DAGs
[2024-04-28T06:37:38.568+0000] {logging_mixin.py:117} INFO - [2024-04-28T06:37:38.568+0000] {dag.py:3328} INFO - Setting next_dagrun for example_short_circuit_operator to 2024-04-27T06:37:38.567824+00:00, run_after=2024-04-28T06:37:38.567824+00:00
[2024-04-28T06:37:38.606+0000] {processor.py:178} INFO - Processing /home/airflow/.local/lib/python3.7/site-packages/airflow/example_dags/example_short_circuit_operator.py took 0.216 seconds
[2024-04-28T06:38:09.747+0000] {processor.py:156} INFO - Started process (PID=10360) to work on /home/airflow/.local/lib/python3.7/site-packages/airflow/example_dags/example_short_circuit_operator.py
[2024-04-28T06:38:09.748+0000] {processor.py:758} INFO - Processing file /home/airflow/.local/lib/python3.7/site-packages/airflow/example_dags/example_short_circuit_operator.py for tasks to queue
[2024-04-28T06:38:09.749+0000] {logging_mixin.py:117} INFO - [2024-04-28T06:38:09.749+0000] {dagbag.py:525} INFO - Filling up the DagBag from /home/airflow/.local/lib/python3.7/site-packages/airflow/example_dags/example_short_circuit_operator.py
[2024-04-28T06:38:09.785+0000] {processor.py:768} INFO - DAG(s) dict_keys(['example_short_circuit_operator']) retrieved from /home/airflow/.local/lib/python3.7/site-packages/airflow/example_dags/example_short_circuit_operator.py
[2024-04-28T06:38:09.863+0000] {logging_mixin.py:117} INFO - [2024-04-28T06:38:09.863+0000] {dag.py:2573} INFO - Sync 1 DAGs
[2024-04-28T06:38:09.893+0000] {logging_mixin.py:117} INFO - [2024-04-28T06:38:09.893+0000] {dag.py:3328} INFO - Setting next_dagrun for example_short_circuit_operator to 2024-04-27T06:38:09.893531+00:00, run_after=2024-04-28T06:38:09.893531+00:00
[2024-04-28T06:38:09.934+0000] {processor.py:178} INFO - Processing /home/airflow/.local/lib/python3.7/site-packages/airflow/example_dags/example_short_circuit_operator.py took 0.190 seconds
[2024-04-28T06:38:40.408+0000] {processor.py:156} INFO - Started process (PID=10570) to work on /home/airflow/.local/lib/python3.7/site-packages/airflow/example_dags/example_short_circuit_operator.py
[2024-04-28T06:38:40.409+0000] {processor.py:758} INFO - Processing file /home/airflow/.local/lib/python3.7/site-packages/airflow/example_dags/example_short_circuit_operator.py for tasks to queue
[2024-04-28T06:38:40.410+0000] {logging_mixin.py:117} INFO - [2024-04-28T06:38:40.409+0000] {dagbag.py:525} INFO - Filling up the DagBag from /home/airflow/.local/lib/python3.7/site-packages/airflow/example_dags/example_short_circuit_operator.py
[2024-04-28T06:38:40.438+0000] {processor.py:768} INFO - DAG(s) dict_keys(['example_short_circuit_operator']) retrieved from /home/airflow/.local/lib/python3.7/site-packages/airflow/example_dags/example_short_circuit_operator.py
[2024-04-28T06:38:40.526+0000] {logging_mixin.py:117} INFO - [2024-04-28T06:38:40.526+0000] {dag.py:2573} INFO - Sync 1 DAGs
[2024-04-28T06:38:40.556+0000] {logging_mixin.py:117} INFO - [2024-04-28T06:38:40.556+0000] {dag.py:3328} INFO - Setting next_dagrun for example_short_circuit_operator to 2024-04-27T06:38:40.556630+00:00, run_after=2024-04-28T06:38:40.556630+00:00
[2024-04-28T06:38:40.581+0000] {processor.py:178} INFO - Processing /home/airflow/.local/lib/python3.7/site-packages/airflow/example_dags/example_short_circuit_operator.py took 0.180 seconds
[2024-04-28T06:39:11.511+0000] {processor.py:156} INFO - Started process (PID=10791) to work on /home/airflow/.local/lib/python3.7/site-packages/airflow/example_dags/example_short_circuit_operator.py
[2024-04-28T06:39:11.512+0000] {processor.py:758} INFO - Processing file /home/airflow/.local/lib/python3.7/site-packages/airflow/example_dags/example_short_circuit_operator.py for tasks to queue
[2024-04-28T06:39:11.513+0000] {logging_mixin.py:117} INFO - [2024-04-28T06:39:11.512+0000] {dagbag.py:525} INFO - Filling up the DagBag from /home/airflow/.local/lib/python3.7/site-packages/airflow/example_dags/example_short_circuit_operator.py
[2024-04-28T06:39:11.540+0000] {processor.py:768} INFO - DAG(s) dict_keys(['example_short_circuit_operator']) retrieved from /home/airflow/.local/lib/python3.7/site-packages/airflow/example_dags/example_short_circuit_operator.py
[2024-04-28T06:39:11.597+0000] {logging_mixin.py:117} INFO - [2024-04-28T06:39:11.597+0000] {dag.py:2573} INFO - Sync 1 DAGs
[2024-04-28T06:39:11.627+0000] {logging_mixin.py:117} INFO - [2024-04-28T06:39:11.627+0000] {dag.py:3328} INFO - Setting next_dagrun for example_short_circuit_operator to 2024-04-27T06:39:11.627205+00:00, run_after=2024-04-28T06:39:11.627205+00:00
[2024-04-28T06:39:11.655+0000] {processor.py:178} INFO - Processing /home/airflow/.local/lib/python3.7/site-packages/airflow/example_dags/example_short_circuit_operator.py took 0.150 seconds
[2024-04-28T06:39:42.506+0000] {processor.py:156} INFO - Started process (PID=11011) to work on /home/airflow/.local/lib/python3.7/site-packages/airflow/example_dags/example_short_circuit_operator.py
[2024-04-28T06:39:42.506+0000] {processor.py:758} INFO - Processing file /home/airflow/.local/lib/python3.7/site-packages/airflow/example_dags/example_short_circuit_operator.py for tasks to queue
[2024-04-28T06:39:42.507+0000] {logging_mixin.py:117} INFO - [2024-04-28T06:39:42.507+0000] {dagbag.py:525} INFO - Filling up the DagBag from /home/airflow/.local/lib/python3.7/site-packages/airflow/example_dags/example_short_circuit_operator.py
[2024-04-28T06:39:42.528+0000] {processor.py:768} INFO - DAG(s) dict_keys(['example_short_circuit_operator']) retrieved from /home/airflow/.local/lib/python3.7/site-packages/airflow/example_dags/example_short_circuit_operator.py
[2024-04-28T06:39:42.584+0000] {logging_mixin.py:117} INFO - [2024-04-28T06:39:42.584+0000] {dag.py:2573} INFO - Sync 1 DAGs
[2024-04-28T06:39:42.612+0000] {logging_mixin.py:117} INFO - [2024-04-28T06:39:42.612+0000] {dag.py:3328} INFO - Setting next_dagrun for example_short_circuit_operator to 2024-04-27T06:39:42.612446+00:00, run_after=2024-04-28T06:39:42.612446+00:00
[2024-04-28T06:39:42.637+0000] {processor.py:178} INFO - Processing /home/airflow/.local/lib/python3.7/site-packages/airflow/example_dags/example_short_circuit_operator.py took 0.134 seconds
[2024-04-28T06:40:13.257+0000] {processor.py:156} INFO - Started process (PID=11218) to work on /home/airflow/.local/lib/python3.7/site-packages/airflow/example_dags/example_short_circuit_operator.py
[2024-04-28T06:40:13.258+0000] {processor.py:758} INFO - Processing file /home/airflow/.local/lib/python3.7/site-packages/airflow/example_dags/example_short_circuit_operator.py for tasks to queue
[2024-04-28T06:40:13.259+0000] {logging_mixin.py:117} INFO - [2024-04-28T06:40:13.258+0000] {dagbag.py:525} INFO - Filling up the DagBag from /home/airflow/.local/lib/python3.7/site-packages/airflow/example_dags/example_short_circuit_operator.py
[2024-04-28T06:40:13.279+0000] {processor.py:768} INFO - DAG(s) dict_keys(['example_short_circuit_operator']) retrieved from /home/airflow/.local/lib/python3.7/site-packages/airflow/example_dags/example_short_circuit_operator.py
[2024-04-28T06:40:13.328+0000] {logging_mixin.py:117} INFO - [2024-04-28T06:40:13.327+0000] {dag.py:2573} INFO - Sync 1 DAGs
[2024-04-28T06:40:13.358+0000] {logging_mixin.py:117} INFO - [2024-04-28T06:40:13.358+0000] {dag.py:3328} INFO - Setting next_dagrun for example_short_circuit_operator to 2024-04-27T06:40:13.358458+00:00, run_after=2024-04-28T06:40:13.358458+00:00
[2024-04-28T06:40:13.386+0000] {processor.py:178} INFO - Processing /home/airflow/.local/lib/python3.7/site-packages/airflow/example_dags/example_short_circuit_operator.py took 0.132 seconds
[2024-04-28T06:40:44.055+0000] {processor.py:156} INFO - Started process (PID=11436) to work on /home/airflow/.local/lib/python3.7/site-packages/airflow/example_dags/example_short_circuit_operator.py
[2024-04-28T06:40:44.057+0000] {processor.py:758} INFO - Processing file /home/airflow/.local/lib/python3.7/site-packages/airflow/example_dags/example_short_circuit_operator.py for tasks to queue
[2024-04-28T06:40:44.057+0000] {logging_mixin.py:117} INFO - [2024-04-28T06:40:44.057+0000] {dagbag.py:525} INFO - Filling up the DagBag from /home/airflow/.local/lib/python3.7/site-packages/airflow/example_dags/example_short_circuit_operator.py
[2024-04-28T06:40:44.077+0000] {processor.py:768} INFO - DAG(s) dict_keys(['example_short_circuit_operator']) retrieved from /home/airflow/.local/lib/python3.7/site-packages/airflow/example_dags/example_short_circuit_operator.py
[2024-04-28T06:40:44.125+0000] {logging_mixin.py:117} INFO - [2024-04-28T06:40:44.124+0000] {dag.py:2573} INFO - Sync 1 DAGs
[2024-04-28T06:40:44.156+0000] {logging_mixin.py:117} INFO - [2024-04-28T06:40:44.156+0000] {dag.py:3328} INFO - Setting next_dagrun for example_short_circuit_operator to 2024-04-27T06:40:44.156243+00:00, run_after=2024-04-28T06:40:44.156243+00:00
[2024-04-28T06:40:44.183+0000] {processor.py:178} INFO - Processing /home/airflow/.local/lib/python3.7/site-packages/airflow/example_dags/example_short_circuit_operator.py took 0.131 seconds
[2024-04-28T06:41:15.261+0000] {processor.py:156} INFO - Started process (PID=11655) to work on /home/airflow/.local/lib/python3.7/site-packages/airflow/example_dags/example_short_circuit_operator.py
[2024-04-28T06:41:15.262+0000] {processor.py:758} INFO - Processing file /home/airflow/.local/lib/python3.7/site-packages/airflow/example_dags/example_short_circuit_operator.py for tasks to queue
[2024-04-28T06:41:15.262+0000] {logging_mixin.py:117} INFO - [2024-04-28T06:41:15.262+0000] {dagbag.py:525} INFO - Filling up the DagBag from /home/airflow/.local/lib/python3.7/site-packages/airflow/example_dags/example_short_circuit_operator.py
[2024-04-28T06:41:15.284+0000] {processor.py:768} INFO - DAG(s) dict_keys(['example_short_circuit_operator']) retrieved from /home/airflow/.local/lib/python3.7/site-packages/airflow/example_dags/example_short_circuit_operator.py
[2024-04-28T06:41:15.336+0000] {logging_mixin.py:117} INFO - [2024-04-28T06:41:15.335+0000] {dag.py:2573} INFO - Sync 1 DAGs
[2024-04-28T06:41:15.372+0000] {logging_mixin.py:117} INFO - [2024-04-28T06:41:15.372+0000] {dag.py:3328} INFO - Setting next_dagrun for example_short_circuit_operator to 2024-04-27T06:41:15.372286+00:00, run_after=2024-04-28T06:41:15.372286+00:00
[2024-04-28T06:41:15.396+0000] {processor.py:178} INFO - Processing /home/airflow/.local/lib/python3.7/site-packages/airflow/example_dags/example_short_circuit_operator.py took 0.138 seconds
[2024-04-28T06:41:46.171+0000] {processor.py:156} INFO - Started process (PID=11868) to work on /home/airflow/.local/lib/python3.7/site-packages/airflow/example_dags/example_short_circuit_operator.py
[2024-04-28T06:41:46.172+0000] {processor.py:758} INFO - Processing file /home/airflow/.local/lib/python3.7/site-packages/airflow/example_dags/example_short_circuit_operator.py for tasks to queue
[2024-04-28T06:41:46.173+0000] {logging_mixin.py:117} INFO - [2024-04-28T06:41:46.173+0000] {dagbag.py:525} INFO - Filling up the DagBag from /home/airflow/.local/lib/python3.7/site-packages/airflow/example_dags/example_short_circuit_operator.py
[2024-04-28T06:41:46.254+0000] {processor.py:768} INFO - DAG(s) dict_keys(['example_short_circuit_operator']) retrieved from /home/airflow/.local/lib/python3.7/site-packages/airflow/example_dags/example_short_circuit_operator.py
[2024-04-28T06:41:46.372+0000] {logging_mixin.py:117} INFO - [2024-04-28T06:41:46.371+0000] {dag.py:2573} INFO - Sync 1 DAGs
[2024-04-28T06:41:46.436+0000] {logging_mixin.py:117} INFO - [2024-04-28T06:41:46.436+0000] {dag.py:3328} INFO - Setting next_dagrun for example_short_circuit_operator to 2024-04-27T06:41:46.435757+00:00, run_after=2024-04-28T06:41:46.435757+00:00
[2024-04-28T06:41:46.476+0000] {processor.py:178} INFO - Processing /home/airflow/.local/lib/python3.7/site-packages/airflow/example_dags/example_short_circuit_operator.py took 0.323 seconds
