[2024-04-28T06:13:55.189+0000] {processor.py:156} INFO - Started process (PID=188) to work on /home/airflow/.local/lib/python3.7/site-packages/airflow/example_dags/example_branch_day_of_week_operator.py
[2024-04-28T06:13:55.190+0000] {processor.py:758} INFO - Processing file /home/airflow/.local/lib/python3.7/site-packages/airflow/example_dags/example_branch_day_of_week_operator.py for tasks to queue
[2024-04-28T06:13:55.191+0000] {logging_mixin.py:117} INFO - [2024-04-28T06:13:55.191+0000] {dagbag.py:525} INFO - Filling up the DagBag from /home/airflow/.local/lib/python3.7/site-packages/airflow/example_dags/example_branch_day_of_week_operator.py
[2024-04-28T06:13:55.214+0000] {processor.py:768} INFO - DAG(s) dict_keys(['example_weekday_branch_operator']) retrieved from /home/airflow/.local/lib/python3.7/site-packages/airflow/example_dags/example_branch_day_of_week_operator.py
[2024-04-28T06:13:55.274+0000] {logging_mixin.py:117} INFO - [2024-04-28T06:13:55.274+0000] {dag.py:2573} INFO - Sync 1 DAGs
[2024-04-28T06:13:55.317+0000] {logging_mixin.py:117} INFO - [2024-04-28T06:13:55.317+0000] {dag.py:3328} INFO - Setting next_dagrun for example_weekday_branch_operator to 2024-04-27T00:00:00+00:00, run_after=2024-04-28T00:00:00+00:00
[2024-04-28T06:13:55.362+0000] {processor.py:178} INFO - Processing /home/airflow/.local/lib/python3.7/site-packages/airflow/example_dags/example_branch_day_of_week_operator.py took 0.177 seconds
[2024-04-28T06:14:26.053+0000] {processor.py:156} INFO - Started process (PID=394) to work on /home/airflow/.local/lib/python3.7/site-packages/airflow/example_dags/example_branch_day_of_week_operator.py
[2024-04-28T06:14:26.054+0000] {processor.py:758} INFO - Processing file /home/airflow/.local/lib/python3.7/site-packages/airflow/example_dags/example_branch_day_of_week_operator.py for tasks to queue
[2024-04-28T06:14:26.054+0000] {logging_mixin.py:117} INFO - [2024-04-28T06:14:26.054+0000] {dagbag.py:525} INFO - Filling up the DagBag from /home/airflow/.local/lib/python3.7/site-packages/airflow/example_dags/example_branch_day_of_week_operator.py
[2024-04-28T06:14:26.077+0000] {processor.py:768} INFO - DAG(s) dict_keys(['example_weekday_branch_operator']) retrieved from /home/airflow/.local/lib/python3.7/site-packages/airflow/example_dags/example_branch_day_of_week_operator.py
[2024-04-28T06:14:26.122+0000] {logging_mixin.py:117} INFO - [2024-04-28T06:14:26.121+0000] {dag.py:2573} INFO - Sync 1 DAGs
[2024-04-28T06:14:26.154+0000] {logging_mixin.py:117} INFO - [2024-04-28T06:14:26.154+0000] {dag.py:3328} INFO - Setting next_dagrun for example_weekday_branch_operator to 2024-04-27T00:00:00+00:00, run_after=2024-04-28T00:00:00+00:00
[2024-04-28T06:14:26.207+0000] {processor.py:178} INFO - Processing /home/airflow/.local/lib/python3.7/site-packages/airflow/example_dags/example_branch_day_of_week_operator.py took 0.157 seconds
[2024-04-28T06:14:56.666+0000] {processor.py:156} INFO - Started process (PID=614) to work on /home/airflow/.local/lib/python3.7/site-packages/airflow/example_dags/example_branch_day_of_week_operator.py
[2024-04-28T06:14:56.667+0000] {processor.py:758} INFO - Processing file /home/airflow/.local/lib/python3.7/site-packages/airflow/example_dags/example_branch_day_of_week_operator.py for tasks to queue
[2024-04-28T06:14:56.667+0000] {logging_mixin.py:117} INFO - [2024-04-28T06:14:56.667+0000] {dagbag.py:525} INFO - Filling up the DagBag from /home/airflow/.local/lib/python3.7/site-packages/airflow/example_dags/example_branch_day_of_week_operator.py
[2024-04-28T06:14:56.687+0000] {processor.py:768} INFO - DAG(s) dict_keys(['example_weekday_branch_operator']) retrieved from /home/airflow/.local/lib/python3.7/site-packages/airflow/example_dags/example_branch_day_of_week_operator.py
[2024-04-28T06:14:56.733+0000] {logging_mixin.py:117} INFO - [2024-04-28T06:14:56.733+0000] {dag.py:2573} INFO - Sync 1 DAGs
[2024-04-28T06:14:56.768+0000] {logging_mixin.py:117} INFO - [2024-04-28T06:14:56.767+0000] {dag.py:3328} INFO - Setting next_dagrun for example_weekday_branch_operator to 2024-04-27T00:00:00+00:00, run_after=2024-04-28T00:00:00+00:00
[2024-04-28T06:14:56.800+0000] {processor.py:178} INFO - Processing /home/airflow/.local/lib/python3.7/site-packages/airflow/example_dags/example_branch_day_of_week_operator.py took 0.138 seconds
[2024-04-28T06:15:27.690+0000] {processor.py:156} INFO - Started process (PID=834) to work on /home/airflow/.local/lib/python3.7/site-packages/airflow/example_dags/example_branch_day_of_week_operator.py
[2024-04-28T06:15:27.691+0000] {processor.py:758} INFO - Processing file /home/airflow/.local/lib/python3.7/site-packages/airflow/example_dags/example_branch_day_of_week_operator.py for tasks to queue
[2024-04-28T06:15:27.692+0000] {logging_mixin.py:117} INFO - [2024-04-28T06:15:27.692+0000] {dagbag.py:525} INFO - Filling up the DagBag from /home/airflow/.local/lib/python3.7/site-packages/airflow/example_dags/example_branch_day_of_week_operator.py
[2024-04-28T06:15:27.711+0000] {processor.py:768} INFO - DAG(s) dict_keys(['example_weekday_branch_operator']) retrieved from /home/airflow/.local/lib/python3.7/site-packages/airflow/example_dags/example_branch_day_of_week_operator.py
[2024-04-28T06:15:27.761+0000] {logging_mixin.py:117} INFO - [2024-04-28T06:15:27.761+0000] {dag.py:2573} INFO - Sync 1 DAGs
[2024-04-28T06:15:27.794+0000] {logging_mixin.py:117} INFO - [2024-04-28T06:15:27.794+0000] {dag.py:3328} INFO - Setting next_dagrun for example_weekday_branch_operator to 2024-04-27T00:00:00+00:00, run_after=2024-04-28T00:00:00+00:00
[2024-04-28T06:15:27.823+0000] {processor.py:178} INFO - Processing /home/airflow/.local/lib/python3.7/site-packages/airflow/example_dags/example_branch_day_of_week_operator.py took 0.137 seconds
[2024-04-28T06:15:58.737+0000] {processor.py:156} INFO - Started process (PID=1054) to work on /home/airflow/.local/lib/python3.7/site-packages/airflow/example_dags/example_branch_day_of_week_operator.py
[2024-04-28T06:15:58.739+0000] {processor.py:758} INFO - Processing file /home/airflow/.local/lib/python3.7/site-packages/airflow/example_dags/example_branch_day_of_week_operator.py for tasks to queue
[2024-04-28T06:15:58.739+0000] {logging_mixin.py:117} INFO - [2024-04-28T06:15:58.739+0000] {dagbag.py:525} INFO - Filling up the DagBag from /home/airflow/.local/lib/python3.7/site-packages/airflow/example_dags/example_branch_day_of_week_operator.py
[2024-04-28T06:15:58.762+0000] {processor.py:768} INFO - DAG(s) dict_keys(['example_weekday_branch_operator']) retrieved from /home/airflow/.local/lib/python3.7/site-packages/airflow/example_dags/example_branch_day_of_week_operator.py
[2024-04-28T06:15:58.811+0000] {logging_mixin.py:117} INFO - [2024-04-28T06:15:58.811+0000] {dag.py:2573} INFO - Sync 1 DAGs
[2024-04-28T06:15:58.858+0000] {logging_mixin.py:117} INFO - [2024-04-28T06:15:58.858+0000] {dag.py:3328} INFO - Setting next_dagrun for example_weekday_branch_operator to 2024-04-27T00:00:00+00:00, run_after=2024-04-28T00:00:00+00:00
[2024-04-28T06:15:58.896+0000] {processor.py:178} INFO - Processing /home/airflow/.local/lib/python3.7/site-packages/airflow/example_dags/example_branch_day_of_week_operator.py took 0.164 seconds
[2024-04-28T06:16:29.340+0000] {processor.py:156} INFO - Started process (PID=1263) to work on /home/airflow/.local/lib/python3.7/site-packages/airflow/example_dags/example_branch_day_of_week_operator.py
[2024-04-28T06:16:29.341+0000] {processor.py:758} INFO - Processing file /home/airflow/.local/lib/python3.7/site-packages/airflow/example_dags/example_branch_day_of_week_operator.py for tasks to queue
[2024-04-28T06:16:29.341+0000] {logging_mixin.py:117} INFO - [2024-04-28T06:16:29.341+0000] {dagbag.py:525} INFO - Filling up the DagBag from /home/airflow/.local/lib/python3.7/site-packages/airflow/example_dags/example_branch_day_of_week_operator.py
[2024-04-28T06:16:29.355+0000] {processor.py:768} INFO - DAG(s) dict_keys(['example_weekday_branch_operator']) retrieved from /home/airflow/.local/lib/python3.7/site-packages/airflow/example_dags/example_branch_day_of_week_operator.py
[2024-04-28T06:16:29.388+0000] {logging_mixin.py:117} INFO - [2024-04-28T06:16:29.387+0000] {dag.py:2573} INFO - Sync 1 DAGs
[2024-04-28T06:16:29.409+0000] {logging_mixin.py:117} INFO - [2024-04-28T06:16:29.409+0000] {dag.py:3328} INFO - Setting next_dagrun for example_weekday_branch_operator to 2024-04-27T00:00:00+00:00, run_after=2024-04-28T00:00:00+00:00
[2024-04-28T06:16:29.535+0000] {processor.py:178} INFO - Processing /home/airflow/.local/lib/python3.7/site-packages/airflow/example_dags/example_branch_day_of_week_operator.py took 0.197 seconds
[2024-04-28T06:17:00.159+0000] {processor.py:156} INFO - Started process (PID=1480) to work on /home/airflow/.local/lib/python3.7/site-packages/airflow/example_dags/example_branch_day_of_week_operator.py
[2024-04-28T06:17:00.164+0000] {processor.py:758} INFO - Processing file /home/airflow/.local/lib/python3.7/site-packages/airflow/example_dags/example_branch_day_of_week_operator.py for tasks to queue
[2024-04-28T06:17:00.167+0000] {logging_mixin.py:117} INFO - [2024-04-28T06:17:00.167+0000] {dagbag.py:525} INFO - Filling up the DagBag from /home/airflow/.local/lib/python3.7/site-packages/airflow/example_dags/example_branch_day_of_week_operator.py
[2024-04-28T06:17:00.210+0000] {processor.py:768} INFO - DAG(s) dict_keys(['example_weekday_branch_operator']) retrieved from /home/airflow/.local/lib/python3.7/site-packages/airflow/example_dags/example_branch_day_of_week_operator.py
[2024-04-28T06:17:00.357+0000] {logging_mixin.py:117} INFO - [2024-04-28T06:17:00.356+0000] {dag.py:2573} INFO - Sync 1 DAGs
[2024-04-28T06:17:00.563+0000] {logging_mixin.py:117} INFO - [2024-04-28T06:17:00.563+0000] {dag.py:3328} INFO - Setting next_dagrun for example_weekday_branch_operator to 2024-04-27T00:00:00+00:00, run_after=2024-04-28T00:00:00+00:00
[2024-04-28T06:17:00.604+0000] {processor.py:178} INFO - Processing /home/airflow/.local/lib/python3.7/site-packages/airflow/example_dags/example_branch_day_of_week_operator.py took 0.454 seconds
[2024-04-28T06:17:30.712+0000] {processor.py:156} INFO - Started process (PID=1688) to work on /home/airflow/.local/lib/python3.7/site-packages/airflow/example_dags/example_branch_day_of_week_operator.py
[2024-04-28T06:17:30.712+0000] {processor.py:758} INFO - Processing file /home/airflow/.local/lib/python3.7/site-packages/airflow/example_dags/example_branch_day_of_week_operator.py for tasks to queue
[2024-04-28T06:17:30.713+0000] {logging_mixin.py:117} INFO - [2024-04-28T06:17:30.713+0000] {dagbag.py:525} INFO - Filling up the DagBag from /home/airflow/.local/lib/python3.7/site-packages/airflow/example_dags/example_branch_day_of_week_operator.py
[2024-04-28T06:17:30.732+0000] {processor.py:768} INFO - DAG(s) dict_keys(['example_weekday_branch_operator']) retrieved from /home/airflow/.local/lib/python3.7/site-packages/airflow/example_dags/example_branch_day_of_week_operator.py
[2024-04-28T06:17:31.060+0000] {logging_mixin.py:117} INFO - [2024-04-28T06:17:31.060+0000] {dag.py:2573} INFO - Sync 1 DAGs
[2024-04-28T06:17:31.110+0000] {logging_mixin.py:117} INFO - [2024-04-28T06:17:31.110+0000] {dag.py:3328} INFO - Setting next_dagrun for example_weekday_branch_operator to 2024-04-27T00:00:00+00:00, run_after=2024-04-28T00:00:00+00:00
[2024-04-28T06:17:31.152+0000] {processor.py:178} INFO - Processing /home/airflow/.local/lib/python3.7/site-packages/airflow/example_dags/example_branch_day_of_week_operator.py took 0.444 seconds
[2024-04-28T06:18:01.242+0000] {processor.py:156} INFO - Started process (PID=1906) to work on /home/airflow/.local/lib/python3.7/site-packages/airflow/example_dags/example_branch_day_of_week_operator.py
[2024-04-28T06:18:01.243+0000] {processor.py:758} INFO - Processing file /home/airflow/.local/lib/python3.7/site-packages/airflow/example_dags/example_branch_day_of_week_operator.py for tasks to queue
[2024-04-28T06:18:01.244+0000] {logging_mixin.py:117} INFO - [2024-04-28T06:18:01.244+0000] {dagbag.py:525} INFO - Filling up the DagBag from /home/airflow/.local/lib/python3.7/site-packages/airflow/example_dags/example_branch_day_of_week_operator.py
[2024-04-28T06:18:01.266+0000] {processor.py:768} INFO - DAG(s) dict_keys(['example_weekday_branch_operator']) retrieved from /home/airflow/.local/lib/python3.7/site-packages/airflow/example_dags/example_branch_day_of_week_operator.py
[2024-04-28T06:18:01.437+0000] {logging_mixin.py:117} INFO - [2024-04-28T06:18:01.437+0000] {dag.py:2573} INFO - Sync 1 DAGs
[2024-04-28T06:18:01.456+0000] {logging_mixin.py:117} INFO - [2024-04-28T06:18:01.456+0000] {dag.py:3328} INFO - Setting next_dagrun for example_weekday_branch_operator to 2024-04-27T00:00:00+00:00, run_after=2024-04-28T00:00:00+00:00
[2024-04-28T06:18:01.477+0000] {processor.py:178} INFO - Processing /home/airflow/.local/lib/python3.7/site-packages/airflow/example_dags/example_branch_day_of_week_operator.py took 0.238 seconds
[2024-04-28T06:18:31.770+0000] {processor.py:156} INFO - Started process (PID=2123) to work on /home/airflow/.local/lib/python3.7/site-packages/airflow/example_dags/example_branch_day_of_week_operator.py
[2024-04-28T06:18:31.771+0000] {processor.py:758} INFO - Processing file /home/airflow/.local/lib/python3.7/site-packages/airflow/example_dags/example_branch_day_of_week_operator.py for tasks to queue
[2024-04-28T06:18:31.771+0000] {logging_mixin.py:117} INFO - [2024-04-28T06:18:31.771+0000] {dagbag.py:525} INFO - Filling up the DagBag from /home/airflow/.local/lib/python3.7/site-packages/airflow/example_dags/example_branch_day_of_week_operator.py
[2024-04-28T06:18:31.792+0000] {processor.py:768} INFO - DAG(s) dict_keys(['example_weekday_branch_operator']) retrieved from /home/airflow/.local/lib/python3.7/site-packages/airflow/example_dags/example_branch_day_of_week_operator.py
[2024-04-28T06:18:31.983+0000] {logging_mixin.py:117} INFO - [2024-04-28T06:18:31.983+0000] {dag.py:2573} INFO - Sync 1 DAGs
[2024-04-28T06:18:32.014+0000] {logging_mixin.py:117} INFO - [2024-04-28T06:18:32.014+0000] {dag.py:3328} INFO - Setting next_dagrun for example_weekday_branch_operator to 2024-04-27T00:00:00+00:00, run_after=2024-04-28T00:00:00+00:00
[2024-04-28T06:18:32.042+0000] {processor.py:178} INFO - Processing /home/airflow/.local/lib/python3.7/site-packages/airflow/example_dags/example_branch_day_of_week_operator.py took 0.276 seconds
[2024-04-28T06:19:02.124+0000] {processor.py:156} INFO - Started process (PID=2330) to work on /home/airflow/.local/lib/python3.7/site-packages/airflow/example_dags/example_branch_day_of_week_operator.py
[2024-04-28T06:19:02.125+0000] {processor.py:758} INFO - Processing file /home/airflow/.local/lib/python3.7/site-packages/airflow/example_dags/example_branch_day_of_week_operator.py for tasks to queue
[2024-04-28T06:19:02.126+0000] {logging_mixin.py:117} INFO - [2024-04-28T06:19:02.126+0000] {dagbag.py:525} INFO - Filling up the DagBag from /home/airflow/.local/lib/python3.7/site-packages/airflow/example_dags/example_branch_day_of_week_operator.py
[2024-04-28T06:19:02.164+0000] {processor.py:768} INFO - DAG(s) dict_keys(['example_weekday_branch_operator']) retrieved from /home/airflow/.local/lib/python3.7/site-packages/airflow/example_dags/example_branch_day_of_week_operator.py
[2024-04-28T06:19:02.290+0000] {logging_mixin.py:117} INFO - [2024-04-28T06:19:02.290+0000] {dag.py:2573} INFO - Sync 1 DAGs
[2024-04-28T06:19:02.547+0000] {logging_mixin.py:117} INFO - [2024-04-28T06:19:02.547+0000] {dag.py:3328} INFO - Setting next_dagrun for example_weekday_branch_operator to 2024-04-27T00:00:00+00:00, run_after=2024-04-28T00:00:00+00:00
[2024-04-28T06:19:02.572+0000] {processor.py:178} INFO - Processing /home/airflow/.local/lib/python3.7/site-packages/airflow/example_dags/example_branch_day_of_week_operator.py took 0.458 seconds
[2024-04-28T06:19:32.985+0000] {processor.py:156} INFO - Started process (PID=2548) to work on /home/airflow/.local/lib/python3.7/site-packages/airflow/example_dags/example_branch_day_of_week_operator.py
[2024-04-28T06:19:32.986+0000] {processor.py:758} INFO - Processing file /home/airflow/.local/lib/python3.7/site-packages/airflow/example_dags/example_branch_day_of_week_operator.py for tasks to queue
[2024-04-28T06:19:32.986+0000] {logging_mixin.py:117} INFO - [2024-04-28T06:19:32.986+0000] {dagbag.py:525} INFO - Filling up the DagBag from /home/airflow/.local/lib/python3.7/site-packages/airflow/example_dags/example_branch_day_of_week_operator.py
[2024-04-28T06:19:33.006+0000] {processor.py:768} INFO - DAG(s) dict_keys(['example_weekday_branch_operator']) retrieved from /home/airflow/.local/lib/python3.7/site-packages/airflow/example_dags/example_branch_day_of_week_operator.py
[2024-04-28T06:19:33.058+0000] {logging_mixin.py:117} INFO - [2024-04-28T06:19:33.058+0000] {dag.py:2573} INFO - Sync 1 DAGs
[2024-04-28T06:19:33.221+0000] {logging_mixin.py:117} INFO - [2024-04-28T06:19:33.221+0000] {dag.py:3328} INFO - Setting next_dagrun for example_weekday_branch_operator to 2024-04-27T00:00:00+00:00, run_after=2024-04-28T00:00:00+00:00
[2024-04-28T06:19:33.247+0000] {processor.py:178} INFO - Processing /home/airflow/.local/lib/python3.7/site-packages/airflow/example_dags/example_branch_day_of_week_operator.py took 0.266 seconds
[2024-04-28T06:20:04.040+0000] {processor.py:156} INFO - Started process (PID=2766) to work on /home/airflow/.local/lib/python3.7/site-packages/airflow/example_dags/example_branch_day_of_week_operator.py
[2024-04-28T06:20:04.041+0000] {processor.py:758} INFO - Processing file /home/airflow/.local/lib/python3.7/site-packages/airflow/example_dags/example_branch_day_of_week_operator.py for tasks to queue
[2024-04-28T06:20:04.042+0000] {logging_mixin.py:117} INFO - [2024-04-28T06:20:04.042+0000] {dagbag.py:525} INFO - Filling up the DagBag from /home/airflow/.local/lib/python3.7/site-packages/airflow/example_dags/example_branch_day_of_week_operator.py
[2024-04-28T06:20:04.061+0000] {processor.py:768} INFO - DAG(s) dict_keys(['example_weekday_branch_operator']) retrieved from /home/airflow/.local/lib/python3.7/site-packages/airflow/example_dags/example_branch_day_of_week_operator.py
[2024-04-28T06:20:04.293+0000] {logging_mixin.py:117} INFO - [2024-04-28T06:20:04.293+0000] {dag.py:2573} INFO - Sync 1 DAGs
[2024-04-28T06:20:04.321+0000] {logging_mixin.py:117} INFO - [2024-04-28T06:20:04.321+0000] {dag.py:3328} INFO - Setting next_dagrun for example_weekday_branch_operator to 2024-04-27T00:00:00+00:00, run_after=2024-04-28T00:00:00+00:00
[2024-04-28T06:20:04.344+0000] {processor.py:178} INFO - Processing /home/airflow/.local/lib/python3.7/site-packages/airflow/example_dags/example_branch_day_of_week_operator.py took 0.307 seconds
[2024-04-28T06:20:35.162+0000] {processor.py:156} INFO - Started process (PID=2975) to work on /home/airflow/.local/lib/python3.7/site-packages/airflow/example_dags/example_branch_day_of_week_operator.py
[2024-04-28T06:20:35.163+0000] {processor.py:758} INFO - Processing file /home/airflow/.local/lib/python3.7/site-packages/airflow/example_dags/example_branch_day_of_week_operator.py for tasks to queue
[2024-04-28T06:20:35.164+0000] {logging_mixin.py:117} INFO - [2024-04-28T06:20:35.164+0000] {dagbag.py:525} INFO - Filling up the DagBag from /home/airflow/.local/lib/python3.7/site-packages/airflow/example_dags/example_branch_day_of_week_operator.py
[2024-04-28T06:20:35.183+0000] {processor.py:768} INFO - DAG(s) dict_keys(['example_weekday_branch_operator']) retrieved from /home/airflow/.local/lib/python3.7/site-packages/airflow/example_dags/example_branch_day_of_week_operator.py
[2024-04-28T06:20:35.389+0000] {logging_mixin.py:117} INFO - [2024-04-28T06:20:35.389+0000] {dag.py:2573} INFO - Sync 1 DAGs
[2024-04-28T06:20:35.417+0000] {logging_mixin.py:117} INFO - [2024-04-28T06:20:35.417+0000] {dag.py:3328} INFO - Setting next_dagrun for example_weekday_branch_operator to 2024-04-27T00:00:00+00:00, run_after=2024-04-28T00:00:00+00:00
[2024-04-28T06:20:35.441+0000] {processor.py:178} INFO - Processing /home/airflow/.local/lib/python3.7/site-packages/airflow/example_dags/example_branch_day_of_week_operator.py took 0.282 seconds
[2024-04-28T06:21:06.150+0000] {processor.py:156} INFO - Started process (PID=3193) to work on /home/airflow/.local/lib/python3.7/site-packages/airflow/example_dags/example_branch_day_of_week_operator.py
[2024-04-28T06:21:06.151+0000] {processor.py:758} INFO - Processing file /home/airflow/.local/lib/python3.7/site-packages/airflow/example_dags/example_branch_day_of_week_operator.py for tasks to queue
[2024-04-28T06:21:06.152+0000] {logging_mixin.py:117} INFO - [2024-04-28T06:21:06.152+0000] {dagbag.py:525} INFO - Filling up the DagBag from /home/airflow/.local/lib/python3.7/site-packages/airflow/example_dags/example_branch_day_of_week_operator.py
[2024-04-28T06:21:06.172+0000] {processor.py:768} INFO - DAG(s) dict_keys(['example_weekday_branch_operator']) retrieved from /home/airflow/.local/lib/python3.7/site-packages/airflow/example_dags/example_branch_day_of_week_operator.py
[2024-04-28T06:21:06.219+0000] {logging_mixin.py:117} INFO - [2024-04-28T06:21:06.219+0000] {dag.py:2573} INFO - Sync 1 DAGs
[2024-04-28T06:21:06.252+0000] {logging_mixin.py:117} INFO - [2024-04-28T06:21:06.252+0000] {dag.py:3328} INFO - Setting next_dagrun for example_weekday_branch_operator to 2024-04-27T00:00:00+00:00, run_after=2024-04-28T00:00:00+00:00
[2024-04-28T06:21:06.410+0000] {processor.py:178} INFO - Processing /home/airflow/.local/lib/python3.7/site-packages/airflow/example_dags/example_branch_day_of_week_operator.py took 0.264 seconds
[2024-04-28T06:21:37.219+0000] {processor.py:156} INFO - Started process (PID=3409) to work on /home/airflow/.local/lib/python3.7/site-packages/airflow/example_dags/example_branch_day_of_week_operator.py
[2024-04-28T06:21:37.221+0000] {processor.py:758} INFO - Processing file /home/airflow/.local/lib/python3.7/site-packages/airflow/example_dags/example_branch_day_of_week_operator.py for tasks to queue
[2024-04-28T06:21:37.222+0000] {logging_mixin.py:117} INFO - [2024-04-28T06:21:37.222+0000] {dagbag.py:525} INFO - Filling up the DagBag from /home/airflow/.local/lib/python3.7/site-packages/airflow/example_dags/example_branch_day_of_week_operator.py
[2024-04-28T06:21:37.242+0000] {processor.py:768} INFO - DAG(s) dict_keys(['example_weekday_branch_operator']) retrieved from /home/airflow/.local/lib/python3.7/site-packages/airflow/example_dags/example_branch_day_of_week_operator.py
[2024-04-28T06:21:37.287+0000] {logging_mixin.py:117} INFO - [2024-04-28T06:21:37.287+0000] {dag.py:2573} INFO - Sync 1 DAGs
[2024-04-28T06:21:37.455+0000] {logging_mixin.py:117} INFO - [2024-04-28T06:21:37.455+0000] {dag.py:3328} INFO - Setting next_dagrun for example_weekday_branch_operator to 2024-04-27T00:00:00+00:00, run_after=2024-04-28T00:00:00+00:00
[2024-04-28T06:21:37.479+0000] {processor.py:178} INFO - Processing /home/airflow/.local/lib/python3.7/site-packages/airflow/example_dags/example_branch_day_of_week_operator.py took 0.263 seconds
[2024-04-28T06:22:07.724+0000] {processor.py:156} INFO - Started process (PID=3617) to work on /home/airflow/.local/lib/python3.7/site-packages/airflow/example_dags/example_branch_day_of_week_operator.py
[2024-04-28T06:22:07.724+0000] {processor.py:758} INFO - Processing file /home/airflow/.local/lib/python3.7/site-packages/airflow/example_dags/example_branch_day_of_week_operator.py for tasks to queue
[2024-04-28T06:22:07.725+0000] {logging_mixin.py:117} INFO - [2024-04-28T06:22:07.725+0000] {dagbag.py:525} INFO - Filling up the DagBag from /home/airflow/.local/lib/python3.7/site-packages/airflow/example_dags/example_branch_day_of_week_operator.py
[2024-04-28T06:22:07.744+0000] {processor.py:768} INFO - DAG(s) dict_keys(['example_weekday_branch_operator']) retrieved from /home/airflow/.local/lib/python3.7/site-packages/airflow/example_dags/example_branch_day_of_week_operator.py
[2024-04-28T06:22:07.926+0000] {logging_mixin.py:117} INFO - [2024-04-28T06:22:07.926+0000] {dag.py:2573} INFO - Sync 1 DAGs
[2024-04-28T06:22:07.957+0000] {logging_mixin.py:117} INFO - [2024-04-28T06:22:07.957+0000] {dag.py:3328} INFO - Setting next_dagrun for example_weekday_branch_operator to 2024-04-27T00:00:00+00:00, run_after=2024-04-28T00:00:00+00:00
[2024-04-28T06:22:07.986+0000] {processor.py:178} INFO - Processing /home/airflow/.local/lib/python3.7/site-packages/airflow/example_dags/example_branch_day_of_week_operator.py took 0.266 seconds
[2024-04-28T06:22:38.132+0000] {processor.py:156} INFO - Started process (PID=3837) to work on /home/airflow/.local/lib/python3.7/site-packages/airflow/example_dags/example_branch_day_of_week_operator.py
[2024-04-28T06:22:38.133+0000] {processor.py:758} INFO - Processing file /home/airflow/.local/lib/python3.7/site-packages/airflow/example_dags/example_branch_day_of_week_operator.py for tasks to queue
[2024-04-28T06:22:38.135+0000] {logging_mixin.py:117} INFO - [2024-04-28T06:22:38.135+0000] {dagbag.py:525} INFO - Filling up the DagBag from /home/airflow/.local/lib/python3.7/site-packages/airflow/example_dags/example_branch_day_of_week_operator.py
[2024-04-28T06:22:38.181+0000] {processor.py:768} INFO - DAG(s) dict_keys(['example_weekday_branch_operator']) retrieved from /home/airflow/.local/lib/python3.7/site-packages/airflow/example_dags/example_branch_day_of_week_operator.py
[2024-04-28T06:22:38.363+0000] {logging_mixin.py:117} INFO - [2024-04-28T06:22:38.363+0000] {dag.py:2573} INFO - Sync 1 DAGs
[2024-04-28T06:22:38.392+0000] {logging_mixin.py:117} INFO - [2024-04-28T06:22:38.392+0000] {dag.py:3328} INFO - Setting next_dagrun for example_weekday_branch_operator to 2024-04-27T00:00:00+00:00, run_after=2024-04-28T00:00:00+00:00
[2024-04-28T06:22:38.417+0000] {processor.py:178} INFO - Processing /home/airflow/.local/lib/python3.7/site-packages/airflow/example_dags/example_branch_day_of_week_operator.py took 0.291 seconds
[2024-04-28T06:23:08.658+0000] {processor.py:156} INFO - Started process (PID=4054) to work on /home/airflow/.local/lib/python3.7/site-packages/airflow/example_dags/example_branch_day_of_week_operator.py
[2024-04-28T06:23:08.659+0000] {processor.py:758} INFO - Processing file /home/airflow/.local/lib/python3.7/site-packages/airflow/example_dags/example_branch_day_of_week_operator.py for tasks to queue
[2024-04-28T06:23:08.659+0000] {logging_mixin.py:117} INFO - [2024-04-28T06:23:08.659+0000] {dagbag.py:525} INFO - Filling up the DagBag from /home/airflow/.local/lib/python3.7/site-packages/airflow/example_dags/example_branch_day_of_week_operator.py
[2024-04-28T06:23:08.823+0000] {processor.py:768} INFO - DAG(s) dict_keys(['example_weekday_branch_operator']) retrieved from /home/airflow/.local/lib/python3.7/site-packages/airflow/example_dags/example_branch_day_of_week_operator.py
[2024-04-28T06:23:08.863+0000] {logging_mixin.py:117} INFO - [2024-04-28T06:23:08.863+0000] {dag.py:2573} INFO - Sync 1 DAGs
[2024-04-28T06:23:08.913+0000] {logging_mixin.py:117} INFO - [2024-04-28T06:23:08.912+0000] {dag.py:3328} INFO - Setting next_dagrun for example_weekday_branch_operator to 2024-04-27T00:00:00+00:00, run_after=2024-04-28T00:00:00+00:00
[2024-04-28T06:23:08.947+0000] {processor.py:178} INFO - Processing /home/airflow/.local/lib/python3.7/site-packages/airflow/example_dags/example_branch_day_of_week_operator.py took 0.292 seconds
[2024-04-28T06:23:39.222+0000] {processor.py:156} INFO - Started process (PID=4264) to work on /home/airflow/.local/lib/python3.7/site-packages/airflow/example_dags/example_branch_day_of_week_operator.py
[2024-04-28T06:23:39.222+0000] {processor.py:758} INFO - Processing file /home/airflow/.local/lib/python3.7/site-packages/airflow/example_dags/example_branch_day_of_week_operator.py for tasks to queue
[2024-04-28T06:23:39.223+0000] {logging_mixin.py:117} INFO - [2024-04-28T06:23:39.223+0000] {dagbag.py:525} INFO - Filling up the DagBag from /home/airflow/.local/lib/python3.7/site-packages/airflow/example_dags/example_branch_day_of_week_operator.py
[2024-04-28T06:23:39.237+0000] {processor.py:768} INFO - DAG(s) dict_keys(['example_weekday_branch_operator']) retrieved from /home/airflow/.local/lib/python3.7/site-packages/airflow/example_dags/example_branch_day_of_week_operator.py
[2024-04-28T06:23:39.270+0000] {logging_mixin.py:117} INFO - [2024-04-28T06:23:39.270+0000] {dag.py:2573} INFO - Sync 1 DAGs
[2024-04-28T06:23:39.291+0000] {logging_mixin.py:117} INFO - [2024-04-28T06:23:39.291+0000] {dag.py:3328} INFO - Setting next_dagrun for example_weekday_branch_operator to 2024-04-27T00:00:00+00:00, run_after=2024-04-28T00:00:00+00:00
[2024-04-28T06:23:39.311+0000] {processor.py:178} INFO - Processing /home/airflow/.local/lib/python3.7/site-packages/airflow/example_dags/example_branch_day_of_week_operator.py took 0.092 seconds
[2024-04-28T06:24:09.425+0000] {processor.py:156} INFO - Started process (PID=4481) to work on /home/airflow/.local/lib/python3.7/site-packages/airflow/example_dags/example_branch_day_of_week_operator.py
[2024-04-28T06:24:09.426+0000] {processor.py:758} INFO - Processing file /home/airflow/.local/lib/python3.7/site-packages/airflow/example_dags/example_branch_day_of_week_operator.py for tasks to queue
[2024-04-28T06:24:09.427+0000] {logging_mixin.py:117} INFO - [2024-04-28T06:24:09.426+0000] {dagbag.py:525} INFO - Filling up the DagBag from /home/airflow/.local/lib/python3.7/site-packages/airflow/example_dags/example_branch_day_of_week_operator.py
[2024-04-28T06:24:09.441+0000] {processor.py:768} INFO - DAG(s) dict_keys(['example_weekday_branch_operator']) retrieved from /home/airflow/.local/lib/python3.7/site-packages/airflow/example_dags/example_branch_day_of_week_operator.py
[2024-04-28T06:24:09.474+0000] {logging_mixin.py:117} INFO - [2024-04-28T06:24:09.474+0000] {dag.py:2573} INFO - Sync 1 DAGs
[2024-04-28T06:24:09.495+0000] {logging_mixin.py:117} INFO - [2024-04-28T06:24:09.494+0000] {dag.py:3328} INFO - Setting next_dagrun for example_weekday_branch_operator to 2024-04-27T00:00:00+00:00, run_after=2024-04-28T00:00:00+00:00
[2024-04-28T06:24:09.515+0000] {processor.py:178} INFO - Processing /home/airflow/.local/lib/python3.7/site-packages/airflow/example_dags/example_branch_day_of_week_operator.py took 0.092 seconds
[2024-04-28T06:24:39.653+0000] {processor.py:156} INFO - Started process (PID=4699) to work on /home/airflow/.local/lib/python3.7/site-packages/airflow/example_dags/example_branch_day_of_week_operator.py
[2024-04-28T06:24:39.653+0000] {processor.py:758} INFO - Processing file /home/airflow/.local/lib/python3.7/site-packages/airflow/example_dags/example_branch_day_of_week_operator.py for tasks to queue
[2024-04-28T06:24:39.654+0000] {logging_mixin.py:117} INFO - [2024-04-28T06:24:39.654+0000] {dagbag.py:525} INFO - Filling up the DagBag from /home/airflow/.local/lib/python3.7/site-packages/airflow/example_dags/example_branch_day_of_week_operator.py
[2024-04-28T06:24:39.667+0000] {processor.py:768} INFO - DAG(s) dict_keys(['example_weekday_branch_operator']) retrieved from /home/airflow/.local/lib/python3.7/site-packages/airflow/example_dags/example_branch_day_of_week_operator.py
[2024-04-28T06:24:39.699+0000] {logging_mixin.py:117} INFO - [2024-04-28T06:24:39.699+0000] {dag.py:2573} INFO - Sync 1 DAGs
[2024-04-28T06:24:39.719+0000] {logging_mixin.py:117} INFO - [2024-04-28T06:24:39.719+0000] {dag.py:3328} INFO - Setting next_dagrun for example_weekday_branch_operator to 2024-04-27T00:00:00+00:00, run_after=2024-04-28T00:00:00+00:00
[2024-04-28T06:24:39.741+0000] {processor.py:178} INFO - Processing /home/airflow/.local/lib/python3.7/site-packages/airflow/example_dags/example_branch_day_of_week_operator.py took 0.091 seconds
[2024-04-28T06:25:09.831+0000] {processor.py:156} INFO - Started process (PID=4906) to work on /home/airflow/.local/lib/python3.7/site-packages/airflow/example_dags/example_branch_day_of_week_operator.py
[2024-04-28T06:25:09.832+0000] {processor.py:758} INFO - Processing file /home/airflow/.local/lib/python3.7/site-packages/airflow/example_dags/example_branch_day_of_week_operator.py for tasks to queue
[2024-04-28T06:25:09.833+0000] {logging_mixin.py:117} INFO - [2024-04-28T06:25:09.833+0000] {dagbag.py:525} INFO - Filling up the DagBag from /home/airflow/.local/lib/python3.7/site-packages/airflow/example_dags/example_branch_day_of_week_operator.py
[2024-04-28T06:25:09.852+0000] {processor.py:768} INFO - DAG(s) dict_keys(['example_weekday_branch_operator']) retrieved from /home/airflow/.local/lib/python3.7/site-packages/airflow/example_dags/example_branch_day_of_week_operator.py
[2024-04-28T06:25:09.901+0000] {logging_mixin.py:117} INFO - [2024-04-28T06:25:09.901+0000] {dag.py:2573} INFO - Sync 1 DAGs
[2024-04-28T06:25:09.946+0000] {logging_mixin.py:117} INFO - [2024-04-28T06:25:09.946+0000] {dag.py:3328} INFO - Setting next_dagrun for example_weekday_branch_operator to 2024-04-27T00:00:00+00:00, run_after=2024-04-28T00:00:00+00:00
[2024-04-28T06:25:10.025+0000] {processor.py:178} INFO - Processing /home/airflow/.local/lib/python3.7/site-packages/airflow/example_dags/example_branch_day_of_week_operator.py took 0.197 seconds
[2024-04-28T06:25:40.137+0000] {processor.py:156} INFO - Started process (PID=5126) to work on /home/airflow/.local/lib/python3.7/site-packages/airflow/example_dags/example_branch_day_of_week_operator.py
[2024-04-28T06:25:40.138+0000] {processor.py:758} INFO - Processing file /home/airflow/.local/lib/python3.7/site-packages/airflow/example_dags/example_branch_day_of_week_operator.py for tasks to queue
[2024-04-28T06:25:40.138+0000] {logging_mixin.py:117} INFO - [2024-04-28T06:25:40.138+0000] {dagbag.py:525} INFO - Filling up the DagBag from /home/airflow/.local/lib/python3.7/site-packages/airflow/example_dags/example_branch_day_of_week_operator.py
[2024-04-28T06:25:40.153+0000] {processor.py:768} INFO - DAG(s) dict_keys(['example_weekday_branch_operator']) retrieved from /home/airflow/.local/lib/python3.7/site-packages/airflow/example_dags/example_branch_day_of_week_operator.py
[2024-04-28T06:25:40.185+0000] {logging_mixin.py:117} INFO - [2024-04-28T06:25:40.185+0000] {dag.py:2573} INFO - Sync 1 DAGs
[2024-04-28T06:25:40.206+0000] {logging_mixin.py:117} INFO - [2024-04-28T06:25:40.206+0000] {dag.py:3328} INFO - Setting next_dagrun for example_weekday_branch_operator to 2024-04-27T00:00:00+00:00, run_after=2024-04-28T00:00:00+00:00
[2024-04-28T06:25:40.227+0000] {processor.py:178} INFO - Processing /home/airflow/.local/lib/python3.7/site-packages/airflow/example_dags/example_branch_day_of_week_operator.py took 0.093 seconds
[2024-04-28T06:26:10.527+0000] {processor.py:156} INFO - Started process (PID=5344) to work on /home/airflow/.local/lib/python3.7/site-packages/airflow/example_dags/example_branch_day_of_week_operator.py
[2024-04-28T06:26:10.528+0000] {processor.py:758} INFO - Processing file /home/airflow/.local/lib/python3.7/site-packages/airflow/example_dags/example_branch_day_of_week_operator.py for tasks to queue
[2024-04-28T06:26:10.528+0000] {logging_mixin.py:117} INFO - [2024-04-28T06:26:10.528+0000] {dagbag.py:525} INFO - Filling up the DagBag from /home/airflow/.local/lib/python3.7/site-packages/airflow/example_dags/example_branch_day_of_week_operator.py
[2024-04-28T06:26:10.542+0000] {processor.py:768} INFO - DAG(s) dict_keys(['example_weekday_branch_operator']) retrieved from /home/airflow/.local/lib/python3.7/site-packages/airflow/example_dags/example_branch_day_of_week_operator.py
[2024-04-28T06:26:10.574+0000] {logging_mixin.py:117} INFO - [2024-04-28T06:26:10.574+0000] {dag.py:2573} INFO - Sync 1 DAGs
[2024-04-28T06:26:10.594+0000] {logging_mixin.py:117} INFO - [2024-04-28T06:26:10.594+0000] {dag.py:3328} INFO - Setting next_dagrun for example_weekday_branch_operator to 2024-04-27T00:00:00+00:00, run_after=2024-04-28T00:00:00+00:00
[2024-04-28T06:26:10.614+0000] {processor.py:178} INFO - Processing /home/airflow/.local/lib/python3.7/site-packages/airflow/example_dags/example_branch_day_of_week_operator.py took 0.089 seconds
[2024-04-28T06:26:41.508+0000] {processor.py:156} INFO - Started process (PID=5551) to work on /home/airflow/.local/lib/python3.7/site-packages/airflow/example_dags/example_branch_day_of_week_operator.py
[2024-04-28T06:26:41.509+0000] {processor.py:758} INFO - Processing file /home/airflow/.local/lib/python3.7/site-packages/airflow/example_dags/example_branch_day_of_week_operator.py for tasks to queue
[2024-04-28T06:26:41.510+0000] {logging_mixin.py:117} INFO - [2024-04-28T06:26:41.510+0000] {dagbag.py:525} INFO - Filling up the DagBag from /home/airflow/.local/lib/python3.7/site-packages/airflow/example_dags/example_branch_day_of_week_operator.py
[2024-04-28T06:26:41.529+0000] {processor.py:768} INFO - DAG(s) dict_keys(['example_weekday_branch_operator']) retrieved from /home/airflow/.local/lib/python3.7/site-packages/airflow/example_dags/example_branch_day_of_week_operator.py
[2024-04-28T06:26:41.573+0000] {logging_mixin.py:117} INFO - [2024-04-28T06:26:41.573+0000] {dag.py:2573} INFO - Sync 1 DAGs
[2024-04-28T06:26:41.606+0000] {logging_mixin.py:117} INFO - [2024-04-28T06:26:41.606+0000] {dag.py:3328} INFO - Setting next_dagrun for example_weekday_branch_operator to 2024-04-27T00:00:00+00:00, run_after=2024-04-28T00:00:00+00:00
[2024-04-28T06:26:41.636+0000] {processor.py:178} INFO - Processing /home/airflow/.local/lib/python3.7/site-packages/airflow/example_dags/example_branch_day_of_week_operator.py took 0.131 seconds
[2024-04-28T06:27:12.545+0000] {processor.py:156} INFO - Started process (PID=5770) to work on /home/airflow/.local/lib/python3.7/site-packages/airflow/example_dags/example_branch_day_of_week_operator.py
[2024-04-28T06:27:12.546+0000] {processor.py:758} INFO - Processing file /home/airflow/.local/lib/python3.7/site-packages/airflow/example_dags/example_branch_day_of_week_operator.py for tasks to queue
[2024-04-28T06:27:12.547+0000] {logging_mixin.py:117} INFO - [2024-04-28T06:27:12.546+0000] {dagbag.py:525} INFO - Filling up the DagBag from /home/airflow/.local/lib/python3.7/site-packages/airflow/example_dags/example_branch_day_of_week_operator.py
[2024-04-28T06:27:12.568+0000] {processor.py:768} INFO - DAG(s) dict_keys(['example_weekday_branch_operator']) retrieved from /home/airflow/.local/lib/python3.7/site-packages/airflow/example_dags/example_branch_day_of_week_operator.py
[2024-04-28T06:27:12.681+0000] {logging_mixin.py:117} INFO - [2024-04-28T06:27:12.681+0000] {dag.py:2573} INFO - Sync 1 DAGs
[2024-04-28T06:27:12.747+0000] {logging_mixin.py:117} INFO - [2024-04-28T06:27:12.747+0000] {dag.py:3328} INFO - Setting next_dagrun for example_weekday_branch_operator to 2024-04-27T00:00:00+00:00, run_after=2024-04-28T00:00:00+00:00
[2024-04-28T06:27:12.799+0000] {processor.py:178} INFO - Processing /home/airflow/.local/lib/python3.7/site-packages/airflow/example_dags/example_branch_day_of_week_operator.py took 0.259 seconds
[2024-04-28T06:27:43.119+0000] {processor.py:156} INFO - Started process (PID=5990) to work on /home/airflow/.local/lib/python3.7/site-packages/airflow/example_dags/example_branch_day_of_week_operator.py
[2024-04-28T06:27:43.120+0000] {processor.py:758} INFO - Processing file /home/airflow/.local/lib/python3.7/site-packages/airflow/example_dags/example_branch_day_of_week_operator.py for tasks to queue
[2024-04-28T06:27:43.120+0000] {logging_mixin.py:117} INFO - [2024-04-28T06:27:43.120+0000] {dagbag.py:525} INFO - Filling up the DagBag from /home/airflow/.local/lib/python3.7/site-packages/airflow/example_dags/example_branch_day_of_week_operator.py
[2024-04-28T06:27:43.175+0000] {processor.py:768} INFO - DAG(s) dict_keys(['example_weekday_branch_operator']) retrieved from /home/airflow/.local/lib/python3.7/site-packages/airflow/example_dags/example_branch_day_of_week_operator.py
[2024-04-28T06:27:43.296+0000] {logging_mixin.py:117} INFO - [2024-04-28T06:27:43.296+0000] {dag.py:2573} INFO - Sync 1 DAGs
[2024-04-28T06:27:43.374+0000] {logging_mixin.py:117} INFO - [2024-04-28T06:27:43.373+0000] {dag.py:3328} INFO - Setting next_dagrun for example_weekday_branch_operator to 2024-04-27T00:00:00+00:00, run_after=2024-04-28T00:00:00+00:00
[2024-04-28T06:27:43.405+0000] {processor.py:178} INFO - Processing /home/airflow/.local/lib/python3.7/site-packages/airflow/example_dags/example_branch_day_of_week_operator.py took 0.289 seconds
[2024-04-28T06:28:14.074+0000] {processor.py:156} INFO - Started process (PID=6203) to work on /home/airflow/.local/lib/python3.7/site-packages/airflow/example_dags/example_branch_day_of_week_operator.py
[2024-04-28T06:28:14.083+0000] {processor.py:758} INFO - Processing file /home/airflow/.local/lib/python3.7/site-packages/airflow/example_dags/example_branch_day_of_week_operator.py for tasks to queue
[2024-04-28T06:28:14.083+0000] {logging_mixin.py:117} INFO - [2024-04-28T06:28:14.083+0000] {dagbag.py:525} INFO - Filling up the DagBag from /home/airflow/.local/lib/python3.7/site-packages/airflow/example_dags/example_branch_day_of_week_operator.py
[2024-04-28T06:28:14.114+0000] {processor.py:768} INFO - DAG(s) dict_keys(['example_weekday_branch_operator']) retrieved from /home/airflow/.local/lib/python3.7/site-packages/airflow/example_dags/example_branch_day_of_week_operator.py
[2024-04-28T06:28:14.199+0000] {logging_mixin.py:117} INFO - [2024-04-28T06:28:14.199+0000] {dag.py:2573} INFO - Sync 1 DAGs
[2024-04-28T06:28:14.289+0000] {logging_mixin.py:117} INFO - [2024-04-28T06:28:14.289+0000] {dag.py:3328} INFO - Setting next_dagrun for example_weekday_branch_operator to 2024-04-27T00:00:00+00:00, run_after=2024-04-28T00:00:00+00:00
[2024-04-28T06:28:14.328+0000] {processor.py:178} INFO - Processing /home/airflow/.local/lib/python3.7/site-packages/airflow/example_dags/example_branch_day_of_week_operator.py took 0.258 seconds
[2024-04-28T06:28:44.707+0000] {processor.py:156} INFO - Started process (PID=6414) to work on /home/airflow/.local/lib/python3.7/site-packages/airflow/example_dags/example_branch_day_of_week_operator.py
[2024-04-28T06:28:44.714+0000] {processor.py:758} INFO - Processing file /home/airflow/.local/lib/python3.7/site-packages/airflow/example_dags/example_branch_day_of_week_operator.py for tasks to queue
[2024-04-28T06:28:44.715+0000] {logging_mixin.py:117} INFO - [2024-04-28T06:28:44.715+0000] {dagbag.py:525} INFO - Filling up the DagBag from /home/airflow/.local/lib/python3.7/site-packages/airflow/example_dags/example_branch_day_of_week_operator.py
[2024-04-28T06:28:44.776+0000] {processor.py:768} INFO - DAG(s) dict_keys(['example_weekday_branch_operator']) retrieved from /home/airflow/.local/lib/python3.7/site-packages/airflow/example_dags/example_branch_day_of_week_operator.py
[2024-04-28T06:28:44.850+0000] {logging_mixin.py:117} INFO - [2024-04-28T06:28:44.850+0000] {dag.py:2573} INFO - Sync 1 DAGs
[2024-04-28T06:28:44.884+0000] {logging_mixin.py:117} INFO - [2024-04-28T06:28:44.884+0000] {dag.py:3328} INFO - Setting next_dagrun for example_weekday_branch_operator to 2024-04-27T00:00:00+00:00, run_after=2024-04-28T00:00:00+00:00
[2024-04-28T06:28:44.922+0000] {processor.py:178} INFO - Processing /home/airflow/.local/lib/python3.7/site-packages/airflow/example_dags/example_branch_day_of_week_operator.py took 0.240 seconds
[2024-04-28T06:29:15.206+0000] {processor.py:156} INFO - Started process (PID=6635) to work on /home/airflow/.local/lib/python3.7/site-packages/airflow/example_dags/example_branch_day_of_week_operator.py
[2024-04-28T06:29:15.207+0000] {processor.py:758} INFO - Processing file /home/airflow/.local/lib/python3.7/site-packages/airflow/example_dags/example_branch_day_of_week_operator.py for tasks to queue
[2024-04-28T06:29:15.208+0000] {logging_mixin.py:117} INFO - [2024-04-28T06:29:15.208+0000] {dagbag.py:525} INFO - Filling up the DagBag from /home/airflow/.local/lib/python3.7/site-packages/airflow/example_dags/example_branch_day_of_week_operator.py
[2024-04-28T06:29:15.232+0000] {processor.py:768} INFO - DAG(s) dict_keys(['example_weekday_branch_operator']) retrieved from /home/airflow/.local/lib/python3.7/site-packages/airflow/example_dags/example_branch_day_of_week_operator.py
[2024-04-28T06:29:15.278+0000] {logging_mixin.py:117} INFO - [2024-04-28T06:29:15.278+0000] {dag.py:2573} INFO - Sync 1 DAGs
[2024-04-28T06:29:15.299+0000] {logging_mixin.py:117} INFO - [2024-04-28T06:29:15.299+0000] {dag.py:3328} INFO - Setting next_dagrun for example_weekday_branch_operator to 2024-04-27T00:00:00+00:00, run_after=2024-04-28T00:00:00+00:00
[2024-04-28T06:29:15.318+0000] {processor.py:178} INFO - Processing /home/airflow/.local/lib/python3.7/site-packages/airflow/example_dags/example_branch_day_of_week_operator.py took 0.115 seconds
[2024-04-28T06:29:46.400+0000] {processor.py:156} INFO - Started process (PID=6842) to work on /home/airflow/.local/lib/python3.7/site-packages/airflow/example_dags/example_branch_day_of_week_operator.py
[2024-04-28T06:29:46.400+0000] {processor.py:758} INFO - Processing file /home/airflow/.local/lib/python3.7/site-packages/airflow/example_dags/example_branch_day_of_week_operator.py for tasks to queue
[2024-04-28T06:29:46.401+0000] {logging_mixin.py:117} INFO - [2024-04-28T06:29:46.401+0000] {dagbag.py:525} INFO - Filling up the DagBag from /home/airflow/.local/lib/python3.7/site-packages/airflow/example_dags/example_branch_day_of_week_operator.py
[2024-04-28T06:29:46.421+0000] {processor.py:768} INFO - DAG(s) dict_keys(['example_weekday_branch_operator']) retrieved from /home/airflow/.local/lib/python3.7/site-packages/airflow/example_dags/example_branch_day_of_week_operator.py
[2024-04-28T06:29:46.484+0000] {logging_mixin.py:117} INFO - [2024-04-28T06:29:46.483+0000] {dag.py:2573} INFO - Sync 1 DAGs
[2024-04-28T06:29:46.521+0000] {logging_mixin.py:117} INFO - [2024-04-28T06:29:46.521+0000] {dag.py:3328} INFO - Setting next_dagrun for example_weekday_branch_operator to 2024-04-27T00:00:00+00:00, run_after=2024-04-28T00:00:00+00:00
[2024-04-28T06:29:46.546+0000] {processor.py:178} INFO - Processing /home/airflow/.local/lib/python3.7/site-packages/airflow/example_dags/example_branch_day_of_week_operator.py took 0.150 seconds
[2024-04-28T06:30:16.757+0000] {processor.py:156} INFO - Started process (PID=7063) to work on /home/airflow/.local/lib/python3.7/site-packages/airflow/example_dags/example_branch_day_of_week_operator.py
[2024-04-28T06:30:16.758+0000] {processor.py:758} INFO - Processing file /home/airflow/.local/lib/python3.7/site-packages/airflow/example_dags/example_branch_day_of_week_operator.py for tasks to queue
[2024-04-28T06:30:16.759+0000] {logging_mixin.py:117} INFO - [2024-04-28T06:30:16.759+0000] {dagbag.py:525} INFO - Filling up the DagBag from /home/airflow/.local/lib/python3.7/site-packages/airflow/example_dags/example_branch_day_of_week_operator.py
[2024-04-28T06:30:16.774+0000] {processor.py:768} INFO - DAG(s) dict_keys(['example_weekday_branch_operator']) retrieved from /home/airflow/.local/lib/python3.7/site-packages/airflow/example_dags/example_branch_day_of_week_operator.py
[2024-04-28T06:30:16.808+0000] {logging_mixin.py:117} INFO - [2024-04-28T06:30:16.808+0000] {dag.py:2573} INFO - Sync 1 DAGs
[2024-04-28T06:30:16.832+0000] {logging_mixin.py:117} INFO - [2024-04-28T06:30:16.832+0000] {dag.py:3328} INFO - Setting next_dagrun for example_weekday_branch_operator to 2024-04-27T00:00:00+00:00, run_after=2024-04-28T00:00:00+00:00
[2024-04-28T06:30:16.857+0000] {processor.py:178} INFO - Processing /home/airflow/.local/lib/python3.7/site-packages/airflow/example_dags/example_branch_day_of_week_operator.py took 0.103 seconds
[2024-04-28T06:30:47.564+0000] {processor.py:156} INFO - Started process (PID=7282) to work on /home/airflow/.local/lib/python3.7/site-packages/airflow/example_dags/example_branch_day_of_week_operator.py
[2024-04-28T06:30:47.564+0000] {processor.py:758} INFO - Processing file /home/airflow/.local/lib/python3.7/site-packages/airflow/example_dags/example_branch_day_of_week_operator.py for tasks to queue
[2024-04-28T06:30:47.565+0000] {logging_mixin.py:117} INFO - [2024-04-28T06:30:47.565+0000] {dagbag.py:525} INFO - Filling up the DagBag from /home/airflow/.local/lib/python3.7/site-packages/airflow/example_dags/example_branch_day_of_week_operator.py
[2024-04-28T06:30:47.586+0000] {processor.py:768} INFO - DAG(s) dict_keys(['example_weekday_branch_operator']) retrieved from /home/airflow/.local/lib/python3.7/site-packages/airflow/example_dags/example_branch_day_of_week_operator.py
[2024-04-28T06:30:47.632+0000] {logging_mixin.py:117} INFO - [2024-04-28T06:30:47.631+0000] {dag.py:2573} INFO - Sync 1 DAGs
[2024-04-28T06:30:47.669+0000] {logging_mixin.py:117} INFO - [2024-04-28T06:30:47.668+0000] {dag.py:3328} INFO - Setting next_dagrun for example_weekday_branch_operator to 2024-04-27T00:00:00+00:00, run_after=2024-04-28T00:00:00+00:00
[2024-04-28T06:30:47.696+0000] {processor.py:178} INFO - Processing /home/airflow/.local/lib/python3.7/site-packages/airflow/example_dags/example_branch_day_of_week_operator.py took 0.135 seconds
[2024-04-28T06:31:18.074+0000] {processor.py:156} INFO - Started process (PID=7491) to work on /home/airflow/.local/lib/python3.7/site-packages/airflow/example_dags/example_branch_day_of_week_operator.py
[2024-04-28T06:31:18.074+0000] {processor.py:758} INFO - Processing file /home/airflow/.local/lib/python3.7/site-packages/airflow/example_dags/example_branch_day_of_week_operator.py for tasks to queue
[2024-04-28T06:31:18.075+0000] {logging_mixin.py:117} INFO - [2024-04-28T06:31:18.075+0000] {dagbag.py:525} INFO - Filling up the DagBag from /home/airflow/.local/lib/python3.7/site-packages/airflow/example_dags/example_branch_day_of_week_operator.py
[2024-04-28T06:31:18.095+0000] {processor.py:768} INFO - DAG(s) dict_keys(['example_weekday_branch_operator']) retrieved from /home/airflow/.local/lib/python3.7/site-packages/airflow/example_dags/example_branch_day_of_week_operator.py
[2024-04-28T06:31:18.143+0000] {logging_mixin.py:117} INFO - [2024-04-28T06:31:18.143+0000] {dag.py:2573} INFO - Sync 1 DAGs
[2024-04-28T06:31:18.179+0000] {logging_mixin.py:117} INFO - [2024-04-28T06:31:18.179+0000] {dag.py:3328} INFO - Setting next_dagrun for example_weekday_branch_operator to 2024-04-27T00:00:00+00:00, run_after=2024-04-28T00:00:00+00:00
[2024-04-28T06:31:18.205+0000] {processor.py:178} INFO - Processing /home/airflow/.local/lib/python3.7/site-packages/airflow/example_dags/example_branch_day_of_week_operator.py took 0.135 seconds
[2024-04-28T06:31:48.669+0000] {processor.py:156} INFO - Started process (PID=7710) to work on /home/airflow/.local/lib/python3.7/site-packages/airflow/example_dags/example_branch_day_of_week_operator.py
[2024-04-28T06:31:48.670+0000] {processor.py:758} INFO - Processing file /home/airflow/.local/lib/python3.7/site-packages/airflow/example_dags/example_branch_day_of_week_operator.py for tasks to queue
[2024-04-28T06:31:48.671+0000] {logging_mixin.py:117} INFO - [2024-04-28T06:31:48.671+0000] {dagbag.py:525} INFO - Filling up the DagBag from /home/airflow/.local/lib/python3.7/site-packages/airflow/example_dags/example_branch_day_of_week_operator.py
[2024-04-28T06:31:48.692+0000] {processor.py:768} INFO - DAG(s) dict_keys(['example_weekday_branch_operator']) retrieved from /home/airflow/.local/lib/python3.7/site-packages/airflow/example_dags/example_branch_day_of_week_operator.py
[2024-04-28T06:31:48.744+0000] {logging_mixin.py:117} INFO - [2024-04-28T06:31:48.744+0000] {dag.py:2573} INFO - Sync 1 DAGs
[2024-04-28T06:31:48.786+0000] {logging_mixin.py:117} INFO - [2024-04-28T06:31:48.786+0000] {dag.py:3328} INFO - Setting next_dagrun for example_weekday_branch_operator to 2024-04-27T00:00:00+00:00, run_after=2024-04-28T00:00:00+00:00
[2024-04-28T06:31:48.817+0000] {processor.py:178} INFO - Processing /home/airflow/.local/lib/python3.7/site-packages/airflow/example_dags/example_branch_day_of_week_operator.py took 0.150 seconds
[2024-04-28T06:32:18.941+0000] {processor.py:156} INFO - Started process (PID=7930) to work on /home/airflow/.local/lib/python3.7/site-packages/airflow/example_dags/example_branch_day_of_week_operator.py
[2024-04-28T06:32:18.942+0000] {processor.py:758} INFO - Processing file /home/airflow/.local/lib/python3.7/site-packages/airflow/example_dags/example_branch_day_of_week_operator.py for tasks to queue
[2024-04-28T06:32:18.943+0000] {logging_mixin.py:117} INFO - [2024-04-28T06:32:18.943+0000] {dagbag.py:525} INFO - Filling up the DagBag from /home/airflow/.local/lib/python3.7/site-packages/airflow/example_dags/example_branch_day_of_week_operator.py
[2024-04-28T06:32:18.963+0000] {processor.py:768} INFO - DAG(s) dict_keys(['example_weekday_branch_operator']) retrieved from /home/airflow/.local/lib/python3.7/site-packages/airflow/example_dags/example_branch_day_of_week_operator.py
[2024-04-28T06:32:19.012+0000] {logging_mixin.py:117} INFO - [2024-04-28T06:32:19.012+0000] {dag.py:2573} INFO - Sync 1 DAGs
[2024-04-28T06:32:19.068+0000] {logging_mixin.py:117} INFO - [2024-04-28T06:32:19.068+0000] {dag.py:3328} INFO - Setting next_dagrun for example_weekday_branch_operator to 2024-04-27T00:00:00+00:00, run_after=2024-04-28T00:00:00+00:00
[2024-04-28T06:32:19.100+0000] {processor.py:178} INFO - Processing /home/airflow/.local/lib/python3.7/site-packages/airflow/example_dags/example_branch_day_of_week_operator.py took 0.162 seconds
[2024-04-28T06:32:49.902+0000] {processor.py:156} INFO - Started process (PID=8147) to work on /home/airflow/.local/lib/python3.7/site-packages/airflow/example_dags/example_branch_day_of_week_operator.py
[2024-04-28T06:32:49.903+0000] {processor.py:758} INFO - Processing file /home/airflow/.local/lib/python3.7/site-packages/airflow/example_dags/example_branch_day_of_week_operator.py for tasks to queue
[2024-04-28T06:32:49.904+0000] {logging_mixin.py:117} INFO - [2024-04-28T06:32:49.904+0000] {dagbag.py:525} INFO - Filling up the DagBag from /home/airflow/.local/lib/python3.7/site-packages/airflow/example_dags/example_branch_day_of_week_operator.py
[2024-04-28T06:32:49.925+0000] {processor.py:768} INFO - DAG(s) dict_keys(['example_weekday_branch_operator']) retrieved from /home/airflow/.local/lib/python3.7/site-packages/airflow/example_dags/example_branch_day_of_week_operator.py
[2024-04-28T06:32:49.973+0000] {logging_mixin.py:117} INFO - [2024-04-28T06:32:49.973+0000] {dag.py:2573} INFO - Sync 1 DAGs
[2024-04-28T06:32:50.011+0000] {logging_mixin.py:117} INFO - [2024-04-28T06:32:50.011+0000] {dag.py:3328} INFO - Setting next_dagrun for example_weekday_branch_operator to 2024-04-27T00:00:00+00:00, run_after=2024-04-28T00:00:00+00:00
[2024-04-28T06:32:50.042+0000] {processor.py:178} INFO - Processing /home/airflow/.local/lib/python3.7/site-packages/airflow/example_dags/example_branch_day_of_week_operator.py took 0.144 seconds
[2024-04-28T06:33:20.090+0000] {processor.py:156} INFO - Started process (PID=8353) to work on /home/airflow/.local/lib/python3.7/site-packages/airflow/example_dags/example_branch_day_of_week_operator.py
[2024-04-28T06:33:20.091+0000] {processor.py:758} INFO - Processing file /home/airflow/.local/lib/python3.7/site-packages/airflow/example_dags/example_branch_day_of_week_operator.py for tasks to queue
[2024-04-28T06:33:20.091+0000] {logging_mixin.py:117} INFO - [2024-04-28T06:33:20.091+0000] {dagbag.py:525} INFO - Filling up the DagBag from /home/airflow/.local/lib/python3.7/site-packages/airflow/example_dags/example_branch_day_of_week_operator.py
[2024-04-28T06:33:20.113+0000] {processor.py:768} INFO - DAG(s) dict_keys(['example_weekday_branch_operator']) retrieved from /home/airflow/.local/lib/python3.7/site-packages/airflow/example_dags/example_branch_day_of_week_operator.py
[2024-04-28T06:33:20.148+0000] {logging_mixin.py:117} INFO - [2024-04-28T06:33:20.148+0000] {dag.py:2573} INFO - Sync 1 DAGs
[2024-04-28T06:33:20.170+0000] {logging_mixin.py:117} INFO - [2024-04-28T06:33:20.170+0000] {dag.py:3328} INFO - Setting next_dagrun for example_weekday_branch_operator to 2024-04-27T00:00:00+00:00, run_after=2024-04-28T00:00:00+00:00
[2024-04-28T06:33:20.190+0000] {processor.py:178} INFO - Processing /home/airflow/.local/lib/python3.7/site-packages/airflow/example_dags/example_branch_day_of_week_operator.py took 0.104 seconds
[2024-04-28T06:33:51.182+0000] {processor.py:156} INFO - Started process (PID=8576) to work on /home/airflow/.local/lib/python3.7/site-packages/airflow/example_dags/example_branch_day_of_week_operator.py
[2024-04-28T06:33:51.182+0000] {processor.py:758} INFO - Processing file /home/airflow/.local/lib/python3.7/site-packages/airflow/example_dags/example_branch_day_of_week_operator.py for tasks to queue
[2024-04-28T06:33:51.183+0000] {logging_mixin.py:117} INFO - [2024-04-28T06:33:51.183+0000] {dagbag.py:525} INFO - Filling up the DagBag from /home/airflow/.local/lib/python3.7/site-packages/airflow/example_dags/example_branch_day_of_week_operator.py
[2024-04-28T06:33:51.200+0000] {processor.py:768} INFO - DAG(s) dict_keys(['example_weekday_branch_operator']) retrieved from /home/airflow/.local/lib/python3.7/site-packages/airflow/example_dags/example_branch_day_of_week_operator.py
[2024-04-28T06:33:51.240+0000] {logging_mixin.py:117} INFO - [2024-04-28T06:33:51.240+0000] {dag.py:2573} INFO - Sync 1 DAGs
[2024-04-28T06:33:51.261+0000] {logging_mixin.py:117} INFO - [2024-04-28T06:33:51.261+0000] {dag.py:3328} INFO - Setting next_dagrun for example_weekday_branch_operator to 2024-04-27T00:00:00+00:00, run_after=2024-04-28T00:00:00+00:00
[2024-04-28T06:33:51.282+0000] {processor.py:178} INFO - Processing /home/airflow/.local/lib/python3.7/site-packages/airflow/example_dags/example_branch_day_of_week_operator.py took 0.102 seconds
[2024-04-28T06:34:22.137+0000] {processor.py:156} INFO - Started process (PID=8794) to work on /home/airflow/.local/lib/python3.7/site-packages/airflow/example_dags/example_branch_day_of_week_operator.py
[2024-04-28T06:34:22.137+0000] {processor.py:758} INFO - Processing file /home/airflow/.local/lib/python3.7/site-packages/airflow/example_dags/example_branch_day_of_week_operator.py for tasks to queue
[2024-04-28T06:34:22.138+0000] {logging_mixin.py:117} INFO - [2024-04-28T06:34:22.138+0000] {dagbag.py:525} INFO - Filling up the DagBag from /home/airflow/.local/lib/python3.7/site-packages/airflow/example_dags/example_branch_day_of_week_operator.py
[2024-04-28T06:34:22.160+0000] {processor.py:768} INFO - DAG(s) dict_keys(['example_weekday_branch_operator']) retrieved from /home/airflow/.local/lib/python3.7/site-packages/airflow/example_dags/example_branch_day_of_week_operator.py
[2024-04-28T06:34:22.206+0000] {logging_mixin.py:117} INFO - [2024-04-28T06:34:22.205+0000] {dag.py:2573} INFO - Sync 1 DAGs
[2024-04-28T06:34:22.240+0000] {logging_mixin.py:117} INFO - [2024-04-28T06:34:22.240+0000] {dag.py:3328} INFO - Setting next_dagrun for example_weekday_branch_operator to 2024-04-27T00:00:00+00:00, run_after=2024-04-28T00:00:00+00:00
[2024-04-28T06:34:22.268+0000] {processor.py:178} INFO - Processing /home/airflow/.local/lib/python3.7/site-packages/airflow/example_dags/example_branch_day_of_week_operator.py took 0.135 seconds
[2024-04-28T06:34:53.126+0000] {processor.py:156} INFO - Started process (PID=9002) to work on /home/airflow/.local/lib/python3.7/site-packages/airflow/example_dags/example_branch_day_of_week_operator.py
[2024-04-28T06:34:53.126+0000] {processor.py:758} INFO - Processing file /home/airflow/.local/lib/python3.7/site-packages/airflow/example_dags/example_branch_day_of_week_operator.py for tasks to queue
[2024-04-28T06:34:53.127+0000] {logging_mixin.py:117} INFO - [2024-04-28T06:34:53.127+0000] {dagbag.py:525} INFO - Filling up the DagBag from /home/airflow/.local/lib/python3.7/site-packages/airflow/example_dags/example_branch_day_of_week_operator.py
[2024-04-28T06:34:53.143+0000] {processor.py:768} INFO - DAG(s) dict_keys(['example_weekday_branch_operator']) retrieved from /home/airflow/.local/lib/python3.7/site-packages/airflow/example_dags/example_branch_day_of_week_operator.py
[2024-04-28T06:34:53.177+0000] {logging_mixin.py:117} INFO - [2024-04-28T06:34:53.177+0000] {dag.py:2573} INFO - Sync 1 DAGs
[2024-04-28T06:34:53.204+0000] {logging_mixin.py:117} INFO - [2024-04-28T06:34:53.204+0000] {dag.py:3328} INFO - Setting next_dagrun for example_weekday_branch_operator to 2024-04-27T00:00:00+00:00, run_after=2024-04-28T00:00:00+00:00
[2024-04-28T06:34:53.227+0000] {processor.py:178} INFO - Processing /home/airflow/.local/lib/python3.7/site-packages/airflow/example_dags/example_branch_day_of_week_operator.py took 0.105 seconds
[2024-04-28T06:35:24.173+0000] {processor.py:156} INFO - Started process (PID=9221) to work on /home/airflow/.local/lib/python3.7/site-packages/airflow/example_dags/example_branch_day_of_week_operator.py
[2024-04-28T06:35:24.173+0000] {processor.py:758} INFO - Processing file /home/airflow/.local/lib/python3.7/site-packages/airflow/example_dags/example_branch_day_of_week_operator.py for tasks to queue
[2024-04-28T06:35:24.174+0000] {logging_mixin.py:117} INFO - [2024-04-28T06:35:24.174+0000] {dagbag.py:525} INFO - Filling up the DagBag from /home/airflow/.local/lib/python3.7/site-packages/airflow/example_dags/example_branch_day_of_week_operator.py
[2024-04-28T06:35:24.188+0000] {processor.py:768} INFO - DAG(s) dict_keys(['example_weekday_branch_operator']) retrieved from /home/airflow/.local/lib/python3.7/site-packages/airflow/example_dags/example_branch_day_of_week_operator.py
[2024-04-28T06:35:24.220+0000] {logging_mixin.py:117} INFO - [2024-04-28T06:35:24.220+0000] {dag.py:2573} INFO - Sync 1 DAGs
[2024-04-28T06:35:24.242+0000] {logging_mixin.py:117} INFO - [2024-04-28T06:35:24.241+0000] {dag.py:3328} INFO - Setting next_dagrun for example_weekday_branch_operator to 2024-04-27T00:00:00+00:00, run_after=2024-04-28T00:00:00+00:00
[2024-04-28T06:35:24.262+0000] {processor.py:178} INFO - Processing /home/airflow/.local/lib/python3.7/site-packages/airflow/example_dags/example_branch_day_of_week_operator.py took 0.092 seconds
[2024-04-28T06:35:54.994+0000] {processor.py:156} INFO - Started process (PID=9440) to work on /home/airflow/.local/lib/python3.7/site-packages/airflow/example_dags/example_branch_day_of_week_operator.py
[2024-04-28T06:35:54.995+0000] {processor.py:758} INFO - Processing file /home/airflow/.local/lib/python3.7/site-packages/airflow/example_dags/example_branch_day_of_week_operator.py for tasks to queue
[2024-04-28T06:35:54.995+0000] {logging_mixin.py:117} INFO - [2024-04-28T06:35:54.995+0000] {dagbag.py:525} INFO - Filling up the DagBag from /home/airflow/.local/lib/python3.7/site-packages/airflow/example_dags/example_branch_day_of_week_operator.py
[2024-04-28T06:35:55.009+0000] {processor.py:768} INFO - DAG(s) dict_keys(['example_weekday_branch_operator']) retrieved from /home/airflow/.local/lib/python3.7/site-packages/airflow/example_dags/example_branch_day_of_week_operator.py
[2024-04-28T06:35:55.041+0000] {logging_mixin.py:117} INFO - [2024-04-28T06:35:55.041+0000] {dag.py:2573} INFO - Sync 1 DAGs
[2024-04-28T06:35:55.061+0000] {logging_mixin.py:117} INFO - [2024-04-28T06:35:55.061+0000] {dag.py:3328} INFO - Setting next_dagrun for example_weekday_branch_operator to 2024-04-27T00:00:00+00:00, run_after=2024-04-28T00:00:00+00:00
[2024-04-28T06:35:55.084+0000] {processor.py:178} INFO - Processing /home/airflow/.local/lib/python3.7/site-packages/airflow/example_dags/example_branch_day_of_week_operator.py took 0.093 seconds
[2024-04-28T06:36:25.514+0000] {processor.py:156} INFO - Started process (PID=9650) to work on /home/airflow/.local/lib/python3.7/site-packages/airflow/example_dags/example_branch_day_of_week_operator.py
[2024-04-28T06:36:25.515+0000] {processor.py:758} INFO - Processing file /home/airflow/.local/lib/python3.7/site-packages/airflow/example_dags/example_branch_day_of_week_operator.py for tasks to queue
[2024-04-28T06:36:25.515+0000] {logging_mixin.py:117} INFO - [2024-04-28T06:36:25.515+0000] {dagbag.py:525} INFO - Filling up the DagBag from /home/airflow/.local/lib/python3.7/site-packages/airflow/example_dags/example_branch_day_of_week_operator.py
[2024-04-28T06:36:25.531+0000] {processor.py:768} INFO - DAG(s) dict_keys(['example_weekday_branch_operator']) retrieved from /home/airflow/.local/lib/python3.7/site-packages/airflow/example_dags/example_branch_day_of_week_operator.py
[2024-04-28T06:36:25.563+0000] {logging_mixin.py:117} INFO - [2024-04-28T06:36:25.562+0000] {dag.py:2573} INFO - Sync 1 DAGs
[2024-04-28T06:36:25.583+0000] {logging_mixin.py:117} INFO - [2024-04-28T06:36:25.583+0000] {dag.py:3328} INFO - Setting next_dagrun for example_weekday_branch_operator to 2024-04-27T00:00:00+00:00, run_after=2024-04-28T00:00:00+00:00
[2024-04-28T06:36:25.603+0000] {processor.py:178} INFO - Processing /home/airflow/.local/lib/python3.7/site-packages/airflow/example_dags/example_branch_day_of_week_operator.py took 0.092 seconds
[2024-04-28T06:36:55.957+0000] {processor.py:156} INFO - Started process (PID=9867) to work on /home/airflow/.local/lib/python3.7/site-packages/airflow/example_dags/example_branch_day_of_week_operator.py
[2024-04-28T06:36:55.958+0000] {processor.py:758} INFO - Processing file /home/airflow/.local/lib/python3.7/site-packages/airflow/example_dags/example_branch_day_of_week_operator.py for tasks to queue
[2024-04-28T06:36:55.959+0000] {logging_mixin.py:117} INFO - [2024-04-28T06:36:55.959+0000] {dagbag.py:525} INFO - Filling up the DagBag from /home/airflow/.local/lib/python3.7/site-packages/airflow/example_dags/example_branch_day_of_week_operator.py
[2024-04-28T06:36:55.980+0000] {processor.py:768} INFO - DAG(s) dict_keys(['example_weekday_branch_operator']) retrieved from /home/airflow/.local/lib/python3.7/site-packages/airflow/example_dags/example_branch_day_of_week_operator.py
[2024-04-28T06:36:56.033+0000] {logging_mixin.py:117} INFO - [2024-04-28T06:36:56.033+0000] {dag.py:2573} INFO - Sync 1 DAGs
[2024-04-28T06:36:56.060+0000] {logging_mixin.py:117} INFO - [2024-04-28T06:36:56.060+0000] {dag.py:3328} INFO - Setting next_dagrun for example_weekday_branch_operator to 2024-04-27T00:00:00+00:00, run_after=2024-04-28T00:00:00+00:00
[2024-04-28T06:36:56.082+0000] {processor.py:178} INFO - Processing /home/airflow/.local/lib/python3.7/site-packages/airflow/example_dags/example_branch_day_of_week_operator.py took 0.128 seconds
[2024-04-28T06:37:26.184+0000] {processor.py:156} INFO - Started process (PID=10086) to work on /home/airflow/.local/lib/python3.7/site-packages/airflow/example_dags/example_branch_day_of_week_operator.py
[2024-04-28T06:37:26.185+0000] {processor.py:758} INFO - Processing file /home/airflow/.local/lib/python3.7/site-packages/airflow/example_dags/example_branch_day_of_week_operator.py for tasks to queue
[2024-04-28T06:37:26.185+0000] {logging_mixin.py:117} INFO - [2024-04-28T06:37:26.185+0000] {dagbag.py:525} INFO - Filling up the DagBag from /home/airflow/.local/lib/python3.7/site-packages/airflow/example_dags/example_branch_day_of_week_operator.py
[2024-04-28T06:37:26.200+0000] {processor.py:768} INFO - DAG(s) dict_keys(['example_weekday_branch_operator']) retrieved from /home/airflow/.local/lib/python3.7/site-packages/airflow/example_dags/example_branch_day_of_week_operator.py
[2024-04-28T06:37:26.232+0000] {logging_mixin.py:117} INFO - [2024-04-28T06:37:26.232+0000] {dag.py:2573} INFO - Sync 1 DAGs
[2024-04-28T06:37:26.253+0000] {logging_mixin.py:117} INFO - [2024-04-28T06:37:26.253+0000] {dag.py:3328} INFO - Setting next_dagrun for example_weekday_branch_operator to 2024-04-27T00:00:00+00:00, run_after=2024-04-28T00:00:00+00:00
[2024-04-28T06:37:26.273+0000] {processor.py:178} INFO - Processing /home/airflow/.local/lib/python3.7/site-packages/airflow/example_dags/example_branch_day_of_week_operator.py took 0.091 seconds
[2024-04-28T06:37:57.089+0000] {processor.py:156} INFO - Started process (PID=10293) to work on /home/airflow/.local/lib/python3.7/site-packages/airflow/example_dags/example_branch_day_of_week_operator.py
[2024-04-28T06:37:57.090+0000] {processor.py:758} INFO - Processing file /home/airflow/.local/lib/python3.7/site-packages/airflow/example_dags/example_branch_day_of_week_operator.py for tasks to queue
[2024-04-28T06:37:57.090+0000] {logging_mixin.py:117} INFO - [2024-04-28T06:37:57.090+0000] {dagbag.py:525} INFO - Filling up the DagBag from /home/airflow/.local/lib/python3.7/site-packages/airflow/example_dags/example_branch_day_of_week_operator.py
[2024-04-28T06:37:57.110+0000] {processor.py:768} INFO - DAG(s) dict_keys(['example_weekday_branch_operator']) retrieved from /home/airflow/.local/lib/python3.7/site-packages/airflow/example_dags/example_branch_day_of_week_operator.py
[2024-04-28T06:37:57.155+0000] {logging_mixin.py:117} INFO - [2024-04-28T06:37:57.154+0000] {dag.py:2573} INFO - Sync 1 DAGs
[2024-04-28T06:37:57.231+0000] {logging_mixin.py:117} INFO - [2024-04-28T06:37:57.230+0000] {dag.py:3328} INFO - Setting next_dagrun for example_weekday_branch_operator to 2024-04-27T00:00:00+00:00, run_after=2024-04-28T00:00:00+00:00
[2024-04-28T06:37:57.279+0000] {processor.py:178} INFO - Processing /home/airflow/.local/lib/python3.7/site-packages/airflow/example_dags/example_branch_day_of_week_operator.py took 0.194 seconds
[2024-04-28T06:38:28.137+0000] {processor.py:156} INFO - Started process (PID=10512) to work on /home/airflow/.local/lib/python3.7/site-packages/airflow/example_dags/example_branch_day_of_week_operator.py
[2024-04-28T06:38:28.138+0000] {processor.py:758} INFO - Processing file /home/airflow/.local/lib/python3.7/site-packages/airflow/example_dags/example_branch_day_of_week_operator.py for tasks to queue
[2024-04-28T06:38:28.139+0000] {logging_mixin.py:117} INFO - [2024-04-28T06:38:28.139+0000] {dagbag.py:525} INFO - Filling up the DagBag from /home/airflow/.local/lib/python3.7/site-packages/airflow/example_dags/example_branch_day_of_week_operator.py
[2024-04-28T06:38:28.159+0000] {processor.py:768} INFO - DAG(s) dict_keys(['example_weekday_branch_operator']) retrieved from /home/airflow/.local/lib/python3.7/site-packages/airflow/example_dags/example_branch_day_of_week_operator.py
[2024-04-28T06:38:28.208+0000] {logging_mixin.py:117} INFO - [2024-04-28T06:38:28.208+0000] {dag.py:2573} INFO - Sync 1 DAGs
[2024-04-28T06:38:28.267+0000] {logging_mixin.py:117} INFO - [2024-04-28T06:38:28.267+0000] {dag.py:3328} INFO - Setting next_dagrun for example_weekday_branch_operator to 2024-04-27T00:00:00+00:00, run_after=2024-04-28T00:00:00+00:00
[2024-04-28T06:38:28.300+0000] {processor.py:178} INFO - Processing /home/airflow/.local/lib/python3.7/site-packages/airflow/example_dags/example_branch_day_of_week_operator.py took 0.166 seconds
[2024-04-28T06:38:59.099+0000] {processor.py:156} INFO - Started process (PID=10730) to work on /home/airflow/.local/lib/python3.7/site-packages/airflow/example_dags/example_branch_day_of_week_operator.py
[2024-04-28T06:38:59.100+0000] {processor.py:758} INFO - Processing file /home/airflow/.local/lib/python3.7/site-packages/airflow/example_dags/example_branch_day_of_week_operator.py for tasks to queue
[2024-04-28T06:38:59.100+0000] {logging_mixin.py:117} INFO - [2024-04-28T06:38:59.100+0000] {dagbag.py:525} INFO - Filling up the DagBag from /home/airflow/.local/lib/python3.7/site-packages/airflow/example_dags/example_branch_day_of_week_operator.py
[2024-04-28T06:38:59.138+0000] {processor.py:768} INFO - DAG(s) dict_keys(['example_weekday_branch_operator']) retrieved from /home/airflow/.local/lib/python3.7/site-packages/airflow/example_dags/example_branch_day_of_week_operator.py
[2024-04-28T06:38:59.186+0000] {logging_mixin.py:117} INFO - [2024-04-28T06:38:59.185+0000] {dag.py:2573} INFO - Sync 1 DAGs
[2024-04-28T06:38:59.218+0000] {logging_mixin.py:117} INFO - [2024-04-28T06:38:59.218+0000] {dag.py:3328} INFO - Setting next_dagrun for example_weekday_branch_operator to 2024-04-27T00:00:00+00:00, run_after=2024-04-28T00:00:00+00:00
[2024-04-28T06:38:59.247+0000] {processor.py:178} INFO - Processing /home/airflow/.local/lib/python3.7/site-packages/airflow/example_dags/example_branch_day_of_week_operator.py took 0.151 seconds
[2024-04-28T06:39:30.144+0000] {processor.py:156} INFO - Started process (PID=10948) to work on /home/airflow/.local/lib/python3.7/site-packages/airflow/example_dags/example_branch_day_of_week_operator.py
[2024-04-28T06:39:30.145+0000] {processor.py:758} INFO - Processing file /home/airflow/.local/lib/python3.7/site-packages/airflow/example_dags/example_branch_day_of_week_operator.py for tasks to queue
[2024-04-28T06:39:30.146+0000] {logging_mixin.py:117} INFO - [2024-04-28T06:39:30.146+0000] {dagbag.py:525} INFO - Filling up the DagBag from /home/airflow/.local/lib/python3.7/site-packages/airflow/example_dags/example_branch_day_of_week_operator.py
[2024-04-28T06:39:30.181+0000] {processor.py:768} INFO - DAG(s) dict_keys(['example_weekday_branch_operator']) retrieved from /home/airflow/.local/lib/python3.7/site-packages/airflow/example_dags/example_branch_day_of_week_operator.py
[2024-04-28T06:39:30.280+0000] {logging_mixin.py:117} INFO - [2024-04-28T06:39:30.279+0000] {dag.py:2573} INFO - Sync 1 DAGs
[2024-04-28T06:39:30.341+0000] {logging_mixin.py:117} INFO - [2024-04-28T06:39:30.341+0000] {dag.py:3328} INFO - Setting next_dagrun for example_weekday_branch_operator to 2024-04-27T00:00:00+00:00, run_after=2024-04-28T00:00:00+00:00
[2024-04-28T06:39:30.388+0000] {processor.py:178} INFO - Processing /home/airflow/.local/lib/python3.7/site-packages/airflow/example_dags/example_branch_day_of_week_operator.py took 0.246 seconds
[2024-04-28T06:40:01.053+0000] {processor.py:156} INFO - Started process (PID=11159) to work on /home/airflow/.local/lib/python3.7/site-packages/airflow/example_dags/example_branch_day_of_week_operator.py
[2024-04-28T06:40:01.054+0000] {processor.py:758} INFO - Processing file /home/airflow/.local/lib/python3.7/site-packages/airflow/example_dags/example_branch_day_of_week_operator.py for tasks to queue
[2024-04-28T06:40:01.054+0000] {logging_mixin.py:117} INFO - [2024-04-28T06:40:01.054+0000] {dagbag.py:525} INFO - Filling up the DagBag from /home/airflow/.local/lib/python3.7/site-packages/airflow/example_dags/example_branch_day_of_week_operator.py
[2024-04-28T06:40:01.073+0000] {processor.py:768} INFO - DAG(s) dict_keys(['example_weekday_branch_operator']) retrieved from /home/airflow/.local/lib/python3.7/site-packages/airflow/example_dags/example_branch_day_of_week_operator.py
[2024-04-28T06:40:01.120+0000] {logging_mixin.py:117} INFO - [2024-04-28T06:40:01.120+0000] {dag.py:2573} INFO - Sync 1 DAGs
[2024-04-28T06:40:01.153+0000] {logging_mixin.py:117} INFO - [2024-04-28T06:40:01.153+0000] {dag.py:3328} INFO - Setting next_dagrun for example_weekday_branch_operator to 2024-04-27T00:00:00+00:00, run_after=2024-04-28T00:00:00+00:00
[2024-04-28T06:40:01.178+0000] {processor.py:178} INFO - Processing /home/airflow/.local/lib/python3.7/site-packages/airflow/example_dags/example_branch_day_of_week_operator.py took 0.128 seconds
[2024-04-28T06:40:31.669+0000] {processor.py:156} INFO - Started process (PID=11376) to work on /home/airflow/.local/lib/python3.7/site-packages/airflow/example_dags/example_branch_day_of_week_operator.py
[2024-04-28T06:40:31.670+0000] {processor.py:758} INFO - Processing file /home/airflow/.local/lib/python3.7/site-packages/airflow/example_dags/example_branch_day_of_week_operator.py for tasks to queue
[2024-04-28T06:40:31.670+0000] {logging_mixin.py:117} INFO - [2024-04-28T06:40:31.670+0000] {dagbag.py:525} INFO - Filling up the DagBag from /home/airflow/.local/lib/python3.7/site-packages/airflow/example_dags/example_branch_day_of_week_operator.py
[2024-04-28T06:40:31.690+0000] {processor.py:768} INFO - DAG(s) dict_keys(['example_weekday_branch_operator']) retrieved from /home/airflow/.local/lib/python3.7/site-packages/airflow/example_dags/example_branch_day_of_week_operator.py
[2024-04-28T06:40:31.736+0000] {logging_mixin.py:117} INFO - [2024-04-28T06:40:31.735+0000] {dag.py:2573} INFO - Sync 1 DAGs
[2024-04-28T06:40:31.768+0000] {logging_mixin.py:117} INFO - [2024-04-28T06:40:31.768+0000] {dag.py:3328} INFO - Setting next_dagrun for example_weekday_branch_operator to 2024-04-27T00:00:00+00:00, run_after=2024-04-28T00:00:00+00:00
[2024-04-28T06:40:31.798+0000] {processor.py:178} INFO - Processing /home/airflow/.local/lib/python3.7/site-packages/airflow/example_dags/example_branch_day_of_week_operator.py took 0.132 seconds
[2024-04-28T06:41:01.934+0000] {processor.py:156} INFO - Started process (PID=11594) to work on /home/airflow/.local/lib/python3.7/site-packages/airflow/example_dags/example_branch_day_of_week_operator.py
[2024-04-28T06:41:01.935+0000] {processor.py:758} INFO - Processing file /home/airflow/.local/lib/python3.7/site-packages/airflow/example_dags/example_branch_day_of_week_operator.py for tasks to queue
[2024-04-28T06:41:01.935+0000] {logging_mixin.py:117} INFO - [2024-04-28T06:41:01.935+0000] {dagbag.py:525} INFO - Filling up the DagBag from /home/airflow/.local/lib/python3.7/site-packages/airflow/example_dags/example_branch_day_of_week_operator.py
[2024-04-28T06:41:01.962+0000] {processor.py:768} INFO - DAG(s) dict_keys(['example_weekday_branch_operator']) retrieved from /home/airflow/.local/lib/python3.7/site-packages/airflow/example_dags/example_branch_day_of_week_operator.py
[2024-04-28T06:41:02.008+0000] {logging_mixin.py:117} INFO - [2024-04-28T06:41:02.007+0000] {dag.py:2573} INFO - Sync 1 DAGs
[2024-04-28T06:41:02.040+0000] {logging_mixin.py:117} INFO - [2024-04-28T06:41:02.040+0000] {dag.py:3328} INFO - Setting next_dagrun for example_weekday_branch_operator to 2024-04-27T00:00:00+00:00, run_after=2024-04-28T00:00:00+00:00
[2024-04-28T06:41:02.064+0000] {processor.py:178} INFO - Processing /home/airflow/.local/lib/python3.7/site-packages/airflow/example_dags/example_branch_day_of_week_operator.py took 0.139 seconds
[2024-04-28T06:41:32.889+0000] {processor.py:156} INFO - Started process (PID=11802) to work on /home/airflow/.local/lib/python3.7/site-packages/airflow/example_dags/example_branch_day_of_week_operator.py
[2024-04-28T06:41:32.890+0000] {processor.py:758} INFO - Processing file /home/airflow/.local/lib/python3.7/site-packages/airflow/example_dags/example_branch_day_of_week_operator.py for tasks to queue
[2024-04-28T06:41:32.890+0000] {logging_mixin.py:117} INFO - [2024-04-28T06:41:32.890+0000] {dagbag.py:525} INFO - Filling up the DagBag from /home/airflow/.local/lib/python3.7/site-packages/airflow/example_dags/example_branch_day_of_week_operator.py
[2024-04-28T06:41:32.912+0000] {processor.py:768} INFO - DAG(s) dict_keys(['example_weekday_branch_operator']) retrieved from /home/airflow/.local/lib/python3.7/site-packages/airflow/example_dags/example_branch_day_of_week_operator.py
[2024-04-28T06:41:32.960+0000] {logging_mixin.py:117} INFO - [2024-04-28T06:41:32.960+0000] {dag.py:2573} INFO - Sync 1 DAGs
[2024-04-28T06:41:33.005+0000] {logging_mixin.py:117} INFO - [2024-04-28T06:41:33.005+0000] {dag.py:3328} INFO - Setting next_dagrun for example_weekday_branch_operator to 2024-04-27T00:00:00+00:00, run_after=2024-04-28T00:00:00+00:00
[2024-04-28T06:41:33.035+0000] {processor.py:178} INFO - Processing /home/airflow/.local/lib/python3.7/site-packages/airflow/example_dags/example_branch_day_of_week_operator.py took 0.150 seconds
