[2024-04-28T06:14:00.023+0000] {processor.py:156} INFO - Started process (PID=331) to work on /home/airflow/.local/lib/python3.7/site-packages/airflow/example_dags/tutorial.py
[2024-04-28T06:14:00.024+0000] {processor.py:758} INFO - Processing file /home/airflow/.local/lib/python3.7/site-packages/airflow/example_dags/tutorial.py for tasks to queue
[2024-04-28T06:14:00.024+0000] {logging_mixin.py:117} INFO - [2024-04-28T06:14:00.024+0000] {dagbag.py:525} INFO - Filling up the DagBag from /home/airflow/.local/lib/python3.7/site-packages/airflow/example_dags/tutorial.py
[2024-04-28T06:14:00.046+0000] {processor.py:768} INFO - DAG(s) dict_keys(['tutorial']) retrieved from /home/airflow/.local/lib/python3.7/site-packages/airflow/example_dags/tutorial.py
[2024-04-28T06:14:00.135+0000] {logging_mixin.py:117} INFO - [2024-04-28T06:14:00.135+0000] {dag.py:2573} INFO - Sync 1 DAGs
[2024-04-28T06:14:00.260+0000] {logging_mixin.py:117} INFO - [2024-04-28T06:14:00.260+0000] {dag.py:3328} INFO - Setting next_dagrun for tutorial to 2024-04-27T06:14:00.260214+00:00, run_after=2024-04-28T06:14:00.260214+00:00
[2024-04-28T06:14:00.304+0000] {processor.py:178} INFO - Processing /home/airflow/.local/lib/python3.7/site-packages/airflow/example_dags/tutorial.py took 0.284 seconds
[2024-04-28T06:14:30.885+0000] {processor.py:156} INFO - Started process (PID=549) to work on /home/airflow/.local/lib/python3.7/site-packages/airflow/example_dags/tutorial.py
[2024-04-28T06:14:30.886+0000] {processor.py:758} INFO - Processing file /home/airflow/.local/lib/python3.7/site-packages/airflow/example_dags/tutorial.py for tasks to queue
[2024-04-28T06:14:30.888+0000] {logging_mixin.py:117} INFO - [2024-04-28T06:14:30.887+0000] {dagbag.py:525} INFO - Filling up the DagBag from /home/airflow/.local/lib/python3.7/site-packages/airflow/example_dags/tutorial.py
[2024-04-28T06:14:30.904+0000] {processor.py:768} INFO - DAG(s) dict_keys(['tutorial']) retrieved from /home/airflow/.local/lib/python3.7/site-packages/airflow/example_dags/tutorial.py
[2024-04-28T06:14:30.954+0000] {logging_mixin.py:117} INFO - [2024-04-28T06:14:30.954+0000] {dag.py:2573} INFO - Sync 1 DAGs
[2024-04-28T06:14:30.984+0000] {logging_mixin.py:117} INFO - [2024-04-28T06:14:30.984+0000] {dag.py:3328} INFO - Setting next_dagrun for tutorial to 2024-04-27T06:14:30.984075+00:00, run_after=2024-04-28T06:14:30.984075+00:00
[2024-04-28T06:14:31.008+0000] {processor.py:178} INFO - Processing /home/airflow/.local/lib/python3.7/site-packages/airflow/example_dags/tutorial.py took 0.127 seconds
[2024-04-28T06:15:01.441+0000] {processor.py:156} INFO - Started process (PID=761) to work on /home/airflow/.local/lib/python3.7/site-packages/airflow/example_dags/tutorial.py
[2024-04-28T06:15:01.442+0000] {processor.py:758} INFO - Processing file /home/airflow/.local/lib/python3.7/site-packages/airflow/example_dags/tutorial.py for tasks to queue
[2024-04-28T06:15:01.442+0000] {logging_mixin.py:117} INFO - [2024-04-28T06:15:01.442+0000] {dagbag.py:525} INFO - Filling up the DagBag from /home/airflow/.local/lib/python3.7/site-packages/airflow/example_dags/tutorial.py
[2024-04-28T06:15:01.464+0000] {processor.py:768} INFO - DAG(s) dict_keys(['tutorial']) retrieved from /home/airflow/.local/lib/python3.7/site-packages/airflow/example_dags/tutorial.py
[2024-04-28T06:15:01.508+0000] {logging_mixin.py:117} INFO - [2024-04-28T06:15:01.508+0000] {dag.py:2573} INFO - Sync 1 DAGs
[2024-04-28T06:15:01.540+0000] {logging_mixin.py:117} INFO - [2024-04-28T06:15:01.540+0000] {dag.py:3328} INFO - Setting next_dagrun for tutorial to 2024-04-27T06:15:01.540012+00:00, run_after=2024-04-28T06:15:01.540012+00:00
[2024-04-28T06:15:01.565+0000] {processor.py:178} INFO - Processing /home/airflow/.local/lib/python3.7/site-packages/airflow/example_dags/tutorial.py took 0.129 seconds
[2024-04-28T06:15:31.857+0000] {processor.py:156} INFO - Started process (PID=979) to work on /home/airflow/.local/lib/python3.7/site-packages/airflow/example_dags/tutorial.py
[2024-04-28T06:15:31.858+0000] {processor.py:758} INFO - Processing file /home/airflow/.local/lib/python3.7/site-packages/airflow/example_dags/tutorial.py for tasks to queue
[2024-04-28T06:15:31.858+0000] {logging_mixin.py:117} INFO - [2024-04-28T06:15:31.858+0000] {dagbag.py:525} INFO - Filling up the DagBag from /home/airflow/.local/lib/python3.7/site-packages/airflow/example_dags/tutorial.py
[2024-04-28T06:15:31.871+0000] {processor.py:768} INFO - DAG(s) dict_keys(['tutorial']) retrieved from /home/airflow/.local/lib/python3.7/site-packages/airflow/example_dags/tutorial.py
[2024-04-28T06:15:31.919+0000] {logging_mixin.py:117} INFO - [2024-04-28T06:15:31.919+0000] {dag.py:2573} INFO - Sync 1 DAGs
[2024-04-28T06:15:31.955+0000] {logging_mixin.py:117} INFO - [2024-04-28T06:15:31.955+0000] {dag.py:3328} INFO - Setting next_dagrun for tutorial to 2024-04-27T06:15:31.954863+00:00, run_after=2024-04-28T06:15:31.954863+00:00
[2024-04-28T06:15:31.978+0000] {processor.py:178} INFO - Processing /home/airflow/.local/lib/python3.7/site-packages/airflow/example_dags/tutorial.py took 0.124 seconds
[2024-04-28T06:16:04.197+0000] {processor.py:156} INFO - Started process (PID=1199) to work on /home/airflow/.local/lib/python3.7/site-packages/airflow/example_dags/tutorial.py
[2024-04-28T06:16:04.198+0000] {processor.py:758} INFO - Processing file /home/airflow/.local/lib/python3.7/site-packages/airflow/example_dags/tutorial.py for tasks to queue
[2024-04-28T06:16:04.199+0000] {logging_mixin.py:117} INFO - [2024-04-28T06:16:04.199+0000] {dagbag.py:525} INFO - Filling up the DagBag from /home/airflow/.local/lib/python3.7/site-packages/airflow/example_dags/tutorial.py
[2024-04-28T06:16:04.216+0000] {processor.py:768} INFO - DAG(s) dict_keys(['tutorial']) retrieved from /home/airflow/.local/lib/python3.7/site-packages/airflow/example_dags/tutorial.py
[2024-04-28T06:16:04.314+0000] {logging_mixin.py:117} INFO - [2024-04-28T06:16:04.313+0000] {dag.py:2573} INFO - Sync 1 DAGs
[2024-04-28T06:16:04.369+0000] {logging_mixin.py:117} INFO - [2024-04-28T06:16:04.369+0000] {dag.py:3328} INFO - Setting next_dagrun for tutorial to 2024-04-27T06:16:04.369121+00:00, run_after=2024-04-28T06:16:04.369121+00:00
[2024-04-28T06:16:04.396+0000] {processor.py:178} INFO - Processing /home/airflow/.local/lib/python3.7/site-packages/airflow/example_dags/tutorial.py took 0.202 seconds
[2024-04-28T06:16:37.041+0000] {processor.py:156} INFO - Started process (PID=1417) to work on /home/airflow/.local/lib/python3.7/site-packages/airflow/example_dags/tutorial.py
[2024-04-28T06:16:37.042+0000] {processor.py:758} INFO - Processing file /home/airflow/.local/lib/python3.7/site-packages/airflow/example_dags/tutorial.py for tasks to queue
[2024-04-28T06:16:37.043+0000] {logging_mixin.py:117} INFO - [2024-04-28T06:16:37.042+0000] {dagbag.py:525} INFO - Filling up the DagBag from /home/airflow/.local/lib/python3.7/site-packages/airflow/example_dags/tutorial.py
[2024-04-28T06:16:37.060+0000] {processor.py:768} INFO - DAG(s) dict_keys(['tutorial']) retrieved from /home/airflow/.local/lib/python3.7/site-packages/airflow/example_dags/tutorial.py
[2024-04-28T06:16:37.109+0000] {logging_mixin.py:117} INFO - [2024-04-28T06:16:37.109+0000] {dag.py:2573} INFO - Sync 1 DAGs
[2024-04-28T06:16:37.296+0000] {logging_mixin.py:117} INFO - [2024-04-28T06:16:37.296+0000] {dag.py:3328} INFO - Setting next_dagrun for tutorial to 2024-04-27T06:16:37.296011+00:00, run_after=2024-04-28T06:16:37.296011+00:00
[2024-04-28T06:16:37.321+0000] {processor.py:178} INFO - Processing /home/airflow/.local/lib/python3.7/site-packages/airflow/example_dags/tutorial.py took 0.283 seconds
[2024-04-28T06:17:07.681+0000] {processor.py:156} INFO - Started process (PID=1623) to work on /home/airflow/.local/lib/python3.7/site-packages/airflow/example_dags/tutorial.py
[2024-04-28T06:17:07.690+0000] {processor.py:758} INFO - Processing file /home/airflow/.local/lib/python3.7/site-packages/airflow/example_dags/tutorial.py for tasks to queue
[2024-04-28T06:17:07.694+0000] {logging_mixin.py:117} INFO - [2024-04-28T06:17:07.694+0000] {dagbag.py:525} INFO - Filling up the DagBag from /home/airflow/.local/lib/python3.7/site-packages/airflow/example_dags/tutorial.py
[2024-04-28T06:17:07.718+0000] {processor.py:768} INFO - DAG(s) dict_keys(['tutorial']) retrieved from /home/airflow/.local/lib/python3.7/site-packages/airflow/example_dags/tutorial.py
[2024-04-28T06:17:07.791+0000] {logging_mixin.py:117} INFO - [2024-04-28T06:17:07.791+0000] {dag.py:2573} INFO - Sync 1 DAGs
[2024-04-28T06:17:08.036+0000] {logging_mixin.py:117} INFO - [2024-04-28T06:17:08.036+0000] {dag.py:3328} INFO - Setting next_dagrun for tutorial to 2024-04-27T06:17:08.036124+00:00, run_after=2024-04-28T06:17:08.036124+00:00
[2024-04-28T06:17:08.064+0000] {processor.py:178} INFO - Processing /home/airflow/.local/lib/python3.7/site-packages/airflow/example_dags/tutorial.py took 0.395 seconds
[2024-04-28T06:17:38.522+0000] {processor.py:156} INFO - Started process (PID=1842) to work on /home/airflow/.local/lib/python3.7/site-packages/airflow/example_dags/tutorial.py
[2024-04-28T06:17:38.523+0000] {processor.py:758} INFO - Processing file /home/airflow/.local/lib/python3.7/site-packages/airflow/example_dags/tutorial.py for tasks to queue
[2024-04-28T06:17:38.523+0000] {logging_mixin.py:117} INFO - [2024-04-28T06:17:38.523+0000] {dagbag.py:525} INFO - Filling up the DagBag from /home/airflow/.local/lib/python3.7/site-packages/airflow/example_dags/tutorial.py
[2024-04-28T06:17:38.540+0000] {processor.py:768} INFO - DAG(s) dict_keys(['tutorial']) retrieved from /home/airflow/.local/lib/python3.7/site-packages/airflow/example_dags/tutorial.py
[2024-04-28T06:17:38.686+0000] {logging_mixin.py:117} INFO - [2024-04-28T06:17:38.686+0000] {dag.py:2573} INFO - Sync 1 DAGs
[2024-04-28T06:17:38.705+0000] {logging_mixin.py:117} INFO - [2024-04-28T06:17:38.705+0000] {dag.py:3328} INFO - Setting next_dagrun for tutorial to 2024-04-27T06:17:38.705502+00:00, run_after=2024-04-28T06:17:38.705502+00:00
[2024-04-28T06:17:38.725+0000] {processor.py:178} INFO - Processing /home/airflow/.local/lib/python3.7/site-packages/airflow/example_dags/tutorial.py took 0.206 seconds
[2024-04-28T06:18:09.303+0000] {processor.py:156} INFO - Started process (PID=2058) to work on /home/airflow/.local/lib/python3.7/site-packages/airflow/example_dags/tutorial.py
[2024-04-28T06:18:09.304+0000] {processor.py:758} INFO - Processing file /home/airflow/.local/lib/python3.7/site-packages/airflow/example_dags/tutorial.py for tasks to queue
[2024-04-28T06:18:09.305+0000] {logging_mixin.py:117} INFO - [2024-04-28T06:18:09.305+0000] {dagbag.py:525} INFO - Filling up the DagBag from /home/airflow/.local/lib/python3.7/site-packages/airflow/example_dags/tutorial.py
[2024-04-28T06:18:09.320+0000] {processor.py:768} INFO - DAG(s) dict_keys(['tutorial']) retrieved from /home/airflow/.local/lib/python3.7/site-packages/airflow/example_dags/tutorial.py
[2024-04-28T06:18:09.536+0000] {logging_mixin.py:117} INFO - [2024-04-28T06:18:09.536+0000] {dag.py:2573} INFO - Sync 1 DAGs
[2024-04-28T06:18:09.562+0000] {logging_mixin.py:117} INFO - [2024-04-28T06:18:09.562+0000] {dag.py:3328} INFO - Setting next_dagrun for tutorial to 2024-04-27T06:18:09.562238+00:00, run_after=2024-04-28T06:18:09.562238+00:00
[2024-04-28T06:18:09.587+0000] {processor.py:178} INFO - Processing /home/airflow/.local/lib/python3.7/site-packages/airflow/example_dags/tutorial.py took 0.288 seconds
[2024-04-28T06:18:40.073+0000] {processor.py:156} INFO - Started process (PID=2266) to work on /home/airflow/.local/lib/python3.7/site-packages/airflow/example_dags/tutorial.py
[2024-04-28T06:18:40.074+0000] {processor.py:758} INFO - Processing file /home/airflow/.local/lib/python3.7/site-packages/airflow/example_dags/tutorial.py for tasks to queue
[2024-04-28T06:18:40.075+0000] {logging_mixin.py:117} INFO - [2024-04-28T06:18:40.074+0000] {dagbag.py:525} INFO - Filling up the DagBag from /home/airflow/.local/lib/python3.7/site-packages/airflow/example_dags/tutorial.py
[2024-04-28T06:18:40.112+0000] {processor.py:768} INFO - DAG(s) dict_keys(['tutorial']) retrieved from /home/airflow/.local/lib/python3.7/site-packages/airflow/example_dags/tutorial.py
[2024-04-28T06:18:40.208+0000] {logging_mixin.py:117} INFO - [2024-04-28T06:18:40.208+0000] {dag.py:2573} INFO - Sync 1 DAGs
[2024-04-28T06:18:40.309+0000] {logging_mixin.py:117} INFO - [2024-04-28T06:18:40.309+0000] {dag.py:3328} INFO - Setting next_dagrun for tutorial to 2024-04-27T06:18:40.309216+00:00, run_after=2024-04-28T06:18:40.309216+00:00
[2024-04-28T06:18:40.680+0000] {processor.py:178} INFO - Processing /home/airflow/.local/lib/python3.7/site-packages/airflow/example_dags/tutorial.py took 0.610 seconds
[2024-04-28T06:19:11.704+0000] {processor.py:156} INFO - Started process (PID=2487) to work on /home/airflow/.local/lib/python3.7/site-packages/airflow/example_dags/tutorial.py
[2024-04-28T06:19:11.704+0000] {processor.py:758} INFO - Processing file /home/airflow/.local/lib/python3.7/site-packages/airflow/example_dags/tutorial.py for tasks to queue
[2024-04-28T06:19:11.705+0000] {logging_mixin.py:117} INFO - [2024-04-28T06:19:11.705+0000] {dagbag.py:525} INFO - Filling up the DagBag from /home/airflow/.local/lib/python3.7/site-packages/airflow/example_dags/tutorial.py
[2024-04-28T06:19:11.722+0000] {processor.py:768} INFO - DAG(s) dict_keys(['tutorial']) retrieved from /home/airflow/.local/lib/python3.7/site-packages/airflow/example_dags/tutorial.py
[2024-04-28T06:19:11.773+0000] {logging_mixin.py:117} INFO - [2024-04-28T06:19:11.773+0000] {dag.py:2573} INFO - Sync 1 DAGs
[2024-04-28T06:19:11.945+0000] {logging_mixin.py:117} INFO - [2024-04-28T06:19:11.945+0000] {dag.py:3328} INFO - Setting next_dagrun for tutorial to 2024-04-27T06:19:11.944985+00:00, run_after=2024-04-28T06:19:11.944985+00:00
[2024-04-28T06:19:11.972+0000] {processor.py:178} INFO - Processing /home/airflow/.local/lib/python3.7/site-packages/airflow/example_dags/tutorial.py took 0.271 seconds
[2024-04-28T06:19:42.770+0000] {processor.py:156} INFO - Started process (PID=2702) to work on /home/airflow/.local/lib/python3.7/site-packages/airflow/example_dags/tutorial.py
[2024-04-28T06:19:42.771+0000] {processor.py:758} INFO - Processing file /home/airflow/.local/lib/python3.7/site-packages/airflow/example_dags/tutorial.py for tasks to queue
[2024-04-28T06:19:42.772+0000] {logging_mixin.py:117} INFO - [2024-04-28T06:19:42.772+0000] {dagbag.py:525} INFO - Filling up the DagBag from /home/airflow/.local/lib/python3.7/site-packages/airflow/example_dags/tutorial.py
[2024-04-28T06:19:42.789+0000] {processor.py:768} INFO - DAG(s) dict_keys(['tutorial']) retrieved from /home/airflow/.local/lib/python3.7/site-packages/airflow/example_dags/tutorial.py
[2024-04-28T06:19:42.999+0000] {logging_mixin.py:117} INFO - [2024-04-28T06:19:42.999+0000] {dag.py:2573} INFO - Sync 1 DAGs
[2024-04-28T06:19:43.034+0000] {logging_mixin.py:117} INFO - [2024-04-28T06:19:43.034+0000] {dag.py:3328} INFO - Setting next_dagrun for tutorial to 2024-04-27T06:19:43.034398+00:00, run_after=2024-04-28T06:19:43.034398+00:00
[2024-04-28T06:19:43.063+0000] {processor.py:178} INFO - Processing /home/airflow/.local/lib/python3.7/site-packages/airflow/example_dags/tutorial.py took 0.298 seconds
[2024-04-28T06:20:13.393+0000] {processor.py:156} INFO - Started process (PID=2918) to work on /home/airflow/.local/lib/python3.7/site-packages/airflow/example_dags/tutorial.py
[2024-04-28T06:20:13.396+0000] {processor.py:758} INFO - Processing file /home/airflow/.local/lib/python3.7/site-packages/airflow/example_dags/tutorial.py for tasks to queue
[2024-04-28T06:20:13.396+0000] {logging_mixin.py:117} INFO - [2024-04-28T06:20:13.396+0000] {dagbag.py:525} INFO - Filling up the DagBag from /home/airflow/.local/lib/python3.7/site-packages/airflow/example_dags/tutorial.py
[2024-04-28T06:20:13.430+0000] {processor.py:768} INFO - DAG(s) dict_keys(['tutorial']) retrieved from /home/airflow/.local/lib/python3.7/site-packages/airflow/example_dags/tutorial.py
[2024-04-28T06:20:13.736+0000] {logging_mixin.py:117} INFO - [2024-04-28T06:20:13.735+0000] {dag.py:2573} INFO - Sync 1 DAGs
[2024-04-28T06:20:13.774+0000] {logging_mixin.py:117} INFO - [2024-04-28T06:20:13.774+0000] {dag.py:3328} INFO - Setting next_dagrun for tutorial to 2024-04-27T06:20:13.774168+00:00, run_after=2024-04-28T06:20:13.774168+00:00
[2024-04-28T06:20:13.824+0000] {processor.py:178} INFO - Processing /home/airflow/.local/lib/python3.7/site-packages/airflow/example_dags/tutorial.py took 0.434 seconds
[2024-04-28T06:20:43.956+0000] {processor.py:156} INFO - Started process (PID=3129) to work on /home/airflow/.local/lib/python3.7/site-packages/airflow/example_dags/tutorial.py
[2024-04-28T06:20:43.957+0000] {processor.py:758} INFO - Processing file /home/airflow/.local/lib/python3.7/site-packages/airflow/example_dags/tutorial.py for tasks to queue
[2024-04-28T06:20:43.960+0000] {logging_mixin.py:117} INFO - [2024-04-28T06:20:43.960+0000] {dagbag.py:525} INFO - Filling up the DagBag from /home/airflow/.local/lib/python3.7/site-packages/airflow/example_dags/tutorial.py
[2024-04-28T06:20:44.120+0000] {processor.py:768} INFO - DAG(s) dict_keys(['tutorial']) retrieved from /home/airflow/.local/lib/python3.7/site-packages/airflow/example_dags/tutorial.py
[2024-04-28T06:20:44.160+0000] {logging_mixin.py:117} INFO - [2024-04-28T06:20:44.160+0000] {dag.py:2573} INFO - Sync 1 DAGs
[2024-04-28T06:20:44.189+0000] {logging_mixin.py:117} INFO - [2024-04-28T06:20:44.189+0000] {dag.py:3328} INFO - Setting next_dagrun for tutorial to 2024-04-27T06:20:44.189141+00:00, run_after=2024-04-28T06:20:44.189141+00:00
[2024-04-28T06:20:44.211+0000] {processor.py:178} INFO - Processing /home/airflow/.local/lib/python3.7/site-packages/airflow/example_dags/tutorial.py took 0.259 seconds
[2024-04-28T06:21:14.842+0000] {processor.py:156} INFO - Started process (PID=3346) to work on /home/airflow/.local/lib/python3.7/site-packages/airflow/example_dags/tutorial.py
[2024-04-28T06:21:14.843+0000] {processor.py:758} INFO - Processing file /home/airflow/.local/lib/python3.7/site-packages/airflow/example_dags/tutorial.py for tasks to queue
[2024-04-28T06:21:14.844+0000] {logging_mixin.py:117} INFO - [2024-04-28T06:21:14.843+0000] {dagbag.py:525} INFO - Filling up the DagBag from /home/airflow/.local/lib/python3.7/site-packages/airflow/example_dags/tutorial.py
[2024-04-28T06:21:14.860+0000] {processor.py:768} INFO - DAG(s) dict_keys(['tutorial']) retrieved from /home/airflow/.local/lib/python3.7/site-packages/airflow/example_dags/tutorial.py
[2024-04-28T06:21:14.906+0000] {logging_mixin.py:117} INFO - [2024-04-28T06:21:14.906+0000] {dag.py:2573} INFO - Sync 1 DAGs
[2024-04-28T06:21:15.126+0000] {logging_mixin.py:117} INFO - [2024-04-28T06:21:15.126+0000] {dag.py:3328} INFO - Setting next_dagrun for tutorial to 2024-04-27T06:21:15.125818+00:00, run_after=2024-04-28T06:21:15.125818+00:00
[2024-04-28T06:21:15.148+0000] {processor.py:178} INFO - Processing /home/airflow/.local/lib/python3.7/site-packages/airflow/example_dags/tutorial.py took 0.310 seconds
[2024-04-28T06:21:46.177+0000] {processor.py:156} INFO - Started process (PID=3563) to work on /home/airflow/.local/lib/python3.7/site-packages/airflow/example_dags/tutorial.py
[2024-04-28T06:21:46.178+0000] {processor.py:758} INFO - Processing file /home/airflow/.local/lib/python3.7/site-packages/airflow/example_dags/tutorial.py for tasks to queue
[2024-04-28T06:21:46.178+0000] {logging_mixin.py:117} INFO - [2024-04-28T06:21:46.178+0000] {dagbag.py:525} INFO - Filling up the DagBag from /home/airflow/.local/lib/python3.7/site-packages/airflow/example_dags/tutorial.py
[2024-04-28T06:21:46.216+0000] {processor.py:768} INFO - DAG(s) dict_keys(['tutorial']) retrieved from /home/airflow/.local/lib/python3.7/site-packages/airflow/example_dags/tutorial.py
[2024-04-28T06:21:46.530+0000] {logging_mixin.py:117} INFO - [2024-04-28T06:21:46.529+0000] {dag.py:2573} INFO - Sync 1 DAGs
[2024-04-28T06:21:46.559+0000] {logging_mixin.py:117} INFO - [2024-04-28T06:21:46.559+0000] {dag.py:3328} INFO - Setting next_dagrun for tutorial to 2024-04-27T06:21:46.559230+00:00, run_after=2024-04-28T06:21:46.559230+00:00
[2024-04-28T06:21:46.585+0000] {processor.py:178} INFO - Processing /home/airflow/.local/lib/python3.7/site-packages/airflow/example_dags/tutorial.py took 0.411 seconds
[2024-04-28T06:22:17.001+0000] {processor.py:156} INFO - Started process (PID=3773) to work on /home/airflow/.local/lib/python3.7/site-packages/airflow/example_dags/tutorial.py
[2024-04-28T06:22:17.001+0000] {processor.py:758} INFO - Processing file /home/airflow/.local/lib/python3.7/site-packages/airflow/example_dags/tutorial.py for tasks to queue
[2024-04-28T06:22:17.002+0000] {logging_mixin.py:117} INFO - [2024-04-28T06:22:17.002+0000] {dagbag.py:525} INFO - Filling up the DagBag from /home/airflow/.local/lib/python3.7/site-packages/airflow/example_dags/tutorial.py
[2024-04-28T06:22:17.014+0000] {processor.py:768} INFO - DAG(s) dict_keys(['tutorial']) retrieved from /home/airflow/.local/lib/python3.7/site-packages/airflow/example_dags/tutorial.py
[2024-04-28T06:22:17.148+0000] {logging_mixin.py:117} INFO - [2024-04-28T06:22:17.148+0000] {dag.py:2573} INFO - Sync 1 DAGs
[2024-04-28T06:22:17.166+0000] {logging_mixin.py:117} INFO - [2024-04-28T06:22:17.166+0000] {dag.py:3328} INFO - Setting next_dagrun for tutorial to 2024-04-27T06:22:17.166315+00:00, run_after=2024-04-28T06:22:17.166315+00:00
[2024-04-28T06:22:17.185+0000] {processor.py:178} INFO - Processing /home/airflow/.local/lib/python3.7/site-packages/airflow/example_dags/tutorial.py took 0.188 seconds
[2024-04-28T06:22:47.400+0000] {processor.py:156} INFO - Started process (PID=3991) to work on /home/airflow/.local/lib/python3.7/site-packages/airflow/example_dags/tutorial.py
[2024-04-28T06:22:47.401+0000] {processor.py:758} INFO - Processing file /home/airflow/.local/lib/python3.7/site-packages/airflow/example_dags/tutorial.py for tasks to queue
[2024-04-28T06:22:47.401+0000] {logging_mixin.py:117} INFO - [2024-04-28T06:22:47.401+0000] {dagbag.py:525} INFO - Filling up the DagBag from /home/airflow/.local/lib/python3.7/site-packages/airflow/example_dags/tutorial.py
[2024-04-28T06:22:47.531+0000] {processor.py:768} INFO - DAG(s) dict_keys(['tutorial']) retrieved from /home/airflow/.local/lib/python3.7/site-packages/airflow/example_dags/tutorial.py
[2024-04-28T06:22:47.563+0000] {logging_mixin.py:117} INFO - [2024-04-28T06:22:47.563+0000] {dag.py:2573} INFO - Sync 1 DAGs
[2024-04-28T06:22:47.591+0000] {logging_mixin.py:117} INFO - [2024-04-28T06:22:47.591+0000] {dag.py:3328} INFO - Setting next_dagrun for tutorial to 2024-04-27T06:22:47.590978+00:00, run_after=2024-04-28T06:22:47.590978+00:00
[2024-04-28T06:22:47.619+0000] {processor.py:178} INFO - Processing /home/airflow/.local/lib/python3.7/site-packages/airflow/example_dags/tutorial.py took 0.222 seconds
[2024-04-28T06:23:18.137+0000] {processor.py:156} INFO - Started process (PID=4208) to work on /home/airflow/.local/lib/python3.7/site-packages/airflow/example_dags/tutorial.py
[2024-04-28T06:23:18.138+0000] {processor.py:758} INFO - Processing file /home/airflow/.local/lib/python3.7/site-packages/airflow/example_dags/tutorial.py for tasks to queue
[2024-04-28T06:23:18.139+0000] {logging_mixin.py:117} INFO - [2024-04-28T06:23:18.139+0000] {dagbag.py:525} INFO - Filling up the DagBag from /home/airflow/.local/lib/python3.7/site-packages/airflow/example_dags/tutorial.py
[2024-04-28T06:23:18.171+0000] {processor.py:768} INFO - DAG(s) dict_keys(['tutorial']) retrieved from /home/airflow/.local/lib/python3.7/site-packages/airflow/example_dags/tutorial.py
[2024-04-28T06:23:18.302+0000] {logging_mixin.py:117} INFO - [2024-04-28T06:23:18.302+0000] {dag.py:2573} INFO - Sync 1 DAGs
[2024-04-28T06:23:18.367+0000] {logging_mixin.py:117} INFO - [2024-04-28T06:23:18.367+0000] {dag.py:3328} INFO - Setting next_dagrun for tutorial to 2024-04-27T06:23:18.367231+00:00, run_after=2024-04-28T06:23:18.367231+00:00
[2024-04-28T06:23:18.415+0000] {processor.py:178} INFO - Processing /home/airflow/.local/lib/python3.7/site-packages/airflow/example_dags/tutorial.py took 0.282 seconds
[2024-04-28T06:23:48.572+0000] {processor.py:156} INFO - Started process (PID=4418) to work on /home/airflow/.local/lib/python3.7/site-packages/airflow/example_dags/tutorial.py
[2024-04-28T06:23:48.573+0000] {processor.py:758} INFO - Processing file /home/airflow/.local/lib/python3.7/site-packages/airflow/example_dags/tutorial.py for tasks to queue
[2024-04-28T06:23:48.573+0000] {logging_mixin.py:117} INFO - [2024-04-28T06:23:48.573+0000] {dagbag.py:525} INFO - Filling up the DagBag from /home/airflow/.local/lib/python3.7/site-packages/airflow/example_dags/tutorial.py
[2024-04-28T06:23:48.585+0000] {processor.py:768} INFO - DAG(s) dict_keys(['tutorial']) retrieved from /home/airflow/.local/lib/python3.7/site-packages/airflow/example_dags/tutorial.py
[2024-04-28T06:23:48.637+0000] {logging_mixin.py:117} INFO - [2024-04-28T06:23:48.637+0000] {dag.py:2573} INFO - Sync 1 DAGs
[2024-04-28T06:23:48.664+0000] {logging_mixin.py:117} INFO - [2024-04-28T06:23:48.664+0000] {dag.py:3328} INFO - Setting next_dagrun for tutorial to 2024-04-27T06:23:48.663896+00:00, run_after=2024-04-28T06:23:48.663896+00:00
[2024-04-28T06:23:48.684+0000] {processor.py:178} INFO - Processing /home/airflow/.local/lib/python3.7/site-packages/airflow/example_dags/tutorial.py took 0.114 seconds
[2024-04-28T06:24:18.823+0000] {processor.py:156} INFO - Started process (PID=4633) to work on /home/airflow/.local/lib/python3.7/site-packages/airflow/example_dags/tutorial.py
[2024-04-28T06:24:18.824+0000] {processor.py:758} INFO - Processing file /home/airflow/.local/lib/python3.7/site-packages/airflow/example_dags/tutorial.py for tasks to queue
[2024-04-28T06:24:18.828+0000] {logging_mixin.py:117} INFO - [2024-04-28T06:24:18.827+0000] {dagbag.py:525} INFO - Filling up the DagBag from /home/airflow/.local/lib/python3.7/site-packages/airflow/example_dags/tutorial.py
[2024-04-28T06:24:18.854+0000] {processor.py:768} INFO - DAG(s) dict_keys(['tutorial']) retrieved from /home/airflow/.local/lib/python3.7/site-packages/airflow/example_dags/tutorial.py
[2024-04-28T06:24:18.903+0000] {logging_mixin.py:117} INFO - [2024-04-28T06:24:18.903+0000] {dag.py:2573} INFO - Sync 1 DAGs
[2024-04-28T06:24:18.943+0000] {logging_mixin.py:117} INFO - [2024-04-28T06:24:18.943+0000] {dag.py:3328} INFO - Setting next_dagrun for tutorial to 2024-04-27T06:24:18.943030+00:00, run_after=2024-04-28T06:24:18.943030+00:00
[2024-04-28T06:24:18.995+0000] {processor.py:178} INFO - Processing /home/airflow/.local/lib/python3.7/site-packages/airflow/example_dags/tutorial.py took 0.176 seconds
[2024-04-28T06:24:49.881+0000] {processor.py:156} INFO - Started process (PID=4852) to work on /home/airflow/.local/lib/python3.7/site-packages/airflow/example_dags/tutorial.py
[2024-04-28T06:24:49.884+0000] {processor.py:758} INFO - Processing file /home/airflow/.local/lib/python3.7/site-packages/airflow/example_dags/tutorial.py for tasks to queue
[2024-04-28T06:24:49.884+0000] {logging_mixin.py:117} INFO - [2024-04-28T06:24:49.884+0000] {dagbag.py:525} INFO - Filling up the DagBag from /home/airflow/.local/lib/python3.7/site-packages/airflow/example_dags/tutorial.py
[2024-04-28T06:24:49.902+0000] {processor.py:768} INFO - DAG(s) dict_keys(['tutorial']) retrieved from /home/airflow/.local/lib/python3.7/site-packages/airflow/example_dags/tutorial.py
[2024-04-28T06:24:49.950+0000] {logging_mixin.py:117} INFO - [2024-04-28T06:24:49.950+0000] {dag.py:2573} INFO - Sync 1 DAGs
[2024-04-28T06:24:49.982+0000] {logging_mixin.py:117} INFO - [2024-04-28T06:24:49.982+0000] {dag.py:3328} INFO - Setting next_dagrun for tutorial to 2024-04-27T06:24:49.981966+00:00, run_after=2024-04-28T06:24:49.981966+00:00
[2024-04-28T06:24:50.014+0000] {processor.py:178} INFO - Processing /home/airflow/.local/lib/python3.7/site-packages/airflow/example_dags/tutorial.py took 0.136 seconds
[2024-04-28T06:25:20.194+0000] {processor.py:156} INFO - Started process (PID=5061) to work on /home/airflow/.local/lib/python3.7/site-packages/airflow/example_dags/tutorial.py
[2024-04-28T06:25:20.194+0000] {processor.py:758} INFO - Processing file /home/airflow/.local/lib/python3.7/site-packages/airflow/example_dags/tutorial.py for tasks to queue
[2024-04-28T06:25:20.195+0000] {logging_mixin.py:117} INFO - [2024-04-28T06:25:20.195+0000] {dagbag.py:525} INFO - Filling up the DagBag from /home/airflow/.local/lib/python3.7/site-packages/airflow/example_dags/tutorial.py
[2024-04-28T06:25:20.241+0000] {processor.py:768} INFO - DAG(s) dict_keys(['tutorial']) retrieved from /home/airflow/.local/lib/python3.7/site-packages/airflow/example_dags/tutorial.py
[2024-04-28T06:25:20.363+0000] {logging_mixin.py:117} INFO - [2024-04-28T06:25:20.362+0000] {dag.py:2573} INFO - Sync 1 DAGs
[2024-04-28T06:25:20.422+0000] {logging_mixin.py:117} INFO - [2024-04-28T06:25:20.422+0000] {dag.py:3328} INFO - Setting next_dagrun for tutorial to 2024-04-27T06:25:20.421903+00:00, run_after=2024-04-28T06:25:20.421903+00:00
[2024-04-28T06:25:20.463+0000] {processor.py:178} INFO - Processing /home/airflow/.local/lib/python3.7/site-packages/airflow/example_dags/tutorial.py took 0.273 seconds
[2024-04-28T06:25:50.498+0000] {processor.py:156} INFO - Started process (PID=5279) to work on /home/airflow/.local/lib/python3.7/site-packages/airflow/example_dags/tutorial.py
[2024-04-28T06:25:50.498+0000] {processor.py:758} INFO - Processing file /home/airflow/.local/lib/python3.7/site-packages/airflow/example_dags/tutorial.py for tasks to queue
[2024-04-28T06:25:50.499+0000] {logging_mixin.py:117} INFO - [2024-04-28T06:25:50.499+0000] {dagbag.py:525} INFO - Filling up the DagBag from /home/airflow/.local/lib/python3.7/site-packages/airflow/example_dags/tutorial.py
[2024-04-28T06:25:50.511+0000] {processor.py:768} INFO - DAG(s) dict_keys(['tutorial']) retrieved from /home/airflow/.local/lib/python3.7/site-packages/airflow/example_dags/tutorial.py
[2024-04-28T06:25:50.544+0000] {logging_mixin.py:117} INFO - [2024-04-28T06:25:50.544+0000] {dag.py:2573} INFO - Sync 1 DAGs
[2024-04-28T06:25:50.564+0000] {logging_mixin.py:117} INFO - [2024-04-28T06:25:50.564+0000] {dag.py:3328} INFO - Setting next_dagrun for tutorial to 2024-04-27T06:25:50.564030+00:00, run_after=2024-04-28T06:25:50.564030+00:00
[2024-04-28T06:25:50.586+0000] {processor.py:178} INFO - Processing /home/airflow/.local/lib/python3.7/site-packages/airflow/example_dags/tutorial.py took 0.091 seconds
[2024-04-28T06:26:21.847+0000] {processor.py:156} INFO - Started process (PID=5498) to work on /home/airflow/.local/lib/python3.7/site-packages/airflow/example_dags/tutorial.py
[2024-04-28T06:26:21.848+0000] {processor.py:758} INFO - Processing file /home/airflow/.local/lib/python3.7/site-packages/airflow/example_dags/tutorial.py for tasks to queue
[2024-04-28T06:26:21.848+0000] {logging_mixin.py:117} INFO - [2024-04-28T06:26:21.848+0000] {dagbag.py:525} INFO - Filling up the DagBag from /home/airflow/.local/lib/python3.7/site-packages/airflow/example_dags/tutorial.py
[2024-04-28T06:26:21.866+0000] {processor.py:768} INFO - DAG(s) dict_keys(['tutorial']) retrieved from /home/airflow/.local/lib/python3.7/site-packages/airflow/example_dags/tutorial.py
[2024-04-28T06:26:21.913+0000] {logging_mixin.py:117} INFO - [2024-04-28T06:26:21.913+0000] {dag.py:2573} INFO - Sync 1 DAGs
[2024-04-28T06:26:21.946+0000] {logging_mixin.py:117} INFO - [2024-04-28T06:26:21.946+0000] {dag.py:3328} INFO - Setting next_dagrun for tutorial to 2024-04-27T06:26:21.946472+00:00, run_after=2024-04-28T06:26:21.946472+00:00
[2024-04-28T06:26:21.973+0000] {processor.py:178} INFO - Processing /home/airflow/.local/lib/python3.7/site-packages/airflow/example_dags/tutorial.py took 0.129 seconds
[2024-04-28T06:26:52.785+0000] {processor.py:156} INFO - Started process (PID=5707) to work on /home/airflow/.local/lib/python3.7/site-packages/airflow/example_dags/tutorial.py
[2024-04-28T06:26:52.785+0000] {processor.py:758} INFO - Processing file /home/airflow/.local/lib/python3.7/site-packages/airflow/example_dags/tutorial.py for tasks to queue
[2024-04-28T06:26:52.786+0000] {logging_mixin.py:117} INFO - [2024-04-28T06:26:52.786+0000] {dagbag.py:525} INFO - Filling up the DagBag from /home/airflow/.local/lib/python3.7/site-packages/airflow/example_dags/tutorial.py
[2024-04-28T06:26:52.802+0000] {processor.py:768} INFO - DAG(s) dict_keys(['tutorial']) retrieved from /home/airflow/.local/lib/python3.7/site-packages/airflow/example_dags/tutorial.py
[2024-04-28T06:26:52.849+0000] {logging_mixin.py:117} INFO - [2024-04-28T06:26:52.849+0000] {dag.py:2573} INFO - Sync 1 DAGs
[2024-04-28T06:26:52.911+0000] {logging_mixin.py:117} INFO - [2024-04-28T06:26:52.911+0000] {dag.py:3328} INFO - Setting next_dagrun for tutorial to 2024-04-27T06:26:52.910929+00:00, run_after=2024-04-28T06:26:52.910929+00:00
[2024-04-28T06:26:52.937+0000] {processor.py:178} INFO - Processing /home/airflow/.local/lib/python3.7/site-packages/airflow/example_dags/tutorial.py took 0.155 seconds
[2024-04-28T06:27:23.333+0000] {processor.py:156} INFO - Started process (PID=5926) to work on /home/airflow/.local/lib/python3.7/site-packages/airflow/example_dags/tutorial.py
[2024-04-28T06:27:23.333+0000] {processor.py:758} INFO - Processing file /home/airflow/.local/lib/python3.7/site-packages/airflow/example_dags/tutorial.py for tasks to queue
[2024-04-28T06:27:23.334+0000] {logging_mixin.py:117} INFO - [2024-04-28T06:27:23.334+0000] {dagbag.py:525} INFO - Filling up the DagBag from /home/airflow/.local/lib/python3.7/site-packages/airflow/example_dags/tutorial.py
[2024-04-28T06:27:23.351+0000] {processor.py:768} INFO - DAG(s) dict_keys(['tutorial']) retrieved from /home/airflow/.local/lib/python3.7/site-packages/airflow/example_dags/tutorial.py
[2024-04-28T06:27:23.399+0000] {logging_mixin.py:117} INFO - [2024-04-28T06:27:23.398+0000] {dag.py:2573} INFO - Sync 1 DAGs
[2024-04-28T06:27:23.431+0000] {logging_mixin.py:117} INFO - [2024-04-28T06:27:23.431+0000] {dag.py:3328} INFO - Setting next_dagrun for tutorial to 2024-04-27T06:27:23.431406+00:00, run_after=2024-04-28T06:27:23.431406+00:00
[2024-04-28T06:27:23.470+0000] {processor.py:178} INFO - Processing /home/airflow/.local/lib/python3.7/site-packages/airflow/example_dags/tutorial.py took 0.141 seconds
[2024-04-28T06:27:54.195+0000] {processor.py:156} INFO - Started process (PID=6142) to work on /home/airflow/.local/lib/python3.7/site-packages/airflow/example_dags/tutorial.py
[2024-04-28T06:27:54.196+0000] {processor.py:758} INFO - Processing file /home/airflow/.local/lib/python3.7/site-packages/airflow/example_dags/tutorial.py for tasks to queue
[2024-04-28T06:27:54.197+0000] {logging_mixin.py:117} INFO - [2024-04-28T06:27:54.197+0000] {dagbag.py:525} INFO - Filling up the DagBag from /home/airflow/.local/lib/python3.7/site-packages/airflow/example_dags/tutorial.py
[2024-04-28T06:27:54.214+0000] {processor.py:768} INFO - DAG(s) dict_keys(['tutorial']) retrieved from /home/airflow/.local/lib/python3.7/site-packages/airflow/example_dags/tutorial.py
[2024-04-28T06:27:54.265+0000] {logging_mixin.py:117} INFO - [2024-04-28T06:27:54.265+0000] {dag.py:2573} INFO - Sync 1 DAGs
[2024-04-28T06:27:54.297+0000] {logging_mixin.py:117} INFO - [2024-04-28T06:27:54.297+0000] {dag.py:3328} INFO - Setting next_dagrun for tutorial to 2024-04-27T06:27:54.297233+00:00, run_after=2024-04-28T06:27:54.297233+00:00
[2024-04-28T06:27:54.334+0000] {processor.py:178} INFO - Processing /home/airflow/.local/lib/python3.7/site-packages/airflow/example_dags/tutorial.py took 0.142 seconds
[2024-04-28T06:28:24.901+0000] {processor.py:156} INFO - Started process (PID=6350) to work on /home/airflow/.local/lib/python3.7/site-packages/airflow/example_dags/tutorial.py
[2024-04-28T06:28:24.901+0000] {processor.py:758} INFO - Processing file /home/airflow/.local/lib/python3.7/site-packages/airflow/example_dags/tutorial.py for tasks to queue
[2024-04-28T06:28:24.902+0000] {logging_mixin.py:117} INFO - [2024-04-28T06:28:24.902+0000] {dagbag.py:525} INFO - Filling up the DagBag from /home/airflow/.local/lib/python3.7/site-packages/airflow/example_dags/tutorial.py
[2024-04-28T06:28:24.920+0000] {processor.py:768} INFO - DAG(s) dict_keys(['tutorial']) retrieved from /home/airflow/.local/lib/python3.7/site-packages/airflow/example_dags/tutorial.py
[2024-04-28T06:28:24.970+0000] {logging_mixin.py:117} INFO - [2024-04-28T06:28:24.969+0000] {dag.py:2573} INFO - Sync 1 DAGs
[2024-04-28T06:28:25.019+0000] {logging_mixin.py:117} INFO - [2024-04-28T06:28:25.019+0000] {dag.py:3328} INFO - Setting next_dagrun for tutorial to 2024-04-27T06:28:25.019461+00:00, run_after=2024-04-28T06:28:25.019461+00:00
[2024-04-28T06:28:25.059+0000] {processor.py:178} INFO - Processing /home/airflow/.local/lib/python3.7/site-packages/airflow/example_dags/tutorial.py took 0.162 seconds
[2024-04-28T06:28:56.673+0000] {processor.py:156} INFO - Started process (PID=6568) to work on /home/airflow/.local/lib/python3.7/site-packages/airflow/example_dags/tutorial.py
[2024-04-28T06:28:56.677+0000] {processor.py:758} INFO - Processing file /home/airflow/.local/lib/python3.7/site-packages/airflow/example_dags/tutorial.py for tasks to queue
[2024-04-28T06:28:56.678+0000] {logging_mixin.py:117} INFO - [2024-04-28T06:28:56.678+0000] {dagbag.py:525} INFO - Filling up the DagBag from /home/airflow/.local/lib/python3.7/site-packages/airflow/example_dags/tutorial.py
[2024-04-28T06:28:56.717+0000] {processor.py:768} INFO - DAG(s) dict_keys(['tutorial']) retrieved from /home/airflow/.local/lib/python3.7/site-packages/airflow/example_dags/tutorial.py
[2024-04-28T06:28:56.915+0000] {logging_mixin.py:117} INFO - [2024-04-28T06:28:56.915+0000] {dag.py:2573} INFO - Sync 1 DAGs
[2024-04-28T06:28:56.976+0000] {logging_mixin.py:117} INFO - [2024-04-28T06:28:56.976+0000] {dag.py:3328} INFO - Setting next_dagrun for tutorial to 2024-04-27T06:28:56.976011+00:00, run_after=2024-04-28T06:28:56.976011+00:00
[2024-04-28T06:28:57.037+0000] {processor.py:178} INFO - Processing /home/airflow/.local/lib/python3.7/site-packages/airflow/example_dags/tutorial.py took 0.373 seconds
[2024-04-28T06:29:27.479+0000] {processor.py:156} INFO - Started process (PID=6787) to work on /home/airflow/.local/lib/python3.7/site-packages/airflow/example_dags/tutorial.py
[2024-04-28T06:29:27.480+0000] {processor.py:758} INFO - Processing file /home/airflow/.local/lib/python3.7/site-packages/airflow/example_dags/tutorial.py for tasks to queue
[2024-04-28T06:29:27.481+0000] {logging_mixin.py:117} INFO - [2024-04-28T06:29:27.480+0000] {dagbag.py:525} INFO - Filling up the DagBag from /home/airflow/.local/lib/python3.7/site-packages/airflow/example_dags/tutorial.py
[2024-04-28T06:29:27.499+0000] {processor.py:768} INFO - DAG(s) dict_keys(['tutorial']) retrieved from /home/airflow/.local/lib/python3.7/site-packages/airflow/example_dags/tutorial.py
[2024-04-28T06:29:27.545+0000] {logging_mixin.py:117} INFO - [2024-04-28T06:29:27.545+0000] {dag.py:2573} INFO - Sync 1 DAGs
[2024-04-28T06:29:27.575+0000] {logging_mixin.py:117} INFO - [2024-04-28T06:29:27.574+0000] {dag.py:3328} INFO - Setting next_dagrun for tutorial to 2024-04-27T06:29:27.574636+00:00, run_after=2024-04-28T06:29:27.574636+00:00
[2024-04-28T06:29:27.599+0000] {processor.py:178} INFO - Processing /home/airflow/.local/lib/python3.7/site-packages/airflow/example_dags/tutorial.py took 0.124 seconds
[2024-04-28T06:29:57.874+0000] {processor.py:156} INFO - Started process (PID=6997) to work on /home/airflow/.local/lib/python3.7/site-packages/airflow/example_dags/tutorial.py
[2024-04-28T06:29:57.874+0000] {processor.py:758} INFO - Processing file /home/airflow/.local/lib/python3.7/site-packages/airflow/example_dags/tutorial.py for tasks to queue
[2024-04-28T06:29:57.875+0000] {logging_mixin.py:117} INFO - [2024-04-28T06:29:57.875+0000] {dagbag.py:525} INFO - Filling up the DagBag from /home/airflow/.local/lib/python3.7/site-packages/airflow/example_dags/tutorial.py
[2024-04-28T06:29:57.898+0000] {processor.py:768} INFO - DAG(s) dict_keys(['tutorial']) retrieved from /home/airflow/.local/lib/python3.7/site-packages/airflow/example_dags/tutorial.py
[2024-04-28T06:29:57.947+0000] {logging_mixin.py:117} INFO - [2024-04-28T06:29:57.946+0000] {dag.py:2573} INFO - Sync 1 DAGs
[2024-04-28T06:29:57.978+0000] {logging_mixin.py:117} INFO - [2024-04-28T06:29:57.978+0000] {dag.py:3328} INFO - Setting next_dagrun for tutorial to 2024-04-27T06:29:57.977777+00:00, run_after=2024-04-28T06:29:57.977777+00:00
[2024-04-28T06:29:58.003+0000] {processor.py:178} INFO - Processing /home/airflow/.local/lib/python3.7/site-packages/airflow/example_dags/tutorial.py took 0.133 seconds
[2024-04-28T06:30:28.669+0000] {processor.py:156} INFO - Started process (PID=7215) to work on /home/airflow/.local/lib/python3.7/site-packages/airflow/example_dags/tutorial.py
[2024-04-28T06:30:28.670+0000] {processor.py:758} INFO - Processing file /home/airflow/.local/lib/python3.7/site-packages/airflow/example_dags/tutorial.py for tasks to queue
[2024-04-28T06:30:28.670+0000] {logging_mixin.py:117} INFO - [2024-04-28T06:30:28.670+0000] {dagbag.py:525} INFO - Filling up the DagBag from /home/airflow/.local/lib/python3.7/site-packages/airflow/example_dags/tutorial.py
[2024-04-28T06:30:28.688+0000] {processor.py:768} INFO - DAG(s) dict_keys(['tutorial']) retrieved from /home/airflow/.local/lib/python3.7/site-packages/airflow/example_dags/tutorial.py
[2024-04-28T06:30:28.734+0000] {logging_mixin.py:117} INFO - [2024-04-28T06:30:28.734+0000] {dag.py:2573} INFO - Sync 1 DAGs
[2024-04-28T06:30:28.765+0000] {logging_mixin.py:117} INFO - [2024-04-28T06:30:28.765+0000] {dag.py:3328} INFO - Setting next_dagrun for tutorial to 2024-04-27T06:30:28.764899+00:00, run_after=2024-04-28T06:30:28.764899+00:00
[2024-04-28T06:30:28.802+0000] {processor.py:178} INFO - Processing /home/airflow/.local/lib/python3.7/site-packages/airflow/example_dags/tutorial.py took 0.136 seconds
[2024-04-28T06:30:59.294+0000] {processor.py:156} INFO - Started process (PID=7435) to work on /home/airflow/.local/lib/python3.7/site-packages/airflow/example_dags/tutorial.py
[2024-04-28T06:30:59.295+0000] {processor.py:758} INFO - Processing file /home/airflow/.local/lib/python3.7/site-packages/airflow/example_dags/tutorial.py for tasks to queue
[2024-04-28T06:30:59.296+0000] {logging_mixin.py:117} INFO - [2024-04-28T06:30:59.296+0000] {dagbag.py:525} INFO - Filling up the DagBag from /home/airflow/.local/lib/python3.7/site-packages/airflow/example_dags/tutorial.py
[2024-04-28T06:30:59.313+0000] {processor.py:768} INFO - DAG(s) dict_keys(['tutorial']) retrieved from /home/airflow/.local/lib/python3.7/site-packages/airflow/example_dags/tutorial.py
[2024-04-28T06:30:59.357+0000] {logging_mixin.py:117} INFO - [2024-04-28T06:30:59.356+0000] {dag.py:2573} INFO - Sync 1 DAGs
[2024-04-28T06:30:59.387+0000] {logging_mixin.py:117} INFO - [2024-04-28T06:30:59.386+0000] {dag.py:3328} INFO - Setting next_dagrun for tutorial to 2024-04-27T06:30:59.386662+00:00, run_after=2024-04-28T06:30:59.386662+00:00
[2024-04-28T06:30:59.421+0000] {processor.py:178} INFO - Processing /home/airflow/.local/lib/python3.7/site-packages/airflow/example_dags/tutorial.py took 0.131 seconds
[2024-04-28T06:31:30.417+0000] {processor.py:156} INFO - Started process (PID=7649) to work on /home/airflow/.local/lib/python3.7/site-packages/airflow/example_dags/tutorial.py
[2024-04-28T06:31:30.418+0000] {processor.py:758} INFO - Processing file /home/airflow/.local/lib/python3.7/site-packages/airflow/example_dags/tutorial.py for tasks to queue
[2024-04-28T06:31:30.420+0000] {logging_mixin.py:117} INFO - [2024-04-28T06:31:30.419+0000] {dagbag.py:525} INFO - Filling up the DagBag from /home/airflow/.local/lib/python3.7/site-packages/airflow/example_dags/tutorial.py
[2024-04-28T06:31:30.437+0000] {processor.py:768} INFO - DAG(s) dict_keys(['tutorial']) retrieved from /home/airflow/.local/lib/python3.7/site-packages/airflow/example_dags/tutorial.py
[2024-04-28T06:31:30.530+0000] {logging_mixin.py:117} INFO - [2024-04-28T06:31:30.530+0000] {dag.py:2573} INFO - Sync 1 DAGs
[2024-04-28T06:31:30.595+0000] {logging_mixin.py:117} INFO - [2024-04-28T06:31:30.595+0000] {dag.py:3328} INFO - Setting next_dagrun for tutorial to 2024-04-27T06:31:30.595284+00:00, run_after=2024-04-28T06:31:30.595284+00:00
[2024-04-28T06:31:30.629+0000] {processor.py:178} INFO - Processing /home/airflow/.local/lib/python3.7/site-packages/airflow/example_dags/tutorial.py took 0.216 seconds
[2024-04-28T06:32:01.026+0000] {processor.py:156} INFO - Started process (PID=7863) to work on /home/airflow/.local/lib/python3.7/site-packages/airflow/example_dags/tutorial.py
[2024-04-28T06:32:01.027+0000] {processor.py:758} INFO - Processing file /home/airflow/.local/lib/python3.7/site-packages/airflow/example_dags/tutorial.py for tasks to queue
[2024-04-28T06:32:01.028+0000] {logging_mixin.py:117} INFO - [2024-04-28T06:32:01.028+0000] {dagbag.py:525} INFO - Filling up the DagBag from /home/airflow/.local/lib/python3.7/site-packages/airflow/example_dags/tutorial.py
[2024-04-28T06:32:01.045+0000] {processor.py:768} INFO - DAG(s) dict_keys(['tutorial']) retrieved from /home/airflow/.local/lib/python3.7/site-packages/airflow/example_dags/tutorial.py
[2024-04-28T06:32:01.097+0000] {logging_mixin.py:117} INFO - [2024-04-28T06:32:01.097+0000] {dag.py:2573} INFO - Sync 1 DAGs
[2024-04-28T06:32:01.128+0000] {logging_mixin.py:117} INFO - [2024-04-28T06:32:01.128+0000] {dag.py:3328} INFO - Setting next_dagrun for tutorial to 2024-04-27T06:32:01.127794+00:00, run_after=2024-04-28T06:32:01.127794+00:00
[2024-04-28T06:32:01.153+0000] {processor.py:178} INFO - Processing /home/airflow/.local/lib/python3.7/site-packages/airflow/example_dags/tutorial.py took 0.130 seconds
[2024-04-28T06:32:31.940+0000] {processor.py:156} INFO - Started process (PID=8082) to work on /home/airflow/.local/lib/python3.7/site-packages/airflow/example_dags/tutorial.py
[2024-04-28T06:32:31.941+0000] {processor.py:758} INFO - Processing file /home/airflow/.local/lib/python3.7/site-packages/airflow/example_dags/tutorial.py for tasks to queue
[2024-04-28T06:32:31.942+0000] {logging_mixin.py:117} INFO - [2024-04-28T06:32:31.942+0000] {dagbag.py:525} INFO - Filling up the DagBag from /home/airflow/.local/lib/python3.7/site-packages/airflow/example_dags/tutorial.py
[2024-04-28T06:32:31.961+0000] {processor.py:768} INFO - DAG(s) dict_keys(['tutorial']) retrieved from /home/airflow/.local/lib/python3.7/site-packages/airflow/example_dags/tutorial.py
[2024-04-28T06:32:32.007+0000] {logging_mixin.py:117} INFO - [2024-04-28T06:32:32.006+0000] {dag.py:2573} INFO - Sync 1 DAGs
[2024-04-28T06:32:32.037+0000] {logging_mixin.py:117} INFO - [2024-04-28T06:32:32.037+0000] {dag.py:3328} INFO - Setting next_dagrun for tutorial to 2024-04-27T06:32:32.037067+00:00, run_after=2024-04-28T06:32:32.037067+00:00
[2024-04-28T06:32:32.061+0000] {processor.py:178} INFO - Processing /home/airflow/.local/lib/python3.7/site-packages/airflow/example_dags/tutorial.py took 0.125 seconds
[2024-04-28T06:33:02.901+0000] {processor.py:156} INFO - Started process (PID=8302) to work on /home/airflow/.local/lib/python3.7/site-packages/airflow/example_dags/tutorial.py
[2024-04-28T06:33:02.902+0000] {processor.py:758} INFO - Processing file /home/airflow/.local/lib/python3.7/site-packages/airflow/example_dags/tutorial.py for tasks to queue
[2024-04-28T06:33:02.905+0000] {logging_mixin.py:117} INFO - [2024-04-28T06:33:02.904+0000] {dagbag.py:525} INFO - Filling up the DagBag from /home/airflow/.local/lib/python3.7/site-packages/airflow/example_dags/tutorial.py
[2024-04-28T06:33:02.924+0000] {processor.py:768} INFO - DAG(s) dict_keys(['tutorial']) retrieved from /home/airflow/.local/lib/python3.7/site-packages/airflow/example_dags/tutorial.py
[2024-04-28T06:33:03.004+0000] {logging_mixin.py:117} INFO - [2024-04-28T06:33:03.003+0000] {dag.py:2573} INFO - Sync 1 DAGs
[2024-04-28T06:33:03.068+0000] {logging_mixin.py:117} INFO - [2024-04-28T06:33:03.068+0000] {dag.py:3328} INFO - Setting next_dagrun for tutorial to 2024-04-27T06:33:03.067833+00:00, run_after=2024-04-28T06:33:03.067833+00:00
[2024-04-28T06:33:03.100+0000] {processor.py:178} INFO - Processing /home/airflow/.local/lib/python3.7/site-packages/airflow/example_dags/tutorial.py took 0.206 seconds
[2024-04-28T06:33:33.386+0000] {processor.py:156} INFO - Started process (PID=8511) to work on /home/airflow/.local/lib/python3.7/site-packages/airflow/example_dags/tutorial.py
[2024-04-28T06:33:33.387+0000] {processor.py:758} INFO - Processing file /home/airflow/.local/lib/python3.7/site-packages/airflow/example_dags/tutorial.py for tasks to queue
[2024-04-28T06:33:33.388+0000] {logging_mixin.py:117} INFO - [2024-04-28T06:33:33.387+0000] {dagbag.py:525} INFO - Filling up the DagBag from /home/airflow/.local/lib/python3.7/site-packages/airflow/example_dags/tutorial.py
[2024-04-28T06:33:33.406+0000] {processor.py:768} INFO - DAG(s) dict_keys(['tutorial']) retrieved from /home/airflow/.local/lib/python3.7/site-packages/airflow/example_dags/tutorial.py
[2024-04-28T06:33:33.454+0000] {logging_mixin.py:117} INFO - [2024-04-28T06:33:33.454+0000] {dag.py:2573} INFO - Sync 1 DAGs
[2024-04-28T06:33:33.483+0000] {logging_mixin.py:117} INFO - [2024-04-28T06:33:33.483+0000] {dag.py:3328} INFO - Setting next_dagrun for tutorial to 2024-04-27T06:33:33.483013+00:00, run_after=2024-04-28T06:33:33.483013+00:00
[2024-04-28T06:33:33.511+0000] {processor.py:178} INFO - Processing /home/airflow/.local/lib/python3.7/site-packages/airflow/example_dags/tutorial.py took 0.128 seconds
[2024-04-28T06:34:04.136+0000] {processor.py:156} INFO - Started process (PID=8728) to work on /home/airflow/.local/lib/python3.7/site-packages/airflow/example_dags/tutorial.py
[2024-04-28T06:34:04.137+0000] {processor.py:758} INFO - Processing file /home/airflow/.local/lib/python3.7/site-packages/airflow/example_dags/tutorial.py for tasks to queue
[2024-04-28T06:34:04.138+0000] {logging_mixin.py:117} INFO - [2024-04-28T06:34:04.137+0000] {dagbag.py:525} INFO - Filling up the DagBag from /home/airflow/.local/lib/python3.7/site-packages/airflow/example_dags/tutorial.py
[2024-04-28T06:34:04.156+0000] {processor.py:768} INFO - DAG(s) dict_keys(['tutorial']) retrieved from /home/airflow/.local/lib/python3.7/site-packages/airflow/example_dags/tutorial.py
[2024-04-28T06:34:04.207+0000] {logging_mixin.py:117} INFO - [2024-04-28T06:34:04.206+0000] {dag.py:2573} INFO - Sync 1 DAGs
[2024-04-28T06:34:04.239+0000] {logging_mixin.py:117} INFO - [2024-04-28T06:34:04.239+0000] {dag.py:3328} INFO - Setting next_dagrun for tutorial to 2024-04-27T06:34:04.238964+00:00, run_after=2024-04-28T06:34:04.238964+00:00
[2024-04-28T06:34:04.268+0000] {processor.py:178} INFO - Processing /home/airflow/.local/lib/python3.7/site-packages/airflow/example_dags/tutorial.py took 0.137 seconds
[2024-04-28T06:34:35.230+0000] {processor.py:156} INFO - Started process (PID=8946) to work on /home/airflow/.local/lib/python3.7/site-packages/airflow/example_dags/tutorial.py
[2024-04-28T06:34:35.231+0000] {processor.py:758} INFO - Processing file /home/airflow/.local/lib/python3.7/site-packages/airflow/example_dags/tutorial.py for tasks to queue
[2024-04-28T06:34:35.240+0000] {logging_mixin.py:117} INFO - [2024-04-28T06:34:35.240+0000] {dagbag.py:525} INFO - Filling up the DagBag from /home/airflow/.local/lib/python3.7/site-packages/airflow/example_dags/tutorial.py
[2024-04-28T06:34:35.274+0000] {processor.py:768} INFO - DAG(s) dict_keys(['tutorial']) retrieved from /home/airflow/.local/lib/python3.7/site-packages/airflow/example_dags/tutorial.py
[2024-04-28T06:34:35.355+0000] {logging_mixin.py:117} INFO - [2024-04-28T06:34:35.354+0000] {dag.py:2573} INFO - Sync 1 DAGs
[2024-04-28T06:34:35.387+0000] {logging_mixin.py:117} INFO - [2024-04-28T06:34:35.387+0000] {dag.py:3328} INFO - Setting next_dagrun for tutorial to 2024-04-27T06:34:35.386856+00:00, run_after=2024-04-28T06:34:35.386856+00:00
[2024-04-28T06:34:35.415+0000] {processor.py:178} INFO - Processing /home/airflow/.local/lib/python3.7/site-packages/airflow/example_dags/tutorial.py took 0.188 seconds
[2024-04-28T06:35:06.306+0000] {processor.py:156} INFO - Started process (PID=9154) to work on /home/airflow/.local/lib/python3.7/site-packages/airflow/example_dags/tutorial.py
[2024-04-28T06:35:06.307+0000] {processor.py:758} INFO - Processing file /home/airflow/.local/lib/python3.7/site-packages/airflow/example_dags/tutorial.py for tasks to queue
[2024-04-28T06:35:06.308+0000] {logging_mixin.py:117} INFO - [2024-04-28T06:35:06.307+0000] {dagbag.py:525} INFO - Filling up the DagBag from /home/airflow/.local/lib/python3.7/site-packages/airflow/example_dags/tutorial.py
[2024-04-28T06:35:06.352+0000] {processor.py:768} INFO - DAG(s) dict_keys(['tutorial']) retrieved from /home/airflow/.local/lib/python3.7/site-packages/airflow/example_dags/tutorial.py
[2024-04-28T06:35:06.460+0000] {logging_mixin.py:117} INFO - [2024-04-28T06:35:06.460+0000] {dag.py:2573} INFO - Sync 1 DAGs
[2024-04-28T06:35:06.498+0000] {logging_mixin.py:117} INFO - [2024-04-28T06:35:06.498+0000] {dag.py:3328} INFO - Setting next_dagrun for tutorial to 2024-04-27T06:35:06.498595+00:00, run_after=2024-04-28T06:35:06.498595+00:00
[2024-04-28T06:35:06.542+0000] {processor.py:178} INFO - Processing /home/airflow/.local/lib/python3.7/site-packages/airflow/example_dags/tutorial.py took 0.239 seconds
[2024-04-28T06:35:37.200+0000] {processor.py:156} INFO - Started process (PID=9374) to work on /home/airflow/.local/lib/python3.7/site-packages/airflow/example_dags/tutorial.py
[2024-04-28T06:35:37.201+0000] {processor.py:758} INFO - Processing file /home/airflow/.local/lib/python3.7/site-packages/airflow/example_dags/tutorial.py for tasks to queue
[2024-04-28T06:35:37.202+0000] {logging_mixin.py:117} INFO - [2024-04-28T06:35:37.202+0000] {dagbag.py:525} INFO - Filling up the DagBag from /home/airflow/.local/lib/python3.7/site-packages/airflow/example_dags/tutorial.py
[2024-04-28T06:35:37.218+0000] {processor.py:768} INFO - DAG(s) dict_keys(['tutorial']) retrieved from /home/airflow/.local/lib/python3.7/site-packages/airflow/example_dags/tutorial.py
[2024-04-28T06:35:37.267+0000] {logging_mixin.py:117} INFO - [2024-04-28T06:35:37.267+0000] {dag.py:2573} INFO - Sync 1 DAGs
[2024-04-28T06:35:37.298+0000] {logging_mixin.py:117} INFO - [2024-04-28T06:35:37.298+0000] {dag.py:3328} INFO - Setting next_dagrun for tutorial to 2024-04-27T06:35:37.298216+00:00, run_after=2024-04-28T06:35:37.298216+00:00
[2024-04-28T06:35:37.360+0000] {processor.py:178} INFO - Processing /home/airflow/.local/lib/python3.7/site-packages/airflow/example_dags/tutorial.py took 0.163 seconds
[2024-04-28T06:36:07.799+0000] {processor.py:156} INFO - Started process (PID=9593) to work on /home/airflow/.local/lib/python3.7/site-packages/airflow/example_dags/tutorial.py
[2024-04-28T06:36:07.800+0000] {processor.py:758} INFO - Processing file /home/airflow/.local/lib/python3.7/site-packages/airflow/example_dags/tutorial.py for tasks to queue
[2024-04-28T06:36:07.801+0000] {logging_mixin.py:117} INFO - [2024-04-28T06:36:07.801+0000] {dagbag.py:525} INFO - Filling up the DagBag from /home/airflow/.local/lib/python3.7/site-packages/airflow/example_dags/tutorial.py
[2024-04-28T06:36:07.837+0000] {processor.py:768} INFO - DAG(s) dict_keys(['tutorial']) retrieved from /home/airflow/.local/lib/python3.7/site-packages/airflow/example_dags/tutorial.py
[2024-04-28T06:36:07.897+0000] {logging_mixin.py:117} INFO - [2024-04-28T06:36:07.897+0000] {dag.py:2573} INFO - Sync 1 DAGs
[2024-04-28T06:36:07.931+0000] {logging_mixin.py:117} INFO - [2024-04-28T06:36:07.930+0000] {dag.py:3328} INFO - Setting next_dagrun for tutorial to 2024-04-27T06:36:07.930596+00:00, run_after=2024-04-28T06:36:07.930596+00:00
[2024-04-28T06:36:07.958+0000] {processor.py:178} INFO - Processing /home/airflow/.local/lib/python3.7/site-packages/airflow/example_dags/tutorial.py took 0.162 seconds
[2024-04-28T06:36:38.879+0000] {processor.py:156} INFO - Started process (PID=9809) to work on /home/airflow/.local/lib/python3.7/site-packages/airflow/example_dags/tutorial.py
[2024-04-28T06:36:38.880+0000] {processor.py:758} INFO - Processing file /home/airflow/.local/lib/python3.7/site-packages/airflow/example_dags/tutorial.py for tasks to queue
[2024-04-28T06:36:38.881+0000] {logging_mixin.py:117} INFO - [2024-04-28T06:36:38.881+0000] {dagbag.py:525} INFO - Filling up the DagBag from /home/airflow/.local/lib/python3.7/site-packages/airflow/example_dags/tutorial.py
[2024-04-28T06:36:38.984+0000] {processor.py:768} INFO - DAG(s) dict_keys(['tutorial']) retrieved from /home/airflow/.local/lib/python3.7/site-packages/airflow/example_dags/tutorial.py
[2024-04-28T06:36:39.089+0000] {logging_mixin.py:117} INFO - [2024-04-28T06:36:39.089+0000] {dag.py:2573} INFO - Sync 1 DAGs
[2024-04-28T06:36:39.156+0000] {logging_mixin.py:117} INFO - [2024-04-28T06:36:39.156+0000] {dag.py:3328} INFO - Setting next_dagrun for tutorial to 2024-04-27T06:36:39.155354+00:00, run_after=2024-04-28T06:36:39.155354+00:00
[2024-04-28T06:36:39.242+0000] {processor.py:178} INFO - Processing /home/airflow/.local/lib/python3.7/site-packages/airflow/example_dags/tutorial.py took 0.366 seconds
[2024-04-28T06:37:10.168+0000] {processor.py:156} INFO - Started process (PID=10020) to work on /home/airflow/.local/lib/python3.7/site-packages/airflow/example_dags/tutorial.py
[2024-04-28T06:37:10.169+0000] {processor.py:758} INFO - Processing file /home/airflow/.local/lib/python3.7/site-packages/airflow/example_dags/tutorial.py for tasks to queue
[2024-04-28T06:37:10.169+0000] {logging_mixin.py:117} INFO - [2024-04-28T06:37:10.169+0000] {dagbag.py:525} INFO - Filling up the DagBag from /home/airflow/.local/lib/python3.7/site-packages/airflow/example_dags/tutorial.py
[2024-04-28T06:37:10.186+0000] {processor.py:768} INFO - DAG(s) dict_keys(['tutorial']) retrieved from /home/airflow/.local/lib/python3.7/site-packages/airflow/example_dags/tutorial.py
[2024-04-28T06:37:10.236+0000] {logging_mixin.py:117} INFO - [2024-04-28T06:37:10.236+0000] {dag.py:2573} INFO - Sync 1 DAGs
[2024-04-28T06:37:10.300+0000] {logging_mixin.py:117} INFO - [2024-04-28T06:37:10.300+0000] {dag.py:3328} INFO - Setting next_dagrun for tutorial to 2024-04-27T06:37:10.300347+00:00, run_after=2024-04-28T06:37:10.300347+00:00
[2024-04-28T06:37:10.332+0000] {processor.py:178} INFO - Processing /home/airflow/.local/lib/python3.7/site-packages/airflow/example_dags/tutorial.py took 0.166 seconds
[2024-04-28T06:37:41.301+0000] {processor.py:156} INFO - Started process (PID=10239) to work on /home/airflow/.local/lib/python3.7/site-packages/airflow/example_dags/tutorial.py
[2024-04-28T06:37:41.302+0000] {processor.py:758} INFO - Processing file /home/airflow/.local/lib/python3.7/site-packages/airflow/example_dags/tutorial.py for tasks to queue
[2024-04-28T06:37:41.303+0000] {logging_mixin.py:117} INFO - [2024-04-28T06:37:41.303+0000] {dagbag.py:525} INFO - Filling up the DagBag from /home/airflow/.local/lib/python3.7/site-packages/airflow/example_dags/tutorial.py
[2024-04-28T06:37:41.320+0000] {processor.py:768} INFO - DAG(s) dict_keys(['tutorial']) retrieved from /home/airflow/.local/lib/python3.7/site-packages/airflow/example_dags/tutorial.py
[2024-04-28T06:37:41.373+0000] {logging_mixin.py:117} INFO - [2024-04-28T06:37:41.373+0000] {dag.py:2573} INFO - Sync 1 DAGs
[2024-04-28T06:37:41.404+0000] {logging_mixin.py:117} INFO - [2024-04-28T06:37:41.404+0000] {dag.py:3328} INFO - Setting next_dagrun for tutorial to 2024-04-27T06:37:41.404148+00:00, run_after=2024-04-28T06:37:41.404148+00:00
[2024-04-28T06:37:41.430+0000] {processor.py:178} INFO - Processing /home/airflow/.local/lib/python3.7/site-packages/airflow/example_dags/tutorial.py took 0.132 seconds
[2024-04-28T06:38:12.423+0000] {processor.py:156} INFO - Started process (PID=10457) to work on /home/airflow/.local/lib/python3.7/site-packages/airflow/example_dags/tutorial.py
[2024-04-28T06:38:12.424+0000] {processor.py:758} INFO - Processing file /home/airflow/.local/lib/python3.7/site-packages/airflow/example_dags/tutorial.py for tasks to queue
[2024-04-28T06:38:12.425+0000] {logging_mixin.py:117} INFO - [2024-04-28T06:38:12.425+0000] {dagbag.py:525} INFO - Filling up the DagBag from /home/airflow/.local/lib/python3.7/site-packages/airflow/example_dags/tutorial.py
[2024-04-28T06:38:12.441+0000] {processor.py:768} INFO - DAG(s) dict_keys(['tutorial']) retrieved from /home/airflow/.local/lib/python3.7/site-packages/airflow/example_dags/tutorial.py
[2024-04-28T06:38:12.509+0000] {logging_mixin.py:117} INFO - [2024-04-28T06:38:12.509+0000] {dag.py:2573} INFO - Sync 1 DAGs
[2024-04-28T06:38:12.557+0000] {logging_mixin.py:117} INFO - [2024-04-28T06:38:12.557+0000] {dag.py:3328} INFO - Setting next_dagrun for tutorial to 2024-04-27T06:38:12.557443+00:00, run_after=2024-04-28T06:38:12.557443+00:00
[2024-04-28T06:38:12.590+0000] {processor.py:178} INFO - Processing /home/airflow/.local/lib/python3.7/site-packages/airflow/example_dags/tutorial.py took 0.170 seconds
[2024-04-28T06:38:43.383+0000] {processor.py:156} INFO - Started process (PID=10668) to work on /home/airflow/.local/lib/python3.7/site-packages/airflow/example_dags/tutorial.py
[2024-04-28T06:38:43.384+0000] {processor.py:758} INFO - Processing file /home/airflow/.local/lib/python3.7/site-packages/airflow/example_dags/tutorial.py for tasks to queue
[2024-04-28T06:38:43.384+0000] {logging_mixin.py:117} INFO - [2024-04-28T06:38:43.384+0000] {dagbag.py:525} INFO - Filling up the DagBag from /home/airflow/.local/lib/python3.7/site-packages/airflow/example_dags/tutorial.py
[2024-04-28T06:38:43.398+0000] {processor.py:768} INFO - DAG(s) dict_keys(['tutorial']) retrieved from /home/airflow/.local/lib/python3.7/site-packages/airflow/example_dags/tutorial.py
[2024-04-28T06:38:43.430+0000] {logging_mixin.py:117} INFO - [2024-04-28T06:38:43.430+0000] {dag.py:2573} INFO - Sync 1 DAGs
[2024-04-28T06:38:43.450+0000] {logging_mixin.py:117} INFO - [2024-04-28T06:38:43.450+0000] {dag.py:3328} INFO - Setting next_dagrun for tutorial to 2024-04-27T06:38:43.449922+00:00, run_after=2024-04-28T06:38:43.449922+00:00
[2024-04-28T06:38:43.470+0000] {processor.py:178} INFO - Processing /home/airflow/.local/lib/python3.7/site-packages/airflow/example_dags/tutorial.py took 0.090 seconds
[2024-04-28T06:39:14.429+0000] {processor.py:156} INFO - Started process (PID=10888) to work on /home/airflow/.local/lib/python3.7/site-packages/airflow/example_dags/tutorial.py
[2024-04-28T06:39:14.430+0000] {processor.py:758} INFO - Processing file /home/airflow/.local/lib/python3.7/site-packages/airflow/example_dags/tutorial.py for tasks to queue
[2024-04-28T06:39:14.431+0000] {logging_mixin.py:117} INFO - [2024-04-28T06:39:14.431+0000] {dagbag.py:525} INFO - Filling up the DagBag from /home/airflow/.local/lib/python3.7/site-packages/airflow/example_dags/tutorial.py
[2024-04-28T06:39:14.445+0000] {processor.py:768} INFO - DAG(s) dict_keys(['tutorial']) retrieved from /home/airflow/.local/lib/python3.7/site-packages/airflow/example_dags/tutorial.py
[2024-04-28T06:39:14.476+0000] {logging_mixin.py:117} INFO - [2024-04-28T06:39:14.476+0000] {dag.py:2573} INFO - Sync 1 DAGs
[2024-04-28T06:39:14.496+0000] {logging_mixin.py:117} INFO - [2024-04-28T06:39:14.496+0000] {dag.py:3328} INFO - Setting next_dagrun for tutorial to 2024-04-27T06:39:14.496178+00:00, run_after=2024-04-28T06:39:14.496178+00:00
[2024-04-28T06:39:14.515+0000] {processor.py:178} INFO - Processing /home/airflow/.local/lib/python3.7/site-packages/airflow/example_dags/tutorial.py took 0.089 seconds
[2024-04-28T06:39:45.456+0000] {processor.py:156} INFO - Started process (PID=11106) to work on /home/airflow/.local/lib/python3.7/site-packages/airflow/example_dags/tutorial.py
[2024-04-28T06:39:45.457+0000] {processor.py:758} INFO - Processing file /home/airflow/.local/lib/python3.7/site-packages/airflow/example_dags/tutorial.py for tasks to queue
[2024-04-28T06:39:45.457+0000] {logging_mixin.py:117} INFO - [2024-04-28T06:39:45.457+0000] {dagbag.py:525} INFO - Filling up the DagBag from /home/airflow/.local/lib/python3.7/site-packages/airflow/example_dags/tutorial.py
[2024-04-28T06:39:45.474+0000] {processor.py:768} INFO - DAG(s) dict_keys(['tutorial']) retrieved from /home/airflow/.local/lib/python3.7/site-packages/airflow/example_dags/tutorial.py
[2024-04-28T06:39:45.521+0000] {logging_mixin.py:117} INFO - [2024-04-28T06:39:45.521+0000] {dag.py:2573} INFO - Sync 1 DAGs
[2024-04-28T06:39:45.554+0000] {logging_mixin.py:117} INFO - [2024-04-28T06:39:45.554+0000] {dag.py:3328} INFO - Setting next_dagrun for tutorial to 2024-04-27T06:39:45.554359+00:00, run_after=2024-04-28T06:39:45.554359+00:00
[2024-04-28T06:39:45.581+0000] {processor.py:178} INFO - Processing /home/airflow/.local/lib/python3.7/site-packages/airflow/example_dags/tutorial.py took 0.128 seconds
[2024-04-28T06:40:15.791+0000] {processor.py:156} INFO - Started process (PID=11322) to work on /home/airflow/.local/lib/python3.7/site-packages/airflow/example_dags/tutorial.py
[2024-04-28T06:40:15.792+0000] {processor.py:758} INFO - Processing file /home/airflow/.local/lib/python3.7/site-packages/airflow/example_dags/tutorial.py for tasks to queue
[2024-04-28T06:40:15.793+0000] {logging_mixin.py:117} INFO - [2024-04-28T06:40:15.793+0000] {dagbag.py:525} INFO - Filling up the DagBag from /home/airflow/.local/lib/python3.7/site-packages/airflow/example_dags/tutorial.py
[2024-04-28T06:40:15.815+0000] {processor.py:768} INFO - DAG(s) dict_keys(['tutorial']) retrieved from /home/airflow/.local/lib/python3.7/site-packages/airflow/example_dags/tutorial.py
[2024-04-28T06:40:15.894+0000] {logging_mixin.py:117} INFO - [2024-04-28T06:40:15.894+0000] {dag.py:2573} INFO - Sync 1 DAGs
[2024-04-28T06:40:15.954+0000] {logging_mixin.py:117} INFO - [2024-04-28T06:40:15.954+0000] {dag.py:3328} INFO - Setting next_dagrun for tutorial to 2024-04-27T06:40:15.953929+00:00, run_after=2024-04-28T06:40:15.953929+00:00
[2024-04-28T06:40:16.007+0000] {processor.py:178} INFO - Processing /home/airflow/.local/lib/python3.7/site-packages/airflow/example_dags/tutorial.py took 0.220 seconds
[2024-04-28T06:40:46.209+0000] {processor.py:156} INFO - Started process (PID=11533) to work on /home/airflow/.local/lib/python3.7/site-packages/airflow/example_dags/tutorial.py
[2024-04-28T06:40:46.210+0000] {processor.py:758} INFO - Processing file /home/airflow/.local/lib/python3.7/site-packages/airflow/example_dags/tutorial.py for tasks to queue
[2024-04-28T06:40:46.210+0000] {logging_mixin.py:117} INFO - [2024-04-28T06:40:46.210+0000] {dagbag.py:525} INFO - Filling up the DagBag from /home/airflow/.local/lib/python3.7/site-packages/airflow/example_dags/tutorial.py
[2024-04-28T06:40:46.233+0000] {processor.py:768} INFO - DAG(s) dict_keys(['tutorial']) retrieved from /home/airflow/.local/lib/python3.7/site-packages/airflow/example_dags/tutorial.py
[2024-04-28T06:40:46.282+0000] {logging_mixin.py:117} INFO - [2024-04-28T06:40:46.282+0000] {dag.py:2573} INFO - Sync 1 DAGs
[2024-04-28T06:40:46.313+0000] {logging_mixin.py:117} INFO - [2024-04-28T06:40:46.312+0000] {dag.py:3328} INFO - Setting next_dagrun for tutorial to 2024-04-27T06:40:46.312751+00:00, run_after=2024-04-28T06:40:46.312751+00:00
[2024-04-28T06:40:46.343+0000] {processor.py:178} INFO - Processing /home/airflow/.local/lib/python3.7/site-packages/airflow/example_dags/tutorial.py took 0.137 seconds
[2024-04-28T06:41:17.133+0000] {processor.py:156} INFO - Started process (PID=11748) to work on /home/airflow/.local/lib/python3.7/site-packages/airflow/example_dags/tutorial.py
[2024-04-28T06:41:17.133+0000] {processor.py:758} INFO - Processing file /home/airflow/.local/lib/python3.7/site-packages/airflow/example_dags/tutorial.py for tasks to queue
[2024-04-28T06:41:17.134+0000] {logging_mixin.py:117} INFO - [2024-04-28T06:41:17.134+0000] {dagbag.py:525} INFO - Filling up the DagBag from /home/airflow/.local/lib/python3.7/site-packages/airflow/example_dags/tutorial.py
[2024-04-28T06:41:17.152+0000] {processor.py:768} INFO - DAG(s) dict_keys(['tutorial']) retrieved from /home/airflow/.local/lib/python3.7/site-packages/airflow/example_dags/tutorial.py
[2024-04-28T06:41:17.201+0000] {logging_mixin.py:117} INFO - [2024-04-28T06:41:17.200+0000] {dag.py:2573} INFO - Sync 1 DAGs
[2024-04-28T06:41:17.236+0000] {logging_mixin.py:117} INFO - [2024-04-28T06:41:17.236+0000] {dag.py:3328} INFO - Setting next_dagrun for tutorial to 2024-04-27T06:41:17.236258+00:00, run_after=2024-04-28T06:41:17.236258+00:00
[2024-04-28T06:41:17.282+0000] {processor.py:178} INFO - Processing /home/airflow/.local/lib/python3.7/site-packages/airflow/example_dags/tutorial.py took 0.153 seconds
[2024-04-28T06:41:49.506+0000] {processor.py:156} INFO - Started process (PID=11967) to work on /home/airflow/.local/lib/python3.7/site-packages/airflow/example_dags/tutorial.py
[2024-04-28T06:41:49.507+0000] {processor.py:758} INFO - Processing file /home/airflow/.local/lib/python3.7/site-packages/airflow/example_dags/tutorial.py for tasks to queue
[2024-04-28T06:41:49.508+0000] {logging_mixin.py:117} INFO - [2024-04-28T06:41:49.508+0000] {dagbag.py:525} INFO - Filling up the DagBag from /home/airflow/.local/lib/python3.7/site-packages/airflow/example_dags/tutorial.py
[2024-04-28T06:41:49.548+0000] {processor.py:768} INFO - DAG(s) dict_keys(['tutorial']) retrieved from /home/airflow/.local/lib/python3.7/site-packages/airflow/example_dags/tutorial.py
[2024-04-28T06:41:49.643+0000] {logging_mixin.py:117} INFO - [2024-04-28T06:41:49.643+0000] {dag.py:2573} INFO - Sync 1 DAGs
[2024-04-28T06:41:49.686+0000] {logging_mixin.py:117} INFO - [2024-04-28T06:41:49.686+0000] {dag.py:3328} INFO - Setting next_dagrun for tutorial to 2024-04-27T06:41:49.685997+00:00, run_after=2024-04-28T06:41:49.685997+00:00
